2025-01-15 18:08:36,234 - werkzeug - WARNING -  * Debugger is active!
2025-01-15 18:08:36,236 - werkzeug - INFO -  * Debugger PIN: 691-175-853
2025-01-15 18:08:40,326 - Review.reviews.edwpt_review - INFO - Starting EDWPT review calculation
2025-01-15 18:08:40,328 - Review.reviews.edwpt_review - ERROR - Error during review calculation: [Errno 2] No such file or directory: 'C:\\Users\\CSonneveld\\OneDrive - Euronext\\Documents\\Projects\\GUI + Reviews\\202412\\FF.xlsx'
2025-01-15 18:08:40,336 - werkzeug - INFO -  * Detected change in 'C:\\Users\\CSonneveld\\AppData\\Roaming\\Python\\Python312\\site-packages\\pandas\\io\\excel\\_base.py', reloading
2025-01-15 18:08:40,338 - Review.reviews.edwpt_review - ERROR - Traceback (most recent call last):
  File "C:\Users\CSonneveld\OneDrive - Euronext\Documents\Projects\GUI + Reviews\Review\reviews\edwpt_review.py", line 68, in run_edwpt_review
    ff_df = pd.read_excel(os.path.join(current_data_folder, "FF.xlsx"))
            ^^^^^^^^^^^^^^^^^^^^^^^^^^^^^^^^^^^^^^^^^^^^^^^^^^^^^^^^^^^
  File "C:\Users\CSonneveld\AppData\Roaming\Python\Python312\site-packages\pandas\io\excel\_base.py", line 495, in read_excel
    io = ExcelFile(
         ^^^^^^^^^^
  File "C:\Users\CSonneveld\AppData\Roaming\Python\Python312\site-packages\pandas\io\excel\_base.py", line 1550, in __init__
    ext = inspect_excel_format(
          ^^^^^^^^^^^^^^^^^^^^^
  File "C:\Users\CSonneveld\AppData\Roaming\Python\Python312\site-packages\pandas\io\excel\_base.py", line 1402, in inspect_excel_format
    with get_handle(
         ^^^^^^^^^^^
  File "C:\Users\CSonneveld\AppData\Roaming\Python\Python312\site-packages\pandas\io\common.py", line 882, in get_handle
    handle = open(handle, ioargs.mode)
             ^^^^^^^^^^^^^^^^^^^^^^^^^
FileNotFoundError: [Errno 2] No such file or directory: 'C:\\Users\\CSonneveld\\OneDrive - Euronext\\Documents\\Projects\\GUI + Reviews\\202412\\FF.xlsx'

2025-01-15 18:08:40,338 - werkzeug - INFO -  * Detected change in 'C:\\Users\\CSonneveld\\AppData\\Roaming\\Python\\Python312\\site-packages\\pandas\\io\\common.py', reloading
2025-01-15 18:08:40,341 - werkzeug - INFO - 127.0.0.1 - - [15/Jan/2025 18:08:40] "POST /calculate HTTP/1.1" 200 -
