2025-06-11 17:32:09 - INFO - Added 147 holidays to the exclusion list
2025-06-11 17:32:09 - INFO - Starting unified monitoring system...
2025-06-11 17:38:36 - INFO - Found 117579 files to process
2025-06-11 17:43:42 - INFO - Added 147 holidays to the exclusion list
2025-06-11 17:43:42 - INFO - Starting unified monitoring system...
2025-06-11 17:43:58 - INFO - Found 117579 files to process
2025-06-11 17:45:43 - INFO - File TTMIndexUS1_GIS_MANUAL_INDEX_20250611.csv has different size - will copy
2025-06-11 17:45:43 - INFO - Starting copy of TTMIndexUS1_GIS_MANUAL_INDEX_20250611.csv
2025-06-11 17:45:46 - INFO - Successfully copied TTMIndexUS1_GIS_MANUAL_INDEX_20250611.csv
2025-06-11 17:51:11 - INFO - CSV file copied: TTMIndexUS1_GIS_MANUAL_INDEX_20250611.csv. Triggering CSV merger check.
2025-06-11 17:51:19 - INFO - All SOD merge files found. Starting merge process.
2025-06-11 17:51:19 - INFO - Merging CSV files: TTMIndexEU1_GIS_SOD_STOCK_20250611.csv and TTMIndexUS1_GIS_SOD_STOCK_20250611.csv
2025-06-11 17:51:21 - WARNING - Could not convert column I to numeric: indices are out-of-bounds
2025-06-11 17:51:30 - INFO - Set file to read-only: EU_SOD_US_SOD_STOCK_MERGED_20250611.xlsx
2025-06-11 17:51:30 - INFO - Successfully merged CSV files: EU_SOD_US_SOD_STOCK_MERGED_20250611.xlsx
2025-06-11 17:53:08 - INFO - Merged: TTMIndexEU1_GIS_SOD_STOCK_20250611.csv + TTMIndexUS1_GIS_SOD_STOCK_20250611.csv -> EU_SOD_US_SOD_STOCK_MERGED_20250611.xlsx
2025-06-11 17:53:08 - INFO - Merging CSV files: TTMIndexEU1_GIS_SOD_INDEX_20250611.csv and TTMIndexUS1_GIS_SOD_INDEX_20250611.csv
2025-06-11 17:53:08 - WARNING - Could not convert column I to numeric: indices are out-of-bounds
2025-06-11 17:53:09 - INFO - Set file to read-only: EU_SOD_US_SOD_INDEX_MERGED_20250611.xlsx
2025-06-11 17:53:09 - INFO - Successfully merged CSV files: EU_SOD_US_SOD_INDEX_MERGED_20250611.xlsx
2025-06-11 17:53:09 - INFO - Merged: TTMIndexEU1_GIS_SOD_INDEX_20250611.csv + TTMIndexUS1_GIS_SOD_INDEX_20250611.csv -> EU_SOD_US_SOD_INDEX_MERGED_20250611.xlsx
2025-06-11 17:54:43 - INFO - File TTMIndexUS1_GIS_MANUAL_STOCK_20250611.csv has different size - will copy
2025-06-11 17:54:43 - INFO - Starting copy of TTMIndexUS1_GIS_MANUAL_STOCK_20250611.csv
2025-06-11 17:54:47 - INFO - Successfully copied TTMIndexUS1_GIS_MANUAL_STOCK_20250611.csv
2025-06-11 17:54:48 - INFO - CSV file copied: TTMIndexUS1_GIS_MANUAL_STOCK_20250611.csv. Triggering CSV merger check.
2025-06-11 18:04:02 - INFO - Added 147 holidays to the exclusion list
2025-06-11 18:04:02 - INFO - Starting unified monitoring system...
2025-06-11 18:04:12 - INFO - Found 117579 files to process
2025-06-11 18:05:59 - INFO - Starting copy of TTMIndexUS1_GIS_MANUAL_INDEX_20250611.csv
2025-06-11 18:06:01 - INFO - Successfully copied TTMIndexUS1_GIS_MANUAL_INDEX_20250611.csv
2025-06-12 15:24:33 - INFO - Added 147 holidays to the exclusion list
2025-06-12 15:24:33 - INFO - Starting unified monitoring system...
2025-06-12 15:24:39 - INFO - Found 117634 files to process
2025-06-12 15:28:23 - INFO - Added 147 holidays to the exclusion list
2025-06-12 15:28:23 - INFO - Starting unified monitoring system...
2025-06-12 15:28:31 - INFO - Found 117634 files to process
2025-06-12 15:33:23 - INFO - Initial file processing completed. Running CSV merger check.
2025-06-12 15:33:23 - INFO - All SOD merge files found. Starting merge process.
2025-06-12 15:33:23 - INFO - Merging CSV files: TTMIndexEU1_GIS_SOD_STOCK_20250612.csv and TTMIndexUS1_GIS_SOD_STOCK_20250612.csv
2025-06-12 15:33:24 - WARNING - Could not convert column I to numeric: indices are out-of-bounds
2025-06-12 15:33:33 - INFO - Set file to read-only: EU_SOD_US_SOD_STOCK_MERGED_20250612.xlsx
2025-06-12 15:33:33 - INFO - Successfully merged CSV files: EU_SOD_US_SOD_STOCK_MERGED_20250612.xlsx
2025-06-12 15:33:33 - INFO - Merged: TTMIndexEU1_GIS_SOD_STOCK_20250612.csv + TTMIndexUS1_GIS_SOD_STOCK_20250612.csv -> EU_SOD_US_SOD_STOCK_MERGED_20250612.xlsx
2025-06-12 15:33:33 - INFO - Merging CSV files: TTMIndexEU1_GIS_SOD_INDEX_20250612.csv and TTMIndexUS1_GIS_SOD_INDEX_20250612.csv
2025-06-12 15:33:34 - WARNING - Could not convert column I to numeric: indices are out-of-bounds
2025-06-12 15:33:34 - INFO - Set file to read-only: EU_SOD_US_SOD_INDEX_MERGED_20250612.xlsx
2025-06-12 15:33:34 - INFO - Successfully merged CSV files: EU_SOD_US_SOD_INDEX_MERGED_20250612.xlsx
2025-06-12 15:33:34 - INFO - Merged: TTMIndexEU1_GIS_SOD_INDEX_20250612.csv + TTMIndexUS1_GIS_SOD_INDEX_20250612.csv -> EU_SOD_US_SOD_INDEX_MERGED_20250612.xlsx
2025-06-12 15:33:34 - INFO - Missing MANUAL output files from previous workday: ['EU_MANUAL_US_NXTD_STOCK_MERGED_20250611.xlsx', 'EU_MANUAL_US_NXTD_INDEX_MERGED_20250611.xlsx']
2025-06-12 15:33:34 - INFO - Found all source files for MANUAL from previous workday. Creating missing output files.
2025-06-12 15:33:34 - INFO - Merging CSV files: TTMIndexEU1_GIS_MANUAL_STOCK_20250611.csv and TTMIndexUS1_GIS_NXTD_STOCK_20250611.csv
2025-06-12 15:33:35 - WARNING - Could not convert column I to numeric: indices are out-of-bounds
2025-06-12 15:33:44 - INFO - Set file to read-only: EU_MANUAL_US_NXTD_STOCK_MERGED_20250611.xlsx
2025-06-12 15:33:44 - INFO - Successfully merged CSV files: EU_MANUAL_US_NXTD_STOCK_MERGED_20250611.xlsx
2025-06-12 15:33:44 - INFO - Created previous workday file: EU_MANUAL_US_NXTD_STOCK_MERGED_20250611.xlsx
2025-06-12 15:33:44 - INFO - Merging CSV files: TTMIndexEU1_GIS_MANUAL_INDEX_20250611.csv and TTMIndexUS1_GIS_NXTD_INDEX_20250611.csv
2025-06-12 15:33:44 - WARNING - Could not convert column I to numeric: indices are out-of-bounds
2025-06-12 15:33:45 - INFO - Set file to read-only: EU_MANUAL_US_NXTD_INDEX_MERGED_20250611.xlsx
2025-06-12 15:33:45 - INFO - Successfully merged CSV files: EU_MANUAL_US_NXTD_INDEX_MERGED_20250611.xlsx
2025-06-12 15:33:45 - INFO - Created previous workday file: EU_MANUAL_US_NXTD_INDEX_MERGED_20250611.xlsx
2025-06-12 15:33:45 - INFO - Missing EOD output files from previous workday: ['EU_EOD_US_EOD_STOCK_MERGED_20250611.xlsx', 'EU_EOD_US_EOD_INDEX_MERGED_20250611.xlsx', 'TTMStrategy_GIS_EOD_INDEX_20250611.xlsx']
2025-06-12 15:33:45 - INFO - Found all source files for EOD from previous workday. Creating missing output files.
2025-06-12 15:33:45 - INFO - Merging CSV files: TTMIndexEU1_GIS_EOD_STOCK_20250611.csv and TTMIndexUS1_GIS_EOD_STOCK_20250611.csv
2025-06-12 15:33:46 - WARNING - Could not convert column I to numeric: indices are out-of-bounds
2025-06-12 15:33:56 - INFO - Set file to read-only: EU_EOD_US_EOD_STOCK_MERGED_20250611.xlsx
2025-06-12 15:33:56 - INFO - Successfully merged CSV files: EU_EOD_US_EOD_STOCK_MERGED_20250611.xlsx
2025-06-12 15:33:56 - INFO - Created previous workday file: EU_EOD_US_EOD_STOCK_MERGED_20250611.xlsx
2025-06-12 15:33:56 - INFO - Merging CSV files: TTMIndexEU1_GIS_EOD_INDEX_20250611.csv and TTMIndexUS1_GIS_EOD_INDEX_20250611.csv
2025-06-12 15:33:56 - WARNING - Could not convert column I to numeric: indices are out-of-bounds
2025-06-12 15:33:56 - INFO - Set file to read-only: EU_EOD_US_EOD_INDEX_MERGED_20250611.xlsx
2025-06-12 15:33:56 - INFO - Successfully merged CSV files: EU_EOD_US_EOD_INDEX_MERGED_20250611.xlsx
2025-06-12 15:33:56 - INFO - Created previous workday file: EU_EOD_US_EOD_INDEX_MERGED_20250611.xlsx
2025-06-12 15:33:56 - INFO - Converting CSV file: TTMStrategy_GIS_EOD_INDEX_20250611.csv to XLSX
2025-06-12 15:33:56 - INFO - Set file to read-only: TTMStrategy_GIS_EOD_INDEX_20250611.xlsx
2025-06-12 15:33:56 - INFO - Successfully converted CSV file: TTMStrategy_GIS_EOD_INDEX_20250611.xlsx
2025-06-12 15:33:56 - INFO - Created previous workday file: TTMStrategy_GIS_EOD_INDEX_20250611.xlsx
2025-06-12 15:33:56 - INFO - Missing SOD output files from previous workday: ['EU_SOD_US_SOD_STOCK_MERGED_20250611.xlsx', 'EU_SOD_US_SOD_INDEX_MERGED_20250611.xlsx']
2025-06-12 15:33:56 - INFO - Found all source files for SOD from previous workday. Creating missing output files.
2025-06-12 15:33:56 - INFO - Merging CSV files: TTMIndexEU1_GIS_SOD_STOCK_20250611.csv and TTMIndexUS1_GIS_SOD_STOCK_20250611.csv
2025-06-12 15:33:57 - WARNING - Could not convert column I to numeric: indices are out-of-bounds
2025-06-12 15:34:07 - INFO - Set file to read-only: EU_SOD_US_SOD_STOCK_MERGED_20250611.xlsx
2025-06-12 15:34:07 - INFO - Successfully merged CSV files: EU_SOD_US_SOD_STOCK_MERGED_20250611.xlsx
2025-06-12 15:34:07 - INFO - Created previous workday file: EU_SOD_US_SOD_STOCK_MERGED_20250611.xlsx
2025-06-12 15:34:07 - INFO - Merging CSV files: TTMIndexEU1_GIS_SOD_INDEX_20250611.csv and TTMIndexUS1_GIS_SOD_INDEX_20250611.csv
2025-06-12 15:34:07 - WARNING - Could not convert column I to numeric: indices are out-of-bounds
2025-06-12 15:34:07 - INFO - Set file to read-only: EU_SOD_US_SOD_INDEX_MERGED_20250611.xlsx
2025-06-12 15:34:07 - INFO - Successfully merged CSV files: EU_SOD_US_SOD_INDEX_MERGED_20250611.xlsx
2025-06-12 15:34:07 - INFO - Created previous workday file: EU_SOD_US_SOD_INDEX_MERGED_20250611.xlsx
2025-06-12 15:34:08 - INFO - Running periodic CSV merger check...
2025-06-12 15:52:30 - INFO - Starting copy of TTMIndexEU1_GIS_MANUAL_STOCK_20250612.csv
2025-06-12 15:52:32 - INFO - Successfully copied TTMIndexEU1_GIS_MANUAL_STOCK_20250612.csv
2025-06-12 15:52:32 - INFO - CSV file copied: TTMIndexEU1_GIS_MANUAL_STOCK_20250612.csv. Triggering CSV merger check.
2025-06-12 15:52:35 - INFO - Queue empty with 1 CSV files waiting. Triggering CSV merger.
2025-06-12 15:52:47 - INFO - Starting copy of TTMIndexEU1_GIS_MANUAL_INDEX_20250612.csv
2025-06-12 15:52:48 - INFO - Successfully copied TTMIndexEU1_GIS_MANUAL_INDEX_20250612.csv
2025-06-12 15:52:48 - INFO - CSV file copied: TTMIndexEU1_GIS_MANUAL_INDEX_20250612.csv. Triggering CSV merger check.
2025-06-12 15:52:51 - INFO - Queue empty with 1 CSV files waiting. Triggering CSV merger.
2025-06-12 15:55:10 - INFO - Starting copy of TTMIndexUS1_GIS_MANUAL_STOCK_20250612.csv
2025-06-12 15:55:12 - INFO - Successfully copied TTMIndexUS1_GIS_MANUAL_STOCK_20250612.csv
2025-06-12 15:55:12 - INFO - CSV file copied: TTMIndexUS1_GIS_MANUAL_STOCK_20250612.csv. Triggering CSV merger check.
2025-06-12 15:55:14 - INFO - Starting copy of TTMIndexUS1_GIS_MANUAL_INDEX_20250612.csv
2025-06-12 15:55:16 - INFO - Successfully copied TTMIndexUS1_GIS_MANUAL_INDEX_20250612.csv
2025-06-12 15:55:16 - INFO - CSV file copied: TTMIndexUS1_GIS_MANUAL_INDEX_20250612.csv. Triggering CSV merger check.
2025-06-12 15:55:16 - INFO - Queue processed 2 CSV files. Triggering CSV merger.
2025-06-12 16:04:09 - INFO - Running periodic CSV merger check...
2025-06-12 16:26:59 - INFO - Added 147 holidays to the exclusion list
2025-06-12 16:26:59 - INFO - Starting unified monitoring system...
2025-06-12 16:27:05 - INFO - Found 117638 files to process
2025-06-12 16:27:38 - INFO - Starting copy of TTMIndexEU1_GIS_MANUAL_INDEX_20250612.csv
2025-06-12 16:27:39 - INFO - Successfully copied TTMIndexEU1_GIS_MANUAL_INDEX_20250612.csv
2025-06-12 16:27:39 - INFO - CSV file copied: TTMIndexEU1_GIS_MANUAL_INDEX_20250612.csv. Triggering CSV merger check.
2025-06-12 16:27:45 - INFO - All SOD merge files found. Starting merge process.
2025-06-12 16:27:45 - INFO - Merging CSV files: TTMIndexEU1_GIS_SOD_STOCK_20250612.csv and TTMIndexUS1_GIS_SOD_STOCK_20250612.csv
2025-06-12 16:27:46 - WARNING - Could not convert column I to numeric: indices are out-of-bounds
2025-06-12 16:27:55 - INFO - Set file to read-only: EU_SOD_US_SOD_STOCK_MERGED_20250612.xlsx
2025-06-12 16:27:55 - INFO - Successfully merged CSV files: EU_SOD_US_SOD_STOCK_MERGED_20250612.xlsx
2025-06-12 16:27:56 - INFO - Merged: TTMIndexEU1_GIS_SOD_STOCK_20250612.csv + TTMIndexUS1_GIS_SOD_STOCK_20250612.csv -> EU_SOD_US_SOD_STOCK_MERGED_20250612.xlsx
2025-06-12 16:27:56 - INFO - Merging CSV files: TTMIndexEU1_GIS_SOD_INDEX_20250612.csv and TTMIndexUS1_GIS_SOD_INDEX_20250612.csv
2025-06-12 16:27:56 - WARNING - Could not convert column I to numeric: indices are out-of-bounds
2025-06-12 16:27:56 - INFO - Set file to read-only: EU_SOD_US_SOD_INDEX_MERGED_20250612.xlsx
2025-06-12 16:27:56 - INFO - Successfully merged CSV files: EU_SOD_US_SOD_INDEX_MERGED_20250612.xlsx
2025-06-12 16:27:56 - INFO - Merged: TTMIndexEU1_GIS_SOD_INDEX_20250612.csv + TTMIndexUS1_GIS_SOD_INDEX_20250612.csv -> EU_SOD_US_SOD_INDEX_MERGED_20250612.xlsx
2025-06-12 16:28:04 - INFO - Starting copy of TTMIndexEU1_GIS_MANUAL_STOCK_20250612.csv
2025-06-12 16:28:09 - INFO - Successfully copied TTMIndexEU1_GIS_MANUAL_STOCK_20250612.csv
2025-06-12 16:28:09 - INFO - CSV file copied: TTMIndexEU1_GIS_MANUAL_STOCK_20250612.csv. Triggering CSV merger check.
2025-06-12 16:29:00 - INFO - Batch completed with 2 files copied, including CSV files. Triggering CSV merger.
2025-06-12 16:30:19 - INFO - Starting copy of TTMIndexUS1_GIS_MANUAL_INDEX_20250612.csv
2025-06-12 16:30:23 - INFO - Successfully copied TTMIndexUS1_GIS_MANUAL_INDEX_20250612.csv
2025-06-12 16:30:23 - INFO - CSV file copied: TTMIndexUS1_GIS_MANUAL_INDEX_20250612.csv. Triggering CSV merger check.
2025-06-12 16:32:17 - INFO - Starting copy of TTMIndexUS1_GIS_MANUAL_STOCK_20250612.csv
2025-06-12 16:32:19 - INFO - Successfully copied TTMIndexUS1_GIS_MANUAL_STOCK_20250612.csv
2025-06-12 16:32:19 - INFO - CSV file copied: TTMIndexUS1_GIS_MANUAL_STOCK_20250612.csv. Triggering CSV merger check.
2025-06-12 16:36:42 - INFO - Batch completed with 2 files copied, including CSV files. Triggering CSV merger.
2025-06-12 16:44:34 - INFO - Initial file processing completed. Running CSV merger check.
2025-06-12 16:44:34 - INFO - Missing MANUAL output files from previous workday: ['EU_MANUAL_US_NXTD_STOCK_MERGED_20250611.xlsx', 'EU_MANUAL_US_NXTD_INDEX_MERGED_20250611.xlsx']
2025-06-12 16:44:34 - INFO - Found all source files for MANUAL from previous workday. Creating missing output files.
2025-06-12 16:44:34 - INFO - Merging CSV files: TTMIndexEU1_GIS_MANUAL_STOCK_20250611.csv and TTMIndexUS1_GIS_NXTD_STOCK_20250611.csv
2025-06-12 16:44:35 - WARNING - Could not convert column I to numeric: indices are out-of-bounds
2025-06-12 16:44:45 - INFO - Set file to read-only: EU_MANUAL_US_NXTD_STOCK_MERGED_20250611.xlsx
2025-06-12 16:44:45 - INFO - Successfully merged CSV files: EU_MANUAL_US_NXTD_STOCK_MERGED_20250611.xlsx
2025-06-12 16:44:45 - INFO - Created previous workday file: EU_MANUAL_US_NXTD_STOCK_MERGED_20250611.xlsx
2025-06-12 16:44:45 - INFO - Merging CSV files: TTMIndexEU1_GIS_MANUAL_INDEX_20250611.csv and TTMIndexUS1_GIS_NXTD_INDEX_20250611.csv
2025-06-12 16:44:45 - WARNING - Could not convert column I to numeric: indices are out-of-bounds
2025-06-12 16:44:45 - INFO - Set file to read-only: EU_MANUAL_US_NXTD_INDEX_MERGED_20250611.xlsx
2025-06-12 16:44:45 - INFO - Successfully merged CSV files: EU_MANUAL_US_NXTD_INDEX_MERGED_20250611.xlsx
2025-06-12 16:44:45 - INFO - Created previous workday file: EU_MANUAL_US_NXTD_INDEX_MERGED_20250611.xlsx
2025-06-12 16:44:45 - INFO - Missing EOD output files from previous workday: ['EU_EOD_US_EOD_STOCK_MERGED_20250611.xlsx', 'EU_EOD_US_EOD_INDEX_MERGED_20250611.xlsx', 'TTMStrategy_GIS_EOD_INDEX_20250611.xlsx']
2025-06-12 16:44:46 - INFO - Found all source files for EOD from previous workday. Creating missing output files.
2025-06-12 16:44:46 - INFO - Merging CSV files: TTMIndexEU1_GIS_EOD_STOCK_20250611.csv and TTMIndexUS1_GIS_EOD_STOCK_20250611.csv
2025-06-12 16:44:46 - WARNING - Could not convert column I to numeric: indices are out-of-bounds
2025-06-12 16:44:56 - INFO - Set file to read-only: EU_EOD_US_EOD_STOCK_MERGED_20250611.xlsx
2025-06-12 16:44:56 - INFO - Successfully merged CSV files: EU_EOD_US_EOD_STOCK_MERGED_20250611.xlsx
2025-06-12 16:44:56 - INFO - Created previous workday file: EU_EOD_US_EOD_STOCK_MERGED_20250611.xlsx
2025-06-12 16:44:56 - INFO - Merging CSV files: TTMIndexEU1_GIS_EOD_INDEX_20250611.csv and TTMIndexUS1_GIS_EOD_INDEX_20250611.csv
2025-06-12 16:44:56 - WARNING - Could not convert column I to numeric: indices are out-of-bounds
2025-06-12 16:44:57 - INFO - Set file to read-only: EU_EOD_US_EOD_INDEX_MERGED_20250611.xlsx
2025-06-12 16:44:57 - INFO - Successfully merged CSV files: EU_EOD_US_EOD_INDEX_MERGED_20250611.xlsx
2025-06-12 16:44:57 - INFO - Created previous workday file: EU_EOD_US_EOD_INDEX_MERGED_20250611.xlsx
2025-06-12 16:44:57 - INFO - Converting CSV file: TTMStrategy_GIS_EOD_INDEX_20250611.csv to XLSX
2025-06-12 16:44:57 - INFO - Set file to read-only: TTMStrategy_GIS_EOD_INDEX_20250611.xlsx
2025-06-12 16:44:57 - INFO - Successfully converted CSV file: TTMStrategy_GIS_EOD_INDEX_20250611.xlsx
2025-06-12 16:44:57 - INFO - Created previous workday file: TTMStrategy_GIS_EOD_INDEX_20250611.xlsx
2025-06-12 16:44:57 - INFO - Missing SOD output files from previous workday: ['EU_SOD_US_SOD_STOCK_MERGED_20250611.xlsx', 'EU_SOD_US_SOD_INDEX_MERGED_20250611.xlsx']
2025-06-12 16:44:57 - INFO - Found all source files for SOD from previous workday. Creating missing output files.
2025-06-12 16:44:57 - INFO - Merging CSV files: TTMIndexEU1_GIS_SOD_STOCK_20250611.csv and TTMIndexUS1_GIS_SOD_STOCK_20250611.csv
2025-06-12 16:44:58 - WARNING - Could not convert column I to numeric: indices are out-of-bounds
2025-06-12 16:45:07 - INFO - Set file to read-only: EU_SOD_US_SOD_STOCK_MERGED_20250611.xlsx
2025-06-12 16:45:07 - INFO - Successfully merged CSV files: EU_SOD_US_SOD_STOCK_MERGED_20250611.xlsx
2025-06-12 16:45:07 - INFO - Created previous workday file: EU_SOD_US_SOD_STOCK_MERGED_20250611.xlsx
2025-06-12 16:45:07 - INFO - Merging CSV files: TTMIndexEU1_GIS_SOD_INDEX_20250611.csv and TTMIndexUS1_GIS_SOD_INDEX_20250611.csv
2025-06-12 16:45:08 - WARNING - Could not convert column I to numeric: indices are out-of-bounds
2025-06-12 16:45:08 - INFO - Set file to read-only: EU_SOD_US_SOD_INDEX_MERGED_20250611.xlsx
2025-06-12 16:45:08 - INFO - Successfully merged CSV files: EU_SOD_US_SOD_INDEX_MERGED_20250611.xlsx
2025-06-12 16:45:08 - INFO - Created previous workday file: EU_SOD_US_SOD_INDEX_MERGED_20250611.xlsx
2025-06-12 16:45:09 - INFO - Running periodic CSV merger check...
2025-06-12 17:15:09 - INFO - Running periodic CSV merger check...
2025-06-12 17:15:09 - INFO - Missing EOD output files from previous workday: ['EU_EOD_US_EOD_STOCK_MERGED_20250611.xlsx', 'EU_EOD_US_EOD_INDEX_MERGED_20250611.xlsx', 'TTMStrategy_GIS_EOD_INDEX_20250611.xlsx']
2025-06-12 17:15:09 - INFO - Found all source files for EOD from previous workday. Creating missing output files.
2025-06-12 17:15:09 - INFO - Merging CSV files: TTMIndexEU1_GIS_EOD_STOCK_20250611.csv and TTMIndexUS1_GIS_EOD_STOCK_20250611.csv
2025-06-12 17:15:10 - WARNING - Could not convert column I to numeric: indices are out-of-bounds
2025-06-12 17:15:20 - INFO - Set file to read-only: EU_EOD_US_EOD_STOCK_MERGED_20250611.xlsx
2025-06-12 17:15:20 - INFO - Successfully merged CSV files: EU_EOD_US_EOD_STOCK_MERGED_20250611.xlsx
2025-06-12 17:15:20 - INFO - Created previous workday file: EU_EOD_US_EOD_STOCK_MERGED_20250611.xlsx
2025-06-12 17:15:20 - INFO - Merging CSV files: TTMIndexEU1_GIS_EOD_INDEX_20250611.csv and TTMIndexUS1_GIS_EOD_INDEX_20250611.csv
2025-06-12 17:15:20 - WARNING - Could not convert column I to numeric: indices are out-of-bounds
2025-06-12 17:15:20 - INFO - Set file to read-only: EU_EOD_US_EOD_INDEX_MERGED_20250611.xlsx
2025-06-12 17:15:20 - INFO - Successfully merged CSV files: EU_EOD_US_EOD_INDEX_MERGED_20250611.xlsx
2025-06-12 17:15:20 - INFO - Created previous workday file: EU_EOD_US_EOD_INDEX_MERGED_20250611.xlsx
2025-06-12 17:15:20 - INFO - Converting CSV file: TTMStrategy_GIS_EOD_INDEX_20250611.csv to XLSX
2025-06-12 17:15:20 - INFO - Set file to read-only: TTMStrategy_GIS_EOD_INDEX_20250611.xlsx
2025-06-12 17:15:20 - INFO - Successfully converted CSV file: TTMStrategy_GIS_EOD_INDEX_20250611.xlsx
2025-06-12 17:15:20 - INFO - Created previous workday file: TTMStrategy_GIS_EOD_INDEX_20250611.xlsx
2025-06-12 17:32:04 - INFO - Added 147 holidays to the exclusion list
2025-06-12 17:32:04 - INFO - Starting unified monitoring system...
2025-06-12 17:32:12 - INFO - Found 117639 files to process
2025-06-12 17:32:59 - INFO - Starting copy of TTMIndexEU1_GIS_MANUAL_INDEX_20250612.csv
2025-06-12 17:33:00 - INFO - Successfully copied TTMIndexEU1_GIS_MANUAL_INDEX_20250612.csv
2025-06-12 17:35:00 - INFO - Starting copy of TTMIndexEU1_GIS_MANUAL_STOCK_20250612.csv
2025-06-12 17:35:05 - INFO - Successfully copied TTMIndexEU1_GIS_MANUAL_STOCK_20250612.csv
2025-06-12 17:41:56 - INFO - Added 147 holidays to the exclusion list
2025-06-12 17:41:56 - INFO - Starting unified monitoring system...
2025-06-12 17:42:04 - INFO - Found 117639 files to process
2025-06-12 17:42:04 - INFO - Function process_file_batch took 0.64 seconds
2025-06-12 17:42:26 - INFO - Function process_file_batch took 21.86 seconds
2025-06-12 17:42:26 - INFO - Function process_file_batch took 21.88 seconds
2025-06-12 17:42:48 - INFO - Function process_file_batch took 43.24 seconds
2025-06-12 17:43:20 - INFO - Function process_file_batch took 54.01 seconds
2025-06-12 17:43:32 - INFO - Function process_file_batch took 44.08 seconds
2025-06-12 17:43:42 - INFO - Function process_file_batch took 76.26 seconds
2025-06-12 17:44:05 - INFO - Function process_file_batch took 32.72 seconds
2025-06-12 17:44:24 - INFO - Function process_file_batch took 42.33 seconds
2025-06-12 17:44:29 - INFO - Function process_file_batch took 145.21 seconds
2025-06-12 17:46:27 - INFO - Function process_file_batch took 142.08 seconds
2025-06-12 17:46:45 - INFO - Function process_file_batch took 205.28 seconds
2025-06-12 17:46:56 - INFO - Function compare_folders took 11.28 seconds
2025-06-12 17:46:56 - INFO - Function process_existing_files took 299.88 seconds
2025-06-12 17:46:57 - INFO - Running periodic CSV merger check...
2025-06-12 17:46:57 - INFO - All SOD merge files found. Starting merge process.
2025-06-12 17:46:57 - INFO - Function check_files_for_merge took 0.00 seconds
2025-06-12 17:46:57 - INFO - Missing EOD output files from previous workday: ['EU_EOD_US_EOD_INDEX_MERGED_20250611.xlsx', 'TTMStrategy_GIS_EOD_INDEX_20250611.xlsx']
2025-06-12 17:46:57 - INFO - Found all source files for EOD from previous workday. Creating missing output files.
2025-06-12 17:46:57 - INFO - Merging CSV files: TTMIndexEU1_GIS_EOD_INDEX_20250611.csv and TTMIndexUS1_GIS_EOD_INDEX_20250611.csv
2025-06-12 17:46:57 - WARNING - Could not convert column I to numeric: indices are out-of-bounds
2025-06-12 17:46:57 - INFO - Set file to read-only: EU_EOD_US_EOD_INDEX_MERGED_20250611.xlsx
2025-06-12 17:46:57 - INFO - Successfully merged CSV files: EU_EOD_US_EOD_INDEX_MERGED_20250611.xlsx
2025-06-12 17:46:57 - INFO - Created previous workday file: EU_EOD_US_EOD_INDEX_MERGED_20250611.xlsx
2025-06-12 17:46:57 - INFO - Converting CSV file: TTMStrategy_GIS_EOD_INDEX_20250611.csv to XLSX
2025-06-12 17:46:57 - INFO - Set file to read-only: TTMStrategy_GIS_EOD_INDEX_20250611.xlsx
2025-06-12 17:46:57 - INFO - Successfully converted CSV file: TTMStrategy_GIS_EOD_INDEX_20250611.xlsx
2025-06-12 17:46:57 - INFO - Created previous workday file: TTMStrategy_GIS_EOD_INDEX_20250611.xlsx
2025-06-12 17:46:57 - INFO - Function check_previous_workday_files took 0.68 seconds
2025-06-12 17:48:58 - INFO - Running periodic CSV merger check...
2025-06-12 17:48:58 - INFO - Function check_files_for_merge took 0.00 seconds
2025-06-12 17:48:58 - INFO - Function check_previous_workday_files took 0.00 seconds
2025-06-12 17:50:58 - INFO - Running periodic CSV merger check...
2025-06-12 17:50:58 - INFO - Function check_files_for_merge took 0.00 seconds
2025-06-12 17:50:58 - INFO - Function check_previous_workday_files took 0.00 seconds
2025-06-12 17:51:31 - INFO - Added 147 holidays to the exclusion list
2025-06-12 17:51:31 - INFO - Starting unified monitoring system...
2025-06-12 17:51:41 - INFO - Found 117639 files to process
2025-06-12 17:51:45 - INFO - Function process_file_batch took 3.42 seconds
2025-06-12 17:51:48 - INFO - Function process_file_batch took 3.41 seconds
2025-06-12 17:51:49 - INFO - Function process_file_batch took 1.16 seconds
2025-06-12 17:51:55 - INFO - Function compare_folders took 5.44 seconds
2025-06-12 17:51:55 - INFO - Function process_existing_files took 23.46 seconds
2025-06-12 17:51:55 - INFO - Running periodic CSV merger check...
2025-06-12 17:51:55 - INFO - All SOD merge files found. Starting merge process.
2025-06-12 17:53:55 - INFO - Running periodic CSV merger check...
2025-06-12 17:53:55 - INFO - Missing EOD output files from previous workday: ['EU_EOD_US_EOD_STOCK_MERGED_20250611.xlsx', 'EU_EOD_US_EOD_INDEX_MERGED_20250611.xlsx', 'TTMStrategy_GIS_EOD_INDEX_20250611.xlsx']
2025-06-12 17:53:55 - INFO - Found all source files for EOD from previous workday. Creating missing output files.
2025-06-12 17:53:55 - INFO - Merging CSV files: TTMIndexEU1_GIS_EOD_STOCK_20250611.csv and TTMIndexUS1_GIS_EOD_STOCK_20250611.csv
2025-06-12 17:53:56 - WARNING - Could not convert column I to numeric: indices are out-of-bounds
2025-06-12 17:54:06 - INFO - Set file to read-only: EU_EOD_US_EOD_STOCK_MERGED_20250611.xlsx
2025-06-12 17:54:06 - INFO - Successfully merged CSV files: EU_EOD_US_EOD_STOCK_MERGED_20250611.xlsx
2025-06-12 17:58:12 - INFO - Added 147 holidays to the exclusion list
2025-06-12 17:58:12 - INFO - Starting unified monitoring system...
2025-06-12 17:58:23 - INFO - Found 117639 files to process
2025-06-12 17:58:26 - INFO - Starting copy of TTMIndexEU1_GIS_MANUAL_INDEX_20250612.csv
2025-06-12 17:58:27 - INFO - Successfully copied TTMIndexEU1_GIS_MANUAL_INDEX_20250612.csv
2025-06-12 18:01:18 - INFO - Starting copy of TTMIndexEU1_GIS_MANUAL_STOCK_20250612.csv
2025-06-12 18:01:19 - INFO - Successfully copied TTMIndexEU1_GIS_MANUAL_STOCK_20250612.csv
2025-06-12 18:02:39 - INFO - Function process_file_batch took 255.82 seconds
2025-06-12 18:10:17 - INFO - Added 147 holidays to the exclusion list
2025-06-12 18:10:17 - INFO - Starting unified monitoring system...
2025-06-12 18:10:29 - INFO - Found 5 missing files:
2025-06-12 18:10:29 - INFO - Missing file: TTMStrategy_GIS_EOD_INDEX_20250612.csv
2025-06-12 18:10:29 - INFO - Missing file: TTMSTRATBUI_GIS_EOD_INDEX_20250612.csv
2025-06-12 18:10:29 - INFO - Missing file: TTMIndexUS1_GIS_MANUAL_STOCK_20250612.csv
2025-06-12 18:10:29 - INFO - Missing file: TTMStrategy_GIS_EOD_STOCK_20250612.csv
2025-06-12 18:10:29 - INFO - Missing file: TTMIndexUS1_GIS_MANUAL_INDEX_20250612.csv
2025-06-12 18:10:29 - INFO - Function compare_folders took 11.39 seconds
2025-06-12 18:10:29 - INFO - Identified 5 files for bulk copy
2025-06-12 18:10:29 - INFO - Starting bulk copy of 5 files
2025-06-12 18:10:36 - INFO - Robocopy completed successfully. Return code: 1
2025-06-12 18:10:37 - INFO - Bulk copy successful: 5 files copied and set to read-only
2025-06-12 18:10:37 - INFO - Function bulk_copy_missing_files took 8.24 seconds
2025-06-12 18:10:37 - INFO - Function process_existing_files_bulk took 19.63 seconds
2025-06-12 18:13:34 - INFO - Running periodic CSV merger check...
2025-06-12 18:13:35 - INFO - Found EOD single file for conversion: TTMStrategy_GIS_EOD_INDEX_20250612.csv
2025-06-12 18:13:35 - INFO - Converting CSV file: TTMStrategy_GIS_EOD_INDEX_20250612.csv to XLSX
2025-06-12 18:13:35 - INFO - Set file to read-only: TTMStrategy_GIS_EOD_INDEX_20250612.xlsx
2025-06-12 18:13:35 - INFO - Successfully converted CSV file: TTMStrategy_GIS_EOD_INDEX_20250612.xlsx
2025-06-12 18:13:35 - INFO - Converted: TTMStrategy_GIS_EOD_INDEX_20250612.csv -> TTMStrategy_GIS_EOD_INDEX_20250612.xlsx
2025-06-12 18:13:35 - INFO - All SOD merge files found. Starting merge process.
2025-06-12 18:13:35 - INFO - Missing EOD output files from previous workday: ['EU_EOD_US_EOD_INDEX_MERGED_20250611.xlsx', 'TTMStrategy_GIS_EOD_INDEX_20250611.xlsx']
2025-06-12 18:13:35 - INFO - Found all source files for EOD from previous workday. Creating missing output files.
2025-06-12 18:13:35 - INFO - Merging CSV files: TTMIndexEU1_GIS_EOD_INDEX_20250611.csv and TTMIndexUS1_GIS_EOD_INDEX_20250611.csv
2025-06-12 18:13:35 - WARNING - Could not convert column I to numeric: indices are out-of-bounds
2025-06-12 18:13:35 - INFO - Set file to read-only: EU_EOD_US_EOD_INDEX_MERGED_20250611.xlsx
2025-06-12 18:13:35 - INFO - Successfully merged CSV files: EU_EOD_US_EOD_INDEX_MERGED_20250611.xlsx
2025-06-12 18:13:35 - INFO - Created previous workday file: EU_EOD_US_EOD_INDEX_MERGED_20250611.xlsx
2025-06-12 18:13:35 - INFO - Converting CSV file: TTMStrategy_GIS_EOD_INDEX_20250611.csv to XLSX
2025-06-12 18:13:35 - INFO - Set file to read-only: TTMStrategy_GIS_EOD_INDEX_20250611.xlsx
2025-06-12 18:13:35 - INFO - Successfully converted CSV file: TTMStrategy_GIS_EOD_INDEX_20250611.xlsx
2025-06-12 18:13:35 - INFO - Created previous workday file: TTMStrategy_GIS_EOD_INDEX_20250611.xlsx
2025-06-12 18:15:31 - INFO - Starting copy of TTMRates_GIS_EOD_INDEX_20250612.csv
2025-06-12 18:15:33 - INFO - Successfully copied TTMRates_GIS_EOD_INDEX_20250612.csv
2025-06-12 18:15:34 - INFO - Starting copy of TTMRates_GIS_EOD_STOCK_20250612.csv
2025-06-12 18:15:34 - INFO - Successfully copied TTMRates_GIS_EOD_STOCK_20250612.csv
2025-06-12 18:15:36 - INFO - Running periodic CSV merger check...
2025-06-12 18:16:16 - INFO - Starting copy of TTMIndexSSIE_GIS_EOD_STOCK_20250612.csv
2025-06-12 18:16:18 - INFO - Successfully copied TTMIndexSSIE_GIS_EOD_STOCK_20250612.csv
2025-06-12 18:16:20 - INFO - Starting copy of TTMIndexSSIE_GIS_EOD_INDEX_20250612.csv
2025-06-12 18:16:22 - INFO - Successfully copied TTMIndexSSIE_GIS_EOD_INDEX_20250612.csv
2025-06-12 18:17:36 - INFO - Running periodic CSV merger check...
2025-06-12 18:17:47 - INFO - Starting copy of TTMIndexEU1_GIS_EOD_STOCK_20250612.csv
2025-06-12 18:17:48 - INFO - Successfully copied TTMIndexEU1_GIS_EOD_STOCK_20250612.csv
2025-06-12 18:18:03 - INFO - Starting copy of TTMIndexEU1_GIS_EOD_INDEX_20250612.csv
2025-06-12 18:18:05 - INFO - Successfully copied TTMIndexEU1_GIS_EOD_INDEX_20250612.csv
2025-06-12 18:19:37 - INFO - Running periodic CSV merger check...
2025-06-12 18:20:30 - INFO - Added 147 holidays to the exclusion list
2025-06-12 18:20:30 - INFO - Starting unified monitoring system...
2025-06-12 18:20:41 - INFO - Function compare_folders took 10.83 seconds
2025-06-12 18:20:41 - INFO - Function process_existing_files_bulk took 10.83 seconds
2025-06-12 18:20:41 - INFO - Running periodic CSV merger check...
2025-06-12 18:20:41 - INFO - All SOD merge files found. Starting merge process.
2025-06-12 18:21:42 - INFO - Added 147 holidays to the exclusion list
2025-06-12 18:21:42 - INFO - Starting unified monitoring system...
2025-06-12 18:21:48 - INFO - Function compare_folders took 5.78 seconds
2025-06-12 18:21:48 - INFO - Function process_existing_files_bulk took 5.78 seconds
2025-06-12 18:21:48 - INFO - Running periodic CSV merger check...
2025-06-12 18:21:48 - INFO - All SOD merge files found. Starting merge process.
2025-06-12 18:22:36 - INFO - File TTMIndexEU1_GIS_MANUAL_STOCK_20250612.csv has different size - will copy
2025-06-12 18:22:36 - INFO - Starting copy of TTMIndexEU1_GIS_MANUAL_STOCK_20250612.csv
2025-06-12 18:22:38 - INFO - Successfully copied TTMIndexEU1_GIS_MANUAL_STOCK_20250612.csv
2025-06-12 18:22:53 - INFO - File TTMIndexEU1_GIS_MANUAL_INDEX_20250612.csv has different size - will copy
2025-06-12 18:22:53 - INFO - Starting copy of TTMIndexEU1_GIS_MANUAL_INDEX_20250612.csv
2025-06-12 18:22:54 - INFO - Successfully copied TTMIndexEU1_GIS_MANUAL_INDEX_20250612.csv
2025-06-12 18:23:49 - INFO - Running periodic CSV merger check...
2025-06-12 18:25:50 - INFO - Running periodic CSV merger check...
2025-06-12 18:27:50 - INFO - Running periodic CSV merger check...
2025-06-12 18:29:51 - INFO - Running periodic CSV merger check...
2025-06-12 18:31:51 - INFO - Running periodic CSV merger check...
2025-06-12 18:33:52 - INFO - Running periodic CSV merger check...
2025-06-12 18:35:52 - INFO - Running periodic CSV merger check...
2025-06-12 18:37:53 - INFO - Running periodic CSV merger check...
2025-06-12 18:39:53 - INFO - Running periodic CSV merger check...
2025-06-12 18:41:54 - INFO - Running periodic CSV merger check...
2025-06-12 18:43:54 - INFO - Running periodic CSV merger check...
2025-06-12 18:45:55 - INFO - Running periodic CSV merger check...
2025-06-12 18:47:55 - INFO - Running periodic CSV merger check...
2025-06-12 18:49:56 - INFO - Running periodic CSV merger check...
2025-06-12 18:51:57 - INFO - Running periodic CSV merger check...
2025-06-12 18:53:57 - INFO - Running periodic CSV merger check...
2025-06-12 18:55:58 - INFO - Running periodic CSV merger check...
2025-06-12 18:57:58 - INFO - Running periodic CSV merger check...
2025-06-12 18:59:59 - INFO - Running periodic CSV merger check...
2025-06-12 19:01:59 - INFO - Running periodic CSV merger check...
2025-06-12 19:04:00 - INFO - Running periodic CSV merger check...
2025-06-12 19:06:00 - INFO - Running periodic CSV merger check...
2025-06-12 19:08:01 - INFO - Running periodic CSV merger check...
2025-06-12 19:10:01 - INFO - Running periodic CSV merger check...
2025-06-12 19:12:02 - INFO - Running periodic CSV merger check...
2025-06-12 19:14:02 - INFO - Running periodic CSV merger check...
2025-06-12 19:16:03 - INFO - Running periodic CSV merger check...
2025-06-12 19:18:03 - INFO - Running periodic CSV merger check...
2025-06-12 19:20:04 - INFO - Running periodic CSV merger check...
2025-06-12 19:22:05 - INFO - Running periodic CSV merger check...
2025-06-12 19:24:05 - INFO - Running periodic CSV merger check...
2025-06-12 19:26:06 - INFO - Running periodic CSV merger check...
2025-06-12 19:28:06 - INFO - Running periodic CSV merger check...
2025-06-12 19:30:07 - INFO - Running periodic CSV merger check...
2025-06-12 19:32:08 - INFO - Running periodic CSV merger check...
2025-06-12 19:34:08 - INFO - Running periodic CSV merger check...
2025-06-12 19:36:09 - INFO - Running periodic CSV merger check...
2025-06-12 19:38:09 - INFO - Running periodic CSV merger check...
2025-06-12 19:40:10 - INFO - Running periodic CSV merger check...
2025-06-12 19:42:10 - INFO - Running periodic CSV merger check...
2025-06-12 19:44:11 - INFO - Running periodic CSV merger check...
2025-06-12 19:46:11 - INFO - Running periodic CSV merger check...
2025-06-12 19:48:12 - INFO - Running periodic CSV merger check...
2025-06-12 19:50:12 - INFO - Running periodic CSV merger check...
2025-06-12 19:52:13 - INFO - Running periodic CSV merger check...
2025-06-12 19:54:13 - INFO - Running periodic CSV merger check...
2025-06-12 19:56:14 - INFO - Running periodic CSV merger check...
2025-06-12 19:58:14 - INFO - Running periodic CSV merger check...
2025-06-12 20:00:15 - INFO - Running periodic CSV merger check...
2025-06-12 20:02:16 - INFO - Running periodic CSV merger check...
2025-06-12 20:04:16 - INFO - Running periodic CSV merger check...
2025-06-12 20:06:17 - INFO - Running periodic CSV merger check...
2025-06-12 20:08:17 - INFO - Running periodic CSV merger check...
2025-06-12 20:10:18 - INFO - Running periodic CSV merger check...
2025-06-12 20:12:18 - INFO - Running periodic CSV merger check...
2025-06-12 20:14:19 - INFO - Running periodic CSV merger check...
2025-06-12 20:16:19 - INFO - Running periodic CSV merger check...
2025-06-12 20:18:20 - INFO - Running periodic CSV merger check...
2025-06-12 20:20:21 - INFO - Running periodic CSV merger check...
2025-06-12 20:22:21 - INFO - Running periodic CSV merger check...
2025-06-12 20:24:22 - INFO - Running periodic CSV merger check...
2025-06-12 20:26:22 - INFO - Running periodic CSV merger check...
2025-06-12 20:28:23 - INFO - Running periodic CSV merger check...
2025-06-12 20:30:23 - INFO - Running periodic CSV merger check...
2025-06-12 20:32:24 - INFO - Running periodic CSV merger check...
2025-06-12 20:34:24 - INFO - Running periodic CSV merger check...
2025-06-12 20:36:25 - INFO - Running periodic CSV merger check...
2025-06-12 20:38:25 - INFO - Running periodic CSV merger check...
2025-06-12 20:40:26 - INFO - Running periodic CSV merger check...
2025-06-12 20:42:26 - INFO - Running periodic CSV merger check...
2025-06-12 20:44:27 - INFO - Running periodic CSV merger check...
2025-06-12 20:46:27 - INFO - Running periodic CSV merger check...
2025-06-12 20:48:28 - INFO - Running periodic CSV merger check...
2025-06-12 20:50:28 - INFO - Running periodic CSV merger check...
2025-06-12 20:52:29 - INFO - Running periodic CSV merger check...
2025-06-12 20:54:29 - INFO - Running periodic CSV merger check...
2025-06-12 20:56:30 - INFO - Running periodic CSV merger check...
2025-06-12 20:58:30 - INFO - Running periodic CSV merger check...
2025-06-12 21:00:31 - INFO - Running periodic CSV merger check...
2025-06-12 21:02:31 - INFO - Running periodic CSV merger check...
2025-06-12 21:04:32 - INFO - Running periodic CSV merger check...
2025-06-12 21:06:32 - INFO - Running periodic CSV merger check...
2025-06-12 21:08:32 - INFO - Running periodic CSV merger check...
2025-06-12 21:10:33 - INFO - Running periodic CSV merger check...
2025-06-12 21:12:33 - INFO - Running periodic CSV merger check...
2025-06-12 21:14:34 - INFO - Running periodic CSV merger check...
2025-06-12 21:16:34 - INFO - Running periodic CSV merger check...
2025-06-12 21:18:35 - INFO - Running periodic CSV merger check...
2025-06-12 21:20:35 - INFO - Running periodic CSV merger check...
2025-06-12 21:22:35 - INFO - Running periodic CSV merger check...
2025-06-12 21:24:36 - INFO - Running periodic CSV merger check...
2025-06-12 21:26:37 - INFO - Running periodic CSV merger check...
2025-06-12 21:28:37 - INFO - Running periodic CSV merger check...
2025-06-12 21:30:37 - INFO - Running periodic CSV merger check...
2025-06-12 21:32:38 - INFO - Running periodic CSV merger check...
2025-06-12 21:34:38 - INFO - Running periodic CSV merger check...
2025-06-12 21:36:39 - INFO - Running periodic CSV merger check...
2025-06-12 21:38:39 - INFO - Running periodic CSV merger check...
2025-06-12 21:40:39 - INFO - Running periodic CSV merger check...
2025-06-12 21:42:40 - INFO - Running periodic CSV merger check...
2025-06-12 21:44:41 - INFO - Running periodic CSV merger check...
2025-06-12 21:46:41 - INFO - Running periodic CSV merger check...
2025-06-12 21:48:41 - INFO - Running periodic CSV merger check...
2025-06-12 21:50:42 - INFO - Running periodic CSV merger check...
2025-06-12 21:52:42 - INFO - Running periodic CSV merger check...
2025-06-12 21:54:43 - INFO - Running periodic CSV merger check...
2025-06-12 21:56:43 - INFO - Running periodic CSV merger check...
2025-06-12 21:58:44 - INFO - Running periodic CSV merger check...
2025-06-12 22:00:44 - INFO - Running periodic CSV merger check...
2025-06-12 22:02:45 - INFO - Running periodic CSV merger check...
2025-06-12 22:04:45 - INFO - Running periodic CSV merger check...
2025-06-12 22:06:46 - INFO - Running periodic CSV merger check...
2025-06-12 22:08:46 - INFO - Running periodic CSV merger check...
2025-06-12 22:10:46 - INFO - Running periodic CSV merger check...
2025-06-12 22:12:47 - INFO - Running periodic CSV merger check...
2025-06-12 22:14:47 - INFO - Running periodic CSV merger check...
2025-06-12 22:16:48 - INFO - Running periodic CSV merger check...
2025-06-12 22:18:48 - INFO - Running periodic CSV merger check...
2025-06-12 22:20:48 - INFO - Running periodic CSV merger check...
2025-06-12 22:22:49 - INFO - Running periodic CSV merger check...
2025-06-12 22:24:49 - INFO - Running periodic CSV merger check...
2025-06-12 22:25:53 - INFO - Starting copy of TTMStratUS_GIS_EOD_STOCK_20250612.csv
2025-06-12 22:25:54 - INFO - Successfully copied TTMStratUS_GIS_EOD_STOCK_20250612.csv
2025-06-12 22:25:54 - INFO - Starting copy of TTMStratUS_GIS_EOD_INDEX_20250612.csv
2025-06-12 22:25:56 - INFO - Successfully copied TTMStratUS_GIS_EOD_INDEX_20250612.csv
2025-06-12 22:26:50 - INFO - Running periodic CSV merger check...
2025-06-12 22:28:50 - INFO - Running periodic CSV merger check...
2025-06-12 22:30:51 - INFO - Running periodic CSV merger check...
2025-06-12 22:32:24 - INFO - Starting copy of TTMIndexUS1_GIS_EOD_STOCK_20250612.csv
2025-06-12 22:32:26 - INFO - Successfully copied TTMIndexUS1_GIS_EOD_STOCK_20250612.csv
2025-06-12 22:32:29 - INFO - Starting copy of TTMIndexUS1_GIS_EOD_INDEX_20250612.csv
2025-06-12 22:32:30 - INFO - Successfully copied TTMIndexUS1_GIS_EOD_INDEX_20250612.csv
2025-06-12 22:32:52 - INFO - Running periodic CSV merger check...
2025-06-12 22:32:52 - INFO - All EOD merge files found. Starting merge process.
2025-06-12 22:32:52 - INFO - Merging CSV files: TTMIndexEU1_GIS_EOD_STOCK_20250612.csv and TTMIndexUS1_GIS_EOD_STOCK_20250612.csv
2025-06-12 22:32:52 - WARNING - Could not convert column I to numeric: indices are out-of-bounds
2025-06-12 22:33:02 - INFO - Set file to read-only: EU_EOD_US_EOD_STOCK_MERGED_20250612.xlsx
2025-06-12 22:33:02 - INFO - Successfully merged CSV files: EU_EOD_US_EOD_STOCK_MERGED_20250612.xlsx
2025-06-12 22:33:02 - INFO - Merged: TTMIndexEU1_GIS_EOD_STOCK_20250612.csv + TTMIndexUS1_GIS_EOD_STOCK_20250612.csv -> EU_EOD_US_EOD_STOCK_MERGED_20250612.xlsx
2025-06-12 22:33:02 - INFO - Merging CSV files: TTMIndexEU1_GIS_EOD_INDEX_20250612.csv and TTMIndexUS1_GIS_EOD_INDEX_20250612.csv
2025-06-12 22:33:02 - WARNING - Could not convert column I to numeric: indices are out-of-bounds
2025-06-12 22:33:03 - INFO - Set file to read-only: EU_EOD_US_EOD_INDEX_MERGED_20250612.xlsx
2025-06-12 22:33:03 - INFO - Successfully merged CSV files: EU_EOD_US_EOD_INDEX_MERGED_20250612.xlsx
2025-06-12 22:33:03 - INFO - Merged: TTMIndexEU1_GIS_EOD_INDEX_20250612.csv + TTMIndexUS1_GIS_EOD_INDEX_20250612.csv -> EU_EOD_US_EOD_INDEX_MERGED_20250612.xlsx
2025-06-12 22:35:03 - INFO - Running periodic CSV merger check...
2025-06-12 22:37:04 - INFO - Running periodic CSV merger check...
2025-06-12 22:37:30 - INFO - Starting copy of TAllEquities_GIS_EOD_STOCK_20250612.csv
2025-06-12 22:37:32 - INFO - Successfully copied TAllEquities_GIS_EOD_STOCK_20250612.csv
2025-06-12 22:37:49 - INFO - Starting copy of TAllEquities_GIS_EOD_INDEX_20250612.csv
2025-06-12 22:37:50 - INFO - Successfully copied TAllEquities_GIS_EOD_INDEX_20250612.csv
2025-06-12 22:39:04 - INFO - Running periodic CSV merger check...
2025-06-12 22:41:05 - INFO - Running periodic CSV merger check...
2025-06-12 22:43:05 - INFO - Running periodic CSV merger check...
2025-06-12 22:45:05 - INFO - Running periodic CSV merger check...
2025-06-12 22:45:08 - INFO - Starting copy of TFixedIncome_GIS_EOD_STOCK_20250612.csv
2025-06-12 22:45:09 - INFO - Successfully copied TFixedIncome_GIS_EOD_STOCK_20250612.csv
2025-06-12 22:45:10 - INFO - Starting copy of TFixedIncome_GIS_EOD_INDEX_20250612.csv
2025-06-12 22:45:12 - INFO - Successfully copied TFixedIncome_GIS_EOD_INDEX_20250612.csv
2025-06-12 22:47:06 - INFO - Running periodic CSV merger check...
2025-06-12 22:49:07 - INFO - Running periodic CSV merger check...
2025-06-12 22:51:07 - INFO - Running periodic CSV merger check...
2025-06-12 22:53:08 - INFO - Running periodic CSV merger check...
2025-06-12 22:55:08 - INFO - Running periodic CSV merger check...
2025-06-12 22:57:09 - INFO - Running periodic CSV merger check...
2025-06-12 22:59:09 - INFO - Running periodic CSV merger check...
2025-06-12 23:01:10 - INFO - Running periodic CSV merger check...
2025-06-12 23:03:10 - INFO - Running periodic CSV merger check...
2025-06-12 23:05:11 - INFO - Running periodic CSV merger check...
2025-06-12 23:07:32 - INFO - Running periodic CSV merger check...
2025-06-12 23:09:32 - INFO - Running periodic CSV merger check...
2025-06-12 23:11:33 - INFO - Running periodic CSV merger check...
2025-06-12 23:13:33 - INFO - Running periodic CSV merger check...
2025-06-12 23:15:34 - INFO - Running periodic CSV merger check...
2025-06-12 23:17:34 - INFO - Running periodic CSV merger check...
2025-06-12 23:19:34 - INFO - Running periodic CSV merger check...
2025-06-12 23:21:35 - INFO - Running periodic CSV merger check...
2025-06-12 23:23:35 - INFO - Running periodic CSV merger check...
2025-06-12 23:25:36 - INFO - Running periodic CSV merger check...
2025-06-12 23:27:36 - INFO - Running periodic CSV merger check...
2025-06-12 23:29:37 - INFO - Running periodic CSV merger check...
2025-06-12 23:31:38 - INFO - Running periodic CSV merger check...
2025-06-12 23:33:38 - INFO - Running periodic CSV merger check...
2025-06-12 23:35:38 - INFO - Running periodic CSV merger check...
2025-06-12 23:37:39 - INFO - Running periodic CSV merger check...
2025-06-12 23:39:39 - INFO - Running periodic CSV merger check...
2025-06-12 23:41:39 - INFO - Running periodic CSV merger check...
2025-06-12 23:42:08 - INFO - Starting copy of TAllEquities_GIS_NXTD_STOCK_20250612.csv
2025-06-12 23:42:09 - INFO - Successfully copied TAllEquities_GIS_NXTD_STOCK_20250612.csv
2025-06-12 23:42:26 - INFO - Starting copy of TAllEquities_GIS_NXTD_INDEX_20250612.csv
2025-06-12 23:42:27 - INFO - Successfully copied TAllEquities_GIS_NXTD_INDEX_20250612.csv
2025-06-12 23:42:29 - INFO - Starting copy of TFixedIncome_GIS_NXTD_STOCK_20250612.csv
2025-06-12 23:42:30 - INFO - Successfully copied TFixedIncome_GIS_NXTD_STOCK_20250612.csv
2025-06-12 23:42:31 - INFO - Starting copy of TFixedIncome_GIS_NXTD_INDEX_20250612.csv
2025-06-12 23:42:32 - INFO - Successfully copied TFixedIncome_GIS_NXTD_INDEX_20250612.csv
2025-06-12 23:43:40 - INFO - Running periodic CSV merger check...
2025-06-12 23:43:54 - INFO - Starting copy of TTMIndexEU1_GIS_NXTD_STOCK_20250612.csv
2025-06-12 23:43:55 - INFO - Successfully copied TTMIndexEU1_GIS_NXTD_STOCK_20250612.csv
2025-06-12 23:44:10 - INFO - Starting copy of TTMIndexEU1_GIS_NXTD_INDEX_20250612.csv
2025-06-12 23:44:11 - INFO - Successfully copied TTMIndexEU1_GIS_NXTD_INDEX_20250612.csv
2025-06-12 23:44:25 - INFO - Starting copy of TTMIndexSSIE_GIS_NXTD_STOCK_20250612.csv
2025-06-12 23:44:26 - INFO - Successfully copied TTMIndexSSIE_GIS_NXTD_STOCK_20250612.csv
2025-06-12 23:44:29 - INFO - Starting copy of TTMIndexSSIE_GIS_NXTD_INDEX_20250612.csv
2025-06-12 23:44:30 - INFO - Successfully copied TTMIndexSSIE_GIS_NXTD_INDEX_20250612.csv
2025-06-12 23:45:14 - INFO - Starting copy of TTMIndexUS1_GIS_NXTD_STOCK_20250612.csv
2025-06-12 23:45:15 - INFO - Successfully copied TTMIndexUS1_GIS_NXTD_STOCK_20250612.csv
2025-06-12 23:45:19 - INFO - Starting copy of TTMIndexUS1_GIS_NXTD_INDEX_20250612.csv
2025-06-12 23:45:21 - INFO - Successfully copied TTMIndexUS1_GIS_NXTD_INDEX_20250612.csv
2025-06-12 23:45:22 - INFO - Starting copy of TTMRates_GIS_NXTD_STOCK_20250612.csv
2025-06-12 23:45:23 - INFO - Successfully copied TTMRates_GIS_NXTD_STOCK_20250612.csv
2025-06-12 23:45:24 - INFO - Starting copy of TTMRates_GIS_NXTD_INDEX_20250612.csv
2025-06-12 23:45:25 - INFO - Successfully copied TTMRates_GIS_NXTD_INDEX_20250612.csv
2025-06-12 23:45:26 - INFO - Starting copy of TTMSTRATBUI_GIS_NXTD_STOCK_20250612.csv
2025-06-12 23:45:27 - INFO - Successfully copied TTMSTRATBUI_GIS_NXTD_STOCK_20250612.csv
2025-06-12 23:45:28 - INFO - Starting copy of TTMSTRATBUI_GIS_NXTD_INDEX_20250612.csv
2025-06-12 23:45:30 - INFO - Successfully copied TTMSTRATBUI_GIS_NXTD_INDEX_20250612.csv
2025-06-12 23:45:31 - INFO - Starting copy of TTMStrategy_GIS_NXTD_STOCK_20250612.csv
2025-06-12 23:45:32 - INFO - Successfully copied TTMStrategy_GIS_NXTD_STOCK_20250612.csv
2025-06-12 23:45:33 - INFO - Starting copy of TTMStrategy_GIS_NXTD_INDEX_20250612.csv
2025-06-12 23:45:34 - INFO - Successfully copied TTMStrategy_GIS_NXTD_INDEX_20250612.csv
2025-06-12 23:45:35 - INFO - Starting copy of TTMStratUS_GIS_NXTD_STOCK_20250612.csv
2025-06-12 23:45:36 - INFO - Successfully copied TTMStratUS_GIS_NXTD_STOCK_20250612.csv
2025-06-12 23:45:37 - INFO - Starting copy of TTMStratUS_GIS_NXTD_INDEX_20250612.csv
2025-06-12 23:45:39 - INFO - Successfully copied TTMStratUS_GIS_NXTD_INDEX_20250612.csv
2025-06-12 23:45:41 - INFO - Running periodic CSV merger check...
2025-06-12 23:45:41 - INFO - All MANUAL merge files found. Starting merge process.
2025-06-12 23:45:41 - INFO - Merging CSV files: TTMIndexEU1_GIS_MANUAL_STOCK_20250612.csv and TTMIndexUS1_GIS_NXTD_STOCK_20250612.csv
2025-06-12 23:45:43 - WARNING - Could not convert column I to numeric: indices are out-of-bounds
2025-06-12 23:45:52 - INFO - Set file to read-only: EU_MANUAL_US_NXTD_STOCK_MERGED_20250612.xlsx
2025-06-12 23:45:52 - INFO - Successfully merged CSV files: EU_MANUAL_US_NXTD_STOCK_MERGED_20250612.xlsx
2025-06-12 23:45:52 - INFO - Merged: TTMIndexEU1_GIS_MANUAL_STOCK_20250612.csv + TTMIndexUS1_GIS_NXTD_STOCK_20250612.csv -> EU_MANUAL_US_NXTD_STOCK_MERGED_20250612.xlsx
2025-06-12 23:45:52 - INFO - Merging CSV files: TTMIndexEU1_GIS_MANUAL_INDEX_20250612.csv and TTMIndexUS1_GIS_NXTD_INDEX_20250612.csv
2025-06-12 23:45:52 - WARNING - Could not convert column I to numeric: indices are out-of-bounds
2025-06-12 23:45:53 - INFO - Set file to read-only: EU_MANUAL_US_NXTD_INDEX_MERGED_20250612.xlsx
2025-06-12 23:45:53 - INFO - Successfully merged CSV files: EU_MANUAL_US_NXTD_INDEX_MERGED_20250612.xlsx
2025-06-12 23:45:53 - INFO - Merged: TTMIndexEU1_GIS_MANUAL_INDEX_20250612.csv + TTMIndexUS1_GIS_NXTD_INDEX_20250612.csv -> EU_MANUAL_US_NXTD_INDEX_MERGED_20250612.xlsx
2025-06-12 23:47:25 - INFO - Starting copy of TRF_GIS_SOD_INDEX_20250613.csv
2025-06-12 23:47:26 - INFO - Successfully copied TRF_GIS_SOD_INDEX_20250613.csv
2025-06-12 23:47:53 - INFO - Running periodic CSV merger check...
2025-06-12 23:49:54 - INFO - Running periodic CSV merger check...
2025-06-12 23:51:54 - INFO - Running periodic CSV merger check...
2025-06-12 23:53:54 - INFO - Running periodic CSV merger check...
2025-06-12 23:55:55 - INFO - Running periodic CSV merger check...
2025-06-12 23:57:56 - INFO - Running periodic CSV merger check...
2025-06-12 23:59:56 - INFO - Running periodic CSV merger check...
2025-06-13 00:01:57 - INFO - Running periodic CSV merger check...
2025-06-13 00:03:57 - INFO - Running periodic CSV merger check...
2025-06-13 00:05:58 - INFO - Running periodic CSV merger check...
2025-06-13 00:07:58 - INFO - Running periodic CSV merger check...
2025-06-13 00:09:58 - INFO - Running periodic CSV merger check...
2025-06-13 00:11:59 - INFO - Running periodic CSV merger check...
2025-06-13 00:13:59 - INFO - Running periodic CSV merger check...
2025-06-13 00:16:00 - INFO - Running periodic CSV merger check...
2025-06-13 00:18:00 - INFO - Running periodic CSV merger check...
2025-06-13 00:20:01 - INFO - Running periodic CSV merger check...
2025-06-13 00:22:01 - INFO - Running periodic CSV merger check...
2025-06-13 00:24:02 - INFO - Running periodic CSV merger check...
2025-06-13 00:26:02 - INFO - Running periodic CSV merger check...
2025-06-13 00:28:03 - INFO - Running periodic CSV merger check...
2025-06-13 00:30:04 - INFO - Running periodic CSV merger check...
2025-06-13 00:32:04 - INFO - Running periodic CSV merger check...
2025-06-13 00:34:04 - INFO - Running periodic CSV merger check...
2025-06-13 00:36:05 - INFO - Running periodic CSV merger check...
2025-06-13 00:38:06 - INFO - Running periodic CSV merger check...
2025-06-13 00:40:06 - INFO - Running periodic CSV merger check...
2025-06-13 00:42:06 - INFO - Running periodic CSV merger check...
2025-06-13 00:44:07 - INFO - Running periodic CSV merger check...
2025-06-13 00:46:07 - INFO - Running periodic CSV merger check...
2025-06-13 00:48:08 - INFO - Running periodic CSV merger check...
2025-06-13 00:50:08 - INFO - Running periodic CSV merger check...
2025-06-13 00:52:09 - INFO - Running periodic CSV merger check...
2025-06-13 00:54:09 - INFO - Running periodic CSV merger check...
2025-06-13 00:56:09 - INFO - Running periodic CSV merger check...
2025-06-13 00:58:10 - INFO - Running periodic CSV merger check...
2025-06-13 01:00:10 - INFO - Running periodic CSV merger check...
2025-06-13 01:02:11 - INFO - Running periodic CSV merger check...
2025-06-13 01:04:11 - INFO - Running periodic CSV merger check...
2025-06-13 01:06:12 - INFO - Running periodic CSV merger check...
2025-06-13 01:08:12 - INFO - Running periodic CSV merger check...
2025-06-13 01:10:13 - INFO - Running periodic CSV merger check...
2025-06-13 01:12:13 - INFO - Running periodic CSV merger check...
2025-06-13 01:14:14 - INFO - Running periodic CSV merger check...
2025-06-13 01:16:14 - INFO - Running periodic CSV merger check...
2025-06-13 01:18:15 - INFO - Running periodic CSV merger check...
2025-06-13 01:20:15 - INFO - Running periodic CSV merger check...
2025-06-13 01:22:15 - INFO - Running periodic CSV merger check...
2025-06-13 01:24:16 - INFO - Running periodic CSV merger check...
2025-06-13 01:26:16 - INFO - Running periodic CSV merger check...
2025-06-13 01:28:17 - INFO - Running periodic CSV merger check...
2025-06-13 01:30:17 - INFO - Running periodic CSV merger check...
2025-06-13 01:32:18 - INFO - Running periodic CSV merger check...
2025-06-13 01:34:18 - INFO - Running periodic CSV merger check...
2025-06-13 01:36:19 - INFO - Running periodic CSV merger check...
2025-06-13 01:38:19 - INFO - Running periodic CSV merger check...
2025-06-13 01:40:20 - INFO - Running periodic CSV merger check...
2025-06-13 01:42:20 - INFO - Running periodic CSV merger check...
2025-06-13 01:44:21 - INFO - Running periodic CSV merger check...
2025-06-13 01:46:21 - INFO - Running periodic CSV merger check...
2025-06-13 01:48:22 - INFO - Running periodic CSV merger check...
2025-06-13 01:50:22 - INFO - Running periodic CSV merger check...
2025-06-13 01:52:22 - INFO - Running periodic CSV merger check...
2025-06-13 01:54:23 - INFO - Running periodic CSV merger check...
2025-06-13 01:56:23 - INFO - Running periodic CSV merger check...
2025-06-13 01:58:24 - INFO - Running periodic CSV merger check...
2025-06-13 02:00:24 - INFO - Running periodic CSV merger check...
2025-06-13 02:02:25 - INFO - Running periodic CSV merger check...
2025-06-13 02:04:25 - INFO - Running periodic CSV merger check...
2025-06-13 02:06:26 - INFO - Running periodic CSV merger check...
2025-06-13 02:08:26 - INFO - Running periodic CSV merger check...
2025-06-13 02:10:26 - INFO - Running periodic CSV merger check...
2025-06-13 02:12:27 - INFO - Running periodic CSV merger check...
2025-06-13 02:14:28 - INFO - Running periodic CSV merger check...
2025-06-13 02:16:28 - INFO - Running periodic CSV merger check...
2025-06-13 02:18:28 - INFO - Running periodic CSV merger check...
2025-06-13 02:20:29 - INFO - Running periodic CSV merger check...
2025-06-13 02:22:29 - INFO - Running periodic CSV merger check...
2025-06-13 02:24:30 - INFO - Running periodic CSV merger check...
2025-06-13 02:26:30 - INFO - Running periodic CSV merger check...
2025-06-13 02:28:31 - INFO - Running periodic CSV merger check...
2025-06-13 02:30:31 - INFO - Running periodic CSV merger check...
2025-06-13 02:32:32 - INFO - Running periodic CSV merger check...
2025-06-13 02:34:29 - INFO - Starting copy of TAllEquities_GIS_SOD_STOCK_20250613.csv
2025-06-13 02:34:31 - INFO - Successfully copied TAllEquities_GIS_SOD_STOCK_20250613.csv
2025-06-13 02:34:46 - INFO - Starting copy of TAllEquities_GIS_SOD_INDEX_20250613.csv
2025-06-13 02:34:50 - INFO - Successfully copied TAllEquities_GIS_SOD_INDEX_20250613.csv
2025-06-13 02:34:52 - INFO - Starting copy of TFixedIncome_GIS_SOD_STOCK_20250613.csv
2025-06-13 02:34:58 - INFO - Successfully copied TFixedIncome_GIS_SOD_STOCK_20250613.csv
2025-06-13 02:34:59 - INFO - Starting copy of TFixedIncome_GIS_SOD_INDEX_20250613.csv
2025-06-13 02:35:00 - INFO - Running periodic CSV merger check...
2025-06-13 02:35:01 - INFO - Successfully copied TFixedIncome_GIS_SOD_INDEX_20250613.csv
2025-06-13 02:36:13 - INFO - Starting copy of TTMIndexEU1_GIS_SOD_STOCK_20250613.csv
2025-06-13 02:36:15 - INFO - Successfully copied TTMIndexEU1_GIS_SOD_STOCK_20250613.csv
2025-06-13 02:36:29 - INFO - Starting copy of TTMIndexEU1_GIS_SOD_INDEX_20250613.csv
2025-06-13 02:36:31 - INFO - Successfully copied TTMIndexEU1_GIS_SOD_INDEX_20250613.csv
2025-06-13 02:36:44 - INFO - Starting copy of TTMIndexSSIE_GIS_SOD_STOCK_20250613.csv
2025-06-13 02:36:46 - INFO - Successfully copied TTMIndexSSIE_GIS_SOD_STOCK_20250613.csv
2025-06-13 02:36:48 - INFO - Starting copy of TTMIndexSSIE_GIS_SOD_INDEX_20250613.csv
2025-06-13 02:36:50 - INFO - Successfully copied TTMIndexSSIE_GIS_SOD_INDEX_20250613.csv
2025-06-13 02:37:01 - INFO - Running periodic CSV merger check...
2025-06-13 02:37:32 - INFO - Starting copy of TTMIndexUS1_GIS_SOD_STOCK_20250613.csv
2025-06-13 02:37:33 - INFO - Successfully copied TTMIndexUS1_GIS_SOD_STOCK_20250613.csv
2025-06-13 02:37:37 - INFO - Starting copy of TTMRates_GIS_SOD_STOCK_20250613.csv
2025-06-13 02:37:38 - INFO - Successfully copied TTMRates_GIS_SOD_STOCK_20250613.csv
2025-06-13 02:37:39 - INFO - Starting copy of TTMIndexUS1_GIS_SOD_INDEX_20250613.csv
2025-06-13 02:37:40 - INFO - Successfully copied TTMIndexUS1_GIS_SOD_INDEX_20250613.csv
2025-06-13 02:37:41 - INFO - Starting copy of TTMRates_GIS_SOD_INDEX_20250613.csv
2025-06-13 02:37:42 - INFO - Successfully copied TTMRates_GIS_SOD_INDEX_20250613.csv
2025-06-13 02:37:43 - INFO - Starting copy of TTMSTRATBUI_GIS_SOD_STOCK_20250613.csv
2025-06-13 02:37:45 - INFO - Successfully copied TTMSTRATBUI_GIS_SOD_STOCK_20250613.csv
2025-06-13 02:37:45 - INFO - Starting copy of TTMSTRATBUI_GIS_SOD_INDEX_20250613.csv
2025-06-13 02:37:47 - INFO - Successfully copied TTMSTRATBUI_GIS_SOD_INDEX_20250613.csv
2025-06-13 02:37:48 - INFO - Starting copy of TTMStrategy_GIS_SOD_STOCK_20250613.csv
2025-06-13 02:37:49 - INFO - Successfully copied TTMStrategy_GIS_SOD_STOCK_20250613.csv
2025-06-13 02:37:50 - INFO - Starting copy of TTMStrategy_GIS_SOD_INDEX_20250613.csv
2025-06-13 02:37:51 - INFO - Successfully copied TTMStrategy_GIS_SOD_INDEX_20250613.csv
2025-06-13 02:37:52 - INFO - Starting copy of TTMStratUS_GIS_SOD_STOCK_20250613.csv
2025-06-13 02:37:54 - INFO - Successfully copied TTMStratUS_GIS_SOD_STOCK_20250613.csv
2025-06-13 02:37:55 - INFO - Starting copy of TTMStratUS_GIS_SOD_INDEX_20250613.csv
2025-06-13 02:37:56 - INFO - Successfully copied TTMStratUS_GIS_SOD_INDEX_20250613.csv
2025-06-13 02:39:01 - INFO - Running periodic CSV merger check...
2025-06-13 02:39:01 - INFO - All SOD merge files found. Starting merge process.
2025-06-13 02:39:01 - INFO - Merging CSV files: TTMIndexEU1_GIS_SOD_STOCK_20250613.csv and TTMIndexUS1_GIS_SOD_STOCK_20250613.csv
2025-06-13 02:39:04 - WARNING - Could not convert column I to numeric: indices are out-of-bounds
2025-06-13 02:39:13 - INFO - Set file to read-only: EU_SOD_US_SOD_STOCK_MERGED_20250613.xlsx
2025-06-13 02:39:13 - INFO - Successfully merged CSV files: EU_SOD_US_SOD_STOCK_MERGED_20250613.xlsx
2025-06-13 02:39:13 - INFO - Merged: TTMIndexEU1_GIS_SOD_STOCK_20250613.csv + TTMIndexUS1_GIS_SOD_STOCK_20250613.csv -> EU_SOD_US_SOD_STOCK_MERGED_20250613.xlsx
2025-06-13 02:39:13 - INFO - Merging CSV files: TTMIndexEU1_GIS_SOD_INDEX_20250613.csv and TTMIndexUS1_GIS_SOD_INDEX_20250613.csv
2025-06-13 02:39:13 - WARNING - Could not convert column I to numeric: indices are out-of-bounds
2025-06-13 02:39:14 - INFO - Set file to read-only: EU_SOD_US_SOD_INDEX_MERGED_20250613.xlsx
2025-06-13 02:39:14 - INFO - Successfully merged CSV files: EU_SOD_US_SOD_INDEX_MERGED_20250613.xlsx
2025-06-13 02:39:14 - INFO - Merged: TTMIndexEU1_GIS_SOD_INDEX_20250613.csv + TTMIndexUS1_GIS_SOD_INDEX_20250613.csv -> EU_SOD_US_SOD_INDEX_MERGED_20250613.xlsx
2025-06-13 02:41:14 - INFO - Running periodic CSV merger check...
2025-06-13 02:43:15 - INFO - Running periodic CSV merger check...
2025-06-13 02:45:15 - INFO - Running periodic CSV merger check...
2025-06-13 02:47:15 - INFO - Running periodic CSV merger check...
2025-06-13 02:49:16 - INFO - Running periodic CSV merger check...
2025-06-13 02:51:16 - INFO - Running periodic CSV merger check...
2025-06-13 02:53:17 - INFO - Running periodic CSV merger check...
2025-06-13 02:55:17 - INFO - Running periodic CSV merger check...
2025-06-13 02:57:18 - INFO - Running periodic CSV merger check...
2025-06-13 02:59:18 - INFO - Running periodic CSV merger check...
2025-06-13 03:01:19 - INFO - Running periodic CSV merger check...
2025-06-13 03:03:19 - INFO - Running periodic CSV merger check...
2025-06-13 03:05:20 - INFO - Running periodic CSV merger check...
2025-06-13 03:07:21 - INFO - Running periodic CSV merger check...
2025-06-13 03:09:21 - INFO - Running periodic CSV merger check...
2025-06-13 03:11:21 - INFO - Running periodic CSV merger check...
2025-06-13 03:13:22 - INFO - Running periodic CSV merger check...
2025-06-13 03:15:22 - INFO - Running periodic CSV merger check...
2025-06-13 03:17:23 - INFO - Running periodic CSV merger check...
2025-06-13 03:19:23 - INFO - Running periodic CSV merger check...
2025-06-13 03:21:24 - INFO - Running periodic CSV merger check...
2025-06-13 03:23:24 - INFO - Running periodic CSV merger check...
2025-06-13 03:25:25 - INFO - Running periodic CSV merger check...
2025-06-13 03:27:25 - INFO - Running periodic CSV merger check...
2025-06-13 03:29:26 - INFO - Running periodic CSV merger check...
2025-06-13 03:31:26 - INFO - Running periodic CSV merger check...
2025-06-13 03:33:26 - INFO - Running periodic CSV merger check...
2025-06-13 03:35:27 - INFO - Running periodic CSV merger check...
2025-06-13 03:37:28 - INFO - Running periodic CSV merger check...
2025-06-13 03:39:28 - INFO - Running periodic CSV merger check...
2025-06-13 03:41:28 - INFO - Running periodic CSV merger check...
2025-06-13 03:43:29 - INFO - Running periodic CSV merger check...
2025-06-13 03:45:29 - INFO - Running periodic CSV merger check...
2025-06-13 03:47:30 - INFO - Running periodic CSV merger check...
2025-06-13 03:49:30 - INFO - Running periodic CSV merger check...
2025-06-13 03:51:30 - INFO - Running periodic CSV merger check...
2025-06-13 03:53:31 - INFO - Running periodic CSV merger check...
2025-06-13 03:55:31 - INFO - Running periodic CSV merger check...
2025-06-13 03:57:32 - INFO - Running periodic CSV merger check...
2025-06-13 03:59:32 - INFO - Running periodic CSV merger check...
2025-06-13 04:01:33 - INFO - Running periodic CSV merger check...
2025-06-13 04:03:33 - INFO - Running periodic CSV merger check...
2025-06-13 04:05:34 - INFO - Running periodic CSV merger check...
2025-06-13 04:07:34 - INFO - Running periodic CSV merger check...
2025-06-13 04:09:35 - INFO - Running periodic CSV merger check...
2025-06-13 04:11:35 - INFO - Running periodic CSV merger check...
2025-06-13 04:13:35 - INFO - Running periodic CSV merger check...
2025-06-13 04:15:36 - INFO - Running periodic CSV merger check...
2025-06-13 04:17:36 - INFO - Running periodic CSV merger check...
2025-06-13 04:19:37 - INFO - Running periodic CSV merger check...
2025-06-13 04:21:37 - INFO - Running periodic CSV merger check...
2025-06-13 04:23:37 - INFO - Running periodic CSV merger check...
2025-06-13 04:25:38 - INFO - Running periodic CSV merger check...
2025-06-13 04:27:38 - INFO - Running periodic CSV merger check...
2025-06-13 04:29:39 - INFO - Running periodic CSV merger check...
2025-06-13 04:31:39 - INFO - Running periodic CSV merger check...
2025-06-13 04:33:40 - INFO - Running periodic CSV merger check...
2025-06-13 04:35:40 - INFO - Running periodic CSV merger check...
2025-06-13 04:37:41 - INFO - Running periodic CSV merger check...
2025-06-13 04:39:41 - INFO - Running periodic CSV merger check...
2025-06-13 04:41:42 - INFO - Running periodic CSV merger check...
2025-06-13 04:43:42 - INFO - Running periodic CSV merger check...
2025-06-13 04:45:42 - INFO - Running periodic CSV merger check...
2025-06-13 04:47:43 - INFO - Running periodic CSV merger check...
2025-06-13 04:49:43 - INFO - Running periodic CSV merger check...
2025-06-13 04:51:44 - INFO - Running periodic CSV merger check...
2025-06-13 04:53:44 - INFO - Running periodic CSV merger check...
2025-06-13 04:55:45 - INFO - Running periodic CSV merger check...
2025-06-13 04:57:45 - INFO - Running periodic CSV merger check...
2025-06-13 04:59:45 - INFO - Running periodic CSV merger check...
2025-06-13 05:01:46 - INFO - Running periodic CSV merger check...
2025-06-13 05:03:47 - INFO - Running periodic CSV merger check...
2025-06-13 05:05:47 - INFO - Running periodic CSV merger check...
2025-06-13 05:07:48 - INFO - Running periodic CSV merger check...
2025-06-13 05:09:48 - INFO - Running periodic CSV merger check...
2025-06-13 05:11:49 - INFO - Running periodic CSV merger check...
2025-06-13 05:13:49 - INFO - Running periodic CSV merger check...
2025-06-13 05:15:49 - INFO - Running periodic CSV merger check...
2025-06-13 05:17:50 - INFO - Running periodic CSV merger check...
2025-06-13 05:19:50 - INFO - Running periodic CSV merger check...
2025-06-13 05:21:51 - INFO - Running periodic CSV merger check...
2025-06-13 05:23:51 - INFO - Running periodic CSV merger check...
2025-06-13 05:25:51 - INFO - Running periodic CSV merger check...
2025-06-13 05:27:52 - INFO - Running periodic CSV merger check...
2025-06-13 05:29:52 - INFO - Running periodic CSV merger check...
2025-06-13 05:31:53 - INFO - Running periodic CSV merger check...
2025-06-13 05:33:53 - INFO - Running periodic CSV merger check...
2025-06-13 05:35:54 - INFO - Running periodic CSV merger check...
2025-06-13 05:37:54 - INFO - Running periodic CSV merger check...
2025-06-13 05:39:55 - INFO - Running periodic CSV merger check...
2025-06-13 05:41:55 - INFO - Running periodic CSV merger check...
2025-06-13 05:43:56 - INFO - Running periodic CSV merger check...
2025-06-13 05:45:56 - INFO - Running periodic CSV merger check...
2025-06-13 05:47:56 - INFO - Running periodic CSV merger check...
2025-06-13 05:49:57 - INFO - Running periodic CSV merger check...
2025-06-13 05:51:57 - INFO - Running periodic CSV merger check...
2025-06-13 05:53:58 - INFO - Running periodic CSV merger check...
2025-06-13 05:55:58 - INFO - Running periodic CSV merger check...
2025-06-13 05:57:58 - INFO - Running periodic CSV merger check...
2025-06-13 05:59:59 - INFO - Running periodic CSV merger check...
2025-06-13 06:02:00 - INFO - Running periodic CSV merger check...
2025-06-13 06:04:00 - INFO - Running periodic CSV merger check...
2025-06-13 06:06:00 - INFO - Running periodic CSV merger check...
2025-06-13 06:08:01 - INFO - Running periodic CSV merger check...
2025-06-13 06:10:02 - INFO - Running periodic CSV merger check...
2025-06-13 06:12:02 - INFO - Running periodic CSV merger check...
2025-06-13 06:14:02 - INFO - Running periodic CSV merger check...
2025-06-13 06:16:03 - INFO - Running periodic CSV merger check...
2025-06-13 06:18:03 - INFO - Running periodic CSV merger check...
2025-06-13 06:20:04 - INFO - Running periodic CSV merger check...
2025-06-13 06:22:04 - INFO - Running periodic CSV merger check...
2025-06-13 06:24:05 - INFO - Running periodic CSV merger check...
2025-06-13 06:26:05 - INFO - Running periodic CSV merger check...
2025-06-13 06:28:05 - INFO - Running periodic CSV merger check...
2025-06-13 06:30:06 - INFO - Running periodic CSV merger check...
2025-06-13 06:32:06 - INFO - Running periodic CSV merger check...
2025-06-13 06:34:07 - INFO - Running periodic CSV merger check...
2025-06-13 06:36:07 - INFO - Running periodic CSV merger check...
2025-06-13 06:38:07 - INFO - Running periodic CSV merger check...
2025-06-13 06:40:08 - INFO - Running periodic CSV merger check...
2025-06-13 06:42:08 - INFO - Running periodic CSV merger check...
2025-06-13 06:44:09 - INFO - Running periodic CSV merger check...
2025-06-13 06:46:09 - INFO - Running periodic CSV merger check...
2025-06-13 06:48:10 - INFO - Running periodic CSV merger check...
2025-06-13 06:50:10 - INFO - Running periodic CSV merger check...
2025-06-13 06:52:11 - INFO - Running periodic CSV merger check...
2025-06-13 06:54:11 - INFO - Running periodic CSV merger check...
2025-06-13 06:56:12 - INFO - Running periodic CSV merger check...
2025-06-13 06:58:12 - INFO - Running periodic CSV merger check...
2025-06-13 07:00:12 - INFO - Running periodic CSV merger check...
2025-06-13 07:02:13 - INFO - Running periodic CSV merger check...
2025-06-13 07:04:13 - INFO - Running periodic CSV merger check...
2025-06-13 07:06:14 - INFO - Running periodic CSV merger check...
2025-06-13 07:08:14 - INFO - Running periodic CSV merger check...
2025-06-13 07:10:15 - INFO - Running periodic CSV merger check...
2025-06-13 07:12:15 - INFO - Running periodic CSV merger check...
2025-06-13 07:14:16 - INFO - Running periodic CSV merger check...
2025-06-13 07:16:16 - INFO - Running periodic CSV merger check...
2025-06-13 07:18:16 - INFO - Running periodic CSV merger check...
2025-06-13 07:20:17 - INFO - Running periodic CSV merger check...
2025-06-13 07:22:17 - INFO - Running periodic CSV merger check...
2025-06-13 07:24:18 - INFO - Running periodic CSV merger check...
2025-06-13 07:26:18 - INFO - Running periodic CSV merger check...
2025-06-13 07:28:19 - INFO - Running periodic CSV merger check...
2025-06-13 07:30:19 - INFO - Running periodic CSV merger check...
2025-06-13 07:32:19 - INFO - Running periodic CSV merger check...
2025-06-13 07:34:20 - INFO - Running periodic CSV merger check...
2025-06-13 07:36:21 - INFO - Running periodic CSV merger check...
2025-06-13 07:38:21 - INFO - Running periodic CSV merger check...
2025-06-13 07:40:21 - INFO - Running periodic CSV merger check...
2025-06-13 07:42:22 - INFO - Running periodic CSV merger check...
2025-06-13 07:44:22 - INFO - Running periodic CSV merger check...
2025-06-13 07:46:23 - INFO - Running periodic CSV merger check...
2025-06-13 07:48:23 - INFO - Running periodic CSV merger check...
2025-06-13 07:50:23 - INFO - Running periodic CSV merger check...
2025-06-13 07:52:24 - INFO - Running periodic CSV merger check...
2025-06-13 07:54:24 - INFO - Running periodic CSV merger check...
2025-06-13 07:56:25 - INFO - Running periodic CSV merger check...
2025-06-13 07:58:25 - INFO - Running periodic CSV merger check...
2025-06-13 08:00:26 - INFO - Running periodic CSV merger check...
2025-06-13 08:02:26 - INFO - Running periodic CSV merger check...
2025-06-13 08:04:27 - INFO - Running periodic CSV merger check...
2025-06-13 08:06:27 - INFO - Running periodic CSV merger check...
2025-06-13 08:08:28 - INFO - Running periodic CSV merger check...
2025-06-13 08:10:28 - INFO - Running periodic CSV merger check...
2025-06-13 08:12:28 - INFO - Running periodic CSV merger check...
2025-06-13 08:14:29 - INFO - Running periodic CSV merger check...
2025-06-13 08:16:29 - INFO - Running periodic CSV merger check...
2025-06-13 08:18:30 - INFO - Running periodic CSV merger check...
2025-06-13 08:20:30 - INFO - Running periodic CSV merger check...
2025-06-13 08:22:30 - INFO - Running periodic CSV merger check...
2025-06-13 08:24:31 - INFO - Running periodic CSV merger check...
2025-06-13 08:26:31 - INFO - Running periodic CSV merger check...
2025-06-13 08:28:31 - INFO - Running periodic CSV merger check...
2025-06-13 08:30:32 - INFO - Running periodic CSV merger check...
2025-06-13 08:32:33 - INFO - Running periodic CSV merger check...
2025-06-13 08:34:33 - INFO - Running periodic CSV merger check...
2025-06-13 08:36:33 - INFO - Running periodic CSV merger check...
2025-06-13 08:38:34 - INFO - Running periodic CSV merger check...
2025-06-13 08:40:34 - INFO - Running periodic CSV merger check...
2025-06-13 08:42:35 - INFO - Running periodic CSV merger check...
2025-06-13 08:44:36 - INFO - Running periodic CSV merger check...
2025-06-13 08:46:36 - INFO - Running periodic CSV merger check...
2025-06-13 08:48:37 - INFO - Running periodic CSV merger check...
2025-06-13 08:50:37 - INFO - Running periodic CSV merger check...
2025-06-13 08:52:38 - INFO - Running periodic CSV merger check...
2025-06-13 08:54:38 - INFO - Running periodic CSV merger check...
2025-06-13 08:56:39 - INFO - Running periodic CSV merger check...
2025-06-13 08:58:39 - INFO - Running periodic CSV merger check...
2025-06-13 09:00:39 - INFO - Running periodic CSV merger check...
2025-06-13 09:02:40 - INFO - Running periodic CSV merger check...
2025-06-13 09:04:40 - INFO - Running periodic CSV merger check...
2025-06-13 09:06:41 - INFO - Running periodic CSV merger check...
2025-06-13 09:08:41 - INFO - Running periodic CSV merger check...
2025-06-13 09:10:41 - INFO - Running periodic CSV merger check...
2025-06-13 09:12:42 - INFO - Running periodic CSV merger check...
2025-06-13 09:14:42 - INFO - Running periodic CSV merger check...
2025-06-13 09:16:43 - INFO - Running periodic CSV merger check...
2025-06-13 09:18:43 - INFO - Running periodic CSV merger check...
2025-06-13 09:20:43 - INFO - Running periodic CSV merger check...
2025-06-13 09:22:44 - INFO - Running periodic CSV merger check...
2025-06-13 09:24:44 - INFO - Running periodic CSV merger check...
2025-06-13 09:26:45 - INFO - Running periodic CSV merger check...
2025-06-13 09:28:45 - INFO - Running periodic CSV merger check...
2025-06-13 09:30:46 - INFO - Running periodic CSV merger check...
2025-06-13 09:32:46 - INFO - Running periodic CSV merger check...
2025-06-13 09:34:47 - INFO - Running periodic CSV merger check...
2025-06-13 09:36:48 - INFO - Running periodic CSV merger check...
2025-06-13 09:38:48 - INFO - Running periodic CSV merger check...
2025-06-13 09:40:48 - INFO - Running periodic CSV merger check...
2025-06-13 09:42:49 - INFO - Running periodic CSV merger check...
2025-06-13 09:44:49 - INFO - Running periodic CSV merger check...
2025-06-13 09:46:50 - INFO - Running periodic CSV merger check...
2025-06-13 09:48:50 - INFO - Running periodic CSV merger check...
2025-06-13 09:50:51 - INFO - Running periodic CSV merger check...
2025-06-13 09:52:51 - INFO - Running periodic CSV merger check...
2025-06-13 09:54:52 - INFO - Running periodic CSV merger check...
2025-06-13 09:56:52 - INFO - Running periodic CSV merger check...
2025-06-13 09:58:52 - INFO - Running periodic CSV merger check...
2025-06-13 10:00:53 - INFO - Running periodic CSV merger check...
2025-06-13 10:02:53 - INFO - Running periodic CSV merger check...
2025-06-13 10:04:54 - INFO - Running periodic CSV merger check...
2025-06-13 10:06:54 - INFO - Running periodic CSV merger check...
2025-06-13 10:08:54 - INFO - Running periodic CSV merger check...
2025-06-13 10:10:55 - INFO - Running periodic CSV merger check...
2025-06-13 10:12:55 - INFO - Running periodic CSV merger check...
2025-06-13 10:14:56 - INFO - Running periodic CSV merger check...
2025-06-13 13:39:08 - INFO - Added 147 holidays to the exclusion list
2025-06-13 13:39:08 - INFO - Starting unified monitoring system...
2025-06-13 13:39:22 - INFO - Function compare_folders took 13.03 seconds
2025-06-13 13:39:22 - INFO - Function process_existing_files_bulk took 13.03 seconds
2025-06-13 13:39:22 - INFO - Running periodic CSV merger check...
2025-06-13 13:39:22 - INFO - All SOD merge files found. Starting merge process.
2025-06-13 13:41:22 - INFO - Running periodic CSV merger check...
2025-06-13 13:43:23 - INFO - Running periodic CSV merger check...
2025-06-13 13:45:24 - INFO - Running periodic CSV merger check...
2025-06-13 13:47:24 - INFO - Running periodic CSV merger check...
2025-06-13 13:49:25 - INFO - Running periodic CSV merger check...
2025-06-13 13:51:26 - INFO - Running periodic CSV merger check...
2025-06-13 13:53:26 - INFO - Running periodic CSV merger check...
2025-06-13 13:55:27 - INFO - Running periodic CSV merger check...
2025-06-13 13:57:27 - INFO - Running periodic CSV merger check...
2025-06-13 13:59:28 - INFO - Running periodic CSV merger check...
2025-06-13 14:01:28 - INFO - Running periodic CSV merger check...
2025-06-13 14:03:29 - INFO - Running periodic CSV merger check...
2025-06-13 14:05:30 - INFO - Running periodic CSV merger check...
2025-06-13 14:07:30 - INFO - Running periodic CSV merger check...
2025-06-13 14:09:31 - INFO - Running periodic CSV merger check...
2025-06-13 14:11:31 - INFO - Running periodic CSV merger check...
2025-06-13 14:13:32 - INFO - Running periodic CSV merger check...
2025-06-13 14:15:32 - INFO - Running periodic CSV merger check...
2025-06-13 14:17:33 - INFO - Running periodic CSV merger check...
2025-06-13 14:19:34 - INFO - Running periodic CSV merger check...
2025-06-13 14:21:34 - INFO - Running periodic CSV merger check...
2025-06-13 14:23:35 - INFO - Running periodic CSV merger check...
2025-06-13 14:25:35 - INFO - Running periodic CSV merger check...
2025-06-13 14:27:36 - INFO - Running periodic CSV merger check...
2025-06-13 14:29:36 - INFO - Running periodic CSV merger check...
2025-06-13 14:31:37 - INFO - Running periodic CSV merger check...
2025-06-13 14:33:38 - INFO - Running periodic CSV merger check...
2025-06-13 14:35:38 - INFO - Running periodic CSV merger check...
2025-06-13 14:37:39 - INFO - Running periodic CSV merger check...
2025-06-13 14:39:39 - INFO - Running periodic CSV merger check...
2025-06-13 14:41:40 - INFO - Running periodic CSV merger check...
2025-06-13 14:43:41 - INFO - Running periodic CSV merger check...
2025-06-13 14:45:41 - INFO - Running periodic CSV merger check...
2025-06-13 14:47:42 - INFO - Running periodic CSV merger check...
2025-06-13 14:49:42 - INFO - Running periodic CSV merger check...
2025-06-13 14:51:43 - INFO - Running periodic CSV merger check...
2025-06-13 14:53:44 - INFO - Running periodic CSV merger check...
2025-06-13 14:55:44 - INFO - Running periodic CSV merger check...
2025-06-13 14:57:45 - INFO - Running periodic CSV merger check...
2025-06-13 14:59:45 - INFO - Running periodic CSV merger check...
2025-06-13 15:01:46 - INFO - Running periodic CSV merger check...
2025-06-13 15:03:47 - INFO - Running periodic CSV merger check...
2025-06-13 15:05:47 - INFO - Running periodic CSV merger check...
2025-06-13 15:07:48 - INFO - Running periodic CSV merger check...
2025-06-13 15:09:48 - INFO - Running periodic CSV merger check...
2025-06-13 15:11:49 - INFO - Running periodic CSV merger check...
2025-06-13 15:13:49 - INFO - Running periodic CSV merger check...
2025-06-13 15:15:50 - INFO - Running periodic CSV merger check...
2025-06-13 15:17:50 - INFO - Running periodic CSV merger check...
2025-06-13 15:19:51 - INFO - Running periodic CSV merger check...
2025-06-13 15:21:52 - INFO - Running periodic CSV merger check...
2025-06-13 15:23:52 - INFO - Running periodic CSV merger check...
2025-06-13 15:25:53 - INFO - Running periodic CSV merger check...
2025-06-13 15:27:54 - INFO - Running periodic CSV merger check...
2025-06-13 15:29:54 - INFO - Running periodic CSV merger check...
2025-06-13 15:31:55 - INFO - Running periodic CSV merger check...
2025-06-13 15:33:55 - INFO - Running periodic CSV merger check...
2025-06-13 15:35:56 - INFO - Running periodic CSV merger check...
2025-06-13 15:37:57 - INFO - Running periodic CSV merger check...
2025-06-13 15:39:57 - INFO - Running periodic CSV merger check...
2025-06-13 15:41:58 - INFO - Running periodic CSV merger check...
2025-06-13 15:43:59 - INFO - Running periodic CSV merger check...
2025-06-13 15:45:59 - INFO - Running periodic CSV merger check...
2025-06-13 15:47:59 - INFO - Running periodic CSV merger check...
2025-06-13 15:50:00 - INFO - Running periodic CSV merger check...
2025-06-13 15:52:00 - INFO - Running periodic CSV merger check...
2025-06-13 15:52:03 - INFO - Starting copy of TTMIndexEU1_GIS_MANUAL_STOCK_20250613.csv
2025-06-13 15:52:05 - INFO - Successfully copied TTMIndexEU1_GIS_MANUAL_STOCK_20250613.csv
2025-06-13 15:52:20 - INFO - Starting copy of TTMIndexEU1_GIS_MANUAL_INDEX_20250613.csv
2025-06-13 15:52:23 - WARNING - Operation failed, retrying in 5 seconds...
2025-06-13 15:52:28 - INFO - Starting copy of TTMIndexEU1_GIS_MANUAL_INDEX_20250613.csv
2025-06-13 15:52:29 - INFO - Successfully copied TTMIndexEU1_GIS_MANUAL_INDEX_20250613.csv
2025-06-13 15:54:01 - INFO - Running periodic CSV merger check...
2025-06-13 15:54:54 - INFO - Starting copy of TTMIndexUS1_GIS_MANUAL_STOCK_20250613.csv
2025-06-13 15:54:56 - INFO - Successfully copied TTMIndexUS1_GIS_MANUAL_STOCK_20250613.csv
2025-06-13 15:54:59 - INFO - Starting copy of TTMIndexUS1_GIS_MANUAL_INDEX_20250613.csv
2025-06-13 15:55:00 - INFO - Successfully copied TTMIndexUS1_GIS_MANUAL_INDEX_20250613.csv
2025-06-13 15:56:02 - INFO - Running periodic CSV merger check...
2025-06-13 15:58:02 - INFO - Running periodic CSV merger check...
2025-06-13 16:00:03 - INFO - Running periodic CSV merger check...
2025-06-13 16:02:03 - INFO - Running periodic CSV merger check...
2025-06-13 16:04:04 - INFO - Running periodic CSV merger check...
2025-06-13 16:06:04 - INFO - Running periodic CSV merger check...
2025-06-13 16:08:05 - INFO - Running periodic CSV merger check...
2025-06-13 16:10:05 - INFO - Running periodic CSV merger check...
2025-06-13 16:12:06 - INFO - Running periodic CSV merger check...
2025-06-13 16:14:06 - INFO - Running periodic CSV merger check...
2025-06-13 16:16:07 - INFO - Running periodic CSV merger check...
2025-06-13 16:18:08 - INFO - Running periodic CSV merger check...
2025-06-13 16:20:08 - INFO - Running periodic CSV merger check...
2025-06-13 16:22:09 - INFO - Running periodic CSV merger check...
2025-06-13 16:24:10 - INFO - Running periodic CSV merger check...
2025-06-13 16:24:39 - INFO - File TTMIndexEU1_GIS_MANUAL_STOCK_20250613.csv has different size - will copy
2025-06-13 16:24:39 - INFO - Starting copy of TTMIndexEU1_GIS_MANUAL_STOCK_20250613.csv
2025-06-13 16:24:42 - INFO - Successfully copied TTMIndexEU1_GIS_MANUAL_STOCK_20250613.csv
2025-06-13 16:24:56 - INFO - File TTMIndexEU1_GIS_MANUAL_INDEX_20250613.csv has different size - will copy
2025-06-13 16:24:56 - INFO - Starting copy of TTMIndexEU1_GIS_MANUAL_INDEX_20250613.csv
2025-06-13 16:24:57 - INFO - Successfully copied TTMIndexEU1_GIS_MANUAL_INDEX_20250613.csv
2025-06-13 16:27:17 - INFO - File TTMIndexUS1_GIS_MANUAL_STOCK_20250613.csv has different size - will copy
2025-06-13 16:27:17 - INFO - Starting copy of TTMIndexUS1_GIS_MANUAL_STOCK_20250613.csv
2025-06-13 16:27:18 - INFO - Successfully copied TTMIndexUS1_GIS_MANUAL_STOCK_20250613.csv
2025-06-13 16:27:21 - INFO - File TTMIndexUS1_GIS_MANUAL_INDEX_20250613.csv has different size - will copy
2025-06-13 16:27:21 - INFO - Starting copy of TTMIndexUS1_GIS_MANUAL_INDEX_20250613.csv
2025-06-13 16:27:23 - INFO - Successfully copied TTMIndexUS1_GIS_MANUAL_INDEX_20250613.csv
2025-06-13 16:29:14 - INFO - Running periodic CSV merger check...
2025-06-13 16:30:02 - INFO - Starting copy of OsloIndexTrades_20250613.csv
2025-06-13 16:30:04 - WARNING - Operation failed, retrying in 5 seconds...
2025-06-13 16:30:09 - INFO - Starting copy of OsloIndexTrades_20250613.csv
2025-06-13 16:30:12 - INFO - Successfully copied OsloIndexTrades_20250613.csv
2025-06-13 16:34:15 - INFO - Running periodic CSV merger check...
2025-06-13 16:36:15 - INFO - Running periodic CSV merger check...
2025-06-13 16:38:16 - INFO - Running periodic CSV merger check...
2025-06-13 16:40:17 - INFO - Running periodic CSV merger check...
2025-06-13 16:42:17 - INFO - Running periodic CSV merger check...
2025-06-13 16:44:18 - INFO - Running periodic CSV merger check...
