2025-01-20 15:50:21,418 - werkzeug - WARNING -  * Debugger is active!
2025-01-20 15:50:21,420 - werkzeug - INFO -  * Debugger PIN: 691-175-853
2025-01-20 15:50:31,180 - Review.reviews.fri4p_review - INFO - Processing sector: 1010.0, area: AS, group size: 45
2025-01-20 15:50:31,181 - Review.reviews.fri4p_review - INFO - Companies in group: 45, to exclude: 8
2025-01-20 15:50:31,182 - Review.reviews.fri4p_review - INFO - Processing sector: 1010.0, area: EU, group size: 20
2025-01-20 15:50:31,182 - Review.reviews.fri4p_review - INFO - Companies in group: 20, to exclude: 3
2025-01-20 15:50:31,184 - Review.reviews.fri4p_review - INFO - Processing sector: 1010.0, area: NA, group size: 72
2025-01-20 15:50:31,185 - Review.reviews.fri4p_review - INFO - Companies in group: 72, to exclude: 14
2025-01-20 15:50:31,185 - Review.reviews.fri4p_review - INFO - Processing sector: 1510.0, area: AS, group size: 12
2025-01-20 15:50:31,186 - Review.reviews.fri4p_review - INFO - Companies in group: 12, to exclude: 2
2025-01-20 15:50:31,186 - Review.reviews.fri4p_review - INFO - Processing sector: 1510.0, area: EU, group size: 17
2025-01-20 15:50:31,187 - Review.reviews.fri4p_review - INFO - Companies in group: 17, to exclude: 3
2025-01-20 15:50:31,188 - Review.reviews.fri4p_review - INFO - Processing sector: 1510.0, area: NA, group size: 10
2025-01-20 15:50:31,188 - Review.reviews.fri4p_review - INFO - Companies in group: 10, to exclude: 1
2025-01-20 15:50:31,189 - Review.reviews.fri4p_review - INFO - Processing sector: 2010.0, area: AS, group size: 31
2025-01-20 15:50:31,190 - Review.reviews.fri4p_review - INFO - Companies in group: 31, to exclude: 6
2025-01-20 15:50:31,190 - Review.reviews.fri4p_review - INFO - Processing sector: 2010.0, area: EU, group size: 47
2025-01-20 15:50:31,191 - Review.reviews.fri4p_review - INFO - Companies in group: 47, to exclude: 9
2025-01-20 15:50:31,191 - Review.reviews.fri4p_review - INFO - Processing sector: 2010.0, area: NA, group size: 48
2025-01-20 15:50:31,192 - Review.reviews.fri4p_review - INFO - Companies in group: 48, to exclude: 9
2025-01-20 15:50:31,192 - Review.reviews.fri4p_review - INFO - Processing sector: 3010.0, area: AS, group size: 29
2025-01-20 15:50:31,193 - Review.reviews.fri4p_review - INFO - Companies in group: 29, to exclude: 5
2025-01-20 15:50:31,193 - Review.reviews.fri4p_review - INFO - Processing sector: 3010.0, area: EU, group size: 40
2025-01-20 15:50:31,194 - Review.reviews.fri4p_review - INFO - Companies in group: 40, to exclude: 7
2025-01-20 15:50:31,194 - Review.reviews.fri4p_review - INFO - Processing sector: 3010.0, area: NA, group size: 21
2025-01-20 15:50:31,194 - Review.reviews.fri4p_review - INFO - Companies in group: 21, to exclude: 4
2025-01-20 15:50:31,195 - Review.reviews.fri4p_review - INFO - Processing sector: 3020.0, area: AS, group size: 15
2025-01-20 15:50:31,195 - Review.reviews.fri4p_review - INFO - Companies in group: 15, to exclude: 2
2025-01-20 15:50:31,196 - Review.reviews.fri4p_review - INFO - Processing sector: 3020.0, area: EU, group size: 30
2025-01-20 15:50:31,196 - Review.reviews.fri4p_review - INFO - Companies in group: 30, to exclude: 5
2025-01-20 15:50:31,196 - Review.reviews.fri4p_review - INFO - Processing sector: 3020.0, area: NA, group size: 32
2025-01-20 15:50:31,197 - Review.reviews.fri4p_review - INFO - Companies in group: 32, to exclude: 6
2025-01-20 15:50:31,197 - Review.reviews.fri4p_review - INFO - Processing sector: 3030.0, area: AS, group size: 14
2025-01-20 15:50:31,198 - Review.reviews.fri4p_review - INFO - Companies in group: 14, to exclude: 2
2025-01-20 15:50:31,198 - Review.reviews.fri4p_review - INFO - Processing sector: 3030.0, area: EU, group size: 30
2025-01-20 15:50:31,199 - Review.reviews.fri4p_review - INFO - Companies in group: 30, to exclude: 5
2025-01-20 15:50:31,199 - Review.reviews.fri4p_review - INFO - Processing sector: 3030.0, area: NA, group size: 23
2025-01-20 15:50:31,199 - Review.reviews.fri4p_review - INFO - Companies in group: 23, to exclude: 4
2025-01-20 15:50:31,200 - Review.reviews.fri4p_review - INFO - Processing sector: 3510.0, area: AS, group size: 47
2025-01-20 15:50:31,200 - Review.reviews.fri4p_review - INFO - Companies in group: 47, to exclude: 9
2025-01-20 15:50:31,201 - Review.reviews.fri4p_review - INFO - Processing sector: 3510.0, area: EU, group size: 21
2025-01-20 15:50:31,201 - Review.reviews.fri4p_review - INFO - Companies in group: 21, to exclude: 4
2025-01-20 15:50:31,202 - Review.reviews.fri4p_review - INFO - Processing sector: 3510.0, area: NA, group size: 22
2025-01-20 15:50:31,203 - Review.reviews.fri4p_review - INFO - Companies in group: 22, to exclude: 4
2025-01-20 15:50:31,203 - Review.reviews.fri4p_review - INFO - Processing sector: 4010.0, area: AS, group size: 15
2025-01-20 15:50:31,204 - Review.reviews.fri4p_review - INFO - Companies in group: 15, to exclude: 2
2025-01-20 15:50:31,204 - Review.reviews.fri4p_review - INFO - Processing sector: 4010.0, area: EU, group size: 12
2025-01-20 15:50:31,205 - Review.reviews.fri4p_review - INFO - Companies in group: 12, to exclude: 2
2025-01-20 15:50:31,205 - Review.reviews.fri4p_review - INFO - Processing sector: 4010.0, area: NA, group size: 4
2025-01-20 15:50:31,206 - Review.reviews.fri4p_review - INFO - Companies in group: 4, to exclude: 0
2025-01-20 15:50:31,206 - Review.reviews.fri4p_review - WARNING - No companies to exclude for sector 4010.0 and area NA
2025-01-20 15:50:31,206 - Review.reviews.fri4p_review - INFO - Processing sector: 4020.0, area: AS, group size: 28
2025-01-20 15:50:31,207 - Review.reviews.fri4p_review - INFO - Companies in group: 28, to exclude: 5
2025-01-20 15:50:31,207 - Review.reviews.fri4p_review - INFO - Processing sector: 4020.0, area: EU, group size: 22
2025-01-20 15:50:31,208 - Review.reviews.fri4p_review - INFO - Companies in group: 22, to exclude: 4
2025-01-20 15:50:31,208 - Review.reviews.fri4p_review - INFO - Processing sector: 4020.0, area: NA, group size: 16
2025-01-20 15:50:31,209 - Review.reviews.fri4p_review - INFO - Companies in group: 16, to exclude: 3
2025-01-20 15:50:31,209 - Review.reviews.fri4p_review - INFO - Processing sector: 4030.0, area: AS, group size: 7
2025-01-20 15:50:31,210 - Review.reviews.fri4p_review - INFO - Companies in group: 7, to exclude: 1
2025-01-20 15:50:31,210 - Review.reviews.fri4p_review - INFO - Processing sector: 4030.0, area: EU, group size: 8
2025-01-20 15:50:31,210 - Review.reviews.fri4p_review - INFO - Companies in group: 8, to exclude: 1
2025-01-20 15:50:31,211 - Review.reviews.fri4p_review - INFO - Processing sector: 4030.0, area: NA, group size: 7
2025-01-20 15:50:31,211 - Review.reviews.fri4p_review - INFO - Companies in group: 7, to exclude: 1
2025-01-20 15:50:31,211 - Review.reviews.fri4p_review - INFO - Processing sector: 4040.0, area: AS, group size: 14
2025-01-20 15:50:31,212 - Review.reviews.fri4p_review - INFO - Companies in group: 14, to exclude: 2
2025-01-20 15:50:31,212 - Review.reviews.fri4p_review - INFO - Processing sector: 4040.0, area: EU, group size: 10
2025-01-20 15:50:31,213 - Review.reviews.fri4p_review - INFO - Companies in group: 10, to exclude: 1
2025-01-20 15:50:31,213 - Review.reviews.fri4p_review - INFO - Processing sector: 4040.0, area: NA, group size: 18
2025-01-20 15:50:31,213 - Review.reviews.fri4p_review - INFO - Companies in group: 18, to exclude: 3
2025-01-20 15:50:31,214 - Review.reviews.fri4p_review - INFO - Processing sector: 4050.0, area: AS, group size: 19
2025-01-20 15:50:31,214 - Review.reviews.fri4p_review - INFO - Companies in group: 19, to exclude: 3
2025-01-20 15:50:31,214 - Review.reviews.fri4p_review - INFO - Processing sector: 4050.0, area: EU, group size: 13
2025-01-20 15:50:31,215 - Review.reviews.fri4p_review - INFO - Companies in group: 13, to exclude: 2
2025-01-20 15:50:31,215 - Review.reviews.fri4p_review - INFO - Processing sector: 4050.0, area: NA, group size: 21
2025-01-20 15:50:31,215 - Review.reviews.fri4p_review - INFO - Companies in group: 21, to exclude: 4
2025-01-20 15:50:31,216 - Review.reviews.fri4p_review - INFO - Processing sector: 4510.0, area: AS, group size: 24
2025-01-20 15:50:31,216 - Review.reviews.fri4p_review - INFO - Companies in group: 24, to exclude: 4
2025-01-20 15:50:31,216 - Review.reviews.fri4p_review - INFO - Processing sector: 4510.0, area: EU, group size: 27
2025-01-20 15:50:31,217 - Review.reviews.fri4p_review - INFO - Companies in group: 27, to exclude: 5
2025-01-20 15:50:31,218 - Review.reviews.fri4p_review - INFO - Processing sector: 4510.0, area: NA, group size: 16
2025-01-20 15:50:31,218 - Review.reviews.fri4p_review - INFO - Companies in group: 16, to exclude: 3
2025-01-20 15:50:31,219 - Review.reviews.fri4p_review - INFO - Processing sector: 4520.0, area: AS, group size: 14
2025-01-20 15:50:31,219 - Review.reviews.fri4p_review - INFO - Companies in group: 14, to exclude: 2
2025-01-20 15:50:31,220 - Review.reviews.fri4p_review - INFO - Processing sector: 4520.0, area: EU, group size: 13
2025-01-20 15:50:31,221 - Review.reviews.fri4p_review - INFO - Companies in group: 13, to exclude: 2
2025-01-20 15:50:31,221 - Review.reviews.fri4p_review - INFO - Processing sector: 4520.0, area: NA, group size: 12
2025-01-20 15:50:31,222 - Review.reviews.fri4p_review - INFO - Companies in group: 12, to exclude: 2
2025-01-20 15:50:31,222 - Review.reviews.fri4p_review - INFO - Processing sector: 5010.0, area: AS, group size: 18
2025-01-20 15:50:31,222 - Review.reviews.fri4p_review - INFO - Companies in group: 18, to exclude: 3
2025-01-20 15:50:31,223 - Review.reviews.fri4p_review - INFO - Processing sector: 5010.0, area: EU, group size: 24
2025-01-20 15:50:31,223 - Review.reviews.fri4p_review - INFO - Companies in group: 24, to exclude: 4
2025-01-20 15:50:31,224 - Review.reviews.fri4p_review - INFO - Processing sector: 5010.0, area: NA, group size: 14
2025-01-20 15:50:31,224 - Review.reviews.fri4p_review - INFO - Companies in group: 14, to exclude: 2
2025-01-20 15:50:31,224 - Review.reviews.fri4p_review - INFO - Processing sector: 5020.0, area: AS, group size: 100
2025-01-20 15:50:31,225 - Review.reviews.fri4p_review - INFO - Companies in group: 100, to exclude: 19
2025-01-20 15:50:31,225 - Review.reviews.fri4p_review - INFO - Processing sector: 5020.0, area: EU, group size: 91
2025-01-20 15:50:31,226 - Review.reviews.fri4p_review - INFO - Companies in group: 91, to exclude: 18
2025-01-20 15:50:31,226 - Review.reviews.fri4p_review - INFO - Processing sector: 5020.0, area: NA, group size: 81
2025-01-20 15:50:31,226 - Review.reviews.fri4p_review - INFO - Companies in group: 81, to exclude: 16
2025-01-20 15:50:31,227 - Review.reviews.fri4p_review - INFO - Processing sector: 5510.0, area: AS, group size: 18
2025-01-20 15:50:31,227 - Review.reviews.fri4p_review - INFO - Companies in group: 18, to exclude: 3
2025-01-20 15:50:31,227 - Review.reviews.fri4p_review - INFO - Processing sector: 5510.0, area: EU, group size: 13
2025-01-20 15:50:31,228 - Review.reviews.fri4p_review - INFO - Companies in group: 13, to exclude: 2
2025-01-20 15:50:31,228 - Review.reviews.fri4p_review - INFO - Processing sector: 5510.0, area: NA, group size: 12
2025-01-20 15:50:31,228 - Review.reviews.fri4p_review - INFO - Companies in group: 12, to exclude: 2
2025-01-20 15:50:31,228 - Review.reviews.fri4p_review - INFO - Processing sector: 5520.0, area: AS, group size: 18
2025-01-20 15:50:31,229 - Review.reviews.fri4p_review - INFO - Companies in group: 18, to exclude: 3
2025-01-20 15:50:31,229 - Review.reviews.fri4p_review - INFO - Processing sector: 5520.0, area: EU, group size: 16
2025-01-20 15:50:31,229 - Review.reviews.fri4p_review - INFO - Companies in group: 16, to exclude: 3
2025-01-20 15:50:31,230 - Review.reviews.fri4p_review - INFO - Processing sector: 5520.0, area: NA, group size: 6
2025-01-20 15:50:31,230 - Review.reviews.fri4p_review - INFO - Companies in group: 6, to exclude: 1
2025-01-20 15:50:31,230 - Review.reviews.fri4p_review - INFO - Processing sector: 6010.0, area: AS, group size: 10
2025-01-20 15:50:31,231 - Review.reviews.fri4p_review - INFO - Companies in group: 10, to exclude: 1
2025-01-20 15:50:31,231 - Review.reviews.fri4p_review - INFO - Processing sector: 6010.0, area: EU, group size: 20
2025-01-20 15:50:31,231 - Review.reviews.fri4p_review - INFO - Companies in group: 20, to exclude: 3
2025-01-20 15:50:31,231 - Review.reviews.fri4p_review - INFO - Processing sector: 6010.0, area: NA, group size: 34
2025-01-20 15:50:31,232 - Review.reviews.fri4p_review - INFO - Companies in group: 34, to exclude: 6
2025-01-20 15:50:31,232 - Review.reviews.fri4p_review - INFO - Processing sector: 6510.0, area: AS, group size: 22
2025-01-20 15:50:31,232 - Review.reviews.fri4p_review - INFO - Companies in group: 22, to exclude: 4
2025-01-20 15:50:31,232 - Review.reviews.fri4p_review - INFO - Processing sector: 6510.0, area: EU, group size: 26
2025-01-20 15:50:31,233 - Review.reviews.fri4p_review - INFO - Companies in group: 26, to exclude: 5
2025-01-20 15:50:31,233 - Review.reviews.fri4p_review - INFO - Processing sector: 6510.0, area: NA, group size: 31
2025-01-20 15:50:31,233 - Review.reviews.fri4p_review - INFO - Companies in group: 31, to exclude: 6
2025-01-20 15:50:43,665 - Review.reviews.fri4p_review - INFO - Checking IsinCode FRIX00003643 in index_eod_df
2025-01-20 15:50:43,666 - Review.reviews.fri4p_review - INFO - Found 1 matching rows
2025-01-20 15:50:43,675 - Review.reviews.fri4p_review - INFO - Saving FRI4P output to: C:\Users\CSonneveld\OneDrive - Euronext\Documents\Projects\GUI + Reviews\output\FRI4P_df_20250120_155043.xlsx
2025-01-20 15:50:44,346 - werkzeug - INFO - 127.0.0.1 - - [20/Jan/2025 15:50:44] "POST /calculate HTTP/1.1" 200 -
2025-01-20 15:51:18,353 - werkzeug - INFO -  * Detected change in 'C:\\Program Files\\Python312\\Lib\\datetime.py', reloading
2025-01-20 15:51:18,360 - werkzeug - INFO -  * Detected change in 'C:\\Program Files\\Python312\\Lib\\_pydatetime.py', reloading
