Starting ENVUK review at 2026-01-28 14:33:53.562347
2026-01-28 14:33:53,861 - Review.reviews.envuk_review - INFO - Loading EOD data...
Loaded index data from 2 file(s)
Loaded stock EOD data from 2 file(s)
Loaded stock CO data from 2 file(s)
Created FX lookup table with 35 unique currency pairs
Available currency pairs: 15 currencies -> 6 index currencies
2026-01-28 14:33:54,414 - Review.reviews.envuk_review - INFO - Loading reference data...
2026-01-28 14:33:54,484 - Review.reviews.envuk_review - INFO - Building ISIN+MIC -> #Symbol mapping (RIC mode, len(#Symbol) < 12)...
2026-01-28 14:33:54,583 - Review.reviews.envuk_review - INFO - Universe rows: 500 | Missing #Symbol: 0 | Missing EUR price: 0 | Missing FX: 0
2026-01-28 14:33:54,583 - Review.reviews.envuk_review - INFO - Step 1: Using Euronext Europe 500 as starting universe...
2026-01-28 14:33:54,583 - Review.reviews.envuk_review - INFO - Starting universe size: 500 stocks
2026-01-28 14:33:54,585 - Review.reviews.envuk_review - INFO - Filtering for Main Listing on London Stock Exchange (MIC: XLON)...
2026-01-28 14:33:54,585 - Review.reviews.envuk_review - INFO - Universe size after MIC filter (XLON): 104 stocks
2026-01-28 14:33:54,585 - Review.reviews.envuk_review - INFO - Step 2: Applying Sustainalytics NON-COMPLIANT exclusion...
2026-01-28 14:33:54,585 - Review.reviews.envuk_review - INFO - Universe size after NON-COMPLIANT screening: 104 stocks
2026-01-28 14:33:54,586 - Review.reviews.envuk_review - INFO - Step 3: Ranking by ESG Risk Score and Free Float Market Cap...
2026-01-28 14:33:54,587 - Review.reviews.envuk_review - INFO - Step 4: Selecting top 20 constituents...
2026-01-28 14:33:54,587 - Review.reviews.envuk_review - INFO - Selected 20 constituents for ENVUK index
2026-01-28 14:33:54,587 - Review.reviews.envuk_review - INFO - Calculating ESG-based weights (1 / ESG risk score)...
2026-01-28 14:33:54,589 - Review.reviews.envuk_review - INFO - Weight range: 3.66% to 9.31%
2026-01-28 14:33:54,591 - Review.reviews.envuk_review - INFO - Performing inclusion/exclusion analysis...
2026-01-28 14:33:54,595 - Review.reviews.envuk_review - INFO - Inclusions: 4, Exclusions: 4
2026-01-28 14:33:54,595 - Review.reviews.envuk_review - INFO - Saving ENVUK output to: C:\Users\CSonneveld\OneDrive - Euronext\Documents\Projects\GUI + Reviews - Copy\output\ENVUK_df_20260128_143354.xlsx
Completed ENVUK review in 1.12 seconds
