Starting ENVW review at 2026-01-28 14:33:54.795428
2026-01-28 14:33:55,095 - Review.reviews.envw_review - INFO - Loading EOD data...
Loaded index data from 2 file(s)
Loaded stock EOD data from 2 file(s)
Loaded stock CO data from 2 file(s)
Created FX lookup table with 35 unique currency pairs
Available currency pairs: 15 currencies -> 6 index currencies
2026-01-28 14:33:55,646 - Review.reviews.envw_review - INFO - Loading reference data...
2026-01-28 14:33:55,714 - Review.reviews.envw_review - INFO - Building ISIN+MIC -> #Symbol mapping (RIC mode, len(#Symbol) < 12)...
2026-01-28 14:33:55,792 - Review.reviews.envw_review - INFO - Universe rows: 5317 | Missing #Symbol: 2 | Missing FX(USD): 168 | Missing EOD price: 2 | Missing Adj price: 2
2026-01-28 14:33:55,793 - Review.reviews.envw_review - INFO - Starting universe size: 5317 stocks
2026-01-28 14:33:55,795 - Review.reviews.envw_review - INFO - Step 1: Using universe 'EDWPT' as starting set...
2026-01-28 14:33:55,796 - Review.reviews.envw_review - INFO - Step 2: Applying ESG compliance screening...
2026-01-28 14:33:55,797 - Review.reviews.envw_review - INFO - Universe size after ESG screening: 5313 stocks
2026-01-28 14:33:55,798 - Review.reviews.envw_review - INFO - Step 3: Ranking by ESG Risk Score and Free Float Market Cap...
2026-01-28 14:33:55,800 - Review.reviews.envw_review - INFO - Step 4: Selecting top 120 constituents...
2026-01-28 14:33:55,801 - Review.reviews.envw_review - INFO - Selected 120 constituents for ENVW index
2026-01-28 14:33:55,801 - Review.reviews.envw_review - INFO - Calculating ESG-based weights...
2026-01-28 14:33:55,802 - Review.reviews.envw_review - INFO - Applying 10% weight cap...
2026-01-28 14:33:55,802 - Review.reviews.envw_review - INFO - Capping completed in 0 iterations
2026-01-28 14:33:55,802 - Review.reviews.envw_review - INFO - Weight range: 0.70% to 1.68%
2026-01-28 14:33:55,804 - Review.reviews.envw_review - INFO - Performing inclusion/exclusion analysis...
2026-01-28 14:33:55,808 - Review.reviews.envw_review - INFO - Inclusions: 33, Exclusions: 30
2026-01-28 14:33:55,808 - Review.reviews.envw_review - INFO - Saving ENVW output to: C:\Users\CSonneveld\OneDrive - Euronext\Documents\Projects\GUI + Reviews - Copy\output\ENVW_df_20260128_143355.xlsx
Completed ENVW review in 1.82 seconds
