Starting C6RIP review at 2026-01-28 14:32:32.527068
2026-01-28 14:32:32,881 - Review.reviews.c6rip_review - INFO - Loading EOD data...
Loaded index data from 2 file(s)
Loaded stock EOD data from 2 file(s)
Loaded stock CO data from 2 file(s)
Created FX lookup table with 35 unique currency pairs
Available currency pairs: 15 currencies -> 6 index currencies
2026-01-28 14:32:33,495 - Review.reviews.c6rip_review - INFO - Loading reference data...
2026-01-28 14:32:34,126 - Review.reviews.c6rip_review - INFO - Starting universe size: 60 stocks
2026-01-28 14:32:34,127 - Review.reviews.c6rip_review - INFO - Step 1: Index Universe - CAC Large 60 constituents...
2026-01-28 14:32:34,127 - Review.reviews.c6rip_review - INFO - Universe size: 60 stocks
2026-01-28 14:32:34,127 - Review.reviews.c6rip_review - INFO - Step 2: No eligibility screening applied
2026-01-28 14:32:34,128 - Review.reviews.c6rip_review - INFO - Step 3: Ranking by Sustainability Score (ESG Risk Score) and Free Float Market Cap...
2026-01-28 14:32:34,133 - Review.reviews.c6rip_review - INFO - Step 4: Selecting all constituents...
2026-01-28 14:32:34,133 - Review.reviews.c6rip_review - INFO - Selected 60 constituents for c6rip index
2026-01-28 14:32:34,133 - Review.reviews.c6rip_review - INFO - Calculating rank-based weights...
2026-01-28 14:32:34,134 - Review.reviews.c6rip_review - INFO - Weight range: 0.8333% to 2.5000%
2026-01-28 14:32:34,134 - Review.reviews.c6rip_review - INFO - Total weight: 100.0000%
2026-01-28 14:32:34,136 - Review.reviews.c6rip_review - INFO - Performing inclusion/exclusion analysis...
2026-01-28 14:32:34,140 - Review.reviews.c6rip_review - INFO - Inclusions: 0, Exclusions: 0
2026-01-28 14:32:34,140 - Review.reviews.c6rip_review - INFO - Saving c6rip output to: C:\Users\CSonneveld\OneDrive - Euronext\Documents\Projects\GUI + Reviews - Copy\output\C6RIP_df_20260128_143234.xlsx
Completed C6RIP review in 1.67 seconds
