2025-04-11 09:39:06,120 - werkzeug - WARNING -  * Debugger is active!
2025-04-11 09:39:06,123 - werkzeug - INFO -  * Debugger PIN: 691-175-853
2025-04-11 09:39:09,715 - Review.reviews.lc100_review - INFO - Loading EOD data...
2025-04-11 09:39:21,183 - Review.reviews.lc100_review - ERROR - Error during review calculation: [Errno 22] Invalid argument: 'V:\\PM-Indices-IndexOperations\\General\\Daily downloadfiles\\Monthly Archive\\TTMIndexUS1_GIS_EOD_INDEX_20250403.csv'
2025-04-11 09:39:21,193 - werkzeug - INFO -  * Detected change in 'C:\\Users\\CSonneveld\\AppData\\Roaming\\Python\\Python312\\site-packages\\pandas\\io\\parsers\\readers.py', reloading
2025-04-11 09:39:21,195 - Review.reviews.lc100_review - ERROR - Traceback (most recent call last):
  File "C:\Users\CSonneveld\OneDrive - Euronext\Documents\Projects\GUI + Reviews\Review\reviews\lc100_review.py", line 45, in run_lc100_review
    index_eod_df, stock_eod_df, stock_co_df = load_eod_data(date, co_date, area, area2, DLF_FOLDER)
                                              ^^^^^^^^^^^^^^^^^^^^^^^^^^^^^^^^^^^^^^^^^^^^^^^^^^^^^
  File "C:\Users\CSonneveld\OneDrive - Euronext\Documents\Projects\GUI + Reviews\utils\data_loader.py", line 9, in load_eod_data
    index_eod_us_df = read_semicolon_csv(
                      ^^^^^^^^^^^^^^^^^^^
  File "C:\Users\CSonneveld\OneDrive - Euronext\Documents\Projects\GUI + Reviews\Review\functions.py", line 4, in read_semicolon_csv
    return pd.read_csv(file_path, sep=';', encoding=encoding)
           ^^^^^^^^^^^^^^^^^^^^^^^^^^^^^^^^^^^^^^^^^^^^^^^^^^
  File "C:\Users\CSonneveld\AppData\Roaming\Python\Python312\site-packages\pandas\io\parsers\readers.py", line 1026, in read_csv
    return _read(filepath_or_buffer, kwds)
           ^^^^^^^^^^^^^^^^^^^^^^^^^^^^^^^
  File "C:\Users\CSonneveld\AppData\Roaming\Python\Python312\site-packages\pandas\io\parsers\readers.py", line 620, in _read
    parser = TextFileReader(filepath_or_buffer, **kwds)
             ^^^^^^^^^^^^^^^^^^^^^^^^^^^^^^^^^^^^^^^^^^
  File "C:\Users\CSonneveld\AppData\Roaming\Python\Python312\site-packages\pandas\io\parsers\readers.py", line 1620, in __init__
    self._engine = self._make_engine(f, self.engine)
                   ^^^^^^^^^^^^^^^^^^^^^^^^^^^^^^^^^
  File "C:\Users\CSonneveld\AppData\Roaming\Python\Python312\site-packages\pandas\io\parsers\readers.py", line 1880, in _make_engine
    self.handles = get_handle(
                   ^^^^^^^^^^^
  File "C:\Users\CSonneveld\AppData\Roaming\Python\Python312\site-packages\pandas\io\common.py", line 873, in get_handle
    handle = open(
             ^^^^^
OSError: [Errno 22] Invalid argument: 'V:\\PM-Indices-IndexOperations\\General\\Daily downloadfiles\\Monthly Archive\\TTMIndexUS1_GIS_EOD_INDEX_20250403.csv'

2025-04-11 09:39:21,196 - werkzeug - INFO -  * Detected change in 'C:\\Users\\CSonneveld\\AppData\\Roaming\\Python\\Python312\\site-packages\\pandas\\io\\common.py', reloading
2025-04-11 09:39:21,198 - werkzeug - INFO - 127.0.0.1 - - [11/Apr/2025 09:39:21] "POST /calculate HTTP/1.1" 200 -
