2025-02-04 18:32:15,822 - werkzeug - WARNING -  * Debugger is active!
2025-02-04 18:32:15,824 - werkzeug - INFO -  * Debugger PIN: 691-175-853
2025-02-04 18:32:16,289 - Review.reviews.gicp_review - INFO - Loading EOD data...
2025-02-04 18:32:19,284 - Review.reviews.gicp_review - INFO - Loading reference data...
2025-02-04 18:32:26,126 - Review.reviews.gicp_review - INFO - Processing market data...
2025-02-04 18:32:26,218 - Review.reviews.gicp_review - INFO - Category_1 weight: 12.0000% (target: 12.0000%)
2025-02-04 18:32:26,219 - Review.reviews.gicp_review - INFO - Category_2 weight: 12.0000% (target: 12.0000%)
2025-02-04 18:32:26,220 - Review.reviews.gicp_review - INFO - Category_3 weight: 12.0000% (target: 12.0000%)
2025-02-04 18:32:26,220 - Review.reviews.gicp_review - INFO - Category_4 weight: 12.0000% (target: 12.0000%)
2025-02-04 18:32:26,221 - Review.reviews.gicp_review - INFO - Category_5 weight: 12.0000% (target: 12.0000%)
2025-02-04 18:32:26,222 - Review.reviews.gicp_review - INFO - Category_6 weight: 20.0000% (target: 20.0000%)
2025-02-04 18:32:26,222 - Review.reviews.gicp_review - INFO - Category_7 weight: 20.0000% (target: 20.0000%)
2025-02-04 18:32:26,223 - Review.reviews.gicp_review - INFO - 
Final Weight Verification:
2025-02-04 18:32:26,224 - Review.reviews.gicp_review - INFO - Category_1 final weight: 12.0000%
2025-02-04 18:32:26,225 - Review.reviews.gicp_review - INFO - Category_2 final weight: 12.0000%
2025-02-04 18:32:26,226 - Review.reviews.gicp_review - INFO - Category_3 final weight: 12.0000%
2025-02-04 18:32:26,226 - Review.reviews.gicp_review - INFO - Category_4 final weight: 12.0000%
2025-02-04 18:32:26,227 - Review.reviews.gicp_review - INFO - Category_5 final weight: 12.0000%
2025-02-04 18:32:26,227 - Review.reviews.gicp_review - INFO - Category_6 final weight: 20.0000%
2025-02-04 18:32:26,228 - Review.reviews.gicp_review - INFO - Category_7 final weight: 20.0000%
2025-02-04 18:32:26,228 - Review.reviews.gicp_review - INFO - Maximum constituent weight: 10.0000%
2025-02-04 18:32:26,231 - Review.reviews.gicp_review - ERROR - Error during review calculation: "['Company'] not in index"
2025-02-04 18:32:26,235 - werkzeug - INFO -  * Detected change in 'C:\\Users\\CSonneveld\\AppData\\Roaming\\Python\\Python312\\site-packages\\pandas\\core\\frame.py', reloading
2025-02-04 18:32:26,236 - Review.reviews.gicp_review - ERROR - Traceback (most recent call last):
  File "C:\Users\CSonneveld\OneDrive - Euronext\Documents\Projects\GUI + Reviews\Review\reviews\gicp_review.py", line 399, in run_gicp_review
    analysis_results = inclusion_exclusion_analysis(
                       ^^^^^^^^^^^^^^^^^^^^^^^^^^^^^
  File "C:\Users\CSonneveld\OneDrive - Euronext\Documents\Projects\GUI + Reviews\utils\inclusion_exclusion.py", line 26, in inclusion_exclusion_analysis
    inclusion_df = selection_df[selection_df['Inclusion']][[
                   ^^^^^^^^^^^^^^^^^^^^^^^^^^^^^^^^^^^^^^^^^
  File "C:\Users\CSonneveld\AppData\Roaming\Python\Python312\site-packages\pandas\core\frame.py", line 4108, in __getitem__
    indexer = self.columns._get_indexer_strict(key, "columns")[1]
              ^^^^^^^^^^^^^^^^^^^^^^^^^^^^^^^^^^^^^^^^^^^^^^^^
  File "C:\Users\CSonneveld\AppData\Roaming\Python\Python312\site-packages\pandas\core\indexes\base.py", line 6200, in _get_indexer_strict
    self._raise_if_missing(keyarr, indexer, axis_name)
  File "C:\Users\CSonneveld\AppData\Roaming\Python\Python312\site-packages\pandas\core\indexes\base.py", line 6252, in _raise_if_missing
    raise KeyError(f"{not_found} not in index")
KeyError: "['Company'] not in index"

2025-02-04 18:32:26,236 - werkzeug - INFO -  * Detected change in 'C:\\Users\\CSonneveld\\AppData\\Roaming\\Python\\Python312\\site-packages\\pandas\\core\\indexes\\base.py', reloading
2025-02-04 18:32:26,254 - werkzeug - INFO - 127.0.0.1 - - [04/Feb/2025 18:32:26] "POST /calculate HTTP/1.1" 200 -
