2025-07-23 16:21:07,503 - werkzeug - WARNING -  * Debugger is active!
2025-07-23 16:21:07,508 - werkzeug - INFO -  * Debugger PIN: 691-175-853
2025-07-23 16:21:10,128 - Review.reviews.eri5p_review - INFO - Loading EOD data...
2025-07-23 16:21:13,921 - Review.reviews.eri5p_review - INFO - Loading reference data...
2025-07-23 16:21:15,405 - Review.reviews.eri5p_review - INFO - Total universe: 300 companies
2025-07-23 16:21:15,415 - Review.reviews.eri5p_review - INFO - Excluded by FFMC filter: 49 companies
2025-07-23 16:21:15,415 - Review.reviews.eri5p_review - INFO - Excluded by turnover filter: 124 companies
2025-07-23 16:21:15,415 - Review.reviews.eri5p_review - INFO - Excluded by opinion filter: 55 companies
2025-07-23 16:21:15,415 - Review.reviews.eri5p_review - INFO - Excluded by multiple filters: 57 companies
2025-07-23 16:21:15,415 - Review.reviews.eri5p_review - INFO - Total excluded: 168 companies
2025-07-23 16:21:15,415 - Review.reviews.eri5p_review - INFO - Eligible for selection: 132 companies
2025-07-23 16:21:15,415 - Review.reviews.eri5p_review - INFO - Selecting top 50 companies ranked by Sustainability score (with FFMC as tiebreaker) from eligible companies...
2025-07-23 16:21:15,415 - Review.reviews.eri5p_review - ERROR - Error during review calculation: 'Sustainability score'
2025-07-23 16:21:15,429 - werkzeug - INFO -  * Detected change in 'C:\\Users\\CSonneveld\\AppData\\Roaming\\Python\\Python312\\site-packages\\pandas\\core\\frame.py', reloading
2025-07-23 16:21:15,430 - Review.reviews.eri5p_review - ERROR - Traceback (most recent call last):
  File "C:\Users\CSonneveld\OneDrive - Euronext\Documents\Projects\GUI + Reviews\Review\reviews\eri5p_review.py", line 158, in run_eri5p_review
    top_50_eligible = eligible_df.sort_values(['Sustainability score', 'FFMC'], ascending=[False, False]).head(top_n).copy()
                      ^^^^^^^^^^^^^^^^^^^^^^^^^^^^^^^^^^^^^^^^^^^^^^^^^^^^^^^^^^^^^^^^^^^^^^^^^^^^^^^^^^^
  File "C:\Users\CSonneveld\AppData\Roaming\Python\Python312\site-packages\pandas\core\frame.py", line 7172, in sort_values
    keys = [self._get_label_or_level_values(x, axis=axis) for x in by]
            ^^^^^^^^^^^^^^^^^^^^^^^^^^^^^^^^^^^^^^^^^^^^^
  File "C:\Users\CSonneveld\AppData\Roaming\Python\Python312\site-packages\pandas\core\generic.py", line 1911, in _get_label_or_level_values
    raise KeyError(key)
KeyError: 'Sustainability score'

2025-07-23 16:21:15,430 - werkzeug - INFO -  * Detected change in 'C:\\Users\\CSonneveld\\AppData\\Roaming\\Python\\Python312\\site-packages\\pandas\\core\\generic.py', reloading
2025-07-23 16:21:15,436 - werkzeug - INFO - 127.0.0.1 - - [23/Jul/2025 16:21:15] "POST /calculate HTTP/1.1" 200 -
