2025-01-30 17:43:37,856 - werkzeug - WARNING -  * Debugger is active!
2025-01-30 17:43:37,856 - werkzeug - INFO -  * Debugger PIN: 691-175-853
2025-01-30 17:43:39,373 - Review.reviews.ses5p_review - INFO - Loading EOD data...
2025-01-30 17:43:41,100 - Review.reviews.ses5p_review - INFO - Loading reference data...
2025-01-30 17:43:47,821 - Review.reviews.ses5p_review - ERROR - Error during review calculation: 'Subsector Code'
2025-01-30 17:43:47,825 - werkzeug - INFO -  * Detected change in 'C:\\Users\\CSonneveld\\AppData\\Roaming\\Python\\Python312\\site-packages\\pandas\\core\\frame.py', reloading
2025-01-30 17:43:47,827 - werkzeug - INFO -  * Detected change in 'C:\\Users\\CSonneveld\\AppData\\Roaming\\Python\\Python312\\site-packages\\pandas\\core\\indexes\\base.py', reloading
2025-01-30 17:43:47,827 - Review.reviews.ses5p_review - ERROR - Traceback (most recent call last):
  File "C:\Users\CSonneveld\AppData\Roaming\Python\Python312\site-packages\pandas\core\indexes\base.py", line 3805, in get_loc
    return self._engine.get_loc(casted_key)
           ^^^^^^^^^^^^^^^^^^^^^^^^^^^^^^^^
  File "index.pyx", line 167, in pandas._libs.index.IndexEngine.get_loc
  File "index.pyx", line 196, in pandas._libs.index.IndexEngine.get_loc
  File "pandas\\_libs\\hashtable_class_helper.pxi", line 7081, in pandas._libs.hashtable.PyObjectHashTable.get_item
  File "pandas\\_libs\\hashtable_class_helper.pxi", line 7089, in pandas._libs.hashtable.PyObjectHashTable.get_item
KeyError: 'Subsector Code'

The above exception was the direct cause of the following exception:

Traceback (most recent call last):
  File "C:\Users\CSonneveld\OneDrive - Euronext\Documents\Projects\GUI + Reviews\Review\reviews\ses5p_review.py", line 135, in run_ses5p_review
    eurozone_300_df['ICB_Supersector'] = eurozone_300_df['Subsector Code'].astype(str).str[:4]
                                         ~~~~~~~~~~~~~~~^^^^^^^^^^^^^^^^^^
  File "C:\Users\CSonneveld\AppData\Roaming\Python\Python312\site-packages\pandas\core\frame.py", line 4102, in __getitem__
    indexer = self.columns.get_loc(key)
              ^^^^^^^^^^^^^^^^^^^^^^^^^
  File "C:\Users\CSonneveld\AppData\Roaming\Python\Python312\site-packages\pandas\core\indexes\base.py", line 3812, in get_loc
    raise KeyError(key) from err
KeyError: 'Subsector Code'

2025-01-30 17:43:47,852 - werkzeug - INFO - 127.0.0.1 - - [30/Jan/2025 17:43:47] "POST /calculate HTTP/1.1" 200 -
