2025-01-22 12:36:02,245 - werkzeug - WARNING -  * Debugger is active!
2025-01-22 12:36:02,248 - werkzeug - INFO -  * Debugger PIN: 691-175-853
2025-01-22 12:36:03,686 - Review.reviews.fri4p_review - INFO - Loading EOD data...
2025-01-22 12:36:04,640 - Review.reviews.fri4p_review - INFO - Loading reference data...
2025-01-22 12:36:12,231 - Review.reviews.fri4p_review - INFO - Processing sector: 1010.0, area: AS, group size: 45
2025-01-22 12:36:12,232 - Review.reviews.fri4p_review - INFO - Companies in group: 45, to exclude: 8
2025-01-22 12:36:12,232 - Review.reviews.fri4p_review - INFO - Processing sector: 1010.0, area: EU, group size: 20
2025-01-22 12:36:12,234 - Review.reviews.fri4p_review - INFO - Companies in group: 20, to exclude: 3
2025-01-22 12:36:12,234 - Review.reviews.fri4p_review - INFO - Processing sector: 1010.0, area: NA, group size: 72
2025-01-22 12:36:12,235 - Review.reviews.fri4p_review - INFO - Companies in group: 72, to exclude: 14
2025-01-22 12:36:12,235 - Review.reviews.fri4p_review - INFO - Processing sector: 1510.0, area: AS, group size: 12
2025-01-22 12:36:12,236 - Review.reviews.fri4p_review - INFO - Companies in group: 12, to exclude: 2
2025-01-22 12:36:12,236 - Review.reviews.fri4p_review - INFO - Processing sector: 1510.0, area: EU, group size: 17
2025-01-22 12:36:12,237 - Review.reviews.fri4p_review - INFO - Companies in group: 17, to exclude: 3
2025-01-22 12:36:12,237 - Review.reviews.fri4p_review - INFO - Processing sector: 1510.0, area: NA, group size: 10
2025-01-22 12:36:12,237 - Review.reviews.fri4p_review - INFO - Companies in group: 10, to exclude: 1
2025-01-22 12:36:12,238 - Review.reviews.fri4p_review - INFO - Processing sector: 2010.0, area: AS, group size: 31
2025-01-22 12:36:12,238 - Review.reviews.fri4p_review - INFO - Companies in group: 31, to exclude: 6
2025-01-22 12:36:12,239 - Review.reviews.fri4p_review - INFO - Processing sector: 2010.0, area: EU, group size: 47
2025-01-22 12:36:12,239 - Review.reviews.fri4p_review - INFO - Companies in group: 47, to exclude: 9
2025-01-22 12:36:12,239 - Review.reviews.fri4p_review - INFO - Processing sector: 2010.0, area: NA, group size: 48
2025-01-22 12:36:12,240 - Review.reviews.fri4p_review - INFO - Companies in group: 48, to exclude: 9
2025-01-22 12:36:12,240 - Review.reviews.fri4p_review - INFO - Processing sector: 3010.0, area: AS, group size: 29
2025-01-22 12:36:12,241 - Review.reviews.fri4p_review - INFO - Companies in group: 29, to exclude: 5
2025-01-22 12:36:12,241 - Review.reviews.fri4p_review - INFO - Processing sector: 3010.0, area: EU, group size: 40
2025-01-22 12:36:12,241 - Review.reviews.fri4p_review - INFO - Companies in group: 40, to exclude: 7
2025-01-22 12:36:12,241 - Review.reviews.fri4p_review - INFO - Processing sector: 3010.0, area: NA, group size: 21
2025-01-22 12:36:12,242 - Review.reviews.fri4p_review - INFO - Companies in group: 21, to exclude: 4
2025-01-22 12:36:12,242 - Review.reviews.fri4p_review - INFO - Processing sector: 3020.0, area: AS, group size: 15
2025-01-22 12:36:12,243 - Review.reviews.fri4p_review - INFO - Companies in group: 15, to exclude: 2
2025-01-22 12:36:12,243 - Review.reviews.fri4p_review - INFO - Processing sector: 3020.0, area: EU, group size: 30
2025-01-22 12:36:12,243 - Review.reviews.fri4p_review - INFO - Companies in group: 30, to exclude: 5
2025-01-22 12:36:12,243 - Review.reviews.fri4p_review - INFO - Processing sector: 3020.0, area: NA, group size: 32
2025-01-22 12:36:12,244 - Review.reviews.fri4p_review - INFO - Companies in group: 32, to exclude: 6
2025-01-22 12:36:12,244 - Review.reviews.fri4p_review - INFO - Processing sector: 3030.0, area: AS, group size: 14
2025-01-22 12:36:12,244 - Review.reviews.fri4p_review - INFO - Companies in group: 14, to exclude: 2
2025-01-22 12:36:12,244 - Review.reviews.fri4p_review - INFO - Processing sector: 3030.0, area: EU, group size: 30
2025-01-22 12:36:12,245 - Review.reviews.fri4p_review - INFO - Companies in group: 30, to exclude: 5
2025-01-22 12:36:12,245 - Review.reviews.fri4p_review - INFO - Processing sector: 3030.0, area: NA, group size: 23
2025-01-22 12:36:12,246 - Review.reviews.fri4p_review - INFO - Companies in group: 23, to exclude: 4
2025-01-22 12:36:12,246 - Review.reviews.fri4p_review - INFO - Processing sector: 3510.0, area: AS, group size: 47
2025-01-22 12:36:12,247 - Review.reviews.fri4p_review - INFO - Companies in group: 47, to exclude: 9
2025-01-22 12:36:12,247 - Review.reviews.fri4p_review - INFO - Processing sector: 3510.0, area: EU, group size: 21
2025-01-22 12:36:12,248 - Review.reviews.fri4p_review - INFO - Companies in group: 21, to exclude: 4
2025-01-22 12:36:12,248 - Review.reviews.fri4p_review - INFO - Processing sector: 3510.0, area: NA, group size: 22
2025-01-22 12:36:12,248 - Review.reviews.fri4p_review - INFO - Companies in group: 22, to exclude: 4
2025-01-22 12:36:12,249 - Review.reviews.fri4p_review - INFO - Processing sector: 4010.0, area: AS, group size: 15
2025-01-22 12:36:12,249 - Review.reviews.fri4p_review - INFO - Companies in group: 15, to exclude: 2
2025-01-22 12:36:12,249 - Review.reviews.fri4p_review - INFO - Processing sector: 4010.0, area: EU, group size: 12
2025-01-22 12:36:12,249 - Review.reviews.fri4p_review - INFO - Companies in group: 12, to exclude: 2
2025-01-22 12:36:12,250 - Review.reviews.fri4p_review - INFO - Processing sector: 4010.0, area: NA, group size: 4
2025-01-22 12:36:12,250 - Review.reviews.fri4p_review - INFO - Companies in group: 4, to exclude: 0
2025-01-22 12:36:12,250 - Review.reviews.fri4p_review - WARNING - No companies to exclude for sector 4010.0 and area NA
2025-01-22 12:36:12,250 - Review.reviews.fri4p_review - INFO - Processing sector: 4020.0, area: AS, group size: 28
2025-01-22 12:36:12,251 - Review.reviews.fri4p_review - INFO - Companies in group: 28, to exclude: 5
2025-01-22 12:36:12,251 - Review.reviews.fri4p_review - INFO - Processing sector: 4020.0, area: EU, group size: 22
2025-01-22 12:36:12,251 - Review.reviews.fri4p_review - INFO - Companies in group: 22, to exclude: 4
2025-01-22 12:36:12,252 - Review.reviews.fri4p_review - INFO - Processing sector: 4020.0, area: NA, group size: 16
2025-01-22 12:36:12,252 - Review.reviews.fri4p_review - INFO - Companies in group: 16, to exclude: 3
2025-01-22 12:36:12,253 - Review.reviews.fri4p_review - INFO - Processing sector: 4030.0, area: AS, group size: 7
2025-01-22 12:36:12,253 - Review.reviews.fri4p_review - INFO - Companies in group: 7, to exclude: 1
2025-01-22 12:36:12,253 - Review.reviews.fri4p_review - INFO - Processing sector: 4030.0, area: EU, group size: 8
2025-01-22 12:36:12,254 - Review.reviews.fri4p_review - INFO - Companies in group: 8, to exclude: 1
2025-01-22 12:36:12,254 - Review.reviews.fri4p_review - INFO - Processing sector: 4030.0, area: NA, group size: 7
2025-01-22 12:36:12,254 - Review.reviews.fri4p_review - INFO - Companies in group: 7, to exclude: 1
2025-01-22 12:36:12,254 - Review.reviews.fri4p_review - INFO - Processing sector: 4040.0, area: AS, group size: 14
2025-01-22 12:36:12,255 - Review.reviews.fri4p_review - INFO - Companies in group: 14, to exclude: 2
2025-01-22 12:36:12,255 - Review.reviews.fri4p_review - INFO - Processing sector: 4040.0, area: EU, group size: 10
2025-01-22 12:36:12,255 - Review.reviews.fri4p_review - INFO - Companies in group: 10, to exclude: 1
2025-01-22 12:36:12,256 - Review.reviews.fri4p_review - INFO - Processing sector: 4040.0, area: NA, group size: 18
2025-01-22 12:36:12,256 - Review.reviews.fri4p_review - INFO - Companies in group: 18, to exclude: 3
2025-01-22 12:36:12,256 - Review.reviews.fri4p_review - INFO - Processing sector: 4050.0, area: AS, group size: 19
2025-01-22 12:36:12,257 - Review.reviews.fri4p_review - INFO - Companies in group: 19, to exclude: 3
2025-01-22 12:36:12,257 - Review.reviews.fri4p_review - INFO - Processing sector: 4050.0, area: EU, group size: 13
2025-01-22 12:36:12,257 - Review.reviews.fri4p_review - INFO - Companies in group: 13, to exclude: 2
2025-01-22 12:36:12,258 - Review.reviews.fri4p_review - INFO - Processing sector: 4050.0, area: NA, group size: 21
2025-01-22 12:36:12,258 - Review.reviews.fri4p_review - INFO - Companies in group: 21, to exclude: 4
2025-01-22 12:36:12,258 - Review.reviews.fri4p_review - INFO - Processing sector: 4510.0, area: AS, group size: 24
2025-01-22 12:36:12,258 - Review.reviews.fri4p_review - INFO - Companies in group: 24, to exclude: 4
2025-01-22 12:36:12,259 - Review.reviews.fri4p_review - INFO - Processing sector: 4510.0, area: EU, group size: 27
2025-01-22 12:36:12,259 - Review.reviews.fri4p_review - INFO - Companies in group: 27, to exclude: 5
2025-01-22 12:36:12,259 - Review.reviews.fri4p_review - INFO - Processing sector: 4510.0, area: NA, group size: 16
2025-01-22 12:36:12,260 - Review.reviews.fri4p_review - INFO - Companies in group: 16, to exclude: 3
2025-01-22 12:36:12,260 - Review.reviews.fri4p_review - INFO - Processing sector: 4520.0, area: AS, group size: 14
2025-01-22 12:36:12,260 - Review.reviews.fri4p_review - INFO - Companies in group: 14, to exclude: 2
2025-01-22 12:36:12,260 - Review.reviews.fri4p_review - INFO - Processing sector: 4520.0, area: EU, group size: 13
2025-01-22 12:36:12,261 - Review.reviews.fri4p_review - INFO - Companies in group: 13, to exclude: 2
2025-01-22 12:36:12,261 - Review.reviews.fri4p_review - INFO - Processing sector: 4520.0, area: NA, group size: 12
2025-01-22 12:36:12,261 - Review.reviews.fri4p_review - INFO - Companies in group: 12, to exclude: 2
2025-01-22 12:36:12,262 - Review.reviews.fri4p_review - INFO - Processing sector: 5010.0, area: AS, group size: 18
2025-01-22 12:36:12,262 - Review.reviews.fri4p_review - INFO - Companies in group: 18, to exclude: 3
2025-01-22 12:36:12,263 - Review.reviews.fri4p_review - INFO - Processing sector: 5010.0, area: EU, group size: 24
2025-01-22 12:36:12,264 - Review.reviews.fri4p_review - INFO - Companies in group: 24, to exclude: 4
2025-01-22 12:36:12,264 - Review.reviews.fri4p_review - INFO - Processing sector: 5010.0, area: NA, group size: 14
2025-01-22 12:36:12,265 - Review.reviews.fri4p_review - INFO - Companies in group: 14, to exclude: 2
2025-01-22 12:36:12,265 - Review.reviews.fri4p_review - INFO - Processing sector: 5020.0, area: AS, group size: 100
2025-01-22 12:36:12,266 - Review.reviews.fri4p_review - INFO - Companies in group: 100, to exclude: 19
2025-01-22 12:36:12,266 - Review.reviews.fri4p_review - INFO - Processing sector: 5020.0, area: EU, group size: 91
2025-01-22 12:36:12,267 - Review.reviews.fri4p_review - INFO - Companies in group: 91, to exclude: 18
2025-01-22 12:36:12,267 - Review.reviews.fri4p_review - INFO - Processing sector: 5020.0, area: NA, group size: 81
2025-01-22 12:36:12,268 - Review.reviews.fri4p_review - INFO - Companies in group: 81, to exclude: 16
2025-01-22 12:36:12,268 - Review.reviews.fri4p_review - INFO - Processing sector: 5510.0, area: AS, group size: 18
2025-01-22 12:36:12,269 - Review.reviews.fri4p_review - INFO - Companies in group: 18, to exclude: 3
2025-01-22 12:36:12,269 - Review.reviews.fri4p_review - INFO - Processing sector: 5510.0, area: EU, group size: 13
2025-01-22 12:36:12,270 - Review.reviews.fri4p_review - INFO - Companies in group: 13, to exclude: 2
2025-01-22 12:36:12,270 - Review.reviews.fri4p_review - INFO - Processing sector: 5510.0, area: NA, group size: 12
2025-01-22 12:36:12,270 - Review.reviews.fri4p_review - INFO - Companies in group: 12, to exclude: 2
2025-01-22 12:36:12,270 - Review.reviews.fri4p_review - INFO - Processing sector: 5520.0, area: AS, group size: 18
2025-01-22 12:36:12,271 - Review.reviews.fri4p_review - INFO - Companies in group: 18, to exclude: 3
2025-01-22 12:36:12,271 - Review.reviews.fri4p_review - INFO - Processing sector: 5520.0, area: EU, group size: 16
2025-01-22 12:36:12,271 - Review.reviews.fri4p_review - INFO - Companies in group: 16, to exclude: 3
2025-01-22 12:36:12,272 - Review.reviews.fri4p_review - INFO - Processing sector: 5520.0, area: NA, group size: 6
2025-01-22 12:36:12,272 - Review.reviews.fri4p_review - INFO - Companies in group: 6, to exclude: 1
2025-01-22 12:36:12,272 - Review.reviews.fri4p_review - INFO - Processing sector: 6010.0, area: AS, group size: 10
2025-01-22 12:36:12,273 - Review.reviews.fri4p_review - INFO - Companies in group: 10, to exclude: 1
2025-01-22 12:36:12,273 - Review.reviews.fri4p_review - INFO - Processing sector: 6010.0, area: EU, group size: 20
2025-01-22 12:36:12,274 - Review.reviews.fri4p_review - INFO - Companies in group: 20, to exclude: 3
2025-01-22 12:36:12,274 - Review.reviews.fri4p_review - INFO - Processing sector: 6010.0, area: NA, group size: 34
2025-01-22 12:36:12,274 - Review.reviews.fri4p_review - INFO - Companies in group: 34, to exclude: 6
2025-01-22 12:36:12,275 - Review.reviews.fri4p_review - INFO - Processing sector: 6510.0, area: AS, group size: 22
2025-01-22 12:36:12,275 - Review.reviews.fri4p_review - INFO - Companies in group: 22, to exclude: 4
2025-01-22 12:36:12,276 - Review.reviews.fri4p_review - INFO - Processing sector: 6510.0, area: EU, group size: 26
2025-01-22 12:36:12,276 - Review.reviews.fri4p_review - INFO - Companies in group: 26, to exclude: 5
2025-01-22 12:36:12,276 - Review.reviews.fri4p_review - INFO - Processing sector: 6510.0, area: NA, group size: 31
2025-01-22 12:36:12,277 - Review.reviews.fri4p_review - INFO - Companies in group: 31, to exclude: 6
2025-01-22 12:36:24,518 - Review.reviews.fri4p_review - INFO - Checking IsinCode FRIX00003643 in index_eod_df
2025-01-22 12:36:24,519 - Review.reviews.fri4p_review - INFO - Found 1 matching rows
2025-01-22 12:36:24,528 - Review.reviews.fri4p_review - INFO - Saving FRI4P output to: C:\Users\CSonneveld\OneDrive - Euronext\Documents\Projects\GUI + Reviews\output\FRI4P_df_20250122_123624.xlsx
2025-01-22 12:36:24,928 - werkzeug - INFO - 127.0.0.1 - - [22/Jan/2025 12:36:24] "POST /calculate HTTP/1.1" 200 -
2025-01-22 13:17:38,628 - werkzeug - INFO -  * Detected change in 'C:\\Users\\CSonneveld\\OneDrive - Euronext\\Documents\\Projects\\GUI + Reviews\\Review\\reviews\\edwp_review.py', reloading
