2025-02-10 14:29:53,244 - werkzeug - INFO - [31m[1mWARNING: This is a development server. Do not use it in a production deployment. Use a production WSGI server instead.[0m
 * Running on http://127.0.0.1:5000
2025-02-10 14:29:53,245 - werkzeug - INFO - [33mPress CTRL+C to quit[0m
2025-02-10 14:29:53,252 - werkzeug - INFO -  * Restarting with watchdog (windowsapi)
2025-02-10 14:29:53,729 - werkzeug - WARNING -  * Debugger is active!
2025-02-10 14:29:53,731 - werkzeug - INFO -  * Debugger PIN: 691-175-853
2025-02-10 14:29:53,757 - Review.reviews.aerdp_review - INFO - Loading EOD data...
2025-02-10 14:29:56,200 - Review.reviews.aerdp_review - INFO - Loading reference data...
2025-02-10 14:30:03,525 - Review.reviews.aerdp_review - ERROR - Error during review calculation: "['Name'] not in index"
2025-02-10 14:30:03,528 - Review.reviews.aerdp_review - ERROR - Traceback (most recent call last):
  File "C:\Users\CSonneveld\OneDrive - Euronext\Documents\Projects\GUI + Reviews\Review\reviews\aerdp_review.py", line 227, in run_aerdp_review
    AERDP_df = selection_df[
               ^^^^^^^^^^^^^
  File "C:\Users\CSonneveld\AppData\Roaming\Python\Python312\site-packages\pandas\core\frame.py", line 4108, in __getitem__
    indexer = self.columns._get_indexer_strict(key, "columns")[1]
              ^^^^^^^^^^^^^^^^^^^^^^^^^^^^^^^^^^^^^^^^^^^^^^^^
  File "C:\Users\CSonneveld\AppData\Roaming\Python\Python312\site-packages\pandas\core\indexes\base.py", line 6200, in _get_indexer_strict
    self._raise_if_missing(keyarr, indexer, axis_name)
  File "C:\Users\CSonneveld\AppData\Roaming\Python\Python312\site-packages\pandas\core\indexes\base.py", line 6252, in _raise_if_missing
    raise KeyError(f"{not_found} not in index")
KeyError: "['Name'] not in index"

2025-02-10 14:30:03,548 - werkzeug - INFO - 127.0.0.1 - - [10/Feb/2025 14:30:03] "POST /calculate HTTP/1.1" 200 -
2025-02-10 14:30:12,596 - werkzeug - INFO -  * Detected change in 'C:\\Users\\CSonneveld\\OneDrive - Euronext\\Documents\\Projects\\GUI + Reviews\\Review\\reviews\\aerdp_review.py', reloading
2025-02-10 14:30:12,597 - werkzeug - INFO -  * Detected change in 'C:\\Users\\CSonneveld\\OneDrive - Euronext\\Documents\\Projects\\GUI + Reviews\\Review\\reviews\\aerdp_review.py', reloading
2025-02-10 14:30:13,535 - werkzeug - INFO -  * Detected change in 'C:\\Users\\CSonneveld\\OneDrive - Euronext\\Documents\\Projects\\GUI + Reviews\\Review\\reviews\\aerdp_review.py', reloading
2025-02-10 14:30:13,692 - werkzeug - INFO -  * Restarting with watchdog (windowsapi)
2025-02-10 14:30:19,405 - werkzeug - INFO -  * Restarting with watchdog (windowsapi)
2025-02-10 14:30:21,067 - werkzeug - INFO -  * Restarting with watchdog (windowsapi)
2025-02-10 14:30:38,764 - werkzeug - INFO -  * Restarting with watchdog (windowsapi)
2025-02-10 14:30:40,366 - werkzeug - INFO -  * Restarting with watchdog (windowsapi)
2025-02-10 14:30:41,998 - werkzeug - INFO -  * Restarting with watchdog (windowsapi)
2025-02-10 14:30:46,642 - werkzeug - INFO -  * Restarting with watchdog (windowsapi)
2025-02-10 14:31:18,599 - werkzeug - INFO -  * Restarting with watchdog (windowsapi)
2025-02-10 14:31:22,506 - werkzeug - INFO -  * Restarting with watchdog (windowsapi)
2025-02-10 14:32:21,981 - werkzeug - INFO -  * Restarting with watchdog (windowsapi)
2025-02-10 14:32:24,541 - werkzeug - INFO -  * Restarting with watchdog (windowsapi)
2025-02-10 14:32:33,229 - werkzeug - INFO -  * Restarting with watchdog (windowsapi)
2025-02-10 14:32:38,019 - werkzeug - INFO -  * Restarting with watchdog (windowsapi)
2025-02-10 14:32:39,579 - werkzeug - INFO -  * Restarting with watchdog (windowsapi)
2025-02-10 14:32:45,237 - werkzeug - INFO -  * Restarting with watchdog (windowsapi)
2025-02-10 14:33:13,207 - werkzeug - INFO -  * Restarting with watchdog (windowsapi)
2025-02-10 14:34:38,060 - werkzeug - INFO -  * Restarting with watchdog (windowsapi)
2025-02-10 14:35:41,070 - werkzeug - INFO -  * Restarting with watchdog (windowsapi)
2025-02-10 14:36:19,332 - werkzeug - INFO -  * Restarting with watchdog (windowsapi)
2025-02-10 14:36:57,555 - werkzeug - INFO -  * Restarting with watchdog (windowsapi)
2025-02-10 14:37:07,656 - werkzeug - INFO -  * Restarting with watchdog (windowsapi)
2025-02-10 14:37:31,639 - werkzeug - INFO -  * Restarting with watchdog (windowsapi)
2025-02-10 14:37:35,291 - werkzeug - INFO -  * Restarting with watchdog (windowsapi)
2025-02-10 14:37:36,896 - werkzeug - INFO -  * Restarting with watchdog (windowsapi)
2025-02-10 14:38:05,816 - werkzeug - INFO -  * Restarting with watchdog (windowsapi)
2025-02-10 14:39:21,834 - werkzeug - INFO -  * Restarting with watchdog (windowsapi)
2025-02-10 14:39:38,148 - werkzeug - INFO -  * Restarting with watchdog (windowsapi)
2025-02-10 14:46:42,099 - werkzeug - INFO -  * Restarting with watchdog (windowsapi)
2025-02-10 14:48:34,055 - werkzeug - INFO -  * Restarting with watchdog (windowsapi)
2025-02-10 14:48:35,653 - werkzeug - INFO -  * Restarting with watchdog (windowsapi)
2025-02-10 14:51:00,359 - werkzeug - INFO -  * Restarting with watchdog (windowsapi)
2025-02-10 14:51:01,968 - werkzeug - INFO -  * Restarting with watchdog (windowsapi)
2025-02-10 14:51:03,571 - werkzeug - INFO -  * Restarting with watchdog (windowsapi)
2025-02-10 14:51:08,539 - werkzeug - INFO -  * Restarting with watchdog (windowsapi)
2025-02-10 14:54:57,351 - werkzeug - INFO -  * Restarting with watchdog (windowsapi)
2025-02-10 14:54:59,246 - werkzeug - INFO -  * Restarting with watchdog (windowsapi)
2025-02-10 14:59:53,339 - werkzeug - INFO -  * Restarting with watchdog (windowsapi)
2025-02-10 14:59:55,228 - werkzeug - INFO -  * Restarting with watchdog (windowsapi)
2025-02-10 15:00:11,077 - werkzeug - INFO -  * Restarting with watchdog (windowsapi)
2025-02-10 15:04:52,860 - werkzeug - INFO -  * Restarting with watchdog (windowsapi)
2025-02-10 15:04:54,759 - werkzeug - INFO -  * Restarting with watchdog (windowsapi)
2025-02-10 15:05:13,906 - werkzeug - INFO -  * Restarting with watchdog (windowsapi)
2025-02-10 15:05:47,881 - werkzeug - INFO -  * Restarting with watchdog (windowsapi)
2025-02-10 15:09:57,775 - werkzeug - INFO -  * Restarting with watchdog (windowsapi)
2025-02-10 15:11:04,666 - werkzeug - INFO -  * Restarting with watchdog (windowsapi)
2025-02-10 15:11:14,428 - werkzeug - INFO -  * Restarting with watchdog (windowsapi)
2025-02-10 15:12:06,052 - werkzeug - INFO -  * Restarting with watchdog (windowsapi)
2025-02-10 15:12:43,337 - werkzeug - INFO -  * Restarting with watchdog (windowsapi)
2025-02-10 15:12:44,933 - werkzeug - INFO -  * Restarting with watchdog (windowsapi)
2025-02-10 15:13:43,311 - werkzeug - INFO -  * Restarting with watchdog (windowsapi)
2025-02-10 15:13:44,921 - werkzeug - INFO -  * Restarting with watchdog (windowsapi)
2025-02-10 15:14:34,741 - werkzeug - INFO -  * Restarting with watchdog (windowsapi)
2025-02-10 15:14:41,415 - werkzeug - INFO -  * Restarting with watchdog (windowsapi)
2025-02-10 15:14:42,999 - werkzeug - INFO -  * Restarting with watchdog (windowsapi)
2025-02-10 15:15:19,163 - werkzeug - INFO -  * Restarting with watchdog (windowsapi)
2025-02-10 15:15:25,805 - werkzeug - INFO -  * Restarting with watchdog (windowsapi)
2025-02-10 15:17:23,628 - werkzeug - INFO -  * Restarting with watchdog (windowsapi)
2025-02-10 15:17:27,341 - werkzeug - INFO -  * Restarting with watchdog (windowsapi)
2025-02-10 15:17:38,091 - werkzeug - INFO -  * Restarting with watchdog (windowsapi)
2025-02-10 15:17:44,818 - werkzeug - INFO -  * Restarting with watchdog (windowsapi)
2025-02-10 15:17:56,583 - werkzeug - INFO -  * Restarting with watchdog (windowsapi)
2025-02-10 15:17:58,449 - werkzeug - INFO -  * Restarting with watchdog (windowsapi)
2025-02-10 15:18:31,627 - werkzeug - INFO -  * Restarting with watchdog (windowsapi)
2025-02-10 15:19:00,515 - werkzeug - INFO -  * Restarting with watchdog (windowsapi)
2025-02-10 15:20:00,928 - werkzeug - INFO -  * Restarting with watchdog (windowsapi)
2025-02-10 15:20:08,772 - werkzeug - INFO -  * Restarting with watchdog (windowsapi)
2025-02-10 15:20:20,538 - werkzeug - INFO -  * Restarting with watchdog (windowsapi)
2025-02-10 15:20:49,634 - werkzeug - INFO -  * Restarting with watchdog (windowsapi)
2025-02-10 15:22:10,474 - werkzeug - INFO -  * Restarting with watchdog (windowsapi)
