2025-04-15 10:02:07,785 - werkzeug - WARNING -  * Debugger is active!
2025-04-15 10:02:07,788 - werkzeug - INFO -  * Debugger PIN: 691-175-853
2025-04-15 10:02:09,150 - Review.reviews.lc3wp_review - INFO - Loading EOD data...
2025-04-15 10:02:11,847 - Review.reviews.lc3wp_review - INFO - Loading reference data...
2025-04-15 10:02:21,481 - Review.reviews.lc3wp_review - WARNING - Removed 18750 duplicate rows from cdp_climate_df
2025-04-15 10:02:21,483 - Review.reviews.lc3wp_review - INFO - Adding Free Float data...
2025-04-15 10:02:21,495 - Review.reviews.lc3wp_review - ERROR - Error during review calculation: 'Index Ccy'
2025-04-15 10:02:21,501 - Review.reviews.lc3wp_review - ERROR - Traceback (most recent call last):
  File "C:\Users\CSonneveld\AppData\Roaming\Python\Python312\site-packages\pandas\core\indexes\base.py", line 3805, in get_loc
    return self._engine.get_loc(casted_key)
           ^^^^^^^^^^^^^^^^^^^^^^^^^^^^^^^^
  File "index.pyx", line 167, in pandas._libs.index.IndexEngine.get_loc
  File "index.pyx", line 196, in pandas._libs.index.IndexEngine.get_loc
  File "pandas\\_libs\\hashtable_class_helper.pxi", line 7081, in pandas._libs.hashtable.PyObjectHashTable.get_item
  File "pandas\\_libs\\hashtable_class_helper.pxi", line 7089, in pandas._libs.hashtable.PyObjectHashTable.get_item
KeyError: 'Index Ccy'

The above exception was the direct cause of the following exception:

Traceback (most recent call last):
  File "C:\Users\CSonneveld\OneDrive - Euronext\Documents\Projects\GUI + Reviews\Review\reviews\lc3wp_review.py", line 135, in run_lc3wp_review
    eur_deduplicated_stock_eod_df = deduplicated_stock_eod_df[deduplicated_stock_eod_df['Index Ccy'] == 'EUR']
                                                              ~~~~~~~~~~~~~~~~~~~~~~~~~^^^^^^^^^^^^^
  File "C:\Users\CSonneveld\AppData\Roaming\Python\Python312\site-packages\pandas\core\frame.py", line 4102, in __getitem__
    indexer = self.columns.get_loc(key)
              ^^^^^^^^^^^^^^^^^^^^^^^^^
  File "C:\Users\CSonneveld\AppData\Roaming\Python\Python312\site-packages\pandas\core\indexes\base.py", line 3812, in get_loc
    raise KeyError(key) from err
KeyError: 'Index Ccy'

2025-04-15 10:02:21,524 - werkzeug - INFO - 127.0.0.1 - - [15/Apr/2025 10:02:21] "POST /calculate HTTP/1.1" 200 -
2025-04-15 10:02:29,010 - Review.reviews.lc3wp_review - INFO - Loading EOD data...
2025-04-15 10:02:31,314 - Review.reviews.lc3wp_review - INFO - Loading reference data...
2025-04-15 10:02:41,102 - Review.reviews.lc3wp_review - WARNING - Removed 18750 duplicate rows from cdp_climate_df
2025-04-15 10:02:41,104 - Review.reviews.lc3wp_review - INFO - Adding Free Float data...
2025-04-15 10:02:41,117 - Review.reviews.lc3wp_review - ERROR - Error during review calculation: 'Index Ccy'
2025-04-15 10:02:41,119 - Review.reviews.lc3wp_review - ERROR - Traceback (most recent call last):
  File "C:\Users\CSonneveld\AppData\Roaming\Python\Python312\site-packages\pandas\core\indexes\base.py", line 3805, in get_loc
    return self._engine.get_loc(casted_key)
           ^^^^^^^^^^^^^^^^^^^^^^^^^^^^^^^^
  File "index.pyx", line 167, in pandas._libs.index.IndexEngine.get_loc
  File "index.pyx", line 196, in pandas._libs.index.IndexEngine.get_loc
  File "pandas\\_libs\\hashtable_class_helper.pxi", line 7081, in pandas._libs.hashtable.PyObjectHashTable.get_item
  File "pandas\\_libs\\hashtable_class_helper.pxi", line 7089, in pandas._libs.hashtable.PyObjectHashTable.get_item
KeyError: 'Index Ccy'

The above exception was the direct cause of the following exception:

Traceback (most recent call last):
  File "C:\Users\CSonneveld\OneDrive - Euronext\Documents\Projects\GUI + Reviews\Review\reviews\lc3wp_review.py", line 135, in run_lc3wp_review
    eur_deduplicated_stock_eod_df = deduplicated_stock_eod_df[deduplicated_stock_eod_df['Index Ccy'] == 'EUR']
                                                              ~~~~~~~~~~~~~~~~~~~~~~~~~^^^^^^^^^^^^^
  File "C:\Users\CSonneveld\AppData\Roaming\Python\Python312\site-packages\pandas\core\frame.py", line 4102, in __getitem__
    indexer = self.columns.get_loc(key)
              ^^^^^^^^^^^^^^^^^^^^^^^^^
  File "C:\Users\CSonneveld\AppData\Roaming\Python\Python312\site-packages\pandas\core\indexes\base.py", line 3812, in get_loc
    raise KeyError(key) from err
KeyError: 'Index Ccy'

2025-04-15 10:02:41,144 - werkzeug - INFO - 127.0.0.1 - - [15/Apr/2025 10:02:41] "POST /calculate HTTP/1.1" 200 -
2025-04-15 10:03:26,199 - werkzeug - INFO -  * Detected change in 'C:\\Users\\CSonneveld\\OneDrive - Euronext\\Documents\\Projects\\GUI + Reviews\\Review\\reviews\\lc3wp_review.py', reloading
2025-04-15 10:03:26,200 - werkzeug - INFO -  * Detected change in 'C:\\Users\\CSonneveld\\OneDrive - Euronext\\Documents\\Projects\\GUI + Reviews\\Review\\reviews\\lc3wp_review.py', reloading
