2025-04-04 11:54:15,111 - werkzeug - WARNING -  * Debugger is active!
2025-04-04 11:54:15,111 - werkzeug - INFO -  * Debugger PIN: 691-175-853
2025-04-04 11:54:29,015 - werkzeug - INFO -  * Detected change in 'C:\\Users\\CSonneveld\\AppData\\Roaming\\Python\\Python312\\site-packages\\IPython\\__init__.py', reloading
2025-04-04 11:54:29,018 - werkzeug - INFO -  * Detected change in 'C:\\Users\\CSonneveld\\AppData\\Roaming\\Python\\Python312\\site-packages\\IPython\\terminal\\embed.py', reloading
2025-04-04 11:54:29,184 - werkzeug - INFO -  * Detected change in 'C:\\Program Files\\Python312\\Lib\\concurrent\\__init__.py', reloading
2025-04-04 11:54:29,184 - werkzeug - INFO -  * Detected change in 'C:\\Program Files\\Python312\\Lib\\idlelib\\__init__.py', reloading
2025-04-04 11:54:29,184 - werkzeug - INFO -  * Detected change in 'C:\\Program Files\\Python312\\Lib\\lib2to3\\__init__.py', reloading
2025-04-04 11:54:29,184 - werkzeug - INFO -  * Detected change in 'C:\\Program Files\\Python312\\Lib\\msilib\\__init__.py', reloading
2025-04-04 11:54:29,184 - werkzeug - INFO -  * Detected change in 'C:\\Program Files\\Python312\\Lib\\test\\__init__.py', reloading
2025-04-04 11:54:29,184 - werkzeug - INFO -  * Detected change in 'C:\\Program Files\\Python312\\Lib\\turtledemo\\__init__.py', reloading
2025-04-04 11:54:29,184 - werkzeug - INFO -  * Detected change in 'C:\\Program Files\\Python312\\Lib\\wsgiref\\__init__.py', reloading
2025-04-04 11:54:29,184 - werkzeug - INFO -  * Detected change in 'C:\\Program Files\\Python312\\Lib\\xmlrpc\\__init__.py', reloading
2025-04-04 11:54:29,184 - werkzeug - INFO -  * Detected change in 'C:\\Program Files\\Python312\\Lib\\__phello__\\__init__.py', reloading
2025-04-04 11:54:29,184 - werkzeug - INFO -  * Detected change in 'C:\\Users\\CSonneveld\\AppData\\Roaming\\Python\\Python312\\site-packages\\adodbapi\\__init__.py', reloading
2025-04-04 11:54:29,184 - werkzeug - INFO -  * Detected change in 'C:\\Users\\CSonneveld\\AppData\\Roaming\\Python\\Python312\\site-packages\\alembic\\__init__.py', reloading
2025-04-04 11:54:29,184 - werkzeug - INFO -  * Detected change in 'C:\\Users\\CSonneveld\\AppData\\Roaming\\Python\\Python312\\site-packages\\altgraph\\__init__.py', reloading
2025-04-04 11:54:29,184 - werkzeug - INFO -  * Detected change in 'C:\\Users\\CSonneveld\\AppData\\Roaming\\Python\\Python312\\site-packages\\annotated_types\\__init__.py', reloading
2025-04-04 11:54:29,184 - werkzeug - INFO -  * Detected change in 'C:\\Users\\CSonneveld\\AppData\\Roaming\\Python\\Python312\\site-packages\\anyio\\__init__.py', reloading
2025-04-04 11:54:29,201 - werkzeug - INFO -  * Detected change in 'C:\\Users\\CSonneveld\\AppData\\Roaming\\Python\\Python312\\site-packages\\anyio\\_core\\_eventloop.py', reloading
2025-04-04 11:54:29,201 - werkzeug - INFO -  * Detected change in 'C:\\Users\\CSonneveld\\AppData\\Roaming\\Python\\Python312\\site-packages\\anyio\\_core\\_exceptions.py', reloading
2025-04-04 11:54:29,201 - werkzeug - INFO -  * Detected change in 'C:\\Users\\CSonneveld\\AppData\\Roaming\\Python\\Python312\\site-packages\\anyio\\_core\\_fileio.py', reloading
2025-04-04 11:54:29,201 - werkzeug - INFO -  * Detected change in 'C:\\Users\\CSonneveld\\AppData\\Roaming\\Python\\Python312\\site-packages\\anyio\\_core\\_resources.py', reloading
2025-04-04 11:54:29,201 - werkzeug - INFO -  * Detected change in 'C:\\Users\\CSonneveld\\AppData\\Roaming\\Python\\Python312\\site-packages\\anyio\\_core\\_signals.py', reloading
2025-04-04 11:54:29,201 - werkzeug - INFO -  * Detected change in 'C:\\Users\\CSonneveld\\AppData\\Roaming\\Python\\Python312\\site-packages\\anyio\\_core\\_sockets.py', reloading
2025-04-04 11:54:29,218 - werkzeug - INFO -  * Detected change in 'C:\\Users\\CSonneveld\\AppData\\Roaming\\Python\\Python312\\site-packages\\anyio\\_core\\_streams.py', reloading
2025-04-04 11:54:29,218 - werkzeug - INFO -  * Detected change in 'C:\\Users\\CSonneveld\\AppData\\Roaming\\Python\\Python312\\site-packages\\anyio\\_core\\_subprocesses.py', reloading
2025-04-04 11:54:29,218 - werkzeug - INFO -  * Detected change in 'C:\\Users\\CSonneveld\\AppData\\Roaming\\Python\\Python312\\site-packages\\anyio\\_core\\_synchronization.py', reloading
2025-04-04 11:54:29,218 - werkzeug - INFO -  * Detected change in 'C:\\Users\\CSonneveld\\AppData\\Roaming\\Python\\Python312\\site-packages\\anyio\\_core\\_tasks.py', reloading
2025-04-04 11:54:29,218 - werkzeug - INFO -  * Detected change in 'C:\\Users\\CSonneveld\\AppData\\Roaming\\Python\\Python312\\site-packages\\anyio\\_core\\_testing.py', reloading
2025-04-04 11:54:29,218 - werkzeug - INFO -  * Detected change in 'C:\\Users\\CSonneveld\\AppData\\Roaming\\Python\\Python312\\site-packages\\anyio\\_core\\_typedattr.py', reloading
2025-04-04 11:54:29,218 - werkzeug - INFO -  * Detected change in 'C:\\Users\\CSonneveld\\AppData\\Roaming\\Python\\Python312\\site-packages\\asttokens\\__init__.py', reloading
2025-04-04 11:54:29,218 - werkzeug - INFO -  * Detected change in 'C:\\Users\\CSonneveld\\AppData\\Roaming\\Python\\Python312\\site-packages\\asttokens\\line_numbers.py', reloading
2025-04-04 11:54:29,218 - werkzeug - INFO -  * Detected change in 'C:\\Users\\CSonneveld\\AppData\\Roaming\\Python\\Python312\\site-packages\\asttokens\\asttokens.py', reloading
2025-04-04 11:54:29,218 - werkzeug - INFO -  * Detected change in 'C:\\Users\\CSonneveld\\AppData\\Roaming\\Python\\Python312\\site-packages\\blinker\\__init__.py', reloading
2025-04-04 11:54:29,218 - werkzeug - INFO -  * Detected change in 'C:\\Users\\CSonneveld\\AppData\\Roaming\\Python\\Python312\\site-packages\\blinker\\base.py', reloading
2025-04-04 11:54:29,235 - werkzeug - INFO -  * Detected change in 'C:\\Users\\CSonneveld\\AppData\\Roaming\\Python\\Python312\\site-packages\\boto3\\__init__.py', reloading
2025-04-04 11:54:29,235 - werkzeug - INFO -  * Detected change in 'C:\\Users\\CSonneveld\\AppData\\Roaming\\Python\\Python312\\site-packages\\botocore\\__init__.py', reloading
2025-04-04 11:54:29,235 - werkzeug - INFO -  * Detected change in 'C:\\Users\\CSonneveld\\AppData\\Roaming\\Python\\Python312\\site-packages\\cachelib\\__init__.py', reloading
2025-04-04 11:54:29,235 - werkzeug - INFO -  * Detected change in 'C:\\Users\\CSonneveld\\AppData\\Roaming\\Python\\Python312\\site-packages\\cachelib\\base.py', reloading
2025-04-04 11:54:29,235 - werkzeug - INFO -  * Detected change in 'C:\\Users\\CSonneveld\\AppData\\Roaming\\Python\\Python312\\site-packages\\cachelib\\dynamodb.py', reloading
2025-04-04 11:54:29,235 - werkzeug - INFO -  * Detected change in 'C:\\Users\\CSonneveld\\AppData\\Roaming\\Python\\Python312\\site-packages\\cachelib\\file.py', reloading
2025-04-04 11:54:29,235 - werkzeug - INFO -  * Detected change in 'C:\\Users\\CSonneveld\\AppData\\Roaming\\Python\\Python312\\site-packages\\cachelib\\memcached.py', reloading
2025-04-04 11:54:29,235 - werkzeug - INFO -  * Detected change in 'C:\\Users\\CSonneveld\\AppData\\Roaming\\Python\\Python312\\site-packages\\cachelib\\mongodb.py', reloading
2025-04-04 11:54:29,235 - werkzeug - INFO -  * Detected change in 'C:\\Users\\CSonneveld\\AppData\\Roaming\\Python\\Python312\\site-packages\\cachelib\\redis.py', reloading
2025-04-04 11:54:29,235 - werkzeug - INFO -  * Detected change in 'C:\\Users\\CSonneveld\\AppData\\Roaming\\Python\\Python312\\site-packages\\cachelib\\simple.py', reloading
2025-04-04 11:54:29,235 - werkzeug - INFO -  * Detected change in 'C:\\Users\\CSonneveld\\AppData\\Roaming\\Python\\Python312\\site-packages\\cachelib\\uwsgi.py', reloading
2025-04-04 11:54:29,235 - werkzeug - INFO -  * Detected change in 'C:\\Users\\CSonneveld\\AppData\\Roaming\\Python\\Python312\\site-packages\\certifi\\__init__.py', reloading
2025-04-04 11:54:29,235 - werkzeug - INFO -  * Detected change in 'C:\\Users\\CSonneveld\\AppData\\Roaming\\Python\\Python312\\site-packages\\certifi\\core.py', reloading
2025-04-04 11:54:29,251 - werkzeug - INFO -  * Detected change in 'C:\\Users\\CSonneveld\\AppData\\Roaming\\Python\\Python312\\site-packages\\charset_normalizer\\__init__.py', reloading
2025-04-04 11:54:29,251 - werkzeug - INFO -  * Detected change in 'C:\\Users\\CSonneveld\\AppData\\Roaming\\Python\\Python312\\site-packages\\charset_normalizer\\api.py', reloading
2025-04-04 11:54:29,251 - werkzeug - INFO -  * Detected change in 'C:\\Users\\CSonneveld\\AppData\\Roaming\\Python\\Python312\\site-packages\\charset_normalizer\\legacy.py', reloading
2025-04-04 11:54:29,251 - werkzeug - INFO -  * Detected change in 'C:\\Users\\CSonneveld\\AppData\\Roaming\\Python\\Python312\\site-packages\\charset_normalizer\\models.py', reloading
2025-04-04 11:54:29,251 - werkzeug - INFO -  * Detected change in 'C:\\Users\\CSonneveld\\AppData\\Roaming\\Python\\Python312\\site-packages\\charset_normalizer\\utils.py', reloading
2025-04-04 11:54:29,251 - werkzeug - INFO -  * Detected change in 'C:\\Users\\CSonneveld\\AppData\\Roaming\\Python\\Python312\\site-packages\\charset_normalizer\\version.py', reloading
2025-04-04 11:54:29,251 - werkzeug - INFO -  * Detected change in 'C:\\Users\\CSonneveld\\AppData\\Roaming\\Python\\Python312\\site-packages\\click\\__init__.py', reloading
2025-04-04 11:54:29,268 - werkzeug - INFO -  * Detected change in 'C:\\Users\\CSonneveld\\AppData\\Roaming\\Python\\Python312\\site-packages\\click\\core.py', reloading
2025-04-04 11:54:29,268 - werkzeug - INFO -  * Detected change in 'C:\\Users\\CSonneveld\\AppData\\Roaming\\Python\\Python312\\site-packages\\click\\decorators.py', reloading
2025-04-04 11:54:29,268 - werkzeug - INFO -  * Detected change in 'C:\\Users\\CSonneveld\\AppData\\Roaming\\Python\\Python312\\site-packages\\click\\exceptions.py', reloading
2025-04-04 11:54:29,282 - werkzeug - INFO -  * Detected change in 'C:\\Users\\CSonneveld\\AppData\\Roaming\\Python\\Python312\\site-packages\\click\\formatting.py', reloading
2025-04-04 11:54:29,285 - werkzeug - INFO -  * Detected change in 'C:\\Users\\CSonneveld\\AppData\\Roaming\\Python\\Python312\\site-packages\\click\\globals.py', reloading
2025-04-04 11:54:29,285 - werkzeug - INFO -  * Detected change in 'C:\\Users\\CSonneveld\\AppData\\Roaming\\Python\\Python312\\site-packages\\click\\parser.py', reloading
2025-04-04 11:54:29,285 - werkzeug - INFO -  * Detected change in 'C:\\Users\\CSonneveld\\AppData\\Roaming\\Python\\Python312\\site-packages\\click\\termui.py', reloading
2025-04-04 11:54:29,285 - werkzeug - INFO -  * Detected change in 'C:\\Users\\CSonneveld\\AppData\\Roaming\\Python\\Python312\\site-packages\\click\\types.py', reloading
2025-04-04 11:54:29,285 - werkzeug - INFO -  * Detected change in 'C:\\Users\\CSonneveld\\AppData\\Roaming\\Python\\Python312\\site-packages\\click\\utils.py', reloading
2025-04-04 11:54:29,285 - werkzeug - INFO -  * Detected change in 'C:\\Users\\CSonneveld\\AppData\\Roaming\\Python\\Python312\\site-packages\\comm\\__init__.py', reloading
2025-04-04 11:54:29,285 - werkzeug - INFO -  * Detected change in 'C:\\Users\\CSonneveld\\AppData\\Roaming\\Python\\Python312\\site-packages\\debugpy\\__init__.py', reloading
2025-04-04 11:54:29,301 - werkzeug - INFO -  * Detected change in 'C:\\Users\\CSonneveld\\AppData\\Roaming\\Python\\Python312\\site-packages\\debugpy\\public_api.py', reloading
2025-04-04 11:54:29,301 - werkzeug - INFO -  * Detected change in 'C:\\Users\\CSonneveld\\AppData\\Roaming\\Python\\Python312\\site-packages\\distro\\__init__.py', reloading
2025-04-04 11:54:29,301 - werkzeug - INFO -  * Detected change in 'C:\\Users\\CSonneveld\\AppData\\Roaming\\Python\\Python312\\site-packages\\distro\\distro.py', reloading
2025-04-04 11:54:29,301 - werkzeug - INFO -  * Detected change in 'C:\\Users\\CSonneveld\\AppData\\Roaming\\Python\\Python312\\site-packages\\dotenv\\__init__.py', reloading
2025-04-04 11:54:29,301 - werkzeug - INFO -  * Detected change in 'C:\\Users\\CSonneveld\\AppData\\Roaming\\Python\\Python312\\site-packages\\dotenv\\main.py', reloading
2025-04-04 11:54:29,301 - werkzeug - INFO -  * Detected change in 'C:\\Users\\CSonneveld\\AppData\\Roaming\\Python\\Python312\\site-packages\\et_xmlfile\\__init__.py', reloading
2025-04-04 11:54:29,301 - werkzeug - INFO -  * Detected change in 'C:\\Users\\CSonneveld\\AppData\\Roaming\\Python\\Python312\\site-packages\\executing\\__init__.py', reloading
2025-04-04 11:54:29,301 - werkzeug - INFO -  * Detected change in 'C:\\Users\\CSonneveld\\AppData\\Roaming\\Python\\Python312\\site-packages\\executing\\executing.py', reloading
2025-04-04 11:54:29,318 - werkzeug - INFO -  * Detected change in 'C:\\Users\\CSonneveld\\AppData\\Roaming\\Python\\Python312\\site-packages\\fastapi\\applications.py', reloading
2025-04-04 11:54:29,318 - werkzeug - INFO -  * Detected change in 'C:\\Users\\CSonneveld\\AppData\\Roaming\\Python\\Python312\\site-packages\\fastapi\\background.py', reloading
2025-04-04 11:54:29,318 - werkzeug - INFO -  * Detected change in 'C:\\Users\\CSonneveld\\AppData\\Roaming\\Python\\Python312\\site-packages\\fastapi\\cli.py', reloading
2025-04-04 11:54:29,318 - werkzeug - INFO -  * Detected change in 'C:\\Users\\CSonneveld\\AppData\\Roaming\\Python\\Python312\\site-packages\\fastapi\\concurrency.py', reloading
2025-04-04 11:54:29,335 - werkzeug - INFO -  * Detected change in 'C:\\Users\\CSonneveld\\AppData\\Roaming\\Python\\Python312\\site-packages\\starlette\\concurrency.py', reloading
2025-04-04 11:54:29,335 - werkzeug - INFO -  * Detected change in 'C:\\Users\\CSonneveld\\AppData\\Roaming\\Python\\Python312\\site-packages\\fastapi\\datastructures.py', reloading
2025-04-04 11:54:29,335 - werkzeug - INFO -  * Detected change in 'C:\\Users\\CSonneveld\\AppData\\Roaming\\Python\\Python312\\site-packages\\starlette\\datastructures.py', reloading
2025-04-04 11:54:29,335 - werkzeug - INFO -  * Detected change in 'C:\\Users\\CSonneveld\\AppData\\Roaming\\Python\\Python312\\site-packages\\fastapi\\encoders.py', reloading
2025-04-04 11:54:29,335 - werkzeug - INFO -  * Detected change in 'C:\\Users\\CSonneveld\\AppData\\Roaming\\Python\\Python312\\site-packages\\fastapi\\exceptions.py', reloading
2025-04-04 11:54:29,335 - werkzeug - INFO -  * Detected change in 'C:\\Users\\CSonneveld\\AppData\\Roaming\\Python\\Python312\\site-packages\\fastapi\\exception_handlers.py', reloading
2025-04-04 11:54:29,335 - werkzeug - INFO -  * Detected change in 'C:\\Users\\CSonneveld\\AppData\\Roaming\\Python\\Python312\\site-packages\\fastapi\\logger.py', reloading
2025-04-04 11:54:29,335 - werkzeug - INFO -  * Detected change in 'C:\\Users\\CSonneveld\\AppData\\Roaming\\Python\\Python312\\site-packages\\fastapi\\middleware\\__init__.py', reloading
2025-04-04 11:54:29,350 - werkzeug - INFO -  * Detected change in 'C:\\Users\\CSonneveld\\AppData\\Roaming\\Python\\Python312\\site-packages\\starlette\\middleware\\__init__.py', reloading
2025-04-04 11:54:29,351 - werkzeug - INFO -  * Detected change in 'C:\\Users\\CSonneveld\\AppData\\Roaming\\Python\\Python312\\site-packages\\fastapi\\params.py', reloading
2025-04-04 11:54:29,351 - werkzeug - INFO -  * Detected change in 'C:\\Users\\CSonneveld\\AppData\\Roaming\\Python\\Python312\\site-packages\\fastapi\\param_functions.py', reloading
2025-04-04 11:54:29,351 - werkzeug - INFO -  * Detected change in 'C:\\Users\\CSonneveld\\AppData\\Roaming\\Python\\Python312\\site-packages\\fastapi\\requests.py', reloading
2025-04-04 11:54:29,351 - werkzeug - INFO -  * Detected change in 'C:\\Users\\CSonneveld\\AppData\\Roaming\\Python\\Python312\\site-packages\\starlette\\requests.py', reloading
2025-04-04 11:54:29,366 - werkzeug - INFO -  * Detected change in 'C:\\Users\\CSonneveld\\AppData\\Roaming\\Python\\Python312\\site-packages\\fastapi\\responses.py', reloading
2025-04-04 11:54:29,368 - werkzeug - INFO -  * Detected change in 'C:\\Users\\CSonneveld\\AppData\\Roaming\\Python\\Python312\\site-packages\\starlette\\responses.py', reloading
2025-04-04 11:54:29,368 - werkzeug - INFO -  * Detected change in 'C:\\Users\\CSonneveld\\AppData\\Roaming\\Python\\Python312\\site-packages\\fastapi\\routing.py', reloading
2025-04-04 11:54:29,382 - werkzeug - INFO -  * Detected change in 'C:\\Users\\CSonneveld\\AppData\\Roaming\\Python\\Python312\\site-packages\\starlette\\routing.py', reloading
2025-04-04 11:54:29,385 - werkzeug - INFO -  * Detected change in 'C:\\Users\\CSonneveld\\AppData\\Roaming\\Python\\Python312\\site-packages\\fastapi\\security\\__init__.py', reloading
2025-04-04 11:54:29,385 - werkzeug - INFO -  * Detected change in 'C:\\Users\\CSonneveld\\AppData\\Roaming\\Python\\Python312\\site-packages\\fastapi\\security\\api_key.py', reloading
2025-04-04 11:54:29,385 - werkzeug - INFO -  * Detected change in 'C:\\Users\\CSonneveld\\AppData\\Roaming\\Python\\Python312\\site-packages\\fastapi\\security\\http.py', reloading
2025-04-04 11:54:29,385 - werkzeug - INFO -  * Detected change in 'C:\\Users\\CSonneveld\\AppData\\Roaming\\Python\\Python312\\site-packages\\fastapi\\security\\oauth2.py', reloading
2025-04-04 11:54:29,385 - werkzeug - INFO -  * Detected change in 'C:\\Users\\CSonneveld\\AppData\\Roaming\\Python\\Python312\\site-packages\\fastapi\\security\\open_id_connect_url.py', reloading
2025-04-04 11:54:29,385 - werkzeug - INFO -  * Detected change in 'C:\\Users\\CSonneveld\\AppData\\Roaming\\Python\\Python312\\site-packages\\fastapi\\staticfiles.py', reloading
2025-04-04 11:54:29,385 - werkzeug - INFO -  * Detected change in 'C:\\Users\\CSonneveld\\AppData\\Roaming\\Python\\Python312\\site-packages\\starlette\\staticfiles.py', reloading
2025-04-04 11:54:29,385 - werkzeug - INFO -  * Detected change in 'C:\\Users\\CSonneveld\\AppData\\Roaming\\Python\\Python312\\site-packages\\fastapi\\templating.py', reloading
2025-04-04 11:54:29,385 - werkzeug - INFO -  * Detected change in 'C:\\Users\\CSonneveld\\AppData\\Roaming\\Python\\Python312\\site-packages\\starlette\\templating.py', reloading
2025-04-04 11:54:29,385 - werkzeug - INFO -  * Detected change in 'C:\\Users\\CSonneveld\\AppData\\Roaming\\Python\\Python312\\site-packages\\fastapi\\testclient.py', reloading
2025-04-04 11:54:29,385 - werkzeug - INFO -  * Detected change in 'C:\\Users\\CSonneveld\\AppData\\Roaming\\Python\\Python312\\site-packages\\starlette\\testclient.py', reloading
2025-04-04 11:54:29,401 - werkzeug - INFO -  * Detected change in 'C:\\Users\\CSonneveld\\AppData\\Roaming\\Python\\Python312\\site-packages\\fastapi\\types.py', reloading
2025-04-04 11:54:29,401 - werkzeug - INFO -  * Detected change in 'C:\\Users\\CSonneveld\\AppData\\Roaming\\Python\\Python312\\site-packages\\fastapi\\utils.py', reloading
2025-04-04 11:54:29,401 - werkzeug - INFO -  * Detected change in 'C:\\Users\\CSonneveld\\AppData\\Roaming\\Python\\Python312\\site-packages\\fastapi\\websockets.py', reloading
2025-04-04 11:54:29,401 - werkzeug - INFO -  * Detected change in 'C:\\Users\\CSonneveld\\AppData\\Roaming\\Python\\Python312\\site-packages\\starlette\\websockets.py', reloading
2025-04-04 11:54:29,401 - werkzeug - INFO -  * Detected change in 'C:\\Users\\CSonneveld\\AppData\\Roaming\\Python\\Python312\\site-packages\\fastapi\\__init__.py', reloading
2025-04-04 11:54:29,401 - werkzeug - INFO -  * Detected change in 'C:\\Users\\CSonneveld\\AppData\\Roaming\\Python\\Python312\\site-packages\\starlette\\__init__.py', reloading
2025-04-04 11:54:29,401 - werkzeug - INFO -  * Detected change in 'C:\\Users\\CSonneveld\\AppData\\Roaming\\Python\\Python312\\site-packages\\fastapi\\__main__.py', reloading
2025-04-04 11:54:29,401 - werkzeug - INFO -  * Detected change in 'C:\\Users\\CSonneveld\\AppData\\Roaming\\Python\\Python312\\site-packages\\flask\\app.py', reloading
