2025-04-11 15:25:56,227 - werkzeug - WARNING -  * Debugger is active!
2025-04-11 15:25:56,230 - werkzeug - INFO -  * Debugger PIN: 691-175-853
2025-04-11 15:25:56,259 - Review.reviews.lc100_review - INFO - Loading EOD data...
2025-04-11 15:25:58,720 - Review.reviews.lc100_review - INFO - Loading reference data...
2025-04-11 15:26:08,980 - Review.reviews.lc100_review - WARNING - Removed 18750 duplicate rows from cdp_climate_df
2025-04-11 15:26:08,983 - Review.reviews.lc100_review - INFO - Filtering universe for EU500 companies...
2025-04-11 15:26:08,984 - Review.reviews.lc100_review - INFO - Universe size after EU500 filter: 499
2025-04-11 15:26:08,986 - Review.reviews.lc100_review - INFO - Adding Free Float data...
2025-04-11 15:26:08,989 - Review.reviews.lc100_review - INFO - Adding ICB Subsector data...
2025-04-11 15:26:09,006 - Review.reviews.lc100_review - WARNING - Removed 9315 duplicate rows from ICB data
2025-04-11 15:26:09,107 - Review.reviews.lc100_review - INFO - Debug file saved to C:\Users\CSonneveld\OneDrive - Euronext\Documents\Projects\GUI + Reviews\debug\universe_df_after_nace_20250411_152609.xlsx
2025-04-11 15:26:09,108 - Review.reviews.lc100_review - INFO - Adding CDP Climate data...
2025-04-11 15:26:09,112 - Review.reviews.lc100_review - INFO - Adding Oekom Trust & Carbon data...
2025-04-11 15:26:09,114 - Review.reviews.lc100_review - INFO - Adding NACE data...
2025-04-11 15:26:09,118 - Review.reviews.lc100_review - INFO - Adding EU Taxonomy flag...
2025-04-11 15:26:09,118 - Review.reviews.lc100_review - INFO - Checking GAFI lists and Non-fiscally cooperative countries...
2025-04-11 15:26:09,119 - Review.reviews.lc100_review - INFO - Applying exclusion criteria...
2025-04-11 15:26:09,127 - Review.reviews.lc100_review - INFO - Marked 50 companies (10%) with worst SG scores for exclusion
2025-04-11 15:26:09,127 - Review.reviews.lc100_review - WARNING - Expected to exclude 49 companies, but actually excluding 50
2025-04-11 15:26:09,146 - Review.reviews.lc100_review - INFO - Calculating Climate Score for ranking...
2025-04-11 15:26:09,147 - Review.reviews.lc100_review - INFO - Selecting EU Taxonomy companies...
2025-04-11 15:26:09,149 - Review.reviews.lc100_review - INFO - Found 14 EU Taxonomy companies after exclusions
2025-04-11 15:26:09,151 - Review.reviews.lc100_review - INFO - Found 302 Non-EU Taxonomy eligible companies after exclusions
2025-04-11 15:26:09,151 - Review.reviews.lc100_review - INFO - STEP 4a: Determining target number of Non-EU Taxonomy companies per super-sector...
2025-04-11 15:26:09,151 - Review.reviews.lc100_review - INFO - Target number of Non-EU Taxonomy companies: 86
2025-04-11 15:26:09,152 - Review.reviews.lc100_review - INFO - Total eligible Non-EU Taxonomy companies: 302
2025-04-11 15:26:09,154 - Review.reviews.lc100_review - INFO - Total target after rounding: 96 (vs. target of 86)
2025-04-11 15:26:09,154 - Review.reviews.lc100_review - INFO - Need to remove 10 companies due to rounding up
2025-04-11 15:26:09,155 - Review.reviews.lc100_review - INFO - STEP 4b: Selecting Non-EU Taxonomy companies based on climate score...
2025-04-11 15:26:09,156 - Review.reviews.lc100_review - INFO - Selected 5 companies from super-sector 1010.0
2025-04-11 15:26:09,157 - Review.reviews.lc100_review - INFO - Selected 5 companies from super-sector 1510.0
2025-04-11 15:26:09,157 - Review.reviews.lc100_review - INFO - Selected 12 companies from super-sector 2010.0
2025-04-11 15:26:09,158 - Review.reviews.lc100_review - INFO - Selected 13 companies from super-sector 3010.0
2025-04-11 15:26:09,158 - Review.reviews.lc100_review - INFO - Selected 7 companies from super-sector 3020.0
2025-04-11 15:26:09,159 - Review.reviews.lc100_review - INFO - Selected 8 companies from super-sector 3030.0
2025-04-11 15:26:09,159 - Review.reviews.lc100_review - INFO - Selected 5 companies from super-sector 3510.0
2025-04-11 15:26:09,160 - Review.reviews.lc100_review - INFO - Selected 2 companies from super-sector 4010.0
2025-04-11 15:26:09,160 - Review.reviews.lc100_review - INFO - Selected 6 companies from super-sector 4020.0
2025-04-11 15:26:09,161 - Review.reviews.lc100_review - INFO - Selected 2 companies from super-sector 4030.0
2025-04-11 15:26:09,161 - Review.reviews.lc100_review - INFO - Selected 2 companies from super-sector 4040.0
2025-04-11 15:26:09,162 - Review.reviews.lc100_review - INFO - Selected 4 companies from super-sector 4050.0
2025-04-11 15:26:09,162 - Review.reviews.lc100_review - INFO - Selected 6 companies from super-sector 4510.0
2025-04-11 15:26:09,163 - Review.reviews.lc100_review - INFO - Selected 3 companies from super-sector 4520.0
2025-04-11 15:26:09,164 - Review.reviews.lc100_review - INFO - Selected 2 companies from super-sector 5010.0
2025-04-11 15:26:09,164 - Review.reviews.lc100_review - INFO - Selected 9 companies from super-sector 5020.0
2025-04-11 15:26:09,165 - Review.reviews.lc100_review - INFO - Selected 2 companies from super-sector 5510.0
2025-04-11 15:26:09,166 - Review.reviews.lc100_review - INFO - Selected 2 companies from super-sector 5520.0
2025-04-11 15:26:09,167 - Review.reviews.lc100_review - INFO - Selected 1 companies from super-sector 6510.0
2025-04-11 15:26:09,189 - Review.reviews.lc100_review - INFO - Initial selection has 96 companies, need to remove 10
2025-04-11 15:26:09,194 - Review.reviews.lc100_review - INFO - Removed company SE0012853455 from supersector 3020.0 (Climate Score: 2.9711404728789947)
2025-04-11 15:26:09,198 - Review.reviews.lc100_review - INFO - Removed company GB0005405286 from supersector 3010.0 (Climate Score: 2.6866666666666648)
2025-04-11 15:26:09,203 - Review.reviews.lc100_review - INFO - Removed company GB00BY9D0Y18 from supersector 3030.0 (Climate Score: 2.516321632368115)
2025-04-11 15:26:09,208 - Review.reviews.lc100_review - INFO - Removed company FR0000121964 from supersector 3510.0 (Climate Score: 2.39735760225878)
2025-04-11 15:26:09,212 - Review.reviews.lc100_review - INFO - Removed company DE0007164600 from supersector 1010.0 (Climate Score: 2.24370342494592)
2025-04-11 15:26:09,215 - Review.reviews.lc100_review - INFO - Removed company DE000BAY0017 from supersector 2010.0 (Climate Score: 2.2165721170918)
2025-04-11 15:26:09,219 - Review.reviews.lc100_review - INFO - Removed company GB0030913577 from supersector 1510.0 (Climate Score: 2.050969452258145)
2025-04-11 15:26:09,222 - Review.reviews.lc100_review - INFO - Removed company DK0060542181 from supersector 5020.0 (Climate Score: 2.03696527269129)
2025-04-11 15:26:09,225 - Review.reviews.lc100_review - INFO - Removed company GB00BHJYC057 from supersector 4050.0 (Climate Score: 1.961379401980875)
2025-04-11 15:26:09,227 - Review.reviews.lc100_review - INFO - Removed company DE0006048432 from supersector 4020.0 (Climate Score: 1.913748241153015)
2025-04-11 15:26:09,229 - Review.reviews.lc100_review - INFO - Final Non-EU Taxonomy selection has 86 companies
2025-04-11 15:26:09,230 - Review.reviews.lc100_review - INFO - Minimum companies per supersector: 1
2025-04-11 15:26:09,230 - Review.reviews.lc100_review - WARNING - Some supersectors have fewer than 2 companies! Minimum is 1
2025-04-11 15:26:09,233 - Review.reviews.lc100_review - INFO - Final selection contains 100 companies
2025-04-11 15:26:09,233 - Review.reviews.lc100_review - INFO - - EU Taxonomy: 14
2025-04-11 15:26:09,234 - Review.reviews.lc100_review - INFO - - Non-EU Taxonomy: 86
2025-04-11 15:26:09,234 - Review.reviews.lc100_review - INFO - Adding PAB flag based on CDP temperature score...
2025-04-11 15:26:09,235 - Review.reviews.lc100_review - INFO - Calculating liquidity constraints for all companies...
2025-04-11 15:26:09,235 - Review.reviews.lc100_review - INFO - Total FFMC for all companies: 3314861822746.80
2025-04-11 15:26:09,236 - Review.reviews.lc100_review - INFO - Market cap based weights calculated for EU Taxonomy companies
2025-04-11 15:26:09,238 - Review.reviews.lc100_review - INFO - Liquidity caps for EU Taxonomy companies - Max: 5.9021%, Min: 0.6116%, Avg: 2.0346%
2025-04-11 15:26:09,238 - Review.reviews.lc100_review - INFO - Liquidity floors for EU Taxonomy companies - Max: 0.0000%, Min: 0.0000%, Avg: 0.0000%
2025-04-11 15:26:09,239 - Review.reviews.lc100_review - INFO - No liquidity issues found for EU Taxonomy companies
2025-04-11 15:26:09,242 - Review.reviews.lc100_review - INFO - Liquidity caps for Non-EU Taxonomy companies - Max: 10.0000%, Min: 0.2741%, Avg: 2.6909%
2025-04-11 15:26:09,242 - Review.reviews.lc100_review - INFO - Liquidity floors for Non-EU Taxonomy companies - Max: 1.6941%, Min: 0.0000%, Avg: 0.0529%
2025-04-11 15:26:09,242 - Review.reviews.lc100_review - INFO - No liquidity issues found for Non-EU Taxonomy companies
2025-04-11 15:26:09,245 - Review.reviews.lc100_review - INFO - Liquidity constraints have been calculated for all 100 companies
2025-04-11 15:26:09,245 - Review.reviews.lc100_review - INFO - Saving output files...
2025-04-11 15:26:09,711 - Review.reviews.lc100_review - INFO - Results saved to C:\Users\CSonneveld\OneDrive - Euronext\Documents\Projects\GUI + Reviews\output\LC100_review_20250411_152609.xlsx
2025-04-11 15:26:09,747 - werkzeug - INFO - 127.0.0.1 - - [11/Apr/2025 15:26:09] "POST /calculate HTTP/1.1" 200 -
2025-04-11 15:28:03,378 - werkzeug - INFO -  * Detected change in 'C:\\Users\\CSonneveld\\OneDrive - Euronext\\Documents\\Projects\\GUI + Reviews\\Review\\reviews\\lc100_review.py', reloading
2025-04-11 15:28:03,378 - werkzeug - INFO -  * Detected change in 'C:\\Users\\CSonneveld\\OneDrive - Euronext\\Documents\\Projects\\GUI + Reviews\\Review\\reviews\\lc100_review.py', reloading
2025-04-11 15:28:03,378 - werkzeug - INFO -  * Detected change in 'C:\\Users\\CSonneveld\\OneDrive - Euronext\\Documents\\Projects\\GUI + Reviews\\Review\\reviews\\lc100_review.py', reloading
