2025-02-05 15:16:44,775 - werkzeug - WARNING -  * Debugger is active!
2025-02-05 15:16:44,778 - werkzeug - INFO -  * Debugger PIN: 691-175-853
2025-02-05 15:16:44,806 - Review.reviews.sbf80_review - INFO - Loading EOD data...
2025-02-05 15:16:45,423 - Review.reviews.sbf80_review - INFO - Loading reference data...
2025-02-05 15:16:46,182 - Review.reviews.sbf80_review - INFO - Total companies selected: 81
2025-02-05 15:16:46,182 - Review.reviews.sbf80_review - INFO - Buffer zone selections:
2025-02-05 15:16:46,183 - Review.reviews.sbf80_review - INFO - Rank 76.0: RENAULT - Current Constituent: True - Selected
2025-02-05 15:16:46,183 - Review.reviews.sbf80_review - INFO - Rank 77.0: RENAULT - Current Constituent: True - Selected
2025-02-05 15:16:46,184 - Review.reviews.sbf80_review - INFO - Rank 78.0: EURONEXT - Current Constituent: True - Selected
2025-02-05 15:16:46,184 - Review.reviews.sbf80_review - INFO - Rank 79.0: EURONEXT - Current Constituent: True - Selected
2025-02-05 15:16:46,184 - Review.reviews.sbf80_review - INFO - Rank 80.0: ALSTOM - Current Constituent: True - Selected
2025-02-05 15:16:46,185 - Review.reviews.sbf80_review - INFO - Rank 81.0: ALSTOM - Current Constituent: True - Selected
2025-02-05 15:16:46,185 - Review.reviews.sbf80_review - INFO - Rank 82.0: EDENRED - Current Constituent: True - Not Selected
2025-02-05 15:16:46,185 - Review.reviews.sbf80_review - INFO - Rank 83.0: EDENRED - Current Constituent: True - Not Selected
2025-02-05 15:16:46,186 - Review.reviews.sbf80_review - INFO - Rank 84.0: SODEXO - Current Constituent: True - Not Selected
2025-02-05 15:16:46,186 - Review.reviews.sbf80_review - INFO - Rank 85.0: SODEXO - Current Constituent: True - Not Selected
2025-02-05 15:16:46,191 - Review.reviews.sbf80_review - INFO - Saving SBF80 output to: C:\Users\CSonneveld\OneDrive - Euronext\Documents\Projects\GUI + Reviews\output\SBF80_df_20250205_151646.xlsx
2025-02-05 15:16:46,369 - werkzeug - INFO - 127.0.0.1 - - [05/Feb/2025 15:16:46] "POST /calculate HTTP/1.1" 200 -
2025-02-05 15:20:15,432 - werkzeug - INFO -  * Detected change in 'C:\\Users\\CSonneveld\\OneDrive - Euronext\\Documents\\Projects\\GUI + Reviews\\Review\\reviews\\sbf80_review.py', reloading
2025-02-05 15:20:15,433 - werkzeug - INFO -  * Detected change in 'C:\\Users\\CSonneveld\\OneDrive - Euronext\\Documents\\Projects\\GUI + Reviews\\Review\\reviews\\sbf80_review.py', reloading
2025-02-05 15:20:15,434 - werkzeug - INFO -  * Detected change in 'C:\\Users\\CSonneveld\\OneDrive - Euronext\\Documents\\Projects\\GUI + Reviews\\Review\\reviews\\sbf80_review.py', reloading
