2025-03-19 17:42:40,217 - werkzeug - WARNING -  * Debugger is active!
2025-03-19 17:42:40,227 - werkzeug - INFO -  * Debugger PIN: 691-175-853
2025-03-19 17:42:43,518 - Review.reviews.frd4p_review - INFO - Loading EOD data...
2025-03-19 17:42:46,477 - Review.reviews.frd4p_review - INFO - Loading reference data...
2025-03-19 17:42:54,852 - Review.reviews.frd4p_review - INFO - Processing sector: 1010.0, area: AS, group size: 46
2025-03-19 17:42:54,852 - Review.reviews.frd4p_review - INFO - Companies in group: 46, to exclude: 9
2025-03-19 17:42:54,852 - Review.reviews.frd4p_review - INFO - Processing sector: 1010.0, area: EU, group size: 25
2025-03-19 17:42:54,852 - Review.reviews.frd4p_review - INFO - Companies in group: 25, to exclude: 4
2025-03-19 17:42:54,859 - Review.reviews.frd4p_review - INFO - Processing sector: 1010.0, area: NA, group size: 83
2025-03-19 17:42:54,859 - Review.reviews.frd4p_review - INFO - Companies in group: 83, to exclude: 16
2025-03-19 17:42:54,859 - Review.reviews.frd4p_review - INFO - Processing sector: 1510.0, area: AS, group size: 12
2025-03-19 17:42:54,859 - Review.reviews.frd4p_review - INFO - Companies in group: 12, to exclude: 2
2025-03-19 17:42:54,859 - Review.reviews.frd4p_review - INFO - Processing sector: 1510.0, area: EU, group size: 19
2025-03-19 17:42:54,859 - Review.reviews.frd4p_review - INFO - Companies in group: 19, to exclude: 3
2025-03-19 17:42:54,859 - Review.reviews.frd4p_review - INFO - Processing sector: 1510.0, area: NA, group size: 10
2025-03-19 17:42:54,863 - Review.reviews.frd4p_review - INFO - Companies in group: 10, to exclude: 1
2025-03-19 17:42:54,863 - Review.reviews.frd4p_review - INFO - Processing sector: 2010.0, area: AS, group size: 30
2025-03-19 17:42:54,863 - Review.reviews.frd4p_review - INFO - Companies in group: 30, to exclude: 5
2025-03-19 17:42:54,864 - Review.reviews.frd4p_review - INFO - Processing sector: 2010.0, area: EU, group size: 48
2025-03-19 17:42:54,864 - Review.reviews.frd4p_review - INFO - Companies in group: 48, to exclude: 9
2025-03-19 17:42:54,864 - Review.reviews.frd4p_review - INFO - Processing sector: 2010.0, area: NA, group size: 46
2025-03-19 17:42:54,865 - Review.reviews.frd4p_review - INFO - Companies in group: 46, to exclude: 9
2025-03-19 17:42:54,865 - Review.reviews.frd4p_review - INFO - Processing sector: 3010.0, area: AS, group size: 30
2025-03-19 17:42:54,865 - Review.reviews.frd4p_review - INFO - Companies in group: 30, to exclude: 5
2025-03-19 17:42:54,866 - Review.reviews.frd4p_review - INFO - Processing sector: 3010.0, area: EU, group size: 46
2025-03-19 17:42:54,866 - Review.reviews.frd4p_review - INFO - Companies in group: 46, to exclude: 9
2025-03-19 17:42:54,866 - Review.reviews.frd4p_review - INFO - Processing sector: 3010.0, area: NA, group size: 21
2025-03-19 17:42:54,867 - Review.reviews.frd4p_review - INFO - Companies in group: 21, to exclude: 4
2025-03-19 17:42:54,867 - Review.reviews.frd4p_review - INFO - Processing sector: 3020.0, area: AS, group size: 17
2025-03-19 17:42:54,868 - Review.reviews.frd4p_review - INFO - Companies in group: 17, to exclude: 3
2025-03-19 17:42:54,868 - Review.reviews.frd4p_review - INFO - Processing sector: 3020.0, area: EU, group size: 36
2025-03-19 17:42:54,869 - Review.reviews.frd4p_review - INFO - Companies in group: 36, to exclude: 7
2025-03-19 17:42:54,869 - Review.reviews.frd4p_review - INFO - Processing sector: 3020.0, area: NA, group size: 32
2025-03-19 17:42:54,869 - Review.reviews.frd4p_review - INFO - Companies in group: 32, to exclude: 6
2025-03-19 17:42:54,870 - Review.reviews.frd4p_review - INFO - Processing sector: 3030.0, area: AS, group size: 13
2025-03-19 17:42:54,871 - Review.reviews.frd4p_review - INFO - Companies in group: 13, to exclude: 2
2025-03-19 17:42:54,871 - Review.reviews.frd4p_review - INFO - Processing sector: 3030.0, area: EU, group size: 32
2025-03-19 17:42:54,872 - Review.reviews.frd4p_review - INFO - Companies in group: 32, to exclude: 6
2025-03-19 17:42:54,872 - Review.reviews.frd4p_review - INFO - Processing sector: 3030.0, area: NA, group size: 23
2025-03-19 17:42:54,872 - Review.reviews.frd4p_review - INFO - Companies in group: 23, to exclude: 4
2025-03-19 17:42:54,873 - Review.reviews.frd4p_review - INFO - Processing sector: 3510.0, area: AS, group size: 48
2025-03-19 17:42:54,873 - Review.reviews.frd4p_review - INFO - Companies in group: 48, to exclude: 9
2025-03-19 17:42:54,873 - Review.reviews.frd4p_review - INFO - Processing sector: 3510.0, area: EU, group size: 25
2025-03-19 17:42:54,874 - Review.reviews.frd4p_review - INFO - Companies in group: 25, to exclude: 4
2025-03-19 17:42:54,874 - Review.reviews.frd4p_review - INFO - Processing sector: 3510.0, area: NA, group size: 22
2025-03-19 17:42:54,874 - Review.reviews.frd4p_review - INFO - Companies in group: 22, to exclude: 4
2025-03-19 17:42:54,875 - Review.reviews.frd4p_review - INFO - Processing sector: 4010.0, area: AS, group size: 15
2025-03-19 17:42:54,875 - Review.reviews.frd4p_review - INFO - Companies in group: 15, to exclude: 2
2025-03-19 17:42:54,875 - Review.reviews.frd4p_review - INFO - Processing sector: 4010.0, area: EU, group size: 13
2025-03-19 17:42:54,876 - Review.reviews.frd4p_review - INFO - Companies in group: 13, to exclude: 2
2025-03-19 17:42:54,876 - Review.reviews.frd4p_review - INFO - Processing sector: 4010.0, area: NA, group size: 4
2025-03-19 17:42:54,876 - Review.reviews.frd4p_review - INFO - Companies in group: 4, to exclude: 0
2025-03-19 17:42:54,876 - Review.reviews.frd4p_review - WARNING - No companies to exclude for sector 4010.0 and area NA
2025-03-19 17:42:54,876 - Review.reviews.frd4p_review - INFO - Processing sector: 4020.0, area: AS, group size: 29
2025-03-19 17:42:54,876 - Review.reviews.frd4p_review - INFO - Companies in group: 29, to exclude: 5
2025-03-19 17:42:54,878 - Review.reviews.frd4p_review - INFO - Processing sector: 4020.0, area: EU, group size: 26
2025-03-19 17:42:54,879 - Review.reviews.frd4p_review - INFO - Companies in group: 26, to exclude: 5
2025-03-19 17:42:54,879 - Review.reviews.frd4p_review - INFO - Processing sector: 4020.0, area: NA, group size: 17
2025-03-19 17:42:54,879 - Review.reviews.frd4p_review - INFO - Companies in group: 17, to exclude: 3
2025-03-19 17:42:54,880 - Review.reviews.frd4p_review - INFO - Processing sector: 4030.0, area: AS, group size: 6
2025-03-19 17:42:54,880 - Review.reviews.frd4p_review - INFO - Companies in group: 6, to exclude: 1
2025-03-19 17:42:54,880 - Review.reviews.frd4p_review - INFO - Processing sector: 4030.0, area: EU, group size: 10
2025-03-19 17:42:54,881 - Review.reviews.frd4p_review - INFO - Companies in group: 10, to exclude: 1
2025-03-19 17:42:54,881 - Review.reviews.frd4p_review - INFO - Processing sector: 4030.0, area: NA, group size: 6
2025-03-19 17:42:54,881 - Review.reviews.frd4p_review - INFO - Companies in group: 6, to exclude: 1
2025-03-19 17:42:54,882 - Review.reviews.frd4p_review - INFO - Processing sector: 4040.0, area: AS, group size: 13
2025-03-19 17:42:54,882 - Review.reviews.frd4p_review - INFO - Companies in group: 13, to exclude: 2
2025-03-19 17:42:54,882 - Review.reviews.frd4p_review - INFO - Processing sector: 4040.0, area: EU, group size: 11
2025-03-19 17:42:54,883 - Review.reviews.frd4p_review - INFO - Companies in group: 11, to exclude: 2
2025-03-19 17:42:54,883 - Review.reviews.frd4p_review - INFO - Processing sector: 4040.0, area: NA, group size: 20
2025-03-19 17:42:54,883 - Review.reviews.frd4p_review - INFO - Companies in group: 20, to exclude: 3
2025-03-19 17:42:54,883 - Review.reviews.frd4p_review - INFO - Processing sector: 4050.0, area: AS, group size: 19
2025-03-19 17:42:54,883 - Review.reviews.frd4p_review - INFO - Companies in group: 19, to exclude: 3
2025-03-19 17:42:54,884 - Review.reviews.frd4p_review - INFO - Processing sector: 4050.0, area: EU, group size: 13
2025-03-19 17:42:54,884 - Review.reviews.frd4p_review - INFO - Companies in group: 13, to exclude: 2
2025-03-19 17:42:54,885 - Review.reviews.frd4p_review - INFO - Processing sector: 4050.0, area: NA, group size: 19
2025-03-19 17:42:54,886 - Review.reviews.frd4p_review - INFO - Companies in group: 19, to exclude: 3
2025-03-19 17:42:54,886 - Review.reviews.frd4p_review - INFO - Processing sector: 4510.0, area: AS, group size: 25
2025-03-19 17:42:54,886 - Review.reviews.frd4p_review - INFO - Companies in group: 25, to exclude: 4
2025-03-19 17:42:54,886 - Review.reviews.frd4p_review - INFO - Processing sector: 4510.0, area: EU, group size: 26
2025-03-19 17:42:54,886 - Review.reviews.frd4p_review - INFO - Companies in group: 26, to exclude: 5
2025-03-19 17:42:54,888 - Review.reviews.frd4p_review - INFO - Processing sector: 4510.0, area: NA, group size: 17
2025-03-19 17:42:54,888 - Review.reviews.frd4p_review - INFO - Companies in group: 17, to exclude: 3
2025-03-19 17:42:54,888 - Review.reviews.frd4p_review - INFO - Processing sector: 4520.0, area: AS, group size: 16
2025-03-19 17:42:54,889 - Review.reviews.frd4p_review - INFO - Companies in group: 16, to exclude: 3
2025-03-19 17:42:54,889 - Review.reviews.frd4p_review - INFO - Processing sector: 4520.0, area: EU, group size: 12
2025-03-19 17:42:54,889 - Review.reviews.frd4p_review - INFO - Companies in group: 12, to exclude: 2
2025-03-19 17:42:54,890 - Review.reviews.frd4p_review - INFO - Processing sector: 4520.0, area: NA, group size: 12
2025-03-19 17:42:54,890 - Review.reviews.frd4p_review - INFO - Companies in group: 12, to exclude: 2
2025-03-19 17:42:54,890 - Review.reviews.frd4p_review - INFO - Processing sector: 5010.0, area: AS, group size: 17
2025-03-19 17:42:54,891 - Review.reviews.frd4p_review - INFO - Companies in group: 17, to exclude: 3
2025-03-19 17:42:54,891 - Review.reviews.frd4p_review - INFO - Processing sector: 5010.0, area: EU, group size: 27
2025-03-19 17:42:54,891 - Review.reviews.frd4p_review - INFO - Companies in group: 27, to exclude: 5
2025-03-19 17:42:54,892 - Review.reviews.frd4p_review - INFO - Processing sector: 5010.0, area: NA, group size: 10
2025-03-19 17:42:54,892 - Review.reviews.frd4p_review - INFO - Companies in group: 10, to exclude: 1
2025-03-19 17:42:54,893 - Review.reviews.frd4p_review - INFO - Processing sector: 5020.0, area: AS, group size: 95
2025-03-19 17:42:54,893 - Review.reviews.frd4p_review - INFO - Companies in group: 95, to exclude: 18
2025-03-19 17:42:54,893 - Review.reviews.frd4p_review - INFO - Processing sector: 5020.0, area: EU, group size: 97
2025-03-19 17:42:54,893 - Review.reviews.frd4p_review - INFO - Companies in group: 97, to exclude: 19
2025-03-19 17:42:54,893 - Review.reviews.frd4p_review - INFO - Processing sector: 5020.0, area: NA, group size: 75
2025-03-19 17:42:54,893 - Review.reviews.frd4p_review - INFO - Companies in group: 75, to exclude: 14
2025-03-19 17:42:54,893 - Review.reviews.frd4p_review - INFO - Processing sector: 5510.0, area: AS, group size: 20
2025-03-19 17:42:54,893 - Review.reviews.frd4p_review - INFO - Companies in group: 20, to exclude: 3
2025-03-19 17:42:54,893 - Review.reviews.frd4p_review - INFO - Processing sector: 5510.0, area: EU, group size: 16
2025-03-19 17:42:54,893 - Review.reviews.frd4p_review - INFO - Companies in group: 16, to exclude: 3
2025-03-19 17:42:54,893 - Review.reviews.frd4p_review - INFO - Processing sector: 5510.0, area: NA, group size: 12
2025-03-19 17:42:54,893 - Review.reviews.frd4p_review - INFO - Companies in group: 12, to exclude: 2
2025-03-19 17:42:54,893 - Review.reviews.frd4p_review - INFO - Processing sector: 5520.0, area: AS, group size: 17
2025-03-19 17:42:54,893 - Review.reviews.frd4p_review - INFO - Companies in group: 17, to exclude: 3
2025-03-19 17:42:54,893 - Review.reviews.frd4p_review - INFO - Processing sector: 5520.0, area: EU, group size: 18
2025-03-19 17:42:54,893 - Review.reviews.frd4p_review - INFO - Companies in group: 18, to exclude: 3
2025-03-19 17:42:54,899 - Review.reviews.frd4p_review - INFO - Processing sector: 5520.0, area: NA, group size: 6
2025-03-19 17:42:54,899 - Review.reviews.frd4p_review - INFO - Companies in group: 6, to exclude: 1
2025-03-19 17:42:54,899 - Review.reviews.frd4p_review - INFO - Processing sector: 6010.0, area: AS, group size: 10
2025-03-19 17:42:54,899 - Review.reviews.frd4p_review - INFO - Companies in group: 10, to exclude: 1
2025-03-19 17:42:54,900 - Review.reviews.frd4p_review - INFO - Processing sector: 6010.0, area: EU, group size: 21
2025-03-19 17:42:54,900 - Review.reviews.frd4p_review - INFO - Companies in group: 21, to exclude: 4
2025-03-19 17:42:54,900 - Review.reviews.frd4p_review - INFO - Processing sector: 6010.0, area: NA, group size: 34
2025-03-19 17:42:54,900 - Review.reviews.frd4p_review - INFO - Companies in group: 34, to exclude: 6
2025-03-19 17:42:54,901 - Review.reviews.frd4p_review - INFO - Processing sector: 6510.0, area: AS, group size: 22
2025-03-19 17:42:54,902 - Review.reviews.frd4p_review - INFO - Companies in group: 22, to exclude: 4
2025-03-19 17:42:54,902 - Review.reviews.frd4p_review - INFO - Processing sector: 6510.0, area: EU, group size: 25
2025-03-19 17:42:54,903 - Review.reviews.frd4p_review - INFO - Companies in group: 25, to exclude: 4
2025-03-19 17:42:54,903 - Review.reviews.frd4p_review - INFO - Processing sector: 6510.0, area: NA, group size: 31
2025-03-19 17:42:54,903 - Review.reviews.frd4p_review - INFO - Companies in group: 31, to exclude: 6
2025-03-19 17:43:07,480 - Review.reviews.frd4p_review - INFO - Checking IsinCode FRIX00003031 in index_eod_df
2025-03-19 17:43:07,480 - Review.reviews.frd4p_review - INFO - Found 1 matching rows
2025-03-19 17:43:07,490 - Review.reviews.frd4p_review - INFO - Saving FRD4P output to: C:\Users\CSonneveld\OneDrive - Euronext\Documents\Projects\GUI + Reviews\output\FRD4P_df_20250319_174307.xlsx
2025-03-19 17:43:07,893 - werkzeug - INFO - 127.0.0.1 - - [19/Mar/2025 17:43:07] "POST /calculate HTTP/1.1" 200 -
2025-03-19 17:43:47,836 - Review.reviews.frd4p_review - INFO - Loading EOD data...
2025-03-19 17:43:50,896 - Review.reviews.frd4p_review - INFO - Loading reference data...
2025-03-19 17:43:58,986 - Review.reviews.frd4p_review - INFO - Processing sector: 1010.0, area: AS, group size: 46
2025-03-19 17:43:58,986 - Review.reviews.frd4p_review - INFO - Companies in group: 46, to exclude: 9
2025-03-19 17:43:58,986 - Review.reviews.frd4p_review - INFO - Processing sector: 1010.0, area: EU, group size: 25
2025-03-19 17:43:58,986 - Review.reviews.frd4p_review - INFO - Companies in group: 25, to exclude: 4
2025-03-19 17:43:58,986 - Review.reviews.frd4p_review - INFO - Processing sector: 1010.0, area: NA, group size: 83
2025-03-19 17:43:58,986 - Review.reviews.frd4p_review - INFO - Companies in group: 83, to exclude: 16
2025-03-19 17:43:58,986 - Review.reviews.frd4p_review - INFO - Processing sector: 1510.0, area: AS, group size: 12
2025-03-19 17:43:58,986 - Review.reviews.frd4p_review - INFO - Companies in group: 12, to exclude: 2
2025-03-19 17:43:58,996 - Review.reviews.frd4p_review - INFO - Processing sector: 1510.0, area: EU, group size: 19
2025-03-19 17:43:58,996 - Review.reviews.frd4p_review - INFO - Companies in group: 19, to exclude: 3
2025-03-19 17:43:58,996 - Review.reviews.frd4p_review - INFO - Processing sector: 1510.0, area: NA, group size: 10
2025-03-19 17:43:58,996 - Review.reviews.frd4p_review - INFO - Companies in group: 10, to exclude: 1
2025-03-19 17:43:58,998 - Review.reviews.frd4p_review - INFO - Processing sector: 2010.0, area: AS, group size: 30
2025-03-19 17:43:58,998 - Review.reviews.frd4p_review - INFO - Companies in group: 30, to exclude: 5
2025-03-19 17:43:58,998 - Review.reviews.frd4p_review - INFO - Processing sector: 2010.0, area: EU, group size: 48
2025-03-19 17:43:58,998 - Review.reviews.frd4p_review - INFO - Companies in group: 48, to exclude: 9
2025-03-19 17:43:59,000 - Review.reviews.frd4p_review - INFO - Processing sector: 2010.0, area: NA, group size: 46
2025-03-19 17:43:59,000 - Review.reviews.frd4p_review - INFO - Companies in group: 46, to exclude: 9
2025-03-19 17:43:59,000 - Review.reviews.frd4p_review - INFO - Processing sector: 3010.0, area: AS, group size: 30
2025-03-19 17:43:59,001 - Review.reviews.frd4p_review - INFO - Companies in group: 30, to exclude: 5
2025-03-19 17:43:59,002 - Review.reviews.frd4p_review - INFO - Processing sector: 3010.0, area: EU, group size: 46
2025-03-19 17:43:59,003 - Review.reviews.frd4p_review - INFO - Companies in group: 46, to exclude: 9
2025-03-19 17:43:59,003 - Review.reviews.frd4p_review - INFO - Processing sector: 3010.0, area: NA, group size: 21
2025-03-19 17:43:59,003 - Review.reviews.frd4p_review - INFO - Companies in group: 21, to exclude: 4
2025-03-19 17:43:59,003 - Review.reviews.frd4p_review - INFO - Processing sector: 3020.0, area: AS, group size: 17
2025-03-19 17:43:59,003 - Review.reviews.frd4p_review - INFO - Companies in group: 17, to exclude: 3
2025-03-19 17:43:59,003 - Review.reviews.frd4p_review - INFO - Processing sector: 3020.0, area: EU, group size: 36
2025-03-19 17:43:59,003 - Review.reviews.frd4p_review - INFO - Companies in group: 36, to exclude: 7
2025-03-19 17:43:59,003 - Review.reviews.frd4p_review - INFO - Processing sector: 3020.0, area: NA, group size: 32
2025-03-19 17:43:59,003 - Review.reviews.frd4p_review - INFO - Companies in group: 32, to exclude: 6
2025-03-19 17:43:59,003 - Review.reviews.frd4p_review - INFO - Processing sector: 3030.0, area: AS, group size: 13
2025-03-19 17:43:59,003 - Review.reviews.frd4p_review - INFO - Companies in group: 13, to exclude: 2
2025-03-19 17:43:59,007 - Review.reviews.frd4p_review - INFO - Processing sector: 3030.0, area: EU, group size: 32
2025-03-19 17:43:59,007 - Review.reviews.frd4p_review - INFO - Companies in group: 32, to exclude: 6
2025-03-19 17:43:59,007 - Review.reviews.frd4p_review - INFO - Processing sector: 3030.0, area: NA, group size: 23
2025-03-19 17:43:59,008 - Review.reviews.frd4p_review - INFO - Companies in group: 23, to exclude: 4
2025-03-19 17:43:59,008 - Review.reviews.frd4p_review - INFO - Processing sector: 3510.0, area: AS, group size: 48
2025-03-19 17:43:59,009 - Review.reviews.frd4p_review - INFO - Companies in group: 48, to exclude: 9
2025-03-19 17:43:59,009 - Review.reviews.frd4p_review - INFO - Processing sector: 3510.0, area: EU, group size: 25
2025-03-19 17:43:59,009 - Review.reviews.frd4p_review - INFO - Companies in group: 25, to exclude: 4
2025-03-19 17:43:59,010 - Review.reviews.frd4p_review - INFO - Processing sector: 3510.0, area: NA, group size: 22
2025-03-19 17:43:59,010 - Review.reviews.frd4p_review - INFO - Companies in group: 22, to exclude: 4
2025-03-19 17:43:59,010 - Review.reviews.frd4p_review - INFO - Processing sector: 4010.0, area: AS, group size: 15
2025-03-19 17:43:59,011 - Review.reviews.frd4p_review - INFO - Companies in group: 15, to exclude: 2
2025-03-19 17:43:59,011 - Review.reviews.frd4p_review - INFO - Processing sector: 4010.0, area: EU, group size: 13
2025-03-19 17:43:59,011 - Review.reviews.frd4p_review - INFO - Companies in group: 13, to exclude: 2
2025-03-19 17:43:59,012 - Review.reviews.frd4p_review - INFO - Processing sector: 4010.0, area: NA, group size: 4
2025-03-19 17:43:59,013 - Review.reviews.frd4p_review - INFO - Companies in group: 4, to exclude: 0
2025-03-19 17:43:59,013 - Review.reviews.frd4p_review - WARNING - No companies to exclude for sector 4010.0 and area NA
2025-03-19 17:43:59,013 - Review.reviews.frd4p_review - INFO - Processing sector: 4020.0, area: AS, group size: 29
2025-03-19 17:43:59,014 - Review.reviews.frd4p_review - INFO - Companies in group: 29, to exclude: 5
2025-03-19 17:43:59,014 - Review.reviews.frd4p_review - INFO - Processing sector: 4020.0, area: EU, group size: 26
2025-03-19 17:43:59,015 - Review.reviews.frd4p_review - INFO - Companies in group: 26, to exclude: 5
2025-03-19 17:43:59,015 - Review.reviews.frd4p_review - INFO - Processing sector: 4020.0, area: NA, group size: 17
2025-03-19 17:43:59,015 - Review.reviews.frd4p_review - INFO - Companies in group: 17, to exclude: 3
2025-03-19 17:43:59,016 - Review.reviews.frd4p_review - INFO - Processing sector: 4030.0, area: AS, group size: 6
2025-03-19 17:43:59,016 - Review.reviews.frd4p_review - INFO - Companies in group: 6, to exclude: 1
2025-03-19 17:43:59,017 - Review.reviews.frd4p_review - INFO - Processing sector: 4030.0, area: EU, group size: 10
2025-03-19 17:43:59,018 - Review.reviews.frd4p_review - INFO - Companies in group: 10, to exclude: 1
2025-03-19 17:43:59,018 - Review.reviews.frd4p_review - INFO - Processing sector: 4030.0, area: NA, group size: 6
2025-03-19 17:43:59,018 - Review.reviews.frd4p_review - INFO - Companies in group: 6, to exclude: 1
2025-03-19 17:43:59,018 - Review.reviews.frd4p_review - INFO - Processing sector: 4040.0, area: AS, group size: 13
2025-03-19 17:43:59,019 - Review.reviews.frd4p_review - INFO - Companies in group: 13, to exclude: 2
2025-03-19 17:43:59,020 - Review.reviews.frd4p_review - INFO - Processing sector: 4040.0, area: EU, group size: 11
2025-03-19 17:43:59,020 - Review.reviews.frd4p_review - INFO - Companies in group: 11, to exclude: 2
2025-03-19 17:43:59,021 - Review.reviews.frd4p_review - INFO - Processing sector: 4040.0, area: NA, group size: 20
2025-03-19 17:43:59,021 - Review.reviews.frd4p_review - INFO - Companies in group: 20, to exclude: 3
2025-03-19 17:43:59,021 - Review.reviews.frd4p_review - INFO - Processing sector: 4050.0, area: AS, group size: 19
2025-03-19 17:43:59,022 - Review.reviews.frd4p_review - INFO - Companies in group: 19, to exclude: 3
2025-03-19 17:43:59,022 - Review.reviews.frd4p_review - INFO - Processing sector: 4050.0, area: EU, group size: 13
2025-03-19 17:43:59,022 - Review.reviews.frd4p_review - INFO - Companies in group: 13, to exclude: 2
2025-03-19 17:43:59,022 - Review.reviews.frd4p_review - INFO - Processing sector: 4050.0, area: NA, group size: 19
2025-03-19 17:43:59,022 - Review.reviews.frd4p_review - INFO - Companies in group: 19, to exclude: 3
2025-03-19 17:43:59,022 - Review.reviews.frd4p_review - INFO - Processing sector: 4510.0, area: AS, group size: 25
2025-03-19 17:43:59,022 - Review.reviews.frd4p_review - INFO - Companies in group: 25, to exclude: 4
2025-03-19 17:43:59,022 - Review.reviews.frd4p_review - INFO - Processing sector: 4510.0, area: EU, group size: 26
2025-03-19 17:43:59,022 - Review.reviews.frd4p_review - INFO - Companies in group: 26, to exclude: 5
2025-03-19 17:43:59,022 - Review.reviews.frd4p_review - INFO - Processing sector: 4510.0, area: NA, group size: 17
2025-03-19 17:43:59,022 - Review.reviews.frd4p_review - INFO - Companies in group: 17, to exclude: 3
2025-03-19 17:43:59,022 - Review.reviews.frd4p_review - INFO - Processing sector: 4520.0, area: AS, group size: 16
2025-03-19 17:43:59,022 - Review.reviews.frd4p_review - INFO - Companies in group: 16, to exclude: 3
2025-03-19 17:43:59,022 - Review.reviews.frd4p_review - INFO - Processing sector: 4520.0, area: EU, group size: 12
2025-03-19 17:43:59,022 - Review.reviews.frd4p_review - INFO - Companies in group: 12, to exclude: 2
2025-03-19 17:43:59,022 - Review.reviews.frd4p_review - INFO - Processing sector: 4520.0, area: NA, group size: 12
2025-03-19 17:43:59,027 - Review.reviews.frd4p_review - INFO - Companies in group: 12, to exclude: 2
2025-03-19 17:43:59,027 - Review.reviews.frd4p_review - INFO - Processing sector: 5010.0, area: AS, group size: 17
2025-03-19 17:43:59,027 - Review.reviews.frd4p_review - INFO - Companies in group: 17, to exclude: 3
2025-03-19 17:43:59,028 - Review.reviews.frd4p_review - INFO - Processing sector: 5010.0, area: EU, group size: 27
2025-03-19 17:43:59,028 - Review.reviews.frd4p_review - INFO - Companies in group: 27, to exclude: 5
2025-03-19 17:43:59,028 - Review.reviews.frd4p_review - INFO - Processing sector: 5010.0, area: NA, group size: 10
2025-03-19 17:43:59,028 - Review.reviews.frd4p_review - INFO - Companies in group: 10, to exclude: 1
2025-03-19 17:43:59,029 - Review.reviews.frd4p_review - INFO - Processing sector: 5020.0, area: AS, group size: 95
2025-03-19 17:43:59,029 - Review.reviews.frd4p_review - INFO - Companies in group: 95, to exclude: 18
2025-03-19 17:43:59,029 - Review.reviews.frd4p_review - INFO - Processing sector: 5020.0, area: EU, group size: 97
2025-03-19 17:43:59,030 - Review.reviews.frd4p_review - INFO - Companies in group: 97, to exclude: 19
2025-03-19 17:43:59,030 - Review.reviews.frd4p_review - INFO - Processing sector: 5020.0, area: NA, group size: 75
2025-03-19 17:43:59,030 - Review.reviews.frd4p_review - INFO - Companies in group: 75, to exclude: 14
2025-03-19 17:43:59,030 - Review.reviews.frd4p_review - INFO - Processing sector: 5510.0, area: AS, group size: 20
2025-03-19 17:43:59,031 - Review.reviews.frd4p_review - INFO - Companies in group: 20, to exclude: 3
2025-03-19 17:43:59,031 - Review.reviews.frd4p_review - INFO - Processing sector: 5510.0, area: EU, group size: 16
2025-03-19 17:43:59,032 - Review.reviews.frd4p_review - INFO - Companies in group: 16, to exclude: 3
2025-03-19 17:43:59,032 - Review.reviews.frd4p_review - INFO - Processing sector: 5510.0, area: NA, group size: 12
2025-03-19 17:43:59,032 - Review.reviews.frd4p_review - INFO - Companies in group: 12, to exclude: 2
2025-03-19 17:43:59,032 - Review.reviews.frd4p_review - INFO - Processing sector: 5520.0, area: AS, group size: 17
2025-03-19 17:43:59,033 - Review.reviews.frd4p_review - INFO - Companies in group: 17, to exclude: 3
2025-03-19 17:43:59,033 - Review.reviews.frd4p_review - INFO - Processing sector: 5520.0, area: EU, group size: 18
2025-03-19 17:43:59,033 - Review.reviews.frd4p_review - INFO - Companies in group: 18, to exclude: 3
2025-03-19 17:43:59,033 - Review.reviews.frd4p_review - INFO - Processing sector: 5520.0, area: NA, group size: 6
2025-03-19 17:43:59,033 - Review.reviews.frd4p_review - INFO - Companies in group: 6, to exclude: 1
2025-03-19 17:43:59,033 - Review.reviews.frd4p_review - INFO - Processing sector: 6010.0, area: AS, group size: 10
2025-03-19 17:43:59,033 - Review.reviews.frd4p_review - INFO - Companies in group: 10, to exclude: 1
2025-03-19 17:43:59,033 - Review.reviews.frd4p_review - INFO - Processing sector: 6010.0, area: EU, group size: 21
2025-03-19 17:43:59,033 - Review.reviews.frd4p_review - INFO - Companies in group: 21, to exclude: 4
2025-03-19 17:43:59,033 - Review.reviews.frd4p_review - INFO - Processing sector: 6010.0, area: NA, group size: 34
2025-03-19 17:43:59,033 - Review.reviews.frd4p_review - INFO - Companies in group: 34, to exclude: 6
2025-03-19 17:43:59,033 - Review.reviews.frd4p_review - INFO - Processing sector: 6510.0, area: AS, group size: 22
2025-03-19 17:43:59,038 - Review.reviews.frd4p_review - INFO - Companies in group: 22, to exclude: 4
2025-03-19 17:43:59,038 - Review.reviews.frd4p_review - INFO - Processing sector: 6510.0, area: EU, group size: 25
2025-03-19 17:43:59,038 - Review.reviews.frd4p_review - INFO - Companies in group: 25, to exclude: 4
2025-03-19 17:43:59,038 - Review.reviews.frd4p_review - INFO - Processing sector: 6510.0, area: NA, group size: 31
2025-03-19 17:43:59,039 - Review.reviews.frd4p_review - INFO - Companies in group: 31, to exclude: 6
2025-03-19 17:44:11,416 - Review.reviews.frd4p_review - INFO - Checking IsinCode FRIX00003031 in index_eod_df
2025-03-19 17:44:11,416 - Review.reviews.frd4p_review - INFO - Found 1 matching rows
2025-03-19 17:44:11,426 - Review.reviews.frd4p_review - INFO - Saving FRD4P output to: C:\Users\CSonneveld\OneDrive - Euronext\Documents\Projects\GUI + Reviews\output\FRD4P_df_20250319_174411.xlsx
2025-03-19 17:44:11,755 - werkzeug - INFO - 127.0.0.1 - - [19/Mar/2025 17:44:11] "POST /calculate HTTP/1.1" 200 -
2025-03-19 17:44:58,136 - werkzeug - INFO -  * Detected change in 'C:\\Users\\CSonneveld\\OneDrive - Euronext\\Documents\\Projects\\GUI + Reviews\\compare.py', reloading
2025-03-19 17:44:58,199 - werkzeug - INFO -  * Detected change in 'C:\\Program Files\\Python312\\Lib\\re\\__init__.py', reloading
2025-03-19 17:44:58,233 - werkzeug - INFO -  * Detected change in 'C:\\Program Files\\Python312\\Lib\\subprocess.py', reloading
2025-03-19 17:44:58,277 - werkzeug - INFO -  * Detected change in 'C:\\Program Files\\Python312\\Lib\\pathlib.py', reloading
