2025-03-17 15:29:35,055 - werkzeug - WARNING -  * Debugger is active!
2025-03-17 15:29:35,057 - werkzeug - INFO -  * Debugger PIN: 691-175-853
2025-03-17 15:29:35,326 - Review.reviews.edwp_review - INFO - Starting EDWP review calculation
2025-03-17 15:29:40,704 - Review.reviews.edwp_review - INFO - 
EDWP Selection Summary:
2025-03-17 15:29:40,705 - Review.reviews.edwp_review - INFO - Total companies selected: 1545
2025-03-17 15:29:40,706 - Review.reviews.edwp_review - INFO - Total FFMC covered: 88.81%
2025-03-17 15:29:40,729 - Review.reviews.edwp_review - INFO - 
DEUP Selection Summary:
2025-03-17 15:29:40,731 - Review.reviews.edwp_review - INFO - Total companies selected: 431
2025-03-17 15:29:40,732 - Review.reviews.edwp_review - INFO - Total FFMC covered: 88.77%
2025-03-17 15:29:40,747 - Review.reviews.edwp_review - INFO - 
DEZP Selection Summary:
2025-03-17 15:29:40,749 - Review.reviews.edwp_review - INFO - Total companies selected: 178
2025-03-17 15:29:40,750 - Review.reviews.edwp_review - INFO - Total FFMC covered: 88.52%
2025-03-17 15:29:40,768 - Review.reviews.edwp_review - INFO - 
DAPPR Selection Summary:
2025-03-17 15:29:40,769 - Review.reviews.edwp_review - INFO - Total companies selected: 494
2025-03-17 15:29:40,770 - Review.reviews.edwp_review - INFO - Total FFMC covered: 85.85%
2025-03-17 15:29:40,784 - Review.reviews.edwp_review - INFO - 
DNAP Selection Summary:
2025-03-17 15:29:40,785 - Review.reviews.edwp_review - INFO - Total companies selected: 460
2025-03-17 15:29:40,786 - Review.reviews.edwp_review - INFO - Total FFMC covered: 85.75%
2025-03-17 15:29:40,799 - Review.reviews.edwp_review - INFO - 
DASP Selection Summary:
2025-03-17 15:29:40,800 - Review.reviews.edwp_review - INFO - Total companies selected: 394
2025-03-17 15:29:40,801 - Review.reviews.edwp_review - INFO - Total FFMC covered: 85.59%
2025-03-17 15:29:40,809 - Review.reviews.edwp_review - INFO - 
DPAP Selection Summary:
2025-03-17 15:29:40,810 - Review.reviews.edwp_review - INFO - Total companies selected: 95
2025-03-17 15:29:40,810 - Review.reviews.edwp_review - INFO - Total FFMC covered: 85.98%
2025-03-17 15:29:40,823 - Review.reviews.edwp_review - INFO - 
EUSP Selection Summary:
2025-03-17 15:29:40,824 - Review.reviews.edwp_review - INFO - Total companies selected: 371
2025-03-17 15:29:40,825 - Review.reviews.edwp_review - INFO - Total FFMC covered: 85.04%
2025-03-17 15:29:40,836 - Review.reviews.edwp_review - INFO - 
EJPP Selection Summary:
2025-03-17 15:29:40,837 - Review.reviews.edwp_review - INFO - Total companies selected: 337
2025-03-17 15:29:40,838 - Review.reviews.edwp_review - INFO - Total FFMC covered: 85.01%
2025-03-17 15:29:40,843 - Review.reviews.edwp_review - INFO - 
ECHP Selection Summary:
2025-03-17 15:29:40,843 - Review.reviews.edwp_review - INFO - Total companies selected: 24
2025-03-17 15:29:40,844 - Review.reviews.edwp_review - INFO - Total FFMC covered: 85.67%
2025-03-17 15:29:40,850 - Review.reviews.edwp_review - INFO - 
EUKP Selection Summary:
2025-03-17 15:29:40,851 - Review.reviews.edwp_review - INFO - Total companies selected: 83
2025-03-17 15:29:40,852 - Review.reviews.edwp_review - INFO - Total FFMC covered: 85.06%
2025-03-17 15:29:40,857 - Review.reviews.edwp_review - INFO - 
CANP Selection Summary:
2025-03-17 15:29:40,858 - Review.reviews.edwp_review - INFO - Total companies selected: 69
2025-03-17 15:29:40,859 - Review.reviews.edwp_review - INFO - Total FFMC covered: 85.18%
2025-03-17 15:29:40,870 - Review.reviews.edwp_review - INFO - 
Global Selection Summary:
2025-03-17 15:29:40,871 - Review.reviews.edwp_review - INFO - Total companies selected: 1545
2025-03-17 15:29:40,872 - Review.reviews.edwp_review - INFO - Total FFMC covered: 88.81%
2025-03-17 15:29:40,874 - Review.reviews.edwp_review - INFO - 
MIC-level Summary:
2025-03-17 15:29:40,874 - Review.reviews.edwp_review - INFO -       ISIN          FFMC  EDWP_selection
MIC                                     
ALXP     1  9.968077e+08               0
BATS     1  2.112040e+10               1
MERK     2  2.278097e+08               0
MTAA   237  5.901140e+11              26
WBAH    27  6.292269e+10               9
XAMS    79  1.132677e+12              16
XASX   878  1.527946e+12              75
XBRU    62  2.045026e+11              15
XCSE   102  5.132591e+11              12
XESM     2  1.518334e+09               0
XETR   223  1.747680e+12              31
XHEL   127  2.211743e+11              16
XHKG   236  4.848765e+11              23
XLIS    16  3.253346e+10               5
XLON   857  2.406037e+12              83
XMAD    91  5.438350e+11              13
XMSM    15  5.888329e+10               4
XNGM    52  5.491666e+08               0
XNGS  2653  2.837069e+13             180
XNYS  1730  2.815322e+13             368
XNZE    52  6.129570e+10              15
XOSL   237  1.757004e+11              41
XPAR   350  1.993030e+12              29
XSES   127  3.085594e+11              24
XSTO   630  7.504324e+11              67
XSWX   159  1.768558e+12              27
XTAE   282  1.937618e+11              59
XTKS  3664  5.213690e+12             337
XTSE   493  2.314548e+12              69
2025-03-17 15:29:40,891 - Review.reviews.edwp_review - INFO - Saving output to: C:\Users\CSonneveld\OneDrive - Euronext\Documents\Projects\GUI + Reviews\output\EDWP_df_20250317_152940.xlsx
2025-03-17 15:29:40,966 - Review.reviews.edwp_review - INFO - 
EDWP Changes Summary:
2025-03-17 15:29:40,967 - Review.reviews.edwp_review - INFO - Inclusions: 68
2025-03-17 15:29:40,967 - Review.reviews.edwp_review - INFO - Exclusions: 127
2025-03-17 15:29:40,985 - Review.reviews.edwp_review - INFO - 
DEUP Changes Summary:
2025-03-17 15:29:40,986 - Review.reviews.edwp_review - INFO - Inclusions: 18
2025-03-17 15:29:40,986 - Review.reviews.edwp_review - INFO - Exclusions: 48
2025-03-17 15:29:40,997 - Review.reviews.edwp_review - INFO - 
DEZP Changes Summary:
2025-03-17 15:29:40,997 - Review.reviews.edwp_review - INFO - Inclusions: 8
2025-03-17 15:29:40,997 - Review.reviews.edwp_review - INFO - Exclusions: 13
2025-03-17 15:29:41,018 - Review.reviews.edwp_review - INFO - 
DAPPR Changes Summary:
2025-03-17 15:29:41,018 - Review.reviews.edwp_review - INFO - Inclusions: 21
2025-03-17 15:29:41,019 - Review.reviews.edwp_review - INFO - Exclusions: 21
2025-03-17 15:29:41,038 - Review.reviews.edwp_review - INFO - 
DNAP Changes Summary:
2025-03-17 15:29:41,039 - Review.reviews.edwp_review - INFO - Inclusions: 22
2025-03-17 15:29:41,039 - Review.reviews.edwp_review - INFO - Exclusions: 52
2025-03-17 15:29:41,056 - Review.reviews.edwp_review - INFO - 
DASP Changes Summary:
2025-03-17 15:29:41,056 - Review.reviews.edwp_review - INFO - Inclusions: 17
2025-03-17 15:29:41,057 - Review.reviews.edwp_review - INFO - Exclusions: 17
2025-03-17 15:29:41,064 - Review.reviews.edwp_review - INFO - 
DPAP Changes Summary:
2025-03-17 15:29:41,064 - Review.reviews.edwp_review - INFO - Inclusions: 4
2025-03-17 15:29:41,064 - Review.reviews.edwp_review - INFO - Exclusions: 2
2025-03-17 15:29:41,081 - Review.reviews.edwp_review - INFO - 
EUSP Changes Summary:
2025-03-17 15:29:41,082 - Review.reviews.edwp_review - INFO - Inclusions: 15
2025-03-17 15:29:41,082 - Review.reviews.edwp_review - INFO - Exclusions: 39
2025-03-17 15:29:41,097 - Review.reviews.edwp_review - INFO - 
EJPP Changes Summary:
2025-03-17 15:29:41,097 - Review.reviews.edwp_review - INFO - Inclusions: 13
2025-03-17 15:29:41,097 - Review.reviews.edwp_review - INFO - Exclusions: 15
2025-03-17 15:29:41,103 - Review.reviews.edwp_review - INFO - 
ECHP Changes Summary:
2025-03-17 15:29:41,103 - Review.reviews.edwp_review - INFO - Inclusions: 1
2025-03-17 15:29:41,103 - Review.reviews.edwp_review - INFO - Exclusions: 1
2025-03-17 15:29:41,110 - Review.reviews.edwp_review - INFO - 
EUKP Changes Summary:
2025-03-17 15:29:41,110 - Review.reviews.edwp_review - INFO - Inclusions: 3
2025-03-17 15:29:41,111 - Review.reviews.edwp_review - INFO - Exclusions: 14
2025-03-17 15:29:41,117 - Review.reviews.edwp_review - INFO - 
CANP Changes Summary:
2025-03-17 15:29:41,118 - Review.reviews.edwp_review - INFO - Inclusions: 3
2025-03-17 15:29:41,118 - Review.reviews.edwp_review - INFO - Exclusions: 9
2025-03-17 15:29:44,839 - Review.reviews.edwp_review - INFO - Saving individual composition file for EDWP to: C:\Users\CSonneveld\OneDrive - Euronext\Documents\Projects\GUI + Reviews\output\EDWP_Composition_20250317_152940.xlsx
2025-03-17 15:29:44,953 - Review.reviews.edwp_review - INFO - Saving individual composition file for DEUP to: C:\Users\CSonneveld\OneDrive - Euronext\Documents\Projects\GUI + Reviews\output\DEUP_Composition_20250317_152940.xlsx
2025-03-17 15:29:44,985 - Review.reviews.edwp_review - INFO - Saving individual composition file for DEZP to: C:\Users\CSonneveld\OneDrive - Euronext\Documents\Projects\GUI + Reviews\output\DEZP_Composition_20250317_152940.xlsx
2025-03-17 15:29:45,005 - Review.reviews.edwp_review - INFO - Saving individual composition file for DAPPR to: C:\Users\CSonneveld\OneDrive - Euronext\Documents\Projects\GUI + Reviews\output\DAPPR_Composition_20250317_152940.xlsx
2025-03-17 15:29:45,043 - Review.reviews.edwp_review - INFO - Saving individual composition file for DNAP to: C:\Users\CSonneveld\OneDrive - Euronext\Documents\Projects\GUI + Reviews\output\DNAP_Composition_20250317_152940.xlsx
2025-03-17 15:29:45,077 - Review.reviews.edwp_review - INFO - Saving individual composition file for DASP to: C:\Users\CSonneveld\OneDrive - Euronext\Documents\Projects\GUI + Reviews\output\DASP_Composition_20250317_152940.xlsx
2025-03-17 15:29:45,107 - Review.reviews.edwp_review - INFO - Saving individual composition file for DPAP to: C:\Users\CSonneveld\OneDrive - Euronext\Documents\Projects\GUI + Reviews\output\DPAP_Composition_20250317_152940.xlsx
2025-03-17 15:29:45,125 - Review.reviews.edwp_review - INFO - Saving individual composition file for EUSP to: C:\Users\CSonneveld\OneDrive - Euronext\Documents\Projects\GUI + Reviews\output\EUSP_Composition_20250317_152940.xlsx
2025-03-17 15:29:45,155 - Review.reviews.edwp_review - INFO - Saving individual composition file for EJPP to: C:\Users\CSonneveld\OneDrive - Euronext\Documents\Projects\GUI + Reviews\output\EJPP_Composition_20250317_152940.xlsx
2025-03-17 15:29:45,187 - Review.reviews.edwp_review - INFO - Saving individual composition file for ECHP to: C:\Users\CSonneveld\OneDrive - Euronext\Documents\Projects\GUI + Reviews\output\ECHP_Composition_20250317_152940.xlsx
2025-03-17 15:29:45,200 - Review.reviews.edwp_review - INFO - Saving individual composition file for EUKP to: C:\Users\CSonneveld\OneDrive - Euronext\Documents\Projects\GUI + Reviews\output\EUKP_Composition_20250317_152940.xlsx
2025-03-17 15:29:45,218 - Review.reviews.edwp_review - INFO - Saving individual composition file for CANP to: C:\Users\CSonneveld\OneDrive - Euronext\Documents\Projects\GUI + Reviews\output\CANP_Composition_20250317_152940.xlsx
2025-03-17 15:29:45,235 - Review.reviews.edwp_review - INFO - Individual composition files saved: 12
2025-03-17 15:29:45,247 - werkzeug - INFO - 127.0.0.1 - - [17/Mar/2025 15:29:45] "POST /calculate HTTP/1.1" 200 -
2025-03-17 15:29:47,811 - Review.reviews.edwpt_review - INFO - Starting EDWPT review calculation
2025-03-17 15:29:51,978 - Review.reviews.edwpt_review - INFO - 
EDWPT Selection Summary:
2025-03-17 15:29:51,980 - Review.reviews.edwpt_review - INFO - Total companies selected: 5329
2025-03-17 15:29:51,981 - Review.reviews.edwpt_review - INFO - Total FFMC covered: 98.85%
2025-03-17 15:29:52,006 - Review.reviews.edwpt_review - INFO - 
DEUPT Selection Summary:
2025-03-17 15:29:52,006 - Review.reviews.edwpt_review - INFO - Total companies selected: 1263
2025-03-17 15:29:52,007 - Review.reviews.edwpt_review - INFO - Total FFMC covered: 98.66%
2025-03-17 15:29:52,023 - Review.reviews.edwpt_review - INFO - 
DEZPT Selection Summary:
2025-03-17 15:29:52,024 - Review.reviews.edwpt_review - INFO - Total companies selected: 484
2025-03-17 15:29:52,025 - Review.reviews.edwpt_review - INFO - Total FFMC covered: 98.55%
2025-03-17 15:29:52,039 - Review.reviews.edwpt_review - INFO - 
DAPPT Selection Summary:
2025-03-17 15:29:52,040 - Review.reviews.edwpt_review - INFO - Total companies selected: 1919
2025-03-17 15:29:52,041 - Review.reviews.edwpt_review - INFO - Total FFMC covered: 98.16%
2025-03-17 15:29:52,053 - Review.reviews.edwpt_review - INFO - 
DNAPT Selection Summary:
2025-03-17 15:29:52,054 - Review.reviews.edwpt_review - INFO - Total companies selected: 1694
2025-03-17 15:29:52,055 - Review.reviews.edwpt_review - INFO - Total FFMC covered: 98.16%
2025-03-17 15:29:52,067 - Review.reviews.edwpt_review - INFO - 
DASPT Selection Summary:
2025-03-17 15:29:52,068 - Review.reviews.edwpt_review - INFO - Total companies selected: 1568
2025-03-17 15:29:52,069 - Review.reviews.edwpt_review - INFO - Total FFMC covered: 98.10%
2025-03-17 15:29:52,076 - Review.reviews.edwpt_review - INFO - 
DPAPT Selection Summary:
2025-03-17 15:29:52,077 - Review.reviews.edwpt_review - INFO - Total companies selected: 323
2025-03-17 15:29:52,078 - Review.reviews.edwpt_review - INFO - Total FFMC covered: 98.04%
2025-03-17 15:29:52,089 - Review.reviews.edwpt_review - INFO - 
EUSPT Selection Summary:
2025-03-17 15:29:52,090 - Review.reviews.edwpt_review - INFO - Total companies selected: 1429
2025-03-17 15:29:52,091 - Review.reviews.edwpt_review - INFO - Total FFMC covered: 98.00%
2025-03-17 15:29:52,100 - Review.reviews.edwpt_review - INFO - 
EJPPT Selection Summary:
2025-03-17 15:29:52,101 - Review.reviews.edwpt_review - INFO - Total companies selected: 1406
2025-03-17 15:29:52,103 - Review.reviews.edwpt_review - INFO - Total FFMC covered: 98.00%
2025-03-17 15:29:52,107 - Review.reviews.edwpt_review - INFO - 
ECHPT Selection Summary:
2025-03-17 15:29:52,108 - Review.reviews.edwpt_review - INFO - Total companies selected: 75
2025-03-17 15:29:52,109 - Review.reviews.edwpt_review - INFO - Total FFMC covered: 98.03%
2025-03-17 15:29:52,114 - Review.reviews.edwpt_review - INFO - 
EUKPT Selection Summary:
2025-03-17 15:29:52,115 - Review.reviews.edwpt_review - INFO - Total companies selected: 293
2025-03-17 15:29:52,116 - Review.reviews.edwpt_review - INFO - Total FFMC covered: 98.00%
2025-03-17 15:29:52,122 - Review.reviews.edwpt_review - INFO - 
CANPT Selection Summary:
2025-03-17 15:29:52,123 - Review.reviews.edwpt_review - INFO - Total companies selected: 219
2025-03-17 15:29:52,124 - Review.reviews.edwpt_review - INFO - Total FFMC covered: 98.02%
2025-03-17 15:29:52,132 - Review.reviews.edwpt_review - INFO - 
Global Selection Summary:
2025-03-17 15:29:52,133 - Review.reviews.edwpt_review - INFO - Total companies selected: 5329
2025-03-17 15:29:52,135 - Review.reviews.edwpt_review - INFO - Total FFMC covered: 98.85%
2025-03-17 15:29:52,138 - Review.reviews.edwpt_review - INFO - 
MIC-level Summary:
2025-03-17 15:29:52,138 - Review.reviews.edwpt_review - INFO -       ISIN          FFMC  EDWPT_selection
MIC                                      
ALXP     1  9.968077e+08                1
BATS     1  2.112040e+10                1
MERK     2  2.278097e+08                2
MTAA   237  5.901140e+11               78
WBAH    27  6.292269e+10               19
XAMS    79  1.132677e+12               45
XASX   878  1.527946e+12              287
XBRU    62  2.045026e+11               35
XCSE   102  5.132591e+11               36
XESM     2  1.518334e+09                2
XETR   223  1.747680e+12               97
XHEL   127  2.211743e+11               48
XHKG   236  4.848765e+11               73
XLIS    16  3.253346e+10               12
XLON   857  2.406037e+12              293
XMAD    91  5.438350e+11               39
XMSM    15  5.888329e+10               10
XNGM    52  5.491666e+08                0
XNGS  2653  2.837069e+13              762
XNYS  1730  2.815322e+13             1106
XNZE    52  6.129570e+10               35
XOSL   237  1.757004e+11              115
XPAR   350  1.993030e+12               93
XSES   127  3.085594e+11               63
XSTO   630  7.504324e+11              206
XSWX   159  1.768558e+12               85
XTAE   282  1.937618e+11              161
XTKS  3664  5.213690e+12             1406
XTSE   493  2.314548e+12              219
2025-03-17 15:29:52,155 - Review.reviews.edwpt_review - INFO - Saving main output to: C:\Users\CSonneveld\OneDrive - Euronext\Documents\Projects\GUI + Reviews\output\EDWPT_df_20250317_152952.xlsx
2025-03-17 15:29:52,353 - Review.reviews.edwpt_review - INFO - 
EDWPT Changes Summary:
2025-03-17 15:29:52,354 - Review.reviews.edwpt_review - INFO - Inclusions: 242
2025-03-17 15:29:52,354 - Review.reviews.edwpt_review - INFO - Exclusions: 278
2025-03-17 15:29:52,404 - Review.reviews.edwpt_review - INFO - 
DEUPT Changes Summary:
2025-03-17 15:29:52,405 - Review.reviews.edwpt_review - INFO - Inclusions: 56
2025-03-17 15:29:52,405 - Review.reviews.edwpt_review - INFO - Exclusions: 98
2025-03-17 15:29:52,429 - Review.reviews.edwpt_review - INFO - 
DEZPT Changes Summary:
2025-03-17 15:29:52,429 - Review.reviews.edwpt_review - INFO - Inclusions: 22
2025-03-17 15:29:52,430 - Review.reviews.edwpt_review - INFO - Exclusions: 32
2025-03-17 15:29:52,501 - Review.reviews.edwpt_review - INFO - 
DAPPT Changes Summary:
2025-03-17 15:29:52,502 - Review.reviews.edwpt_review - INFO - Inclusions: 108
2025-03-17 15:29:52,502 - Review.reviews.edwpt_review - INFO - Exclusions: 70
2025-03-17 15:29:52,568 - Review.reviews.edwpt_review - INFO - 
DNAPT Changes Summary:
2025-03-17 15:29:52,569 - Review.reviews.edwpt_review - INFO - Inclusions: 50
2025-03-17 15:29:52,569 - Review.reviews.edwpt_review - INFO - Exclusions: 99
2025-03-17 15:29:52,651 - Review.reviews.edwpt_review - INFO - 
DASPT Changes Summary:
2025-03-17 15:29:52,651 - Review.reviews.edwpt_review - INFO - Inclusions: 81
2025-03-17 15:29:52,651 - Review.reviews.edwpt_review - INFO - Exclusions: 53
2025-03-17 15:29:52,671 - Review.reviews.edwpt_review - INFO - 
DPAPT Changes Summary:
2025-03-17 15:29:52,672 - Review.reviews.edwpt_review - INFO - Inclusions: 21
2025-03-17 15:29:52,672 - Review.reviews.edwpt_review - INFO - Exclusions: 15
2025-03-17 15:29:52,729 - Review.reviews.edwpt_review - INFO - 
EUSPT Changes Summary:
2025-03-17 15:29:52,729 - Review.reviews.edwpt_review - INFO - Inclusions: 56
2025-03-17 15:29:52,729 - Review.reviews.edwpt_review - INFO - Exclusions: 96
2025-03-17 15:29:52,786 - Review.reviews.edwpt_review - INFO - 
EJPPT Changes Summary:
2025-03-17 15:29:52,787 - Review.reviews.edwpt_review - INFO - Inclusions: 61
2025-03-17 15:29:52,787 - Review.reviews.edwpt_review - INFO - Exclusions: 49
2025-03-17 15:29:52,798 - Review.reviews.edwpt_review - INFO - 
ECHPT Changes Summary:
2025-03-17 15:29:52,798 - Review.reviews.edwpt_review - INFO - Inclusions: 5
2025-03-17 15:29:52,799 - Review.reviews.edwpt_review - INFO - Exclusions: 4
2025-03-17 15:29:52,816 - Review.reviews.edwpt_review - INFO - 
EUKPT Changes Summary:
2025-03-17 15:29:52,816 - Review.reviews.edwpt_review - INFO - Inclusions: 13
2025-03-17 15:29:52,816 - Review.reviews.edwpt_review - INFO - Exclusions: 30
2025-03-17 15:29:52,831 - Review.reviews.edwpt_review - INFO - 
CANPT Changes Summary:
2025-03-17 15:29:52,832 - Review.reviews.edwpt_review - INFO - Inclusions: 4
2025-03-17 15:29:52,832 - Review.reviews.edwpt_review - INFO - Exclusions: 9
2025-03-17 15:29:56,689 - Review.reviews.edwpt_review - INFO - Saving individual composition file for EDWPT to: C:\Users\CSonneveld\OneDrive - Euronext\Documents\Projects\GUI + Reviews\output\EDWPT_Composition_20250317_152952.xlsx
2025-03-17 15:29:56,981 - Review.reviews.edwpt_review - INFO - Saving individual composition file for DEUPT to: C:\Users\CSonneveld\OneDrive - Euronext\Documents\Projects\GUI + Reviews\output\DEUPT_Composition_20250317_152952.xlsx
2025-03-17 15:29:57,054 - Review.reviews.edwpt_review - INFO - Saving individual composition file for DEZPT to: C:\Users\CSonneveld\OneDrive - Euronext\Documents\Projects\GUI + Reviews\output\DEZPT_Composition_20250317_152952.xlsx
2025-03-17 15:29:57,090 - Review.reviews.edwpt_review - INFO - Saving individual composition file for DAPPT to: C:\Users\CSonneveld\OneDrive - Euronext\Documents\Projects\GUI + Reviews\output\DAPPT_Composition_20250317_152952.xlsx
2025-03-17 15:29:57,193 - Review.reviews.edwpt_review - INFO - Saving individual composition file for DNAPT to: C:\Users\CSonneveld\OneDrive - Euronext\Documents\Projects\GUI + Reviews\output\DNAPT_Composition_20250317_152952.xlsx
2025-03-17 15:29:57,288 - Review.reviews.edwpt_review - INFO - Saving individual composition file for DASPT to: C:\Users\CSonneveld\OneDrive - Euronext\Documents\Projects\GUI + Reviews\output\DASPT_Composition_20250317_152952.xlsx
2025-03-17 15:29:57,411 - Review.reviews.edwpt_review - INFO - Saving individual composition file for DPAPT to: C:\Users\CSonneveld\OneDrive - Euronext\Documents\Projects\GUI + Reviews\output\DPAPT_Composition_20250317_152952.xlsx
2025-03-17 15:29:57,439 - Review.reviews.edwpt_review - INFO - Saving individual composition file for EUSPT to: C:\Users\CSonneveld\OneDrive - Euronext\Documents\Projects\GUI + Reviews\output\EUSPT_Composition_20250317_152952.xlsx
2025-03-17 15:29:57,520 - Review.reviews.edwpt_review - INFO - Saving individual composition file for EJPPT to: C:\Users\CSonneveld\OneDrive - Euronext\Documents\Projects\GUI + Reviews\output\EJPPT_Composition_20250317_152952.xlsx
2025-03-17 15:29:57,604 - Review.reviews.edwpt_review - INFO - Saving individual composition file for ECHPT to: C:\Users\CSonneveld\OneDrive - Euronext\Documents\Projects\GUI + Reviews\output\ECHPT_Composition_20250317_152952.xlsx
2025-03-17 15:29:57,619 - Review.reviews.edwpt_review - INFO - Saving individual composition file for EUKPT to: C:\Users\CSonneveld\OneDrive - Euronext\Documents\Projects\GUI + Reviews\output\EUKPT_Composition_20250317_152952.xlsx
2025-03-17 15:29:57,646 - Review.reviews.edwpt_review - INFO - Saving individual composition file for CANPT to: C:\Users\CSonneveld\OneDrive - Euronext\Documents\Projects\GUI + Reviews\output\CANPT_Composition_20250317_152952.xlsx
2025-03-17 15:29:57,669 - Review.reviews.edwpt_review - INFO - Main file successfully saved to: C:\Users\CSonneveld\OneDrive - Euronext\Documents\Projects\GUI + Reviews\output\EDWPT_df_20250317_152952.xlsx
2025-03-17 15:29:57,669 - Review.reviews.edwpt_review - INFO - Individual composition files saved: 12
2025-03-17 15:29:57,782 - werkzeug - INFO - 127.0.0.1 - - [17/Mar/2025 15:29:57] "POST /calculate HTTP/1.1" 200 -
