2025-08-05 16:46:57,121 - werkzeug - INFO - [31m[1mWARNING: This is a development server. Do not use it in a production deployment. Use a production WSGI server instead.[0m
 * Running on all addresses (0.0.0.0)
 * Running on http://127.0.0.1:5000
 * Running on http://10.199.43.197:5000
2025-08-05 16:46:57,121 - werkzeug - INFO - [33mPress CTRL+C to quit[0m
2025-08-05 16:46:57,125 - werkzeug - INFO -  * Restarting with watchdog (windowsapi)
2025-08-05 16:47:00,023 - werkzeug - INFO -  * Restarting with watchdog (windowsapi)
2025-08-05 16:47:02,965 - werkzeug - INFO -  * Restarting with watchdog (windowsapi)
2025-08-05 16:47:16,934 - werkzeug - INFO -  * Restarting with watchdog (windowsapi)
2025-08-05 16:47:46,135 - werkzeug - INFO -  * Restarting with watchdog (windowsapi)
2025-08-05 16:48:01,144 - werkzeug - INFO -  * Restarting with watchdog (windowsapi)
2025-08-05 16:48:34,359 - werkzeug - INFO -  * Restarting with watchdog (windowsapi)
2025-08-05 16:49:36,926 - werkzeug - INFO -  * Restarting with watchdog (windowsapi)
2025-08-05 16:49:40,810 - werkzeug - INFO -  * Restarting with watchdog (windowsapi)
2025-08-05 16:49:56,869 - werkzeug - INFO -  * Restarting with watchdog (windowsapi)
2025-08-05 16:50:29,033 - werkzeug - INFO -  * Restarting with watchdog (windowsapi)
2025-08-05 16:50:32,911 - werkzeug - INFO -  * Restarting with watchdog (windowsapi)
2025-08-05 16:50:37,902 - werkzeug - INFO -  * Restarting with watchdog (windowsapi)
2025-08-05 16:50:44,970 - werkzeug - INFO -  * Restarting with watchdog (windowsapi)
2025-08-05 16:54:05,498 - werkzeug - INFO -  * Restarting with watchdog (windowsapi)
2025-08-05 16:54:14,525 - werkzeug - INFO -  * Restarting with watchdog (windowsapi)
