2025-04-15 19:14:42,898 - werkzeug - WARNING -  * Debugger is active!
2025-04-15 19:14:42,898 - werkzeug - INFO -  * Debugger PIN: 691-175-853
2025-04-15 19:14:43,113 - Review.reviews.lc3wp_review - INFO - Loading EOD data...
2025-04-15 19:14:43,990 - Review.reviews.lc3wp_review - INFO - Loading reference data...
2025-04-15 19:14:53,653 - Review.reviews.lc3wp_review - WARNING - Removed 18750 duplicate rows from cdp_climate_df
2025-04-15 19:14:53,653 - Review.reviews.lc3wp_review - INFO - Adding Free Float data...
2025-04-15 19:14:53,693 - Review.reviews.lc3wp_review - INFO - Adding ICB Subsector data...
2025-04-15 19:14:53,713 - Review.reviews.lc3wp_review - WARNING - Removed 9314 duplicate rows from ICB data
2025-04-15 19:14:53,729 - Review.reviews.lc3wp_review - INFO - Adding CDP Climate data...
2025-04-15 19:14:53,735 - Review.reviews.lc3wp_review - INFO - Adding Oekom Trust & Carbon data...
2025-04-15 19:14:53,737 - Review.reviews.lc3wp_review - INFO - Adding NACE data...
2025-04-15 19:14:53,737 - Review.reviews.lc3wp_review - INFO - Adding EU Taxonomy flag...
2025-04-15 19:14:53,737 - Review.reviews.lc3wp_review - INFO - Checking GAFI lists and Non-fiscally cooperative countries...
2025-04-15 19:14:53,743 - Review.reviews.lc3wp_review - INFO - Applying exclusion criteria...
2025-04-15 19:14:53,748 - Review.reviews.lc3wp_review - INFO - Marked 149 companies (10%) with worst SG scores for exclusion
2025-04-15 19:14:53,775 - Review.reviews.lc3wp_review - INFO - Calculating Climate Score for ranking...
2025-04-15 19:14:53,776 - Review.reviews.lc3wp_review - INFO - Calculating median Carbon Intensity by Supersector excluding zero values...
2025-04-15 19:14:53,780 - Review.reviews.lc3wp_review - INFO - Calculated median Carbon Intensity for 20 supersectors, excluding zero values
2025-04-15 19:14:53,791 - Review.reviews.lc3wp_review - INFO - Created CI column combining company-specific and median carbon intensity values
2025-04-15 19:14:53,795 - Review.reviews.lc3wp_review - INFO - Calculated WACI: 498.58403295446817
2025-04-15 19:14:53,795 - Review.reviews.lc3wp_review - INFO - Selecting EU Taxonomy companies...
2025-04-15 19:14:53,796 - Review.reviews.lc3wp_review - INFO - Found 14 EU Taxonomy companies after exclusions
2025-04-15 19:14:53,798 - Review.reviews.lc3wp_review - INFO - Found 979 Non-EU Taxonomy eligible companies after exclusions
2025-04-15 19:14:53,798 - Review.reviews.lc3wp_review - INFO - STEP 4a: Determining target number of Non-EU Taxonomy companies per super-sector...
2025-04-15 19:14:53,799 - Review.reviews.lc3wp_review - INFO - Target number of Non-EU Taxonomy companies: 286
2025-04-15 19:14:53,800 - Review.reviews.lc3wp_review - INFO - Total eligible Non-EU Taxonomy companies: 979
2025-04-15 19:14:53,801 - Review.reviews.lc3wp_review - INFO - Total target after rounding: 295 (vs. target of 286)
2025-04-15 19:14:53,801 - Review.reviews.lc3wp_review - INFO - Need to remove 9 companies due to rounding up
2025-04-15 19:14:53,801 - Review.reviews.lc3wp_review - INFO - STEP 4b: Selecting Non-EU Taxonomy companies based on climate score...
2025-04-15 19:14:53,802 - Review.reviews.lc3wp_review - INFO - Selected 39 companies from super-sector 1010.0
2025-04-15 19:14:53,803 - Review.reviews.lc3wp_review - INFO - Selected 12 companies from super-sector 1510.0
2025-04-15 19:14:53,804 - Review.reviews.lc3wp_review - INFO - Selected 34 companies from super-sector 2010.0
2025-04-15 19:14:53,805 - Review.reviews.lc3wp_review - INFO - Selected 24 companies from super-sector 3010.0
2025-04-15 19:14:53,806 - Review.reviews.lc3wp_review - INFO - Selected 21 companies from super-sector 3020.0
2025-04-15 19:14:53,807 - Review.reviews.lc3wp_review - INFO - Selected 19 companies from super-sector 3030.0
2025-04-15 19:14:53,807 - Review.reviews.lc3wp_review - INFO - Selected 24 companies from super-sector 3510.0
2025-04-15 19:14:53,808 - Review.reviews.lc3wp_review - INFO - Selected 6 companies from super-sector 4010.0
2025-04-15 19:14:53,809 - Review.reviews.lc3wp_review - INFO - Selected 17 companies from super-sector 4020.0
2025-04-15 19:14:53,810 - Review.reviews.lc3wp_review - INFO - Selected 5 companies from super-sector 4030.0
2025-04-15 19:14:53,810 - Review.reviews.lc3wp_review - INFO - Selected 8 companies from super-sector 4040.0
2025-04-15 19:14:53,811 - Review.reviews.lc3wp_review - INFO - Selected 11 companies from super-sector 4050.0
2025-04-15 19:14:53,812 - Review.reviews.lc3wp_review - INFO - Selected 15 companies from super-sector 4510.0
2025-04-15 19:14:53,813 - Review.reviews.lc3wp_review - INFO - Selected 8 companies from super-sector 4520.0
2025-04-15 19:14:53,814 - Review.reviews.lc3wp_review - INFO - Selected 6 companies from super-sector 5010.0
2025-04-15 19:14:53,815 - Review.reviews.lc3wp_review - INFO - Selected 33 companies from super-sector 5020.0
2025-04-15 19:14:53,816 - Review.reviews.lc3wp_review - INFO - Selected 6 companies from super-sector 5510.0
2025-04-15 19:14:53,816 - Review.reviews.lc3wp_review - INFO - Selected 5 companies from super-sector 5520.0
2025-04-15 19:14:53,817 - Review.reviews.lc3wp_review - INFO - Selected 2 companies from super-sector 6510.0
2025-04-15 19:14:53,823 - Review.reviews.lc3wp_review - INFO - Initial selection has 295 companies, need to remove 9
2025-04-15 19:14:53,862 - Review.reviews.lc3wp_review - INFO - Removed company US38141G1040 from supersector 3020 (Climate Score: 2.75)
2025-04-15 19:14:53,872 - Review.reviews.lc3wp_review - INFO - Removed company AU000000ANZ3 from supersector 3010 (Climate Score: 2.75)
2025-04-15 19:14:53,878 - Review.reviews.lc3wp_review - INFO - Removed company CA0679011084 from supersector 5510 (Climate Score: 2.58973159003276)
2025-04-15 19:14:53,884 - Review.reviews.lc3wp_review - INFO - Removed company JP3539220008 from supersector 3030 (Climate Score: 2.5)
2025-04-15 19:14:53,890 - Review.reviews.lc3wp_review - INFO - Removed company US7475251036 from supersector 1010 (Climate Score: 2.30023900135313)
2025-04-15 19:14:53,895 - Review.reviews.lc3wp_review - INFO - Removed company US2538681030 from supersector 3510 (Climate Score: 2.26099033267267)
2025-04-15 19:14:53,901 - Review.reviews.lc3wp_review - INFO - Removed company JP3705200008 from supersector 4050 (Climate Score: 2.24552928645429)
2025-04-15 19:14:53,902 - Review.reviews.lc3wp_review - INFO - Removed company DE0005552004 from supersector 5020 (Climate Score: 2.220375488488155)
2025-04-15 19:14:53,902 - Review.reviews.lc3wp_review - INFO - Removed company US4595061015 from supersector 5520 (Climate Score: 2.2099302264427454)
2025-04-15 19:14:53,911 - Review.reviews.lc3wp_review - INFO - Final Non-EU Taxonomy selection has 286 companies
2025-04-15 19:14:53,911 - Review.reviews.lc3wp_review - INFO - Minimum companies per supersector: 2
2025-04-15 19:14:53,915 - Review.reviews.lc3wp_review - INFO - Final selection contains 300 companies
2025-04-15 19:14:53,916 - Review.reviews.lc3wp_review - INFO - - EU Taxonomy: 14
2025-04-15 19:14:53,916 - Review.reviews.lc3wp_review - INFO - - Non-EU Taxonomy: 286
2025-04-15 19:14:53,917 - Review.reviews.lc3wp_review - INFO - Adding PAB flag based on CDP temperature score...
2025-04-15 19:14:53,917 - Review.reviews.lc3wp_review - INFO - Calculating liquidity constraints for all companies...
2025-04-15 19:14:53,917 - Review.reviews.lc3wp_review - INFO - Total FFMC_WD for all companies: 10468631126780.40
2025-04-15 19:14:53,918 - Review.reviews.lc3wp_review - INFO - Market cap based weights calculated for EU Taxonomy companies
2025-04-15 19:14:53,919 - Review.reviews.lc3wp_review - INFO - Liquidity caps for EU Taxonomy companies - Max: 4.5085%, Min: 0.5432%, Avg: 1.7228%
2025-04-15 19:14:53,920 - Review.reviews.lc3wp_review - INFO - Liquidity floors for EU Taxonomy companies - Max: 0.0000%, Min: 0.0000%, Avg: 0.0000%
2025-04-15 19:14:53,920 - Review.reviews.lc3wp_review - INFO - No liquidity issues found for EU Taxonomy companies
2025-04-15 19:14:53,922 - Review.reviews.lc3wp_review - INFO - Liquidity constraints have been calculated for all 300 companies
2025-04-15 19:14:53,922 - Review.reviews.lc3wp_review - INFO - Saving output files...
2025-04-15 19:14:55,552 - Review.reviews.lc3wp_review - INFO - Results saved to C:\Users\CSonneveld\OneDrive - Euronext\Documents\Projects\GUI + Reviews\output\LC3WP_review_20250415_191453.xlsx
2025-04-15 19:14:55,589 - werkzeug - INFO - 127.0.0.1 - - [15/Apr/2025 19:14:55] "POST /calculate HTTP/1.1" 200 -
2025-04-15 19:20:01,852 - werkzeug - INFO -  * Detected change in 'C:\\Users\\CSonneveld\\OneDrive - Euronext\\Documents\\Projects\\GUI + Reviews\\utils\\weight_optimization.py', reloading
2025-04-15 19:20:02,526 - werkzeug - INFO -  * Detected change in 'C:\\Users\\CSonneveld\\AppData\\Roaming\\Python\\Python312\\site-packages\\pandas\\core\\tools\\numeric.py', reloading
2025-04-15 19:20:02,526 - werkzeug - INFO -  * Detected change in 'C:\\Program Files\\Python312\\Lib\\logging\\__init__.py', reloading
2025-04-15 19:20:02,526 - werkzeug - INFO -  * Detected change in 'C:\\Users\\CSonneveld\\AppData\\Roaming\\Python\\Python312\\site-packages\\numpy\\_core\\multiarray.py', reloading
2025-04-15 19:20:02,526 - werkzeug - INFO -  * Detected change in 'C:\\Users\\CSonneveld\\AppData\\Roaming\\Python\\Python312\\site-packages\\pandas\\core\\generic.py', reloading
