2025-02-04 16:52:47,520 - werkzeug - WARNING -  * Debugger is active!
2025-02-04 16:52:47,522 - werkzeug - INFO -  * Debugger PIN: 691-175-853
2025-02-04 16:52:52,196 - Review.reviews.aexew_review - INFO - Loading EOD data...
2025-02-04 16:52:53,894 - Review.reviews.aexew_review - INFO - Loading reference data...
2025-02-04 16:52:53,924 - werkzeug - INFO -  * Detected change in 'C:\\Program Files\\Python312\\Lib\\xml\\etree\\__init__.py', reloading
2025-02-04 16:52:53,933 - werkzeug - INFO -  * Detected change in 'C:\\Program Files\\Python312\\Lib\\xml\\etree\\ElementTree.py', reloading
2025-02-04 16:52:53,936 - werkzeug - INFO -  * Detected change in 'C:\\Program Files\\Python312\\Lib\\xml\\etree\\ElementPath.py', reloading
2025-02-04 16:52:54,103 - Review.reviews.aexew_review - ERROR - Error during review calculation: "['Name'] not in index"
2025-02-04 16:52:54,105 - werkzeug - INFO -  * Detected change in 'C:\\Users\\CSonneveld\\OneDrive - Euronext\\Documents\\Projects\\GUI + Reviews\\Review\\reviews\\aexew_review.py', reloading
2025-02-04 16:52:54,106 - werkzeug - INFO -  * Detected change in 'C:\\Users\\CSonneveld\\OneDrive - Euronext\\Documents\\Projects\\GUI + Reviews\\utils\\inclusion_exclusion.py', reloading
2025-02-04 16:52:54,107 - werkzeug - INFO -  * Detected change in 'C:\\Users\\CSonneveld\\AppData\\Roaming\\Python\\Python312\\site-packages\\pandas\\core\\frame.py', reloading
2025-02-04 16:52:54,108 - Review.reviews.aexew_review - ERROR - Traceback (most recent call last):
  File "C:\Users\CSonneveld\OneDrive - Euronext\Documents\Projects\GUI + Reviews\Review\reviews\aexew_review.py", line 109, in run_aexew_review
    analysis_results = inclusion_exclusion_analysis(
                       ^^^^^^^^^^^^^^^^^^^^^^^^^^^^^
  File "C:\Users\CSonneveld\OneDrive - Euronext\Documents\Projects\GUI + Reviews\utils\inclusion_exclusion.py", line 26, in inclusion_exclusion_analysis
    inclusion_df = selection_df[selection_df['Inclusion']][[
                   ^^^^^^^^^^^^^^^^^^^^^^^^^^^^^^^^^^^^^^^^^
  File "C:\Users\CSonneveld\AppData\Roaming\Python\Python312\site-packages\pandas\core\frame.py", line 4108, in __getitem__
    indexer = self.columns._get_indexer_strict(key, "columns")[1]
              ^^^^^^^^^^^^^^^^^^^^^^^^^^^^^^^^^^^^^^^^^^^^^^^^
  File "C:\Users\CSonneveld\AppData\Roaming\Python\Python312\site-packages\pandas\core\indexes\base.py", line 6200, in _get_indexer_strict
    self._raise_if_missing(keyarr, indexer, axis_name)
  File "C:\Users\CSonneveld\AppData\Roaming\Python\Python312\site-packages\pandas\core\indexes\base.py", line 6252, in _raise_if_missing
    raise KeyError(f"{not_found} not in index")
KeyError: "['Name'] not in index"

2025-02-04 16:52:54,109 - werkzeug - INFO -  * Detected change in 'C:\\Users\\CSonneveld\\AppData\\Roaming\\Python\\Python312\\site-packages\\pandas\\core\\indexes\\base.py', reloading
2025-02-04 16:52:54,115 - werkzeug - INFO - 127.0.0.1 - - [04/Feb/2025 16:52:54] "POST /calculate HTTP/1.1" 200 -
