2025-07-25 14:16:48,760 - werkzeug - INFO - [31m[1mWARNING: This is a development server. Do not use it in a production deployment. Use a production WSGI server instead.[0m
 * Running on all addresses (0.0.0.0)
 * Running on http://127.0.0.1:5000
 * Running on http://10.199.43.197:5000
2025-07-25 14:16:48,760 - werkzeug - INFO - [33mPress CTRL+C to quit[0m
2025-07-25 14:16:48,767 - werkzeug - INFO -  * Restarting with watchdog (windowsapi)
2025-07-25 14:16:57,740 - werkzeug - INFO -  * Restarting with watchdog (windowsapi)
2025-07-25 14:17:00,653 - werkzeug - INFO -  * Restarting with watchdog (windowsapi)
2025-07-25 14:17:02,596 - werkzeug - INFO -  * Restarting with watchdog (windowsapi)
2025-07-25 14:17:06,481 - werkzeug - INFO -  * Restarting with watchdog (windowsapi)
2025-07-25 14:17:10,351 - werkzeug - INFO -  * Restarting with watchdog (windowsapi)
2025-07-25 14:17:18,224 - werkzeug - INFO -  * Restarting with watchdog (windowsapi)
2025-07-25 14:17:28,131 - werkzeug - INFO -  * Restarting with watchdog (windowsapi)
2025-07-25 14:18:46,935 - werkzeug - INFO -  * Restarting with watchdog (windowsapi)
2025-07-25 14:18:48,837 - werkzeug - INFO -  * Restarting with watchdog (windowsapi)
2025-07-25 14:20:47,598 - werkzeug - INFO -  * Restarting with watchdog (windowsapi)
2025-07-25 14:20:54,511 - werkzeug - INFO -  * Restarting with watchdog (windowsapi)
2025-07-25 14:28:50,416 - werkzeug - INFO -  * Restarting with watchdog (windowsapi)
2025-07-25 14:28:56,481 - werkzeug - INFO -  * Restarting with watchdog (windowsapi)
2025-07-25 14:32:22,796 - werkzeug - INFO -  * Restarting with watchdog (windowsapi)
2025-07-25 14:32:25,609 - werkzeug - INFO -  * Restarting with watchdog (windowsapi)
2025-07-25 14:35:49,865 - werkzeug - INFO -  * Restarting with watchdog (windowsapi)
