2025-02-03 10:54:09,488 - werkzeug - INFO - [31m[1mWARNING: This is a development server. Do not use it in a production deployment. Use a production WSGI server instead.[0m
 * Running on http://127.0.0.1:5000
2025-02-03 10:54:09,489 - werkzeug - INFO - [33mPress CTRL+C to quit[0m
2025-02-03 10:54:09,496 - werkzeug - INFO -  * Restarting with watchdog (windowsapi)
2025-02-03 10:54:09,955 - werkzeug - WARNING -  * Debugger is active!
2025-02-03 10:54:09,958 - werkzeug - INFO -  * Debugger PIN: 691-175-853
2025-02-03 10:54:13,604 - werkzeug - INFO - 127.0.0.1 - - [03/Feb/2025 10:54:13] "GET / HTTP/1.1" 200 -
2025-02-03 10:54:13,714 - werkzeug - INFO - 127.0.0.1 - - [03/Feb/2025 10:54:13] "[33mGET /favicon.ico HTTP/1.1[0m" 404 -
2025-02-03 10:54:18,880 - Review.reviews.aerdp_review - INFO - Loading EOD data...
2025-02-03 10:54:18,885 - werkzeug - INFO -  * Detected change in 'C:\\Program Files\\Python312\\Lib\\encodings\\latin_1.py', reloading
2025-02-03 10:54:19,218 - werkzeug - INFO -  * Restarting with watchdog (windowsapi)
2025-02-03 10:54:21,815 - werkzeug - INFO -  * Restarting with watchdog (windowsapi)
2025-02-03 10:54:35,838 - werkzeug - INFO -  * Restarting with watchdog (windowsapi)
2025-02-03 10:56:58,675 - werkzeug - INFO -  * Restarting with watchdog (windowsapi)
2025-02-03 10:57:00,339 - werkzeug - INFO -  * Restarting with watchdog (windowsapi)
2025-02-03 10:59:41,349 - werkzeug - INFO -  * Restarting with watchdog (windowsapi)
2025-02-03 10:59:46,965 - werkzeug - INFO -  * Restarting with watchdog (windowsapi)
2025-02-03 11:00:21,167 - werkzeug - INFO -  * Restarting with watchdog (windowsapi)
2025-02-03 11:00:22,760 - werkzeug - INFO -  * Restarting with watchdog (windowsapi)
2025-02-03 11:00:24,400 - werkzeug - INFO -  * Restarting with watchdog (windowsapi)
2025-02-03 11:00:53,659 - werkzeug - INFO -  * Restarting with watchdog (windowsapi)
2025-02-03 11:00:56,290 - werkzeug - INFO -  * Restarting with watchdog (windowsapi)
2025-02-03 11:01:28,400 - werkzeug - INFO -  * Restarting with watchdog (windowsapi)
2025-02-03 11:01:30,977 - werkzeug - INFO -  * Restarting with watchdog (windowsapi)
2025-02-03 11:02:43,072 - werkzeug - INFO -  * Restarting with watchdog (windowsapi)
2025-02-03 11:02:44,675 - werkzeug - INFO -  * Restarting with watchdog (windowsapi)
2025-02-03 11:04:33,511 - werkzeug - INFO -  * Restarting with watchdog (windowsapi)
2025-02-03 11:04:36,073 - werkzeug - INFO -  * Restarting with watchdog (windowsapi)
2025-02-03 11:11:15,843 - werkzeug - INFO -  * Restarting with watchdog (windowsapi)
2025-02-03 11:11:17,438 - werkzeug - INFO -  * Restarting with watchdog (windowsapi)
2025-02-03 11:17:41,964 - werkzeug - INFO -  * Restarting with watchdog (windowsapi)
2025-02-03 11:17:43,571 - werkzeug - INFO -  * Restarting with watchdog (windowsapi)
2025-02-03 11:18:49,453 - werkzeug - INFO -  * Restarting with watchdog (windowsapi)
2025-02-03 11:18:51,038 - werkzeug - INFO -  * Restarting with watchdog (windowsapi)
2025-02-03 11:45:56,882 - werkzeug - INFO -  * Restarting with watchdog (windowsapi)
2025-02-03 11:45:59,451 - werkzeug - INFO -  * Restarting with watchdog (windowsapi)
2025-02-03 11:46:10,224 - werkzeug - INFO -  * Restarting with watchdog (windowsapi)
2025-02-03 11:46:12,807 - werkzeug - INFO -  * Restarting with watchdog (windowsapi)
2025-02-03 11:46:48,050 - werkzeug - INFO -  * Restarting with watchdog (windowsapi)
2025-02-03 11:46:49,625 - werkzeug - INFO -  * Restarting with watchdog (windowsapi)
2025-02-03 11:47:56,301 - werkzeug - INFO -  * Restarting with watchdog (windowsapi)
2025-02-03 11:48:09,101 - werkzeug - INFO -  * Restarting with watchdog (windowsapi)
2025-02-03 11:48:11,668 - werkzeug - INFO -  * Restarting with watchdog (windowsapi)
2025-02-03 11:48:13,287 - werkzeug - INFO -  * Restarting with watchdog (windowsapi)
2025-02-03 11:48:16,909 - werkzeug - INFO -  * Restarting with watchdog (windowsapi)
2025-02-03 13:04:08,273 - werkzeug - INFO -  * Restarting with watchdog (windowsapi)
2025-02-03 13:04:10,414 - werkzeug - INFO -  * Restarting with watchdog (windowsapi)
2025-02-03 13:04:13,064 - werkzeug - INFO -  * Restarting with watchdog (windowsapi)
2025-02-03 13:04:35,515 - werkzeug - INFO -  * Restarting with watchdog (windowsapi)
2025-02-03 13:05:44,322 - werkzeug - INFO -  * Restarting with watchdog (windowsapi)
2025-02-03 13:05:59,659 - werkzeug - INFO -  * Restarting with watchdog (windowsapi)
2025-02-03 13:06:01,220 - werkzeug - INFO -  * Restarting with watchdog (windowsapi)
2025-02-03 13:06:03,791 - werkzeug - INFO -  * Restarting with watchdog (windowsapi)
2025-02-03 13:06:24,807 - werkzeug - INFO -  * Restarting with watchdog (windowsapi)
2025-02-03 13:06:27,740 - werkzeug - INFO -  * Restarting with watchdog (windowsapi)
2025-02-03 13:06:38,413 - werkzeug - INFO -  * Restarting with watchdog (windowsapi)
2025-02-03 13:07:18,922 - werkzeug - INFO -  * Restarting with watchdog (windowsapi)
2025-02-03 13:08:42,283 - werkzeug - INFO -  * Restarting with watchdog (windowsapi)
2025-02-03 13:08:43,872 - werkzeug - INFO -  * Restarting with watchdog (windowsapi)
2025-02-03 13:12:02,029 - werkzeug - INFO -  * Restarting with watchdog (windowsapi)
2025-02-03 13:16:32,576 - werkzeug - INFO -  * Restarting with watchdog (windowsapi)
2025-02-03 13:16:34,174 - werkzeug - INFO -  * Restarting with watchdog (windowsapi)
2025-02-03 13:16:38,220 - werkzeug - INFO -  * Restarting with watchdog (windowsapi)
2025-02-03 13:18:09,591 - werkzeug - INFO -  * Restarting with watchdog (windowsapi)
2025-02-03 13:18:11,207 - werkzeug - INFO -  * Restarting with watchdog (windowsapi)
2025-02-03 13:23:03,439 - werkzeug - INFO -  * Restarting with watchdog (windowsapi)
2025-02-03 13:23:05,087 - werkzeug - INFO -  * Restarting with watchdog (windowsapi)
2025-02-03 13:23:41,435 - werkzeug - INFO -  * Restarting with watchdog (windowsapi)
2025-02-03 13:25:31,512 - werkzeug - INFO -  * Restarting with watchdog (windowsapi)
2025-02-03 13:25:33,117 - werkzeug - INFO -  * Restarting with watchdog (windowsapi)
2025-02-03 13:26:32,934 - werkzeug - INFO -  * Restarting with watchdog (windowsapi)
2025-02-03 13:26:34,558 - werkzeug - INFO -  * Restarting with watchdog (windowsapi)
2025-02-03 14:11:34,133 - werkzeug - INFO -  * Restarting with watchdog (windowsapi)
2025-02-03 14:11:35,763 - werkzeug - INFO -  * Restarting with watchdog (windowsapi)
2025-02-03 14:11:38,344 - werkzeug - INFO -  * Restarting with watchdog (windowsapi)
2025-02-03 14:11:42,028 - werkzeug - INFO -  * Restarting with watchdog (windowsapi)
2025-02-03 14:11:46,035 - werkzeug - INFO -  * Restarting with watchdog (windowsapi)
2025-02-03 14:13:14,257 - werkzeug - INFO -  * Restarting with watchdog (windowsapi)
2025-02-03 14:13:31,088 - werkzeug - INFO -  * Restarting with watchdog (windowsapi)
2025-02-03 14:13:35,726 - werkzeug - INFO -  * Restarting with watchdog (windowsapi)
