2026-01-28 14:32:25,076 - Review.reviews.aetaw_review - INFO - Loading EOD data...
2026-01-28 14:32:25,995 - Review.reviews.aetaw_review - INFO - Loading reference data...
2026-01-28 14:32:26,184 - Review.reviews.aetaw_review - INFO - Loaded 75 companies from AEX, AMX, and AScX
2026-01-28 14:32:26,227 - Review.reviews.aetaw_review - INFO - 
Initial weights calculated. Starting three-step capping process...
2026-01-28 14:32:26,227 - Review.reviews.aetaw_review - INFO - 
========== STEP 1: Individual 9% Cap ==========
2026-01-28 14:32:26,227 - Review.reviews.aetaw_review - INFO - 
--- Step 1, Iteration 1 ---
2026-01-28 14:32:26,227 - Review.reviews.aetaw_review - INFO - Capped 3 companies at 9%
2026-01-28 14:32:26,227 - Review.reviews.aetaw_review - INFO - Excess weight: 25.9959%
2026-01-28 14:32:26,227 - Review.reviews.aetaw_review - INFO - Redistributed to 72 companies
2026-01-28 14:32:26,237 - Review.reviews.aetaw_review - INFO - Max weight change: 18.801302%
2026-01-28 14:32:26,237 - Review.reviews.aetaw_review - INFO - 
--- Step 1, Iteration 2 ---
2026-01-28 14:32:26,237 - Review.reviews.aetaw_review - INFO - Max weight change: 0.000000%
2026-01-28 14:32:26,237 - Review.reviews.aetaw_review - INFO - [SUCCESS] Step 1 converged after 2 iterations
2026-01-28 14:32:26,237 - Review.reviews.aetaw_review - INFO - 
Step 1 complete: 3 companies locked at 9%
2026-01-28 14:32:26,237 - Review.reviews.aetaw_review - INFO -   ASML HOLDING: 9.0000%
2026-01-28 14:32:26,237 - Review.reviews.aetaw_review - INFO -   SHELL PLC: 9.0000%
2026-01-28 14:32:26,237 - Review.reviews.aetaw_review - INFO -   UNILEVER: 9.0000%
2026-01-28 14:32:26,237 - Review.reviews.aetaw_review - INFO - 
========== STEP 2: Collective 36% Constraint (Cap outside top 4 at 4.5%) ==========
2026-01-28 14:32:26,237 - Review.reviews.aetaw_review - INFO - 
--- Step 2, Iteration 1 ---
2026-01-28 14:32:26,239 - Review.reviews.aetaw_review - INFO - Top 4 companies:
2026-01-28 14:32:26,239 - Review.reviews.aetaw_review - INFO -   ASML HOLDING: 9.0000%
2026-01-28 14:32:26,239 - Review.reviews.aetaw_review - INFO -   SHELL PLC: 9.0000%
2026-01-28 14:32:26,239 - Review.reviews.aetaw_review - INFO -   UNILEVER: 9.0000%
2026-01-28 14:32:26,239 - Review.reviews.aetaw_review - INFO -   ING GROEP N.V.: 8.8804%
2026-01-28 14:32:26,240 - Review.reviews.aetaw_review - INFO - Capped 3 companies (outside top 4) at 4.5%
2026-01-28 14:32:26,240 - Review.reviews.aetaw_review - INFO - Total companies locked at 4.5%: 3
2026-01-28 14:32:26,240 - Review.reviews.aetaw_review - INFO - Excess weight: 8.5196%
2026-01-28 14:32:26,240 - Review.reviews.aetaw_review - INFO - Redistributed to 69 companies (not locked at 9% or 4.5%)
2026-01-28 14:32:26,241 - Review.reviews.aetaw_review - INFO - Max weight change: 3.949232%
2026-01-28 14:32:26,241 - Review.reviews.aetaw_review - INFO - 
--- Step 2, Iteration 2 ---
2026-01-28 14:32:26,242 - Review.reviews.aetaw_review - INFO - Top 4 companies:
2026-01-28 14:32:26,242 - Review.reviews.aetaw_review - INFO -   ING GROEP N.V.: 10.3644%
2026-01-28 14:32:26,242 - Review.reviews.aetaw_review - INFO -   ASML HOLDING: 9.0000%
2026-01-28 14:32:26,242 - Review.reviews.aetaw_review - INFO -   SHELL PLC: 9.0000%
2026-01-28 14:32:26,242 - Review.reviews.aetaw_review - INFO -   UNILEVER: 9.0000%
2026-01-28 14:32:26,243 - Review.reviews.aetaw_review - INFO - Capped 1 companies (outside top 4) at 4.5%
2026-01-28 14:32:26,243 - Review.reviews.aetaw_review - INFO - Total companies locked at 4.5%: 4
2026-01-28 14:32:26,243 - Review.reviews.aetaw_review - INFO - Excess weight: 0.1079%
2026-01-28 14:32:26,244 - Review.reviews.aetaw_review - INFO - Redistributed to 68 companies (not locked at 9% or 4.5%)
2026-01-28 14:32:26,245 - Review.reviews.aetaw_review - INFO - Max weight change: 0.107906%
2026-01-28 14:32:26,245 - Review.reviews.aetaw_review - INFO - 
--- Step 2, Iteration 3 ---
2026-01-28 14:32:26,245 - Review.reviews.aetaw_review - INFO - Top 4 companies:
2026-01-28 14:32:26,246 - Review.reviews.aetaw_review - INFO -   ING GROEP N.V.: 10.3848%
2026-01-28 14:32:26,246 - Review.reviews.aetaw_review - INFO -   ASML HOLDING: 9.0000%
2026-01-28 14:32:26,246 - Review.reviews.aetaw_review - INFO -   SHELL PLC: 9.0000%
2026-01-28 14:32:26,246 - Review.reviews.aetaw_review - INFO -   UNILEVER: 9.0000%
2026-01-28 14:32:26,246 - Review.reviews.aetaw_review - INFO - Max weight change: 0.000000%
2026-01-28 14:32:26,246 - Review.reviews.aetaw_review - INFO - [SUCCESS] Step 2 converged after 3 iterations
2026-01-28 14:32:26,246 - Review.reviews.aetaw_review - INFO - 
Step 2 complete: 4 companies locked at 4.5%
2026-01-28 14:32:26,246 - Review.reviews.aetaw_review - INFO - 
========== STEP 3: Re-check 9% Cap for Top 4 ==========
2026-01-28 14:32:26,246 - Review.reviews.aetaw_review - INFO - 
--- Step 3, Iteration 1 ---
2026-01-28 14:32:26,246 - Review.reviews.aetaw_review - INFO - Capped 1 companies at 9%
2026-01-28 14:32:26,249 - Review.reviews.aetaw_review - INFO - Excess weight: 1.3848%
2026-01-28 14:32:26,250 - Review.reviews.aetaw_review - INFO - Redistributed to 67 companies (not locked, below 4.5%)
2026-01-28 14:32:26,251 - Review.reviews.aetaw_review - INFO - Max weight change: 1.384805%
2026-01-28 14:32:26,251 - Review.reviews.aetaw_review - INFO - 
--- Step 3, Iteration 2 ---
2026-01-28 14:32:26,251 - Review.reviews.aetaw_review - INFO - Max weight change: 0.000000%
2026-01-28 14:32:26,251 - Review.reviews.aetaw_review - INFO - [SUCCESS] Step 3 converged after 2 iterations
2026-01-28 14:32:26,252 - Review.reviews.aetaw_review - INFO - 
========== Final Results ==========
2026-01-28 14:32:26,252 - Review.reviews.aetaw_review - INFO - Companies at 9.00%: 4
2026-01-28 14:32:26,252 - Review.reviews.aetaw_review - INFO - Companies locked at 4.50%: 4
2026-01-28 14:32:26,252 - Review.reviews.aetaw_review - INFO - Total weight OVER 4.5%: 36.0000% (limit: 36.00%)
2026-01-28 14:32:26,252 - Review.reviews.aetaw_review - INFO - Sum of all final weights: 100.000000% (should be 100%)
2026-01-28 14:32:26,252 - Review.reviews.aetaw_review - INFO - [SUCCESS] Collective cap satisfied
2026-01-28 14:32:26,252 - Review.reviews.aetaw_review - INFO - AETAW capping complete. Companies with CF < 1: 74
2026-01-28 14:32:26,254 - Review.reviews.aetaw_review - INFO - Saving AETAW output to: C:\Users\CSonneveld\OneDrive - Euronext\Documents\Projects\GUI + Reviews - Copy\output\AETAW_df_20260128_143226.xlsx
