2025-04-14 13:14:10,728 - werkzeug - WARNING -  * Debugger is active!
2025-04-14 13:14:10,728 - werkzeug - INFO -  * Debugger PIN: 691-175-853
2025-04-14 13:14:13,405 - Review.reviews.lc1ep_review - INFO - Loading EOD data...
2025-04-14 13:14:14,029 - Review.reviews.lc1ep_review - INFO - Loading reference data...
2025-04-14 13:14:23,664 - Review.reviews.lc1ep_review - WARNING - Removed 18750 duplicate rows from cdp_climate_df
2025-04-14 13:14:23,674 - Review.reviews.lc1ep_review - INFO - Filtering universe for EZ300 companies...
2025-04-14 13:14:23,679 - Review.reviews.lc1ep_review - INFO - Universe size after EZ300 filter: 300
2025-04-14 13:14:23,679 - Review.reviews.lc1ep_review - INFO - Adding Free Float data...
2025-04-14 13:14:23,684 - Review.reviews.lc1ep_review - INFO - Adding ICB Subsector data...
2025-04-14 13:14:23,696 - Review.reviews.lc1ep_review - WARNING - Removed 9315 duplicate rows from ICB data
2025-04-14 13:14:23,805 - Review.reviews.lc1ep_review - INFO - Debug file saved to C:\Users\CSonneveld\OneDrive - Euronext\Documents\Projects\GUI + Reviews\debug\universe_df_after_nace_20250414_131423.xlsx
2025-04-14 13:14:23,805 - Review.reviews.lc1ep_review - INFO - Adding CDP Climate data...
2025-04-14 13:14:23,805 - Review.reviews.lc1ep_review - INFO - Adding Oekom Trust & Carbon data...
2025-04-14 13:14:23,814 - Review.reviews.lc1ep_review - INFO - Adding NACE data...
2025-04-14 13:14:23,815 - Review.reviews.lc1ep_review - INFO - Adding EU Taxonomy flag...
2025-04-14 13:14:23,817 - Review.reviews.lc1ep_review - INFO - Checking GAFI lists and Non-fiscally cooperative countries...
2025-04-14 13:14:23,818 - Review.reviews.lc1ep_review - INFO - Applying exclusion criteria...
2025-04-14 13:14:23,827 - Review.reviews.lc1ep_review - INFO - Marked 30 companies (10%) with worst SG scores for exclusion
2025-04-14 13:14:23,845 - Review.reviews.lc1ep_review - INFO - Calculating Climate Score for ranking...
2025-04-14 13:14:23,847 - Review.reviews.lc1ep_review - INFO - Selecting EU Taxonomy companies...
2025-04-14 13:14:23,848 - Review.reviews.lc1ep_review - INFO - Found 13 EU Taxonomy companies after exclusions
2025-04-14 13:14:23,849 - Review.reviews.lc1ep_review - INFO - Found 170 Non-EU Taxonomy eligible companies after exclusions
2025-04-14 13:14:23,849 - Review.reviews.lc1ep_review - INFO - STEP 4a: Determining target number of Non-EU Taxonomy companies per super-sector...
2025-04-14 13:14:23,849 - Review.reviews.lc1ep_review - INFO - Target number of Non-EU Taxonomy companies: 87
2025-04-14 13:14:23,850 - Review.reviews.lc1ep_review - INFO - Total eligible Non-EU Taxonomy companies: 170
2025-04-14 13:14:23,852 - Review.reviews.lc1ep_review - INFO - Total target after rounding: 100 (vs. target of 87)
2025-04-14 13:14:23,852 - Review.reviews.lc1ep_review - INFO - Need to remove 13 companies due to rounding up
2025-04-14 13:14:23,854 - Review.reviews.lc1ep_review - INFO - STEP 4b: Selecting Non-EU Taxonomy companies based on climate score...
2025-04-14 13:14:23,855 - Review.reviews.lc1ep_review - INFO - Selected 7 companies from super-sector 1010.0
2025-04-14 13:14:23,855 - Review.reviews.lc1ep_review - INFO - Selected 6 companies from super-sector 1510.0
2025-04-14 13:14:23,856 - Review.reviews.lc1ep_review - INFO - Selected 12 companies from super-sector 2010.0
2025-04-14 13:14:23,857 - Review.reviews.lc1ep_review - INFO - Selected 14 companies from super-sector 3010.0
2025-04-14 13:14:23,858 - Review.reviews.lc1ep_review - INFO - Selected 6 companies from super-sector 3020.0
2025-04-14 13:14:23,859 - Review.reviews.lc1ep_review - INFO - Selected 7 companies from super-sector 3030.0
2025-04-14 13:14:23,859 - Review.reviews.lc1ep_review - INFO - Selected 6 companies from super-sector 3510.0
2025-04-14 13:14:23,860 - Review.reviews.lc1ep_review - INFO - Selected 4 companies from super-sector 4010.0
2025-04-14 13:14:23,861 - Review.reviews.lc1ep_review - INFO - Selected 7 companies from super-sector 4020.0
2025-04-14 13:14:23,862 - Review.reviews.lc1ep_review - INFO - Selected 3 companies from super-sector 4030.0
2025-04-14 13:14:23,863 - Review.reviews.lc1ep_review - INFO - Selected 2 companies from super-sector 4040.0
2025-04-14 13:14:23,863 - Review.reviews.lc1ep_review - INFO - Selected 4 companies from super-sector 4050.0
2025-04-14 13:14:23,863 - Review.reviews.lc1ep_review - INFO - Selected 5 companies from super-sector 4510.0
2025-04-14 13:14:23,864 - Review.reviews.lc1ep_review - INFO - Selected 3 companies from super-sector 4520.0
2025-04-14 13:14:23,865 - Review.reviews.lc1ep_review - INFO - Selected 1 companies from super-sector 5010.0
2025-04-14 13:14:23,865 - Review.reviews.lc1ep_review - INFO - Selected 8 companies from super-sector 5020.0
2025-04-14 13:14:23,866 - Review.reviews.lc1ep_review - INFO - Selected 2 companies from super-sector 5510.0
2025-04-14 13:14:23,867 - Review.reviews.lc1ep_review - INFO - Selected 3 companies from super-sector 5520.0
2025-04-14 13:14:23,869 - Review.reviews.lc1ep_review - INFO - Initial selection has 100 companies, need to remove 13
2025-04-14 13:14:23,912 - Review.reviews.lc1ep_review - INFO - Removed company DE000A40KY26 from supersector 5520.0 (Climate Score: 3.205)
2025-04-14 13:14:23,928 - Review.reviews.lc1ep_review - INFO - Removed company IT0000062957 from supersector 3020.0 (Climate Score: 3.07)
2025-04-14 13:14:23,929 - Review.reviews.lc1ep_review - INFO - Removed company DE0008402215 from supersector 3030.0 (Climate Score: 3.07)
2025-04-14 13:14:23,938 - Review.reviews.lc1ep_review - INFO - Removed company ES0113679I37 from supersector 3010.0 (Climate Score: 3.01)
2025-04-14 13:14:23,941 - Review.reviews.lc1ep_review - INFO - Removed company NL0000226223 from supersector 1010.0 (Climate Score: 2.883797265501265)
2025-04-14 13:14:23,947 - Review.reviews.lc1ep_review - INFO - Removed company DE000A0LD6E6 from supersector 2010.0 (Climate Score: 2.5)
2025-04-14 13:14:23,949 - Review.reviews.lc1ep_review - INFO - Removed company FR0000120404 from supersector 4050.0 (Climate Score: 2.3914062194480947)
2025-04-14 13:14:23,949 - Review.reviews.lc1ep_review - INFO - Removed company NL0011585146 from supersector 4010.0 (Climate Score: 2.28839766789769)
2025-04-14 13:14:23,958 - Review.reviews.lc1ep_review - INFO - Removed company FR0000121964 from supersector 3510.0 (Climate Score: 2.2473576022587802)
2025-04-14 13:14:23,961 - Review.reviews.lc1ep_review - INFO - Removed company NL0015435975 from supersector 4510.0 (Climate Score: 2.1748496808315148)
2025-04-14 13:14:23,962 - Review.reviews.lc1ep_review - INFO - Removed company FR0010340141 from supersector 5020.0 (Climate Score: 2.12430874805632)
2025-04-14 13:14:23,968 - Review.reviews.lc1ep_review - INFO - Removed company IT0004965148 from supersector 4020.0 (Climate Score: 2.123478195218075)
2025-04-14 13:14:23,970 - Review.reviews.lc1ep_review - INFO - Removed company DE0005557508 from supersector 1510.0 (Climate Score: 2.1226730906349953)
2025-04-14 13:14:23,971 - Review.reviews.lc1ep_review - INFO - Final Non-EU Taxonomy selection has 87 companies
2025-04-14 13:14:23,971 - Review.reviews.lc1ep_review - INFO - Minimum companies per supersector: 1
2025-04-14 13:14:23,971 - Review.reviews.lc1ep_review - WARNING - Some supersectors have fewer than 2 companies! Minimum is 1
2025-04-14 13:14:23,971 - Review.reviews.lc1ep_review - INFO - Final selection contains 100 companies
2025-04-14 13:14:23,971 - Review.reviews.lc1ep_review - INFO - - EU Taxonomy: 13
2025-04-14 13:14:23,971 - Review.reviews.lc1ep_review - INFO - - Non-EU Taxonomy: 87
2025-04-14 13:14:23,971 - Review.reviews.lc1ep_review - INFO - Adding PAB flag based on CDP temperature score...
2025-04-14 13:14:23,975 - Review.reviews.lc1ep_review - INFO - Calculating liquidity constraints for all companies...
2025-04-14 13:14:23,975 - Review.reviews.lc1ep_review - INFO - Total FFMC for all companies: 2699710051203.03
2025-04-14 13:14:23,976 - Review.reviews.lc1ep_review - INFO - Market cap based weights calculated for EU Taxonomy companies
2025-04-14 13:14:23,977 - Review.reviews.lc1ep_review - INFO - Liquidity caps for EU Taxonomy companies - Max: 5.2830%, Min: 0.5556%, Avg: 1.5556%
2025-04-14 13:14:23,977 - Review.reviews.lc1ep_review - INFO - Liquidity floors for EU Taxonomy companies - Max: 0.0000%, Min: 0.0000%, Avg: 0.0000%
2025-04-14 13:14:23,977 - Review.reviews.lc1ep_review - INFO - No liquidity issues found for EU Taxonomy companies
2025-04-14 13:14:23,980 - Review.reviews.lc1ep_review - INFO - Liquidity caps for Non-EU Taxonomy companies - Max: 10.0000%, Min: 0.2050%, Avg: 2.5492%
2025-04-14 13:14:23,980 - Review.reviews.lc1ep_review - INFO - Liquidity floors for Non-EU Taxonomy companies - Max: 3.1942%, Min: 0.0000%, Avg: 0.0722%
2025-04-14 13:14:23,980 - Review.reviews.lc1ep_review - INFO - No liquidity issues found for Non-EU Taxonomy companies
2025-04-14 13:14:23,982 - Review.reviews.lc1ep_review - INFO - Liquidity constraints have been calculated for all 100 companies
2025-04-14 13:14:23,983 - Review.reviews.lc1ep_review - INFO - Saving output files...
2025-04-14 13:14:24,305 - Review.reviews.lc1ep_review - INFO - Results saved to C:\Users\CSonneveld\OneDrive - Euronext\Documents\Projects\GUI + Reviews\output\LC1EP_review_20250414_131423.xlsx
2025-04-14 13:14:24,329 - werkzeug - INFO - 127.0.0.1 - - [14/Apr/2025 13:14:24] "POST /calculate HTTP/1.1" 200 -
2025-04-14 13:14:31,204 - Review.reviews.lc100_review - INFO - Loading EOD data...
2025-04-14 13:14:34,033 - Review.reviews.lc100_review - INFO - Loading reference data...
2025-04-14 13:14:43,642 - Review.reviews.lc100_review - WARNING - Removed 18750 duplicate rows from cdp_climate_df
2025-04-14 13:14:43,642 - Review.reviews.lc100_review - INFO - Filtering universe for EU500 companies...
2025-04-14 13:14:43,642 - Review.reviews.lc100_review - INFO - Universe size after EU500 filter: 499
2025-04-14 13:14:43,642 - Review.reviews.lc100_review - INFO - Adding Free Float data...
2025-04-14 13:14:43,642 - Review.reviews.lc100_review - INFO - Adding ICB Subsector data...
2025-04-14 13:14:43,663 - Review.reviews.lc100_review - WARNING - Removed 9315 duplicate rows from ICB data
2025-04-14 13:14:43,739 - Review.reviews.lc100_review - INFO - Debug file saved to C:\Users\CSonneveld\OneDrive - Euronext\Documents\Projects\GUI + Reviews\debug\universe_df_after_nace_20250414_131443.xlsx
2025-04-14 13:14:43,739 - Review.reviews.lc100_review - INFO - Adding CDP Climate data...
2025-04-14 13:14:43,747 - Review.reviews.lc100_review - INFO - Adding Oekom Trust & Carbon data...
2025-04-14 13:14:43,751 - Review.reviews.lc100_review - INFO - Adding NACE data...
2025-04-14 13:14:43,753 - Review.reviews.lc100_review - INFO - Adding EU Taxonomy flag...
2025-04-14 13:14:43,754 - Review.reviews.lc100_review - INFO - Checking GAFI lists and Non-fiscally cooperative countries...
2025-04-14 13:14:43,754 - Review.reviews.lc100_review - INFO - Applying exclusion criteria...
2025-04-14 13:14:43,764 - Review.reviews.lc100_review - INFO - Marked 49 companies (10%) with worst SG scores for exclusion
2025-04-14 13:14:43,784 - Review.reviews.lc100_review - INFO - Calculating Climate Score for ranking...
2025-04-14 13:14:43,785 - Review.reviews.lc100_review - INFO - Selecting EU Taxonomy companies...
2025-04-14 13:14:43,786 - Review.reviews.lc100_review - INFO - Found 14 EU Taxonomy companies after exclusions
2025-04-14 13:14:43,787 - Review.reviews.lc100_review - INFO - Found 303 Non-EU Taxonomy eligible companies after exclusions
2025-04-14 13:14:43,787 - Review.reviews.lc100_review - INFO - STEP 4a: Determining target number of Non-EU Taxonomy companies per super-sector...
2025-04-14 13:14:43,787 - Review.reviews.lc100_review - INFO - Target number of Non-EU Taxonomy companies: 86
2025-04-14 13:14:43,788 - Review.reviews.lc100_review - INFO - Total eligible Non-EU Taxonomy companies: 303
2025-04-14 13:14:43,789 - Review.reviews.lc100_review - INFO - Total target after rounding: 96 (vs. target of 86)
2025-04-14 13:14:43,789 - Review.reviews.lc100_review - INFO - Need to remove 10 companies due to rounding up
2025-04-14 13:14:43,790 - Review.reviews.lc100_review - INFO - STEP 4b: Selecting Non-EU Taxonomy companies based on climate score...
2025-04-14 13:14:43,791 - Review.reviews.lc100_review - INFO - Selected 5 companies from super-sector 1010.0
2025-04-14 13:14:43,791 - Review.reviews.lc100_review - INFO - Selected 5 companies from super-sector 1510.0
2025-04-14 13:14:43,792 - Review.reviews.lc100_review - INFO - Selected 12 companies from super-sector 2010.0
2025-04-14 13:14:43,793 - Review.reviews.lc100_review - INFO - Selected 13 companies from super-sector 3010.0
2025-04-14 13:14:43,794 - Review.reviews.lc100_review - INFO - Selected 7 companies from super-sector 3020.0
2025-04-14 13:14:43,794 - Review.reviews.lc100_review - INFO - Selected 8 companies from super-sector 3030.0
2025-04-14 13:14:43,796 - Review.reviews.lc100_review - INFO - Selected 5 companies from super-sector 3510.0
2025-04-14 13:14:43,796 - Review.reviews.lc100_review - INFO - Selected 2 companies from super-sector 4010.0
2025-04-14 13:14:43,797 - Review.reviews.lc100_review - INFO - Selected 6 companies from super-sector 4020.0
2025-04-14 13:14:43,798 - Review.reviews.lc100_review - INFO - Selected 2 companies from super-sector 4030.0
2025-04-14 13:14:43,799 - Review.reviews.lc100_review - INFO - Selected 2 companies from super-sector 4040.0
2025-04-14 13:14:43,800 - Review.reviews.lc100_review - INFO - Selected 4 companies from super-sector 4050.0
2025-04-14 13:14:43,801 - Review.reviews.lc100_review - INFO - Selected 6 companies from super-sector 4510.0
2025-04-14 13:14:43,801 - Review.reviews.lc100_review - INFO - Selected 3 companies from super-sector 4520.0
2025-04-14 13:14:43,802 - Review.reviews.lc100_review - INFO - Selected 2 companies from super-sector 5010.0
2025-04-14 13:14:43,803 - Review.reviews.lc100_review - INFO - Selected 9 companies from super-sector 5020.0
2025-04-14 13:14:43,803 - Review.reviews.lc100_review - INFO - Selected 2 companies from super-sector 5510.0
2025-04-14 13:14:43,804 - Review.reviews.lc100_review - INFO - Selected 2 companies from super-sector 5520.0
2025-04-14 13:14:43,804 - Review.reviews.lc100_review - INFO - Selected 1 companies from super-sector 6510.0
2025-04-14 13:14:43,811 - Review.reviews.lc100_review - INFO - Initial selection has 96 companies, need to remove 10
2025-04-14 13:14:43,815 - Review.reviews.lc100_review - INFO - Removed company SE0012853455 from supersector 3020.0 (Climate Score: 2.821140472878995)
2025-04-14 13:14:43,820 - Review.reviews.lc100_review - INFO - Removed company GB0004082847 from supersector 3010.0 (Climate Score: 2.585)
2025-04-14 13:14:43,823 - Review.reviews.lc100_review - INFO - Removed company CH0011075394 from supersector 3030.0 (Climate Score: 2.39833333333333)
2025-04-14 13:14:43,828 - Review.reviews.lc100_review - INFO - Removed company FR0000121964 from supersector 3510.0 (Climate Score: 2.2473576022587802)
2025-04-14 13:14:43,833 - Review.reviews.lc100_review - INFO - Removed company DE000BAY0017 from supersector 2010.0 (Climate Score: 2.2165721170918)
2025-04-14 13:14:43,836 - Review.reviews.lc100_review - INFO - Removed company ES0109067019 from supersector 1010.0 (Climate Score: 2.1812092903668145)
2025-04-14 13:14:43,839 - Review.reviews.lc100_review - INFO - Removed company GB0030913577 from supersector 1510.0 (Climate Score: 2.050969452258145)
2025-04-14 13:14:43,839 - Review.reviews.lc100_review - INFO - Removed company DK0060542181 from supersector 5020.0 (Climate Score: 2.03696527269129)
2025-04-14 13:14:43,845 - Review.reviews.lc100_review - INFO - Removed company GB00BHJYC057 from supersector 4050.0 (Climate Score: 1.961379401980875)
2025-04-14 13:14:43,847 - Review.reviews.lc100_review - INFO - Removed company DE0006048432 from supersector 4020.0 (Climate Score: 1.913748241153015)
2025-04-14 13:14:43,848 - Review.reviews.lc100_review - INFO - Final Non-EU Taxonomy selection has 86 companies
2025-04-14 13:14:43,848 - Review.reviews.lc100_review - INFO - Minimum companies per supersector: 1
2025-04-14 13:14:43,848 - Review.reviews.lc100_review - WARNING - Some supersectors have fewer than 2 companies! Minimum is 1
2025-04-14 13:14:43,852 - Review.reviews.lc100_review - INFO - Final selection contains 100 companies
2025-04-14 13:14:43,852 - Review.reviews.lc100_review - INFO - - EU Taxonomy: 14
2025-04-14 13:14:43,852 - Review.reviews.lc100_review - INFO - - Non-EU Taxonomy: 86
2025-04-14 13:14:43,852 - Review.reviews.lc100_review - INFO - Adding PAB flag based on CDP temperature score...
2025-04-14 13:14:43,853 - Review.reviews.lc100_review - INFO - Calculating liquidity constraints for all companies...
2025-04-14 13:14:43,853 - Review.reviews.lc100_review - INFO - Total FFMC for all companies: 2727420952173.03
2025-04-14 13:14:43,854 - Review.reviews.lc100_review - INFO - Market cap based weights calculated for EU Taxonomy companies
2025-04-14 13:14:43,855 - Review.reviews.lc100_review - INFO - Liquidity caps for EU Taxonomy companies - Max: 5.2730%, Min: 0.6331%, Avg: 1.9640%
2025-04-14 13:14:43,855 - Review.reviews.lc100_review - INFO - Liquidity floors for EU Taxonomy companies - Max: 0.0000%, Min: 0.0000%, Avg: 0.0000%
2025-04-14 13:14:43,856 - Review.reviews.lc100_review - INFO - No liquidity issues found for EU Taxonomy companies
2025-04-14 13:14:43,857 - Review.reviews.lc100_review - INFO - Liquidity caps for Non-EU Taxonomy companies - Max: 10.0000%, Min: 0.2855%, Avg: 2.5833%
2025-04-14 13:14:43,857 - Review.reviews.lc100_review - INFO - Liquidity floors for Non-EU Taxonomy companies - Max: 2.7739%, Min: 0.0000%, Avg: 0.0622%
2025-04-14 13:14:43,857 - Review.reviews.lc100_review - INFO - No liquidity issues found for Non-EU Taxonomy companies
2025-04-14 13:14:43,857 - Review.reviews.lc100_review - INFO - Liquidity constraints have been calculated for all 100 companies
2025-04-14 13:14:43,857 - Review.reviews.lc100_review - INFO - Saving output files...
2025-04-14 13:14:44,339 - Review.reviews.lc100_review - INFO - Results saved to C:\Users\CSonneveld\OneDrive - Euronext\Documents\Projects\GUI + Reviews\output\LC100_review_20250414_131443.xlsx
2025-04-14 13:14:44,372 - werkzeug - INFO - 127.0.0.1 - - [14/Apr/2025 13:14:44] "POST /calculate HTTP/1.1" 200 -
2025-04-14 13:35:52,472 - werkzeug - INFO -  * Detected change in 'C:\\Program Files\\Python312\\Lib\\datetime.py', reloading
2025-04-14 13:35:52,472 - werkzeug - INFO -  * Detected change in 'C:\\Program Files\\Python312\\Lib\\_pydatetime.py', reloading
