2025-03-19 18:51:22,861 - werkzeug - WARNING -  * Debugger is active!
2025-03-19 18:51:22,864 - werkzeug - INFO -  * Debugger PIN: 691-175-853
2025-03-19 18:51:25,674 - Review.reviews.fri4p_review - INFO - Loading EOD data...
2025-03-19 18:51:26,284 - Review.reviews.fri4p_review - INFO - Loading reference data...
2025-03-19 18:51:34,565 - Review.reviews.fri4p_review - ERROR - Error during review calculation: 'FossilFuelProdMaxRev'
2025-03-19 18:51:34,567 - werkzeug - INFO -  * Detected change in 'C:\\Users\\CSonneveld\\OneDrive - Euronext\\Documents\\Projects\\GUI + Reviews\\Review\\reviews\\fri4p_review.py', reloading
2025-03-19 18:51:34,573 - werkzeug - INFO -  * Detected change in 'C:\\Users\\CSonneveld\\AppData\\Roaming\\Python\\Python312\\site-packages\\pandas\\core\\frame.py', reloading
2025-03-19 18:51:34,574 - werkzeug - INFO -  * Detected change in 'C:\\Users\\CSonneveld\\AppData\\Roaming\\Python\\Python312\\site-packages\\pandas\\core\\indexes\\base.py', reloading
2025-03-19 18:51:34,575 - Review.reviews.fri4p_review - ERROR - Traceback (most recent call last):
  File "C:\Users\CSonneveld\AppData\Roaming\Python\Python312\site-packages\pandas\core\indexes\base.py", line 3805, in get_loc
    return self._engine.get_loc(casted_key)
           ^^^^^^^^^^^^^^^^^^^^^^^^^^^^^^^^
  File "index.pyx", line 167, in pandas._libs.index.IndexEngine.get_loc
  File "index.pyx", line 196, in pandas._libs.index.IndexEngine.get_loc
  File "pandas\\_libs\\hashtable_class_helper.pxi", line 7081, in pandas._libs.hashtable.PyObjectHashTable.get_item
  File "pandas\\_libs\\hashtable_class_helper.pxi", line 7089, in pandas._libs.hashtable.PyObjectHashTable.get_item
KeyError: 'FossilFuelProdMaxRev'

The above exception was the direct cause of the following exception:

Traceback (most recent call last):
  File "C:\Users\CSonneveld\OneDrive - Euronext\Documents\Projects\GUI + Reviews\Review\reviews\fri4p_review.py", line 163, in run_fri4p_review
    Oekom_TrustCarbon_df[col] = pd.to_numeric(Oekom_TrustCarbon_df[col], errors='coerce')
                                              ~~~~~~~~~~~~~~~~~~~~^^^^^
  File "C:\Users\CSonneveld\AppData\Roaming\Python\Python312\site-packages\pandas\core\frame.py", line 4102, in __getitem__
    indexer = self.columns.get_loc(key)
              ^^^^^^^^^^^^^^^^^^^^^^^^^
  File "C:\Users\CSonneveld\AppData\Roaming\Python\Python312\site-packages\pandas\core\indexes\base.py", line 3812, in get_loc
    raise KeyError(key) from err
KeyError: 'FossilFuelProdMaxRev'

2025-03-19 18:51:34,600 - werkzeug - INFO - 127.0.0.1 - - [19/Mar/2025 18:51:34] "POST /calculate HTTP/1.1" 200 -
