2025-04-11 15:47:02,770 - werkzeug - WARNING -  * Debugger is active!
2025-04-11 15:47:02,770 - werkzeug - INFO -  * Debugger PIN: 691-175-853
2025-04-11 15:47:03,906 - Review.reviews.lc3wp_review - INFO - Loading EOD data...
2025-04-11 15:47:04,568 - Review.reviews.lc3wp_review - INFO - Loading reference data...
2025-04-11 15:47:14,080 - Review.reviews.lc3wp_review - WARNING - Removed 18750 duplicate rows from cdp_climate_df
2025-04-11 15:47:14,080 - Review.reviews.lc3wp_review - INFO - Adding Free Float data...
2025-04-11 15:47:14,091 - Review.reviews.lc3wp_review - INFO - Adding ICB Subsector data...
2025-04-11 15:47:14,104 - Review.reviews.lc3wp_review - WARNING - Removed 9315 duplicate rows from ICB data
2025-04-11 15:47:14,298 - Review.reviews.lc3wp_review - INFO - Debug file saved to C:\Users\CSonneveld\OneDrive - Euronext\Documents\Projects\GUI + Reviews\debug\universe_df_after_nace_20250411_154714.xlsx
2025-04-11 15:47:14,298 - Review.reviews.lc3wp_review - INFO - Adding CDP Climate data...
2025-04-11 15:47:14,298 - Review.reviews.lc3wp_review - INFO - Adding Oekom Trust & Carbon data...
2025-04-11 15:47:14,309 - Review.reviews.lc3wp_review - INFO - Adding NACE data...
2025-04-11 15:47:14,313 - Review.reviews.lc3wp_review - INFO - Adding EU Taxonomy flag...
2025-04-11 15:47:14,314 - Review.reviews.lc3wp_review - INFO - Checking GAFI lists and Non-fiscally cooperative countries...
2025-04-11 15:47:14,314 - Review.reviews.lc3wp_review - INFO - Applying exclusion criteria...
2025-04-11 15:47:14,321 - Review.reviews.lc3wp_review - INFO - Marked 149 companies (10%) with worst SG scores for exclusion
2025-04-11 15:47:14,346 - Review.reviews.lc3wp_review - INFO - Calculating Climate Score for ranking...
2025-04-11 15:47:14,347 - Review.reviews.lc3wp_review - INFO - Selecting EU Taxonomy companies...
2025-04-11 15:47:14,348 - Review.reviews.lc3wp_review - INFO - Found 14 EU Taxonomy companies after exclusions
2025-04-11 15:47:14,348 - Review.reviews.lc3wp_review - INFO - Found 979 Non-EU Taxonomy eligible companies after exclusions
2025-04-11 15:47:14,348 - Review.reviews.lc3wp_review - INFO - STEP 4a: Determining target number of Non-EU Taxonomy companies per super-sector...
2025-04-11 15:47:14,348 - Review.reviews.lc3wp_review - INFO - Target number of Non-EU Taxonomy companies: 286
2025-04-11 15:47:14,354 - Review.reviews.lc3wp_review - INFO - Total eligible Non-EU Taxonomy companies: 979
2025-04-11 15:47:14,355 - Review.reviews.lc3wp_review - INFO - Total target after rounding: 295 (vs. target of 286)
2025-04-11 15:47:14,355 - Review.reviews.lc3wp_review - INFO - Need to remove 9 companies due to rounding up
2025-04-11 15:47:14,356 - Review.reviews.lc3wp_review - INFO - STEP 4b: Selecting Non-EU Taxonomy companies based on climate score...
2025-04-11 15:47:14,356 - Review.reviews.lc3wp_review - INFO - Selected 39 companies from super-sector 1010.0
2025-04-11 15:47:14,357 - Review.reviews.lc3wp_review - INFO - Selected 12 companies from super-sector 1510.0
2025-04-11 15:47:14,358 - Review.reviews.lc3wp_review - INFO - Selected 34 companies from super-sector 2010.0
2025-04-11 15:47:14,358 - Review.reviews.lc3wp_review - INFO - Selected 24 companies from super-sector 3010.0
2025-04-11 15:47:14,359 - Review.reviews.lc3wp_review - INFO - Selected 21 companies from super-sector 3020.0
2025-04-11 15:47:14,359 - Review.reviews.lc3wp_review - INFO - Selected 19 companies from super-sector 3030.0
2025-04-11 15:47:14,359 - Review.reviews.lc3wp_review - INFO - Selected 24 companies from super-sector 3510.0
2025-04-11 15:47:14,359 - Review.reviews.lc3wp_review - INFO - Selected 6 companies from super-sector 4010.0
2025-04-11 15:47:14,359 - Review.reviews.lc3wp_review - INFO - Selected 17 companies from super-sector 4020.0
2025-04-11 15:47:14,359 - Review.reviews.lc3wp_review - INFO - Selected 5 companies from super-sector 4030.0
2025-04-11 15:47:14,359 - Review.reviews.lc3wp_review - INFO - Selected 8 companies from super-sector 4040.0
2025-04-11 15:47:14,363 - Review.reviews.lc3wp_review - INFO - Selected 11 companies from super-sector 4050.0
2025-04-11 15:47:14,363 - Review.reviews.lc3wp_review - INFO - Selected 15 companies from super-sector 4510.0
2025-04-11 15:47:14,364 - Review.reviews.lc3wp_review - INFO - Selected 8 companies from super-sector 4520.0
2025-04-11 15:47:14,365 - Review.reviews.lc3wp_review - INFO - Selected 6 companies from super-sector 5010.0
2025-04-11 15:47:14,365 - Review.reviews.lc3wp_review - INFO - Selected 33 companies from super-sector 5020.0
2025-04-11 15:47:14,366 - Review.reviews.lc3wp_review - INFO - Selected 6 companies from super-sector 5510.0
2025-04-11 15:47:14,366 - Review.reviews.lc3wp_review - INFO - Selected 5 companies from super-sector 5520.0
2025-04-11 15:47:14,367 - Review.reviews.lc3wp_review - INFO - Selected 2 companies from super-sector 6510.0
2025-04-11 15:47:14,368 - Review.reviews.lc3wp_review - INFO - Initial selection has 295 companies, need to remove 9
2025-04-11 15:47:14,382 - Review.reviews.lc3wp_review - INFO - Removed company US0640581007 from supersector 3020.0 (Climate Score: 2.75)
2025-04-11 15:47:14,382 - Review.reviews.lc3wp_review - INFO - Removed company CA0641491075 from supersector 3010.0 (Climate Score: 2.75)
2025-04-11 15:47:14,394 - Review.reviews.lc3wp_review - INFO - Removed company CA0679011084 from supersector 5510.0 (Climate Score: 2.58973159003276)
2025-04-11 15:47:14,398 - Review.reviews.lc3wp_review - INFO - Removed company GB00BPQY8M80 from supersector 3030.0 (Climate Score: 2.519710481764205)
2025-04-11 15:47:14,405 - Review.reviews.lc3wp_review - INFO - Removed company US2538681030 from supersector 3510.0 (Climate Score: 2.41099033267267)
2025-04-11 15:47:14,407 - Review.reviews.lc3wp_review - INFO - Removed company SE0015961909 from supersector 1010.0 (Climate Score: 2.3720931393264597)
2025-04-11 15:47:14,414 - Review.reviews.lc3wp_review - INFO - Removed company GB0033986497 from supersector 4030.0 (Climate Score: 2.273886154334705)
2025-04-11 15:47:14,418 - Review.reviews.lc3wp_review - INFO - Removed company JP3162770006 from supersector 5020.0 (Climate Score: 2.270191314014105)
2025-04-11 15:47:14,423 - Review.reviews.lc3wp_review - INFO - Removed company JP3705200008 from supersector 4050.0 (Climate Score: 2.24552928645429)
2025-04-11 15:47:14,426 - Review.reviews.lc3wp_review - INFO - Final Non-EU Taxonomy selection has 286 companies
2025-04-11 15:47:14,426 - Review.reviews.lc3wp_review - INFO - Minimum companies per supersector: 2
2025-04-11 15:47:14,426 - Review.reviews.lc3wp_review - INFO - Final selection contains 300 companies
2025-04-11 15:47:14,430 - Review.reviews.lc3wp_review - INFO - - EU Taxonomy: 14
2025-04-11 15:47:14,430 - Review.reviews.lc3wp_review - INFO - - Non-EU Taxonomy: 286
2025-04-11 15:47:14,430 - Review.reviews.lc3wp_review - INFO - Adding PAB flag based on CDP temperature score...
2025-04-11 15:47:14,431 - Review.reviews.lc3wp_review - INFO - Calculating liquidity constraints for all companies...
2025-04-11 15:47:14,431 - Review.reviews.lc3wp_review - INFO - Total FFMC for all companies: 14192668756651.66
2025-04-11 15:47:14,432 - Review.reviews.lc3wp_review - INFO - Market cap based weights calculated for EU Taxonomy companies
2025-04-11 15:47:14,434 - Review.reviews.lc3wp_review - INFO - Liquidity caps for EU Taxonomy companies - Max: 4.6729%, Min: 0.5350%, Avg: 1.7396%
2025-04-11 15:47:14,434 - Review.reviews.lc3wp_review - INFO - Liquidity floors for EU Taxonomy companies - Max: 0.0000%, Min: 0.0000%, Avg: 0.0000%
2025-04-11 15:47:14,434 - Review.reviews.lc3wp_review - INFO - No liquidity issues found for EU Taxonomy companies
2025-04-11 15:47:14,437 - Review.reviews.lc3wp_review - INFO - Liquidity caps for Non-EU Taxonomy companies - Max: 10.0000%, Min: 0.1483%, Avg: 3.8633%
2025-04-11 15:47:14,437 - Review.reviews.lc3wp_review - INFO - Liquidity floors for Non-EU Taxonomy companies - Max: 0.0000%, Min: 0.0000%, Avg: 0.0000%
2025-04-11 15:47:14,437 - Review.reviews.lc3wp_review - INFO - No liquidity issues found for Non-EU Taxonomy companies
2025-04-11 15:47:14,442 - Review.reviews.lc3wp_review - INFO - Liquidity constraints have been calculated for all 300 companies
2025-04-11 15:47:14,442 - Review.reviews.lc3wp_review - INFO - Saving output files...
2025-04-11 15:47:15,817 - Review.reviews.lc3wp_review - INFO - Results saved to C:\Users\CSonneveld\OneDrive - Euronext\Documents\Projects\GUI + Reviews\output\LC3WP_review_20250411_154714.xlsx
2025-04-11 15:47:15,857 - werkzeug - INFO - 127.0.0.1 - - [11/Apr/2025 15:47:15] "POST /calculate HTTP/1.1" 200 -
2025-04-11 15:50:26,264 - Review.reviews.lc1ep_review - INFO - Loading EOD data...
2025-04-11 15:50:28,064 - Review.reviews.lc1ep_review - INFO - Loading reference data...
2025-04-11 15:50:37,652 - Review.reviews.lc1ep_review - WARNING - Removed 18750 duplicate rows from cdp_climate_df
2025-04-11 15:50:37,655 - Review.reviews.lc1ep_review - INFO - Filtering universe for EZ300 companies...
2025-04-11 15:50:37,657 - Review.reviews.lc1ep_review - INFO - Universe size after EZ300 filter: 300
2025-04-11 15:50:37,657 - Review.reviews.lc1ep_review - INFO - Adding Free Float data...
2025-04-11 15:50:37,661 - Review.reviews.lc1ep_review - INFO - Adding ICB Subsector data...
2025-04-11 15:50:37,678 - Review.reviews.lc1ep_review - WARNING - Removed 9315 duplicate rows from ICB data
2025-04-11 15:50:37,731 - Review.reviews.lc1ep_review - INFO - Debug file saved to C:\Users\CSonneveld\OneDrive - Euronext\Documents\Projects\GUI + Reviews\debug\universe_df_after_nace_20250411_155037.xlsx
2025-04-11 15:50:37,731 - Review.reviews.lc1ep_review - INFO - Adding CDP Climate data...
2025-04-11 15:50:37,736 - Review.reviews.lc1ep_review - INFO - Adding Oekom Trust & Carbon data...
2025-04-11 15:50:37,740 - Review.reviews.lc1ep_review - INFO - Adding NACE data...
2025-04-11 15:50:37,742 - Review.reviews.lc1ep_review - INFO - Adding EU Taxonomy flag...
2025-04-11 15:50:37,742 - Review.reviews.lc1ep_review - INFO - Checking GAFI lists and Non-fiscally cooperative countries...
2025-04-11 15:50:37,743 - Review.reviews.lc1ep_review - INFO - Applying exclusion criteria...
2025-04-11 15:50:37,751 - Review.reviews.lc1ep_review - INFO - Marked 30 companies (10%) with worst SG scores for exclusion
2025-04-11 15:50:37,769 - Review.reviews.lc1ep_review - INFO - Calculating Climate Score for ranking...
2025-04-11 15:50:37,771 - Review.reviews.lc1ep_review - INFO - Selecting EU Taxonomy companies...
2025-04-11 15:50:37,771 - Review.reviews.lc1ep_review - INFO - Found 13 EU Taxonomy companies after exclusions
2025-04-11 15:50:37,771 - Review.reviews.lc1ep_review - INFO - Found 170 Non-EU Taxonomy eligible companies after exclusions
2025-04-11 15:50:37,771 - Review.reviews.lc1ep_review - INFO - STEP 4a: Determining target number of Non-EU Taxonomy companies per super-sector...
2025-04-11 15:50:37,771 - Review.reviews.lc1ep_review - INFO - Target number of Non-EU Taxonomy companies: 87
2025-04-11 15:50:37,771 - Review.reviews.lc1ep_review - INFO - Total eligible Non-EU Taxonomy companies: 170
2025-04-11 15:50:37,771 - Review.reviews.lc1ep_review - INFO - Total target after rounding: 100 (vs. target of 87)
2025-04-11 15:50:37,771 - Review.reviews.lc1ep_review - INFO - Need to remove 13 companies due to rounding up
2025-04-11 15:50:37,771 - Review.reviews.lc1ep_review - INFO - STEP 4b: Selecting Non-EU Taxonomy companies based on climate score...
2025-04-11 15:50:37,771 - Review.reviews.lc1ep_review - INFO - Selected 7 companies from super-sector 1010.0
2025-04-11 15:50:37,777 - Review.reviews.lc1ep_review - INFO - Selected 6 companies from super-sector 1510.0
2025-04-11 15:50:37,777 - Review.reviews.lc1ep_review - INFO - Selected 12 companies from super-sector 2010.0
2025-04-11 15:50:37,778 - Review.reviews.lc1ep_review - INFO - Selected 14 companies from super-sector 3010.0
2025-04-11 15:50:37,778 - Review.reviews.lc1ep_review - INFO - Selected 6 companies from super-sector 3020.0
2025-04-11 15:50:37,779 - Review.reviews.lc1ep_review - INFO - Selected 7 companies from super-sector 3030.0
2025-04-11 15:50:37,779 - Review.reviews.lc1ep_review - INFO - Selected 6 companies from super-sector 3510.0
2025-04-11 15:50:37,780 - Review.reviews.lc1ep_review - INFO - Selected 4 companies from super-sector 4010.0
2025-04-11 15:50:37,780 - Review.reviews.lc1ep_review - INFO - Selected 7 companies from super-sector 4020.0
2025-04-11 15:50:37,781 - Review.reviews.lc1ep_review - INFO - Selected 3 companies from super-sector 4030.0
2025-04-11 15:50:37,782 - Review.reviews.lc1ep_review - INFO - Selected 2 companies from super-sector 4040.0
2025-04-11 15:50:37,782 - Review.reviews.lc1ep_review - INFO - Selected 4 companies from super-sector 4050.0
2025-04-11 15:50:37,782 - Review.reviews.lc1ep_review - INFO - Selected 5 companies from super-sector 4510.0
2025-04-11 15:50:37,782 - Review.reviews.lc1ep_review - INFO - Selected 3 companies from super-sector 4520.0
2025-04-11 15:50:37,782 - Review.reviews.lc1ep_review - INFO - Selected 1 companies from super-sector 5010.0
2025-04-11 15:50:37,782 - Review.reviews.lc1ep_review - INFO - Selected 8 companies from super-sector 5020.0
2025-04-11 15:50:37,782 - Review.reviews.lc1ep_review - INFO - Selected 2 companies from super-sector 5510.0
2025-04-11 15:50:37,782 - Review.reviews.lc1ep_review - INFO - Selected 3 companies from super-sector 5520.0
2025-04-11 15:50:37,792 - Review.reviews.lc1ep_review - INFO - Initial selection has 100 companies, need to remove 13
2025-04-11 15:50:37,797 - Review.reviews.lc1ep_review - INFO - Removed company FR0000121121 from supersector 3020.0 (Climate Score: 3.2199999999999998)
2025-04-11 15:50:37,803 - Review.reviews.lc1ep_review - INFO - Removed company NL0010801007 from supersector 5520.0 (Climate Score: 3.2199999999999998)
2025-04-11 15:50:37,807 - Review.reviews.lc1ep_review - INFO - Removed company FI4000297767 from supersector 3010.0 (Climate Score: 3.1466666666666647)
2025-04-11 15:50:37,809 - Review.reviews.lc1ep_review - INFO - Removed company DE000TLX1005 from supersector 3030.0 (Climate Score: 3.07)
2025-04-11 15:50:37,816 - Review.reviews.lc1ep_review - INFO - Removed company NL0000226223 from supersector 1010.0 (Climate Score: 2.883797265501265)
2025-04-11 15:50:37,820 - Review.reviews.lc1ep_review - INFO - Removed company DE000A0LD6E6 from supersector 2010.0 (Climate Score: 2.5)
2025-04-11 15:50:37,824 - Review.reviews.lc1ep_review - INFO - Removed company FR0000121964 from supersector 3510.0 (Climate Score: 2.39735760225878)
2025-04-11 15:50:37,827 - Review.reviews.lc1ep_review - INFO - Removed company FR0000120404 from supersector 4050.0 (Climate Score: 2.3914062194480947)
2025-04-11 15:50:37,832 - Review.reviews.lc1ep_review - INFO - Removed company NL0015435975 from supersector 4510.0 (Climate Score: 2.3248496808315147)
2025-04-11 15:50:37,835 - Review.reviews.lc1ep_review - INFO - Removed company NL0011585146 from supersector 4010.0 (Climate Score: 2.28839766789769)
2025-04-11 15:50:37,838 - Review.reviews.lc1ep_review - INFO - Removed company IT0004965148 from supersector 4020.0 (Climate Score: 2.2734781952180754)
2025-04-11 15:50:37,841 - Review.reviews.lc1ep_review - INFO - Removed company IT0005090300 from supersector 1510.0 (Climate Score: 2.26825660773674)
2025-04-11 15:50:37,842 - Review.reviews.lc1ep_review - INFO - Removed company DE0006602006 from supersector 5020.0 (Climate Score: 2.124887594988665)
2025-04-11 15:50:37,846 - Review.reviews.lc1ep_review - INFO - Final Non-EU Taxonomy selection has 87 companies
2025-04-11 15:50:37,846 - Review.reviews.lc1ep_review - INFO - Minimum companies per supersector: 1
2025-04-11 15:50:37,846 - Review.reviews.lc1ep_review - WARNING - Some supersectors have fewer than 2 companies! Minimum is 1
2025-04-11 15:50:37,848 - Review.reviews.lc1ep_review - INFO - Final selection contains 100 companies
2025-04-11 15:50:37,848 - Review.reviews.lc1ep_review - INFO - - EU Taxonomy: 13
2025-04-11 15:50:37,848 - Review.reviews.lc1ep_review - INFO - - Non-EU Taxonomy: 87
2025-04-11 15:50:37,849 - Review.reviews.lc1ep_review - INFO - Adding PAB flag based on CDP temperature score...
2025-04-11 15:50:37,850 - Review.reviews.lc1ep_review - INFO - Calculating liquidity constraints for all companies...
2025-04-11 15:50:37,850 - Review.reviews.lc1ep_review - INFO - Total FFMC for all companies: 3383095414847.67
2025-04-11 15:50:37,853 - Review.reviews.lc1ep_review - INFO - Market cap based weights calculated for EU Taxonomy companies
2025-04-11 15:50:37,854 - Review.reviews.lc1ep_review - INFO - Liquidity caps for EU Taxonomy companies - Max: 5.8698%, Min: 0.6096%, Avg: 1.6559%
2025-04-11 15:50:37,854 - Review.reviews.lc1ep_review - INFO - Liquidity floors for EU Taxonomy companies - Max: 0.0000%, Min: 0.0000%, Avg: 0.0000%
2025-04-11 15:50:37,855 - Review.reviews.lc1ep_review - INFO - No liquidity issues found for EU Taxonomy companies
2025-04-11 15:50:37,857 - Review.reviews.lc1ep_review - INFO - Liquidity caps for Non-EU Taxonomy companies - Max: 10.0000%, Min: 0.1790%, Avg: 2.5664%
2025-04-11 15:50:37,857 - Review.reviews.lc1ep_review - INFO - Liquidity floors for Non-EU Taxonomy companies - Max: 2.1422%, Min: 0.0000%, Avg: 0.0939%
2025-04-11 15:50:37,858 - Review.reviews.lc1ep_review - INFO - No liquidity issues found for Non-EU Taxonomy companies
2025-04-11 15:50:37,859 - Review.reviews.lc1ep_review - INFO - Liquidity constraints have been calculated for all 100 companies
2025-04-11 15:50:37,859 - Review.reviews.lc1ep_review - INFO - Saving output files...
2025-04-11 15:50:38,208 - Review.reviews.lc1ep_review - INFO - Results saved to C:\Users\CSonneveld\OneDrive - Euronext\Documents\Projects\GUI + Reviews\output\LC1EP_review_20250411_155037.xlsx
2025-04-11 15:50:38,237 - werkzeug - INFO - 127.0.0.1 - - [11/Apr/2025 15:50:38] "POST /calculate HTTP/1.1" 200 -
2025-04-11 15:59:05,015 - werkzeug - INFO -  * Detected change in 'C:\\Users\\CSonneveld\\OneDrive - Euronext\\Documents\\Projects\\GUI + Reviews\\Review\\review_logic.py', reloading
2025-04-11 15:59:05,023 - werkzeug - INFO -  * Detected change in 'C:\\Users\\CSonneveld\\OneDrive - Euronext\\Documents\\Projects\\GUI + Reviews\\config.py', reloading
2025-04-11 15:59:05,074 - werkzeug - INFO -  * Detected change in 'C:\\Users\\CSonneveld\\OneDrive - Euronext\\Documents\\Projects\\GUI + Reviews\\Review\\reviews\\lc1ep_review.py', reloading
2025-04-11 15:59:05,077 - werkzeug - INFO -  * Detected change in 'C:\\Users\\CSonneveld\\OneDrive - Euronext\\Documents\\Projects\\GUI + Reviews\\Review\\reviews\\lc3wp_review.py', reloading
