2025-09-08 15:39:15,415 - werkzeug - WARNING -  * Debugger is active!
2025-09-08 15:39:15,415 - werkzeug - INFO -  * Debugger PIN: 691-175-853
2025-09-08 15:40:08,397 - Review.reviews.elecp_review - INFO - Loading EOD data...
2025-09-08 15:40:11,583 - Review.reviews.elecp_review - INFO - Loading reference data...
2025-09-08 15:40:12,597 - Review.reviews.elecp_review - ERROR - Error during review calculation: single positional indexer is out-of-bounds
2025-09-08 15:40:12,597 - Review.reviews.elecp_review - ERROR - Traceback (most recent call last):
  File "C:\Users\CSonneveld\OneDrive - Euronext\Documents\Projects\GUI + Reviews\Review\reviews\elecp_review.py", line 114, in run_elecp_review
    index_mcap = index_eod_df.loc[index_eod_df['#Symbol'] == isin, 'Mkt Cap'].iloc[0]
                 ~~~~~~~~~~~~~~~~~~~~~~~~~~~~~~~~~~~~~~~~~~~~~~~~~~~~~~~~~~~~~~~~~^^^
  File "C:\Users\CSonneveld\AppData\Roaming\Python\Python312\site-packages\pandas\core\indexing.py", line 1191, in __getitem__
    return self._getitem_axis(maybe_callable, axis=axis)
           ^^^^^^^^^^^^^^^^^^^^^^^^^^^^^^^^^^^^^^^^^^^^^
  File "C:\Users\CSonneveld\AppData\Roaming\Python\Python312\site-packages\pandas\core\indexing.py", line 1752, in _getitem_axis
    self._validate_integer(key, axis)
  File "C:\Users\CSonneveld\AppData\Roaming\Python\Python312\site-packages\pandas\core\indexing.py", line 1685, in _validate_integer
    raise IndexError("single positional indexer is out-of-bounds")
IndexError: single positional indexer is out-of-bounds

2025-09-08 15:40:12,617 - werkzeug - INFO - 127.0.0.1 - - [08/Sep/2025 15:40:12] "POST /calculate HTTP/1.1" 200 -
2025-09-08 15:40:24,392 - Review.reviews.aexew_review - INFO - Loading EOD data...
2025-09-08 15:40:26,163 - Review.reviews.aexew_review - INFO - Loading reference data...
2025-09-08 15:40:26,198 - Review.reviews.aexew_review - INFO - Saving AEXEW output to: C:\Users\CSonneveld\OneDrive - Euronext\Documents\Projects\GUI + Reviews\output\AEXEW_df_20250908_154026.xlsx
2025-09-08 15:40:26,349 - Review.reviews.be1p_review - INFO - Loading EOD data...
2025-09-08 15:40:27,064 - Review.reviews.be1p_review - INFO - Loading reference data...
2025-09-08 15:40:34,581 - Review.reviews.be1p_review - INFO - Total universe: 300 companies
2025-09-08 15:40:34,581 - Review.reviews.be1p_review - INFO - Excluded by MIC filter: 91 companies
2025-09-08 15:40:34,581 - Review.reviews.be1p_review - INFO - Excluded by ICB subsector filter: 272 companies
2025-09-08 15:40:34,581 - Review.reviews.be1p_review - INFO - Excluded by turnover filter: 44 companies
2025-09-08 15:40:34,581 - Review.reviews.be1p_review - INFO - Total excluded (any criteria): 282 companies
2025-09-08 15:40:34,581 - Review.reviews.be1p_review - INFO - Eligible for selection: 18 companies
2025-09-08 15:40:34,581 - Review.reviews.be1p_review - INFO - Selecting top 10 companies with highest FFMC from eligible companies...
2025-09-08 15:40:34,606 - Review.reviews.be1p_review - INFO - Saving BE1P output to: C:\Users\CSonneveld\OneDrive - Euronext\Documents\Projects\GUI + Reviews\output\BE1P_df_20250908_154034.xlsx
2025-09-08 15:40:34,750 - Review.reviews.bnew_review - INFO - Loading EOD data...
2025-09-08 15:40:35,481 - Review.reviews.bnew_review - INFO - Loading reference data...
2025-09-08 15:40:37,008 - Review.reviews.bnew_review - INFO - Saving BNEW output to: C:\Users\CSonneveld\OneDrive - Euronext\Documents\Projects\GUI + Reviews\output\BNEW_df_20250908_154037.xlsx
2025-09-08 15:40:37,125 - Review.reviews.cacew_review - INFO - Loading EOD data...
2025-09-08 15:40:37,948 - Review.reviews.cacew_review - INFO - Loading reference data...
2025-09-08 15:40:38,018 - Review.reviews.cacew_review - INFO - Saving CACEW output to: C:\Users\CSonneveld\OneDrive - Euronext\Documents\Projects\GUI + Reviews\output\CACEW_df_20250908_154038.xlsx
2025-09-08 15:40:38,102 - Review.reviews.clew_review - INFO - Loading EOD data...
2025-09-08 15:40:38,831 - Review.reviews.clew_review - INFO - Loading reference data...
2025-09-08 15:40:38,891 - Review.reviews.clew_review - INFO - Saving CLEW output to: C:\Users\CSonneveld\OneDrive - Euronext\Documents\Projects\GUI + Reviews\output\CLEW_df_20250908_154038.xlsx
2025-09-08 15:40:38,977 - Review.reviews.darep_review - INFO - Loading EOD data...
2025-09-08 15:40:39,764 - Review.reviews.darep_review - INFO - Loading reference data...
2025-09-08 15:40:47,881 - Review.reviews.darep_review - INFO - Creating eligible companies dataframe...
2025-09-08 15:40:47,881 - Review.reviews.darep_review - INFO - Companies with capping applied: 0
2025-09-08 15:40:47,898 - Review.reviews.darep_review - INFO - Saving DAREP output to: C:\Users\CSonneveld\OneDrive - Euronext\Documents\Projects\GUI + Reviews\output\DAREP_df_20250908_154047.xlsx
2025-09-08 15:40:48,291 - Review.reviews.derep_review - INFO - Loading EOD data...
2025-09-08 15:40:49,165 - Review.reviews.derep_review - INFO - Loading reference data...
2025-09-08 15:40:56,981 - Review.reviews.derep_review - INFO - Creating eligible companies dataframe...
2025-09-08 15:40:56,981 - Review.reviews.derep_review - INFO - Companies with capping applied: 84
2025-09-08 15:40:56,981 - Review.reviews.derep_review - INFO - Average capping factor for capped companies: 0.9963
2025-09-08 15:40:56,999 - Review.reviews.derep_review - INFO - Saving DEREP output to: C:\Users\CSonneveld\OneDrive - Euronext\Documents\Projects\GUI + Reviews\output\DEREP_df_20250908_154056.xlsx
2025-09-08 15:40:57,315 - Review.reviews.dwrep_review - INFO - Loading EOD data...
2025-09-08 15:40:57,981 - Review.reviews.dwrep_review - INFO - Loading reference data...
2025-09-08 15:41:05,987 - Review.reviews.dwrep_review - INFO - Creating eligible companies dataframe...
2025-09-08 15:41:05,987 - Review.reviews.dwrep_review - INFO - Total eligible companies: 399
2025-09-08 15:41:05,987 - Review.reviews.dwrep_review - INFO - Total eligible FFMC: 1,903,789,901,913.42
2025-09-08 15:41:05,987 - Review.reviews.dwrep_review - INFO - Weight sum check: 1.000000
2025-09-08 15:41:05,997 - Review.reviews.dwrep_review - INFO - Saving DWREP output to: C:\Users\CSonneveld\OneDrive - Euronext\Documents\Projects\GUI + Reviews\output\DWREP_df_20250908_154105.xlsx
2025-09-08 15:41:06,982 - Review.reviews.edefp_review - INFO - Loading EOD data...
2025-09-08 15:41:07,898 - Review.reviews.edefp_review - INFO - Loading reference data...
2025-09-08 15:41:08,965 - Review.reviews.edefp_review - INFO - Saving EDEFP output to: C:\Users\CSonneveld\OneDrive - Euronext\Documents\Projects\GUI + Reviews\output\EDEFP_df_20250908_154108.xlsx
2025-09-08 15:41:09,049 - Review.reviews.edwp_review - INFO - Starting EDWP review calculation
2025-09-08 15:41:13,654 - Review.reviews.edwp_review - INFO - 
EDWP Selection Summary:
2025-09-08 15:41:13,654 - Review.reviews.edwp_review - INFO - Total companies selected: 1543
2025-09-08 15:41:13,654 - Review.reviews.edwp_review - INFO - Total FFMC covered: 88.81%
2025-09-08 15:41:13,688 - Review.reviews.edwp_review - INFO - 
DEUP Selection Summary:
2025-09-08 15:41:13,688 - Review.reviews.edwp_review - INFO - Total companies selected: 437
2025-09-08 15:41:13,692 - Review.reviews.edwp_review - INFO - Total FFMC covered: 88.79%
2025-09-08 15:41:13,704 - Review.reviews.edwp_review - INFO - 
DEZP Selection Summary:
2025-09-08 15:41:13,704 - Review.reviews.edwp_review - INFO - Total companies selected: 180
2025-09-08 15:41:13,704 - Review.reviews.edwp_review - INFO - Total FFMC covered: 88.26%
2025-09-08 15:41:13,721 - Review.reviews.edwp_review - INFO - 
DAPPR Selection Summary:
2025-09-08 15:41:13,721 - Review.reviews.edwp_review - INFO - Total companies selected: 491
2025-09-08 15:41:13,729 - Review.reviews.edwp_review - INFO - Total FFMC covered: 85.82%
2025-09-08 15:41:13,735 - Review.reviews.edwp_review - INFO - 
DNAP Selection Summary:
2025-09-08 15:41:13,735 - Review.reviews.edwp_review - INFO - Total companies selected: 452
2025-09-08 15:41:13,744 - Review.reviews.edwp_review - INFO - Total FFMC covered: 85.69%
2025-09-08 15:41:13,754 - Review.reviews.edwp_review - INFO - 
DASP Selection Summary:
2025-09-08 15:41:13,754 - Review.reviews.edwp_review - INFO - Total companies selected: 391
2025-09-08 15:41:13,758 - Review.reviews.edwp_review - INFO - Total FFMC covered: 85.48%
2025-09-08 15:41:13,766 - Review.reviews.edwp_review - INFO - 
DPAP Selection Summary:
2025-09-08 15:41:13,767 - Review.reviews.edwp_review - INFO - Total companies selected: 93
2025-09-08 15:41:13,768 - Review.reviews.edwp_review - INFO - Total FFMC covered: 85.98%
2025-09-08 15:41:13,771 - Review.reviews.edwp_review - INFO - 
EUSP Selection Summary:
2025-09-08 15:41:13,779 - Review.reviews.edwp_review - INFO - Total companies selected: 363
2025-09-08 15:41:13,779 - Review.reviews.edwp_review - INFO - Total FFMC covered: 85.00%
2025-09-08 15:41:13,787 - Review.reviews.edwp_review - INFO - 
EJPP Selection Summary:
2025-09-08 15:41:13,787 - Review.reviews.edwp_review - INFO - Total companies selected: 338
2025-09-08 15:41:13,791 - Review.reviews.edwp_review - INFO - Total FFMC covered: 85.02%
2025-09-08 15:41:13,796 - Review.reviews.edwp_review - INFO - 
ECHP Selection Summary:
2025-09-08 15:41:13,797 - Review.reviews.edwp_review - INFO - Total companies selected: 25
2025-09-08 15:41:13,798 - Review.reviews.edwp_review - INFO - Total FFMC covered: 85.59%
2025-09-08 15:41:13,804 - Review.reviews.edwp_review - INFO - 
EUKP Selection Summary:
2025-09-08 15:41:13,805 - Review.reviews.edwp_review - INFO - Total companies selected: 82
2025-09-08 15:41:13,806 - Review.reviews.edwp_review - INFO - Total FFMC covered: 85.16%
2025-09-08 15:41:13,811 - Review.reviews.edwp_review - INFO - 
CANP Selection Summary:
2025-09-08 15:41:13,812 - Review.reviews.edwp_review - INFO - Total companies selected: 70
2025-09-08 15:41:13,813 - Review.reviews.edwp_review - INFO - Total FFMC covered: 85.03%
2025-09-08 15:41:13,822 - Review.reviews.edwp_review - INFO - 
Global Selection Summary:
2025-09-08 15:41:13,822 - Review.reviews.edwp_review - INFO - Total companies selected: 1543
2025-09-08 15:41:13,824 - Review.reviews.edwp_review - INFO - Total FFMC covered: 88.81%
2025-09-08 15:41:13,826 - Review.reviews.edwp_review - INFO - 
MIC-level Summary:
2025-09-08 15:41:13,826 - Review.reviews.edwp_review - INFO -       ISIN          FFMC  EDWP_selection
MIC                                     
ALXP     1  9.511262e+08               0
BATS     1  2.137557e+10               1
MERK     2  1.978810e+08               0
MTAA   236  6.038823e+11              27
NEOE     1  4.727061e+07               0
WBAH    28  6.580410e+10               8
XAMS    81  1.178277e+12              18
XASX   883  1.433442e+12              74
XBRU    64  2.101693e+11              15
XCSE    99  4.205086e+11              12
XESM     2  1.651506e+09               0
XETR   227  1.833541e+12              32
XHEL   134  2.182358e+11              16
XHKG   245  4.615411e+11              22
XLIS    16  3.591813e+10               5
XLON   833  2.369042e+12              82
XMAD    96  5.998798e+11              13
XMSM    13  5.991251e+10               4
XNGM    56  1.209690e+09               0
XNGS  2665  2.517485e+13             175
XNYS  1721  2.495432e+13             365
XNZE    53  5.806349e+10              15
XOSL   228  1.778157e+11              38
XPAR   345  1.894325e+12              30
XSES   130  2.924063e+11              23
XSTO   623  6.989421e+11              72
XSWX   160  1.691898e+12              28
XTAE   281  1.782428e+11              60
XTKS  3667  5.008343e+12             338
XTSE   490  2.238620e+12              70
2025-09-08 15:41:13,839 - Review.reviews.edwp_review - INFO - Saving output to: C:\Users\CSonneveld\OneDrive - Euronext\Documents\Projects\GUI + Reviews\output\EDWP_df_20250908_154113.xlsx
2025-09-08 15:41:13,931 - Review.reviews.edwp_review - INFO - 
EDWP Changes Summary:
2025-09-08 15:41:13,932 - Review.reviews.edwp_review - INFO - Inclusions: 64
2025-09-08 15:41:13,932 - Review.reviews.edwp_review - INFO - Exclusions: 63
2025-09-08 15:41:13,954 - Review.reviews.edwp_review - INFO - 
DEUP Changes Summary:
2025-09-08 15:41:13,954 - Review.reviews.edwp_review - INFO - Inclusions: 29
2025-09-08 15:41:13,954 - Review.reviews.edwp_review - INFO - Exclusions: 21
2025-09-08 15:41:13,967 - Review.reviews.edwp_review - INFO - 
DEZP Changes Summary:
2025-09-08 15:41:13,967 - Review.reviews.edwp_review - INFO - Inclusions: 14
2025-09-08 15:41:13,967 - Review.reviews.edwp_review - INFO - Exclusions: 12
2025-09-08 15:41:13,988 - Review.reviews.edwp_review - INFO - 
DAPPR Changes Summary:
2025-09-08 15:41:13,988 - Review.reviews.edwp_review - INFO - Inclusions: 15
2025-09-08 15:41:13,988 - Review.reviews.edwp_review - INFO - Exclusions: 16
2025-09-08 15:41:14,004 - Review.reviews.edwp_review - INFO - 
DNAP Changes Summary:
2025-09-08 15:41:14,004 - Review.reviews.edwp_review - INFO - Inclusions: 15
2025-09-08 15:41:14,004 - Review.reviews.edwp_review - INFO - Exclusions: 22
2025-09-08 15:41:14,032 - Review.reviews.edwp_review - INFO - 
DASP Changes Summary:
2025-09-08 15:41:14,033 - Review.reviews.edwp_review - INFO - Inclusions: 13
2025-09-08 15:41:14,033 - Review.reviews.edwp_review - INFO - Exclusions: 15
2025-09-08 15:41:14,038 - Review.reviews.edwp_review - INFO - 
DPAP Changes Summary:
2025-09-08 15:41:14,038 - Review.reviews.edwp_review - INFO - Inclusions: 3
2025-09-08 15:41:14,038 - Review.reviews.edwp_review - INFO - Exclusions: 5
2025-09-08 15:41:14,054 - Review.reviews.edwp_review - INFO - 
EUSP Changes Summary:
2025-09-08 15:41:14,054 - Review.reviews.edwp_review - INFO - Inclusions: 9
2025-09-08 15:41:14,054 - Review.reviews.edwp_review - INFO - Exclusions: 16
2025-09-08 15:41:14,072 - Review.reviews.edwp_review - INFO - 
EJPP Changes Summary:
2025-09-08 15:41:14,081 - Review.reviews.edwp_review - INFO - Inclusions: 12
2025-09-08 15:41:14,081 - Review.reviews.edwp_review - INFO - Exclusions: 10
2025-09-08 15:41:14,088 - Review.reviews.edwp_review - INFO - 
ECHP Changes Summary:
2025-09-08 15:41:14,088 - Review.reviews.edwp_review - INFO - Inclusions: 3
2025-09-08 15:41:14,088 - Review.reviews.edwp_review - INFO - Exclusions: 2
2025-09-08 15:41:14,094 - Review.reviews.edwp_review - INFO - 
EUKP Changes Summary:
2025-09-08 15:41:14,094 - Review.reviews.edwp_review - INFO - Inclusions: 4
2025-09-08 15:41:14,094 - Review.reviews.edwp_review - INFO - Exclusions: 5
2025-09-08 15:41:14,104 - Review.reviews.edwp_review - INFO - 
CANP Changes Summary:
2025-09-08 15:41:14,104 - Review.reviews.edwp_review - INFO - Inclusions: 3
2025-09-08 15:41:14,104 - Review.reviews.edwp_review - INFO - Exclusions: 2
2025-09-08 15:41:18,031 - Review.reviews.edwp_review - INFO - Saving individual composition file for EDWP to: C:\Users\CSonneveld\OneDrive - Euronext\Documents\Projects\GUI + Reviews\output\EDWP_Composition_20250908_154113.xlsx
2025-09-08 15:41:18,164 - Review.reviews.edwp_review - INFO - Saving individual composition file for DEUP to: C:\Users\CSonneveld\OneDrive - Euronext\Documents\Projects\GUI + Reviews\output\DEUP_Composition_20250908_154113.xlsx
2025-09-08 15:41:18,199 - Review.reviews.edwp_review - INFO - Saving individual composition file for DEZP to: C:\Users\CSonneveld\OneDrive - Euronext\Documents\Projects\GUI + Reviews\output\DEZP_Composition_20250908_154113.xlsx
2025-09-08 15:41:18,221 - Review.reviews.edwp_review - INFO - Saving individual composition file for DAPPR to: C:\Users\CSonneveld\OneDrive - Euronext\Documents\Projects\GUI + Reviews\output\DAPPR_Composition_20250908_154113.xlsx
2025-09-08 15:41:18,262 - Review.reviews.edwp_review - INFO - Saving individual composition file for DNAP to: C:\Users\CSonneveld\OneDrive - Euronext\Documents\Projects\GUI + Reviews\output\DNAP_Composition_20250908_154113.xlsx
2025-09-08 15:41:18,295 - Review.reviews.edwp_review - INFO - Saving individual composition file for DASP to: C:\Users\CSonneveld\OneDrive - Euronext\Documents\Projects\GUI + Reviews\output\DASP_Composition_20250908_154113.xlsx
2025-09-08 15:41:18,328 - Review.reviews.edwp_review - INFO - Saving individual composition file for DPAP to: C:\Users\CSonneveld\OneDrive - Euronext\Documents\Projects\GUI + Reviews\output\DPAP_Composition_20250908_154113.xlsx
2025-09-08 15:41:18,345 - Review.reviews.edwp_review - INFO - Saving individual composition file for EUSP to: C:\Users\CSonneveld\OneDrive - Euronext\Documents\Projects\GUI + Reviews\output\EUSP_Composition_20250908_154113.xlsx
2025-09-08 15:41:18,374 - Review.reviews.edwp_review - INFO - Saving individual composition file for EJPP to: C:\Users\CSonneveld\OneDrive - Euronext\Documents\Projects\GUI + Reviews\output\EJPP_Composition_20250908_154113.xlsx
2025-09-08 15:41:18,404 - Review.reviews.edwp_review - INFO - Saving individual composition file for ECHP to: C:\Users\CSonneveld\OneDrive - Euronext\Documents\Projects\GUI + Reviews\output\ECHP_Composition_20250908_154113.xlsx
2025-09-08 15:41:18,421 - Review.reviews.edwp_review - INFO - Saving individual composition file for EUKP to: C:\Users\CSonneveld\OneDrive - Euronext\Documents\Projects\GUI + Reviews\output\EUKP_Composition_20250908_154113.xlsx
2025-09-08 15:41:18,433 - Review.reviews.edwp_review - INFO - Saving individual composition file for CANP to: C:\Users\CSonneveld\OneDrive - Euronext\Documents\Projects\GUI + Reviews\output\CANP_Composition_20250908_154113.xlsx
2025-09-08 15:41:18,454 - Review.reviews.edwp_review - INFO - Individual composition files saved: 12
2025-09-08 15:41:18,466 - Review.reviews.edwpt_review - INFO - Starting EDWPT review calculation
2025-09-08 15:41:23,081 - Review.reviews.edwpt_review - INFO - 
EDWPT Selection Summary:
2025-09-08 15:41:23,081 - Review.reviews.edwpt_review - INFO - Total companies selected: 5296
2025-09-08 15:41:23,081 - Review.reviews.edwpt_review - INFO - Total FFMC covered: 98.83%
2025-09-08 15:41:23,124 - Review.reviews.edwpt_review - INFO - 
DEUPT Selection Summary:
2025-09-08 15:41:23,124 - Review.reviews.edwpt_review - INFO - Total companies selected: 1283
2025-09-08 15:41:23,124 - Review.reviews.edwpt_review - INFO - Total FFMC covered: 98.67%
2025-09-08 15:41:23,138 - Review.reviews.edwpt_review - INFO - 
DEZPT Selection Summary:
2025-09-08 15:41:23,138 - Review.reviews.edwpt_review - INFO - Total companies selected: 497
2025-09-08 15:41:23,144 - Review.reviews.edwpt_review - INFO - Total FFMC covered: 98.51%
2025-09-08 15:41:23,155 - Review.reviews.edwpt_review - INFO - 
DAPPT Selection Summary:
2025-09-08 15:41:23,155 - Review.reviews.edwpt_review - INFO - Total companies selected: 1903
2025-09-08 15:41:23,162 - Review.reviews.edwpt_review - INFO - Total FFMC covered: 98.14%
2025-09-08 15:41:23,172 - Review.reviews.edwpt_review - INFO - 
DNAPT Selection Summary:
2025-09-08 15:41:23,177 - Review.reviews.edwpt_review - INFO - Total companies selected: 1657
2025-09-08 15:41:23,177 - Review.reviews.edwpt_review - INFO - Total FFMC covered: 98.16%
2025-09-08 15:41:23,189 - Review.reviews.edwpt_review - INFO - 
DASPT Selection Summary:
2025-09-08 15:41:23,192 - Review.reviews.edwpt_review - INFO - Total companies selected: 1561
2025-09-08 15:41:23,193 - Review.reviews.edwpt_review - INFO - Total FFMC covered: 98.08%
2025-09-08 15:41:23,201 - Review.reviews.edwpt_review - INFO - 
DPAPT Selection Summary:
2025-09-08 15:41:23,202 - Review.reviews.edwpt_review - INFO - Total companies selected: 316
2025-09-08 15:41:23,203 - Review.reviews.edwpt_review - INFO - Total FFMC covered: 98.06%
2025-09-08 15:41:23,205 - Review.reviews.edwpt_review - INFO - 
EUSPT Selection Summary:
2025-09-08 15:41:23,213 - Review.reviews.edwpt_review - INFO - Total companies selected: 1394
2025-09-08 15:41:23,213 - Review.reviews.edwpt_review - INFO - Total FFMC covered: 98.00%
2025-09-08 15:41:23,218 - Review.reviews.edwpt_review - INFO - 
EJPPT Selection Summary:
2025-09-08 15:41:23,226 - Review.reviews.edwpt_review - INFO - Total companies selected: 1402
2025-09-08 15:41:23,227 - Review.reviews.edwpt_review - INFO - Total FFMC covered: 98.00%
2025-09-08 15:41:23,233 - Review.reviews.edwpt_review - INFO - 
ECHPT Selection Summary:
2025-09-08 15:41:23,234 - Review.reviews.edwpt_review - INFO - Total companies selected: 78
2025-09-08 15:41:23,235 - Review.reviews.edwpt_review - INFO - Total FFMC covered: 98.08%
2025-09-08 15:41:23,238 - Review.reviews.edwpt_review - INFO - 
EUKPT Selection Summary:
2025-09-08 15:41:23,242 - Review.reviews.edwpt_review - INFO - Total companies selected: 284
2025-09-08 15:41:23,243 - Review.reviews.edwpt_review - INFO - Total FFMC covered: 98.00%
2025-09-08 15:41:23,248 - Review.reviews.edwpt_review - INFO - 
CANPT Selection Summary:
2025-09-08 15:41:23,250 - Review.reviews.edwpt_review - INFO - Total companies selected: 217
2025-09-08 15:41:23,251 - Review.reviews.edwpt_review - INFO - Total FFMC covered: 98.01%
2025-09-08 15:41:23,255 - Review.reviews.edwpt_review - INFO - 
Global Selection Summary:
2025-09-08 15:41:23,255 - Review.reviews.edwpt_review - INFO - Total companies selected: 5296
2025-09-08 15:41:23,260 - Review.reviews.edwpt_review - INFO - Total FFMC covered: 98.83%
2025-09-08 15:41:23,262 - Review.reviews.edwpt_review - INFO - 
MIC-level Summary:
2025-09-08 15:41:23,262 - Review.reviews.edwpt_review - INFO -       ISIN          FFMC  EDWPT_selection
MIC                                      
ALXP     1  9.511262e+08                1
BATS     1  2.137557e+10                1
MERK     2  1.978810e+08                2
MTAA   236  6.038823e+11               80
NEOE     1  4.727061e+07                0
WBAH    28  6.580410e+10               20
XAMS    81  1.178277e+12               48
XASX   883  1.433442e+12              278
XBRU    64  2.101693e+11               35
XCSE    99  4.205086e+11               35
XESM     2  1.651506e+09                2
XETR   227  1.833541e+12              105
XHEL   134  2.182358e+11               50
XHKG   245  4.615411e+11               76
XLIS    16  3.591813e+10               12
XLON   833  2.369042e+12              284
XMAD    96  5.998798e+11               43
XMSM    13  5.991251e+10                9
XNGM    56  1.209690e+09                3
XNGS  2665  2.517485e+13              736
XNYS  1721  2.495432e+13             1089
XNZE    53  5.806349e+10               35
XOSL   228  1.778157e+11              110
XPAR   345  1.894325e+12               92
XSES   130  2.924063e+11               63
XSTO   623  6.989421e+11              215
XSWX   160  1.691898e+12               88
XTAE   281  1.782428e+11              165
XTKS  3667  5.008343e+12             1402
XTSE   490  2.238620e+12              217
2025-09-08 15:41:23,289 - Review.reviews.edwpt_review - INFO - Saving main output to: C:\Users\CSonneveld\OneDrive - Euronext\Documents\Projects\GUI + Reviews\output\EDWPT_df_20250908_154123.xlsx
2025-09-08 15:41:23,482 - Review.reviews.edwpt_review - INFO - 
EDWPT Changes Summary:
2025-09-08 15:41:23,482 - Review.reviews.edwpt_review - INFO - Inclusions: 199
2025-09-08 15:41:23,482 - Review.reviews.edwpt_review - INFO - Exclusions: 196
2025-09-08 15:41:23,540 - Review.reviews.edwpt_review - INFO - 
DEUPT Changes Summary:
2025-09-08 15:41:23,540 - Review.reviews.edwpt_review - INFO - Inclusions: 75
2025-09-08 15:41:23,540 - Review.reviews.edwpt_review - INFO - Exclusions: 43
2025-09-08 15:41:23,562 - Review.reviews.edwpt_review - INFO - 
DEZPT Changes Summary:
2025-09-08 15:41:23,562 - Review.reviews.edwpt_review - INFO - Inclusions: 31
2025-09-08 15:41:23,562 - Review.reviews.edwpt_review - INFO - Exclusions: 16
2025-09-08 15:41:23,665 - Review.reviews.edwpt_review - INFO - 
DAPPT Changes Summary:
2025-09-08 15:41:23,665 - Review.reviews.edwpt_review - INFO - Inclusions: 63
2025-09-08 15:41:23,665 - Review.reviews.edwpt_review - INFO - Exclusions: 68
2025-09-08 15:41:23,730 - Review.reviews.edwpt_review - INFO - 
DNAPT Changes Summary:
2025-09-08 15:41:23,730 - Review.reviews.edwpt_review - INFO - Inclusions: 45
2025-09-08 15:41:23,730 - Review.reviews.edwpt_review - INFO - Exclusions: 72
2025-09-08 15:41:23,783 - Review.reviews.edwpt_review - INFO - 
DASPT Changes Summary:
2025-09-08 15:41:23,783 - Review.reviews.edwpt_review - INFO - Inclusions: 54
2025-09-08 15:41:23,783 - Review.reviews.edwpt_review - INFO - Exclusions: 51
2025-09-08 15:41:23,805 - Review.reviews.edwpt_review - INFO - 
DPAPT Changes Summary:
2025-09-08 15:41:23,805 - Review.reviews.edwpt_review - INFO - Inclusions: 6
2025-09-08 15:41:23,805 - Review.reviews.edwpt_review - INFO - Exclusions: 11
2025-09-08 15:41:23,866 - Review.reviews.edwpt_review - INFO - 
EUSPT Changes Summary:
2025-09-08 15:41:23,866 - Review.reviews.edwpt_review - INFO - Inclusions: 28
2025-09-08 15:41:23,866 - Review.reviews.edwpt_review - INFO - Exclusions: 55
2025-09-08 15:41:23,918 - Review.reviews.edwpt_review - INFO - 
EJPPT Changes Summary:
2025-09-08 15:41:23,918 - Review.reviews.edwpt_review - INFO - Inclusions: 41
2025-09-08 15:41:23,918 - Review.reviews.edwpt_review - INFO - Exclusions: 38
2025-09-08 15:41:23,931 - Review.reviews.edwpt_review - INFO - 
ECHPT Changes Summary:
2025-09-08 15:41:23,932 - Review.reviews.edwpt_review - INFO - Inclusions: 3
2025-09-08 15:41:23,932 - Review.reviews.edwpt_review - INFO - Exclusions: 0
2025-09-08 15:41:23,949 - Review.reviews.edwpt_review - INFO - 
EUKPT Changes Summary:
2025-09-08 15:41:23,949 - Review.reviews.edwpt_review - INFO - Inclusions: 9
2025-09-08 15:41:23,949 - Review.reviews.edwpt_review - INFO - Exclusions: 13
2025-09-08 15:41:23,962 - Review.reviews.edwpt_review - INFO - 
CANPT Changes Summary:
2025-09-08 15:41:23,962 - Review.reviews.edwpt_review - INFO - Inclusions: 8
2025-09-08 15:41:23,962 - Review.reviews.edwpt_review - INFO - Exclusions: 7
2025-09-08 15:41:28,086 - Review.reviews.edwpt_review - INFO - Saving individual composition file for EDWPT to: C:\Users\CSonneveld\OneDrive - Euronext\Documents\Projects\GUI + Reviews\output\EDWPT_Composition_20250908_154123.xlsx
2025-09-08 15:41:28,381 - Review.reviews.edwpt_review - INFO - Saving individual composition file for DEUPT to: C:\Users\CSonneveld\OneDrive - Euronext\Documents\Projects\GUI + Reviews\output\DEUPT_Composition_20250908_154123.xlsx
2025-09-08 15:41:28,466 - Review.reviews.edwpt_review - INFO - Saving individual composition file for DEZPT to: C:\Users\CSonneveld\OneDrive - Euronext\Documents\Projects\GUI + Reviews\output\DEZPT_Composition_20250908_154123.xlsx
2025-09-08 15:41:28,502 - Review.reviews.edwpt_review - INFO - Saving individual composition file for DAPPT to: C:\Users\CSonneveld\OneDrive - Euronext\Documents\Projects\GUI + Reviews\output\DAPPT_Composition_20250908_154123.xlsx
2025-09-08 15:41:28,615 - Review.reviews.edwpt_review - INFO - Saving individual composition file for DNAPT to: C:\Users\CSonneveld\OneDrive - Euronext\Documents\Projects\GUI + Reviews\output\DNAPT_Composition_20250908_154123.xlsx
2025-09-08 15:41:28,711 - Review.reviews.edwpt_review - INFO - Saving individual composition file for DASPT to: C:\Users\CSonneveld\OneDrive - Euronext\Documents\Projects\GUI + Reviews\output\DASPT_Composition_20250908_154123.xlsx
2025-09-08 15:41:28,803 - Review.reviews.edwpt_review - INFO - Saving individual composition file for DPAPT to: C:\Users\CSonneveld\OneDrive - Euronext\Documents\Projects\GUI + Reviews\output\DPAPT_Composition_20250908_154123.xlsx
2025-09-08 15:41:28,834 - Review.reviews.edwpt_review - INFO - Saving individual composition file for EUSPT to: C:\Users\CSonneveld\OneDrive - Euronext\Documents\Projects\GUI + Reviews\output\EUSPT_Composition_20250908_154123.xlsx
2025-09-08 15:41:28,922 - Review.reviews.edwpt_review - INFO - Saving individual composition file for EJPPT to: C:\Users\CSonneveld\OneDrive - Euronext\Documents\Projects\GUI + Reviews\output\EJPPT_Composition_20250908_154123.xlsx
2025-09-08 15:41:29,035 - Review.reviews.edwpt_review - INFO - Saving individual composition file for ECHPT to: C:\Users\CSonneveld\OneDrive - Euronext\Documents\Projects\GUI + Reviews\output\ECHPT_Composition_20250908_154123.xlsx
2025-09-08 15:41:29,052 - Review.reviews.edwpt_review - INFO - Saving individual composition file for EUKPT to: C:\Users\CSonneveld\OneDrive - Euronext\Documents\Projects\GUI + Reviews\output\EUKPT_Composition_20250908_154123.xlsx
2025-09-08 15:41:29,079 - Review.reviews.edwpt_review - INFO - Saving individual composition file for CANPT to: C:\Users\CSonneveld\OneDrive - Euronext\Documents\Projects\GUI + Reviews\output\CANPT_Composition_20250908_154123.xlsx
2025-09-08 15:41:29,102 - Review.reviews.edwpt_review - INFO - Main file successfully saved to: C:\Users\CSonneveld\OneDrive - Euronext\Documents\Projects\GUI + Reviews\output\EDWPT_df_20250908_154123.xlsx
2025-09-08 15:41:29,102 - Review.reviews.edwpt_review - INFO - Individual composition files saved: 12
2025-09-08 15:41:29,166 - Review.reviews.eesf_review - INFO - Loading EOD data...
2025-09-08 15:41:30,115 - Review.reviews.eesf_review - INFO - Loading reference data...
2025-09-08 15:41:31,150 - Review.reviews.eesf_review - INFO - Saving EESF output to: C:\Users\CSonneveld\OneDrive - Euronext\Documents\Projects\GUI + Reviews\output\EESF_df_20250908_154131.xlsx
2025-09-08 15:41:31,250 - Review.reviews.efmep_review - INFO - Loading EOD data...
2025-09-08 15:41:32,012 - Review.reviews.efmep_review - INFO - Loading reference data...
2025-09-08 15:41:32,948 - Review.reviews.efmep_review - INFO - Total universe: 300 companies
2025-09-08 15:41:32,948 - Review.reviews.efmep_review - INFO - Excluded by MIC filter: 63 companies
2025-09-08 15:41:32,948 - Review.reviews.efmep_review - INFO - Eligible for selection: 237 companies
2025-09-08 15:41:32,948 - Review.reviews.efmep_review - INFO - Selecting top 50 companies with highest FFMC from eligible companies...
2025-09-08 15:41:32,958 - Review.reviews.efmep_review - INFO - Saving EFMEP output to: C:\Users\CSonneveld\OneDrive - Euronext\Documents\Projects\GUI + Reviews\output\EFMEP_df_20250908_154132.xlsx
2025-09-08 15:41:33,089 - Review.reviews.eltfp_review - INFO - Loading EOD data...
2025-09-08 15:41:33,899 - Review.reviews.eltfp_review - INFO - Loading reference data...
2025-09-08 15:41:34,798 - Review.reviews.eltfp_review - ERROR - Error during review calculation: single positional indexer is out-of-bounds
2025-09-08 15:41:34,798 - werkzeug - INFO -  * Detected change in 'C:\\Users\\CSonneveld\\OneDrive - Euronext\\Documents\\Projects\\GUI + Reviews\\Review\\reviews\\eltfp_review.py', reloading
2025-09-08 15:41:34,798 - Review.reviews.eltfp_review - ERROR - Traceback (most recent call last):
  File "C:\Users\CSonneveld\OneDrive - Euronext\Documents\Projects\GUI + Reviews\Review\reviews\eltfp_review.py", line 113, in run_eltfp_review
    index_mcap = index_eod_df.loc[index_eod_df['#Symbol'] == isin, 'Mkt Cap'].iloc[0]
                 ~~~~~~~~~~~~~~~~~~~~~~~~~~~~~~~~~~~~~~~~~~~~~~~~~~~~~~~~~~~~~~~~~^^^
  File "C:\Users\CSonneveld\AppData\Roaming\Python\Python312\site-packages\pandas\core\indexing.py", line 1191, in __getitem__
    return self._getitem_axis(maybe_callable, axis=axis)
           ^^^^^^^^^^^^^^^^^^^^^^^^^^^^^^^^^^^^^^^^^^^^^
  File "C:\Users\CSonneveld\AppData\Roaming\Python\Python312\site-packages\pandas\core\indexing.py", line 1752, in _getitem_axis
    self._validate_integer(key, axis)
  File "C:\Users\CSonneveld\AppData\Roaming\Python\Python312\site-packages\pandas\core\indexing.py", line 1685, in _validate_integer
    raise IndexError("single positional indexer is out-of-bounds")
IndexError: single positional indexer is out-of-bounds

2025-09-08 15:41:34,808 - Review.reviews.eluxp_review - INFO - Loading EOD data...
2025-09-08 15:41:35,519 - Review.reviews.eluxp_review - INFO - Loading reference data...
