2025-04-10 20:23:22,074 - werkzeug - WARNING -  * Debugger is active!
2025-04-10 20:23:22,076 - werkzeug - INFO -  * Debugger PIN: 691-175-853
2025-04-10 20:23:23,886 - Review.reviews.lc100_review - INFO - Loading EOD data...
2025-04-10 20:23:33,755 - Review.reviews.lc100_review - INFO - Loading reference data...
2025-04-10 20:23:43,170 - Review.reviews.lc100_review - WARNING - Removed 18750 duplicate rows from cdp_climate_df
2025-04-10 20:23:43,174 - Review.reviews.lc100_review - INFO - Filtering universe for EU500 companies...
2025-04-10 20:23:43,176 - Review.reviews.lc100_review - INFO - Universe size after EU500 filter: 499
2025-04-10 20:23:43,176 - Review.reviews.lc100_review - INFO - Adding Free Float data...
2025-04-10 20:23:43,185 - Review.reviews.lc100_review - INFO - Adding ICB Subsector data...
2025-04-10 20:23:43,198 - Review.reviews.lc100_review - WARNING - Removed 9316 duplicate rows from ICB data
2025-04-10 20:23:43,210 - Review.reviews.lc100_review - INFO - Adding CDP Climate data...
2025-04-10 20:23:43,215 - Review.reviews.lc100_review - INFO - Adding Oekom Trust & Carbon data...
2025-04-10 20:23:43,215 - Review.reviews.lc100_review - WARNING - Column '' not found in Oekom data. Skipping this column.
2025-04-10 20:23:43,218 - Review.reviews.lc100_review - INFO - Adding NACE data...
2025-04-10 20:23:43,221 - Review.reviews.lc100_review - INFO - Adding EU Taxonomy flag...
2025-04-10 20:23:43,223 - Review.reviews.lc100_review - INFO - Checking GAFI lists and Non-fiscally cooperative countries...
2025-04-10 20:23:43,224 - Review.reviews.lc100_review - INFO - Applying exclusion criteria...
2025-04-10 20:23:43,236 - Review.reviews.lc100_review - INFO - Marked 50 companies (10%) with worst SG scores for exclusion
2025-04-10 20:23:43,255 - Review.reviews.lc100_review - INFO - Calculating Climate Score for ranking...
2025-04-10 20:23:43,256 - Review.reviews.lc100_review - INFO - Selecting EU Taxonomy companies...
2025-04-10 20:23:43,257 - Review.reviews.lc100_review - INFO - Found 13 EU Taxonomy companies after exclusions
2025-04-10 20:23:43,258 - Review.reviews.lc100_review - INFO - Found 303 Non-EU Taxonomy eligible companies after exclusions
2025-04-10 20:23:43,259 - Review.reviews.lc100_review - INFO - STEP 4a: Determining target number of Non-EU Taxonomy companies per super-sector...
2025-04-10 20:23:43,259 - Review.reviews.lc100_review - INFO - Target number of Non-EU Taxonomy companies: 87
2025-04-10 20:23:43,260 - Review.reviews.lc100_review - INFO - Total eligible Non-EU Taxonomy companies: 303
2025-04-10 20:23:43,262 - Review.reviews.lc100_review - INFO - Total target after rounding: 98 (vs. target of 87)
2025-04-10 20:23:43,263 - Review.reviews.lc100_review - INFO - Need to remove 11 companies due to rounding up
2025-04-10 20:23:43,265 - Review.reviews.lc100_review - INFO - STEP 4b: Selecting Non-EU Taxonomy companies based on climate score...
2025-04-10 20:23:43,265 - Review.reviews.lc100_review - INFO - Selected 5 companies from super-sector 1010.0
2025-04-10 20:23:43,266 - Review.reviews.lc100_review - INFO - Selected 5 companies from super-sector 1510.0
2025-04-10 20:23:43,267 - Review.reviews.lc100_review - INFO - Selected 13 companies from super-sector 2010.0
2025-04-10 20:23:43,267 - Review.reviews.lc100_review - INFO - Selected 13 companies from super-sector 3010.0
2025-04-10 20:23:43,268 - Review.reviews.lc100_review - INFO - Selected 7 companies from super-sector 3020.0
2025-04-10 20:23:43,269 - Review.reviews.lc100_review - INFO - Selected 8 companies from super-sector 3030.0
2025-04-10 20:23:43,269 - Review.reviews.lc100_review - INFO - Selected 5 companies from super-sector 3510.0
2025-04-10 20:23:43,270 - Review.reviews.lc100_review - INFO - Selected 2 companies from super-sector 4010.0
2025-04-10 20:23:43,270 - Review.reviews.lc100_review - INFO - Selected 6 companies from super-sector 4020.0
2025-04-10 20:23:43,271 - Review.reviews.lc100_review - INFO - Selected 3 companies from super-sector 4030.0
2025-04-10 20:23:43,271 - Review.reviews.lc100_review - INFO - Selected 2 companies from super-sector 4040.0
2025-04-10 20:23:43,272 - Review.reviews.lc100_review - INFO - Selected 4 companies from super-sector 4050.0
2025-04-10 20:23:43,273 - Review.reviews.lc100_review - INFO - Selected 6 companies from super-sector 4510.0
2025-04-10 20:23:43,273 - Review.reviews.lc100_review - INFO - Selected 3 companies from super-sector 4520.0
2025-04-10 20:23:43,274 - Review.reviews.lc100_review - INFO - Selected 2 companies from super-sector 5010.0
2025-04-10 20:23:43,274 - Review.reviews.lc100_review - INFO - Selected 9 companies from super-sector 5020.0
2025-04-10 20:23:43,275 - Review.reviews.lc100_review - INFO - Selected 2 companies from super-sector 5510.0
2025-04-10 20:23:43,275 - Review.reviews.lc100_review - INFO - Selected 2 companies from super-sector 5520.0
2025-04-10 20:23:43,276 - Review.reviews.lc100_review - INFO - Selected 1 companies from super-sector 6510.0
2025-04-10 20:23:43,284 - Review.reviews.lc100_review - INFO - Initial selection has 98 companies, need to remove 11
2025-04-10 20:23:43,289 - Review.reviews.lc100_review - INFO - Removed company SE0012853455 from supersector 3020.0 (Climate Score: 2.9711404728789947)
2025-04-10 20:23:43,294 - Review.reviews.lc100_review - INFO - Removed company GB0005405286 from supersector 3010.0 (Climate Score: 2.6866666666666648)
2025-04-10 20:23:43,299 - Review.reviews.lc100_review - INFO - Removed company GB0004082847 from supersector 3010.0 (Climate Score: 2.585)
2025-04-10 20:23:43,304 - Review.reviews.lc100_review - INFO - Removed company GB00BPQY8M80 from supersector 3030.0 (Climate Score: 2.519710481764205)
2025-04-10 20:23:43,309 - Review.reviews.lc100_review - INFO - Removed company NO0003053605 from supersector 3030.0 (Climate Score: 2.45999707128425)
2025-04-10 20:23:43,314 - Review.reviews.lc100_review - INFO - Removed company GB00BM8PJY71 from supersector 3010.0 (Climate Score: 2.4596710826767954)
2025-04-10 20:23:43,319 - Review.reviews.lc100_review - INFO - Removed company GB00BYT1DJ19 from supersector 3020.0 (Climate Score: 2.458257086886375)
2025-04-10 20:23:43,324 - Review.reviews.lc100_review - INFO - Removed company GB00B0SWJX34 from supersector 3020.0 (Climate Score: 2.4582204139462247)
2025-04-10 20:23:43,329 - Review.reviews.lc100_review - INFO - Removed company GB0007099541 from supersector 3030.0 (Climate Score: 2.45)
2025-04-10 20:23:43,335 - Review.reviews.lc100_review - INFO - Removed company CH0011075394 from supersector 3030.0 (Climate Score: 2.39833333333333)
2025-04-10 20:23:43,339 - Review.reviews.lc100_review - INFO - Removed company FR0000121964 from supersector 3510.0 (Climate Score: 2.39735760225878)
2025-04-10 20:23:43,341 - Review.reviews.lc100_review - INFO - Final Non-EU Taxonomy selection has 87 companies
2025-04-10 20:23:43,342 - Review.reviews.lc100_review - INFO - Minimum companies per supersector: 1
2025-04-10 20:23:43,342 - Review.reviews.lc100_review - WARNING - Some supersectors have fewer than 2 companies! Minimum is 1
2025-04-10 20:23:43,344 - Review.reviews.lc100_review - INFO - Final selection contains 100 companies
2025-04-10 20:23:43,344 - Review.reviews.lc100_review - INFO - - EU Taxonomy: 13
2025-04-10 20:23:43,344 - Review.reviews.lc100_review - INFO - - Non-EU Taxonomy: 87
2025-04-10 20:23:43,344 - Review.reviews.lc100_review - INFO - Initial weight allocations:
2025-04-10 20:23:43,345 - Review.reviews.lc100_review - INFO - - EU Taxonomy pocket: 10.00%
2025-04-10 20:23:43,345 - Review.reviews.lc100_review - INFO - - Non-EU Taxonomy pocket: 90.00%
2025-04-10 20:23:43,346 - Review.reviews.lc100_review - INFO - Saving output files...
2025-04-10 20:23:43,656 - Review.reviews.lc100_review - INFO - Results saved to C:\Users\CSonneveld\OneDrive - Euronext\Documents\Projects\GUI + Reviews\output\LC100_review_20250410_202343.xlsx
2025-04-10 20:23:43,685 - werkzeug - INFO - 127.0.0.1 - - [10/Apr/2025 20:23:43] "POST /calculate HTTP/1.1" 200 -
2025-04-10 20:24:00,920 - Review.reviews.lc100_review - INFO - Loading EOD data...
2025-04-10 20:24:25,705 - Review.reviews.lc100_review - INFO - Loading reference data...
2025-04-10 20:24:35,884 - Review.reviews.lc100_review - WARNING - Removed 18750 duplicate rows from cdp_climate_df
2025-04-10 20:24:35,886 - Review.reviews.lc100_review - INFO - Filtering universe for EU500 companies...
2025-04-10 20:24:35,887 - Review.reviews.lc100_review - INFO - Universe size after EU500 filter: 499
2025-04-10 20:24:35,887 - Review.reviews.lc100_review - INFO - Adding Free Float data...
2025-04-10 20:24:35,890 - Review.reviews.lc100_review - INFO - Adding ICB Subsector data...
2025-04-10 20:24:35,905 - Review.reviews.lc100_review - WARNING - Removed 9316 duplicate rows from ICB data
2025-04-10 20:24:35,920 - Review.reviews.lc100_review - INFO - Adding CDP Climate data...
2025-04-10 20:24:35,925 - Review.reviews.lc100_review - INFO - Adding Oekom Trust & Carbon data...
2025-04-10 20:24:35,925 - Review.reviews.lc100_review - WARNING - Column '' not found in Oekom data. Skipping this column.
2025-04-10 20:24:35,927 - Review.reviews.lc100_review - INFO - Adding NACE data...
2025-04-10 20:24:35,930 - Review.reviews.lc100_review - INFO - Adding EU Taxonomy flag...
2025-04-10 20:24:35,931 - Review.reviews.lc100_review - INFO - Checking GAFI lists and Non-fiscally cooperative countries...
2025-04-10 20:24:35,932 - Review.reviews.lc100_review - INFO - Applying exclusion criteria...
2025-04-10 20:24:35,940 - Review.reviews.lc100_review - INFO - Marked 50 companies (10%) with worst SG scores for exclusion
2025-04-10 20:24:35,959 - Review.reviews.lc100_review - INFO - Calculating Climate Score for ranking...
2025-04-10 20:24:35,960 - Review.reviews.lc100_review - INFO - Selecting EU Taxonomy companies...
2025-04-10 20:24:35,961 - Review.reviews.lc100_review - INFO - Found 13 EU Taxonomy companies after exclusions
2025-04-10 20:24:35,962 - Review.reviews.lc100_review - INFO - Found 303 Non-EU Taxonomy eligible companies after exclusions
2025-04-10 20:24:35,963 - Review.reviews.lc100_review - INFO - STEP 4a: Determining target number of Non-EU Taxonomy companies per super-sector...
2025-04-10 20:24:35,963 - Review.reviews.lc100_review - INFO - Target number of Non-EU Taxonomy companies: 87
2025-04-10 20:24:35,964 - Review.reviews.lc100_review - INFO - Total eligible Non-EU Taxonomy companies: 303
2025-04-10 20:24:35,965 - Review.reviews.lc100_review - INFO - Total target after rounding: 98 (vs. target of 87)
2025-04-10 20:24:35,965 - Review.reviews.lc100_review - INFO - Need to remove 11 companies due to rounding up
2025-04-10 20:24:35,966 - Review.reviews.lc100_review - INFO - STEP 4b: Selecting Non-EU Taxonomy companies based on climate score...
2025-04-10 20:24:35,967 - Review.reviews.lc100_review - INFO - Selected 5 companies from super-sector 1010.0
2025-04-10 20:24:35,968 - Review.reviews.lc100_review - INFO - Selected 5 companies from super-sector 1510.0
2025-04-10 20:24:35,968 - Review.reviews.lc100_review - INFO - Selected 13 companies from super-sector 2010.0
2025-04-10 20:24:35,969 - Review.reviews.lc100_review - INFO - Selected 13 companies from super-sector 3010.0
2025-04-10 20:24:35,970 - Review.reviews.lc100_review - INFO - Selected 7 companies from super-sector 3020.0
2025-04-10 20:24:35,970 - Review.reviews.lc100_review - INFO - Selected 8 companies from super-sector 3030.0
2025-04-10 20:24:35,971 - Review.reviews.lc100_review - INFO - Selected 5 companies from super-sector 3510.0
2025-04-10 20:24:35,971 - Review.reviews.lc100_review - INFO - Selected 2 companies from super-sector 4010.0
2025-04-10 20:24:35,972 - Review.reviews.lc100_review - INFO - Selected 6 companies from super-sector 4020.0
2025-04-10 20:24:35,972 - Review.reviews.lc100_review - INFO - Selected 3 companies from super-sector 4030.0
2025-04-10 20:24:35,972 - Review.reviews.lc100_review - INFO - Selected 2 companies from super-sector 4040.0
2025-04-10 20:24:35,973 - Review.reviews.lc100_review - INFO - Selected 4 companies from super-sector 4050.0
2025-04-10 20:24:35,974 - Review.reviews.lc100_review - INFO - Selected 6 companies from super-sector 4510.0
2025-04-10 20:24:35,974 - Review.reviews.lc100_review - INFO - Selected 3 companies from super-sector 4520.0
2025-04-10 20:24:35,975 - Review.reviews.lc100_review - INFO - Selected 2 companies from super-sector 5010.0
2025-04-10 20:24:35,975 - Review.reviews.lc100_review - INFO - Selected 9 companies from super-sector 5020.0
2025-04-10 20:24:35,976 - Review.reviews.lc100_review - INFO - Selected 2 companies from super-sector 5510.0
2025-04-10 20:24:35,976 - Review.reviews.lc100_review - INFO - Selected 2 companies from super-sector 5520.0
2025-04-10 20:24:35,977 - Review.reviews.lc100_review - INFO - Selected 1 companies from super-sector 6510.0
2025-04-10 20:24:35,984 - Review.reviews.lc100_review - INFO - Initial selection has 98 companies, need to remove 11
2025-04-10 20:24:35,990 - Review.reviews.lc100_review - INFO - Removed company SE0012853455 from supersector 3020.0 (Climate Score: 2.9711404728789947)
2025-04-10 20:24:35,996 - Review.reviews.lc100_review - INFO - Removed company GB0005405286 from supersector 3010.0 (Climate Score: 2.6866666666666648)
2025-04-10 20:24:36,003 - Review.reviews.lc100_review - INFO - Removed company GB0004082847 from supersector 3010.0 (Climate Score: 2.585)
2025-04-10 20:24:36,009 - Review.reviews.lc100_review - INFO - Removed company GB00BPQY8M80 from supersector 3030.0 (Climate Score: 2.519710481764205)
2025-04-10 20:24:36,015 - Review.reviews.lc100_review - INFO - Removed company NO0003053605 from supersector 3030.0 (Climate Score: 2.45999707128425)
2025-04-10 20:24:36,020 - Review.reviews.lc100_review - INFO - Removed company GB00BM8PJY71 from supersector 3010.0 (Climate Score: 2.4596710826767954)
2025-04-10 20:24:36,026 - Review.reviews.lc100_review - INFO - Removed company GB00BYT1DJ19 from supersector 3020.0 (Climate Score: 2.458257086886375)
2025-04-10 20:24:36,032 - Review.reviews.lc100_review - INFO - Removed company GB00B0SWJX34 from supersector 3020.0 (Climate Score: 2.4582204139462247)
2025-04-10 20:24:36,038 - Review.reviews.lc100_review - INFO - Removed company GB0007099541 from supersector 3030.0 (Climate Score: 2.45)
2025-04-10 20:24:36,044 - Review.reviews.lc100_review - INFO - Removed company CH0011075394 from supersector 3030.0 (Climate Score: 2.39833333333333)
2025-04-10 20:24:36,051 - Review.reviews.lc100_review - INFO - Removed company FR0000121964 from supersector 3510.0 (Climate Score: 2.39735760225878)
2025-04-10 20:24:36,053 - Review.reviews.lc100_review - INFO - Final Non-EU Taxonomy selection has 87 companies
2025-04-10 20:24:36,054 - Review.reviews.lc100_review - INFO - Minimum companies per supersector: 1
2025-04-10 20:24:36,054 - Review.reviews.lc100_review - WARNING - Some supersectors have fewer than 2 companies! Minimum is 1
2025-04-10 20:24:36,056 - Review.reviews.lc100_review - INFO - Final selection contains 100 companies
2025-04-10 20:24:36,056 - Review.reviews.lc100_review - INFO - - EU Taxonomy: 13
2025-04-10 20:24:36,057 - Review.reviews.lc100_review - INFO - - Non-EU Taxonomy: 87
2025-04-10 20:24:36,057 - Review.reviews.lc100_review - INFO - Initial weight allocations:
2025-04-10 20:24:36,057 - Review.reviews.lc100_review - INFO - - EU Taxonomy pocket: 10.00%
2025-04-10 20:24:36,057 - Review.reviews.lc100_review - INFO - - Non-EU Taxonomy pocket: 90.00%
2025-04-10 20:24:36,059 - Review.reviews.lc100_review - INFO - Saving output files...
2025-04-10 20:24:36,320 - Review.reviews.lc100_review - INFO - Results saved to C:\Users\CSonneveld\OneDrive - Euronext\Documents\Projects\GUI + Reviews\output\LC100_review_20250410_202436.xlsx
2025-04-10 20:24:36,349 - werkzeug - INFO - 127.0.0.1 - - [10/Apr/2025 20:24:36] "POST /calculate HTTP/1.1" 200 -
2025-04-10 20:25:47,436 - werkzeug - INFO -  * Detected change in 'C:\\Users\\CSonneveld\\OneDrive - Euronext\\Documents\\Projects\\GUI + Reviews\\Review\\reviews\\lc100_review_backup.py', reloading
2025-04-10 20:25:47,437 - werkzeug - INFO -  * Detected change in 'C:\\Users\\CSonneveld\\OneDrive - Euronext\\Documents\\Projects\\GUI + Reviews\\Review\\reviews\\lc100_review_backup.py', reloading
2025-04-10 20:25:47,438 - werkzeug - INFO -  * Detected change in 'C:\\Users\\CSonneveld\\OneDrive - Euronext\\Documents\\Projects\\GUI + Reviews\\Review\\reviews\\lc100_review_backup.py', reloading
