2025-03-17 10:54:54,697 - werkzeug - WARNING -  * Debugger is active!
2025-03-17 10:54:54,697 - werkzeug - INFO -  * Debugger PIN: 691-175-853
2025-03-17 10:55:20,337 - Review.reviews.edwpt_review - INFO - Starting EDWPT review calculation
2025-03-17 10:55:24,177 - Review.reviews.edwpt_review - INFO - 
EDWPT Selection Summary:
2025-03-17 10:55:24,185 - Review.reviews.edwpt_review - INFO - Total companies selected: 5324
2025-03-17 10:55:24,185 - Review.reviews.edwpt_review - INFO - Total FFMC covered: 98.85%
2025-03-17 10:55:24,208 - Review.reviews.edwpt_review - INFO - 
DEUPT Selection Summary:
2025-03-17 10:55:24,220 - Review.reviews.edwpt_review - INFO - Total companies selected: 1261
2025-03-17 10:55:24,221 - Review.reviews.edwpt_review - INFO - Total FFMC covered: 98.65%
2025-03-17 10:55:24,238 - Review.reviews.edwpt_review - INFO - 
DEZPT Selection Summary:
2025-03-17 10:55:24,239 - Review.reviews.edwpt_review - INFO - Total companies selected: 484
2025-03-17 10:55:24,241 - Review.reviews.edwpt_review - INFO - Total FFMC covered: 98.55%
2025-03-17 10:55:24,255 - Review.reviews.edwpt_review - INFO - 
DAPPT Selection Summary:
2025-03-17 10:55:24,257 - Review.reviews.edwpt_review - INFO - Total companies selected: 1915
2025-03-17 10:55:24,258 - Review.reviews.edwpt_review - INFO - Total FFMC covered: 98.16%
2025-03-17 10:55:24,270 - Review.reviews.edwpt_review - INFO - 
DNAPT Selection Summary:
2025-03-17 10:55:24,271 - Review.reviews.edwpt_review - INFO - Total companies selected: 1694
2025-03-17 10:55:24,272 - Review.reviews.edwpt_review - INFO - Total FFMC covered: 98.16%
2025-03-17 10:55:24,284 - Review.reviews.edwpt_review - INFO - 
DASPT Selection Summary:
2025-03-17 10:55:24,285 - Review.reviews.edwpt_review - INFO - Total companies selected: 1565
2025-03-17 10:55:24,287 - Review.reviews.edwpt_review - INFO - Total FFMC covered: 98.09%
2025-03-17 10:55:24,295 - Review.reviews.edwpt_review - INFO - 
DPAPT Selection Summary:
2025-03-17 10:55:24,296 - Review.reviews.edwpt_review - INFO - Total companies selected: 322
2025-03-17 10:55:24,297 - Review.reviews.edwpt_review - INFO - Total FFMC covered: 98.05%
2025-03-17 10:55:24,309 - Review.reviews.edwpt_review - INFO - 
EUSPT Selection Summary:
2025-03-17 10:55:24,310 - Review.reviews.edwpt_review - INFO - Total companies selected: 1430
2025-03-17 10:55:24,312 - Review.reviews.edwpt_review - INFO - Total FFMC covered: 98.00%
2025-03-17 10:55:24,321 - Review.reviews.edwpt_review - INFO - 
EJPPT Selection Summary:
2025-03-17 10:55:24,323 - Review.reviews.edwpt_review - INFO - Total companies selected: 1403
2025-03-17 10:55:24,324 - Review.reviews.edwpt_review - INFO - Total FFMC covered: 98.00%
2025-03-17 10:55:24,329 - Review.reviews.edwpt_review - INFO - 
ECHPT Selection Summary:
2025-03-17 10:55:24,330 - Review.reviews.edwpt_review - INFO - Total companies selected: 75
2025-03-17 10:55:24,331 - Review.reviews.edwpt_review - INFO - Total FFMC covered: 98.03%
2025-03-17 10:55:24,336 - Review.reviews.edwpt_review - INFO - 
EUKPT Selection Summary:
2025-03-17 10:55:24,337 - Review.reviews.edwpt_review - INFO - Total companies selected: 293
2025-03-17 10:55:24,338 - Review.reviews.edwpt_review - INFO - Total FFMC covered: 98.01%
2025-03-17 10:55:24,344 - Review.reviews.edwpt_review - INFO - 
CANPT Selection Summary:
2025-03-17 10:55:24,345 - Review.reviews.edwpt_review - INFO - Total companies selected: 218
2025-03-17 10:55:24,345 - Review.reviews.edwpt_review - INFO - Total FFMC covered: 98.02%
2025-03-17 10:55:24,354 - Review.reviews.edwpt_review - INFO - 
Global Selection Summary:
2025-03-17 10:55:24,355 - Review.reviews.edwpt_review - INFO - Total companies selected: 5324
2025-03-17 10:55:24,358 - Review.reviews.edwpt_review - INFO - Total FFMC covered: 98.85%
2025-03-17 10:55:24,360 - Review.reviews.edwpt_review - INFO - 
MIC-level Summary:
2025-03-17 10:55:24,361 - Review.reviews.edwpt_review - INFO -       ISIN          FFMC  EDWPT_selection
MIC                                      
ALXP     1  9.968077e+08                1
BATS     1  2.112040e+10                1
MERK     2  2.278097e+08                2
MTAA   237  5.901140e+11               78
WBAH    27  6.292269e+10               19
XAMS    79  1.132677e+12               45
XASX   878  1.551131e+12              285
XBRU    62  2.045026e+11               35
XCSE   102  5.132591e+11               36
XESM     2  1.518334e+09                2
XETR   223  1.750366e+12               97
XHEL   127  2.211743e+11               48
XHKG   236  4.848765e+11               73
XLIS    16  3.253346e+10               12
XLON   857  2.413983e+12              293
XMAD    91  5.438350e+11               39
XMSM    15  5.888329e+10               10
XNGM    52  5.491666e+08                0
XNGS  2653  2.840601e+13              763
XNYS  1730  2.819820e+13             1106
XNZE    52  6.129570e+10               35
XOSL   237  1.760241e+11              115
XPAR   350  1.993030e+12               93
XSES   127  3.085594e+11               63
XSTO   630  7.504324e+11              206
XSWX   159  1.768558e+12               85
XTAE   282  1.937618e+11              161
XTKS  3665  5.256043e+12             1403
XTSE   493  2.353552e+12              218
2025-03-17 10:55:24,381 - Review.reviews.edwpt_review - INFO - Saving main output to: C:\Users\CSonneveld\OneDrive - Euronext\Documents\Projects\GUI + Reviews\output\EDWPT_df_20250317_105524.xlsx
2025-03-17 10:55:24,596 - Review.reviews.edwpt_review - INFO - 
EDWPT Changes Summary:
2025-03-17 10:55:24,596 - Review.reviews.edwpt_review - INFO - Inclusions: 245
2025-03-17 10:55:24,596 - Review.reviews.edwpt_review - INFO - Exclusions: 286
2025-03-17 10:55:24,674 - Review.reviews.edwpt_review - INFO - 
DEUPT Changes Summary:
2025-03-17 10:55:24,675 - Review.reviews.edwpt_review - INFO - Inclusions: 55
2025-03-17 10:55:24,676 - Review.reviews.edwpt_review - INFO - Exclusions: 99
2025-03-17 10:55:24,699 - Review.reviews.edwpt_review - INFO - 
DEZPT Changes Summary:
2025-03-17 10:55:24,700 - Review.reviews.edwpt_review - INFO - Inclusions: 22
2025-03-17 10:55:24,700 - Review.reviews.edwpt_review - INFO - Exclusions: 32
2025-03-17 10:55:24,767 - Review.reviews.edwpt_review - INFO - 
DAPPT Changes Summary:
2025-03-17 10:55:24,768 - Review.reviews.edwpt_review - INFO - Inclusions: 106
2025-03-17 10:55:24,768 - Review.reviews.edwpt_review - INFO - Exclusions: 72
2025-03-17 10:55:24,821 - Review.reviews.edwpt_review - INFO - 
DNAPT Changes Summary:
2025-03-17 10:55:24,831 - Review.reviews.edwpt_review - INFO - Inclusions: 53
2025-03-17 10:55:24,831 - Review.reviews.edwpt_review - INFO - Exclusions: 102
2025-03-17 10:55:24,888 - Review.reviews.edwpt_review - INFO - 
DASPT Changes Summary:
2025-03-17 10:55:24,888 - Review.reviews.edwpt_review - INFO - Inclusions: 80
2025-03-17 10:55:24,888 - Review.reviews.edwpt_review - INFO - Exclusions: 55
2025-03-17 10:55:24,905 - Review.reviews.edwpt_review - INFO - 
DPAPT Changes Summary:
2025-03-17 10:55:24,905 - Review.reviews.edwpt_review - INFO - Inclusions: 20
2025-03-17 10:55:24,905 - Review.reviews.edwpt_review - INFO - Exclusions: 15
2025-03-17 10:55:24,965 - Review.reviews.edwpt_review - INFO - 
EUSPT Changes Summary:
2025-03-17 10:55:24,970 - Review.reviews.edwpt_review - INFO - Inclusions: 57
2025-03-17 10:55:24,971 - Review.reviews.edwpt_review - INFO - Exclusions: 96
2025-03-17 10:55:25,021 - Review.reviews.edwpt_review - INFO - 
EJPPT Changes Summary:
2025-03-17 10:55:25,021 - Review.reviews.edwpt_review - INFO - Inclusions: 60
2025-03-17 10:55:25,021 - Review.reviews.edwpt_review - INFO - Exclusions: 51
2025-03-17 10:55:25,036 - Review.reviews.edwpt_review - INFO - 
ECHPT Changes Summary:
2025-03-17 10:55:25,037 - Review.reviews.edwpt_review - INFO - Inclusions: 5
2025-03-17 10:55:25,037 - Review.reviews.edwpt_review - INFO - Exclusions: 4
2025-03-17 10:55:25,081 - Review.reviews.edwpt_review - INFO - 
EUKPT Changes Summary:
2025-03-17 10:55:25,081 - Review.reviews.edwpt_review - INFO - Inclusions: 13
2025-03-17 10:55:25,081 - Review.reviews.edwpt_review - INFO - Exclusions: 30
2025-03-17 10:55:25,099 - Review.reviews.edwpt_review - INFO - 
CANPT Changes Summary:
2025-03-17 10:55:25,100 - Review.reviews.edwpt_review - INFO - Inclusions: 5
2025-03-17 10:55:25,100 - Review.reviews.edwpt_review - INFO - Exclusions: 11
2025-03-17 10:55:29,028 - Review.reviews.edwpt_review - INFO - Saving individual composition file for EDWPT to: C:\Users\CSonneveld\OneDrive - Euronext\Documents\Projects\GUI + Reviews\output\EDWPT_Composition_20250317_105524.xlsx
2025-03-17 10:55:29,306 - Review.reviews.edwpt_review - INFO - Saving individual composition file for DEUPT to: C:\Users\CSonneveld\OneDrive - Euronext\Documents\Projects\GUI + Reviews\output\DEUPT_Composition_20250317_105524.xlsx
2025-03-17 10:55:29,387 - Review.reviews.edwpt_review - INFO - Saving individual composition file for DEZPT to: C:\Users\CSonneveld\OneDrive - Euronext\Documents\Projects\GUI + Reviews\output\DEZPT_Composition_20250317_105524.xlsx
2025-03-17 10:55:29,421 - Review.reviews.edwpt_review - INFO - Saving individual composition file for DAPPT to: C:\Users\CSonneveld\OneDrive - Euronext\Documents\Projects\GUI + Reviews\output\DAPPT_Composition_20250317_105524.xlsx
2025-03-17 10:55:29,543 - Review.reviews.edwpt_review - INFO - Saving individual composition file for DNAPT to: C:\Users\CSonneveld\OneDrive - Euronext\Documents\Projects\GUI + Reviews\output\DNAPT_Composition_20250317_105524.xlsx
2025-03-17 10:55:29,630 - Review.reviews.edwpt_review - INFO - Saving individual composition file for DASPT to: C:\Users\CSonneveld\OneDrive - Euronext\Documents\Projects\GUI + Reviews\output\DASPT_Composition_20250317_105524.xlsx
2025-03-17 10:55:29,720 - Review.reviews.edwpt_review - INFO - Saving individual composition file for DPAPT to: C:\Users\CSonneveld\OneDrive - Euronext\Documents\Projects\GUI + Reviews\output\DPAPT_Composition_20250317_105524.xlsx
2025-03-17 10:55:29,747 - Review.reviews.edwpt_review - INFO - Saving individual composition file for EUSPT to: C:\Users\CSonneveld\OneDrive - Euronext\Documents\Projects\GUI + Reviews\output\EUSPT_Composition_20250317_105524.xlsx
2025-03-17 10:55:29,833 - Review.reviews.edwpt_review - INFO - Saving individual composition file for EJPPT to: C:\Users\CSonneveld\OneDrive - Euronext\Documents\Projects\GUI + Reviews\output\EJPPT_Composition_20250317_105524.xlsx
2025-03-17 10:55:29,912 - Review.reviews.edwpt_review - INFO - Saving individual composition file for ECHPT to: C:\Users\CSonneveld\OneDrive - Euronext\Documents\Projects\GUI + Reviews\output\ECHPT_Composition_20250317_105524.xlsx
2025-03-17 10:55:29,920 - Review.reviews.edwpt_review - INFO - Saving individual composition file for EUKPT to: C:\Users\CSonneveld\OneDrive - Euronext\Documents\Projects\GUI + Reviews\output\EUKPT_Composition_20250317_105524.xlsx
2025-03-17 10:55:29,944 - Review.reviews.edwpt_review - INFO - Saving individual composition file for CANPT to: C:\Users\CSonneveld\OneDrive - Euronext\Documents\Projects\GUI + Reviews\output\CANPT_Composition_20250317_105524.xlsx
2025-03-17 10:55:29,973 - Review.reviews.edwpt_review - INFO - Main file successfully saved to: C:\Users\CSonneveld\OneDrive - Euronext\Documents\Projects\GUI + Reviews\output\EDWPT_df_20250317_105524.xlsx
2025-03-17 10:55:29,973 - Review.reviews.edwpt_review - INFO - Individual composition files saved: 12
2025-03-17 10:55:30,071 - werkzeug - INFO - 127.0.0.1 - - [17/Mar/2025 10:55:30] "POST /calculate HTTP/1.1" 200 -
2025-03-17 11:25:10,844 - werkzeug - INFO -  * Detected change in 'C:\\Users\\CSonneveld\\OneDrive - Euronext\\Documents\\Projects\\GUI + Reviews\\Review\\reviews\\edwpt_review.py', reloading
2025-03-17 11:25:10,844 - werkzeug - INFO -  * Detected change in 'C:\\Users\\CSonneveld\\OneDrive - Euronext\\Documents\\Projects\\GUI + Reviews\\Review\\reviews\\edwpt_review.py', reloading
2025-03-17 11:25:10,854 - werkzeug - INFO -  * Detected change in 'C:\\Users\\CSonneveld\\OneDrive - Euronext\\Documents\\Projects\\GUI + Reviews\\Review\\reviews\\edwpt_review.py', reloading
