2025-04-09 14:05:08,332 - werkzeug - WARNING -  * Debugger is active!
2025-04-09 14:05:08,332 - werkzeug - INFO -  * Debugger PIN: 691-175-853
2025-04-09 14:05:12,320 - Review.reviews.lc100_review - INFO - Loading EOD data...
2025-04-09 14:05:15,417 - Review.reviews.lc100_review - INFO - Loading reference data...
2025-04-09 14:05:25,753 - Review.reviews.lc100_review - WARNING - Removed 18750 duplicate rows from cdp_climate_df
2025-04-09 14:05:25,753 - Review.reviews.lc100_review - INFO - Filtering universe for EU500 companies...
2025-04-09 14:05:25,753 - Review.reviews.lc100_review - INFO - Universe size after EU500 filter: 499
2025-04-09 14:05:25,763 - Review.reviews.lc100_review - INFO - Adding Free Float data...
2025-04-09 14:05:25,849 - Review.reviews.lc100_review - INFO - Debug file saved to C:\Users\CSonneveld\OneDrive - Euronext\Documents\Projects\GUI + Reviews\debug\universe_df_after_nace_20250409_140525.xlsx
2025-04-09 14:05:25,849 - Review.reviews.lc100_review - INFO - Adding ICB Subsector data...
2025-04-09 14:05:25,862 - Review.reviews.lc100_review - INFO - Adding CDP Climate data...
2025-04-09 14:05:25,866 - Review.reviews.lc100_review - INFO - Adding Oekom Trust & Carbon data...
2025-04-09 14:05:25,866 - Review.reviews.lc100_review - WARNING - Column 'Social Rating Numeric' not found in Oekom data. Skipping this column.
2025-04-09 14:05:25,866 - Review.reviews.lc100_review - WARNING - Column 'Governance Rating Numeric' not found in Oekom data. Skipping this column.
2025-04-09 14:05:25,870 - Review.reviews.lc100_review - INFO - Adding NACE data...
2025-04-09 14:05:25,872 - Review.reviews.lc100_review - INFO - Adding EU Taxonomy flag...
2025-04-09 14:05:25,873 - Review.reviews.lc100_review - INFO - Checking GAFI lists and Non-fiscally cooperative countries...
2025-04-09 14:05:25,873 - Review.reviews.lc100_review - INFO - Applying exclusion criteria...
2025-04-09 14:05:25,899 - Review.reviews.lc100_review - INFO - Calculating Climate Score for ranking...
2025-04-09 14:05:25,902 - Review.reviews.lc100_review - INFO - Selecting EU Taxonomy companies...
2025-04-09 14:05:25,903 - Review.reviews.lc100_review - INFO - Found 18 EU Taxonomy companies after exclusions
2025-04-09 14:05:25,905 - Review.reviews.lc100_review - INFO - Found 604 Non-EU Taxonomy eligible companies after exclusions
2025-04-09 14:05:25,905 - Review.reviews.lc100_review - INFO - Target number of constituents: 100
2025-04-09 14:05:25,905 - Review.reviews.lc100_review - INFO - Number of EU Taxonomy companies: 18
2025-04-09 14:05:25,905 - Review.reviews.lc100_review - INFO - Target number of Non-EU Taxonomy companies: 82
2025-04-09 14:05:25,927 - Review.reviews.lc100_review - INFO - Super-sector allocation: 
    Supersector  Count  Target
0        1010.0     72       5
1        1510.0     84       6
2        2010.0    110       7
3        3010.0    224      14
4        3020.0     82       6
5        3030.0    140       9
6        3510.0     72       5
7        4010.0     94       6
8        4020.0     84       6
9        4030.0     26       2
10       4040.0     29       2
11       4050.0     43       3
12       4510.0     64       4
13       4520.0     14       1
14       5010.0     17       2
15       5020.0    124       8
16       5510.0     12       1
17       5520.0     42       3
18       6510.0      1       1
2025-04-09 14:05:25,934 - Review.reviews.lc100_review - INFO - Selected 91 companies, need to remove 9
2025-04-09 14:05:25,945 - Review.reviews.lc100_review - INFO - Removed 9 companies, new total: 82
2025-04-09 14:05:25,947 - Review.reviews.lc100_review - INFO - Final selection contains 100 companies
2025-04-09 14:05:25,947 - Review.reviews.lc100_review - INFO - - EU Taxonomy: 18
2025-04-09 14:05:25,947 - Review.reviews.lc100_review - INFO - - Non-EU Taxonomy: 82
2025-04-09 14:05:25,947 - Review.reviews.lc100_review - INFO - Initial weight allocations:
2025-04-09 14:05:25,948 - Review.reviews.lc100_review - INFO - - EU Taxonomy pocket: 10.00%
2025-04-09 14:05:25,948 - Review.reviews.lc100_review - INFO - - Non-EU Taxonomy pocket: 90.00%
2025-04-09 14:05:25,949 - Review.reviews.lc100_review - INFO - Saving output files...
2025-04-09 14:05:26,339 - Review.reviews.lc100_review - INFO - Results saved to C:\Users\CSonneveld\OneDrive - Euronext\Documents\Projects\GUI + Reviews\output\LC100_review_20250409_140525.xlsx
2025-04-09 14:05:26,367 - werkzeug - INFO - 127.0.0.1 - - [09/Apr/2025 14:05:26] "POST /calculate HTTP/1.1" 200 -
2025-04-09 14:05:38,453 - werkzeug - INFO -  * Detected change in 'C:\\Program Files\\Python312\\Lib\\os.py', reloading
2025-04-09 14:05:38,979 - werkzeug - INFO -  * Detected change in 'C:\\Program Files\\Python312\\Lib\\ntpath.py', reloading
