2025-01-21 11:04:45,716 - werkzeug - WARNING -  * Debugger is active!
2025-01-21 11:04:45,719 - werkzeug - INFO -  * Debugger PIN: 691-175-853
2025-01-21 11:05:43,969 - Review.reviews.fri4p_review - INFO - Processing sector: 1010.0, area: AS, group size: 45
2025-01-21 11:05:43,970 - Review.reviews.fri4p_review - INFO - Companies in group: 45, to exclude: 8
2025-01-21 11:05:43,971 - Review.reviews.fri4p_review - INFO - Processing sector: 1010.0, area: EU, group size: 20
2025-01-21 11:05:43,971 - Review.reviews.fri4p_review - INFO - Companies in group: 20, to exclude: 3
2025-01-21 11:05:43,972 - Review.reviews.fri4p_review - INFO - Processing sector: 1010.0, area: NA, group size: 72
2025-01-21 11:05:43,972 - Review.reviews.fri4p_review - INFO - Companies in group: 72, to exclude: 14
2025-01-21 11:05:43,973 - Review.reviews.fri4p_review - INFO - Processing sector: 1510.0, area: AS, group size: 12
2025-01-21 11:05:43,973 - Review.reviews.fri4p_review - INFO - Companies in group: 12, to exclude: 2
2025-01-21 11:05:43,973 - Review.reviews.fri4p_review - INFO - Processing sector: 1510.0, area: EU, group size: 17
2025-01-21 11:05:43,974 - Review.reviews.fri4p_review - INFO - Companies in group: 17, to exclude: 3
2025-01-21 11:05:43,974 - Review.reviews.fri4p_review - INFO - Processing sector: 1510.0, area: NA, group size: 10
2025-01-21 11:05:43,974 - Review.reviews.fri4p_review - INFO - Companies in group: 10, to exclude: 1
2025-01-21 11:05:43,975 - Review.reviews.fri4p_review - INFO - Processing sector: 2010.0, area: AS, group size: 31
2025-01-21 11:05:43,975 - Review.reviews.fri4p_review - INFO - Companies in group: 31, to exclude: 6
2025-01-21 11:05:43,976 - Review.reviews.fri4p_review - INFO - Processing sector: 2010.0, area: EU, group size: 47
2025-01-21 11:05:43,976 - Review.reviews.fri4p_review - INFO - Companies in group: 47, to exclude: 9
2025-01-21 11:05:43,977 - Review.reviews.fri4p_review - INFO - Processing sector: 2010.0, area: NA, group size: 48
2025-01-21 11:05:43,978 - Review.reviews.fri4p_review - INFO - Companies in group: 48, to exclude: 9
2025-01-21 11:05:43,978 - Review.reviews.fri4p_review - INFO - Processing sector: 3010.0, area: AS, group size: 29
2025-01-21 11:05:43,979 - Review.reviews.fri4p_review - INFO - Companies in group: 29, to exclude: 5
2025-01-21 11:05:43,979 - Review.reviews.fri4p_review - INFO - Processing sector: 3010.0, area: EU, group size: 40
2025-01-21 11:05:43,979 - Review.reviews.fri4p_review - INFO - Companies in group: 40, to exclude: 7
2025-01-21 11:05:43,980 - Review.reviews.fri4p_review - INFO - Processing sector: 3010.0, area: NA, group size: 21
2025-01-21 11:05:43,980 - Review.reviews.fri4p_review - INFO - Companies in group: 21, to exclude: 4
2025-01-21 11:05:43,980 - Review.reviews.fri4p_review - INFO - Processing sector: 3020.0, area: AS, group size: 15
2025-01-21 11:05:43,981 - Review.reviews.fri4p_review - INFO - Companies in group: 15, to exclude: 2
2025-01-21 11:05:43,981 - Review.reviews.fri4p_review - INFO - Processing sector: 3020.0, area: EU, group size: 30
2025-01-21 11:05:43,982 - Review.reviews.fri4p_review - INFO - Companies in group: 30, to exclude: 5
2025-01-21 11:05:43,982 - Review.reviews.fri4p_review - INFO - Processing sector: 3020.0, area: NA, group size: 32
2025-01-21 11:05:43,982 - Review.reviews.fri4p_review - INFO - Companies in group: 32, to exclude: 6
2025-01-21 11:05:43,983 - Review.reviews.fri4p_review - INFO - Processing sector: 3030.0, area: AS, group size: 14
2025-01-21 11:05:43,983 - Review.reviews.fri4p_review - INFO - Companies in group: 14, to exclude: 2
2025-01-21 11:05:43,983 - Review.reviews.fri4p_review - INFO - Processing sector: 3030.0, area: EU, group size: 30
2025-01-21 11:05:43,984 - Review.reviews.fri4p_review - INFO - Companies in group: 30, to exclude: 5
2025-01-21 11:05:43,984 - Review.reviews.fri4p_review - INFO - Processing sector: 3030.0, area: NA, group size: 23
2025-01-21 11:05:43,984 - Review.reviews.fri4p_review - INFO - Companies in group: 23, to exclude: 4
2025-01-21 11:05:43,985 - Review.reviews.fri4p_review - INFO - Processing sector: 3510.0, area: AS, group size: 47
2025-01-21 11:05:43,985 - Review.reviews.fri4p_review - INFO - Companies in group: 47, to exclude: 9
2025-01-21 11:05:43,985 - Review.reviews.fri4p_review - INFO - Processing sector: 3510.0, area: EU, group size: 21
2025-01-21 11:05:43,986 - Review.reviews.fri4p_review - INFO - Companies in group: 21, to exclude: 4
2025-01-21 11:05:43,986 - Review.reviews.fri4p_review - INFO - Processing sector: 3510.0, area: NA, group size: 22
2025-01-21 11:05:43,986 - Review.reviews.fri4p_review - INFO - Companies in group: 22, to exclude: 4
2025-01-21 11:05:43,987 - Review.reviews.fri4p_review - INFO - Processing sector: 4010.0, area: AS, group size: 15
2025-01-21 11:05:43,987 - Review.reviews.fri4p_review - INFO - Companies in group: 15, to exclude: 2
2025-01-21 11:05:43,987 - Review.reviews.fri4p_review - INFO - Processing sector: 4010.0, area: EU, group size: 12
2025-01-21 11:05:43,988 - Review.reviews.fri4p_review - INFO - Companies in group: 12, to exclude: 2
2025-01-21 11:05:43,988 - Review.reviews.fri4p_review - INFO - Processing sector: 4010.0, area: NA, group size: 4
2025-01-21 11:05:43,988 - Review.reviews.fri4p_review - INFO - Companies in group: 4, to exclude: 0
2025-01-21 11:05:43,988 - Review.reviews.fri4p_review - WARNING - No companies to exclude for sector 4010.0 and area NA
2025-01-21 11:05:43,989 - Review.reviews.fri4p_review - INFO - Processing sector: 4020.0, area: AS, group size: 28
2025-01-21 11:05:43,989 - Review.reviews.fri4p_review - INFO - Companies in group: 28, to exclude: 5
2025-01-21 11:05:43,989 - Review.reviews.fri4p_review - INFO - Processing sector: 4020.0, area: EU, group size: 22
2025-01-21 11:05:43,990 - Review.reviews.fri4p_review - INFO - Companies in group: 22, to exclude: 4
2025-01-21 11:05:43,990 - Review.reviews.fri4p_review - INFO - Processing sector: 4020.0, area: NA, group size: 16
2025-01-21 11:05:43,990 - Review.reviews.fri4p_review - INFO - Companies in group: 16, to exclude: 3
2025-01-21 11:05:43,991 - Review.reviews.fri4p_review - INFO - Processing sector: 4030.0, area: AS, group size: 7
2025-01-21 11:05:43,991 - Review.reviews.fri4p_review - INFO - Companies in group: 7, to exclude: 1
2025-01-21 11:05:43,991 - Review.reviews.fri4p_review - INFO - Processing sector: 4030.0, area: EU, group size: 8
2025-01-21 11:05:43,992 - Review.reviews.fri4p_review - INFO - Companies in group: 8, to exclude: 1
2025-01-21 11:05:43,992 - Review.reviews.fri4p_review - INFO - Processing sector: 4030.0, area: NA, group size: 7
2025-01-21 11:05:43,993 - Review.reviews.fri4p_review - INFO - Companies in group: 7, to exclude: 1
2025-01-21 11:05:43,993 - Review.reviews.fri4p_review - INFO - Processing sector: 4040.0, area: AS, group size: 14
2025-01-21 11:05:43,993 - Review.reviews.fri4p_review - INFO - Companies in group: 14, to exclude: 2
2025-01-21 11:05:43,993 - Review.reviews.fri4p_review - INFO - Processing sector: 4040.0, area: EU, group size: 10
2025-01-21 11:05:43,994 - Review.reviews.fri4p_review - INFO - Companies in group: 10, to exclude: 1
2025-01-21 11:05:43,994 - Review.reviews.fri4p_review - INFO - Processing sector: 4040.0, area: NA, group size: 18
2025-01-21 11:05:43,994 - Review.reviews.fri4p_review - INFO - Companies in group: 18, to exclude: 3
2025-01-21 11:05:43,995 - Review.reviews.fri4p_review - INFO - Processing sector: 4050.0, area: AS, group size: 19
2025-01-21 11:05:43,995 - Review.reviews.fri4p_review - INFO - Companies in group: 19, to exclude: 3
2025-01-21 11:05:43,996 - Review.reviews.fri4p_review - INFO - Processing sector: 4050.0, area: EU, group size: 13
2025-01-21 11:05:43,996 - Review.reviews.fri4p_review - INFO - Companies in group: 13, to exclude: 2
2025-01-21 11:05:43,997 - Review.reviews.fri4p_review - INFO - Processing sector: 4050.0, area: NA, group size: 21
2025-01-21 11:05:43,997 - Review.reviews.fri4p_review - INFO - Companies in group: 21, to exclude: 4
2025-01-21 11:05:43,997 - Review.reviews.fri4p_review - INFO - Processing sector: 4510.0, area: AS, group size: 24
2025-01-21 11:05:43,998 - Review.reviews.fri4p_review - INFO - Companies in group: 24, to exclude: 4
2025-01-21 11:05:43,998 - Review.reviews.fri4p_review - INFO - Processing sector: 4510.0, area: EU, group size: 27
2025-01-21 11:05:43,999 - Review.reviews.fri4p_review - INFO - Companies in group: 27, to exclude: 5
2025-01-21 11:05:43,999 - Review.reviews.fri4p_review - INFO - Processing sector: 4510.0, area: NA, group size: 16
2025-01-21 11:05:43,999 - Review.reviews.fri4p_review - INFO - Companies in group: 16, to exclude: 3
2025-01-21 11:05:44,000 - Review.reviews.fri4p_review - INFO - Processing sector: 4520.0, area: AS, group size: 14
2025-01-21 11:05:44,000 - Review.reviews.fri4p_review - INFO - Companies in group: 14, to exclude: 2
2025-01-21 11:05:44,000 - Review.reviews.fri4p_review - INFO - Processing sector: 4520.0, area: EU, group size: 13
2025-01-21 11:05:44,001 - Review.reviews.fri4p_review - INFO - Companies in group: 13, to exclude: 2
2025-01-21 11:05:44,001 - Review.reviews.fri4p_review - INFO - Processing sector: 4520.0, area: NA, group size: 12
2025-01-21 11:05:44,002 - Review.reviews.fri4p_review - INFO - Companies in group: 12, to exclude: 2
2025-01-21 11:05:44,002 - Review.reviews.fri4p_review - INFO - Processing sector: 5010.0, area: AS, group size: 18
2025-01-21 11:05:44,003 - Review.reviews.fri4p_review - INFO - Companies in group: 18, to exclude: 3
2025-01-21 11:05:44,003 - Review.reviews.fri4p_review - INFO - Processing sector: 5010.0, area: EU, group size: 24
2025-01-21 11:05:44,003 - Review.reviews.fri4p_review - INFO - Companies in group: 24, to exclude: 4
2025-01-21 11:05:44,004 - Review.reviews.fri4p_review - INFO - Processing sector: 5010.0, area: NA, group size: 14
2025-01-21 11:05:44,004 - Review.reviews.fri4p_review - INFO - Companies in group: 14, to exclude: 2
2025-01-21 11:05:44,004 - Review.reviews.fri4p_review - INFO - Processing sector: 5020.0, area: AS, group size: 100
2025-01-21 11:05:44,005 - Review.reviews.fri4p_review - INFO - Companies in group: 100, to exclude: 19
2025-01-21 11:05:44,005 - Review.reviews.fri4p_review - INFO - Processing sector: 5020.0, area: EU, group size: 91
2025-01-21 11:05:44,006 - Review.reviews.fri4p_review - INFO - Companies in group: 91, to exclude: 18
2025-01-21 11:05:44,006 - Review.reviews.fri4p_review - INFO - Processing sector: 5020.0, area: NA, group size: 81
2025-01-21 11:05:44,007 - Review.reviews.fri4p_review - INFO - Companies in group: 81, to exclude: 16
2025-01-21 11:05:44,007 - Review.reviews.fri4p_review - INFO - Processing sector: 5510.0, area: AS, group size: 18
2025-01-21 11:05:44,007 - Review.reviews.fri4p_review - INFO - Companies in group: 18, to exclude: 3
2025-01-21 11:05:44,008 - Review.reviews.fri4p_review - INFO - Processing sector: 5510.0, area: EU, group size: 13
2025-01-21 11:05:44,008 - Review.reviews.fri4p_review - INFO - Companies in group: 13, to exclude: 2
2025-01-21 11:05:44,008 - Review.reviews.fri4p_review - INFO - Processing sector: 5510.0, area: NA, group size: 12
2025-01-21 11:05:44,009 - Review.reviews.fri4p_review - INFO - Companies in group: 12, to exclude: 2
2025-01-21 11:05:44,009 - Review.reviews.fri4p_review - INFO - Processing sector: 5520.0, area: AS, group size: 18
2025-01-21 11:05:44,009 - Review.reviews.fri4p_review - INFO - Companies in group: 18, to exclude: 3
2025-01-21 11:05:44,010 - Review.reviews.fri4p_review - INFO - Processing sector: 5520.0, area: EU, group size: 16
2025-01-21 11:05:44,010 - Review.reviews.fri4p_review - INFO - Companies in group: 16, to exclude: 3
2025-01-21 11:05:44,010 - Review.reviews.fri4p_review - INFO - Processing sector: 5520.0, area: NA, group size: 6
2025-01-21 11:05:44,011 - Review.reviews.fri4p_review - INFO - Companies in group: 6, to exclude: 1
2025-01-21 11:05:44,011 - Review.reviews.fri4p_review - INFO - Processing sector: 6010.0, area: AS, group size: 10
2025-01-21 11:05:44,011 - Review.reviews.fri4p_review - INFO - Companies in group: 10, to exclude: 1
2025-01-21 11:05:44,012 - Review.reviews.fri4p_review - INFO - Processing sector: 6010.0, area: EU, group size: 20
2025-01-21 11:05:44,012 - Review.reviews.fri4p_review - INFO - Companies in group: 20, to exclude: 3
2025-01-21 11:05:44,012 - Review.reviews.fri4p_review - INFO - Processing sector: 6010.0, area: NA, group size: 34
2025-01-21 11:05:44,013 - Review.reviews.fri4p_review - INFO - Companies in group: 34, to exclude: 6
2025-01-21 11:05:44,013 - Review.reviews.fri4p_review - INFO - Processing sector: 6510.0, area: AS, group size: 22
2025-01-21 11:05:44,013 - Review.reviews.fri4p_review - INFO - Companies in group: 22, to exclude: 4
2025-01-21 11:05:44,013 - Review.reviews.fri4p_review - INFO - Processing sector: 6510.0, area: EU, group size: 26
2025-01-21 11:05:44,014 - Review.reviews.fri4p_review - INFO - Companies in group: 26, to exclude: 5
2025-01-21 11:05:44,014 - Review.reviews.fri4p_review - INFO - Processing sector: 6510.0, area: NA, group size: 31
2025-01-21 11:05:44,014 - Review.reviews.fri4p_review - INFO - Companies in group: 31, to exclude: 6
2025-01-21 11:05:56,893 - Review.reviews.fri4p_review - INFO - Checking IsinCode FRIX00003643 in index_eod_df
2025-01-21 11:05:56,894 - Review.reviews.fri4p_review - INFO - Found 1 matching rows
2025-01-21 11:05:56,903 - Review.reviews.fri4p_review - INFO - Saving FRI4P output to: C:\Users\CSonneveld\OneDrive - Euronext\Documents\Projects\GUI + Reviews\output\FRI4P_df_20250121_110556.xlsx
2025-01-21 11:05:57,318 - werkzeug - INFO - 127.0.0.1 - - [21/Jan/2025 11:05:57] "POST /calculate HTTP/1.1" 200 -
2025-01-21 11:06:18,569 - werkzeug - INFO -  * Detected change in 'C:\\Users\\CSonneveld\\AppData\\Roaming\\Python\\Python312\\site-packages\\numpy\\_typing\\__init__.py', reloading
2025-01-21 11:06:18,576 - werkzeug - INFO -  * Detected change in 'C:\\Users\\CSonneveld\\AppData\\Roaming\\Python\\Python312\\site-packages\\numpy\\_typing\\_array_like.py', reloading
2025-01-21 11:06:18,579 - werkzeug - INFO -  * Detected change in 'C:\\Users\\CSonneveld\\AppData\\Roaming\\Python\\Python312\\site-packages\\numpy\\_typing\\_nested_sequence.py', reloading
2025-01-21 11:06:18,582 - werkzeug - INFO -  * Detected change in 'C:\\Users\\CSonneveld\\AppData\\Roaming\\Python\\Python312\\site-packages\\numpy\\_utils\\__init__.py', reloading
2025-01-21 11:06:18,585 - werkzeug - INFO -  * Detected change in 'C:\\Users\\CSonneveld\\AppData\\Roaming\\Python\\Python312\\site-packages\\numpy\\_typing\\_nbit.py', reloading
