2025-08-06 15:21:01,641 - werkzeug - WARNING -  * Debugger is active!
2025-08-06 15:21:01,643 - werkzeug - INFO -  * Debugger PIN: 691-175-853
2025-08-06 15:21:08,866 - Review.reviews.edwp_review - INFO - Starting EDWP review calculation
2025-08-06 15:21:15,479 - Review.reviews.edwp_review - INFO - 
EDWP Selection Summary:
2025-08-06 15:21:15,496 - Review.reviews.edwp_review - INFO - Total companies selected: 1543
2025-08-06 15:21:15,496 - Review.reviews.edwp_review - INFO - Total FFMC covered: 88.81%
2025-08-06 15:21:15,519 - Review.reviews.edwp_review - INFO - 
DEUP Selection Summary:
2025-08-06 15:21:15,519 - Review.reviews.edwp_review - INFO - Total companies selected: 437
2025-08-06 15:21:15,527 - Review.reviews.edwp_review - INFO - Total FFMC covered: 88.79%
2025-08-06 15:21:15,548 - Review.reviews.edwp_review - INFO - 
DEZP Selection Summary:
2025-08-06 15:21:15,548 - Review.reviews.edwp_review - INFO - Total companies selected: 180
2025-08-06 15:21:15,548 - Review.reviews.edwp_review - INFO - Total FFMC covered: 88.26%
2025-08-06 15:21:15,570 - Review.reviews.edwp_review - INFO - 
DAPPR Selection Summary:
2025-08-06 15:21:15,570 - Review.reviews.edwp_review - INFO - Total companies selected: 491
2025-08-06 15:21:15,571 - Review.reviews.edwp_review - INFO - Total FFMC covered: 85.82%
2025-08-06 15:21:15,587 - Review.reviews.edwp_review - INFO - 
DNAP Selection Summary:
2025-08-06 15:21:15,592 - Review.reviews.edwp_review - INFO - Total companies selected: 452
2025-08-06 15:21:15,593 - Review.reviews.edwp_review - INFO - Total FFMC covered: 85.69%
2025-08-06 15:21:15,604 - Review.reviews.edwp_review - INFO - 
DASP Selection Summary:
2025-08-06 15:21:15,612 - Review.reviews.edwp_review - INFO - Total companies selected: 391
2025-08-06 15:21:15,613 - Review.reviews.edwp_review - INFO - Total FFMC covered: 85.48%
2025-08-06 15:21:15,618 - Review.reviews.edwp_review - INFO - 
DPAP Selection Summary:
2025-08-06 15:21:15,618 - Review.reviews.edwp_review - INFO - Total companies selected: 93
2025-08-06 15:21:15,625 - Review.reviews.edwp_review - INFO - Total FFMC covered: 85.98%
2025-08-06 15:21:15,654 - Review.reviews.edwp_review - INFO - 
EUSP Selection Summary:
2025-08-06 15:21:15,654 - Review.reviews.edwp_review - INFO - Total companies selected: 363
2025-08-06 15:21:15,654 - Review.reviews.edwp_review - INFO - Total FFMC covered: 85.00%
2025-08-06 15:21:15,671 - Review.reviews.edwp_review - INFO - 
EJPP Selection Summary:
2025-08-06 15:21:15,680 - Review.reviews.edwp_review - INFO - Total companies selected: 338
2025-08-06 15:21:15,683 - Review.reviews.edwp_review - INFO - Total FFMC covered: 85.02%
2025-08-06 15:21:15,687 - Review.reviews.edwp_review - INFO - 
ECHP Selection Summary:
2025-08-06 15:21:15,696 - Review.reviews.edwp_review - INFO - Total companies selected: 25
2025-08-06 15:21:15,696 - Review.reviews.edwp_review - INFO - Total FFMC covered: 85.59%
2025-08-06 15:21:15,702 - Review.reviews.edwp_review - INFO - 
EUKP Selection Summary:
2025-08-06 15:21:15,705 - Review.reviews.edwp_review - INFO - Total companies selected: 82
2025-08-06 15:21:15,706 - Review.reviews.edwp_review - INFO - Total FFMC covered: 85.16%
2025-08-06 15:21:15,715 - Review.reviews.edwp_review - INFO - 
CANP Selection Summary:
2025-08-06 15:21:15,716 - Review.reviews.edwp_review - INFO - Total companies selected: 70
2025-08-06 15:21:15,717 - Review.reviews.edwp_review - INFO - Total FFMC covered: 85.03%
2025-08-06 15:21:15,731 - Review.reviews.edwp_review - INFO - 
Global Selection Summary:
2025-08-06 15:21:15,731 - Review.reviews.edwp_review - INFO - Total companies selected: 1543
2025-08-06 15:21:15,733 - Review.reviews.edwp_review - INFO - Total FFMC covered: 88.81%
2025-08-06 15:21:15,733 - Review.reviews.edwp_review - INFO - 
MIC-level Summary:
2025-08-06 15:21:15,733 - Review.reviews.edwp_review - INFO -       ISIN          FFMC  EDWP_selection
MIC                                     
ALXP     1  9.511262e+08               0
BATS     1  2.137557e+10               1
MERK     2  1.978810e+08               0
MTAA   236  6.038823e+11              27
NEOE     1  4.727061e+07               0
WBAH    28  6.580410e+10               8
XAMS    81  1.178277e+12              18
XASX   883  1.433442e+12              74
XBRU    64  2.101693e+11              15
XCSE    99  4.205086e+11              12
XESM     2  1.651506e+09               0
XETR   227  1.833541e+12              32
XHEL   134  2.182358e+11              16
XHKG   245  4.615411e+11              22
XLIS    16  3.591813e+10               5
XLON   833  2.369042e+12              82
XMAD    96  5.998798e+11              13
XMSM    13  5.991251e+10               4
XNGM    56  1.209690e+09               0
XNGS  2665  2.517485e+13             175
XNYS  1721  2.495432e+13             365
XNZE    53  5.806349e+10              15
XOSL   228  1.778157e+11              38
XPAR   345  1.894325e+12              30
XSES   130  2.924063e+11              23
XSTO   623  6.989421e+11              72
XSWX   160  1.691898e+12              28
XTAE   281  1.782428e+11              60
XTKS  3667  5.008343e+12             338
XTSE   490  2.238620e+12              70
2025-08-06 15:21:15,747 - Review.reviews.edwp_review - INFO - Saving output to: C:\Users\CSonneveld\OneDrive - Euronext\Documents\Projects\GUI + Reviews\output\EDWP_df_20250806_152115.xlsx
2025-08-06 15:21:15,857 - Review.reviews.edwp_review - INFO - 
EDWP Changes Summary:
2025-08-06 15:21:15,857 - Review.reviews.edwp_review - INFO - Inclusions: 64
2025-08-06 15:21:15,857 - Review.reviews.edwp_review - INFO - Exclusions: 63
2025-08-06 15:21:15,882 - Review.reviews.edwp_review - INFO - 
DEUP Changes Summary:
2025-08-06 15:21:15,882 - Review.reviews.edwp_review - INFO - Inclusions: 29
2025-08-06 15:21:15,882 - Review.reviews.edwp_review - INFO - Exclusions: 21
2025-08-06 15:21:15,885 - Review.reviews.edwp_review - INFO - 
DEZP Changes Summary:
2025-08-06 15:21:15,885 - Review.reviews.edwp_review - INFO - Inclusions: 14
2025-08-06 15:21:15,885 - Review.reviews.edwp_review - INFO - Exclusions: 12
2025-08-06 15:21:15,917 - Review.reviews.edwp_review - INFO - 
DAPPR Changes Summary:
2025-08-06 15:21:15,917 - Review.reviews.edwp_review - INFO - Inclusions: 15
2025-08-06 15:21:15,918 - Review.reviews.edwp_review - INFO - Exclusions: 16
2025-08-06 15:21:15,937 - Review.reviews.edwp_review - INFO - 
DNAP Changes Summary:
2025-08-06 15:21:15,937 - Review.reviews.edwp_review - INFO - Inclusions: 15
2025-08-06 15:21:15,937 - Review.reviews.edwp_review - INFO - Exclusions: 22
2025-08-06 15:21:15,953 - Review.reviews.edwp_review - INFO - 
DASP Changes Summary:
2025-08-06 15:21:15,953 - Review.reviews.edwp_review - INFO - Inclusions: 13
2025-08-06 15:21:15,953 - Review.reviews.edwp_review - INFO - Exclusions: 15
2025-08-06 15:21:15,965 - Review.reviews.edwp_review - INFO - 
DPAP Changes Summary:
2025-08-06 15:21:15,965 - Review.reviews.edwp_review - INFO - Inclusions: 3
2025-08-06 15:21:15,965 - Review.reviews.edwp_review - INFO - Exclusions: 5
2025-08-06 15:21:15,983 - Review.reviews.edwp_review - INFO - 
EUSP Changes Summary:
2025-08-06 15:21:15,984 - Review.reviews.edwp_review - INFO - Inclusions: 9
2025-08-06 15:21:15,984 - Review.reviews.edwp_review - INFO - Exclusions: 16
2025-08-06 15:21:16,001 - Review.reviews.edwp_review - INFO - 
EJPP Changes Summary:
2025-08-06 15:21:16,002 - Review.reviews.edwp_review - INFO - Inclusions: 12
2025-08-06 15:21:16,002 - Review.reviews.edwp_review - INFO - Exclusions: 10
2025-08-06 15:21:16,002 - Review.reviews.edwp_review - INFO - 
ECHP Changes Summary:
2025-08-06 15:21:16,002 - Review.reviews.edwp_review - INFO - Inclusions: 3
2025-08-06 15:21:16,002 - Review.reviews.edwp_review - INFO - Exclusions: 2
2025-08-06 15:21:16,015 - Review.reviews.edwp_review - INFO - 
EUKP Changes Summary:
2025-08-06 15:21:16,015 - Review.reviews.edwp_review - INFO - Inclusions: 4
2025-08-06 15:21:16,015 - Review.reviews.edwp_review - INFO - Exclusions: 5
2025-08-06 15:21:16,022 - Review.reviews.edwp_review - INFO - 
CANP Changes Summary:
2025-08-06 15:21:16,022 - Review.reviews.edwp_review - INFO - Inclusions: 3
2025-08-06 15:21:16,022 - Review.reviews.edwp_review - INFO - Exclusions: 2
2025-08-06 15:21:20,063 - Review.reviews.edwp_review - INFO - Saving individual composition file for EDWP to: C:\Users\CSonneveld\OneDrive - Euronext\Documents\Projects\GUI + Reviews\output\EDWP_Composition_20250806_152115.xlsx
2025-08-06 15:21:20,163 - Review.reviews.edwp_review - INFO - Saving individual composition file for DEUP to: C:\Users\CSonneveld\OneDrive - Euronext\Documents\Projects\GUI + Reviews\output\DEUP_Composition_20250806_152115.xlsx
2025-08-06 15:21:20,202 - Review.reviews.edwp_review - INFO - Saving individual composition file for DEZP to: C:\Users\CSonneveld\OneDrive - Euronext\Documents\Projects\GUI + Reviews\output\DEZP_Composition_20250806_152115.xlsx
2025-08-06 15:21:20,241 - Review.reviews.edwp_review - INFO - Saving individual composition file for DAPPR to: C:\Users\CSonneveld\OneDrive - Euronext\Documents\Projects\GUI + Reviews\output\DAPPR_Composition_20250806_152115.xlsx
2025-08-06 15:21:20,284 - Review.reviews.edwp_review - INFO - Saving individual composition file for DNAP to: C:\Users\CSonneveld\OneDrive - Euronext\Documents\Projects\GUI + Reviews\output\DNAP_Composition_20250806_152115.xlsx
2025-08-06 15:21:20,314 - Review.reviews.edwp_review - INFO - Saving individual composition file for DASP to: C:\Users\CSonneveld\OneDrive - Euronext\Documents\Projects\GUI + Reviews\output\DASP_Composition_20250806_152115.xlsx
2025-08-06 15:21:20,364 - Review.reviews.edwp_review - INFO - Saving individual composition file for DPAP to: C:\Users\CSonneveld\OneDrive - Euronext\Documents\Projects\GUI + Reviews\output\DPAP_Composition_20250806_152115.xlsx
2025-08-06 15:21:20,382 - Review.reviews.edwp_review - INFO - Saving individual composition file for EUSP to: C:\Users\CSonneveld\OneDrive - Euronext\Documents\Projects\GUI + Reviews\output\EUSP_Composition_20250806_152115.xlsx
2025-08-06 15:21:20,414 - Review.reviews.edwp_review - INFO - Saving individual composition file for EJPP to: C:\Users\CSonneveld\OneDrive - Euronext\Documents\Projects\GUI + Reviews\output\EJPP_Composition_20250806_152115.xlsx
2025-08-06 15:21:20,443 - Review.reviews.edwp_review - INFO - Saving individual composition file for ECHP to: C:\Users\CSonneveld\OneDrive - Euronext\Documents\Projects\GUI + Reviews\output\ECHP_Composition_20250806_152115.xlsx
2025-08-06 15:21:20,467 - Review.reviews.edwp_review - INFO - Saving individual composition file for EUKP to: C:\Users\CSonneveld\OneDrive - Euronext\Documents\Projects\GUI + Reviews\output\EUKP_Composition_20250806_152115.xlsx
2025-08-06 15:21:20,486 - Review.reviews.edwp_review - INFO - Saving individual composition file for CANP to: C:\Users\CSonneveld\OneDrive - Euronext\Documents\Projects\GUI + Reviews\output\CANP_Composition_20250806_152115.xlsx
2025-08-06 15:21:20,505 - Review.reviews.edwp_review - INFO - Individual composition files saved: 12
2025-08-06 15:21:20,520 - werkzeug - INFO - 127.0.0.1 - - [06/Aug/2025 15:21:20] "POST /calculate HTTP/1.1" 200 -
2025-08-06 15:21:46,249 - werkzeug - INFO -  * Detected change in 'C:\\Users\\CSonneveld\\OneDrive - Euronext\\Documents\\Projects\\GUI + Reviews\\Review\\reviews\\edwp_review.py', reloading
2025-08-06 15:21:46,249 - werkzeug - INFO -  * Detected change in 'C:\\Users\\CSonneveld\\OneDrive - Euronext\\Documents\\Projects\\GUI + Reviews\\Review\\reviews\\edwp_review.py', reloading
2025-08-06 15:21:47,164 - werkzeug - INFO -  * Detected change in 'C:\\Users\\CSonneveld\\OneDrive - Euronext\\Documents\\Projects\\GUI + Reviews\\Review\\reviews\\edwp_review.py', reloading
