2025-01-28 16:07:34,933 - werkzeug - WARNING -  * Debugger is active!
2025-01-28 16:07:34,935 - werkzeug - INFO -  * Debugger PIN: 691-175-853
2025-01-28 16:07:35,831 - Review.reviews.ses5p_review - INFO - Loading EOD data...
2025-01-28 16:07:36,925 - Review.reviews.ses5p_review - INFO - Loading reference data...
2025-01-28 16:07:43,680 - Review.reviews.ses5p_review - ERROR - Error during review calculation: cannot reindex on an axis with duplicate labels
2025-01-28 16:07:43,684 - werkzeug - INFO -  * Detected change in 'C:\\Users\\CSonneveld\\AppData\\Roaming\\Python\\Python312\\site-packages\\pandas\\core\\series.py', reloading
2025-01-28 16:07:43,686 - Review.reviews.ses5p_review - ERROR - Traceback (most recent call last):
  File "C:\Users\CSonneveld\OneDrive - Euronext\Documents\Projects\GUI + Reviews\Review\reviews\ses5p_review.py", line 140, in run_ses5p_review
    selection_df['Rank Universe'] = selection_df.loc[selection_df['Inclusion']]['FFMC CO'].rank(ascending=False, method='first')
    ~~~~~~~~~~~~^^^^^^^^^^^^^^^^^
  File "C:\Users\CSonneveld\AppData\Roaming\Python\Python312\site-packages\pandas\core\frame.py", line 4311, in __setitem__
    self._set_item(key, value)
  File "C:\Users\CSonneveld\AppData\Roaming\Python\Python312\site-packages\pandas\core\frame.py", line 4524, in _set_item
    value, refs = self._sanitize_column(value)
                  ^^^^^^^^^^^^^^^^^^^^^^^^^^^^
  File "C:\Users\CSonneveld\AppData\Roaming\Python\Python312\site-packages\pandas\core\frame.py", line 5263, in _sanitize_column
    return _reindex_for_setitem(value, self.index)
           ^^^^^^^^^^^^^^^^^^^^^^^^^^^^^^^^^^^^^^^
  File "C:\Users\CSonneveld\AppData\Roaming\Python\Python312\site-packages\pandas\core\frame.py", line 12692, in _reindex_for_setitem
    raise err
  File "C:\Users\CSonneveld\AppData\Roaming\Python\Python312\site-packages\pandas\core\frame.py", line 12687, in _reindex_for_setitem
    reindexed_value = value.reindex(index)._values
                      ^^^^^^^^^^^^^^^^^^^^
  File "C:\Users\CSonneveld\AppData\Roaming\Python\Python312\site-packages\pandas\core\series.py", line 5153, in reindex
    return super().reindex(
           ^^^^^^^^^^^^^^^^
  File "C:\Users\CSonneveld\AppData\Roaming\Python\Python312\site-packages\pandas\core\generic.py", line 5610, in reindex
    return self._reindex_axes(
           ^^^^^^^^^^^^^^^^^^^
  File "C:\Users\CSonneveld\AppData\Roaming\Python\Python312\site-packages\pandas\core\generic.py", line 5633, in _reindex_axes
    new_index, indexer = ax.reindex(
                         ^^^^^^^^^^^
  File "C:\Users\CSonneveld\AppData\Roaming\Python\Python312\site-packages\pandas\core\indexes\base.py", line 4429, in reindex
    raise ValueError("cannot reindex on an axis with duplicate labels")
ValueError: cannot reindex on an axis with duplicate labels

2025-01-28 16:07:43,714 - werkzeug - INFO - 127.0.0.1 - - [28/Jan/2025 16:07:43] "POST /calculate HTTP/1.1" 200 -
