2025-04-14 15:39:08,286 - werkzeug - WARNING -  * Debugger is active!
2025-04-14 15:39:08,286 - werkzeug - INFO -  * Debugger PIN: 691-175-853
2025-04-14 15:39:09,973 - Review.reviews.lc3wp_review - INFO - Loading EOD data...
2025-04-14 15:39:13,842 - Review.reviews.lc3wp_review - INFO - Loading reference data...
2025-04-14 15:39:23,632 - Review.reviews.lc3wp_review - WARNING - Removed 18750 duplicate rows from cdp_climate_df
2025-04-14 15:39:23,632 - Review.reviews.lc3wp_review - INFO - Adding Free Float data...
2025-04-14 15:39:23,649 - Review.reviews.lc3wp_review - INFO - Adding ICB Subsector data...
2025-04-14 15:39:23,662 - Review.reviews.lc3wp_review - WARNING - Removed 9315 duplicate rows from ICB data
2025-04-14 15:39:23,885 - Review.reviews.lc3wp_review - INFO - Debug file saved to C:\Users\CSonneveld\OneDrive - Euronext\Documents\Projects\GUI + Reviews\debug\universe_df_after_nace_20250414_153923.xlsx
2025-04-14 15:39:23,885 - Review.reviews.lc3wp_review - INFO - Adding CDP Climate data...
2025-04-14 15:39:23,885 - Review.reviews.lc3wp_review - INFO - Adding Oekom Trust & Carbon data...
2025-04-14 15:39:23,894 - Review.reviews.lc3wp_review - INFO - Adding NACE data...
2025-04-14 15:39:23,897 - Review.reviews.lc3wp_review - INFO - Adding EU Taxonomy flag...
2025-04-14 15:39:23,898 - Review.reviews.lc3wp_review - INFO - Checking GAFI lists and Non-fiscally cooperative countries...
2025-04-14 15:39:23,898 - Review.reviews.lc3wp_review - INFO - Applying exclusion criteria...
2025-04-14 15:39:23,906 - Review.reviews.lc3wp_review - INFO - Marked 149 companies (10%) with worst SG scores for exclusion
2025-04-14 15:39:23,923 - Review.reviews.lc3wp_review - INFO - Calculating Climate Score for ranking...
2025-04-14 15:39:23,932 - Review.reviews.lc3wp_review - INFO - Selecting EU Taxonomy companies...
2025-04-14 15:39:23,933 - Review.reviews.lc3wp_review - INFO - Found 14 EU Taxonomy companies after exclusions
2025-04-14 15:39:23,935 - Review.reviews.lc3wp_review - INFO - Found 979 Non-EU Taxonomy eligible companies after exclusions
2025-04-14 15:39:23,935 - Review.reviews.lc3wp_review - INFO - STEP 4a: Determining target number of Non-EU Taxonomy companies per super-sector...
2025-04-14 15:39:23,936 - Review.reviews.lc3wp_review - INFO - Target number of Non-EU Taxonomy companies: 286
2025-04-14 15:39:23,936 - Review.reviews.lc3wp_review - INFO - Total eligible Non-EU Taxonomy companies: 979
2025-04-14 15:39:23,937 - Review.reviews.lc3wp_review - INFO - Total target after rounding: 295 (vs. target of 286)
2025-04-14 15:39:23,938 - Review.reviews.lc3wp_review - INFO - Need to remove 9 companies due to rounding up
2025-04-14 15:39:23,938 - Review.reviews.lc3wp_review - INFO - STEP 4b: Selecting Non-EU Taxonomy companies based on climate score...
2025-04-14 15:39:23,940 - Review.reviews.lc3wp_review - INFO - Selected 39 companies from super-sector 1010.0
2025-04-14 15:39:23,941 - Review.reviews.lc3wp_review - INFO - Selected 12 companies from super-sector 1510.0
2025-04-14 15:39:23,942 - Review.reviews.lc3wp_review - INFO - Selected 34 companies from super-sector 2010.0
2025-04-14 15:39:23,943 - Review.reviews.lc3wp_review - INFO - Selected 24 companies from super-sector 3010.0
2025-04-14 15:39:23,944 - Review.reviews.lc3wp_review - INFO - Selected 21 companies from super-sector 3020.0
2025-04-14 15:39:23,944 - Review.reviews.lc3wp_review - INFO - Selected 19 companies from super-sector 3030.0
2025-04-14 15:39:23,945 - Review.reviews.lc3wp_review - INFO - Selected 24 companies from super-sector 3510.0
2025-04-14 15:39:23,946 - Review.reviews.lc3wp_review - INFO - Selected 6 companies from super-sector 4010.0
2025-04-14 15:39:23,947 - Review.reviews.lc3wp_review - INFO - Selected 17 companies from super-sector 4020.0
2025-04-14 15:39:23,947 - Review.reviews.lc3wp_review - INFO - Selected 5 companies from super-sector 4030.0
2025-04-14 15:39:23,948 - Review.reviews.lc3wp_review - INFO - Selected 8 companies from super-sector 4040.0
2025-04-14 15:39:23,949 - Review.reviews.lc3wp_review - INFO - Selected 11 companies from super-sector 4050.0
2025-04-14 15:39:23,949 - Review.reviews.lc3wp_review - INFO - Selected 15 companies from super-sector 4510.0
2025-04-14 15:39:23,950 - Review.reviews.lc3wp_review - INFO - Selected 8 companies from super-sector 4520.0
2025-04-14 15:39:23,950 - Review.reviews.lc3wp_review - INFO - Selected 6 companies from super-sector 5010.0
2025-04-14 15:39:23,951 - Review.reviews.lc3wp_review - INFO - Selected 33 companies from super-sector 5020.0
2025-04-14 15:39:23,952 - Review.reviews.lc3wp_review - INFO - Selected 6 companies from super-sector 5510.0
2025-04-14 15:39:23,952 - Review.reviews.lc3wp_review - INFO - Selected 5 companies from super-sector 5520.0
2025-04-14 15:39:23,953 - Review.reviews.lc3wp_review - INFO - Selected 2 companies from super-sector 6510.0
2025-04-14 15:39:23,961 - Review.reviews.lc3wp_review - INFO - Initial selection has 295 companies, need to remove 9
2025-04-14 15:39:23,980 - Review.reviews.lc3wp_review - INFO - Removed company US38141G1040 from supersector 3020.0 (Climate Score: 2.75)
2025-04-14 15:39:23,988 - Review.reviews.lc3wp_review - INFO - Removed company AU000000ANZ3 from supersector 3010.0 (Climate Score: 2.75)
2025-04-14 15:39:23,990 - Review.reviews.lc3wp_review - INFO - Removed company CA0679011084 from supersector 5510.0 (Climate Score: 2.58973159003276)
2025-04-14 15:39:23,999 - Review.reviews.lc3wp_review - INFO - Removed company JP3539220008 from supersector 3030.0 (Climate Score: 2.5)
2025-04-14 15:39:24,002 - Review.reviews.lc3wp_review - INFO - Removed company US7475251036 from supersector 1010.0 (Climate Score: 2.30023900135313)
2025-04-14 15:39:24,010 - Review.reviews.lc3wp_review - INFO - Removed company US2538681030 from supersector 3510.0 (Climate Score: 2.26099033267267)
2025-04-14 15:39:24,012 - Review.reviews.lc3wp_review - INFO - Removed company JP3705200008 from supersector 4050.0 (Climate Score: 2.24552928645429)
2025-04-14 15:39:24,020 - Review.reviews.lc3wp_review - INFO - Removed company DE0005552004 from supersector 5020.0 (Climate Score: 2.220375488488155)
2025-04-14 15:39:24,024 - Review.reviews.lc3wp_review - INFO - Removed company US4595061015 from supersector 5520.0 (Climate Score: 2.2099302264427454)
2025-04-14 15:39:24,027 - Review.reviews.lc3wp_review - INFO - Final Non-EU Taxonomy selection has 286 companies
2025-04-14 15:39:24,027 - Review.reviews.lc3wp_review - INFO - Minimum companies per supersector: 2
2025-04-14 15:39:24,031 - Review.reviews.lc3wp_review - INFO - Final selection contains 300 companies
2025-04-14 15:39:24,031 - Review.reviews.lc3wp_review - INFO - - EU Taxonomy: 14
2025-04-14 15:39:24,031 - Review.reviews.lc3wp_review - INFO - - Non-EU Taxonomy: 286
2025-04-14 15:39:24,031 - Review.reviews.lc3wp_review - INFO - Adding PAB flag based on CDP temperature score...
2025-04-14 15:39:24,032 - Review.reviews.lc3wp_review - INFO - Calculating liquidity constraints for all companies...
2025-04-14 15:39:24,032 - Review.reviews.lc3wp_review - INFO - Total FFMC for all companies: 12226522934395.22
2025-04-14 15:39:24,032 - Review.reviews.lc3wp_review - INFO - Market cap based weights calculated for EU Taxonomy companies
2025-04-14 15:39:24,033 - Review.reviews.lc3wp_review - INFO - Liquidity caps for EU Taxonomy companies - Max: 4.5158%, Min: 0.5387%, Avg: 1.7199%
2025-04-14 15:39:24,034 - Review.reviews.lc3wp_review - INFO - Liquidity floors for EU Taxonomy companies - Max: 0.0000%, Min: 0.0000%, Avg: 0.0000%
2025-04-14 15:39:24,034 - Review.reviews.lc3wp_review - INFO - No liquidity issues found for EU Taxonomy companies
2025-04-14 15:39:24,037 - Review.reviews.lc3wp_review - INFO - Liquidity caps for Non-EU Taxonomy companies - Max: 10.0000%, Min: 0.1507%, Avg: 3.7598%
2025-04-14 15:39:24,039 - Review.reviews.lc3wp_review - INFO - Liquidity floors for Non-EU Taxonomy companies - Max: 0.0000%, Min: 0.0000%, Avg: 0.0000%
2025-04-14 15:39:24,039 - Review.reviews.lc3wp_review - INFO - No liquidity issues found for Non-EU Taxonomy companies
2025-04-14 15:39:24,044 - Review.reviews.lc3wp_review - INFO - Liquidity constraints have been calculated for all 300 companies
2025-04-14 15:39:24,044 - Review.reviews.lc3wp_review - INFO - Saving output files...
2025-04-14 15:39:25,501 - Review.reviews.lc3wp_review - INFO - Results saved to C:\Users\CSonneveld\OneDrive - Euronext\Documents\Projects\GUI + Reviews\output\LC3WP_review_20250414_153924.xlsx
2025-04-14 15:39:25,540 - werkzeug - INFO - 127.0.0.1 - - [14/Apr/2025 15:39:25] "POST /calculate HTTP/1.1" 200 -
2025-04-14 15:41:03,141 - werkzeug - INFO -  * Detected change in 'C:\\Users\\CSonneveld\\OneDrive - Euronext\\Documents\\Projects\\GUI + Reviews\\Review\\reviews\\lc3wp_review.py', reloading
2025-04-14 15:41:03,141 - werkzeug - INFO -  * Detected change in 'C:\\Users\\CSonneveld\\OneDrive - Euronext\\Documents\\Projects\\GUI + Reviews\\Review\\reviews\\lc3wp_review.py', reloading
2025-04-14 15:41:03,141 - werkzeug - INFO -  * Detected change in 'C:\\Users\\CSonneveld\\OneDrive - Euronext\\Documents\\Projects\\GUI + Reviews\\Review\\reviews\\lc3wp_review.py', reloading
