2025-02-04 15:56:03,336 - werkzeug - WARNING -  * Debugger is active!
2025-02-04 15:56:03,339 - werkzeug - INFO -  * Debugger PIN: 691-175-853
2025-02-04 15:56:04,366 - Review.reviews.aexew_review - INFO - Loading EOD data...
2025-02-04 15:56:04,991 - Review.reviews.aexew_review - INFO - Loading reference data...
2025-02-04 15:56:05,140 - Review.reviews.aexew_review - ERROR - Error during review calculation: 'Name'
2025-02-04 15:56:05,140 - Review.reviews.aexew_review - ERROR - Traceback (most recent call last):
  File "C:\Users\CSonneveld\OneDrive - Euronext\Documents\Projects\GUI + Reviews\Review\reviews\aexew_review.py", line 105, in run_aexew_review
    .sort_values('Name')
     ^^^^^^^^^^^^^^^^^^^
  File "C:\Users\CSonneveld\AppData\Roaming\Python\Python312\site-packages\pandas\core\frame.py", line 7189, in sort_values
    k = self._get_label_or_level_values(by[0], axis=axis)
        ^^^^^^^^^^^^^^^^^^^^^^^^^^^^^^^^^^^^^^^^^^^^^^^^^
  File "C:\Users\CSonneveld\AppData\Roaming\Python\Python312\site-packages\pandas\core\generic.py", line 1911, in _get_label_or_level_values
    raise KeyError(key)
KeyError: 'Name'

2025-02-04 15:56:05,150 - werkzeug - INFO - 127.0.0.1 - - [04/Feb/2025 15:56:05] "POST /calculate HTTP/1.1" 200 -
2025-02-04 15:56:10,191 - Review.reviews.aexew_review - INFO - Loading EOD data...
2025-02-04 15:56:10,927 - Review.reviews.aexew_review - INFO - Loading reference data...
2025-02-04 15:56:10,962 - Review.reviews.aexew_review - ERROR - Error during review calculation: 'Name'
2025-02-04 15:56:10,963 - Review.reviews.aexew_review - ERROR - Traceback (most recent call last):
  File "C:\Users\CSonneveld\OneDrive - Euronext\Documents\Projects\GUI + Reviews\Review\reviews\aexew_review.py", line 105, in run_aexew_review
    .sort_values('Name')
     ^^^^^^^^^^^^^^^^^^^
  File "C:\Users\CSonneveld\AppData\Roaming\Python\Python312\site-packages\pandas\core\frame.py", line 7189, in sort_values
    k = self._get_label_or_level_values(by[0], axis=axis)
        ^^^^^^^^^^^^^^^^^^^^^^^^^^^^^^^^^^^^^^^^^^^^^^^^^
  File "C:\Users\CSonneveld\AppData\Roaming\Python\Python312\site-packages\pandas\core\generic.py", line 1911, in _get_label_or_level_values
    raise KeyError(key)
KeyError: 'Name'

2025-02-04 15:56:10,970 - werkzeug - INFO - 127.0.0.1 - - [04/Feb/2025 15:56:10] "POST /calculate HTTP/1.1" 200 -
2025-02-04 15:56:20,957 - werkzeug - INFO -  * Detected change in 'C:\\Users\\CSonneveld\\OneDrive - Euronext\\Documents\\Projects\\GUI + Reviews\\Review\\reviews\\aexew_review.py', reloading
2025-02-04 15:56:20,958 - werkzeug - INFO -  * Detected change in 'C:\\Users\\CSonneveld\\OneDrive - Euronext\\Documents\\Projects\\GUI + Reviews\\Review\\reviews\\aexew_review.py', reloading
2025-02-04 15:56:20,958 - werkzeug - INFO -  * Detected change in 'C:\\Users\\CSonneveld\\OneDrive - Euronext\\Documents\\Projects\\GUI + Reviews\\Review\\reviews\\aexew_review.py', reloading
