2025-03-17 10:36:32,071 - werkzeug - INFO - [31m[1mWARNING: This is a development server. Do not use it in a production deployment. Use a production WSGI server instead.[0m
 * Running on http://127.0.0.1:5000
2025-03-17 10:36:32,071 - werkzeug - INFO - [33mPress CTRL+C to quit[0m
2025-03-17 10:36:32,082 - werkzeug - INFO -  * Restarting with watchdog (windowsapi)
2025-03-17 10:36:32,577 - werkzeug - WARNING -  * Debugger is active!
2025-03-17 10:36:32,577 - werkzeug - INFO -  * Debugger PIN: 691-175-853
2025-03-17 10:36:34,584 - werkzeug - INFO -  * Detected change in 'C:\\Program Files\\Python312\\Lib\\encodings\\unicode_escape.py', reloading
2025-03-17 10:36:34,584 - werkzeug - INFO - 127.0.0.1 - - [17/Mar/2025 10:36:34] "GET / HTTP/1.1" 200 -
2025-03-17 10:36:34,636 - werkzeug - INFO - 127.0.0.1 - - [17/Mar/2025 10:36:34] "[36mGET /static/images/Euronext_Logo-RGB_black.png HTTP/1.1[0m" 304 -
2025-03-17 10:36:34,708 - werkzeug - INFO -  * Restarting with watchdog (windowsapi)
2025-03-17 10:39:50,992 - werkzeug - INFO -  * Restarting with watchdog (windowsapi)
2025-03-17 10:39:54,674 - werkzeug - INFO -  * Restarting with watchdog (windowsapi)
2025-03-17 10:40:19,053 - werkzeug - INFO -  * Restarting with watchdog (windowsapi)
2025-03-17 10:46:59,079 - werkzeug - INFO -  * Restarting with watchdog (windowsapi)
2025-03-17 10:48:59,524 - werkzeug - INFO -  * Restarting with watchdog (windowsapi)
2025-03-17 10:50:49,919 - werkzeug - INFO -  * Restarting with watchdog (windowsapi)
2025-03-17 10:50:51,638 - werkzeug - INFO -  * Restarting with watchdog (windowsapi)
2025-03-17 10:50:55,290 - werkzeug - INFO -  * Restarting with watchdog (windowsapi)
2025-03-17 10:54:54,188 - werkzeug - INFO -  * Restarting with watchdog (windowsapi)
2025-03-17 11:25:11,615 - werkzeug - INFO -  * Restarting with watchdog (windowsapi)
2025-03-17 11:25:13,241 - werkzeug - INFO -  * Restarting with watchdog (windowsapi)
2025-03-17 11:26:36,285 - werkzeug - INFO -  * Restarting with watchdog (windowsapi)
2025-03-17 11:51:22,043 - werkzeug - INFO -  * Restarting with watchdog (windowsapi)
2025-03-17 11:51:31,826 - werkzeug - INFO -  * Restarting with watchdog (windowsapi)
2025-03-17 11:51:35,473 - werkzeug - INFO -  * Restarting with watchdog (windowsapi)
2025-03-17 11:57:53,438 - werkzeug - INFO -  * Restarting with watchdog (windowsapi)
2025-03-17 11:57:55,046 - werkzeug - INFO -  * Restarting with watchdog (windowsapi)
2025-03-17 14:14:55,414 - werkzeug - INFO -  * Restarting with watchdog (windowsapi)
2025-03-17 14:15:36,771 - werkzeug - INFO -  * Restarting with watchdog (windowsapi)
2025-03-17 14:15:58,634 - werkzeug - INFO -  * Restarting with watchdog (windowsapi)
2025-03-17 14:16:00,274 - werkzeug - INFO -  * Restarting with watchdog (windowsapi)
2025-03-17 14:16:14,137 - werkzeug - INFO -  * Restarting with watchdog (windowsapi)
2025-03-17 14:16:17,756 - werkzeug - INFO -  * Restarting with watchdog (windowsapi)
2025-03-17 14:25:32,685 - werkzeug - INFO -  * Restarting with watchdog (windowsapi)
2025-03-17 14:25:34,281 - werkzeug - INFO -  * Restarting with watchdog (windowsapi)
2025-03-17 14:25:43,634 - werkzeug - INFO -  * Restarting with watchdog (windowsapi)
2025-03-17 14:25:57,491 - werkzeug - INFO -  * Restarting with watchdog (windowsapi)
2025-03-17 14:29:35,647 - werkzeug - INFO -  * Restarting with watchdog (windowsapi)
2025-03-17 14:31:31,616 - werkzeug - INFO -  * Restarting with watchdog (windowsapi)
2025-03-17 15:01:00,848 - werkzeug - INFO -  * Restarting with watchdog (windowsapi)
2025-03-17 15:01:16,630 - werkzeug - INFO -  * Restarting with watchdog (windowsapi)
2025-03-17 15:01:18,233 - werkzeug - INFO -  * Restarting with watchdog (windowsapi)
2025-03-17 15:01:43,771 - werkzeug - INFO -  * Restarting with watchdog (windowsapi)
2025-03-17 15:01:46,388 - werkzeug - INFO -  * Restarting with watchdog (windowsapi)
2025-03-17 15:02:02,848 - werkzeug - INFO -  * Restarting with watchdog (windowsapi)
2025-03-17 15:07:40,110 - werkzeug - INFO -  * Restarting with watchdog (windowsapi)
2025-03-17 15:07:41,747 - werkzeug - INFO -  * Restarting with watchdog (windowsapi)
2025-03-17 15:12:15,447 - werkzeug - INFO -  * Restarting with watchdog (windowsapi)
2025-03-17 15:12:21,146 - werkzeug - INFO -  * Restarting with watchdog (windowsapi)
2025-03-17 15:15:33,216 - werkzeug - INFO -  * Restarting with watchdog (windowsapi)
2025-03-17 15:24:55,129 - werkzeug - INFO -  * Restarting with watchdog (windowsapi)
2025-03-17 15:24:56,789 - werkzeug - INFO -  * Restarting with watchdog (windowsapi)
2025-03-17 15:25:07,527 - werkzeug - INFO -  * Restarting with watchdog (windowsapi)
