2025-08-05 17:07:45,146 - werkzeug - WARNING -  * Debugger is active!
2025-08-05 17:07:45,147 - werkzeug - INFO -  * Debugger PIN: 691-175-853
2025-08-05 17:07:45,175 - Review.reviews.sectorial_review - INFO - Loading EOD data...
2025-08-05 17:07:45,846 - Review.reviews.sectorial_review - INFO - Loading reference data...
2025-08-05 17:07:54,039 - Review.reviews.sectorial_review - ERROR - Error during review calculation: [Errno 13] Permission denied: 'debug_output.xlsx'
2025-08-05 17:07:54,039 - Review.reviews.sectorial_review - ERROR - Traceback (most recent call last):
  File "C:\Users\CSonneveld\OneDrive - Euronext\Documents\Projects\GUI + Reviews\Review\reviews\sectorial_review.py", line 120, in run_sectorial_review
    na500_selection_df.to_excel('debug_output.xlsx', index=False)
  File "C:\Users\CSonneveld\AppData\Roaming\Python\Python312\site-packages\pandas\util\_decorators.py", line 333, in wrapper
    return func(*args, **kwargs)
           ^^^^^^^^^^^^^^^^^^^^^
  File "C:\Users\CSonneveld\AppData\Roaming\Python\Python312\site-packages\pandas\core\generic.py", line 2417, in to_excel
    formatter.write(
  File "C:\Users\CSonneveld\AppData\Roaming\Python\Python312\site-packages\pandas\io\formats\excel.py", line 943, in write
    writer = ExcelWriter(
             ^^^^^^^^^^^^
  File "C:\Users\CSonneveld\AppData\Roaming\Python\Python312\site-packages\pandas\io\excel\_xlsxwriter.py", line 204, in __init__
    super().__init__(
  File "C:\Users\CSonneveld\AppData\Roaming\Python\Python312\site-packages\pandas\io\excel\_base.py", line 1246, in __init__
    self._handles = get_handle(
                    ^^^^^^^^^^^
  File "C:\Users\CSonneveld\AppData\Roaming\Python\Python312\site-packages\pandas\io\common.py", line 882, in get_handle
    handle = open(handle, ioargs.mode)
             ^^^^^^^^^^^^^^^^^^^^^^^^^
PermissionError: [Errno 13] Permission denied: 'debug_output.xlsx'

2025-08-05 17:07:54,056 - werkzeug - INFO - 127.0.0.1 - - [05/Aug/2025 17:07:54] "POST /calculate HTTP/1.1" 200 -
2025-08-05 17:07:59,266 - werkzeug - INFO -  * Detected change in 'C:\\Users\\CSonneveld\\OneDrive - Euronext\\Documents\\Projects\\GUI + Reviews\\Review\\reviews\\sectorial_review.py', reloading
2025-08-05 17:07:59,266 - werkzeug - INFO -  * Detected change in 'C:\\Users\\CSonneveld\\OneDrive - Euronext\\Documents\\Projects\\GUI + Reviews\\Review\\reviews\\sectorial_review.py', reloading
