2025-04-15 17:07:23,441 - werkzeug - WARNING -  * Debugger is active!
2025-04-15 17:07:23,441 - werkzeug - INFO -  * Debugger PIN: 691-175-853
2025-04-15 17:27:47,688 - Review.reviews.lc3wp_review - INFO - Loading EOD data...
2025-04-15 17:27:49,427 - Review.reviews.lc3wp_review - INFO - Loading reference data...
2025-04-15 17:27:59,277 - Review.reviews.lc3wp_review - WARNING - Removed 1 duplicate rows from oekom_trustcarbon_df
2025-04-15 17:27:59,277 - Review.reviews.lc3wp_review - WARNING - Removed 18750 duplicate rows from cdp_climate_df
2025-04-15 17:27:59,277 - Review.reviews.lc3wp_review - INFO - Adding Free Float data...
2025-04-15 17:27:59,323 - Review.reviews.lc3wp_review - INFO - Adding ICB Subsector data...
2025-04-15 17:27:59,343 - Review.reviews.lc3wp_review - WARNING - Removed 9315 duplicate rows from ICB data
2025-04-15 17:27:59,358 - Review.reviews.lc3wp_review - INFO - Adding CDP Climate data...
2025-04-15 17:27:59,361 - Review.reviews.lc3wp_review - INFO - Adding Oekom Trust & Carbon data...
2025-04-15 17:27:59,361 - Review.reviews.lc3wp_review - INFO - Adding NACE data...
2025-04-15 17:27:59,361 - Review.reviews.lc3wp_review - INFO - Adding EU Taxonomy flag...
2025-04-15 17:27:59,371 - Review.reviews.lc3wp_review - INFO - Checking GAFI lists and Non-fiscally cooperative countries...
2025-04-15 17:27:59,373 - Review.reviews.lc3wp_review - INFO - Applying exclusion criteria...
2025-04-15 17:27:59,388 - Review.reviews.lc3wp_review - INFO - Marked 150 companies (10%) with worst SG scores for exclusion
2025-04-15 17:27:59,408 - Review.reviews.lc3wp_review - INFO - Calculating Climate Score for ranking...
2025-04-15 17:27:59,410 - Review.reviews.lc3wp_review - INFO - Calculating median Carbon Intensity by Supersector excluding zero values...
2025-04-15 17:27:59,411 - Review.reviews.lc3wp_review - INFO - Calculated median Carbon Intensity for 20 supersectors, excluding zero values
2025-04-15 17:27:59,411 - Review.reviews.lc3wp_review - INFO - Selecting EU Taxonomy companies...
2025-04-15 17:27:59,411 - Review.reviews.lc3wp_review - INFO - Found 14 EU Taxonomy companies after exclusions
2025-04-15 17:27:59,411 - Review.reviews.lc3wp_review - INFO - Found 978 Non-EU Taxonomy eligible companies after exclusions
2025-04-15 17:27:59,411 - Review.reviews.lc3wp_review - INFO - STEP 4a: Determining target number of Non-EU Taxonomy companies per super-sector...
2025-04-15 17:27:59,411 - Review.reviews.lc3wp_review - INFO - Target number of Non-EU Taxonomy companies: 286
2025-04-15 17:27:59,411 - Review.reviews.lc3wp_review - INFO - Total eligible Non-EU Taxonomy companies: 978
2025-04-15 17:27:59,411 - Review.reviews.lc3wp_review - INFO - Total target after rounding: 294 (vs. target of 286)
2025-04-15 17:27:59,411 - Review.reviews.lc3wp_review - INFO - Need to remove 8 companies due to rounding up
2025-04-15 17:27:59,411 - Review.reviews.lc3wp_review - INFO - STEP 4b: Selecting Non-EU Taxonomy companies based on climate score...
2025-04-15 17:27:59,421 - Review.reviews.lc3wp_review - INFO - Selected 39 companies from super-sector 1010.0
2025-04-15 17:27:59,423 - Review.reviews.lc3wp_review - INFO - Selected 12 companies from super-sector 1510.0
2025-04-15 17:27:59,424 - Review.reviews.lc3wp_review - INFO - Selected 34 companies from super-sector 2010.0
2025-04-15 17:27:59,425 - Review.reviews.lc3wp_review - INFO - Selected 24 companies from super-sector 3010.0
2025-04-15 17:27:59,426 - Review.reviews.lc3wp_review - INFO - Selected 21 companies from super-sector 3020.0
2025-04-15 17:27:59,427 - Review.reviews.lc3wp_review - INFO - Selected 19 companies from super-sector 3030.0
2025-04-15 17:27:59,427 - Review.reviews.lc3wp_review - INFO - Selected 23 companies from super-sector 3510.0
2025-04-15 17:27:59,427 - Review.reviews.lc3wp_review - INFO - Selected 6 companies from super-sector 4010.0
2025-04-15 17:27:59,427 - Review.reviews.lc3wp_review - INFO - Selected 17 companies from super-sector 4020.0
2025-04-15 17:27:59,427 - Review.reviews.lc3wp_review - INFO - Selected 5 companies from super-sector 4030.0
2025-04-15 17:27:59,427 - Review.reviews.lc3wp_review - INFO - Selected 8 companies from super-sector 4040.0
2025-04-15 17:27:59,431 - Review.reviews.lc3wp_review - INFO - Selected 11 companies from super-sector 4050.0
2025-04-15 17:27:59,431 - Review.reviews.lc3wp_review - INFO - Selected 15 companies from super-sector 4510.0
2025-04-15 17:27:59,432 - Review.reviews.lc3wp_review - INFO - Selected 8 companies from super-sector 4520.0
2025-04-15 17:27:59,433 - Review.reviews.lc3wp_review - INFO - Selected 6 companies from super-sector 5010.0
2025-04-15 17:27:59,433 - Review.reviews.lc3wp_review - INFO - Selected 33 companies from super-sector 5020.0
2025-04-15 17:27:59,434 - Review.reviews.lc3wp_review - INFO - Selected 6 companies from super-sector 5510.0
2025-04-15 17:27:59,435 - Review.reviews.lc3wp_review - INFO - Selected 5 companies from super-sector 5520.0
2025-04-15 17:27:59,435 - Review.reviews.lc3wp_review - INFO - Selected 2 companies from super-sector 6510.0
2025-04-15 17:27:59,442 - Review.reviews.lc3wp_review - INFO - Initial selection has 294 companies, need to remove 8
2025-04-15 17:27:59,456 - Review.reviews.lc3wp_review - INFO - Removed company US38141G1040 from supersector 3020.0 (Climate Score: 2.75)
2025-04-15 17:27:59,475 - Review.reviews.lc3wp_review - INFO - Removed company AU000000ANZ3 from supersector 3010.0 (Climate Score: 2.75)
2025-04-15 17:27:59,476 - Review.reviews.lc3wp_review - INFO - Removed company CA0679011084 from supersector 5510.0 (Climate Score: 2.58973159003276)
2025-04-15 17:27:59,486 - Review.reviews.lc3wp_review - INFO - Removed company JP3539220008 from supersector 3030.0 (Climate Score: 2.5)
2025-04-15 17:27:59,489 - Review.reviews.lc3wp_review - INFO - Removed company US7475251036 from supersector 1010.0 (Climate Score: 2.30023900135313)
2025-04-15 17:27:59,498 - Review.reviews.lc3wp_review - INFO - Removed company US2538681030 from supersector 3510.0 (Climate Score: 2.26099033267267)
2025-04-15 17:27:59,500 - Review.reviews.lc3wp_review - INFO - Removed company JP3705200008 from supersector 4050.0 (Climate Score: 2.24552928645429)
2025-04-15 17:27:59,507 - Review.reviews.lc3wp_review - INFO - Removed company DE0005552004 from supersector 5020.0 (Climate Score: 2.220375488488155)
2025-04-15 17:27:59,509 - Review.reviews.lc3wp_review - INFO - Final Non-EU Taxonomy selection has 286 companies
2025-04-15 17:27:59,510 - Review.reviews.lc3wp_review - INFO - Minimum companies per supersector: 2
2025-04-15 17:27:59,514 - Review.reviews.lc3wp_review - INFO - Final selection contains 300 companies
2025-04-15 17:27:59,514 - Review.reviews.lc3wp_review - INFO - - EU Taxonomy: 14
2025-04-15 17:27:59,514 - Review.reviews.lc3wp_review - INFO - - Non-EU Taxonomy: 286
2025-04-15 17:27:59,514 - Review.reviews.lc3wp_review - INFO - Adding PAB flag based on CDP temperature score...
2025-04-15 17:27:59,515 - Review.reviews.lc3wp_review - INFO - Calculating liquidity constraints for all companies...
2025-04-15 17:27:59,515 - Review.reviews.lc3wp_review - INFO - Total FFMC_WD for all companies: 10480281732001.85
2025-04-15 17:27:59,515 - Review.reviews.lc3wp_review - INFO - Market cap based weights calculated for EU Taxonomy companies
2025-04-15 17:27:59,516 - Review.reviews.lc3wp_review - INFO - Liquidity caps for EU Taxonomy companies - Max: 4.5082%, Min: 0.5432%, Avg: 1.7227%
2025-04-15 17:27:59,516 - Review.reviews.lc3wp_review - INFO - Liquidity floors for EU Taxonomy companies - Max: 0.0000%, Min: 0.0000%, Avg: 0.0000%
2025-04-15 17:27:59,516 - Review.reviews.lc3wp_review - INFO - No liquidity issues found for EU Taxonomy companies
2025-04-15 17:27:59,522 - Review.reviews.lc3wp_review - INFO - Liquidity caps for Non-EU Taxonomy companies - Max: 10.0000%, Min: 0.1533%, Avg: 3.7739%
2025-04-15 17:27:59,523 - Review.reviews.lc3wp_review - INFO - Liquidity floors for Non-EU Taxonomy companies - Max: 0.0000%, Min: 0.0000%, Avg: 0.0000%
2025-04-15 17:27:59,523 - Review.reviews.lc3wp_review - INFO - No liquidity issues found for Non-EU Taxonomy companies
2025-04-15 17:27:59,526 - Review.reviews.lc3wp_review - INFO - Liquidity constraints have been calculated for all 300 companies
2025-04-15 17:27:59,526 - Review.reviews.lc3wp_review - INFO - Saving output files...
2025-04-15 17:28:01,078 - Review.reviews.lc3wp_review - INFO - Results saved to C:\Users\CSonneveld\OneDrive - Euronext\Documents\Projects\GUI + Reviews\output\LC3WP_review_20250415_172759.xlsx
2025-04-15 17:28:01,120 - werkzeug - INFO - 10.199.43.197 - - [15/Apr/2025 17:28:01] "POST /calculate HTTP/1.1" 200 -
2025-04-15 17:34:09,790 - Review.reviews.lc3wp_review - INFO - Loading EOD data...
2025-04-15 17:34:11,609 - Review.reviews.lc3wp_review - INFO - Loading reference data...
2025-04-15 17:34:20,837 - Review.reviews.lc3wp_review - WARNING - Removed 1 duplicate rows from oekom_trustcarbon_df
2025-04-15 17:34:20,853 - Review.reviews.lc3wp_review - WARNING - Removed 18750 duplicate rows from cdp_climate_df
2025-04-15 17:34:20,853 - Review.reviews.lc3wp_review - INFO - Adding Free Float data...
2025-04-15 17:34:20,890 - Review.reviews.lc3wp_review - INFO - Adding ICB Subsector data...
2025-04-15 17:34:20,910 - Review.reviews.lc3wp_review - WARNING - Removed 9315 duplicate rows from ICB data
2025-04-15 17:34:20,924 - Review.reviews.lc3wp_review - INFO - Adding CDP Climate data...
2025-04-15 17:34:20,929 - Review.reviews.lc3wp_review - INFO - Adding Oekom Trust & Carbon data...
2025-04-15 17:34:20,932 - Review.reviews.lc3wp_review - INFO - Adding NACE data...
2025-04-15 17:34:20,935 - Review.reviews.lc3wp_review - INFO - Adding EU Taxonomy flag...
2025-04-15 17:34:20,935 - Review.reviews.lc3wp_review - INFO - Checking GAFI lists and Non-fiscally cooperative countries...
2025-04-15 17:34:20,937 - Review.reviews.lc3wp_review - INFO - Applying exclusion criteria...
2025-04-15 17:34:20,958 - Review.reviews.lc3wp_review - INFO - Marked 150 companies (10%) with worst SG scores for exclusion
2025-04-15 17:34:20,977 - Review.reviews.lc3wp_review - INFO - Calculating Climate Score for ranking...
2025-04-15 17:34:20,979 - Review.reviews.lc3wp_review - INFO - Calculating median Carbon Intensity by Supersector excluding zero values...
2025-04-15 17:34:20,984 - Review.reviews.lc3wp_review - INFO - Calculated median Carbon Intensity for 20 supersectors, excluding zero values
2025-04-15 17:34:20,984 - Review.reviews.lc3wp_review - INFO - Selecting EU Taxonomy companies...
2025-04-15 17:34:20,986 - Review.reviews.lc3wp_review - INFO - Found 14 EU Taxonomy companies after exclusions
2025-04-15 17:34:20,987 - Review.reviews.lc3wp_review - INFO - Found 978 Non-EU Taxonomy eligible companies after exclusions
2025-04-15 17:34:20,987 - Review.reviews.lc3wp_review - INFO - STEP 4a: Determining target number of Non-EU Taxonomy companies per super-sector...
2025-04-15 17:34:20,987 - Review.reviews.lc3wp_review - INFO - Target number of Non-EU Taxonomy companies: 286
2025-04-15 17:34:20,988 - Review.reviews.lc3wp_review - INFO - Total eligible Non-EU Taxonomy companies: 978
2025-04-15 17:34:20,989 - Review.reviews.lc3wp_review - INFO - Total target after rounding: 294 (vs. target of 286)
2025-04-15 17:34:20,989 - Review.reviews.lc3wp_review - INFO - Need to remove 8 companies due to rounding up
2025-04-15 17:34:20,990 - Review.reviews.lc3wp_review - INFO - STEP 4b: Selecting Non-EU Taxonomy companies based on climate score...
2025-04-15 17:34:20,991 - Review.reviews.lc3wp_review - INFO - Selected 39 companies from super-sector 1010.0
2025-04-15 17:34:20,991 - Review.reviews.lc3wp_review - INFO - Selected 12 companies from super-sector 1510.0
2025-04-15 17:34:20,991 - Review.reviews.lc3wp_review - INFO - Selected 34 companies from super-sector 2010.0
2025-04-15 17:34:20,991 - Review.reviews.lc3wp_review - INFO - Selected 24 companies from super-sector 3010.0
2025-04-15 17:34:20,995 - Review.reviews.lc3wp_review - INFO - Selected 21 companies from super-sector 3020.0
2025-04-15 17:34:20,995 - Review.reviews.lc3wp_review - INFO - Selected 19 companies from super-sector 3030.0
2025-04-15 17:34:20,996 - Review.reviews.lc3wp_review - INFO - Selected 23 companies from super-sector 3510.0
2025-04-15 17:34:20,997 - Review.reviews.lc3wp_review - INFO - Selected 6 companies from super-sector 4010.0
2025-04-15 17:34:20,998 - Review.reviews.lc3wp_review - INFO - Selected 17 companies from super-sector 4020.0
2025-04-15 17:34:20,999 - Review.reviews.lc3wp_review - INFO - Selected 5 companies from super-sector 4030.0
2025-04-15 17:34:21,000 - Review.reviews.lc3wp_review - INFO - Selected 8 companies from super-sector 4040.0
2025-04-15 17:34:21,001 - Review.reviews.lc3wp_review - INFO - Selected 11 companies from super-sector 4050.0
2025-04-15 17:34:21,002 - Review.reviews.lc3wp_review - INFO - Selected 15 companies from super-sector 4510.0
2025-04-15 17:34:21,003 - Review.reviews.lc3wp_review - INFO - Selected 8 companies from super-sector 4520.0
2025-04-15 17:34:21,003 - Review.reviews.lc3wp_review - INFO - Selected 6 companies from super-sector 5010.0
2025-04-15 17:34:21,004 - Review.reviews.lc3wp_review - INFO - Selected 33 companies from super-sector 5020.0
2025-04-15 17:34:21,005 - Review.reviews.lc3wp_review - INFO - Selected 6 companies from super-sector 5510.0
2025-04-15 17:34:21,007 - Review.reviews.lc3wp_review - INFO - Selected 5 companies from super-sector 5520.0
2025-04-15 17:34:21,007 - Review.reviews.lc3wp_review - INFO - Selected 2 companies from super-sector 6510.0
2025-04-15 17:34:21,012 - Review.reviews.lc3wp_review - INFO - Initial selection has 294 companies, need to remove 8
2025-04-15 17:34:21,023 - Review.reviews.lc3wp_review - INFO - Removed company US38141G1040 from supersector 3020 (Climate Score: 2.75)
2025-04-15 17:34:21,043 - Review.reviews.lc3wp_review - INFO - Removed company AU000000ANZ3 from supersector 3010 (Climate Score: 2.75)
2025-04-15 17:34:21,049 - Review.reviews.lc3wp_review - INFO - Removed company CA0679011084 from supersector 5510 (Climate Score: 2.58973159003276)
2025-04-15 17:34:21,056 - Review.reviews.lc3wp_review - INFO - Removed company JP3539220008 from supersector 3030 (Climate Score: 2.5)
2025-04-15 17:34:21,061 - Review.reviews.lc3wp_review - INFO - Removed company US7475251036 from supersector 1010 (Climate Score: 2.30023900135313)
2025-04-15 17:34:21,067 - Review.reviews.lc3wp_review - INFO - Removed company US2538681030 from supersector 3510 (Climate Score: 2.26099033267267)
2025-04-15 17:34:21,072 - Review.reviews.lc3wp_review - INFO - Removed company JP3705200008 from supersector 4050 (Climate Score: 2.24552928645429)
2025-04-15 17:34:21,078 - Review.reviews.lc3wp_review - INFO - Removed company DE0005552004 from supersector 5020 (Climate Score: 2.220375488488155)
2025-04-15 17:34:21,078 - Review.reviews.lc3wp_review - INFO - Final Non-EU Taxonomy selection has 286 companies
2025-04-15 17:34:21,078 - Review.reviews.lc3wp_review - INFO - Minimum companies per supersector: 2
2025-04-15 17:34:21,078 - Review.reviews.lc3wp_review - INFO - Final selection contains 300 companies
2025-04-15 17:34:21,078 - Review.reviews.lc3wp_review - INFO - - EU Taxonomy: 14
2025-04-15 17:34:21,078 - Review.reviews.lc3wp_review - INFO - - Non-EU Taxonomy: 286
2025-04-15 17:34:21,078 - Review.reviews.lc3wp_review - INFO - Adding PAB flag based on CDP temperature score...
2025-04-15 17:34:21,086 - Review.reviews.lc3wp_review - INFO - Calculating liquidity constraints for all companies...
2025-04-15 17:34:21,086 - Review.reviews.lc3wp_review - INFO - Total FFMC_WD for all companies: 10480281732001.85
2025-04-15 17:34:21,087 - Review.reviews.lc3wp_review - INFO - Market cap based weights calculated for EU Taxonomy companies
2025-04-15 17:34:21,088 - Review.reviews.lc3wp_review - INFO - Liquidity caps for EU Taxonomy companies - Max: 4.5082%, Min: 0.5432%, Avg: 1.7227%
2025-04-15 17:34:21,088 - Review.reviews.lc3wp_review - INFO - Liquidity floors for EU Taxonomy companies - Max: 0.0000%, Min: 0.0000%, Avg: 0.0000%
2025-04-15 17:34:21,088 - Review.reviews.lc3wp_review - INFO - No liquidity issues found for EU Taxonomy companies
2025-04-15 17:34:21,091 - Review.reviews.lc3wp_review - INFO - Liquidity caps for Non-EU Taxonomy companies - Max: 10.0000%, Min: 0.1533%, Avg: 3.7739%
2025-04-15 17:34:21,091 - Review.reviews.lc3wp_review - INFO - Liquidity floors for Non-EU Taxonomy companies - Max: 0.0000%, Min: 0.0000%, Avg: 0.0000%
2025-04-15 17:34:21,094 - Review.reviews.lc3wp_review - INFO - No liquidity issues found for Non-EU Taxonomy companies
2025-04-15 17:34:21,096 - Review.reviews.lc3wp_review - INFO - Liquidity constraints have been calculated for all 300 companies
2025-04-15 17:34:21,097 - Review.reviews.lc3wp_review - INFO - Saving output files...
2025-04-15 17:34:22,606 - Review.reviews.lc3wp_review - INFO - Results saved to C:\Users\CSonneveld\OneDrive - Euronext\Documents\Projects\GUI + Reviews\output\LC3WP_review_20250415_173421.xlsx
2025-04-15 17:34:22,640 - werkzeug - INFO - 10.199.43.197 - - [15/Apr/2025 17:34:22] "POST /calculate HTTP/1.1" 200 -
2025-04-15 17:38:13,705 - werkzeug - INFO -  * Detected change in 'C:\\Users\\CSonneveld\\OneDrive - Euronext\\Documents\\Projects\\GUI + Reviews\\app.py', reloading
