2025-01-31 15:03:18,939 - werkzeug - WARNING -  * Debugger is active!
2025-01-31 15:03:18,941 - werkzeug - INFO -  * Debugger PIN: 691-175-853
2025-01-31 15:03:19,647 - Review.reviews.aerdp_review - INFO - Loading EOD data...
2025-01-31 15:03:20,228 - Review.reviews.aerdp_review - INFO - Loading reference data...
2025-01-31 15:03:27,223 - Review.reviews.aerdp_review - ERROR - Error during review calculation: '3 months aver. Turnover EUR'
2025-01-31 15:03:27,229 - werkzeug - INFO -  * Detected change in 'C:\\Users\\CSonneveld\\AppData\\Roaming\\Python\\Python312\\site-packages\\pandas\\core\\frame.py', reloading
2025-01-31 15:03:27,232 - werkzeug - INFO -  * Detected change in 'C:\\Users\\CSonneveld\\AppData\\Roaming\\Python\\Python312\\site-packages\\pandas\\core\\indexes\\base.py', reloading
2025-01-31 15:03:27,232 - Review.reviews.aerdp_review - ERROR - Traceback (most recent call last):
  File "C:\Users\CSonneveld\AppData\Roaming\Python\Python312\site-packages\pandas\core\indexes\base.py", line 3805, in get_loc
    return self._engine.get_loc(casted_key)
           ^^^^^^^^^^^^^^^^^^^^^^^^^^^^^^^^
  File "index.pyx", line 167, in pandas._libs.index.IndexEngine.get_loc
  File "index.pyx", line 196, in pandas._libs.index.IndexEngine.get_loc
  File "pandas\\_libs\\hashtable_class_helper.pxi", line 7081, in pandas._libs.hashtable.PyObjectHashTable.get_item
  File "pandas\\_libs\\hashtable_class_helper.pxi", line 7089, in pandas._libs.hashtable.PyObjectHashTable.get_item
KeyError: '3 months aver. Turnover EUR'

The above exception was the direct cause of the following exception:

Traceback (most recent call last):
  File "C:\Users\CSonneveld\OneDrive - Euronext\Documents\Projects\GUI + Reviews\Review\reviews\aerdp_review.py", line 136, in run_aerdp_review
    (developed_market_df['3 months aver. Turnover EUR'] > 4000000)
     ~~~~~~~~~~~~~~~~~~~^^^^^^^^^^^^^^^^^^^^^^^^^^^^^^^
  File "C:\Users\CSonneveld\AppData\Roaming\Python\Python312\site-packages\pandas\core\frame.py", line 4102, in __getitem__
    indexer = self.columns.get_loc(key)
              ^^^^^^^^^^^^^^^^^^^^^^^^^
  File "C:\Users\CSonneveld\AppData\Roaming\Python\Python312\site-packages\pandas\core\indexes\base.py", line 3812, in get_loc
    raise KeyError(key) from err
KeyError: '3 months aver. Turnover EUR'

2025-01-31 15:03:27,246 - werkzeug - INFO - 127.0.0.1 - - [31/Jan/2025 15:03:27] "POST /calculate HTTP/1.1" 200 -
