2025-02-04 13:25:26,976 - werkzeug - WARNING -  * Debugger is active!
2025-02-04 13:25:26,979 - werkzeug - INFO -  * Debugger PIN: 691-175-853
2025-02-04 13:25:27,602 - Review.reviews.edwp_review - INFO - Starting EDWP review calculation
2025-02-04 13:25:31,753 - Review.reviews.edwp_review - INFO - 
EDWP Selection Summary:
2025-02-04 13:25:31,755 - Review.reviews.edwp_review - INFO - Total companies selected: 5446
2025-02-04 13:25:31,756 - Review.reviews.edwp_review - INFO - Total FFMC covered: 98.84%
2025-02-04 13:25:31,782 - Review.reviews.edwp_review - INFO - 
DEUP Selection Summary:
2025-02-04 13:25:31,784 - Review.reviews.edwp_review - INFO - Total companies selected: 1327
2025-02-04 13:25:31,785 - Review.reviews.edwp_review - INFO - Total FFMC covered: 98.67%
2025-02-04 13:25:31,803 - Review.reviews.edwp_review - INFO - 
DEZP Selection Summary:
2025-02-04 13:25:31,804 - Review.reviews.edwp_review - INFO - Total companies selected: 494
2025-02-04 13:25:31,805 - Review.reviews.edwp_review - INFO - Total FFMC covered: 98.51%
2025-02-04 13:25:31,823 - Review.reviews.edwp_review - INFO - 
DAPPR Selection Summary:
2025-02-04 13:25:31,824 - Review.reviews.edwp_review - INFO - Total companies selected: 1909
2025-02-04 13:25:31,825 - Review.reviews.edwp_review - INFO - Total FFMC covered: 98.13%
2025-02-04 13:25:31,839 - Review.reviews.edwp_review - INFO - 
DNAP Selection Summary:
2025-02-04 13:25:31,840 - Review.reviews.edwp_review - INFO - Total companies selected: 1764
2025-02-04 13:25:31,841 - Review.reviews.edwp_review - INFO - Total FFMC covered: 98.18%
2025-02-04 13:25:31,854 - Review.reviews.edwp_review - INFO - 
DASP Selection Summary:
2025-02-04 13:25:31,856 - Review.reviews.edwp_review - INFO - Total companies selected: 1563
2025-02-04 13:25:31,857 - Review.reviews.edwp_review - INFO - Total FFMC covered: 98.07%
2025-02-04 13:25:31,864 - Review.reviews.edwp_review - INFO - 
DPAP Selection Summary:
2025-02-04 13:25:31,865 - Review.reviews.edwp_review - INFO - Total companies selected: 320
2025-02-04 13:25:31,866 - Review.reviews.edwp_review - INFO - Total FFMC covered: 98.04%
2025-02-04 13:25:31,877 - Review.reviews.edwp_review - INFO - 
EUSP Selection Summary:
2025-02-04 13:25:31,878 - Review.reviews.edwp_review - INFO - Total companies selected: 1481
2025-02-04 13:25:31,879 - Review.reviews.edwp_review - INFO - Total FFMC covered: 98.00%
2025-02-04 13:25:31,892 - Review.reviews.edwp_review - INFO - 
EJPP Selection Summary:
2025-02-04 13:25:31,893 - Review.reviews.edwp_review - INFO - Total companies selected: 1414
2025-02-04 13:25:31,894 - Review.reviews.edwp_review - INFO - Total FFMC covered: 98.00%
2025-02-04 13:25:31,899 - Review.reviews.edwp_review - INFO - 
ECHP Selection Summary:
2025-02-04 13:25:31,900 - Review.reviews.edwp_review - INFO - Total companies selected: 74
2025-02-04 13:25:31,901 - Review.reviews.edwp_review - INFO - Total FFMC covered: 98.05%
2025-02-04 13:25:31,908 - Review.reviews.edwp_review - INFO - 
EUKP Selection Summary:
2025-02-04 13:25:31,909 - Review.reviews.edwp_review - INFO - Total companies selected: 320
2025-02-04 13:25:31,910 - Review.reviews.edwp_review - INFO - Total FFMC covered: 98.01%
2025-02-04 13:25:31,915 - Review.reviews.edwp_review - INFO - 
CANP Selection Summary:
2025-02-04 13:25:31,916 - Review.reviews.edwp_review - INFO - Total companies selected: 230
2025-02-04 13:25:31,917 - Review.reviews.edwp_review - INFO - Total FFMC covered: 98.02%
2025-02-04 13:25:31,928 - Review.reviews.edwp_review - INFO - 
Global Selection Summary:
2025-02-04 13:25:31,929 - Review.reviews.edwp_review - INFO - Total companies selected: 5446
2025-02-04 13:25:31,933 - Review.reviews.edwp_review - INFO - Total FFMC covered: 98.84%
2025-02-04 13:25:31,937 - Review.reviews.edwp_review - INFO - 
MIC-level Summary:
2025-02-04 13:25:31,938 - Review.reviews.edwp_review - INFO -       ISIN          FFMC  EDWP_selection
MIC                                     
ALXP     1  1.337544e+09               1
BATS     3  1.962934e+10               1
MERK     2  2.803735e+08               2
MTAA   246  5.292374e+11              85
WBAH    26  5.370078e+10              17
XAMS    79  1.157401e+12              44
XASX   886  1.442942e+12             283
XBRU    58  1.938564e+11              34
XCSE   107  6.350474e+11              36
XESM     2  1.794035e+09               2
XETR   227  1.472409e+12             106
XHEL   127  2.061674e+11              49
XHKG   209  3.465502e+11              69
XLIS    18  3.541669e+10              11
XLON   872  2.336733e+12             320
XMAD    99  4.808796e+11              41
XMSM    14  5.274635e+10              10
XNGM    47  4.908139e+08               1
XNGS  2628  2.418978e+13             773
XNYS  1736  2.534917e+13            1143
XNZE    52  6.656698e+10              35
XOSL   245  1.738210e+11             125
XPAR   351  1.866583e+12              94
XSES   118  2.570802e+11              62
XSTO   648  7.073552e+11             222
XSWX   148  1.669679e+12              86
XTAE   275  1.399417e+11             150
XTKS  3711  4.991981e+12            1414
XTSE   491  2.080540e+12             230
2025-02-04 13:25:31,960 - Review.reviews.edwp_review - INFO - Saving output to: C:\Users\CSonneveld\OneDrive - Euronext\Documents\Projects\GUI + Reviews\output\EDWP_df_20250204_132531.xlsx
2025-02-04 13:25:32,251 - Review.reviews.edwp_review - INFO - 
EDWP Changes Summary:
2025-02-04 13:25:32,252 - Review.reviews.edwp_review - INFO - Inclusions: 5446
2025-02-04 13:25:32,252 - Review.reviews.edwp_review - INFO - Exclusions: 0
2025-02-04 13:25:32,317 - Review.reviews.edwp_review - INFO - 
DEUP Changes Summary:
2025-02-04 13:25:32,317 - Review.reviews.edwp_review - INFO - Inclusions: 1327
2025-02-04 13:25:32,318 - Review.reviews.edwp_review - INFO - Exclusions: 0
2025-02-04 13:25:32,347 - Review.reviews.edwp_review - INFO - 
DEZP Changes Summary:
2025-02-04 13:25:32,347 - Review.reviews.edwp_review - INFO - Inclusions: 494
2025-02-04 13:25:32,347 - Review.reviews.edwp_review - INFO - Exclusions: 0
2025-02-04 13:25:32,436 - Review.reviews.edwp_review - INFO - 
DAPPR Changes Summary:
2025-02-04 13:25:32,437 - Review.reviews.edwp_review - INFO - Inclusions: 1909
2025-02-04 13:25:32,437 - Review.reviews.edwp_review - INFO - Exclusions: 0
2025-02-04 13:25:32,544 - Review.reviews.edwp_review - INFO - 
DNAP Changes Summary:
2025-02-04 13:25:32,545 - Review.reviews.edwp_review - INFO - Inclusions: 1764
2025-02-04 13:25:32,545 - Review.reviews.edwp_review - INFO - Exclusions: 0
2025-02-04 13:25:32,622 - Review.reviews.edwp_review - INFO - 
DASP Changes Summary:
2025-02-04 13:25:32,623 - Review.reviews.edwp_review - INFO - Inclusions: 1563
2025-02-04 13:25:32,623 - Review.reviews.edwp_review - INFO - Exclusions: 0
2025-02-04 13:25:32,645 - Review.reviews.edwp_review - INFO - 
DPAP Changes Summary:
2025-02-04 13:25:32,645 - Review.reviews.edwp_review - INFO - Inclusions: 320
2025-02-04 13:25:32,645 - Review.reviews.edwp_review - INFO - Exclusions: 0
2025-02-04 13:25:32,718 - Review.reviews.edwp_review - INFO - 
EUSP Changes Summary:
2025-02-04 13:25:32,719 - Review.reviews.edwp_review - INFO - Inclusions: 1481
2025-02-04 13:25:32,719 - Review.reviews.edwp_review - INFO - Exclusions: 0
2025-02-04 13:25:32,790 - Review.reviews.edwp_review - INFO - 
EJPP Changes Summary:
2025-02-04 13:25:32,791 - Review.reviews.edwp_review - INFO - Inclusions: 1414
2025-02-04 13:25:32,791 - Review.reviews.edwp_review - INFO - Exclusions: 0
2025-02-04 13:25:32,802 - Review.reviews.edwp_review - INFO - 
ECHP Changes Summary:
2025-02-04 13:25:32,802 - Review.reviews.edwp_review - INFO - Inclusions: 74
2025-02-04 13:25:32,803 - Review.reviews.edwp_review - INFO - Exclusions: 0
2025-02-04 13:25:32,825 - Review.reviews.edwp_review - INFO - 
EUKP Changes Summary:
2025-02-04 13:25:32,825 - Review.reviews.edwp_review - INFO - Inclusions: 320
2025-02-04 13:25:32,825 - Review.reviews.edwp_review - INFO - Exclusions: 0
2025-02-04 13:25:32,843 - Review.reviews.edwp_review - INFO - 
CANP Changes Summary:
2025-02-04 13:25:32,844 - Review.reviews.edwp_review - INFO - Inclusions: 230
2025-02-04 13:25:32,844 - Review.reviews.edwp_review - INFO - Exclusions: 0
2025-02-04 13:25:36,887 - Review.reviews.edwp_review - INFO - File successfully saved to: C:\Users\CSonneveld\OneDrive - Euronext\Documents\Projects\GUI + Reviews\output\EDWP_df_20250204_132531.xlsx
2025-02-04 13:25:37,008 - werkzeug - INFO - 127.0.0.1 - - [04/Feb/2025 13:25:37] "POST /calculate HTTP/1.1" 200 -
2025-02-04 15:06:07,446 - werkzeug - INFO -  * Detected change in 'C:\\Users\\CSonneveld\\OneDrive - Euronext\\Documents\\Projects\\GUI + Reviews\\Review\\reviews\\edwp_review.py', reloading
