2025-02-05 10:52:05,453 - werkzeug - WARNING -  * Debugger is active!
2025-02-05 10:52:05,455 - werkzeug - INFO -  * Debugger PIN: 691-175-853
2025-02-05 10:52:13,106 - Review.reviews.clew_review - INFO - Loading EOD data...
2025-02-05 10:52:14,976 - Review.reviews.clew_review - INFO - Loading reference data...
2025-02-05 10:52:14,988 - Review.reviews.clew_review - ERROR - Error during review calculation: 'NoneType' object has no attribute 'rename'
2025-02-05 10:52:14,989 - Review.reviews.clew_review - ERROR - Traceback (most recent call last):
  File "C:\Users\CSonneveld\OneDrive - Euronext\Documents\Projects\GUI + Reviews\Review\reviews\clew_review.py", line 44, in run_clew_review
    .rename(columns={
     ^^^^^^
AttributeError: 'NoneType' object has no attribute 'rename'

2025-02-05 10:52:14,994 - werkzeug - INFO - 127.0.0.1 - - [05/Feb/2025 10:52:14] "POST /calculate HTTP/1.1" 200 -
2025-02-05 10:52:20,696 - Review.reviews.clew_review - INFO - Loading EOD data...
2025-02-05 10:52:21,299 - Review.reviews.clew_review - INFO - Loading reference data...
2025-02-05 10:52:21,456 - Review.reviews.clew_review - INFO - Saving CACEW output to: C:\Users\CSonneveld\OneDrive - Euronext\Documents\Projects\GUI + Reviews\output\CACEW_df_20250205_105221.xlsx
2025-02-05 10:52:21,500 - werkzeug - INFO - 127.0.0.1 - - [05/Feb/2025 10:52:21] "POST /calculate HTTP/1.1" 200 -
2025-02-05 10:53:09,300 - Review.reviews.clew_review - INFO - Loading EOD data...
2025-02-05 10:53:11,014 - Review.reviews.clew_review - INFO - Loading reference data...
2025-02-05 10:53:11,066 - Review.reviews.clew_review - INFO - Saving CACEW output to: C:\Users\CSonneveld\OneDrive - Euronext\Documents\Projects\GUI + Reviews\output\CACEW_df_20250205_105311.xlsx
2025-02-05 10:53:11,096 - werkzeug - INFO - 127.0.0.1 - - [05/Feb/2025 10:53:11] "POST /calculate HTTP/1.1" 200 -
2025-02-05 10:53:26,874 - werkzeug - INFO -  * Detected change in 'C:\\Program Files\\Python312\\Lib\\ntpath.py', reloading
