2025-08-05 17:10:06,746 - werkzeug - WARNING -  * Debugger is active!
2025-08-05 17:10:06,746 - werkzeug - INFO -  * Debugger PIN: 691-175-853
2025-08-05 17:10:15,654 - Review.reviews.sectorial_review - INFO - Loading EOD data...
2025-08-05 17:10:17,420 - Review.reviews.sectorial_review - INFO - Loading reference data...
2025-08-05 17:10:26,082 - werkzeug - INFO -  * Detected change in 'C:\\Users\\CSonneveld\\OneDrive - Euronext\\Documents\\Projects\\GUI + Reviews\\Review\\reviews\\sectorial_review.py', reloading
2025-08-05 17:10:26,082 - werkzeug - INFO -  * Detected change in 'C:\\Users\\CSonneveld\\OneDrive - Euronext\\Documents\\Projects\\GUI + Reviews\\Review\\reviews\\sectorial_review.py', reloading
2025-08-05 17:10:26,082 - werkzeug - INFO -  * Detected change in 'C:\\Users\\CSonneveld\\OneDrive - Euronext\\Documents\\Projects\\GUI + Reviews\\Review\\reviews\\sectorial_review.py', reloading
2025-08-05 17:10:26,204 - Review.reviews.sectorial_review - INFO - Processing all 30 sectorial indices...
2025-08-05 17:10:26,204 - Review.reviews.sectorial_review - INFO - Processing TECHP...
2025-08-05 17:10:26,304 - Review.reviews.sectorial_review - INFO - Applied capping to 2 companies in TECHP
2025-08-05 17:10:26,304 - Review.reviews.sectorial_review - INFO -   ASML HOLDING: 0.5925 -> 0.2000 (CF: 0.3376)
2025-08-05 17:10:26,304 - Review.reviews.sectorial_review - INFO -   SAP: 0.6750 -> 0.2000 (CF: 0.2963)
2025-08-05 17:10:26,304 - Review.reviews.sectorial_review - INFO - Total weight after capping for TECHP: 1.488438
2025-08-05 17:10:26,316 - Review.reviews.sectorial_review - INFO - Processing ENRGP...
2025-08-05 17:10:26,375 - Review.reviews.sectorial_review - INFO - Applied capping to 3 companies in ENRGP
2025-08-05 17:10:26,375 - Review.reviews.sectorial_review - INFO -   SHELL PLC: 0.7526 -> 0.2000 (CF: 0.2657)
2025-08-05 17:10:26,375 - Review.reviews.sectorial_review - INFO -   SIEMENS ENERGY AG: 0.2417 -> 0.2000 (CF: 0.8276)
2025-08-05 17:10:26,375 - Review.reviews.sectorial_review - INFO -   TOTALENERGIES: 0.4551 -> 0.2000 (CF: 0.4395)
2025-08-05 17:10:26,375 - Review.reviews.sectorial_review - INFO - Total weight after capping for ENRGP: 1.230230
2025-08-05 17:10:26,381 - Review.reviews.sectorial_review - INFO - Processing UTIL...
2025-08-05 17:10:26,440 - Review.reviews.sectorial_review - INFO - Applied capping to 1 companies in UTIL
2025-08-05 17:10:26,440 - Review.reviews.sectorial_review - INFO -   IBERDROLA: 0.3012 -> 0.2000 (CF: 0.6639)
2025-08-05 17:10:26,440 - Review.reviews.sectorial_review - INFO - Total weight after capping for UTIL: 0.996666
2025-08-05 17:10:26,449 - Review.reviews.sectorial_review - INFO - Processing BASM...
2025-08-05 17:10:26,461 - Review.reviews.sectorial_review - INFO - Applied capping to 2 companies in BASM
2025-08-05 17:10:26,461 - Review.reviews.sectorial_review - INFO -   AIR LIQUIDE: 0.6486 -> 0.2000 (CF: 0.3084)
2025-08-05 17:10:26,462 - Review.reviews.sectorial_review - INFO -   BASF: 0.2341 -> 0.2000 (CF: 0.8543)
2025-08-05 17:10:26,462 - Review.reviews.sectorial_review - INFO - Total weight after capping for BASM: 0.942323
2025-08-05 17:10:26,462 - Review.reviews.sectorial_review - INFO - Processing FINA...
2025-08-05 17:10:26,470 - Review.reviews.sectorial_review - INFO - Total weight after capping for FINA: 0.995894
2025-08-05 17:10:26,474 - Review.reviews.sectorial_review - INFO - Processing CSTA...
2025-08-05 17:10:26,531 - Review.reviews.sectorial_review - INFO - Applied capping to 1 companies in CSTA
2025-08-05 17:10:26,531 - Review.reviews.sectorial_review - INFO -   UNILEVER: 0.4433 -> 0.2000 (CF: 0.4512)
2025-08-05 17:10:26,534 - Review.reviews.sectorial_review - INFO - Total weight after capping for CSTA: 1.010817
2025-08-05 17:10:26,538 - Review.reviews.sectorial_review - INFO - Processing TELEP...
2025-08-05 17:10:26,655 - Review.reviews.sectorial_review - INFO - Applied capping to 1 companies in TELEP
2025-08-05 17:10:26,655 - Review.reviews.sectorial_review - INFO -   DEUTSCHE TELEKOM AG: 0.7975 -> 0.2000 (CF: 0.2508)
2025-08-05 17:10:26,655 - Review.reviews.sectorial_review - INFO - Total weight after capping for TELEP: 1.319142
2025-08-05 17:10:26,664 - Review.reviews.sectorial_review - INFO - Processing HEAC...
2025-08-05 17:10:26,668 - Review.reviews.sectorial_review - INFO - Applied capping to 2 companies in HEAC
2025-08-05 17:10:26,669 - Review.reviews.sectorial_review - INFO -   ESSILORLUXOTTICA: 0.2348 -> 0.2000 (CF: 0.8517)
2025-08-05 17:10:26,669 - Review.reviews.sectorial_review - INFO -   SANOFI: 0.2858 -> 0.2000 (CF: 0.6997)
2025-08-05 17:10:26,669 - Review.reviews.sectorial_review - INFO - Total weight after capping for HEAC: 1.026127
2025-08-05 17:10:26,674 - Review.reviews.sectorial_review - INFO - Processing INDU...
2025-08-05 17:10:26,675 - Review.reviews.sectorial_review - INFO - Total weight after capping for INDU: 1.013771
2025-08-05 17:10:26,680 - Review.reviews.sectorial_review - INFO - Processing CDIS...
2025-08-05 17:10:26,681 - Review.reviews.sectorial_review - INFO - Total weight after capping for CDIS: 0.923049
2025-08-05 17:10:26,686 - Review.reviews.sectorial_review - INFO - Processing TBMA...
2025-08-05 17:10:26,688 - Review.reviews.sectorial_review - INFO - Total weight after capping for TBMA: 0.981912
2025-08-05 17:10:26,689 - Review.reviews.sectorial_review - INFO - Processing TCDI...
2025-08-05 17:10:26,697 - Review.reviews.sectorial_review - INFO - Applied capping to 1 companies in TCDI
2025-08-05 17:10:26,698 - Review.reviews.sectorial_review - INFO -   AMAZON: 0.2359 -> 0.2000 (CF: 0.8477)
2025-08-05 17:10:26,698 - Review.reviews.sectorial_review - INFO - Total weight after capping for TCDI: 0.975589
2025-08-05 17:10:26,700 - Review.reviews.sectorial_review - INFO - Processing TCST...
2025-08-05 17:10:26,700 - Review.reviews.sectorial_review - INFO - Total weight after capping for TCST: 1.003806
2025-08-05 17:10:26,708 - Review.reviews.sectorial_review - INFO - Processing TENR...
2025-08-05 17:10:26,711 - Review.reviews.sectorial_review - INFO - Total weight after capping for TENR: 1.000122
2025-08-05 17:10:26,712 - Review.reviews.sectorial_review - INFO - Processing TFINP...
2025-08-05 17:10:26,712 - Review.reviews.sectorial_review - INFO - Total weight after capping for TFINP: 1.001363
2025-08-05 17:10:26,722 - Review.reviews.sectorial_review - INFO - Processing THEC...
2025-08-05 17:10:26,724 - Review.reviews.sectorial_review - INFO - Total weight after capping for THEC: 0.984623
2025-08-05 17:10:26,729 - Review.reviews.sectorial_review - INFO - Processing TIND...
2025-08-05 17:10:26,731 - Review.reviews.sectorial_review - INFO - Total weight after capping for TIND: 1.009319
2025-08-05 17:10:26,735 - Review.reviews.sectorial_review - INFO - Processing TTEC...
2025-08-05 17:10:26,738 - Review.reviews.sectorial_review - INFO - Total weight after capping for TTEC: 1.004419
2025-08-05 17:10:26,742 - Review.reviews.sectorial_review - INFO - Processing TTEL...
2025-08-05 17:10:26,747 - Review.reviews.sectorial_review - INFO - Total weight after capping for TTEL: 1.000798
2025-08-05 17:10:26,750 - Review.reviews.sectorial_review - INFO - Processing TUTI...
2025-08-05 17:10:26,751 - Review.reviews.sectorial_review - INFO - Total weight after capping for TUTI: 1.006253
2025-08-05 17:10:26,757 - Review.reviews.sectorial_review - INFO - Processing UUTI...
2025-08-05 17:10:26,759 - Review.reviews.sectorial_review - INFO - Total weight after capping for UUTI: 1.003393
2025-08-05 17:10:26,764 - Review.reviews.sectorial_review - INFO - Processing UTEL...
2025-08-05 17:10:26,806 - Review.reviews.sectorial_review - INFO - Applied capping to 1 companies in UTEL
2025-08-05 17:10:26,806 - Review.reviews.sectorial_review - INFO -   CISCO SYSTEMS INC: 0.2526 -> 0.2000 (CF: 0.7918)
2025-08-05 17:10:26,806 - Review.reviews.sectorial_review - INFO - Total weight after capping for UTEL: 0.986067
2025-08-05 17:10:26,815 - Review.reviews.sectorial_review - INFO - Processing UTEC...
2025-08-05 17:10:26,815 - Review.reviews.sectorial_review - INFO - Total weight after capping for UTEC: 0.998752
2025-08-05 17:10:26,822 - Review.reviews.sectorial_review - INFO - Processing UIND...
2025-08-05 17:10:26,824 - Review.reviews.sectorial_review - INFO - Total weight after capping for UIND: 1.009649
2025-08-05 17:10:26,824 - Review.reviews.sectorial_review - INFO - Processing UHEC...
2025-08-05 17:10:26,831 - Review.reviews.sectorial_review - INFO - Total weight after capping for UHEC: 0.982955
2025-08-05 17:10:26,835 - Review.reviews.sectorial_review - INFO - Processing UFIN...
2025-08-05 17:10:26,836 - Review.reviews.sectorial_review - INFO - Total weight after capping for UFIN: 1.004780
2025-08-05 17:10:26,841 - Review.reviews.sectorial_review - INFO - Processing UENR...
