2025-02-03 15:13:03,197 - werkzeug - WARNING -  * Debugger is active!
2025-02-03 15:13:03,200 - werkzeug - INFO -  * Debugger PIN: 691-175-853
2025-02-03 15:13:03,386 - Review.reviews.bnew_review - INFO - Loading EOD data...
2025-02-03 15:13:05,753 - Review.reviews.bnew_review - INFO - Loading reference data...
2025-02-03 15:13:06,542 - Review.reviews.bnew_review - ERROR - Error during review calculation: 'Fx/Index Ccy'
2025-02-03 15:13:06,542 - Review.reviews.bnew_review - ERROR - Traceback (most recent call last):
  File "C:\Users\CSonneveld\AppData\Roaming\Python\Python312\site-packages\pandas\core\indexes\base.py", line 3805, in get_loc
    return self._engine.get_loc(casted_key)
           ^^^^^^^^^^^^^^^^^^^^^^^^^^^^^^^^
  File "index.pyx", line 167, in pandas._libs.index.IndexEngine.get_loc
  File "index.pyx", line 196, in pandas._libs.index.IndexEngine.get_loc
  File "pandas\\_libs\\hashtable_class_helper.pxi", line 7081, in pandas._libs.hashtable.PyObjectHashTable.get_item
  File "pandas\\_libs\\hashtable_class_helper.pxi", line 7089, in pandas._libs.hashtable.PyObjectHashTable.get_item
KeyError: 'Fx/Index Ccy'

The above exception was the direct cause of the following exception:

Traceback (most recent call last):
  File "C:\Users\CSonneveld\OneDrive - Euronext\Documents\Projects\GUI + Reviews\Review\reviews\bnew_review.py", line 133, in run_bnew_review
    aex_bel_df['Price in index currency'] = aex_bel_df['Close Prc_EOD'] * aex_bel_df['Fx/Index Ccy']
                                                                          ~~~~~~~~~~^^^^^^^^^^^^^^^^
  File "C:\Users\CSonneveld\AppData\Roaming\Python\Python312\site-packages\pandas\core\frame.py", line 4102, in __getitem__
    indexer = self.columns.get_loc(key)
              ^^^^^^^^^^^^^^^^^^^^^^^^^
  File "C:\Users\CSonneveld\AppData\Roaming\Python\Python312\site-packages\pandas\core\indexes\base.py", line 3812, in get_loc
    raise KeyError(key) from err
KeyError: 'Fx/Index Ccy'

2025-02-03 15:13:06,556 - werkzeug - INFO - 127.0.0.1 - - [03/Feb/2025 15:13:06] "POST /calculate HTTP/1.1" 200 -
2025-02-03 15:13:44,276 - werkzeug - INFO -  * Detected change in 'C:\\Users\\CSonneveld\\OneDrive - Euronext\\Documents\\Projects\\GUI + Reviews\\Review\\reviews\\bnew_review.py', reloading
2025-02-03 15:13:44,276 - werkzeug - INFO -  * Detected change in 'C:\\Users\\CSonneveld\\OneDrive - Euronext\\Documents\\Projects\\GUI + Reviews\\Review\\reviews\\bnew_review.py', reloading
2025-02-03 15:13:44,276 - werkzeug - INFO -  * Detected change in 'C:\\Users\\CSonneveld\\OneDrive - Euronext\\Documents\\Projects\\GUI + Reviews\\Review\\reviews\\bnew_review.py', reloading
