2025-09-15 16:37:17,597 - werkzeug - WARNING -  * Debugger is active!
2025-09-15 16:37:17,597 - werkzeug - INFO -  * Debugger PIN: 691-175-853
2025-09-15 16:37:18,504 - werkzeug - INFO - 127.0.0.1 - - [15/Sep/2025 16:37:18] "POST /calculate HTTP/1.1" 200 -
2025-09-15 16:37:18,504 - Review.reviews.frn4p_review - INFO - Loading EOD data...
2025-09-15 16:37:18,514 - werkzeug - INFO - 127.0.0.1 - - [15/Sep/2025 16:37:18] "GET /task-status/09c54ca5-a5ca-4acc-82bb-68857053cc83 HTTP/1.1" 200 -
2025-09-15 16:37:20,343 - Review.reviews.frn4p_review - INFO - Loading reference data...
2025-09-15 16:37:20,537 - werkzeug - INFO - 127.0.0.1 - - [15/Sep/2025 16:37:20] "GET /task-status/09c54ca5-a5ca-4acc-82bb-68857053cc83 HTTP/1.1" 200 -
2025-09-15 16:37:21,680 - Review.reviews.frn4p_review - ERROR - Error during review calculation: 'NoneType' object has no attribute 'rename'
2025-09-15 16:37:21,681 - Review.reviews.frn4p_review - ERROR - Traceback (most recent call last):
  File "C:\Users\CSonneveld\OneDrive - Euronext\Documents\Projects\GUI + Reviews\Review\reviews\frn4p_review.py", line 46, in run_frn4p_review
    .rename(columns={
     ^^^^^^
AttributeError: 'NoneType' object has no attribute 'rename'

2025-09-15 16:37:22,519 - werkzeug - INFO - 127.0.0.1 - - [15/Sep/2025 16:37:22] "GET /task-status/09c54ca5-a5ca-4acc-82bb-68857053cc83 HTTP/1.1" 200 -
2025-09-15 16:38:02,688 - werkzeug - INFO - 127.0.0.1 - - [15/Sep/2025 16:38:02] "POST /calculate HTTP/1.1" 200 -
2025-09-15 16:38:02,690 - Review.reviews.frn4p_review - INFO - Loading EOD data...
2025-09-15 16:38:02,694 - werkzeug - INFO - 127.0.0.1 - - [15/Sep/2025 16:38:02] "GET /task-status/89bc8d32-1431-40ee-85f8-149ab50c2f2c HTTP/1.1" 200 -
2025-09-15 16:38:04,541 - Review.reviews.frn4p_review - INFO - Loading reference data...
2025-09-15 16:38:04,711 - werkzeug - INFO - 127.0.0.1 - - [15/Sep/2025 16:38:04] "GET /task-status/89bc8d32-1431-40ee-85f8-149ab50c2f2c HTTP/1.1" 200 -
2025-09-15 16:38:05,903 - Review.reviews.frn4p_review - INFO - Selecting companies ranked 41-80 by FFMC (40 companies total)...
2025-09-15 16:38:05,903 - Review.reviews.frn4p_review - INFO - Saving FRN4P output to: C:\Users\CSonneveld\OneDrive - Euronext\Documents\Projects\GUI + Reviews\output\FRN4P_df_20250915_163805.xlsx
2025-09-15 16:38:06,698 - werkzeug - INFO - 127.0.0.1 - - [15/Sep/2025 16:38:06] "GET /task-status/89bc8d32-1431-40ee-85f8-149ab50c2f2c HTTP/1.1" 200 -
2025-09-15 16:39:13,963 - werkzeug - INFO - 127.0.0.1 - - [15/Sep/2025 16:39:13] "POST /calculate HTTP/1.1" 200 -
2025-09-15 16:39:13,963 - Review.reviews.frn4p_review - INFO - Loading EOD data...
2025-09-15 16:39:13,963 - werkzeug - INFO - 127.0.0.1 - - [15/Sep/2025 16:39:13] "GET /task-status/eaf180bf-0ddd-4ea4-8774-e158a5fccfa4 HTTP/1.1" 200 -
2025-09-15 16:39:15,965 - Review.reviews.frn4p_review - INFO - Loading reference data...
2025-09-15 16:39:15,970 - werkzeug - INFO - 127.0.0.1 - - [15/Sep/2025 16:39:15] "GET /task-status/eaf180bf-0ddd-4ea4-8774-e158a5fccfa4 HTTP/1.1" 200 -
2025-09-15 16:39:17,233 - Review.reviews.frn4p_review - INFO - Selecting companies ranked 41-80 by FFMC (40 companies total)...
2025-09-15 16:39:17,240 - Review.reviews.frn4p_review - INFO - Saving FRN4P output to: C:\Users\CSonneveld\OneDrive - Euronext\Documents\Projects\GUI + Reviews\output\FRN4P_df_20250915_163917.xlsx
2025-09-15 16:39:17,971 - werkzeug - INFO - 127.0.0.1 - - [15/Sep/2025 16:39:17] "GET /task-status/eaf180bf-0ddd-4ea4-8774-e158a5fccfa4 HTTP/1.1" 200 -
2025-09-15 16:39:21,921 - werkzeug - INFO - 127.0.0.1 - - [15/Sep/2025 16:39:21] "POST /calculate HTTP/1.1" 200 -
2025-09-15 16:39:21,922 - Review.reviews.frd4p_review - INFO - Loading EOD data...
2025-09-15 16:39:21,922 - werkzeug - INFO - 127.0.0.1 - - [15/Sep/2025 16:39:21] "GET /task-status/c69e06fd-4a8c-4e9f-b314-cc0da375b11d HTTP/1.1" 200 -
2025-09-15 16:39:22,663 - Review.reviews.frd4p_review - INFO - Loading reference data...
2025-09-15 16:39:23,937 - werkzeug - INFO - 127.0.0.1 - - [15/Sep/2025 16:39:23] "GET /task-status/c69e06fd-4a8c-4e9f-b314-cc0da375b11d HTTP/1.1" 200 -
2025-09-15 16:39:25,939 - werkzeug - INFO - 127.0.0.1 - - [15/Sep/2025 16:39:25] "GET /task-status/c69e06fd-4a8c-4e9f-b314-cc0da375b11d HTTP/1.1" 200 -
2025-09-15 16:39:27,937 - werkzeug - INFO - 127.0.0.1 - - [15/Sep/2025 16:39:27] "GET /task-status/c69e06fd-4a8c-4e9f-b314-cc0da375b11d HTTP/1.1" 200 -
2025-09-15 16:39:29,955 - werkzeug - INFO - 127.0.0.1 - - [15/Sep/2025 16:39:29] "GET /task-status/c69e06fd-4a8c-4e9f-b314-cc0da375b11d HTTP/1.1" 200 -
2025-09-15 16:39:31,941 - werkzeug - INFO - 127.0.0.1 - - [15/Sep/2025 16:39:31] "GET /task-status/c69e06fd-4a8c-4e9f-b314-cc0da375b11d HTTP/1.1" 200 -
2025-09-15 16:39:33,571 - Review.reviews.frd4p_review - INFO - Processing sector: 1010.0, area: AS, group size: 46
2025-09-15 16:39:33,571 - Review.reviews.frd4p_review - INFO - Companies in group: 46, to exclude: 9
2025-09-15 16:39:33,571 - Review.reviews.frd4p_review - INFO - Processing sector: 1010.0, area: EU, group size: 24
2025-09-15 16:39:33,571 - Review.reviews.frd4p_review - INFO - Companies in group: 24, to exclude: 4
2025-09-15 16:39:33,571 - Review.reviews.frd4p_review - INFO - Processing sector: 1010.0, area: NA, group size: 86
2025-09-15 16:39:33,571 - Review.reviews.frd4p_review - INFO - Companies in group: 86, to exclude: 17
2025-09-15 16:39:33,571 - Review.reviews.frd4p_review - INFO - Processing sector: 1510.0, area: AS, group size: 12
2025-09-15 16:39:33,571 - Review.reviews.frd4p_review - INFO - Companies in group: 12, to exclude: 2
2025-09-15 16:39:33,571 - Review.reviews.frd4p_review - INFO - Processing sector: 1510.0, area: EU, group size: 20
2025-09-15 16:39:33,571 - Review.reviews.frd4p_review - INFO - Companies in group: 20, to exclude: 3
2025-09-15 16:39:33,571 - Review.reviews.frd4p_review - INFO - Processing sector: 1510.0, area: NA, group size: 10
2025-09-15 16:39:33,571 - Review.reviews.frd4p_review - INFO - Companies in group: 10, to exclude: 1
2025-09-15 16:39:33,571 - Review.reviews.frd4p_review - INFO - Processing sector: 2010.0, area: AS, group size: 30
2025-09-15 16:39:33,571 - Review.reviews.frd4p_review - INFO - Companies in group: 30, to exclude: 5
2025-09-15 16:39:33,571 - Review.reviews.frd4p_review - INFO - Processing sector: 2010.0, area: EU, group size: 47
2025-09-15 16:39:33,571 - Review.reviews.frd4p_review - INFO - Companies in group: 47, to exclude: 9
2025-09-15 16:39:33,586 - Review.reviews.frd4p_review - INFO - Processing sector: 2010.0, area: NA, group size: 44
2025-09-15 16:39:33,586 - Review.reviews.frd4p_review - INFO - Companies in group: 44, to exclude: 8
2025-09-15 16:39:33,586 - Review.reviews.frd4p_review - INFO - Processing sector: 3010.0, area: AS, group size: 32
2025-09-15 16:39:33,587 - Review.reviews.frd4p_review - INFO - Companies in group: 32, to exclude: 6
2025-09-15 16:39:33,587 - Review.reviews.frd4p_review - INFO - Processing sector: 3010.0, area: EU, group size: 46
2025-09-15 16:39:33,587 - Review.reviews.frd4p_review - INFO - Companies in group: 46, to exclude: 9
2025-09-15 16:39:33,587 - Review.reviews.frd4p_review - INFO - Processing sector: 3010.0, area: NA, group size: 20
2025-09-15 16:39:33,587 - Review.reviews.frd4p_review - INFO - Companies in group: 20, to exclude: 3
2025-09-15 16:39:33,589 - Review.reviews.frd4p_review - INFO - Processing sector: 3020.0, area: AS, group size: 17
2025-09-15 16:39:33,589 - Review.reviews.frd4p_review - INFO - Companies in group: 17, to exclude: 3
2025-09-15 16:39:33,589 - Review.reviews.frd4p_review - INFO - Processing sector: 3020.0, area: EU, group size: 34
2025-09-15 16:39:33,589 - Review.reviews.frd4p_review - INFO - Companies in group: 34, to exclude: 6
2025-09-15 16:39:33,590 - Review.reviews.frd4p_review - INFO - Processing sector: 3020.0, area: NA, group size: 32
2025-09-15 16:39:33,590 - Review.reviews.frd4p_review - INFO - Companies in group: 32, to exclude: 6
2025-09-15 16:39:33,591 - Review.reviews.frd4p_review - INFO - Processing sector: 3030.0, area: AS, group size: 14
2025-09-15 16:39:33,591 - Review.reviews.frd4p_review - INFO - Companies in group: 14, to exclude: 2
2025-09-15 16:39:33,591 - Review.reviews.frd4p_review - INFO - Processing sector: 3030.0, area: EU, group size: 30
2025-09-15 16:39:33,592 - Review.reviews.frd4p_review - INFO - Companies in group: 30, to exclude: 5
2025-09-15 16:39:33,592 - Review.reviews.frd4p_review - INFO - Processing sector: 3030.0, area: NA, group size: 23
2025-09-15 16:39:33,592 - Review.reviews.frd4p_review - INFO - Companies in group: 23, to exclude: 4
2025-09-15 16:39:33,592 - Review.reviews.frd4p_review - INFO - Processing sector: 3510.0, area: AS, group size: 46
2025-09-15 16:39:33,593 - Review.reviews.frd4p_review - INFO - Companies in group: 46, to exclude: 9
2025-09-15 16:39:33,593 - Review.reviews.frd4p_review - INFO - Processing sector: 3510.0, area: EU, group size: 26
2025-09-15 16:39:33,593 - Review.reviews.frd4p_review - INFO - Companies in group: 26, to exclude: 5
2025-09-15 16:39:33,593 - Review.reviews.frd4p_review - INFO - Processing sector: 3510.0, area: NA, group size: 19
2025-09-15 16:39:33,594 - Review.reviews.frd4p_review - INFO - Companies in group: 19, to exclude: 3
2025-09-15 16:39:33,594 - Review.reviews.frd4p_review - INFO - Processing sector: 4010.0, area: AS, group size: 16
2025-09-15 16:39:33,594 - Review.reviews.frd4p_review - INFO - Companies in group: 16, to exclude: 3
2025-09-15 16:39:33,594 - Review.reviews.frd4p_review - INFO - Processing sector: 4010.0, area: EU, group size: 13
2025-09-15 16:39:33,594 - Review.reviews.frd4p_review - INFO - Companies in group: 13, to exclude: 2
2025-09-15 16:39:33,595 - Review.reviews.frd4p_review - INFO - Processing sector: 4010.0, area: NA, group size: 4
2025-09-15 16:39:33,595 - Review.reviews.frd4p_review - INFO - Companies in group: 4, to exclude: 0
2025-09-15 16:39:33,595 - Review.reviews.frd4p_review - WARNING - No companies to exclude for sector 4010.0 and area NA
2025-09-15 16:39:33,595 - Review.reviews.frd4p_review - INFO - Processing sector: 4020.0, area: AS, group size: 25
2025-09-15 16:39:33,595 - Review.reviews.frd4p_review - INFO - Companies in group: 25, to exclude: 4
2025-09-15 16:39:33,595 - Review.reviews.frd4p_review - INFO - Processing sector: 4020.0, area: EU, group size: 21
2025-09-15 16:39:33,596 - Review.reviews.frd4p_review - INFO - Companies in group: 21, to exclude: 4
2025-09-15 16:39:33,596 - Review.reviews.frd4p_review - INFO - Processing sector: 4020.0, area: NA, group size: 18
2025-09-15 16:39:33,596 - Review.reviews.frd4p_review - INFO - Companies in group: 18, to exclude: 3
2025-09-15 16:39:33,596 - Review.reviews.frd4p_review - INFO - Processing sector: 4030.0, area: AS, group size: 6
2025-09-15 16:39:33,597 - Review.reviews.frd4p_review - INFO - Companies in group: 6, to exclude: 1
2025-09-15 16:39:33,597 - Review.reviews.frd4p_review - INFO - Processing sector: 4030.0, area: EU, group size: 9
2025-09-15 16:39:33,597 - Review.reviews.frd4p_review - INFO - Companies in group: 9, to exclude: 1
2025-09-15 16:39:33,597 - Review.reviews.frd4p_review - INFO - Processing sector: 4030.0, area: NA, group size: 6
2025-09-15 16:39:33,597 - Review.reviews.frd4p_review - INFO - Companies in group: 6, to exclude: 1
2025-09-15 16:39:33,598 - Review.reviews.frd4p_review - INFO - Processing sector: 4040.0, area: AS, group size: 13
2025-09-15 16:39:33,598 - Review.reviews.frd4p_review - INFO - Companies in group: 13, to exclude: 2
2025-09-15 16:39:33,598 - Review.reviews.frd4p_review - INFO - Processing sector: 4040.0, area: EU, group size: 9
2025-09-15 16:39:33,598 - Review.reviews.frd4p_review - INFO - Companies in group: 9, to exclude: 1
2025-09-15 16:39:33,598 - Review.reviews.frd4p_review - INFO - Processing sector: 4040.0, area: NA, group size: 21
2025-09-15 16:39:33,599 - Review.reviews.frd4p_review - INFO - Companies in group: 21, to exclude: 4
2025-09-15 16:39:33,599 - Review.reviews.frd4p_review - INFO - Processing sector: 4050.0, area: AS, group size: 19
2025-09-15 16:39:33,599 - Review.reviews.frd4p_review - INFO - Companies in group: 19, to exclude: 3
2025-09-15 16:39:33,599 - Review.reviews.frd4p_review - INFO - Processing sector: 4050.0, area: EU, group size: 14
2025-09-15 16:39:33,599 - Review.reviews.frd4p_review - INFO - Companies in group: 14, to exclude: 2
2025-09-15 16:39:33,600 - Review.reviews.frd4p_review - INFO - Processing sector: 4050.0, area: NA, group size: 18
2025-09-15 16:39:33,600 - Review.reviews.frd4p_review - INFO - Companies in group: 18, to exclude: 3
2025-09-15 16:39:33,600 - Review.reviews.frd4p_review - INFO - Processing sector: 4510.0, area: AS, group size: 24
2025-09-15 16:39:33,600 - Review.reviews.frd4p_review - INFO - Companies in group: 24, to exclude: 4
2025-09-15 16:39:33,600 - Review.reviews.frd4p_review - INFO - Processing sector: 4510.0, area: EU, group size: 25
2025-09-15 16:39:33,601 - Review.reviews.frd4p_review - INFO - Companies in group: 25, to exclude: 4
2025-09-15 16:39:33,601 - Review.reviews.frd4p_review - INFO - Processing sector: 4510.0, area: NA, group size: 17
2025-09-15 16:39:33,601 - Review.reviews.frd4p_review - INFO - Companies in group: 17, to exclude: 3
2025-09-15 16:39:33,601 - Review.reviews.frd4p_review - INFO - Processing sector: 4520.0, area: AS, group size: 17
2025-09-15 16:39:33,601 - Review.reviews.frd4p_review - INFO - Companies in group: 17, to exclude: 3
2025-09-15 16:39:33,602 - Review.reviews.frd4p_review - INFO - Processing sector: 4520.0, area: EU, group size: 13
2025-09-15 16:39:33,602 - Review.reviews.frd4p_review - INFO - Companies in group: 13, to exclude: 2
2025-09-15 16:39:33,602 - Review.reviews.frd4p_review - INFO - Processing sector: 4520.0, area: NA, group size: 12
2025-09-15 16:39:33,603 - Review.reviews.frd4p_review - INFO - Companies in group: 12, to exclude: 2
2025-09-15 16:39:33,603 - Review.reviews.frd4p_review - INFO - Processing sector: 5010.0, area: AS, group size: 19
2025-09-15 16:39:33,604 - Review.reviews.frd4p_review - INFO - Companies in group: 19, to exclude: 3
2025-09-15 16:39:33,604 - Review.reviews.frd4p_review - INFO - Processing sector: 5010.0, area: EU, group size: 28
2025-09-15 16:39:33,604 - Review.reviews.frd4p_review - INFO - Companies in group: 28, to exclude: 5
2025-09-15 16:39:33,604 - Review.reviews.frd4p_review - INFO - Processing sector: 5010.0, area: NA, group size: 11
2025-09-15 16:39:33,605 - Review.reviews.frd4p_review - INFO - Companies in group: 11, to exclude: 2
2025-09-15 16:39:33,605 - Review.reviews.frd4p_review - INFO - Processing sector: 5020.0, area: AS, group size: 92
2025-09-15 16:39:33,606 - Review.reviews.frd4p_review - INFO - Companies in group: 92, to exclude: 18
2025-09-15 16:39:33,606 - Review.reviews.frd4p_review - INFO - Processing sector: 5020.0, area: EU, group size: 98
2025-09-15 16:39:33,606 - Review.reviews.frd4p_review - INFO - Companies in group: 98, to exclude: 19
2025-09-15 16:39:33,606 - Review.reviews.frd4p_review - INFO - Processing sector: 5020.0, area: NA, group size: 79
2025-09-15 16:39:33,607 - Review.reviews.frd4p_review - INFO - Companies in group: 79, to exclude: 15
2025-09-15 16:39:33,607 - Review.reviews.frd4p_review - INFO - Processing sector: 5510.0, area: AS, group size: 24
2025-09-15 16:39:33,607 - Review.reviews.frd4p_review - INFO - Companies in group: 24, to exclude: 4
2025-09-15 16:39:33,608 - Review.reviews.frd4p_review - INFO - Processing sector: 5510.0, area: EU, group size: 16
2025-09-15 16:39:33,608 - Review.reviews.frd4p_review - INFO - Companies in group: 16, to exclude: 3
2025-09-15 16:39:33,608 - Review.reviews.frd4p_review - INFO - Processing sector: 5510.0, area: NA, group size: 12
2025-09-15 16:39:33,609 - Review.reviews.frd4p_review - INFO - Companies in group: 12, to exclude: 2
2025-09-15 16:39:33,609 - Review.reviews.frd4p_review - INFO - Processing sector: 5520.0, area: AS, group size: 17
2025-09-15 16:39:33,609 - Review.reviews.frd4p_review - INFO - Companies in group: 17, to exclude: 3
2025-09-15 16:39:33,609 - Review.reviews.frd4p_review - INFO - Processing sector: 5520.0, area: EU, group size: 17
2025-09-15 16:39:33,610 - Review.reviews.frd4p_review - INFO - Companies in group: 17, to exclude: 3
2025-09-15 16:39:33,610 - Review.reviews.frd4p_review - INFO - Processing sector: 5520.0, area: NA, group size: 4
2025-09-15 16:39:33,610 - Review.reviews.frd4p_review - INFO - Companies in group: 4, to exclude: 0
2025-09-15 16:39:33,610 - Review.reviews.frd4p_review - WARNING - No companies to exclude for sector 5520.0 and area NA
2025-09-15 16:39:33,610 - Review.reviews.frd4p_review - INFO - Processing sector: 6010.0, area: AS, group size: 10
2025-09-15 16:39:33,610 - Review.reviews.frd4p_review - INFO - Companies in group: 10, to exclude: 1
2025-09-15 16:39:33,611 - Review.reviews.frd4p_review - INFO - Processing sector: 6010.0, area: EU, group size: 22
2025-09-15 16:39:33,611 - Review.reviews.frd4p_review - INFO - Companies in group: 22, to exclude: 4
2025-09-15 16:39:33,611 - Review.reviews.frd4p_review - INFO - Processing sector: 6010.0, area: NA, group size: 33
2025-09-15 16:39:33,611 - Review.reviews.frd4p_review - INFO - Companies in group: 33, to exclude: 6
2025-09-15 16:39:33,611 - Review.reviews.frd4p_review - INFO - Processing sector: 6510.0, area: AS, group size: 21
2025-09-15 16:39:33,612 - Review.reviews.frd4p_review - INFO - Companies in group: 21, to exclude: 4
2025-09-15 16:39:33,612 - Review.reviews.frd4p_review - INFO - Processing sector: 6510.0, area: EU, group size: 26
2025-09-15 16:39:33,612 - Review.reviews.frd4p_review - INFO - Companies in group: 26, to exclude: 5
2025-09-15 16:39:33,612 - Review.reviews.frd4p_review - INFO - Processing sector: 6510.0, area: NA, group size: 31
2025-09-15 16:39:33,613 - Review.reviews.frd4p_review - INFO - Companies in group: 31, to exclude: 6
2025-09-15 16:39:33,937 - werkzeug - INFO - 127.0.0.1 - - [15/Sep/2025 16:39:33] "GET /task-status/c69e06fd-4a8c-4e9f-b314-cc0da375b11d HTTP/1.1" 200 -
2025-09-15 16:39:35,937 - werkzeug - INFO - 127.0.0.1 - - [15/Sep/2025 16:39:35] "GET /task-status/c69e06fd-4a8c-4e9f-b314-cc0da375b11d HTTP/1.1" 200 -
2025-09-15 16:39:37,938 - werkzeug - INFO - 127.0.0.1 - - [15/Sep/2025 16:39:37] "GET /task-status/c69e06fd-4a8c-4e9f-b314-cc0da375b11d HTTP/1.1" 200 -
2025-09-15 16:39:39,934 - werkzeug - INFO - 127.0.0.1 - - [15/Sep/2025 16:39:39] "GET /task-status/c69e06fd-4a8c-4e9f-b314-cc0da375b11d HTTP/1.1" 200 -
2025-09-15 16:39:41,939 - werkzeug - INFO - 127.0.0.1 - - [15/Sep/2025 16:39:41] "GET /task-status/c69e06fd-4a8c-4e9f-b314-cc0da375b11d HTTP/1.1" 200 -
2025-09-15 16:39:43,938 - werkzeug - INFO - 127.0.0.1 - - [15/Sep/2025 16:39:43] "GET /task-status/c69e06fd-4a8c-4e9f-b314-cc0da375b11d HTTP/1.1" 200 -
2025-09-15 16:39:45,938 - werkzeug - INFO - 127.0.0.1 - - [15/Sep/2025 16:39:45] "GET /task-status/c69e06fd-4a8c-4e9f-b314-cc0da375b11d HTTP/1.1" 200 -
2025-09-15 16:39:48,008 - werkzeug - INFO - 127.0.0.1 - - [15/Sep/2025 16:39:48] "GET /task-status/c69e06fd-4a8c-4e9f-b314-cc0da375b11d HTTP/1.1" 200 -
2025-09-15 16:39:49,938 - werkzeug - INFO - 127.0.0.1 - - [15/Sep/2025 16:39:49] "GET /task-status/c69e06fd-4a8c-4e9f-b314-cc0da375b11d HTTP/1.1" 200 -
2025-09-15 16:39:50,920 - Review.reviews.frd4p_review - INFO - Checking IsinCode FRIX00003031 in index_eod_df
2025-09-15 16:39:50,920 - Review.reviews.frd4p_review - INFO - Found 1 matching rows
2025-09-15 16:39:50,944 - Review.reviews.frd4p_review - INFO - Saving FRD4P output to: C:\Users\CSonneveld\OneDrive - Euronext\Documents\Projects\GUI + Reviews\output\FRD4P_df_20250915_163950.xlsx
2025-09-15 16:39:51,938 - werkzeug - INFO - 127.0.0.1 - - [15/Sep/2025 16:39:51] "GET /task-status/c69e06fd-4a8c-4e9f-b314-cc0da375b11d HTTP/1.1" 200 -
