2025-07-17 17:08:49,633 - werkzeug - WARNING -  * Debugger is active!
2025-07-17 17:08:49,633 - werkzeug - INFO -  * Debugger PIN: 691-175-853
2025-07-17 17:08:55,624 - Review.reviews.frecp_review - INFO - Loading EOD data...
2025-07-17 17:08:58,970 - Review.reviews.frecp_review - INFO - Loading reference data...
2025-07-17 17:09:00,591 - Review.reviews.frecp_review - ERROR - Error during review calculation: "['Free Float_original'] not found in axis"
2025-07-17 17:09:00,599 - werkzeug - INFO -  * Detected change in 'C:\\Users\\CSonneveld\\AppData\\Roaming\\Python\\Python312\\site-packages\\pandas\\core\\frame.py', reloading
2025-07-17 17:09:00,602 - werkzeug - INFO -  * Detected change in 'C:\\Users\\CSonneveld\\AppData\\Roaming\\Python\\Python312\\site-packages\\pandas\\core\\generic.py', reloading
2025-07-17 17:09:00,604 - Review.reviews.frecp_review - ERROR - Traceback (most recent call last):
  File "C:\Users\CSonneveld\OneDrive - Euronext\Documents\Projects\GUI + Reviews\Review\reviews\frecp_review.py", line 95, in run_frecp_review
    .drop(['ISIN Code:', 'Free Float_original'], axis=1)  # Drop the temporary columns
     ^^^^^^^^^^^^^^^^^^^^^^^^^^^^^^^^^^^^^^^^^^^^^^^^^^^
  File "C:\Users\CSonneveld\AppData\Roaming\Python\Python312\site-packages\pandas\core\frame.py", line 5581, in drop
    return super().drop(
           ^^^^^^^^^^^^^
  File "C:\Users\CSonneveld\AppData\Roaming\Python\Python312\site-packages\pandas\core\generic.py", line 4788, in drop
    obj = obj._drop_axis(labels, axis, level=level, errors=errors)
          ^^^^^^^^^^^^^^^^^^^^^^^^^^^^^^^^^^^^^^^^^^^^^^^^^^^^^^^^
  File "C:\Users\CSonneveld\AppData\Roaming\Python\Python312\site-packages\pandas\core\generic.py", line 4830, in _drop_axis
    new_axis = axis.drop(labels, errors=errors)
               ^^^^^^^^^^^^^^^^^^^^^^^^^^^^^^^^
  File "C:\Users\CSonneveld\AppData\Roaming\Python\Python312\site-packages\pandas\core\indexes\base.py", line 7070, in drop
    raise KeyError(f"{labels[mask].tolist()} not found in axis")
KeyError: "['Free Float_original'] not found in axis"

2025-07-17 17:09:00,605 - werkzeug - INFO -  * Detected change in 'C:\\Users\\CSonneveld\\AppData\\Roaming\\Python\\Python312\\site-packages\\pandas\\core\\indexes\\base.py', reloading
2025-07-17 17:09:00,610 - werkzeug - INFO - 127.0.0.1 - - [17/Jul/2025 17:09:00] "POST /calculate HTTP/1.1" 200 -
