2025-04-14 11:20:32,458 - werkzeug - WARNING -  * Debugger is active!
2025-04-14 11:20:32,474 - werkzeug - INFO -  * Debugger PIN: 691-175-853
2025-04-14 11:20:33,323 - Review.reviews.lc100_review - INFO - Loading EOD data...
2025-04-14 11:20:34,008 - Review.reviews.lc100_review - INFO - Loading reference data...
2025-04-14 11:20:43,730 - Review.reviews.lc100_review - WARNING - Removed 18750 duplicate rows from cdp_climate_df
2025-04-14 11:20:43,735 - Review.reviews.lc100_review - INFO - Filtering universe for EU500 companies...
2025-04-14 11:20:43,737 - Review.reviews.lc100_review - INFO - Universe size after EU500 filter: 499
2025-04-14 11:20:43,738 - Review.reviews.lc100_review - INFO - Adding Free Float data...
2025-04-14 11:20:43,746 - Review.reviews.lc100_review - ERROR - Error during review calculation: 'Price'
2025-04-14 11:20:43,748 - werkzeug - INFO -  * Detected change in 'C:\\Users\\CSonneveld\\OneDrive - Euronext\\Documents\\Projects\\GUI + Reviews\\Review\\reviews\\lc100_review.py', reloading
2025-04-14 11:20:43,751 - werkzeug - INFO -  * Detected change in 'C:\\Users\\CSonneveld\\AppData\\Roaming\\Python\\Python312\\site-packages\\pandas\\core\\frame.py', reloading
2025-04-14 11:20:43,753 - werkzeug - INFO -  * Detected change in 'C:\\Users\\CSonneveld\\AppData\\Roaming\\Python\\Python312\\site-packages\\pandas\\core\\indexes\\base.py', reloading
2025-04-14 11:20:43,753 - Review.reviews.lc100_review - ERROR - Traceback (most recent call last):
  File "C:\Users\CSonneveld\AppData\Roaming\Python\Python312\site-packages\pandas\core\indexes\base.py", line 3805, in get_loc
    return self._engine.get_loc(casted_key)
           ^^^^^^^^^^^^^^^^^^^^^^^^^^^^^^^^
  File "index.pyx", line 167, in pandas._libs.index.IndexEngine.get_loc
  File "index.pyx", line 196, in pandas._libs.index.IndexEngine.get_loc
  File "pandas\\_libs\\hashtable_class_helper.pxi", line 7081, in pandas._libs.hashtable.PyObjectHashTable.get_item
  File "pandas\\_libs\\hashtable_class_helper.pxi", line 7089, in pandas._libs.hashtable.PyObjectHashTable.get_item
KeyError: 'Price'

The above exception was the direct cause of the following exception:

Traceback (most recent call last):
  File "C:\Users\CSonneveld\OneDrive - Euronext\Documents\Projects\GUI + Reviews\Review\reviews\lc100_review.py", line 126, in run_lc100_review
    universe_df['FFMC'] = universe_df['Number of Shares'] * universe_df['Price'] * universe_df['Free Float']
                                                            ~~~~~~~~~~~^^^^^^^^^
  File "C:\Users\CSonneveld\AppData\Roaming\Python\Python312\site-packages\pandas\core\frame.py", line 4102, in __getitem__
    indexer = self.columns.get_loc(key)
              ^^^^^^^^^^^^^^^^^^^^^^^^^
  File "C:\Users\CSonneveld\AppData\Roaming\Python\Python312\site-packages\pandas\core\indexes\base.py", line 3812, in get_loc
    raise KeyError(key) from err
KeyError: 'Price'

2025-04-14 11:20:43,778 - werkzeug - INFO - 127.0.0.1 - - [14/Apr/2025 11:20:43] "POST /calculate HTTP/1.1" 200 -
