2025-02-04 15:51:22,439 - werkzeug - WARNING -  * Debugger is active!
2025-02-04 15:51:22,439 - werkzeug - INFO -  * Debugger PIN: 691-175-853
2025-02-04 15:51:22,468 - Review.reviews.aexew_review - INFO - Loading EOD data...
2025-02-04 15:51:25,461 - Review.reviews.aexew_review - INFO - Loading reference data...
2025-02-04 15:51:25,471 - Review.reviews.aexew_review - INFO - Current folder: C:\Users\CSonneveld\OneDrive - Euronext\Documents\Projects\GUI + Reviews\202412
2025-02-04 15:51:25,471 - Review.reviews.aexew_review - INFO - Looking for file: C:\Users\CSonneveld\OneDrive - Euronext\Documents\Projects\GUI + Reviews\202412\AEX Family.xlsx
2025-02-04 15:51:25,480 - Review.reviews.aexew_review - INFO - Loaded ref_data: {'aex_family': None}
2025-02-04 15:51:25,480 - Review.reviews.aexew_review - ERROR - aex_family data is None
2025-02-04 15:51:25,481 - Review.reviews.aexew_review - ERROR - Available sheets in file:
2025-02-04 15:51:25,482 - Review.reviews.aexew_review - ERROR - Error during review calculation: [Errno 13] Permission denied: 'C:\\Users\\CSonneveld\\OneDrive - Euronext\\Documents\\Projects\\GUI + Reviews\\202412\\AEX Family.xlsx'
2025-02-04 15:51:25,485 - Review.reviews.aexew_review - ERROR - Traceback (most recent call last):
  File "C:\Users\CSonneveld\OneDrive - Euronext\Documents\Projects\GUI + Reviews\Review\reviews\aexew_review.py", line 45, in run_aexew_review
    xls = pd.ExcelFile(file_path)
          ^^^^^^^^^^^^^^^^^^^^^^^
  File "C:\Users\CSonneveld\AppData\Roaming\Python\Python312\site-packages\pandas\io\excel\_base.py", line 1550, in __init__
    ext = inspect_excel_format(
          ^^^^^^^^^^^^^^^^^^^^^
  File "C:\Users\CSonneveld\AppData\Roaming\Python\Python312\site-packages\pandas\io\excel\_base.py", line 1402, in inspect_excel_format
    with get_handle(
         ^^^^^^^^^^^
  File "C:\Users\CSonneveld\AppData\Roaming\Python\Python312\site-packages\pandas\io\common.py", line 882, in get_handle
    handle = open(handle, ioargs.mode)
             ^^^^^^^^^^^^^^^^^^^^^^^^^
PermissionError: [Errno 13] Permission denied: 'C:\\Users\\CSonneveld\\OneDrive - Euronext\\Documents\\Projects\\GUI + Reviews\\202412\\AEX Family.xlsx'

2025-02-04 15:51:25,485 - werkzeug - INFO -  * Detected change in 'C:\\Users\\CSonneveld\\AppData\\Roaming\\Python\\Python312\\site-packages\\pandas\\io\\common.py', reloading
2025-02-04 15:51:25,491 - werkzeug - INFO - 127.0.0.1 - - [04/Feb/2025 15:51:25] "POST /calculate HTTP/1.1" 200 -
