2025-01-28 10:02:12,175 - werkzeug - WARNING -  * Debugger is active!
2025-01-28 10:02:12,178 - werkzeug - INFO -  * Debugger PIN: 691-175-853
2025-01-28 10:02:13,286 - Review.reviews.gicp_review - INFO - Loading EOD data...
2025-01-28 10:02:13,869 - Review.reviews.gicp_review - INFO - Loading reference data...
2025-01-28 10:02:20,708 - Review.reviews.gicp_review - INFO - Processing market data...
2025-01-28 10:02:20,783 - Review.reviews.gicp_review - INFO - Category_1 weight: 12.0000% (target: 12.0000%)
2025-01-28 10:02:20,784 - Review.reviews.gicp_review - INFO - Category_2 weight: 12.0000% (target: 12.0000%)
2025-01-28 10:02:20,791 - Review.reviews.gicp_review - INFO - Category_3 weight: 12.0000% (target: 12.0000%)
2025-01-28 10:02:20,792 - Review.reviews.gicp_review - INFO - Category_4 weight: 12.0000% (target: 12.0000%)
2025-01-28 10:02:20,793 - Review.reviews.gicp_review - INFO - Category_5 weight: 12.0000% (target: 12.0000%)
2025-01-28 10:02:20,793 - Review.reviews.gicp_review - INFO - Category_6 weight: 20.0000% (target: 20.0000%)
2025-01-28 10:02:20,794 - Review.reviews.gicp_review - INFO - Category_7 weight: 20.0000% (target: 20.0000%)
2025-01-28 10:02:20,795 - Review.reviews.gicp_review - INFO - 
Final Weight Verification:
2025-01-28 10:02:20,795 - Review.reviews.gicp_review - INFO - Category_1 final weight: 12.0000%
2025-01-28 10:02:20,796 - Review.reviews.gicp_review - INFO - Category_2 final weight: 12.0000%
2025-01-28 10:02:20,796 - Review.reviews.gicp_review - INFO - Category_3 final weight: 12.0000%
2025-01-28 10:02:20,797 - Review.reviews.gicp_review - INFO - Category_4 final weight: 12.0000%
2025-01-28 10:02:20,797 - Review.reviews.gicp_review - INFO - Category_5 final weight: 12.0000%
2025-01-28 10:02:20,798 - Review.reviews.gicp_review - INFO - Category_6 final weight: 20.0000%
2025-01-28 10:02:20,798 - Review.reviews.gicp_review - INFO - Category_7 final weight: 20.0000%
2025-01-28 10:02:20,799 - Review.reviews.gicp_review - INFO - Maximum constituent weight: 10.0000%
2025-01-28 10:02:20,800 - Review.reviews.gicp_review - INFO - Saving GICP output to: C:\Users\CSonneveld\OneDrive - Euronext\Documents\Projects\GUI + Reviews\output\GICP_df_20250128_100220.xlsx
2025-01-28 10:02:22,830 - werkzeug - INFO - 127.0.0.1 - - [28/Jan/2025 10:02:22] "POST /calculate HTTP/1.1" 200 -
2025-01-28 10:15:01,626 - werkzeug - INFO -  * Detected change in 'C:\\Users\\CSonneveld\\OneDrive - Euronext\\Documents\\Projects\\GUI + Reviews\\Review\\reviews\\f4rip_review.py', reloading
2025-01-28 10:15:01,627 - werkzeug - INFO -  * Detected change in 'C:\\Users\\CSonneveld\\OneDrive - Euronext\\Documents\\Projects\\GUI + Reviews\\Review\\reviews\\f4rip_review.py', reloading
