2025-01-31 15:05:40,149 - werkzeug - WARNING -  * Debugger is active!
2025-01-31 15:05:40,152 - werkzeug - INFO -  * Debugger PIN: 691-175-853
2025-01-31 15:05:46,028 - Review.reviews.aerdp_review - INFO - Loading EOD data...
2025-01-31 15:05:47,005 - Review.reviews.aerdp_review - ERROR - Error during review calculation: [Errno 2] No such file or directory: 'V:\\PM-Indices-IndexOperations\\General\\Daily downloadfiles\\Monthly Archive\\TTMIndexEU1_GIS_EOD_STOCK_20241004.csv'
2025-01-31 15:05:47,008 - Review.reviews.aerdp_review - ERROR - Traceback (most recent call last):
  File "C:\Users\CSonneveld\OneDrive - Euronext\Documents\Projects\GUI + Reviews\Review\reviews\aerdp_review.py", line 45, in run_aerdp_review
    index_eod_df, stock_eod_df, stock_co_df = load_eod_data(date, co_date, area, area2, DLF_FOLDER)
                                              ^^^^^^^^^^^^^^^^^^^^^^^^^^^^^^^^^^^^^^^^^^^^^^^^^^^^^
  File "C:\Users\CSonneveld\OneDrive - Euronext\Documents\Projects\GUI + Reviews\utils\data_loader.py", line 25, in load_eod_data
    stock_co_eu_df = read_semicolon_csv(
                     ^^^^^^^^^^^^^^^^^^^
  File "C:\Users\CSonneveld\OneDrive - Euronext\Documents\Projects\GUI + Reviews\Review\functions.py", line 4, in read_semicolon_csv
    return pd.read_csv(file_path, sep=';', encoding=encoding)
           ^^^^^^^^^^^^^^^^^^^^^^^^^^^^^^^^^^^^^^^^^^^^^^^^^^
  File "C:\Users\CSonneveld\AppData\Roaming\Python\Python312\site-packages\pandas\io\parsers\readers.py", line 1026, in read_csv
    return _read(filepath_or_buffer, kwds)
           ^^^^^^^^^^^^^^^^^^^^^^^^^^^^^^^
  File "C:\Users\CSonneveld\AppData\Roaming\Python\Python312\site-packages\pandas\io\parsers\readers.py", line 620, in _read
    parser = TextFileReader(filepath_or_buffer, **kwds)
             ^^^^^^^^^^^^^^^^^^^^^^^^^^^^^^^^^^^^^^^^^^
  File "C:\Users\CSonneveld\AppData\Roaming\Python\Python312\site-packages\pandas\io\parsers\readers.py", line 1620, in __init__
    self._engine = self._make_engine(f, self.engine)
                   ^^^^^^^^^^^^^^^^^^^^^^^^^^^^^^^^^
  File "C:\Users\CSonneveld\AppData\Roaming\Python\Python312\site-packages\pandas\io\parsers\readers.py", line 1880, in _make_engine
    self.handles = get_handle(
                   ^^^^^^^^^^^
  File "C:\Users\CSonneveld\AppData\Roaming\Python\Python312\site-packages\pandas\io\common.py", line 873, in get_handle
    handle = open(
             ^^^^^
FileNotFoundError: [Errno 2] No such file or directory: 'V:\\PM-Indices-IndexOperations\\General\\Daily downloadfiles\\Monthly Archive\\TTMIndexEU1_GIS_EOD_STOCK_20241004.csv'

2025-01-31 15:05:47,016 - werkzeug - INFO - 127.0.0.1 - - [31/Jan/2025 15:05:47] "POST /calculate HTTP/1.1" 200 -
2025-01-31 15:14:24,833 - Review.reviews.aerdp_review - INFO - Loading EOD data...
2025-01-31 15:14:27,138 - Review.reviews.aerdp_review - INFO - Loading reference data...
2025-01-31 15:14:34,145 - Review.reviews.aerdp_review - ERROR - Error during review calculation: '3 months aver. Turnover EUR'
2025-01-31 15:14:34,149 - Review.reviews.aerdp_review - ERROR - Traceback (most recent call last):
  File "C:\Users\CSonneveld\AppData\Roaming\Python\Python312\site-packages\pandas\core\indexes\base.py", line 3805, in get_loc
    return self._engine.get_loc(casted_key)
           ^^^^^^^^^^^^^^^^^^^^^^^^^^^^^^^^
  File "index.pyx", line 167, in pandas._libs.index.IndexEngine.get_loc
  File "index.pyx", line 196, in pandas._libs.index.IndexEngine.get_loc
  File "pandas\\_libs\\hashtable_class_helper.pxi", line 7081, in pandas._libs.hashtable.PyObjectHashTable.get_item
  File "pandas\\_libs\\hashtable_class_helper.pxi", line 7089, in pandas._libs.hashtable.PyObjectHashTable.get_item
KeyError: '3 months aver. Turnover EUR'

The above exception was the direct cause of the following exception:

Traceback (most recent call last):
  File "C:\Users\CSonneveld\OneDrive - Euronext\Documents\Projects\GUI + Reviews\Review\reviews\aerdp_review.py", line 136, in run_aerdp_review
    (developed_market_df['3 months aver. Turnover EUR'] > 4000000)
     ~~~~~~~~~~~~~~~~~~~^^^^^^^^^^^^^^^^^^^^^^^^^^^^^^^
  File "C:\Users\CSonneveld\AppData\Roaming\Python\Python312\site-packages\pandas\core\frame.py", line 4102, in __getitem__
    indexer = self.columns.get_loc(key)
              ^^^^^^^^^^^^^^^^^^^^^^^^^
  File "C:\Users\CSonneveld\AppData\Roaming\Python\Python312\site-packages\pandas\core\indexes\base.py", line 3812, in get_loc
    raise KeyError(key) from err
KeyError: '3 months aver. Turnover EUR'

2025-01-31 15:14:34,162 - werkzeug - INFO - 127.0.0.1 - - [31/Jan/2025 15:14:34] "POST /calculate HTTP/1.1" 200 -
2025-01-31 15:16:36,771 - Review.reviews.aerdp_review - INFO - Loading EOD data...
2025-01-31 15:16:38,708 - Review.reviews.aerdp_review - INFO - Loading reference data...
2025-01-31 15:16:45,570 - Review.reviews.aerdp_review - INFO - Saving AERDP output to: C:\Users\CSonneveld\OneDrive - Euronext\Documents\Projects\GUI + Reviews\output\AERDP_df_20250131_151645.xlsx
2025-01-31 15:16:45,965 - werkzeug - INFO - 127.0.0.1 - - [31/Jan/2025 15:16:45] "POST /calculate HTTP/1.1" 200 -
2025-01-31 15:52:27,311 - werkzeug - INFO -  * Detected change in 'C:\\Users\\CSonneveld\\OneDrive - Euronext\\Documents\\Projects\\GUI + Reviews\\Review\\reviews\\aerdp_review.py', reloading
2025-01-31 15:52:27,312 - werkzeug - INFO -  * Detected change in 'C:\\Users\\CSonneveld\\OneDrive - Euronext\\Documents\\Projects\\GUI + Reviews\\Review\\reviews\\aerdp_review.py', reloading
