2025-01-22 14:44:35,211 - werkzeug - WARNING -  * Debugger is active!
2025-01-22 14:44:35,214 - werkzeug - INFO -  * Debugger PIN: 691-175-853
2025-01-22 14:44:35,241 - Review.reviews.f4rip_review - INFO - Loading EOD data...
2025-01-22 14:44:36,281 - Review.reviews.f4rip_review - INFO - Loading reference data...
2025-01-22 14:44:36,857 - Review.reviews.f4rip_review - ERROR - Error during review calculation: 'PX1'
2025-01-22 14:44:36,860 - Review.reviews.f4rip_review - ERROR - Traceback (most recent call last):
  File "C:\Users\CSonneveld\AppData\Roaming\Python\Python312\site-packages\pandas\core\indexes\base.py", line 3805, in get_loc
    return self._engine.get_loc(casted_key)
           ^^^^^^^^^^^^^^^^^^^^^^^^^^^^^^^^
  File "index.pyx", line 167, in pandas._libs.index.IndexEngine.get_loc
  File "index.pyx", line 196, in pandas._libs.index.IndexEngine.get_loc
  File "pandas\\_libs\\hashtable_class_helper.pxi", line 7081, in pandas._libs.hashtable.PyObjectHashTable.get_item
  File "pandas\\_libs\\hashtable_class_helper.pxi", line 7089, in pandas._libs.hashtable.PyObjectHashTable.get_item
KeyError: 'PX1'

The above exception was the direct cause of the following exception:

Traceback (most recent call last):
  File "C:\Users\CSonneveld\OneDrive - Euronext\Documents\Projects\GUI + Reviews\Review\reviews\f4rip_review.py", line 56, in run_f4rip_review
    PX1_df = ref_data['cac_family']['PX1']
             ~~~~~~~~~~~~~~~~~~~~~~^^^^^^^
  File "C:\Users\CSonneveld\AppData\Roaming\Python\Python312\site-packages\pandas\core\frame.py", line 4102, in __getitem__
    indexer = self.columns.get_loc(key)
              ^^^^^^^^^^^^^^^^^^^^^^^^^
  File "C:\Users\CSonneveld\AppData\Roaming\Python\Python312\site-packages\pandas\core\indexes\base.py", line 3812, in get_loc
    raise KeyError(key) from err
KeyError: 'PX1'

2025-01-22 14:44:36,868 - werkzeug - INFO - 127.0.0.1 - - [22/Jan/2025 14:44:36] "POST /calculate HTTP/1.1" 200 -
2025-01-22 14:45:10,781 - werkzeug - INFO -  * Detected change in 'C:\\Users\\CSonneveld\\OneDrive - Euronext\\Documents\\Projects\\GUI + Reviews\\Review\\reviews\\f4rip_review.py', reloading
2025-01-22 14:45:10,787 - werkzeug - INFO -  * Detected change in 'C:\\Users\\CSonneveld\\OneDrive - Euronext\\Documents\\Projects\\GUI + Reviews\\Review\\reviews\\f4rip_review.py', reloading
2025-01-22 14:45:10,787 - werkzeug - INFO -  * Detected change in 'C:\\Users\\CSonneveld\\OneDrive - Euronext\\Documents\\Projects\\GUI + Reviews\\Review\\reviews\\f4rip_review.py', reloading
