2025-01-21 11:01:02,299 - werkzeug - WARNING -  * Debugger is active!
2025-01-21 11:01:02,301 - werkzeug - INFO -  * Debugger PIN: 691-175-853
2025-01-21 11:01:17,963 - Review.reviews.frd4p_review - INFO - Processing sector: 1010.0, area: AS, group size: 45
2025-01-21 11:01:17,964 - Review.reviews.frd4p_review - INFO - Companies in group: 45, to exclude: 8
2025-01-21 11:01:17,964 - Review.reviews.frd4p_review - INFO - Processing sector: 1010.0, area: EU, group size: 20
2025-01-21 11:01:17,965 - Review.reviews.frd4p_review - INFO - Companies in group: 20, to exclude: 3
2025-01-21 11:01:17,965 - Review.reviews.frd4p_review - INFO - Processing sector: 1010.0, area: NA, group size: 72
2025-01-21 11:01:17,966 - Review.reviews.frd4p_review - INFO - Companies in group: 72, to exclude: 14
2025-01-21 11:01:17,966 - Review.reviews.frd4p_review - INFO - Processing sector: 1510.0, area: AS, group size: 12
2025-01-21 11:01:17,966 - Review.reviews.frd4p_review - INFO - Companies in group: 12, to exclude: 2
2025-01-21 11:01:17,967 - Review.reviews.frd4p_review - INFO - Processing sector: 1510.0, area: EU, group size: 17
2025-01-21 11:01:17,967 - Review.reviews.frd4p_review - INFO - Companies in group: 17, to exclude: 3
2025-01-21 11:01:17,967 - Review.reviews.frd4p_review - INFO - Processing sector: 1510.0, area: NA, group size: 10
2025-01-21 11:01:17,968 - Review.reviews.frd4p_review - INFO - Companies in group: 10, to exclude: 1
2025-01-21 11:01:17,968 - Review.reviews.frd4p_review - INFO - Processing sector: 2010.0, area: AS, group size: 31
2025-01-21 11:01:17,968 - Review.reviews.frd4p_review - INFO - Companies in group: 31, to exclude: 6
2025-01-21 11:01:17,969 - Review.reviews.frd4p_review - INFO - Processing sector: 2010.0, area: EU, group size: 47
2025-01-21 11:01:17,969 - Review.reviews.frd4p_review - INFO - Companies in group: 47, to exclude: 9
2025-01-21 11:01:17,970 - Review.reviews.frd4p_review - INFO - Processing sector: 2010.0, area: NA, group size: 48
2025-01-21 11:01:17,971 - Review.reviews.frd4p_review - INFO - Companies in group: 48, to exclude: 9
2025-01-21 11:01:17,971 - Review.reviews.frd4p_review - INFO - Processing sector: 3010.0, area: AS, group size: 29
2025-01-21 11:01:17,972 - Review.reviews.frd4p_review - INFO - Companies in group: 29, to exclude: 5
2025-01-21 11:01:17,972 - Review.reviews.frd4p_review - INFO - Processing sector: 3010.0, area: EU, group size: 40
2025-01-21 11:01:17,973 - Review.reviews.frd4p_review - INFO - Companies in group: 40, to exclude: 7
2025-01-21 11:01:17,973 - Review.reviews.frd4p_review - INFO - Processing sector: 3010.0, area: NA, group size: 21
2025-01-21 11:01:17,974 - Review.reviews.frd4p_review - INFO - Companies in group: 21, to exclude: 4
2025-01-21 11:01:17,974 - Review.reviews.frd4p_review - INFO - Processing sector: 3020.0, area: AS, group size: 15
2025-01-21 11:01:17,975 - Review.reviews.frd4p_review - INFO - Companies in group: 15, to exclude: 2
2025-01-21 11:01:17,975 - Review.reviews.frd4p_review - INFO - Processing sector: 3020.0, area: EU, group size: 30
2025-01-21 11:01:17,976 - Review.reviews.frd4p_review - INFO - Companies in group: 30, to exclude: 5
2025-01-21 11:01:17,976 - Review.reviews.frd4p_review - INFO - Processing sector: 3020.0, area: NA, group size: 32
2025-01-21 11:01:17,976 - Review.reviews.frd4p_review - INFO - Companies in group: 32, to exclude: 6
2025-01-21 11:01:17,977 - Review.reviews.frd4p_review - INFO - Processing sector: 3030.0, area: AS, group size: 14
2025-01-21 11:01:17,977 - Review.reviews.frd4p_review - INFO - Companies in group: 14, to exclude: 2
2025-01-21 11:01:17,977 - Review.reviews.frd4p_review - INFO - Processing sector: 3030.0, area: EU, group size: 30
2025-01-21 11:01:17,978 - Review.reviews.frd4p_review - INFO - Companies in group: 30, to exclude: 5
2025-01-21 11:01:17,978 - Review.reviews.frd4p_review - INFO - Processing sector: 3030.0, area: NA, group size: 23
2025-01-21 11:01:17,979 - Review.reviews.frd4p_review - INFO - Companies in group: 23, to exclude: 4
2025-01-21 11:01:17,979 - Review.reviews.frd4p_review - INFO - Processing sector: 3510.0, area: AS, group size: 47
2025-01-21 11:01:17,979 - Review.reviews.frd4p_review - INFO - Companies in group: 47, to exclude: 9
2025-01-21 11:01:17,980 - Review.reviews.frd4p_review - INFO - Processing sector: 3510.0, area: EU, group size: 21
2025-01-21 11:01:17,980 - Review.reviews.frd4p_review - INFO - Companies in group: 21, to exclude: 4
2025-01-21 11:01:17,980 - Review.reviews.frd4p_review - INFO - Processing sector: 3510.0, area: NA, group size: 22
2025-01-21 11:01:17,981 - Review.reviews.frd4p_review - INFO - Companies in group: 22, to exclude: 4
2025-01-21 11:01:17,981 - Review.reviews.frd4p_review - INFO - Processing sector: 4010.0, area: AS, group size: 15
2025-01-21 11:01:17,981 - Review.reviews.frd4p_review - INFO - Companies in group: 15, to exclude: 2
2025-01-21 11:01:17,981 - Review.reviews.frd4p_review - INFO - Processing sector: 4010.0, area: EU, group size: 12
2025-01-21 11:01:17,982 - Review.reviews.frd4p_review - INFO - Companies in group: 12, to exclude: 2
2025-01-21 11:01:17,982 - Review.reviews.frd4p_review - INFO - Processing sector: 4010.0, area: NA, group size: 4
2025-01-21 11:01:17,982 - Review.reviews.frd4p_review - INFO - Companies in group: 4, to exclude: 0
2025-01-21 11:01:17,982 - Review.reviews.frd4p_review - WARNING - No companies to exclude for sector 4010.0 and area NA
2025-01-21 11:01:17,983 - Review.reviews.frd4p_review - INFO - Processing sector: 4020.0, area: AS, group size: 28
2025-01-21 11:01:17,983 - Review.reviews.frd4p_review - INFO - Companies in group: 28, to exclude: 5
2025-01-21 11:01:17,983 - Review.reviews.frd4p_review - INFO - Processing sector: 4020.0, area: EU, group size: 22
2025-01-21 11:01:17,984 - Review.reviews.frd4p_review - INFO - Companies in group: 22, to exclude: 4
2025-01-21 11:01:17,984 - Review.reviews.frd4p_review - INFO - Processing sector: 4020.0, area: NA, group size: 16
2025-01-21 11:01:17,985 - Review.reviews.frd4p_review - INFO - Companies in group: 16, to exclude: 3
2025-01-21 11:01:17,985 - Review.reviews.frd4p_review - INFO - Processing sector: 4030.0, area: AS, group size: 7
2025-01-21 11:01:17,986 - Review.reviews.frd4p_review - INFO - Companies in group: 7, to exclude: 1
2025-01-21 11:01:17,986 - Review.reviews.frd4p_review - INFO - Processing sector: 4030.0, area: EU, group size: 8
2025-01-21 11:01:17,987 - Review.reviews.frd4p_review - INFO - Companies in group: 8, to exclude: 1
2025-01-21 11:01:17,987 - Review.reviews.frd4p_review - INFO - Processing sector: 4030.0, area: NA, group size: 7
2025-01-21 11:01:17,988 - Review.reviews.frd4p_review - INFO - Companies in group: 7, to exclude: 1
2025-01-21 11:01:17,988 - Review.reviews.frd4p_review - INFO - Processing sector: 4040.0, area: AS, group size: 14
2025-01-21 11:01:17,989 - Review.reviews.frd4p_review - INFO - Companies in group: 14, to exclude: 2
2025-01-21 11:01:17,989 - Review.reviews.frd4p_review - INFO - Processing sector: 4040.0, area: EU, group size: 10
2025-01-21 11:01:17,990 - Review.reviews.frd4p_review - INFO - Companies in group: 10, to exclude: 1
2025-01-21 11:01:17,990 - Review.reviews.frd4p_review - INFO - Processing sector: 4040.0, area: NA, group size: 18
2025-01-21 11:01:17,990 - Review.reviews.frd4p_review - INFO - Companies in group: 18, to exclude: 3
2025-01-21 11:01:17,991 - Review.reviews.frd4p_review - INFO - Processing sector: 4050.0, area: AS, group size: 19
2025-01-21 11:01:17,991 - Review.reviews.frd4p_review - INFO - Companies in group: 19, to exclude: 3
2025-01-21 11:01:17,991 - Review.reviews.frd4p_review - INFO - Processing sector: 4050.0, area: EU, group size: 13
2025-01-21 11:01:17,992 - Review.reviews.frd4p_review - INFO - Companies in group: 13, to exclude: 2
2025-01-21 11:01:17,992 - Review.reviews.frd4p_review - INFO - Processing sector: 4050.0, area: NA, group size: 21
2025-01-21 11:01:17,993 - Review.reviews.frd4p_review - INFO - Companies in group: 21, to exclude: 4
2025-01-21 11:01:17,993 - Review.reviews.frd4p_review - INFO - Processing sector: 4510.0, area: AS, group size: 24
2025-01-21 11:01:17,993 - Review.reviews.frd4p_review - INFO - Companies in group: 24, to exclude: 4
2025-01-21 11:01:17,994 - Review.reviews.frd4p_review - INFO - Processing sector: 4510.0, area: EU, group size: 27
2025-01-21 11:01:17,994 - Review.reviews.frd4p_review - INFO - Companies in group: 27, to exclude: 5
2025-01-21 11:01:17,995 - Review.reviews.frd4p_review - INFO - Processing sector: 4510.0, area: NA, group size: 16
2025-01-21 11:01:17,995 - Review.reviews.frd4p_review - INFO - Companies in group: 16, to exclude: 3
2025-01-21 11:01:17,996 - Review.reviews.frd4p_review - INFO - Processing sector: 4520.0, area: AS, group size: 14
2025-01-21 11:01:17,996 - Review.reviews.frd4p_review - INFO - Companies in group: 14, to exclude: 2
2025-01-21 11:01:17,996 - Review.reviews.frd4p_review - INFO - Processing sector: 4520.0, area: EU, group size: 13
2025-01-21 11:01:17,997 - Review.reviews.frd4p_review - INFO - Companies in group: 13, to exclude: 2
2025-01-21 11:01:17,997 - Review.reviews.frd4p_review - INFO - Processing sector: 4520.0, area: NA, group size: 12
2025-01-21 11:01:17,997 - Review.reviews.frd4p_review - INFO - Companies in group: 12, to exclude: 2
2025-01-21 11:01:17,998 - Review.reviews.frd4p_review - INFO - Processing sector: 5010.0, area: AS, group size: 18
2025-01-21 11:01:17,998 - Review.reviews.frd4p_review - INFO - Companies in group: 18, to exclude: 3
2025-01-21 11:01:17,998 - Review.reviews.frd4p_review - INFO - Processing sector: 5010.0, area: EU, group size: 24
2025-01-21 11:01:17,999 - Review.reviews.frd4p_review - INFO - Companies in group: 24, to exclude: 4
2025-01-21 11:01:17,999 - Review.reviews.frd4p_review - INFO - Processing sector: 5010.0, area: NA, group size: 14
2025-01-21 11:01:18,000 - Review.reviews.frd4p_review - INFO - Companies in group: 14, to exclude: 2
2025-01-21 11:01:18,000 - Review.reviews.frd4p_review - INFO - Processing sector: 5020.0, area: AS, group size: 100
2025-01-21 11:01:18,000 - Review.reviews.frd4p_review - INFO - Companies in group: 100, to exclude: 19
2025-01-21 11:01:18,001 - Review.reviews.frd4p_review - INFO - Processing sector: 5020.0, area: EU, group size: 91
2025-01-21 11:01:18,001 - Review.reviews.frd4p_review - INFO - Companies in group: 91, to exclude: 18
2025-01-21 11:01:18,002 - Review.reviews.frd4p_review - INFO - Processing sector: 5020.0, area: NA, group size: 81
2025-01-21 11:01:18,002 - Review.reviews.frd4p_review - INFO - Companies in group: 81, to exclude: 16
2025-01-21 11:01:18,003 - Review.reviews.frd4p_review - INFO - Processing sector: 5510.0, area: AS, group size: 18
2025-01-21 11:01:18,003 - Review.reviews.frd4p_review - INFO - Companies in group: 18, to exclude: 3
2025-01-21 11:01:18,004 - Review.reviews.frd4p_review - INFO - Processing sector: 5510.0, area: EU, group size: 13
2025-01-21 11:01:18,004 - Review.reviews.frd4p_review - INFO - Companies in group: 13, to exclude: 2
2025-01-21 11:01:18,005 - Review.reviews.frd4p_review - INFO - Processing sector: 5510.0, area: NA, group size: 12
2025-01-21 11:01:18,005 - Review.reviews.frd4p_review - INFO - Companies in group: 12, to exclude: 2
2025-01-21 11:01:18,005 - Review.reviews.frd4p_review - INFO - Processing sector: 5520.0, area: AS, group size: 18
2025-01-21 11:01:18,005 - Review.reviews.frd4p_review - INFO - Companies in group: 18, to exclude: 3
2025-01-21 11:01:18,006 - Review.reviews.frd4p_review - INFO - Processing sector: 5520.0, area: EU, group size: 16
2025-01-21 11:01:18,006 - Review.reviews.frd4p_review - INFO - Companies in group: 16, to exclude: 3
2025-01-21 11:01:18,006 - Review.reviews.frd4p_review - INFO - Processing sector: 5520.0, area: NA, group size: 6
2025-01-21 11:01:18,006 - Review.reviews.frd4p_review - INFO - Companies in group: 6, to exclude: 1
2025-01-21 11:01:18,007 - Review.reviews.frd4p_review - INFO - Processing sector: 6010.0, area: AS, group size: 10
2025-01-21 11:01:18,007 - Review.reviews.frd4p_review - INFO - Companies in group: 10, to exclude: 1
2025-01-21 11:01:18,007 - Review.reviews.frd4p_review - INFO - Processing sector: 6010.0, area: EU, group size: 20
2025-01-21 11:01:18,007 - Review.reviews.frd4p_review - INFO - Companies in group: 20, to exclude: 3
2025-01-21 11:01:18,007 - Review.reviews.frd4p_review - INFO - Processing sector: 6010.0, area: NA, group size: 34
2025-01-21 11:01:18,008 - Review.reviews.frd4p_review - INFO - Companies in group: 34, to exclude: 6
2025-01-21 11:01:18,008 - Review.reviews.frd4p_review - INFO - Processing sector: 6510.0, area: AS, group size: 22
2025-01-21 11:01:18,009 - Review.reviews.frd4p_review - INFO - Companies in group: 22, to exclude: 4
2025-01-21 11:01:18,009 - Review.reviews.frd4p_review - INFO - Processing sector: 6510.0, area: EU, group size: 26
2025-01-21 11:01:18,010 - Review.reviews.frd4p_review - INFO - Companies in group: 26, to exclude: 5
2025-01-21 11:01:18,010 - Review.reviews.frd4p_review - INFO - Processing sector: 6510.0, area: NA, group size: 31
2025-01-21 11:01:18,010 - Review.reviews.frd4p_review - INFO - Companies in group: 31, to exclude: 6
2025-01-21 11:01:30,427 - Review.reviews.frd4p_review - INFO - Checking IsinCode FRIX00003031 in index_eod_df
2025-01-21 11:01:30,427 - Review.reviews.frd4p_review - INFO - Found 1 matching rows
2025-01-21 11:01:30,435 - Review.reviews.frd4p_review - INFO - Saving FRD4P output to: C:\Users\CSonneveld\OneDrive - Euronext\Documents\Projects\GUI + Reviews\output\FRD4P_df_20250121_110130.xlsx
2025-01-21 11:01:30,847 - werkzeug - INFO - 127.0.0.1 - - [21/Jan/2025 11:01:30] "POST /calculate HTTP/1.1" 200 -
2025-01-21 11:01:40,865 - werkzeug - INFO -  * Detected change in 'C:\\Users\\CSonneveld\\OneDrive - Euronext\\Documents\\Projects\\GUI + Reviews\\Review\\reviews\\edwpt_review.py', reloading
