2025-04-10 20:27:23,775 - werkzeug - WARNING -  * Debugger is active!
2025-04-10 20:27:23,777 - werkzeug - INFO -  * Debugger PIN: 691-175-853
2025-04-10 20:27:52,756 - Review.reviews.lc100_review - INFO - Loading EOD data...
2025-04-10 20:28:11,993 - Review.reviews.lc100_review - INFO - Loading reference data...
2025-04-10 20:28:21,572 - Review.reviews.lc100_review - WARNING - Removed 18750 duplicate rows from cdp_climate_df
2025-04-10 20:28:21,574 - Review.reviews.lc100_review - INFO - Filtering universe for EU500 companies...
2025-04-10 20:28:21,575 - Review.reviews.lc100_review - INFO - Universe size after EU500 filter: 499
2025-04-10 20:28:21,582 - Review.reviews.lc100_review - INFO - Adding Free Float data...
2025-04-10 20:28:21,586 - Review.reviews.lc100_review - INFO - Adding ICB Subsector data...
2025-04-10 20:28:21,600 - Review.reviews.lc100_review - WARNING - Removed 9316 duplicate rows from ICB data
2025-04-10 20:28:21,687 - Review.reviews.lc100_review - INFO - Debug file saved to C:\Users\CSonneveld\OneDrive - Euronext\Documents\Projects\GUI + Reviews\debug\universe_df_after_nace_20250410_202821.xlsx
2025-04-10 20:28:21,687 - Review.reviews.lc100_review - INFO - Adding CDP Climate data...
2025-04-10 20:28:21,693 - Review.reviews.lc100_review - INFO - Adding Oekom Trust & Carbon data...
2025-04-10 20:28:21,695 - Review.reviews.lc100_review - INFO - Adding NACE data...
2025-04-10 20:28:21,698 - Review.reviews.lc100_review - INFO - Adding EU Taxonomy flag...
2025-04-10 20:28:21,698 - Review.reviews.lc100_review - INFO - Checking GAFI lists and Non-fiscally cooperative countries...
2025-04-10 20:28:21,699 - Review.reviews.lc100_review - INFO - Applying exclusion criteria...
2025-04-10 20:28:21,707 - Review.reviews.lc100_review - INFO - Marked 50 companies (10%) with worst SG scores for exclusion
2025-04-10 20:28:21,725 - Review.reviews.lc100_review - INFO - Calculating Climate Score for ranking...
2025-04-10 20:28:21,727 - Review.reviews.lc100_review - INFO - Selecting EU Taxonomy companies...
2025-04-10 20:28:21,728 - Review.reviews.lc100_review - INFO - Found 13 EU Taxonomy companies after exclusions
2025-04-10 20:28:21,729 - Review.reviews.lc100_review - INFO - Found 303 Non-EU Taxonomy eligible companies after exclusions
2025-04-10 20:28:21,729 - Review.reviews.lc100_review - INFO - STEP 4a: Determining target number of Non-EU Taxonomy companies per super-sector...
2025-04-10 20:28:21,729 - Review.reviews.lc100_review - INFO - Target number of Non-EU Taxonomy companies: 87
2025-04-10 20:28:21,730 - Review.reviews.lc100_review - INFO - Total eligible Non-EU Taxonomy companies: 303
2025-04-10 20:28:21,731 - Review.reviews.lc100_review - INFO - Total target after rounding: 98 (vs. target of 87)
2025-04-10 20:28:21,731 - Review.reviews.lc100_review - INFO - Need to remove 11 companies due to rounding up
2025-04-10 20:28:21,732 - Review.reviews.lc100_review - INFO - STEP 4b: Selecting Non-EU Taxonomy companies based on climate score...
2025-04-10 20:28:21,732 - Review.reviews.lc100_review - INFO - Selected 5 companies from super-sector 1010.0
2025-04-10 20:28:21,733 - Review.reviews.lc100_review - INFO - Selected 5 companies from super-sector 1510.0
2025-04-10 20:28:21,734 - Review.reviews.lc100_review - INFO - Selected 13 companies from super-sector 2010.0
2025-04-10 20:28:21,734 - Review.reviews.lc100_review - INFO - Selected 13 companies from super-sector 3010.0
2025-04-10 20:28:21,735 - Review.reviews.lc100_review - INFO - Selected 7 companies from super-sector 3020.0
2025-04-10 20:28:21,735 - Review.reviews.lc100_review - INFO - Selected 8 companies from super-sector 3030.0
2025-04-10 20:28:21,736 - Review.reviews.lc100_review - INFO - Selected 5 companies from super-sector 3510.0
2025-04-10 20:28:21,736 - Review.reviews.lc100_review - INFO - Selected 2 companies from super-sector 4010.0
2025-04-10 20:28:21,737 - Review.reviews.lc100_review - INFO - Selected 6 companies from super-sector 4020.0
2025-04-10 20:28:21,738 - Review.reviews.lc100_review - INFO - Selected 3 companies from super-sector 4030.0
2025-04-10 20:28:21,738 - Review.reviews.lc100_review - INFO - Selected 2 companies from super-sector 4040.0
2025-04-10 20:28:21,739 - Review.reviews.lc100_review - INFO - Selected 4 companies from super-sector 4050.0
2025-04-10 20:28:21,740 - Review.reviews.lc100_review - INFO - Selected 6 companies from super-sector 4510.0
2025-04-10 20:28:21,740 - Review.reviews.lc100_review - INFO - Selected 3 companies from super-sector 4520.0
2025-04-10 20:28:21,741 - Review.reviews.lc100_review - INFO - Selected 2 companies from super-sector 5010.0
2025-04-10 20:28:21,741 - Review.reviews.lc100_review - INFO - Selected 9 companies from super-sector 5020.0
2025-04-10 20:28:21,742 - Review.reviews.lc100_review - INFO - Selected 2 companies from super-sector 5510.0
2025-04-10 20:28:21,742 - Review.reviews.lc100_review - INFO - Selected 2 companies from super-sector 5520.0
2025-04-10 20:28:21,743 - Review.reviews.lc100_review - INFO - Selected 1 companies from super-sector 6510.0
2025-04-10 20:28:21,749 - Review.reviews.lc100_review - INFO - Initial selection has 98 companies, need to remove 11
2025-04-10 20:28:21,754 - Review.reviews.lc100_review - INFO - Removed company SE0012853455 from supersector 3020.0 (Climate Score: 2.9711404728789947)
2025-04-10 20:28:21,760 - Review.reviews.lc100_review - INFO - Removed company GB0005405286 from supersector 3010.0 (Climate Score: 2.6866666666666648)
2025-04-10 20:28:21,764 - Review.reviews.lc100_review - INFO - Removed company GB0004082847 from supersector 3010.0 (Climate Score: 2.585)
2025-04-10 20:28:21,769 - Review.reviews.lc100_review - INFO - Removed company GB00BPQY8M80 from supersector 3030.0 (Climate Score: 2.519710481764205)
2025-04-10 20:28:21,774 - Review.reviews.lc100_review - INFO - Removed company NO0003053605 from supersector 3030.0 (Climate Score: 2.45999707128425)
2025-04-10 20:28:21,779 - Review.reviews.lc100_review - INFO - Removed company GB00BM8PJY71 from supersector 3010.0 (Climate Score: 2.4596710826767954)
2025-04-10 20:28:21,784 - Review.reviews.lc100_review - INFO - Removed company GB00BYT1DJ19 from supersector 3020.0 (Climate Score: 2.458257086886375)
2025-04-10 20:28:21,789 - Review.reviews.lc100_review - INFO - Removed company GB00B0SWJX34 from supersector 3020.0 (Climate Score: 2.4582204139462247)
2025-04-10 20:28:21,794 - Review.reviews.lc100_review - INFO - Removed company GB0007099541 from supersector 3030.0 (Climate Score: 2.45)
2025-04-10 20:28:21,799 - Review.reviews.lc100_review - INFO - Removed company CH0011075394 from supersector 3030.0 (Climate Score: 2.39833333333333)
2025-04-10 20:28:21,803 - Review.reviews.lc100_review - INFO - Removed company FR0000121964 from supersector 3510.0 (Climate Score: 2.39735760225878)
2025-04-10 20:28:21,806 - Review.reviews.lc100_review - INFO - Final Non-EU Taxonomy selection has 87 companies
2025-04-10 20:28:21,806 - Review.reviews.lc100_review - INFO - Minimum companies per supersector: 1
2025-04-10 20:28:21,806 - Review.reviews.lc100_review - WARNING - Some supersectors have fewer than 2 companies! Minimum is 1
2025-04-10 20:28:22,038 - Review.reviews.lc100_review - INFO - Detailed selection steps saved to C:\Users\CSonneveld\OneDrive - Euronext\Documents\Projects\GUI + Reviews\output\non_eu_taxonomy_selection_steps_20250410_202821.xlsx
2025-04-10 20:28:22,040 - Review.reviews.lc100_review - INFO - Final selection contains 100 companies
2025-04-10 20:28:22,040 - Review.reviews.lc100_review - INFO - - EU Taxonomy: 13
2025-04-10 20:28:22,041 - Review.reviews.lc100_review - INFO - - Non-EU Taxonomy: 87
2025-04-10 20:28:22,041 - Review.reviews.lc100_review - INFO - Initial weight allocations:
2025-04-10 20:28:22,041 - Review.reviews.lc100_review - INFO - - EU Taxonomy pocket: 10.00%
2025-04-10 20:28:22,041 - Review.reviews.lc100_review - INFO - - Non-EU Taxonomy pocket: 90.00%
2025-04-10 20:28:22,042 - Review.reviews.lc100_review - INFO - Saving output files...
2025-04-10 20:28:22,309 - Review.reviews.lc100_review - INFO - Results saved to C:\Users\CSonneveld\OneDrive - Euronext\Documents\Projects\GUI + Reviews\output\LC100_review_20250410_202822.xlsx
2025-04-10 20:28:22,339 - werkzeug - INFO - 127.0.0.1 - - [10/Apr/2025 20:28:22] "POST /calculate HTTP/1.1" 200 -
2025-04-10 20:29:02,734 - werkzeug - INFO -  * Detected change in 'C:\\Users\\CSonneveld\\OneDrive - Euronext\\Documents\\Projects\\GUI + Reviews\\Review\\reviews\\lc100_review.py', reloading
2025-04-10 20:29:02,742 - werkzeug - INFO -  * Detected change in 'C:\\Users\\CSonneveld\\OneDrive - Euronext\\Documents\\Projects\\GUI + Reviews\\Review\\reviews\\lc100_review.py', reloading
2025-04-10 20:29:02,743 - werkzeug - INFO -  * Detected change in 'C:\\Users\\CSonneveld\\OneDrive - Euronext\\Documents\\Projects\\GUI + Reviews\\Review\\reviews\\lc100_review.py', reloading
2025-04-10 20:29:02,869 - werkzeug - INFO -  * Detected change in 'C:\\Users\\CSonneveld\\OneDrive - Euronext\\Documents\\Projects\\GUI + Reviews\\Review\\reviews\\lc100_review.py', reloading
2025-04-10 20:29:02,870 - werkzeug - INFO -  * Detected change in 'C:\\Users\\CSonneveld\\OneDrive - Euronext\\Documents\\Projects\\GUI + Reviews\\Review\\reviews\\lc100_review.py', reloading
2025-04-10 20:29:02,871 - werkzeug - INFO -  * Detected change in 'C:\\Users\\CSonneveld\\OneDrive - Euronext\\Documents\\Projects\\GUI + Reviews\\Review\\reviews\\lc100_review.py', reloading
