2025-02-05 10:52:02,388 - werkzeug - INFO - [31m[1mWARNING: This is a development server. Do not use it in a production deployment. Use a production WSGI server instead.[0m
 * Running on http://127.0.0.1:5000
2025-02-05 10:52:02,389 - werkzeug - INFO - [33mPress CTRL+C to quit[0m
2025-02-05 10:52:02,403 - werkzeug - INFO -  * Restarting with watchdog (windowsapi)
2025-02-05 10:52:02,869 - werkzeug - WARNING -  * Debugger is active!
2025-02-05 10:52:02,872 - werkzeug - INFO -  * Debugger PIN: 691-175-853
2025-02-05 10:52:04,538 - werkzeug - INFO - 127.0.0.1 - - [05/Feb/2025 10:52:04] "GET / HTTP/1.1" 200 -
2025-02-05 10:52:04,589 - werkzeug - INFO - 127.0.0.1 - - [05/Feb/2025 10:52:04] "[36mGET /static/images/Euronext_Logo-RGB_black.png HTTP/1.1[0m" 304 -
2025-02-05 10:52:04,733 - werkzeug - INFO -  * Detected change in 'C:\\Users\\CSonneveld\\OneDrive - Euronext\\Documents\\Projects\\GUI + Reviews\\Review\\review_logic.py', reloading
2025-02-05 10:52:04,734 - werkzeug - INFO -  * Detected change in 'C:\\Users\\CSonneveld\\OneDrive - Euronext\\Documents\\Projects\\GUI + Reviews\\Review\\review_logic.py', reloading
2025-02-05 10:52:05,008 - werkzeug - INFO -  * Restarting with watchdog (windowsapi)
2025-02-05 10:53:27,780 - werkzeug - INFO -  * Restarting with watchdog (windowsapi)
2025-02-05 10:54:11,310 - werkzeug - INFO -  * Restarting with watchdog (windowsapi)
2025-02-05 10:54:12,949 - werkzeug - INFO -  * Restarting with watchdog (windowsapi)
2025-02-05 10:54:33,955 - werkzeug - INFO -  * Restarting with watchdog (windowsapi)
2025-02-05 10:54:36,545 - werkzeug - INFO -  * Restarting with watchdog (windowsapi)
2025-02-05 10:56:09,872 - werkzeug - INFO -  * Restarting with watchdog (windowsapi)
2025-02-05 10:56:12,535 - werkzeug - INFO -  * Restarting with watchdog (windowsapi)
2025-02-05 10:57:01,822 - werkzeug - INFO -  * Restarting with watchdog (windowsapi)
2025-02-05 10:57:03,511 - werkzeug - INFO -  * Restarting with watchdog (windowsapi)
2025-02-05 10:57:30,649 - werkzeug - INFO -  * Restarting with watchdog (windowsapi)
2025-02-05 10:58:00,875 - werkzeug - INFO -  * Restarting with watchdog (windowsapi)
