2025-04-16 14:36:29,647 - werkzeug - WARNING -  * Debugger is active!
2025-04-16 14:36:29,653 - werkzeug - INFO -  * Debugger PIN: 691-175-853
2025-04-16 14:36:30,061 - Review.reviews.lc1ep_review - INFO - Loading EOD data...
2025-04-16 14:36:30,638 - Review.reviews.lc1ep_review - INFO - Loading reference data...
2025-04-16 14:36:40,253 - Review.reviews.lc1ep_review - WARNING - Removed 18750 duplicate rows from cdp_climate_df
2025-04-16 14:36:40,263 - Review.reviews.lc1ep_review - INFO - Filtering universe for EZ300 companies...
2025-04-16 14:36:40,263 - Review.reviews.lc1ep_review - INFO - Universe size after EZ300 filter: 300
2025-04-16 14:36:40,263 - Review.reviews.lc1ep_review - INFO - Adding Free Float data...
2025-04-16 14:36:40,293 - Review.reviews.lc1ep_review - INFO - Adding ICB Subsector data...
2025-04-16 14:36:40,309 - Review.reviews.lc1ep_review - WARNING - Removed 9314 duplicate rows from ICB data
2025-04-16 14:36:40,403 - Review.reviews.lc1ep_review - INFO - Debug file saved to C:\Users\CSonneveld\OneDrive - Euronext\Documents\Projects\GUI + Reviews\debug\universe_df_after_nace_20250416_143640.xlsx
2025-04-16 14:36:40,404 - Review.reviews.lc1ep_review - INFO - Adding CDP Climate data...
2025-04-16 14:36:40,408 - Review.reviews.lc1ep_review - INFO - Adding Oekom Trust & Carbon data...
2025-04-16 14:36:40,410 - Review.reviews.lc1ep_review - INFO - Adding NACE data...
2025-04-16 14:36:40,412 - Review.reviews.lc1ep_review - INFO - Adding EU Taxonomy flag...
2025-04-16 14:36:40,412 - Review.reviews.lc1ep_review - INFO - Checking GAFI lists and Non-fiscally cooperative countries...
2025-04-16 14:36:40,413 - Review.reviews.lc1ep_review - INFO - Applying exclusion criteria...
2025-04-16 14:36:40,420 - Review.reviews.lc1ep_review - INFO - Marked 30 companies (10%) with worst SG scores for exclusion
2025-04-16 14:36:40,439 - Review.reviews.lc1ep_review - INFO - Calculating Climate Score for ranking...
2025-04-16 14:36:40,441 - Review.reviews.lc1ep_review - INFO - Selecting EU Taxonomy companies...
2025-04-16 14:36:40,442 - Review.reviews.lc1ep_review - INFO - Found 13 EU Taxonomy companies after exclusions
2025-04-16 14:36:40,443 - Review.reviews.lc1ep_review - INFO - Found 170 Non-EU Taxonomy eligible companies after exclusions
2025-04-16 14:36:40,443 - Review.reviews.lc1ep_review - INFO - STEP 4a: Determining target number of Non-EU Taxonomy companies per super-sector...
2025-04-16 14:36:40,443 - Review.reviews.lc1ep_review - INFO - Target number of Non-EU Taxonomy companies: 87
2025-04-16 14:36:40,443 - Review.reviews.lc1ep_review - INFO - Total eligible Non-EU Taxonomy companies: 170
2025-04-16 14:36:40,443 - Review.reviews.lc1ep_review - INFO - Total target after rounding: 100 (vs. target of 87)
2025-04-16 14:36:40,443 - Review.reviews.lc1ep_review - INFO - Need to remove 13 companies due to rounding up
2025-04-16 14:36:40,443 - Review.reviews.lc1ep_review - INFO - STEP 4b: Selecting Non-EU Taxonomy companies based on climate score...
2025-04-16 14:36:40,443 - Review.reviews.lc1ep_review - ERROR - Error during review calculation: 'FFMC'
2025-04-16 14:36:40,450 - werkzeug - INFO -  * Detected change in 'C:\\Users\\CSonneveld\\AppData\\Roaming\\Python\\Python312\\site-packages\\pandas\\core\\frame.py', reloading
2025-04-16 14:36:40,452 - Review.reviews.lc1ep_review - ERROR - Traceback (most recent call last):
  File "C:\Users\CSonneveld\OneDrive - Euronext\Documents\Projects\GUI + Reviews\Review\reviews\lc1ep_review.py", line 648, in run_lc1ep_review
    supersector_companies = supersector_companies.sort_values(['climate_score', 'FFMC'],
                           ^^^^^^^^^^^^^^^^^^^^^^^^^^^^^^^^^^^^^^^^^^^^^^^^^^^^^^^^^^^^
  File "C:\Users\CSonneveld\AppData\Roaming\Python\Python312\site-packages\pandas\core\frame.py", line 7172, in sort_values
    keys = [self._get_label_or_level_values(x, axis=axis) for x in by]
            ^^^^^^^^^^^^^^^^^^^^^^^^^^^^^^^^^^^^^^^^^^^^^
  File "C:\Users\CSonneveld\AppData\Roaming\Python\Python312\site-packages\pandas\core\generic.py", line 1911, in _get_label_or_level_values
    raise KeyError(key)
KeyError: 'FFMC'

2025-04-16 14:36:40,452 - werkzeug - INFO -  * Detected change in 'C:\\Users\\CSonneveld\\AppData\\Roaming\\Python\\Python312\\site-packages\\pandas\\core\\generic.py', reloading
2025-04-16 14:36:40,477 - werkzeug - INFO - 127.0.0.1 - - [16/Apr/2025 14:36:40] "POST /calculate HTTP/1.1" 200 -
