2025-02-05 10:23:04,287 - werkzeug - WARNING -  * Debugger is active!
2025-02-05 10:23:04,289 - werkzeug - INFO -  * Debugger PIN: 691-175-853
2025-02-05 10:23:07,020 - Review.reviews.aexew_review - INFO - Loading EOD data...
2025-02-05 10:23:08,809 - Review.reviews.aexew_review - INFO - Loading reference data...
2025-02-05 10:23:09,079 - Review.reviews.aexew_review - ERROR - Error during review calculation: 'ISIN'
2025-02-05 10:23:09,083 - Review.reviews.aexew_review - ERROR - Traceback (most recent call last):
  File "C:\Users\CSonneveld\AppData\Roaming\Python\Python312\site-packages\pandas\core\indexes\base.py", line 3805, in get_loc
    return self._engine.get_loc(casted_key)
           ^^^^^^^^^^^^^^^^^^^^^^^^^^^^^^^^
  File "index.pyx", line 167, in pandas._libs.index.IndexEngine.get_loc
  File "index.pyx", line 196, in pandas._libs.index.IndexEngine.get_loc
  File "pandas\\_libs\\hashtable_class_helper.pxi", line 7081, in pandas._libs.hashtable.PyObjectHashTable.get_item
  File "pandas\\_libs\\hashtable_class_helper.pxi", line 7089, in pandas._libs.hashtable.PyObjectHashTable.get_item
KeyError: 'ISIN'

The above exception was the direct cause of the following exception:

Traceback (most recent call last):
  File "C:\Users\CSonneveld\OneDrive - Euronext\Documents\Projects\GUI + Reviews\Review\reviews\aexew_review.py", line 110, in run_aexew_review
    analysis_results = inclusion_exclusion_analysis(
                       ^^^^^^^^^^^^^^^^^^^^^^^^^^^^^
  File "C:\Users\CSonneveld\OneDrive - Euronext\Documents\Projects\GUI + Reviews\utils\inclusion_exclusion.py", line 23, in inclusion_exclusion_analysis
    selection_df['Inclusion'] = selection_df[isin_column].apply(lambda x: x not in isin_set)
                                ~~~~~~~~~~~~^^^^^^^^^^^^^
  File "C:\Users\CSonneveld\AppData\Roaming\Python\Python312\site-packages\pandas\core\frame.py", line 4102, in __getitem__
    indexer = self.columns.get_loc(key)
              ^^^^^^^^^^^^^^^^^^^^^^^^^
  File "C:\Users\CSonneveld\AppData\Roaming\Python\Python312\site-packages\pandas\core\indexes\base.py", line 3812, in get_loc
    raise KeyError(key) from err
KeyError: 'ISIN'

2025-02-05 10:23:09,091 - werkzeug - INFO - 127.0.0.1 - - [05/Feb/2025 10:23:09] "POST /calculate HTTP/1.1" 200 -
2025-02-05 10:26:20,231 - Review.reviews.aexew_review - INFO - Loading EOD data...
2025-02-05 10:26:21,912 - Review.reviews.aexew_review - INFO - Loading reference data...
2025-02-05 10:26:21,943 - Review.reviews.aexew_review - ERROR - Error during review calculation: [Errno 13] Permission denied: 'debug_output.xlsx'
2025-02-05 10:26:21,951 - werkzeug - INFO -  * Detected change in 'C:\\Users\\CSonneveld\\AppData\\Roaming\\Python\\Python312\\site-packages\\pandas\\util\\_decorators.py', reloading
2025-02-05 10:26:21,953 - werkzeug - INFO -  * Detected change in 'C:\\Users\\CSonneveld\\AppData\\Roaming\\Python\\Python312\\site-packages\\pandas\\core\\generic.py', reloading
2025-02-05 10:26:21,954 - werkzeug - INFO -  * Detected change in 'C:\\Users\\CSonneveld\\AppData\\Roaming\\Python\\Python312\\site-packages\\pandas\\io\\formats\\excel.py', reloading
2025-02-05 10:26:21,954 - werkzeug - INFO -  * Detected change in 'C:\\Users\\CSonneveld\\AppData\\Roaming\\Python\\Python312\\site-packages\\pandas\\io\\excel\\_xlsxwriter.py', reloading
2025-02-05 10:26:21,955 - werkzeug - INFO -  * Detected change in 'C:\\Users\\CSonneveld\\AppData\\Roaming\\Python\\Python312\\site-packages\\pandas\\io\\excel\\_base.py', reloading
2025-02-05 10:26:21,956 - Review.reviews.aexew_review - ERROR - Traceback (most recent call last):
  File "C:\Users\CSonneveld\OneDrive - Euronext\Documents\Projects\GUI + Reviews\Review\reviews\aexew_review.py", line 92, in run_aexew_review
    selection_df.to_excel('debug_output.xlsx', index=False)
  File "C:\Users\CSonneveld\AppData\Roaming\Python\Python312\site-packages\pandas\util\_decorators.py", line 333, in wrapper
    return func(*args, **kwargs)
           ^^^^^^^^^^^^^^^^^^^^^
  File "C:\Users\CSonneveld\AppData\Roaming\Python\Python312\site-packages\pandas\core\generic.py", line 2417, in to_excel
    formatter.write(
  File "C:\Users\CSonneveld\AppData\Roaming\Python\Python312\site-packages\pandas\io\formats\excel.py", line 943, in write
    writer = ExcelWriter(
             ^^^^^^^^^^^^
  File "C:\Users\CSonneveld\AppData\Roaming\Python\Python312\site-packages\pandas\io\excel\_xlsxwriter.py", line 204, in __init__
    super().__init__(
  File "C:\Users\CSonneveld\AppData\Roaming\Python\Python312\site-packages\pandas\io\excel\_base.py", line 1246, in __init__
    self._handles = get_handle(
                    ^^^^^^^^^^^
  File "C:\Users\CSonneveld\AppData\Roaming\Python\Python312\site-packages\pandas\io\common.py", line 882, in get_handle
    handle = open(handle, ioargs.mode)
             ^^^^^^^^^^^^^^^^^^^^^^^^^
PermissionError: [Errno 13] Permission denied: 'debug_output.xlsx'

2025-02-05 10:26:21,956 - werkzeug - INFO -  * Detected change in 'C:\\Users\\CSonneveld\\AppData\\Roaming\\Python\\Python312\\site-packages\\pandas\\io\\common.py', reloading
2025-02-05 10:26:21,962 - werkzeug - INFO - 127.0.0.1 - - [05/Feb/2025 10:26:21] "POST /calculate HTTP/1.1" 200 -
