2025-09-11 13:54:08,437 - werkzeug - WARNING -  * Debugger is active!
2025-09-11 13:54:08,440 - werkzeug - INFO -  * Debugger PIN: 691-175-853
2025-09-11 13:54:08,469 - werkzeug - INFO - 127.0.0.1 - - [11/Sep/2025 13:54:08] "[33mGET /task-status/65d0fc8e-f228-41fb-90a2-9ba42685787c HTTP/1.1[0m" 404 -
2025-09-11 13:54:09,667 - werkzeug - INFO - 127.0.0.1 - - [11/Sep/2025 13:54:09] "[33mGET /task-status/65d0fc8e-f228-41fb-90a2-9ba42685787c HTTP/1.1[0m" 404 -
2025-09-11 13:54:11,667 - werkzeug - INFO - 127.0.0.1 - - [11/Sep/2025 13:54:11] "[33mGET /task-status/65d0fc8e-f228-41fb-90a2-9ba42685787c HTTP/1.1[0m" 404 -
2025-09-11 13:54:13,667 - werkzeug - INFO - 127.0.0.1 - - [11/Sep/2025 13:54:13] "[33mGET /task-status/65d0fc8e-f228-41fb-90a2-9ba42685787c HTTP/1.1[0m" 404 -
2025-09-11 13:54:15,666 - werkzeug - INFO - 127.0.0.1 - - [11/Sep/2025 13:54:15] "[33mGET /task-status/65d0fc8e-f228-41fb-90a2-9ba42685787c HTTP/1.1[0m" 404 -
2025-09-11 13:54:17,673 - werkzeug - INFO - 127.0.0.1 - - [11/Sep/2025 13:54:17] "[33mGET /task-status/65d0fc8e-f228-41fb-90a2-9ba42685787c HTTP/1.1[0m" 404 -
2025-09-11 13:54:19,671 - werkzeug - INFO - 127.0.0.1 - - [11/Sep/2025 13:54:19] "[33mGET /task-status/65d0fc8e-f228-41fb-90a2-9ba42685787c HTTP/1.1[0m" 404 -
2025-09-11 13:54:21,671 - werkzeug - INFO - 127.0.0.1 - - [11/Sep/2025 13:54:21] "[33mGET /task-status/65d0fc8e-f228-41fb-90a2-9ba42685787c HTTP/1.1[0m" 404 -
2025-09-11 13:54:23,669 - werkzeug - INFO - 127.0.0.1 - - [11/Sep/2025 13:54:23] "[33mGET /task-status/65d0fc8e-f228-41fb-90a2-9ba42685787c HTTP/1.1[0m" 404 -
2025-09-11 13:54:25,672 - werkzeug - INFO - 127.0.0.1 - - [11/Sep/2025 13:54:25] "[33mGET /task-status/65d0fc8e-f228-41fb-90a2-9ba42685787c HTTP/1.1[0m" 404 -
2025-09-11 13:54:27,677 - werkzeug - INFO - 127.0.0.1 - - [11/Sep/2025 13:54:27] "[33mGET /task-status/65d0fc8e-f228-41fb-90a2-9ba42685787c HTTP/1.1[0m" 404 -
2025-09-11 13:54:29,669 - werkzeug - INFO - 127.0.0.1 - - [11/Sep/2025 13:54:29] "[33mGET /task-status/65d0fc8e-f228-41fb-90a2-9ba42685787c HTTP/1.1[0m" 404 -
2025-09-11 13:54:31,668 - werkzeug - INFO - 127.0.0.1 - - [11/Sep/2025 13:54:31] "[33mGET /task-status/65d0fc8e-f228-41fb-90a2-9ba42685787c HTTP/1.1[0m" 404 -
2025-09-11 13:54:33,667 - werkzeug - INFO - 127.0.0.1 - - [11/Sep/2025 13:54:33] "[33mGET /task-status/65d0fc8e-f228-41fb-90a2-9ba42685787c HTTP/1.1[0m" 404 -
2025-09-11 13:54:35,669 - werkzeug - INFO - 127.0.0.1 - - [11/Sep/2025 13:54:35] "[33mGET /task-status/65d0fc8e-f228-41fb-90a2-9ba42685787c HTTP/1.1[0m" 404 -
2025-09-11 13:54:37,673 - werkzeug - INFO - 127.0.0.1 - - [11/Sep/2025 13:54:37] "[33mGET /task-status/65d0fc8e-f228-41fb-90a2-9ba42685787c HTTP/1.1[0m" 404 -
2025-09-11 13:54:39,670 - werkzeug - INFO - 127.0.0.1 - - [11/Sep/2025 13:54:39] "[33mGET /task-status/65d0fc8e-f228-41fb-90a2-9ba42685787c HTTP/1.1[0m" 404 -
2025-09-11 13:54:40,293 - werkzeug - INFO - 127.0.0.1 - - [11/Sep/2025 13:54:40] "GET / HTTP/1.1" 200 -
2025-09-11 13:54:40,336 - werkzeug - INFO - 127.0.0.1 - - [11/Sep/2025 13:54:40] "[36mGET /static/images/Euronext_Logo-RGB_black.png HTTP/1.1[0m" 304 -
2025-09-11 13:54:47,424 - werkzeug - INFO - 127.0.0.1 - - [11/Sep/2025 13:54:47] "POST /calculate HTTP/1.1" 200 -
2025-09-11 13:54:47,424 - Review.reviews.edwp_review - INFO - Starting EDWP review calculation
2025-09-11 13:54:47,431 - werkzeug - INFO - 127.0.0.1 - - [11/Sep/2025 13:54:47] "GET /task-status/5b0a382a-19d9-476e-b895-b218ba94df0b HTTP/1.1" 200 -
2025-09-11 13:54:49,442 - werkzeug - INFO - 127.0.0.1 - - [11/Sep/2025 13:54:49] "GET /task-status/5b0a382a-19d9-476e-b895-b218ba94df0b HTTP/1.1" 200 -
2025-09-11 13:54:51,434 - werkzeug - INFO - 127.0.0.1 - - [11/Sep/2025 13:54:51] "GET /task-status/5b0a382a-19d9-476e-b895-b218ba94df0b HTTP/1.1" 200 -
2025-09-11 13:54:53,449 - werkzeug - INFO - 127.0.0.1 - - [11/Sep/2025 13:54:53] "GET /task-status/5b0a382a-19d9-476e-b895-b218ba94df0b HTTP/1.1" 200 -
2025-09-11 13:54:55,480 - werkzeug - INFO - 127.0.0.1 - - [11/Sep/2025 13:54:55] "GET /task-status/5b0a382a-19d9-476e-b895-b218ba94df0b HTTP/1.1" 200 -
2025-09-11 13:54:56,043 - Review.reviews.edwp_review - INFO - 
EDWP Selection Summary:
2025-09-11 13:54:56,044 - Review.reviews.edwp_review - INFO - Total companies selected: 1575
2025-09-11 13:54:56,045 - Review.reviews.edwp_review - INFO - Total FFMC covered: 88.95%
2025-09-11 13:54:56,078 - Review.reviews.edwp_review - INFO - 
DEUP Selection Summary:
2025-09-11 13:54:56,079 - Review.reviews.edwp_review - INFO - Total companies selected: 439
2025-09-11 13:54:56,080 - Review.reviews.edwp_review - INFO - Total FFMC covered: 88.58%
2025-09-11 13:54:56,102 - Review.reviews.edwp_review - INFO - 
DEZP Selection Summary:
2025-09-11 13:54:56,103 - Review.reviews.edwp_review - INFO - Total companies selected: 180
2025-09-11 13:54:56,104 - Review.reviews.edwp_review - INFO - Total FFMC covered: 88.05%
2025-09-11 13:54:56,124 - Review.reviews.edwp_review - INFO - 
DAPPR Selection Summary:
2025-09-11 13:54:56,125 - Review.reviews.edwp_review - INFO - Total companies selected: 505
2025-09-11 13:54:56,127 - Review.reviews.edwp_review - INFO - Total FFMC covered: 85.83%
2025-09-11 13:54:56,145 - Review.reviews.edwp_review - INFO - 
DNAP Selection Summary:
2025-09-11 13:54:56,146 - Review.reviews.edwp_review - INFO - Total companies selected: 452
2025-09-11 13:54:56,147 - Review.reviews.edwp_review - INFO - Total FFMC covered: 85.85%
2025-09-11 13:54:56,167 - Review.reviews.edwp_review - INFO - 
DASP Selection Summary:
2025-09-11 13:54:56,168 - Review.reviews.edwp_review - INFO - Total companies selected: 402
2025-09-11 13:54:56,169 - Review.reviews.edwp_review - INFO - Total FFMC covered: 85.55%
2025-09-11 13:54:56,178 - Review.reviews.edwp_review - INFO - 
DPAP Selection Summary:
2025-09-11 13:54:56,179 - Review.reviews.edwp_review - INFO - Total companies selected: 97
2025-09-11 13:54:56,180 - Review.reviews.edwp_review - INFO - Total FFMC covered: 85.95%
2025-09-11 13:54:56,196 - Review.reviews.edwp_review - INFO - 
EUSP Selection Summary:
2025-09-11 13:54:56,197 - Review.reviews.edwp_review - INFO - Total companies selected: 355
2025-09-11 13:54:56,198 - Review.reviews.edwp_review - INFO - Total FFMC covered: 85.01%
2025-09-11 13:54:56,209 - Review.reviews.edwp_review - INFO - 
EJPP Selection Summary:
2025-09-11 13:54:56,210 - Review.reviews.edwp_review - INFO - Total companies selected: 342
2025-09-11 13:54:56,211 - Review.reviews.edwp_review - INFO - Total FFMC covered: 85.01%
2025-09-11 13:54:56,217 - Review.reviews.edwp_review - INFO - 
ECHP Selection Summary:
2025-09-11 13:54:56,217 - Review.reviews.edwp_review - INFO - Total companies selected: 25
2025-09-11 13:54:56,218 - Review.reviews.edwp_review - INFO - Total FFMC covered: 85.01%
2025-09-11 13:54:56,225 - Review.reviews.edwp_review - INFO - 
EUKP Selection Summary:
2025-09-11 13:54:56,226 - Review.reviews.edwp_review - INFO - Total companies selected: 79
2025-09-11 13:54:56,227 - Review.reviews.edwp_review - INFO - Total FFMC covered: 85.17%
2025-09-11 13:54:56,233 - Review.reviews.edwp_review - INFO - 
CANP Selection Summary:
2025-09-11 13:54:56,234 - Review.reviews.edwp_review - INFO - Total companies selected: 74
2025-09-11 13:54:56,235 - Review.reviews.edwp_review - INFO - Total FFMC covered: 85.16%
2025-09-11 13:54:56,244 - Review.reviews.edwp_review - INFO - 
Global Selection Summary:
2025-09-11 13:54:56,245 - Review.reviews.edwp_review - INFO - Total companies selected: 1575
2025-09-11 13:54:56,246 - Review.reviews.edwp_review - INFO - Total FFMC covered: 88.74%
2025-09-11 13:54:56,250 - Review.reviews.edwp_review - INFO - 
MIC-level Summary:
2025-09-11 13:54:56,250 - Review.reviews.edwp_review - INFO -       ISIN          FFMC  EDWP_selection
MIC                                     
ALXP     1  9.883261e+08               0
BATS     1  2.199535e+10               1
DSME     1  1.942100e+07               0
FSME     2  4.560935e+08               0
MERK     2  2.434286e+08               0
MTAA   243  6.628353e+11              26
NEOE     1  4.880961e+07               0
SSME    16  5.302860e+09               0
WBAH    29  7.279940e+10               8
XAMS    81  1.180872e+12              18
XASE     3  7.511585e+09               0
XASX   897  1.503723e+12              77
XBRU    64  2.218685e+11              15
XCSE    98  3.906898e+11              15
XESM     2  1.791636e+09               0
XETR   231  1.834892e+12              32
XHEL   131  2.273515e+11              16
XHKG   266  5.355683e+11              24
XLIS    17  4.001595e+10               5
XLON   832  2.475530e+12              79
XMAD    97  6.461406e+11              13
XMSM    13  5.930509e+10               5
XNCM    34  9.657971e+10               0
XNGM    61  1.481313e+09               0
XNGS  2560  2.783051e+13             179
XNMS    63  1.747475e+11               0
XNYS  1715  2.615317e+13             360
XNZE    54  5.751231e+10              15
XOSL   227  1.836013e+11              40
XPAR   348  1.965679e+12              30
XSES   144  3.156131e+11              26
XSTO   606  7.184752e+11              73
XSWX   158  1.679296e+12              27
XTAE   285  2.310484e+11              75
XTKS  3667  5.319129e+12             342
XTSE   495  2.317030e+12              74
2025-09-11 13:54:56,276 - Review.reviews.edwp_review - INFO - Saving output to: C:\Users\CSonneveld\OneDrive - Euronext\Documents\Projects\GUI + Reviews\output\EDWP_df_20250911_135456.xlsx
2025-09-11 13:54:56,389 - Review.reviews.edwp_review - INFO - 
EDWP Changes Summary:
2025-09-11 13:54:56,389 - Review.reviews.edwp_review - INFO - Inclusions: 94
2025-09-11 13:54:56,390 - Review.reviews.edwp_review - INFO - Exclusions: 59
2025-09-11 13:54:56,412 - Review.reviews.edwp_review - INFO - 
DEUP Changes Summary:
2025-09-11 13:54:56,412 - Review.reviews.edwp_review - INFO - Inclusions: 17
2025-09-11 13:54:56,412 - Review.reviews.edwp_review - INFO - Exclusions: 14
2025-09-11 13:54:56,426 - Review.reviews.edwp_review - INFO - 
DEZP Changes Summary:
2025-09-11 13:54:56,426 - Review.reviews.edwp_review - INFO - Inclusions: 8
2025-09-11 13:54:56,426 - Review.reviews.edwp_review - INFO - Exclusions: 7
2025-09-11 13:54:56,492 - Review.reviews.edwp_review - INFO - 
DAPPR Changes Summary:
2025-09-11 13:54:56,492 - Review.reviews.edwp_review - INFO - Inclusions: 25
2025-09-11 13:54:56,492 - Review.reviews.edwp_review - INFO - Exclusions: 10
2025-09-11 13:54:56,517 - Review.reviews.edwp_review - INFO - 
DNAP Changes Summary:
2025-09-11 13:54:56,518 - Review.reviews.edwp_review - INFO - Inclusions: 24
2025-09-11 13:54:56,518 - Review.reviews.edwp_review - INFO - Exclusions: 23
2025-09-11 13:54:56,541 - Review.reviews.edwp_review - INFO - 
DASP Changes Summary:
2025-09-11 13:54:56,542 - Review.reviews.edwp_review - INFO - Inclusions: 20
2025-09-11 13:54:56,542 - Review.reviews.edwp_review - INFO - Exclusions: 8
2025-09-11 13:54:56,553 - Review.reviews.edwp_review - INFO - 
DPAP Changes Summary:
2025-09-11 13:54:56,554 - Review.reviews.edwp_review - INFO - Inclusions: 5
2025-09-11 13:54:56,554 - Review.reviews.edwp_review - INFO - Exclusions: 1
2025-09-11 13:54:56,576 - Review.reviews.edwp_review - INFO - 
EUSP Changes Summary:
2025-09-11 13:54:56,577 - Review.reviews.edwp_review - INFO - Inclusions: 16
2025-09-11 13:54:56,577 - Review.reviews.edwp_review - INFO - Exclusions: 23
2025-09-11 13:54:56,598 - Review.reviews.edwp_review - INFO - 
EJPP Changes Summary:
2025-09-11 13:54:56,598 - Review.reviews.edwp_review - INFO - Inclusions: 12
2025-09-11 13:54:56,599 - Review.reviews.edwp_review - INFO - Exclusions: 8
2025-09-11 13:54:56,608 - Review.reviews.edwp_review - INFO - 
ECHP Changes Summary:
2025-09-11 13:54:56,609 - Review.reviews.edwp_review - INFO - Inclusions: 2
2025-09-11 13:54:56,609 - Review.reviews.edwp_review - INFO - Exclusions: 3
2025-09-11 13:54:56,619 - Review.reviews.edwp_review - INFO - 
EUKP Changes Summary:
2025-09-11 13:54:56,619 - Review.reviews.edwp_review - INFO - Inclusions: 2
2025-09-11 13:54:56,619 - Review.reviews.edwp_review - INFO - Exclusions: 5
2025-09-11 13:54:56,630 - Review.reviews.edwp_review - INFO - 
CANP Changes Summary:
2025-09-11 13:54:56,630 - Review.reviews.edwp_review - INFO - Inclusions: 5
2025-09-11 13:54:56,631 - Review.reviews.edwp_review - INFO - Exclusions: 1
2025-09-11 13:54:57,524 - werkzeug - INFO - 127.0.0.1 - - [11/Sep/2025 13:54:57] "GET /task-status/5b0a382a-19d9-476e-b895-b218ba94df0b HTTP/1.1" 200 -
2025-09-11 13:54:59,478 - werkzeug - INFO - 127.0.0.1 - - [11/Sep/2025 13:54:59] "GET /task-status/5b0a382a-19d9-476e-b895-b218ba94df0b HTTP/1.1" 200 -
2025-09-11 13:55:00,995 - Review.reviews.edwp_review - INFO - Saving individual composition file for EDWP to: C:\Users\CSonneveld\OneDrive - Euronext\Documents\Projects\GUI + Reviews\output\EDWP_Composition_20250911_135456.xlsx
2025-09-11 13:55:01,120 - Review.reviews.edwp_review - INFO - Saving individual composition file for DEUP to: C:\Users\CSonneveld\OneDrive - Euronext\Documents\Projects\GUI + Reviews\output\DEUP_Composition_20250911_135456.xlsx
2025-09-11 13:55:01,158 - Review.reviews.edwp_review - INFO - Saving individual composition file for DEZP to: C:\Users\CSonneveld\OneDrive - Euronext\Documents\Projects\GUI + Reviews\output\DEZP_Composition_20250911_135456.xlsx
2025-09-11 13:55:01,181 - Review.reviews.edwp_review - INFO - Saving individual composition file for DAPPR to: C:\Users\CSonneveld\OneDrive - Euronext\Documents\Projects\GUI + Reviews\output\DAPPR_Composition_20250911_135456.xlsx
2025-09-11 13:55:01,226 - Review.reviews.edwp_review - INFO - Saving individual composition file for DNAP to: C:\Users\CSonneveld\OneDrive - Euronext\Documents\Projects\GUI + Reviews\output\DNAP_Composition_20250911_135456.xlsx
2025-09-11 13:55:01,261 - Review.reviews.edwp_review - INFO - Saving individual composition file for DASP to: C:\Users\CSonneveld\OneDrive - Euronext\Documents\Projects\GUI + Reviews\output\DASP_Composition_20250911_135456.xlsx
2025-09-11 13:55:01,299 - Review.reviews.edwp_review - INFO - Saving individual composition file for DPAP to: C:\Users\CSonneveld\OneDrive - Euronext\Documents\Projects\GUI + Reviews\output\DPAP_Composition_20250911_135456.xlsx
2025-09-11 13:55:01,317 - Review.reviews.edwp_review - INFO - Saving individual composition file for EUSP to: C:\Users\CSonneveld\OneDrive - Euronext\Documents\Projects\GUI + Reviews\output\EUSP_Composition_20250911_135456.xlsx
2025-09-11 13:55:01,349 - Review.reviews.edwp_review - INFO - Saving individual composition file for EJPP to: C:\Users\CSonneveld\OneDrive - Euronext\Documents\Projects\GUI + Reviews\output\EJPP_Composition_20250911_135456.xlsx
2025-09-11 13:55:01,382 - Review.reviews.edwp_review - INFO - Saving individual composition file for ECHP to: C:\Users\CSonneveld\OneDrive - Euronext\Documents\Projects\GUI + Reviews\output\ECHP_Composition_20250911_135456.xlsx
2025-09-11 13:55:01,398 - Review.reviews.edwp_review - INFO - Saving individual composition file for EUKP to: C:\Users\CSonneveld\OneDrive - Euronext\Documents\Projects\GUI + Reviews\output\EUKP_Composition_20250911_135456.xlsx
2025-09-11 13:55:01,421 - Review.reviews.edwp_review - INFO - Saving individual composition file for CANP to: C:\Users\CSonneveld\OneDrive - Euronext\Documents\Projects\GUI + Reviews\output\CANP_Composition_20250911_135456.xlsx
2025-09-11 13:55:01,435 - werkzeug - INFO - 127.0.0.1 - - [11/Sep/2025 13:55:01] "GET /task-status/5b0a382a-19d9-476e-b895-b218ba94df0b HTTP/1.1" 200 -
2025-09-11 13:55:01,447 - Review.reviews.edwp_review - INFO - Individual composition files saved: 12
2025-09-11 13:55:03,437 - werkzeug - INFO - 127.0.0.1 - - [11/Sep/2025 13:55:03] "GET /task-status/5b0a382a-19d9-476e-b895-b218ba94df0b HTTP/1.1" 200 -
2025-09-11 13:55:04,419 - werkzeug - INFO - 127.0.0.1 - - [11/Sep/2025 13:55:04] "POST /calculate HTTP/1.1" 200 -
2025-09-11 13:55:04,419 - Review.reviews.edwpt_review - INFO - Starting EDWPT review calculation
2025-09-11 13:55:04,424 - werkzeug - INFO - 127.0.0.1 - - [11/Sep/2025 13:55:04] "GET /task-status/f0b612d4-7cd5-4df5-93f7-570b7910b4b7 HTTP/1.1" 200 -
2025-09-11 13:55:06,431 - werkzeug - INFO - 127.0.0.1 - - [11/Sep/2025 13:55:06] "GET /task-status/f0b612d4-7cd5-4df5-93f7-570b7910b4b7 HTTP/1.1" 200 -
2025-09-11 13:55:08,439 - werkzeug - INFO - 127.0.0.1 - - [11/Sep/2025 13:55:08] "GET /task-status/f0b612d4-7cd5-4df5-93f7-570b7910b4b7 HTTP/1.1" 200 -
2025-09-11 13:55:10,114 - Review.reviews.edwpt_review - INFO - 
EDWPT Selection Summary:
2025-09-11 13:55:10,116 - Review.reviews.edwpt_review - INFO - Total companies selected: 5341
2025-09-11 13:55:10,118 - Review.reviews.edwpt_review - INFO - Total FFMC covered: 98.84%
2025-09-11 13:55:10,146 - Review.reviews.edwpt_review - INFO - 
DEUPT Selection Summary:
2025-09-11 13:55:10,147 - Review.reviews.edwpt_review - INFO - Total companies selected: 1298
2025-09-11 13:55:10,148 - Review.reviews.edwpt_review - INFO - Total FFMC covered: 98.66%
2025-09-11 13:55:10,168 - Review.reviews.edwpt_review - INFO - 
DEZPT Selection Summary:
2025-09-11 13:55:10,168 - Review.reviews.edwpt_review - INFO - Total companies selected: 504
2025-09-11 13:55:10,169 - Review.reviews.edwpt_review - INFO - Total FFMC covered: 98.47%
2025-09-11 13:55:10,188 - Review.reviews.edwpt_review - INFO - 
DAPPT Selection Summary:
2025-09-11 13:55:10,189 - Review.reviews.edwpt_review - INFO - Total companies selected: 1942
2025-09-11 13:55:10,190 - Review.reviews.edwpt_review - INFO - Total FFMC covered: 98.11%
2025-09-11 13:55:10,204 - Review.reviews.edwpt_review - INFO - 
DNAPT Selection Summary:
2025-09-11 13:55:10,205 - Review.reviews.edwpt_review - INFO - Total companies selected: 1640
2025-09-11 13:55:10,207 - Review.reviews.edwpt_review - INFO - Total FFMC covered: 98.17%
2025-09-11 13:55:10,221 - Review.reviews.edwpt_review - INFO - 
DASPT Selection Summary:
2025-09-11 13:55:10,222 - Review.reviews.edwpt_review - INFO - Total companies selected: 1598
2025-09-11 13:55:10,223 - Review.reviews.edwpt_review - INFO - Total FFMC covered: 98.09%
2025-09-11 13:55:10,233 - Review.reviews.edwpt_review - INFO - 
DPAPT Selection Summary:
2025-09-11 13:55:10,234 - Review.reviews.edwpt_review - INFO - Total companies selected: 333
2025-09-11 13:55:10,235 - Review.reviews.edwpt_review - INFO - Total FFMC covered: 98.07%
2025-09-11 13:55:10,246 - Review.reviews.edwpt_review - INFO - 
EUSPT Selection Summary:
2025-09-11 13:55:10,247 - Review.reviews.edwpt_review - INFO - Total companies selected: 1365
2025-09-11 13:55:10,249 - Review.reviews.edwpt_review - INFO - Total FFMC covered: 98.00%
2025-09-11 13:55:10,260 - Review.reviews.edwpt_review - INFO - 
EJPPT Selection Summary:
2025-09-11 13:55:10,261 - Review.reviews.edwpt_review - INFO - Total companies selected: 1413
2025-09-11 13:55:10,262 - Review.reviews.edwpt_review - INFO - Total FFMC covered: 98.00%
2025-09-11 13:55:10,268 - Review.reviews.edwpt_review - INFO - 
ECHPT Selection Summary:
2025-09-11 13:55:10,269 - Review.reviews.edwpt_review - INFO - Total companies selected: 79
2025-09-11 13:55:10,270 - Review.reviews.edwpt_review - INFO - Total FFMC covered: 98.06%
2025-09-11 13:55:10,276 - Review.reviews.edwpt_review - INFO - 
EUKPT Selection Summary:
2025-09-11 13:55:10,277 - Review.reviews.edwpt_review - INFO - Total companies selected: 279
2025-09-11 13:55:10,278 - Review.reviews.edwpt_review - INFO - Total FFMC covered: 98.01%
2025-09-11 13:55:10,284 - Review.reviews.edwpt_review - INFO - 
CANPT Selection Summary:
2025-09-11 13:55:10,285 - Review.reviews.edwpt_review - INFO - Total companies selected: 225
2025-09-11 13:55:10,287 - Review.reviews.edwpt_review - INFO - Total FFMC covered: 98.02%
2025-09-11 13:55:10,296 - Review.reviews.edwpt_review - INFO - 
Global Selection Summary:
2025-09-11 13:55:10,296 - Review.reviews.edwpt_review - INFO - Total companies selected: 5341
2025-09-11 13:55:10,298 - Review.reviews.edwpt_review - INFO - Total FFMC covered: 98.61%
2025-09-11 13:55:10,302 - Review.reviews.edwpt_review - INFO - 
MIC-level Summary:
2025-09-11 13:55:10,302 - Review.reviews.edwpt_review - INFO -       ISIN          FFMC  EDWPT_selection
MIC                                      
ALXP     1  9.883261e+08                1
BATS     1  2.199535e+10                1
DSME     1  1.942100e+07                0
FSME     2  4.560935e+08                2
MERK     2  2.434286e+08                2
MTAA   243  6.628353e+11               82
NEOE     1  4.880961e+07                0
SSME    16  5.302860e+09               14
WBAH    29  7.279940e+10               19
XAMS    81  1.180872e+12               47
XASE     3  7.511585e+09                0
XASX   897  1.503723e+12              293
XBRU    64  2.218685e+11               35
XCSE    98  3.906898e+11               36
XESM     2  1.791636e+09                2
XETR   231  1.834892e+12              102
XHEL   131  2.273515e+11               49
XHKG   266  5.355683e+11               85
XLIS    17  4.001595e+10               12
XLON   832  2.475530e+12              279
XMAD    97  6.461406e+11               43
XMSM    13  5.930509e+10               10
XNCM    34  9.657971e+10               30
XNGM    61  1.481313e+09                4
XNGS  2560  2.783051e+13              672
XNMS    63  1.747475e+11                0
XNYS  1715  2.615317e+13             1094
XNZE    54  5.751231e+10               36
XOSL   227  1.836013e+11              112
XPAR   348  1.965679e+12               94
XSES   144  3.156131e+11               75
XSTO   606  7.184752e+11              209
XSWX   158  1.679296e+12               93
XTAE   285  2.310484e+11              170
XTKS  3667  5.319129e+12             1413
XTSE   495  2.317030e+12              225
2025-09-11 13:55:10,336 - Review.reviews.edwpt_review - INFO - Saving main output to: C:\Users\CSonneveld\OneDrive - Euronext\Documents\Projects\GUI + Reviews\output\EDWPT_df_20250911_135510.xlsx
2025-09-11 13:55:10,470 - werkzeug - INFO - 127.0.0.1 - - [11/Sep/2025 13:55:10] "GET /task-status/f0b612d4-7cd5-4df5-93f7-570b7910b4b7 HTTP/1.1" 200 -
2025-09-11 13:55:10,578 - Review.reviews.edwpt_review - INFO - 
EDWPT Changes Summary:
2025-09-11 13:55:10,578 - Review.reviews.edwpt_review - INFO - Inclusions: 268
2025-09-11 13:55:10,578 - Review.reviews.edwpt_review - INFO - Exclusions: 182
2025-09-11 13:55:10,632 - Review.reviews.edwpt_review - INFO - 
DEUPT Changes Summary:
2025-09-11 13:55:10,632 - Review.reviews.edwpt_review - INFO - Inclusions: 59
2025-09-11 13:55:10,632 - Review.reviews.edwpt_review - INFO - Exclusions: 38
2025-09-11 13:55:10,659 - Review.reviews.edwpt_review - INFO - 
DEZPT Changes Summary:
2025-09-11 13:55:10,659 - Review.reviews.edwpt_review - INFO - Inclusions: 23
2025-09-11 13:55:10,659 - Review.reviews.edwpt_review - INFO - Exclusions: 15
2025-09-11 13:55:10,732 - Review.reviews.edwpt_review - INFO - 
DAPPT Changes Summary:
2025-09-11 13:55:10,733 - Review.reviews.edwpt_review - INFO - Inclusions: 89
2025-09-11 13:55:10,733 - Review.reviews.edwpt_review - INFO - Exclusions: 39
2025-09-11 13:55:10,839 - Review.reviews.edwpt_review - INFO - 
DNAPT Changes Summary:
2025-09-11 13:55:10,839 - Review.reviews.edwpt_review - INFO - Inclusions: 74
2025-09-11 13:55:10,840 - Review.reviews.edwpt_review - INFO - Exclusions: 71
2025-09-11 13:55:10,899 - Review.reviews.edwpt_review - INFO - 
DASPT Changes Summary:
2025-09-11 13:55:10,899 - Review.reviews.edwpt_review - INFO - Inclusions: 74
2025-09-11 13:55:10,900 - Review.reviews.edwpt_review - INFO - Exclusions: 28
2025-09-11 13:55:10,917 - Review.reviews.edwpt_review - INFO - 
DPAPT Changes Summary:
2025-09-11 13:55:10,917 - Review.reviews.edwpt_review - INFO - Inclusions: 26
2025-09-11 13:55:10,917 - Review.reviews.edwpt_review - INFO - Exclusions: 7
2025-09-11 13:55:10,980 - Review.reviews.edwpt_review - INFO - 
EUSPT Changes Summary:
2025-09-11 13:55:10,981 - Review.reviews.edwpt_review - INFO - Inclusions: 52
2025-09-11 13:55:10,981 - Review.reviews.edwpt_review - INFO - Exclusions: 68
2025-09-11 13:55:11,047 - Review.reviews.edwpt_review - INFO - 
EJPPT Changes Summary:
2025-09-11 13:55:11,048 - Review.reviews.edwpt_review - INFO - Inclusions: 46
2025-09-11 13:55:11,048 - Review.reviews.edwpt_review - INFO - Exclusions: 27
2025-09-11 13:55:11,058 - Review.reviews.edwpt_review - INFO - 
ECHPT Changes Summary:
2025-09-11 13:55:11,059 - Review.reviews.edwpt_review - INFO - Inclusions: 1
2025-09-11 13:55:11,059 - Review.reviews.edwpt_review - INFO - Exclusions: 1
2025-09-11 13:55:11,077 - Review.reviews.edwpt_review - INFO - 
EUKPT Changes Summary:
2025-09-11 13:55:11,078 - Review.reviews.edwpt_review - INFO - Inclusions: 12
2025-09-11 13:55:11,078 - Review.reviews.edwpt_review - INFO - Exclusions: 13
2025-09-11 13:55:11,096 - Review.reviews.edwpt_review - INFO - 
CANPT Changes Summary:
2025-09-11 13:55:11,096 - Review.reviews.edwpt_review - INFO - Inclusions: 14
2025-09-11 13:55:11,096 - Review.reviews.edwpt_review - INFO - Exclusions: 2
2025-09-11 13:55:12,479 - werkzeug - INFO - 127.0.0.1 - - [11/Sep/2025 13:55:12] "GET /task-status/f0b612d4-7cd5-4df5-93f7-570b7910b4b7 HTTP/1.1" 200 -
2025-09-11 13:55:14,428 - werkzeug - INFO - 127.0.0.1 - - [11/Sep/2025 13:55:14] "GET /task-status/f0b612d4-7cd5-4df5-93f7-570b7910b4b7 HTTP/1.1" 200 -
2025-09-11 13:55:15,570 - Review.reviews.edwpt_review - INFO - Saving individual composition file for EDWPT to: C:\Users\CSonneveld\OneDrive - Euronext\Documents\Projects\GUI + Reviews\output\EDWPT_Composition_20250911_135510.xlsx
2025-09-11 13:55:15,884 - Review.reviews.edwpt_review - INFO - Saving individual composition file for DEUPT to: C:\Users\CSonneveld\OneDrive - Euronext\Documents\Projects\GUI + Reviews\output\DEUPT_Composition_20250911_135510.xlsx
2025-09-11 13:55:15,968 - Review.reviews.edwpt_review - INFO - Saving individual composition file for DEZPT to: C:\Users\CSonneveld\OneDrive - Euronext\Documents\Projects\GUI + Reviews\output\DEZPT_Composition_20250911_135510.xlsx
2025-09-11 13:55:16,012 - Review.reviews.edwpt_review - INFO - Saving individual composition file for DAPPT to: C:\Users\CSonneveld\OneDrive - Euronext\Documents\Projects\GUI + Reviews\output\DAPPT_Composition_20250911_135510.xlsx
2025-09-11 13:55:16,133 - Review.reviews.edwpt_review - INFO - Saving individual composition file for DNAPT to: C:\Users\CSonneveld\OneDrive - Euronext\Documents\Projects\GUI + Reviews\output\DNAPT_Composition_20250911_135510.xlsx
2025-09-11 13:55:16,238 - Review.reviews.edwpt_review - INFO - Saving individual composition file for DASPT to: C:\Users\CSonneveld\OneDrive - Euronext\Documents\Projects\GUI + Reviews\output\DASPT_Composition_20250911_135510.xlsx
2025-09-11 13:55:16,341 - Review.reviews.edwpt_review - INFO - Saving individual composition file for DPAPT to: C:\Users\CSonneveld\OneDrive - Euronext\Documents\Projects\GUI + Reviews\output\DPAPT_Composition_20250911_135510.xlsx
2025-09-11 13:55:16,371 - Review.reviews.edwpt_review - INFO - Saving individual composition file for EUSPT to: C:\Users\CSonneveld\OneDrive - Euronext\Documents\Projects\GUI + Reviews\output\EUSPT_Composition_20250911_135510.xlsx
2025-09-11 13:55:16,426 - werkzeug - INFO - 127.0.0.1 - - [11/Sep/2025 13:55:16] "GET /task-status/f0b612d4-7cd5-4df5-93f7-570b7910b4b7 HTTP/1.1" 200 -
2025-09-11 13:55:16,462 - Review.reviews.edwpt_review - INFO - Saving individual composition file for EJPPT to: C:\Users\CSonneveld\OneDrive - Euronext\Documents\Projects\GUI + Reviews\output\EJPPT_Composition_20250911_135510.xlsx
2025-09-11 13:55:16,552 - Review.reviews.edwpt_review - INFO - Saving individual composition file for ECHPT to: C:\Users\CSonneveld\OneDrive - Euronext\Documents\Projects\GUI + Reviews\output\ECHPT_Composition_20250911_135510.xlsx
2025-09-11 13:55:16,567 - Review.reviews.edwpt_review - INFO - Saving individual composition file for EUKPT to: C:\Users\CSonneveld\OneDrive - Euronext\Documents\Projects\GUI + Reviews\output\EUKPT_Composition_20250911_135510.xlsx
2025-09-11 13:55:16,595 - Review.reviews.edwpt_review - INFO - Saving individual composition file for CANPT to: C:\Users\CSonneveld\OneDrive - Euronext\Documents\Projects\GUI + Reviews\output\CANPT_Composition_20250911_135510.xlsx
2025-09-11 13:55:16,621 - Review.reviews.edwpt_review - INFO - Main file successfully saved to: C:\Users\CSonneveld\OneDrive - Euronext\Documents\Projects\GUI + Reviews\output\EDWPT_df_20250911_135510.xlsx
2025-09-11 13:55:16,622 - Review.reviews.edwpt_review - INFO - Individual composition files saved: 12
2025-09-11 13:55:18,428 - werkzeug - INFO - 127.0.0.1 - - [11/Sep/2025 13:55:18] "GET /task-status/f0b612d4-7cd5-4df5-93f7-570b7910b4b7 HTTP/1.1" 200 -
2025-09-11 13:58:39,967 - werkzeug - INFO - 127.0.0.1 - - [11/Sep/2025 13:58:39] "POST /calculate-batch HTTP/1.1" 200 -
2025-09-11 13:58:39,968 - Review.reviews.edwp_review - INFO - Starting EDWP review calculation
2025-09-11 13:58:39,975 - werkzeug - INFO - 127.0.0.1 - - [11/Sep/2025 13:58:39] "GET /task-status/3961f080-1884-4cda-8c4c-1d189111b522 HTTP/1.1" 200 -
2025-09-11 13:58:41,985 - werkzeug - INFO - 127.0.0.1 - - [11/Sep/2025 13:58:41] "GET /task-status/3961f080-1884-4cda-8c4c-1d189111b522 HTTP/1.1" 200 -
2025-09-11 13:58:44,230 - werkzeug - INFO - 127.0.0.1 - - [11/Sep/2025 13:58:44] "GET /task-status/3961f080-1884-4cda-8c4c-1d189111b522 HTTP/1.1" 200 -
2025-09-11 13:58:46,226 - werkzeug - INFO - 127.0.0.1 - - [11/Sep/2025 13:58:46] "GET /task-status/3961f080-1884-4cda-8c4c-1d189111b522 HTTP/1.1" 200 -
2025-09-11 13:58:48,224 - werkzeug - INFO - 127.0.0.1 - - [11/Sep/2025 13:58:48] "GET /task-status/3961f080-1884-4cda-8c4c-1d189111b522 HTTP/1.1" 200 -
2025-09-11 13:58:48,842 - Review.reviews.edwp_review - INFO - 
EDWP Selection Summary:
2025-09-11 13:58:48,842 - Review.reviews.edwp_review - INFO - Total companies selected: 1574
2025-09-11 13:58:48,842 - Review.reviews.edwp_review - INFO - Total FFMC covered: 88.94%
2025-09-11 13:58:48,881 - Review.reviews.edwp_review - INFO - 
DEUP Selection Summary:
2025-09-11 13:58:48,883 - Review.reviews.edwp_review - INFO - Total companies selected: 438
2025-09-11 13:58:48,883 - Review.reviews.edwp_review - INFO - Total FFMC covered: 88.56%
2025-09-11 13:58:48,893 - Review.reviews.edwp_review - INFO - 
DEZP Selection Summary:
2025-09-11 13:58:48,893 - Review.reviews.edwp_review - INFO - Total companies selected: 179
2025-09-11 13:58:48,893 - Review.reviews.edwp_review - INFO - Total FFMC covered: 88.01%
2025-09-11 13:58:48,920 - Review.reviews.edwp_review - INFO - 
DAPPR Selection Summary:
2025-09-11 13:58:48,920 - Review.reviews.edwp_review - INFO - Total companies selected: 505
2025-09-11 13:58:48,921 - Review.reviews.edwp_review - INFO - Total FFMC covered: 85.83%
2025-09-11 13:58:48,933 - Review.reviews.edwp_review - INFO - 
DNAP Selection Summary:
2025-09-11 13:58:48,934 - Review.reviews.edwp_review - INFO - Total companies selected: 452
2025-09-11 13:58:48,936 - Review.reviews.edwp_review - INFO - Total FFMC covered: 85.85%
2025-09-11 13:58:48,951 - Review.reviews.edwp_review - INFO - 
DASP Selection Summary:
2025-09-11 13:58:48,952 - Review.reviews.edwp_review - INFO - Total companies selected: 402
2025-09-11 13:58:48,953 - Review.reviews.edwp_review - INFO - Total FFMC covered: 85.55%
2025-09-11 13:58:48,960 - Review.reviews.edwp_review - INFO - 
DPAP Selection Summary:
2025-09-11 13:58:48,960 - Review.reviews.edwp_review - INFO - Total companies selected: 97
2025-09-11 13:58:48,961 - Review.reviews.edwp_review - INFO - Total FFMC covered: 85.96%
2025-09-11 13:58:48,970 - Review.reviews.edwp_review - INFO - 
EUSP Selection Summary:
2025-09-11 13:58:48,972 - Review.reviews.edwp_review - INFO - Total companies selected: 355
2025-09-11 13:58:48,973 - Review.reviews.edwp_review - INFO - Total FFMC covered: 85.01%
2025-09-11 13:58:48,983 - Review.reviews.edwp_review - INFO - 
EJPP Selection Summary:
2025-09-11 13:58:48,984 - Review.reviews.edwp_review - INFO - Total companies selected: 342
2025-09-11 13:58:48,985 - Review.reviews.edwp_review - INFO - Total FFMC covered: 85.01%
2025-09-11 13:58:48,990 - Review.reviews.edwp_review - INFO - 
ECHP Selection Summary:
2025-09-11 13:58:48,992 - Review.reviews.edwp_review - INFO - Total companies selected: 25
2025-09-11 13:58:48,993 - Review.reviews.edwp_review - INFO - Total FFMC covered: 85.01%
2025-09-11 13:58:49,000 - Review.reviews.edwp_review - INFO - 
EUKP Selection Summary:
2025-09-11 13:58:49,001 - Review.reviews.edwp_review - INFO - Total companies selected: 79
2025-09-11 13:58:49,002 - Review.reviews.edwp_review - INFO - Total FFMC covered: 85.17%
2025-09-11 13:58:49,006 - Review.reviews.edwp_review - INFO - 
CANP Selection Summary:
2025-09-11 13:58:49,007 - Review.reviews.edwp_review - INFO - Total companies selected: 74
2025-09-11 13:58:49,009 - Review.reviews.edwp_review - INFO - Total FFMC covered: 85.16%
2025-09-11 13:58:49,016 - Review.reviews.edwp_review - INFO - 
Global Selection Summary:
2025-09-11 13:58:49,016 - Review.reviews.edwp_review - INFO - Total companies selected: 1574
2025-09-11 13:58:49,016 - Review.reviews.edwp_review - INFO - Total FFMC covered: 88.73%
2025-09-11 13:58:49,020 - Review.reviews.edwp_review - INFO - 
MIC-level Summary:
2025-09-11 13:58:49,020 - Review.reviews.edwp_review - INFO -       ISIN          FFMC  EDWP_selection
MIC                                     
ALXP     1  9.883261e+08               0
BATS     1  2.199535e+10               1
DSME     1  1.942100e+07               0
FSME     2  4.560935e+08               0
MERK     2  2.434286e+08               0
MTAA   242  6.616828e+11              25
NEOE     1  4.880961e+07               0
SSME    16  5.302860e+09               0
WBAH    29  7.279940e+10               8
XAMS    81  1.180872e+12              18
XASE     3  7.511585e+09               0
XASX   896  1.503481e+12              77
XBRU    64  2.218685e+11              15
XCSE    98  3.906898e+11              15
XESM     2  1.791636e+09               0
XETR   231  1.834892e+12              32
XHEL   131  2.273515e+11              16
XHKG   266  5.355683e+11              24
XLIS    17  4.001595e+10               5
XLON   832  2.475530e+12              79
XMAD    97  6.461406e+11              13
XMSM    13  5.930509e+10               5
XNCM    34  9.657971e+10               0
XNGM    61  1.481313e+09               0
XNGS  2560  2.783051e+13             179
XNMS    63  1.747475e+11               0
XNYS  1715  2.615317e+13             360
XNZE    54  5.751231e+10              15
XOSL   227  1.836013e+11              40
XPAR   348  1.965679e+12              30
XSES   144  3.156131e+11              26
XSTO   606  7.184752e+11              73
XSWX   158  1.679296e+12              27
XTAE   285  2.310484e+11              75
XTKS  3667  5.319129e+12             342
XTSE   495  2.317030e+12              74
2025-09-11 13:58:49,037 - Review.reviews.edwp_review - INFO - Saving output to: C:\Users\CSonneveld\OneDrive - Euronext\Documents\Projects\GUI + Reviews\output\EDWP_df_20250911_135849.xlsx
2025-09-11 13:58:49,150 - Review.reviews.edwp_review - INFO - 
EDWP Changes Summary:
2025-09-11 13:58:49,151 - Review.reviews.edwp_review - INFO - Inclusions: 93
2025-09-11 13:58:49,151 - Review.reviews.edwp_review - INFO - Exclusions: 59
2025-09-11 13:58:49,177 - Review.reviews.edwp_review - INFO - 
DEUP Changes Summary:
2025-09-11 13:58:49,178 - Review.reviews.edwp_review - INFO - Inclusions: 16
2025-09-11 13:58:49,178 - Review.reviews.edwp_review - INFO - Exclusions: 14
2025-09-11 13:58:49,191 - Review.reviews.edwp_review - INFO - 
DEZP Changes Summary:
2025-09-11 13:58:49,191 - Review.reviews.edwp_review - INFO - Inclusions: 7
2025-09-11 13:58:49,192 - Review.reviews.edwp_review - INFO - Exclusions: 7
2025-09-11 13:58:49,218 - Review.reviews.edwp_review - INFO - 
DAPPR Changes Summary:
2025-09-11 13:58:49,219 - Review.reviews.edwp_review - INFO - Inclusions: 25
2025-09-11 13:58:49,219 - Review.reviews.edwp_review - INFO - Exclusions: 10
2025-09-11 13:58:49,244 - Review.reviews.edwp_review - INFO - 
DNAP Changes Summary:
2025-09-11 13:58:49,245 - Review.reviews.edwp_review - INFO - Inclusions: 24
2025-09-11 13:58:49,245 - Review.reviews.edwp_review - INFO - Exclusions: 23
2025-09-11 13:58:49,281 - Review.reviews.edwp_review - INFO - 
DASP Changes Summary:
2025-09-11 13:58:49,281 - Review.reviews.edwp_review - INFO - Inclusions: 20
2025-09-11 13:58:49,281 - Review.reviews.edwp_review - INFO - Exclusions: 8
2025-09-11 13:58:49,296 - Review.reviews.edwp_review - INFO - 
DPAP Changes Summary:
2025-09-11 13:58:49,297 - Review.reviews.edwp_review - INFO - Inclusions: 5
2025-09-11 13:58:49,297 - Review.reviews.edwp_review - INFO - Exclusions: 1
2025-09-11 13:58:49,318 - Review.reviews.edwp_review - INFO - 
EUSP Changes Summary:
2025-09-11 13:58:49,318 - Review.reviews.edwp_review - INFO - Inclusions: 16
2025-09-11 13:58:49,318 - Review.reviews.edwp_review - INFO - Exclusions: 23
2025-09-11 13:58:49,339 - Review.reviews.edwp_review - INFO - 
EJPP Changes Summary:
2025-09-11 13:58:49,340 - Review.reviews.edwp_review - INFO - Inclusions: 12
2025-09-11 13:58:49,340 - Review.reviews.edwp_review - INFO - Exclusions: 8
2025-09-11 13:58:49,347 - Review.reviews.edwp_review - INFO - 
ECHP Changes Summary:
2025-09-11 13:58:49,347 - Review.reviews.edwp_review - INFO - Inclusions: 2
2025-09-11 13:58:49,347 - Review.reviews.edwp_review - INFO - Exclusions: 3
2025-09-11 13:58:49,359 - Review.reviews.edwp_review - INFO - 
EUKP Changes Summary:
2025-09-11 13:58:49,360 - Review.reviews.edwp_review - INFO - Inclusions: 2
2025-09-11 13:58:49,360 - Review.reviews.edwp_review - INFO - Exclusions: 5
2025-09-11 13:58:49,370 - Review.reviews.edwp_review - INFO - 
CANP Changes Summary:
2025-09-11 13:58:49,370 - Review.reviews.edwp_review - INFO - Inclusions: 5
2025-09-11 13:58:49,370 - Review.reviews.edwp_review - INFO - Exclusions: 1
2025-09-11 13:58:50,285 - werkzeug - INFO - 127.0.0.1 - - [11/Sep/2025 13:58:50] "GET /task-status/3961f080-1884-4cda-8c4c-1d189111b522 HTTP/1.1" 200 -
2025-09-11 13:58:52,304 - werkzeug - INFO - 127.0.0.1 - - [11/Sep/2025 13:58:52] "GET /task-status/3961f080-1884-4cda-8c4c-1d189111b522 HTTP/1.1" 200 -
2025-09-11 13:58:54,239 - werkzeug - INFO - 127.0.0.1 - - [11/Sep/2025 13:58:54] "GET /task-status/3961f080-1884-4cda-8c4c-1d189111b522 HTTP/1.1" 200 -
2025-09-11 13:58:55,443 - Review.reviews.edwp_review - INFO - Saving individual composition file for EDWP to: C:\Users\CSonneveld\OneDrive - Euronext\Documents\Projects\GUI + Reviews\output\EDWP_Composition_20250911_135849.xlsx
2025-09-11 13:58:55,655 - Review.reviews.edwp_review - INFO - Saving individual composition file for DEUP to: C:\Users\CSonneveld\OneDrive - Euronext\Documents\Projects\GUI + Reviews\output\DEUP_Composition_20250911_135849.xlsx
2025-09-11 13:58:55,727 - Review.reviews.edwp_review - INFO - Saving individual composition file for DEZP to: C:\Users\CSonneveld\OneDrive - Euronext\Documents\Projects\GUI + Reviews\output\DEZP_Composition_20250911_135849.xlsx
2025-09-11 13:58:55,766 - Review.reviews.edwp_review - INFO - Saving individual composition file for DAPPR to: C:\Users\CSonneveld\OneDrive - Euronext\Documents\Projects\GUI + Reviews\output\DAPPR_Composition_20250911_135849.xlsx
2025-09-11 13:58:55,834 - Review.reviews.edwp_review - INFO - Saving individual composition file for DNAP to: C:\Users\CSonneveld\OneDrive - Euronext\Documents\Projects\GUI + Reviews\output\DNAP_Composition_20250911_135849.xlsx
2025-09-11 13:58:55,898 - Review.reviews.edwp_review - INFO - Saving individual composition file for DASP to: C:\Users\CSonneveld\OneDrive - Euronext\Documents\Projects\GUI + Reviews\output\DASP_Composition_20250911_135849.xlsx
2025-09-11 13:58:55,972 - Review.reviews.edwp_review - INFO - Saving individual composition file for DPAP to: C:\Users\CSonneveld\OneDrive - Euronext\Documents\Projects\GUI + Reviews\output\DPAP_Composition_20250911_135849.xlsx
2025-09-11 13:58:55,994 - Review.reviews.edwp_review - INFO - Saving individual composition file for EUSP to: C:\Users\CSonneveld\OneDrive - Euronext\Documents\Projects\GUI + Reviews\output\EUSP_Composition_20250911_135849.xlsx
2025-09-11 13:58:56,042 - Review.reviews.edwp_review - INFO - Saving individual composition file for EJPP to: C:\Users\CSonneveld\OneDrive - Euronext\Documents\Projects\GUI + Reviews\output\EJPP_Composition_20250911_135849.xlsx
2025-09-11 13:58:56,088 - Review.reviews.edwp_review - INFO - Saving individual composition file for ECHP to: C:\Users\CSonneveld\OneDrive - Euronext\Documents\Projects\GUI + Reviews\output\ECHP_Composition_20250911_135849.xlsx
2025-09-11 13:58:56,109 - Review.reviews.edwp_review - INFO - Saving individual composition file for EUKP to: C:\Users\CSonneveld\OneDrive - Euronext\Documents\Projects\GUI + Reviews\output\EUKP_Composition_20250911_135849.xlsx
2025-09-11 13:58:56,138 - Review.reviews.edwp_review - INFO - Saving individual composition file for CANP to: C:\Users\CSonneveld\OneDrive - Euronext\Documents\Projects\GUI + Reviews\output\CANP_Composition_20250911_135849.xlsx
2025-09-11 13:58:56,168 - Review.reviews.edwp_review - INFO - Individual composition files saved: 12
2025-09-11 13:58:56,182 - Review.reviews.edwpt_review - INFO - Starting EDWPT review calculation
2025-09-11 13:58:56,215 - werkzeug - INFO - 127.0.0.1 - - [11/Sep/2025 13:58:56] "GET /task-status/3961f080-1884-4cda-8c4c-1d189111b522 HTTP/1.1" 200 -
2025-09-11 13:58:58,222 - werkzeug - INFO - 127.0.0.1 - - [11/Sep/2025 13:58:58] "GET /task-status/3961f080-1884-4cda-8c4c-1d189111b522 HTTP/1.1" 200 -
2025-09-11 13:59:00,229 - werkzeug - INFO - 127.0.0.1 - - [11/Sep/2025 13:59:00] "GET /task-status/3961f080-1884-4cda-8c4c-1d189111b522 HTTP/1.1" 200 -
2025-09-11 13:59:02,235 - werkzeug - INFO - 127.0.0.1 - - [11/Sep/2025 13:59:02] "GET /task-status/3961f080-1884-4cda-8c4c-1d189111b522 HTTP/1.1" 200 -
2025-09-11 13:59:02,988 - Review.reviews.edwpt_review - INFO - 
EDWPT Selection Summary:
2025-09-11 13:59:02,988 - Review.reviews.edwpt_review - INFO - Total companies selected: 5339
2025-09-11 13:59:02,988 - Review.reviews.edwpt_review - INFO - Total FFMC covered: 98.84%
2025-09-11 13:59:03,023 - Review.reviews.edwpt_review - INFO - 
DEUPT Selection Summary:
2025-09-11 13:59:03,023 - Review.reviews.edwpt_review - INFO - Total companies selected: 1297
2025-09-11 13:59:03,023 - Review.reviews.edwpt_review - INFO - Total FFMC covered: 98.66%
2025-09-11 13:59:03,042 - Review.reviews.edwpt_review - INFO - 
DEZPT Selection Summary:
2025-09-11 13:59:03,042 - Review.reviews.edwpt_review - INFO - Total companies selected: 503
2025-09-11 13:59:03,042 - Review.reviews.edwpt_review - INFO - Total FFMC covered: 98.47%
2025-09-11 13:59:03,072 - Review.reviews.edwpt_review - INFO - 
DAPPT Selection Summary:
2025-09-11 13:59:03,073 - Review.reviews.edwpt_review - INFO - Total companies selected: 1941
2025-09-11 13:59:03,073 - Review.reviews.edwpt_review - INFO - Total FFMC covered: 98.11%
2025-09-11 13:59:03,073 - Review.reviews.edwpt_review - INFO - 
DNAPT Selection Summary:
2025-09-11 13:59:03,073 - Review.reviews.edwpt_review - INFO - Total companies selected: 1640
2025-09-11 13:59:03,088 - Review.reviews.edwpt_review - INFO - Total FFMC covered: 98.17%
2025-09-11 13:59:03,090 - Review.reviews.edwpt_review - INFO - 
DASPT Selection Summary:
2025-09-11 13:59:03,090 - Review.reviews.edwpt_review - INFO - Total companies selected: 1598
2025-09-11 13:59:03,105 - Review.reviews.edwpt_review - INFO - Total FFMC covered: 98.09%
2025-09-11 13:59:03,106 - Review.reviews.edwpt_review - INFO - 
DPAPT Selection Summary:
2025-09-11 13:59:03,106 - Review.reviews.edwpt_review - INFO - Total companies selected: 332
2025-09-11 13:59:03,106 - Review.reviews.edwpt_review - INFO - Total FFMC covered: 98.07%
2025-09-11 13:59:03,125 - Review.reviews.edwpt_review - INFO - 
EUSPT Selection Summary:
2025-09-11 13:59:03,125 - Review.reviews.edwpt_review - INFO - Total companies selected: 1365
2025-09-11 13:59:03,125 - Review.reviews.edwpt_review - INFO - Total FFMC covered: 98.00%
2025-09-11 13:59:03,138 - Review.reviews.edwpt_review - INFO - 
EJPPT Selection Summary:
2025-09-11 13:59:03,139 - Review.reviews.edwpt_review - INFO - Total companies selected: 1413
2025-09-11 13:59:03,141 - Review.reviews.edwpt_review - INFO - Total FFMC covered: 98.00%
2025-09-11 13:59:03,143 - Review.reviews.edwpt_review - INFO - 
ECHPT Selection Summary:
2025-09-11 13:59:03,143 - Review.reviews.edwpt_review - INFO - Total companies selected: 79
2025-09-11 13:59:03,143 - Review.reviews.edwpt_review - INFO - Total FFMC covered: 98.06%
2025-09-11 13:59:03,155 - Review.reviews.edwpt_review - INFO - 
EUKPT Selection Summary:
2025-09-11 13:59:03,156 - Review.reviews.edwpt_review - INFO - Total companies selected: 279
2025-09-11 13:59:03,156 - Review.reviews.edwpt_review - INFO - Total FFMC covered: 98.01%
2025-09-11 13:59:03,156 - Review.reviews.edwpt_review - INFO - 
CANPT Selection Summary:
2025-09-11 13:59:03,156 - Review.reviews.edwpt_review - INFO - Total companies selected: 225
2025-09-11 13:59:03,156 - Review.reviews.edwpt_review - INFO - Total FFMC covered: 98.02%
2025-09-11 13:59:03,174 - Review.reviews.edwpt_review - INFO - 
Global Selection Summary:
2025-09-11 13:59:03,174 - Review.reviews.edwpt_review - INFO - Total companies selected: 5339
2025-09-11 13:59:03,174 - Review.reviews.edwpt_review - INFO - Total FFMC covered: 98.61%
2025-09-11 13:59:03,174 - Review.reviews.edwpt_review - INFO - 
MIC-level Summary:
2025-09-11 13:59:03,174 - Review.reviews.edwpt_review - INFO -       ISIN          FFMC  EDWPT_selection
MIC                                      
ALXP     1  9.883261e+08                1
BATS     1  2.199535e+10                1
DSME     1  1.942100e+07                0
FSME     2  4.560935e+08                2
MERK     2  2.434286e+08                2
MTAA   242  6.616828e+11               81
NEOE     1  4.880961e+07                0
SSME    16  5.302860e+09               14
WBAH    29  7.279940e+10               19
XAMS    81  1.180872e+12               47
XASE     3  7.511585e+09                0
XASX   896  1.503481e+12              292
XBRU    64  2.218685e+11               35
XCSE    98  3.906898e+11               36
XESM     2  1.791636e+09                2
XETR   231  1.834892e+12              102
XHEL   131  2.273515e+11               49
XHKG   266  5.355683e+11               85
XLIS    17  4.001595e+10               12
XLON   832  2.475530e+12              279
XMAD    97  6.461406e+11               43
XMSM    13  5.930509e+10               10
XNCM    34  9.657971e+10               30
XNGM    61  1.481313e+09                4
XNGS  2560  2.783051e+13              672
XNMS    63  1.747475e+11                0
XNYS  1715  2.615317e+13             1094
XNZE    54  5.751231e+10               36
XOSL   227  1.836013e+11              112
XPAR   348  1.965679e+12               94
XSES   144  3.156131e+11               75
XSTO   606  7.184752e+11              209
XSWX   158  1.679296e+12               93
XTAE   285  2.310484e+11              170
XTKS  3667  5.319129e+12             1413
XTSE   495  2.317030e+12              225
2025-09-11 13:59:03,190 - Review.reviews.edwpt_review - INFO - Saving main output to: C:\Users\CSonneveld\OneDrive - Euronext\Documents\Projects\GUI + Reviews\output\EDWPT_df_20250911_135903.xlsx
2025-09-11 13:59:03,517 - Review.reviews.edwpt_review - INFO - 
EDWPT Changes Summary:
2025-09-11 13:59:03,517 - Review.reviews.edwpt_review - INFO - Inclusions: 267
2025-09-11 13:59:03,517 - Review.reviews.edwpt_review - INFO - Exclusions: 183
2025-09-11 13:59:03,591 - Review.reviews.edwpt_review - INFO - 
DEUPT Changes Summary:
2025-09-11 13:59:03,592 - Review.reviews.edwpt_review - INFO - Inclusions: 58
2025-09-11 13:59:03,592 - Review.reviews.edwpt_review - INFO - Exclusions: 38
2025-09-11 13:59:03,622 - Review.reviews.edwpt_review - INFO - 
DEZPT Changes Summary:
2025-09-11 13:59:03,622 - Review.reviews.edwpt_review - INFO - Inclusions: 22
2025-09-11 13:59:03,622 - Review.reviews.edwpt_review - INFO - Exclusions: 15
2025-09-11 13:59:03,726 - Review.reviews.edwpt_review - INFO - 
DAPPT Changes Summary:
2025-09-11 13:59:03,726 - Review.reviews.edwpt_review - INFO - Inclusions: 89
2025-09-11 13:59:03,726 - Review.reviews.edwpt_review - INFO - Exclusions: 40
2025-09-11 13:59:03,799 - Review.reviews.edwpt_review - INFO - 
DNAPT Changes Summary:
2025-09-11 13:59:03,799 - Review.reviews.edwpt_review - INFO - Inclusions: 74
2025-09-11 13:59:03,799 - Review.reviews.edwpt_review - INFO - Exclusions: 71
2025-09-11 13:59:03,922 - Review.reviews.edwpt_review - INFO - 
DASPT Changes Summary:
2025-09-11 13:59:03,922 - Review.reviews.edwpt_review - INFO - Inclusions: 74
2025-09-11 13:59:03,922 - Review.reviews.edwpt_review - INFO - Exclusions: 28
2025-09-11 13:59:03,967 - Review.reviews.edwpt_review - INFO - 
DPAPT Changes Summary:
2025-09-11 13:59:03,970 - Review.reviews.edwpt_review - INFO - Inclusions: 26
2025-09-11 13:59:03,970 - Review.reviews.edwpt_review - INFO - Exclusions: 8
2025-09-11 13:59:04,072 - Review.reviews.edwpt_review - INFO - 
EUSPT Changes Summary:
2025-09-11 13:59:04,072 - Review.reviews.edwpt_review - INFO - Inclusions: 52
2025-09-11 13:59:04,072 - Review.reviews.edwpt_review - INFO - Exclusions: 68
2025-09-11 13:59:04,123 - Review.reviews.edwpt_review - INFO - 
EJPPT Changes Summary:
2025-09-11 13:59:04,123 - Review.reviews.edwpt_review - INFO - Inclusions: 46
2025-09-11 13:59:04,123 - Review.reviews.edwpt_review - INFO - Exclusions: 27
2025-09-11 13:59:04,139 - Review.reviews.edwpt_review - INFO - 
ECHPT Changes Summary:
2025-09-11 13:59:04,139 - Review.reviews.edwpt_review - INFO - Inclusions: 1
2025-09-11 13:59:04,139 - Review.reviews.edwpt_review - INFO - Exclusions: 1
2025-09-11 13:59:04,158 - Review.reviews.edwpt_review - INFO - 
EUKPT Changes Summary:
2025-09-11 13:59:04,158 - Review.reviews.edwpt_review - INFO - Inclusions: 12
2025-09-11 13:59:04,158 - Review.reviews.edwpt_review - INFO - Exclusions: 13
2025-09-11 13:59:04,173 - Review.reviews.edwpt_review - INFO - 
CANPT Changes Summary:
2025-09-11 13:59:04,173 - Review.reviews.edwpt_review - INFO - Inclusions: 14
2025-09-11 13:59:04,173 - Review.reviews.edwpt_review - INFO - Exclusions: 2
2025-09-11 13:59:04,305 - werkzeug - INFO - 127.0.0.1 - - [11/Sep/2025 13:59:04] "GET /task-status/3961f080-1884-4cda-8c4c-1d189111b522 HTTP/1.1" 200 -
2025-09-11 13:59:06,289 - werkzeug - INFO - 127.0.0.1 - - [11/Sep/2025 13:59:06] "GET /task-status/3961f080-1884-4cda-8c4c-1d189111b522 HTTP/1.1" 200 -
2025-09-11 13:59:08,217 - werkzeug - INFO - 127.0.0.1 - - [11/Sep/2025 13:59:08] "GET /task-status/3961f080-1884-4cda-8c4c-1d189111b522 HTTP/1.1" 200 -
2025-09-11 13:59:09,848 - Review.reviews.edwpt_review - INFO - Saving individual composition file for EDWPT to: C:\Users\CSonneveld\OneDrive - Euronext\Documents\Projects\GUI + Reviews\output\EDWPT_Composition_20250911_135903.xlsx
2025-09-11 13:59:10,210 - werkzeug - INFO - 127.0.0.1 - - [11/Sep/2025 13:59:10] "GET /task-status/3961f080-1884-4cda-8c4c-1d189111b522 HTTP/1.1" 200 -
2025-09-11 13:59:10,289 - Review.reviews.edwpt_review - INFO - Saving individual composition file for DEUPT to: C:\Users\CSonneveld\OneDrive - Euronext\Documents\Projects\GUI + Reviews\output\DEUPT_Composition_20250911_135903.xlsx
2025-09-11 13:59:10,372 - Review.reviews.edwpt_review - INFO - Saving individual composition file for DEZPT to: C:\Users\CSonneveld\OneDrive - Euronext\Documents\Projects\GUI + Reviews\output\DEZPT_Composition_20250911_135903.xlsx
2025-09-11 13:59:10,425 - Review.reviews.edwpt_review - INFO - Saving individual composition file for DAPPT to: C:\Users\CSonneveld\OneDrive - Euronext\Documents\Projects\GUI + Reviews\output\DAPPT_Composition_20250911_135903.xlsx
2025-09-11 13:59:10,625 - Review.reviews.edwpt_review - INFO - Saving individual composition file for DNAPT to: C:\Users\CSonneveld\OneDrive - Euronext\Documents\Projects\GUI + Reviews\output\DNAPT_Composition_20250911_135903.xlsx
2025-09-11 13:59:10,763 - Review.reviews.edwpt_review - INFO - Saving individual composition file for DASPT to: C:\Users\CSonneveld\OneDrive - Euronext\Documents\Projects\GUI + Reviews\output\DASPT_Composition_20250911_135903.xlsx
2025-09-11 13:59:10,903 - Review.reviews.edwpt_review - INFO - Saving individual composition file for DPAPT to: C:\Users\CSonneveld\OneDrive - Euronext\Documents\Projects\GUI + Reviews\output\DPAPT_Composition_20250911_135903.xlsx
2025-09-11 13:59:10,933 - Review.reviews.edwpt_review - INFO - Saving individual composition file for EUSPT to: C:\Users\CSonneveld\OneDrive - Euronext\Documents\Projects\GUI + Reviews\output\EUSPT_Composition_20250911_135903.xlsx
2025-09-11 13:59:11,025 - Review.reviews.edwpt_review - INFO - Saving individual composition file for EJPPT to: C:\Users\CSonneveld\OneDrive - Euronext\Documents\Projects\GUI + Reviews\output\EJPPT_Composition_20250911_135903.xlsx
2025-09-11 13:59:11,125 - Review.reviews.edwpt_review - INFO - Saving individual composition file for ECHPT to: C:\Users\CSonneveld\OneDrive - Euronext\Documents\Projects\GUI + Reviews\output\ECHPT_Composition_20250911_135903.xlsx
2025-09-11 13:59:11,138 - Review.reviews.edwpt_review - INFO - Saving individual composition file for EUKPT to: C:\Users\CSonneveld\OneDrive - Euronext\Documents\Projects\GUI + Reviews\output\EUKPT_Composition_20250911_135903.xlsx
2025-09-11 13:59:11,162 - Review.reviews.edwpt_review - INFO - Saving individual composition file for CANPT to: C:\Users\CSonneveld\OneDrive - Euronext\Documents\Projects\GUI + Reviews\output\CANPT_Composition_20250911_135903.xlsx
2025-09-11 13:59:11,192 - Review.reviews.edwpt_review - INFO - Main file successfully saved to: C:\Users\CSonneveld\OneDrive - Euronext\Documents\Projects\GUI + Reviews\output\EDWPT_df_20250911_135903.xlsx
2025-09-11 13:59:11,192 - Review.reviews.edwpt_review - INFO - Individual composition files saved: 12
2025-09-11 13:59:11,979 - werkzeug - INFO - 127.0.0.1 - - [11/Sep/2025 13:59:11] "GET /task-status/3961f080-1884-4cda-8c4c-1d189111b522 HTTP/1.1" 200 -
2025-09-11 14:07:56,086 - werkzeug - INFO -  * Detected change in 'C:\\Users\\CSonneveld\\OneDrive - Euronext\\Documents\\Projects\\GUI + Reviews\\Review\\reviews\\edwpt_review.py', reloading
2025-09-11 14:07:56,086 - werkzeug - INFO -  * Detected change in 'C:\\Users\\CSonneveld\\OneDrive - Euronext\\Documents\\Projects\\GUI + Reviews\\Review\\reviews\\edwpt_review.py', reloading
2025-09-11 14:07:56,097 - werkzeug - INFO -  * Detected change in 'C:\\Users\\CSonneveld\\OneDrive - Euronext\\Documents\\Projects\\GUI + Reviews\\Review\\reviews\\edwpt_review.py', reloading
