2025-03-17 15:36:13,497 - werkzeug - INFO - [31m[1mWARNING: This is a development server. Do not use it in a production deployment. Use a production WSGI server instead.[0m
 * Running on http://127.0.0.1:5000
2025-03-17 15:36:13,497 - werkzeug - INFO - [33mPress CTRL+C to quit[0m
2025-03-17 15:36:13,505 - werkzeug - INFO -  * Restarting with watchdog (windowsapi)
2025-03-17 15:36:14,002 - werkzeug - WARNING -  * Debugger is active!
2025-03-17 15:36:14,005 - werkzeug - INFO -  * Debugger PIN: 691-175-853
2025-03-17 15:36:15,087 - Review.reviews.edwpt_review - INFO - Starting EDWPT review calculation
2025-03-17 15:36:20,403 - Review.reviews.edwpt_review - INFO - 
EDWPT Selection Summary:
2025-03-17 15:36:20,405 - Review.reviews.edwpt_review - INFO - Total companies selected: 5329
2025-03-17 15:36:20,406 - Review.reviews.edwpt_review - INFO - Total FFMC covered: 98.85%
2025-03-17 15:36:20,431 - Review.reviews.edwpt_review - INFO - 
DEUPT Selection Summary:
2025-03-17 15:36:20,432 - Review.reviews.edwpt_review - INFO - Total companies selected: 1263
2025-03-17 15:36:20,433 - Review.reviews.edwpt_review - INFO - Total FFMC covered: 98.66%
2025-03-17 15:36:20,449 - Review.reviews.edwpt_review - INFO - 
DEZPT Selection Summary:
2025-03-17 15:36:20,450 - Review.reviews.edwpt_review - INFO - Total companies selected: 484
2025-03-17 15:36:20,452 - Review.reviews.edwpt_review - INFO - Total FFMC covered: 98.55%
2025-03-17 15:36:20,469 - Review.reviews.edwpt_review - INFO - 
DAPPT Selection Summary:
2025-03-17 15:36:20,470 - Review.reviews.edwpt_review - INFO - Total companies selected: 1919
2025-03-17 15:36:20,471 - Review.reviews.edwpt_review - INFO - Total FFMC covered: 98.16%
2025-03-17 15:36:20,487 - Review.reviews.edwpt_review - INFO - 
DNAPT Selection Summary:
2025-03-17 15:36:20,488 - Review.reviews.edwpt_review - INFO - Total companies selected: 1694
2025-03-17 15:36:20,489 - Review.reviews.edwpt_review - INFO - Total FFMC covered: 98.16%
2025-03-17 15:36:20,504 - Review.reviews.edwpt_review - INFO - 
DASPT Selection Summary:
2025-03-17 15:36:20,505 - Review.reviews.edwpt_review - INFO - Total companies selected: 1568
2025-03-17 15:36:20,506 - Review.reviews.edwpt_review - INFO - Total FFMC covered: 98.10%
2025-03-17 15:36:20,514 - Review.reviews.edwpt_review - INFO - 
DPAPT Selection Summary:
2025-03-17 15:36:20,516 - Review.reviews.edwpt_review - INFO - Total companies selected: 323
2025-03-17 15:36:20,517 - Review.reviews.edwpt_review - INFO - Total FFMC covered: 98.04%
2025-03-17 15:36:20,529 - Review.reviews.edwpt_review - INFO - 
EUSPT Selection Summary:
2025-03-17 15:36:20,531 - Review.reviews.edwpt_review - INFO - Total companies selected: 1429
2025-03-17 15:36:20,533 - Review.reviews.edwpt_review - INFO - Total FFMC covered: 98.00%
2025-03-17 15:36:20,544 - Review.reviews.edwpt_review - INFO - 
EJPPT Selection Summary:
2025-03-17 15:36:20,546 - Review.reviews.edwpt_review - INFO - Total companies selected: 1406
2025-03-17 15:36:20,548 - Review.reviews.edwpt_review - INFO - Total FFMC covered: 98.00%
2025-03-17 15:36:20,553 - Review.reviews.edwpt_review - INFO - 
ECHPT Selection Summary:
2025-03-17 15:36:20,554 - Review.reviews.edwpt_review - INFO - Total companies selected: 75
2025-03-17 15:36:20,555 - Review.reviews.edwpt_review - INFO - Total FFMC covered: 98.03%
2025-03-17 15:36:20,561 - Review.reviews.edwpt_review - INFO - 
EUKPT Selection Summary:
2025-03-17 15:36:20,562 - Review.reviews.edwpt_review - INFO - Total companies selected: 293
2025-03-17 15:36:20,563 - Review.reviews.edwpt_review - INFO - Total FFMC covered: 98.00%
2025-03-17 15:36:20,569 - Review.reviews.edwpt_review - INFO - 
CANPT Selection Summary:
2025-03-17 15:36:20,570 - Review.reviews.edwpt_review - INFO - Total companies selected: 219
2025-03-17 15:36:20,571 - Review.reviews.edwpt_review - INFO - Total FFMC covered: 98.02%
2025-03-17 15:36:20,582 - Review.reviews.edwpt_review - INFO - 
Global Selection Summary:
2025-03-17 15:36:20,583 - Review.reviews.edwpt_review - INFO - Total companies selected: 5329
2025-03-17 15:36:20,585 - Review.reviews.edwpt_review - INFO - Total FFMC covered: 98.85%
2025-03-17 15:36:20,588 - Review.reviews.edwpt_review - INFO - 
MIC-level Summary:
2025-03-17 15:36:20,588 - Review.reviews.edwpt_review - INFO -       ISIN          FFMC  EDWPT_selection
MIC                                      
ALXP     1  9.968077e+08                1
BATS     1  2.112040e+10                1
MERK     2  2.278097e+08                2
MTAA   237  5.901140e+11               78
WBAH    27  6.292269e+10               19
XAMS    79  1.132677e+12               45
XASX   878  1.527946e+12              287
XBRU    62  2.045026e+11               35
XCSE   102  5.132591e+11               36
XESM     2  1.518334e+09                2
XETR   223  1.747680e+12               97
XHEL   127  2.211743e+11               48
XHKG   236  4.848765e+11               73
XLIS    16  3.253346e+10               12
XLON   857  2.406037e+12              293
XMAD    91  5.438350e+11               39
XMSM    15  5.888329e+10               10
XNGM    52  5.491666e+08                0
XNGS  2653  2.837069e+13              762
XNYS  1730  2.815322e+13             1106
XNZE    52  6.129570e+10               35
XOSL   237  1.757004e+11              115
XPAR   350  1.993030e+12               93
XSES   127  3.085594e+11               63
XSTO   630  7.504324e+11              206
XSWX   159  1.768558e+12               85
XTAE   282  1.937618e+11              161
XTKS  3664  5.213690e+12             1406
XTSE   493  2.314548e+12              219
2025-03-17 15:36:20,608 - Review.reviews.edwpt_review - INFO - Saving main output to: C:\Users\CSonneveld\OneDrive - Euronext\Documents\Projects\GUI + Reviews\output\EDWPT_df_20250317_153620.xlsx
2025-03-17 15:36:20,818 - Review.reviews.edwpt_review - INFO - 
EDWPT Changes Summary:
2025-03-17 15:36:20,819 - Review.reviews.edwpt_review - INFO - Inclusions: 242
2025-03-17 15:36:20,819 - Review.reviews.edwpt_review - INFO - Exclusions: 278
2025-03-17 15:36:20,899 - Review.reviews.edwpt_review - INFO - 
DEUPT Changes Summary:
2025-03-17 15:36:20,900 - Review.reviews.edwpt_review - INFO - Inclusions: 56
2025-03-17 15:36:20,900 - Review.reviews.edwpt_review - INFO - Exclusions: 98
2025-03-17 15:36:20,926 - Review.reviews.edwpt_review - INFO - 
DEZPT Changes Summary:
2025-03-17 15:36:20,927 - Review.reviews.edwpt_review - INFO - Inclusions: 22
2025-03-17 15:36:20,927 - Review.reviews.edwpt_review - INFO - Exclusions: 32
2025-03-17 15:36:21,003 - Review.reviews.edwpt_review - INFO - 
DAPPT Changes Summary:
2025-03-17 15:36:21,003 - Review.reviews.edwpt_review - INFO - Inclusions: 108
2025-03-17 15:36:21,003 - Review.reviews.edwpt_review - INFO - Exclusions: 70
2025-03-17 15:36:21,071 - Review.reviews.edwpt_review - INFO - 
DNAPT Changes Summary:
2025-03-17 15:36:21,071 - Review.reviews.edwpt_review - INFO - Inclusions: 50
2025-03-17 15:36:21,071 - Review.reviews.edwpt_review - INFO - Exclusions: 99
2025-03-17 15:36:21,134 - Review.reviews.edwpt_review - INFO - 
DASPT Changes Summary:
2025-03-17 15:36:21,135 - Review.reviews.edwpt_review - INFO - Inclusions: 81
2025-03-17 15:36:21,135 - Review.reviews.edwpt_review - INFO - Exclusions: 53
2025-03-17 15:36:21,156 - Review.reviews.edwpt_review - INFO - 
DPAPT Changes Summary:
2025-03-17 15:36:21,157 - Review.reviews.edwpt_review - INFO - Inclusions: 21
2025-03-17 15:36:21,157 - Review.reviews.edwpt_review - INFO - Exclusions: 15
2025-03-17 15:36:21,218 - Review.reviews.edwpt_review - INFO - 
EUSPT Changes Summary:
2025-03-17 15:36:21,218 - Review.reviews.edwpt_review - INFO - Inclusions: 56
2025-03-17 15:36:21,219 - Review.reviews.edwpt_review - INFO - Exclusions: 96
2025-03-17 15:36:21,278 - Review.reviews.edwpt_review - INFO - 
EJPPT Changes Summary:
2025-03-17 15:36:21,279 - Review.reviews.edwpt_review - INFO - Inclusions: 61
2025-03-17 15:36:21,279 - Review.reviews.edwpt_review - INFO - Exclusions: 49
2025-03-17 15:36:21,322 - Review.reviews.edwpt_review - INFO - 
ECHPT Changes Summary:
2025-03-17 15:36:21,323 - Review.reviews.edwpt_review - INFO - Inclusions: 5
2025-03-17 15:36:21,323 - Review.reviews.edwpt_review - INFO - Exclusions: 4
2025-03-17 15:36:21,342 - Review.reviews.edwpt_review - INFO - 
EUKPT Changes Summary:
2025-03-17 15:36:21,343 - Review.reviews.edwpt_review - INFO - Inclusions: 13
2025-03-17 15:36:21,343 - Review.reviews.edwpt_review - INFO - Exclusions: 30
2025-03-17 15:36:21,359 - Review.reviews.edwpt_review - INFO - 
CANPT Changes Summary:
2025-03-17 15:36:21,360 - Review.reviews.edwpt_review - INFO - Inclusions: 4
2025-03-17 15:36:21,360 - Review.reviews.edwpt_review - INFO - Exclusions: 9
2025-03-17 15:36:25,417 - Review.reviews.edwpt_review - INFO - Saving individual composition file for EDWPT to: C:\Users\CSonneveld\OneDrive - Euronext\Documents\Projects\GUI + Reviews\output\EDWPT_Composition_20250317_153620.xlsx
2025-03-17 15:36:25,704 - Review.reviews.edwpt_review - INFO - Saving individual composition file for DEUPT to: C:\Users\CSonneveld\OneDrive - Euronext\Documents\Projects\GUI + Reviews\output\DEUPT_Composition_20250317_153620.xlsx
2025-03-17 15:36:25,774 - Review.reviews.edwpt_review - INFO - Saving individual composition file for DEZPT to: C:\Users\CSonneveld\OneDrive - Euronext\Documents\Projects\GUI + Reviews\output\DEZPT_Composition_20250317_153620.xlsx
2025-03-17 15:36:25,808 - Review.reviews.edwpt_review - INFO - Saving individual composition file for DAPPT to: C:\Users\CSonneveld\OneDrive - Euronext\Documents\Projects\GUI + Reviews\output\DAPPT_Composition_20250317_153620.xlsx
2025-03-17 15:36:25,931 - Review.reviews.edwpt_review - INFO - Saving individual composition file for DNAPT to: C:\Users\CSonneveld\OneDrive - Euronext\Documents\Projects\GUI + Reviews\output\DNAPT_Composition_20250317_153620.xlsx
2025-03-17 15:36:26,028 - Review.reviews.edwpt_review - INFO - Saving individual composition file for DASPT to: C:\Users\CSonneveld\OneDrive - Euronext\Documents\Projects\GUI + Reviews\output\DASPT_Composition_20250317_153620.xlsx
2025-03-17 15:36:26,118 - Review.reviews.edwpt_review - INFO - Saving individual composition file for DPAPT to: C:\Users\CSonneveld\OneDrive - Euronext\Documents\Projects\GUI + Reviews\output\DPAPT_Composition_20250317_153620.xlsx
2025-03-17 15:36:26,144 - Review.reviews.edwpt_review - INFO - Saving individual composition file for EUSPT to: C:\Users\CSonneveld\OneDrive - Euronext\Documents\Projects\GUI + Reviews\output\EUSPT_Composition_20250317_153620.xlsx
2025-03-17 15:36:26,226 - Review.reviews.edwpt_review - INFO - Saving individual composition file for EJPPT to: C:\Users\CSonneveld\OneDrive - Euronext\Documents\Projects\GUI + Reviews\output\EJPPT_Composition_20250317_153620.xlsx
2025-03-17 15:36:26,311 - Review.reviews.edwpt_review - INFO - Saving individual composition file for ECHPT to: C:\Users\CSonneveld\OneDrive - Euronext\Documents\Projects\GUI + Reviews\output\ECHPT_Composition_20250317_153620.xlsx
2025-03-17 15:36:26,328 - Review.reviews.edwpt_review - INFO - Saving individual composition file for EUKPT to: C:\Users\CSonneveld\OneDrive - Euronext\Documents\Projects\GUI + Reviews\output\EUKPT_Composition_20250317_153620.xlsx
2025-03-17 15:36:26,353 - Review.reviews.edwpt_review - INFO - Saving individual composition file for CANPT to: C:\Users\CSonneveld\OneDrive - Euronext\Documents\Projects\GUI + Reviews\output\CANPT_Composition_20250317_153620.xlsx
2025-03-17 15:36:26,376 - Review.reviews.edwpt_review - INFO - Main file successfully saved to: C:\Users\CSonneveld\OneDrive - Euronext\Documents\Projects\GUI + Reviews\output\EDWPT_df_20250317_153620.xlsx
2025-03-17 15:36:26,377 - Review.reviews.edwpt_review - INFO - Individual composition files saved: 12
2025-03-17 15:36:26,484 - werkzeug - INFO - 127.0.0.1 - - [17/Mar/2025 15:36:26] "POST /calculate HTTP/1.1" 200 -
2025-03-17 15:36:55,417 - werkzeug - INFO -  * Detected change in 'C:\\Users\\CSonneveld\\OneDrive - Euronext\\Documents\\Projects\\GUI + Reviews\\Review\\reviews\\edwpt_review.py', reloading
2025-03-17 15:36:55,418 - werkzeug - INFO -  * Detected change in 'C:\\Users\\CSonneveld\\OneDrive - Euronext\\Documents\\Projects\\GUI + Reviews\\Review\\reviews\\edwpt_review.py', reloading
2025-03-17 15:36:55,418 - werkzeug - INFO -  * Detected change in 'C:\\Users\\CSonneveld\\OneDrive - Euronext\\Documents\\Projects\\GUI + Reviews\\Review\\reviews\\edwpt_review.py', reloading
2025-03-17 15:36:55,889 - werkzeug - INFO -  * Restarting with watchdog (windowsapi)
2025-03-17 15:37:01,540 - werkzeug - INFO -  * Restarting with watchdog (windowsapi)
2025-03-17 15:39:12,467 - werkzeug - INFO -  * Restarting with watchdog (windowsapi)
2025-03-17 15:39:14,080 - werkzeug - INFO -  * Restarting with watchdog (windowsapi)
2025-03-17 15:39:45,090 - werkzeug - INFO -  * Restarting with watchdog (windowsapi)
2025-03-17 15:39:50,731 - werkzeug - INFO -  * Restarting with watchdog (windowsapi)
2025-03-17 15:41:05,396 - werkzeug - INFO -  * Restarting with watchdog (windowsapi)
2025-03-17 15:41:07,001 - werkzeug - INFO -  * Restarting with watchdog (windowsapi)
2025-03-17 18:59:34,393 - werkzeug - INFO -  * Restarting with watchdog (windowsapi)
2025-03-17 18:59:36,095 - werkzeug - INFO -  * Restarting with watchdog (windowsapi)
2025-03-17 18:59:46,804 - werkzeug - INFO -  * Restarting with watchdog (windowsapi)
2025-03-17 18:59:50,486 - werkzeug - INFO -  * Restarting with watchdog (windowsapi)
2025-03-17 18:59:58,564 - werkzeug - INFO -  * Restarting with watchdog (windowsapi)
2025-03-17 19:00:08,336 - werkzeug - INFO -  * Restarting with watchdog (windowsapi)
2025-03-17 19:00:09,928 - werkzeug - INFO -  * Restarting with watchdog (windowsapi)
2025-03-17 19:02:34,693 - werkzeug - INFO -  * Restarting with watchdog (windowsapi)
2025-03-17 19:02:36,320 - werkzeug - INFO -  * Restarting with watchdog (windowsapi)
