2025-03-17 15:01:46,868 - werkzeug - WARNING -  * Debugger is active!
2025-03-17 15:01:46,870 - werkzeug - INFO -  * Debugger PIN: 691-175-853
2025-03-17 15:01:47,122 - Review.reviews.edwp_review - INFO - Starting EDWP review calculation
2025-03-17 15:01:50,662 - Review.reviews.edwp_review - ERROR - Error during review calculation: 'NOSH_final'
2025-03-17 15:01:50,665 - Review.reviews.edwp_review - ERROR - Traceback (most recent call last):
  File "C:\Users\CSonneveld\AppData\Roaming\Python\Python312\site-packages\pandas\core\indexes\base.py", line 3805, in get_loc
    return self._engine.get_loc(casted_key)
           ^^^^^^^^^^^^^^^^^^^^^^^^^^^^^^^^
  File "index.pyx", line 167, in pandas._libs.index.IndexEngine.get_loc
  File "index.pyx", line 196, in pandas._libs.index.IndexEngine.get_loc
  File "pandas\\_libs\\hashtable_class_helper.pxi", line 7081, in pandas._libs.hashtable.PyObjectHashTable.get_item
  File "pandas\\_libs\\hashtable_class_helper.pxi", line 7089, in pandas._libs.hashtable.PyObjectHashTable.get_item
KeyError: 'NOSH_final'

The above exception was the direct cause of the following exception:

Traceback (most recent call last):
  File "C:\Users\CSonneveld\OneDrive - Euronext\Documents\Projects\GUI + Reviews\Review\reviews\edwp_review.py", line 62, in run_edwp_review
    full_universe_df['Mcap in EUR'] = full_universe_df['fx_rate'] * full_universe_df['NOSH_final'] * full_universe_df['Price_final'] * full_universe_df['free_float']
                                                                    ~~~~~~~~~~~~~~~~^^^^^^^^^^^^^^
  File "C:\Users\CSonneveld\AppData\Roaming\Python\Python312\site-packages\pandas\core\frame.py", line 4102, in __getitem__
    indexer = self.columns.get_loc(key)
              ^^^^^^^^^^^^^^^^^^^^^^^^^
  File "C:\Users\CSonneveld\AppData\Roaming\Python\Python312\site-packages\pandas\core\indexes\base.py", line 3812, in get_loc
    raise KeyError(key) from err
KeyError: 'NOSH_final'

2025-03-17 15:01:50,674 - werkzeug - INFO - 127.0.0.1 - - [17/Mar/2025 15:01:50] "POST /calculate HTTP/1.1" 200 -
2025-03-17 15:02:02,207 - werkzeug - INFO -  * Detected change in 'C:\\Users\\CSonneveld\\OneDrive - Euronext\\Documents\\Projects\\GUI + Reviews\\Review\\reviews\\edwp_review.py', reloading
