2025-02-03 14:55:55,992 - werkzeug - WARNING -  * Debugger is active!
2025-02-03 14:55:55,994 - werkzeug - INFO -  * Debugger PIN: 691-175-853
2025-02-03 14:56:10,206 - Review.reviews.bnew_review - INFO - Loading EOD data...
2025-02-03 14:56:12,587 - Review.reviews.bnew_review - INFO - Loading reference data...
2025-02-03 14:56:13,442 - Review.reviews.bnew_review - ERROR - Error during review calculation: "['Currency'] not in index"
2025-02-03 14:56:13,445 - Review.reviews.bnew_review - ERROR - Traceback (most recent call last):
  File "C:\Users\CSonneveld\OneDrive - Euronext\Documents\Projects\GUI + Reviews\Review\reviews\bnew_review.py", line 130, in run_bnew_review
    BNEW_df = selection_df[
              ^^^^^^^^^^^^^
  File "C:\Users\CSonneveld\AppData\Roaming\Python\Python312\site-packages\pandas\core\frame.py", line 4108, in __getitem__
    indexer = self.columns._get_indexer_strict(key, "columns")[1]
              ^^^^^^^^^^^^^^^^^^^^^^^^^^^^^^^^^^^^^^^^^^^^^^^^
  File "C:\Users\CSonneveld\AppData\Roaming\Python\Python312\site-packages\pandas\core\indexes\base.py", line 6200, in _get_indexer_strict
    self._raise_if_missing(keyarr, indexer, axis_name)
  File "C:\Users\CSonneveld\AppData\Roaming\Python\Python312\site-packages\pandas\core\indexes\base.py", line 6252, in _raise_if_missing
    raise KeyError(f"{not_found} not in index")
KeyError: "['Currency'] not in index"

2025-02-03 14:56:13,452 - werkzeug - INFO - 127.0.0.1 - - [03/Feb/2025 14:56:13] "POST /calculate HTTP/1.1" 200 -
2025-02-03 14:59:35,209 - werkzeug - INFO -  * Detected change in 'C:\\Users\\CSonneveld\\OneDrive - Euronext\\Documents\\Projects\\GUI + Reviews\\Review\\reviews\\bnew_review.py', reloading
2025-02-03 14:59:35,209 - werkzeug - INFO -  * Detected change in 'C:\\Users\\CSonneveld\\OneDrive - Euronext\\Documents\\Projects\\GUI + Reviews\\Review\\reviews\\bnew_review.py', reloading
