2025-01-28 16:09:50,402 - werkzeug - WARNING -  * Debugger is active!
2025-01-28 16:09:50,404 - werkzeug - INFO -  * Debugger PIN: 691-175-853
2025-01-28 16:09:51,136 - Review.reviews.ses5p_review - INFO - Loading EOD data...
2025-01-28 16:09:52,914 - Review.reviews.ses5p_review - INFO - Loading reference data...
2025-01-28 16:09:59,724 - Review.reviews.ses5p_review - ERROR - Error during review calculation: 'Inclusion'
2025-01-28 16:09:59,728 - Review.reviews.ses5p_review - ERROR - Traceback (most recent call last):
  File "C:\Users\CSonneveld\AppData\Roaming\Python\Python312\site-packages\pandas\core\indexes\base.py", line 3805, in get_loc
    return self._engine.get_loc(casted_key)
           ^^^^^^^^^^^^^^^^^^^^^^^^^^^^^^^^
  File "index.pyx", line 167, in pandas._libs.index.IndexEngine.get_loc
  File "index.pyx", line 196, in pandas._libs.index.IndexEngine.get_loc
  File "pandas\\_libs\\hashtable_class_helper.pxi", line 7081, in pandas._libs.hashtable.PyObjectHashTable.get_item
  File "pandas\\_libs\\hashtable_class_helper.pxi", line 7089, in pandas._libs.hashtable.PyObjectHashTable.get_item
KeyError: 'Inclusion'

The above exception was the direct cause of the following exception:

Traceback (most recent call last):
  File "C:\Users\CSonneveld\OneDrive - Euronext\Documents\Projects\GUI + Reviews\Review\reviews\ses5p_review.py", line 140, in run_ses5p_review
    selection_df['Rank Universe'] = selection_df.loc[selection_df['Inclusion']]['FFMC CO'].rank(ascending=False, method='first')
                                                     ~~~~~~~~~~~~^^^^^^^^^^^^^
  File "C:\Users\CSonneveld\AppData\Roaming\Python\Python312\site-packages\pandas\core\frame.py", line 4102, in __getitem__
    indexer = self.columns.get_loc(key)
              ^^^^^^^^^^^^^^^^^^^^^^^^^
  File "C:\Users\CSonneveld\AppData\Roaming\Python\Python312\site-packages\pandas\core\indexes\base.py", line 3812, in get_loc
    raise KeyError(key) from err
KeyError: 'Inclusion'

2025-01-28 16:09:59,754 - werkzeug - INFO - 127.0.0.1 - - [28/Jan/2025 16:09:59] "POST /calculate HTTP/1.1" 200 -
2025-01-28 16:10:43,068 - werkzeug - INFO -  * Detected change in 'C:\\Users\\CSonneveld\\OneDrive - Euronext\\Documents\\Projects\\GUI + Reviews\\Review\\reviews\\ses5p_review.py', reloading
2025-01-28 16:10:43,069 - werkzeug - INFO -  * Detected change in 'C:\\Users\\CSonneveld\\OneDrive - Euronext\\Documents\\Projects\\GUI + Reviews\\Review\\reviews\\ses5p_review.py', reloading
2025-01-28 16:10:43,070 - werkzeug - INFO -  * Detected change in 'C:\\Users\\CSonneveld\\OneDrive - Euronext\\Documents\\Projects\\GUI + Reviews\\Review\\reviews\\ses5p_review.py', reloading
