2025-09-11 15:51:03,544 - werkzeug - WARNING -  * Debugger is active!
2025-09-11 15:51:03,547 - werkzeug - INFO -  * Debugger PIN: 691-175-853
2025-09-11 15:51:04,244 - werkzeug - INFO - 127.0.0.1 - - [11/Sep/2025 15:51:04] "GET / HTTP/1.1" 200 -
2025-09-11 15:51:04,279 - werkzeug - INFO - 127.0.0.1 - - [11/Sep/2025 15:51:04] "[36mGET /static/images/Euronext_Logo-RGB_black.png HTTP/1.1[0m" 304 -
2025-09-11 15:51:08,776 - werkzeug - INFO - 127.0.0.1 - - [11/Sep/2025 15:51:08] "POST /calculate HTTP/1.1" 200 -
2025-09-11 15:51:08,776 - Review.reviews.edwpt_review - INFO - Starting EDWPT review calculation
2025-09-11 15:51:08,781 - werkzeug - INFO - 127.0.0.1 - - [11/Sep/2025 15:51:08] "GET /task-status/b951d89a-899c-455b-9a8c-dfa46f28b112 HTTP/1.1" 200 -
2025-09-11 15:51:10,793 - werkzeug - INFO - 127.0.0.1 - - [11/Sep/2025 15:51:10] "GET /task-status/b951d89a-899c-455b-9a8c-dfa46f28b112 HTTP/1.1" 200 -
2025-09-11 15:51:11,309 - werkzeug - INFO -  * Detected change in 'C:\\Users\\CSonneveld\\OneDrive - Euronext\\Documents\\Projects\\GUI + Reviews\\Review\\reviews\\edwpt_review.py', reloading
2025-09-11 15:51:11,311 - werkzeug - INFO -  * Detected change in 'C:\\Users\\CSonneveld\\OneDrive - Euronext\\Documents\\Projects\\GUI + Reviews\\Review\\reviews\\edwpt_review.py', reloading
2025-09-11 15:51:11,464 - Review.reviews.edwpt_review - INFO - 
EDWPT Selection Summary:
2025-09-11 15:51:11,466 - Review.reviews.edwpt_review - INFO - Total companies selected: 5401
2025-09-11 15:51:11,468 - Review.reviews.edwpt_review - INFO - Total FFMC covered: 98.84%
2025-09-11 15:51:11,500 - Review.reviews.edwpt_review - INFO - 
DEUPT Selection Summary:
2025-09-11 15:51:11,502 - Review.reviews.edwpt_review - INFO - Total companies selected: 1297
2025-09-11 15:51:11,503 - Review.reviews.edwpt_review - INFO - Total FFMC covered: 98.66%
2025-09-11 15:51:11,522 - Review.reviews.edwpt_review - INFO - 
DEZPT Selection Summary:
2025-09-11 15:51:11,524 - Review.reviews.edwpt_review - INFO - Total companies selected: 503
2025-09-11 15:51:11,525 - Review.reviews.edwpt_review - INFO - Total FFMC covered: 98.47%
2025-09-11 15:51:11,548 - Review.reviews.edwpt_review - INFO - 
DAPPT Selection Summary:
2025-09-11 15:51:11,550 - Review.reviews.edwpt_review - INFO - Total companies selected: 1940
2025-09-11 15:51:11,551 - Review.reviews.edwpt_review - INFO - Total FFMC covered: 98.11%
2025-09-11 15:51:11,568 - Review.reviews.edwpt_review - INFO - 
DNAPT Selection Summary:
2025-09-11 15:51:11,570 - Review.reviews.edwpt_review - INFO - Total companies selected: 1694
2025-09-11 15:51:11,573 - Review.reviews.edwpt_review - INFO - Total FFMC covered: 98.17%
2025-09-11 15:51:11,591 - Review.reviews.edwpt_review - INFO - 
DASPT Selection Summary:
2025-09-11 15:51:11,592 - Review.reviews.edwpt_review - INFO - Total companies selected: 1598
2025-09-11 15:51:11,594 - Review.reviews.edwpt_review - INFO - Total FFMC covered: 98.09%
2025-09-11 15:51:11,602 - Review.reviews.edwpt_review - INFO - 
DPAPT Selection Summary:
2025-09-11 15:51:11,604 - Review.reviews.edwpt_review - INFO - Total companies selected: 332
2025-09-11 15:51:11,606 - Review.reviews.edwpt_review - INFO - Total FFMC covered: 98.07%
2025-09-11 15:51:11,621 - Review.reviews.edwpt_review - INFO - 
EUSPT Selection Summary:
2025-09-11 15:51:11,622 - Review.reviews.edwpt_review - INFO - Total companies selected: 1418
2025-09-11 15:51:11,624 - Review.reviews.edwpt_review - INFO - Total FFMC covered: 98.00%
2025-09-11 15:51:11,634 - Review.reviews.edwpt_review - INFO - 
EJPPT Selection Summary:
2025-09-11 15:51:11,637 - Review.reviews.edwpt_review - INFO - Total companies selected: 1413
2025-09-11 15:51:11,639 - Review.reviews.edwpt_review - INFO - Total FFMC covered: 98.00%
2025-09-11 15:51:11,645 - Review.reviews.edwpt_review - INFO - 
ECHPT Selection Summary:
2025-09-11 15:51:11,645 - Review.reviews.edwpt_review - INFO - Total companies selected: 79
2025-09-11 15:51:11,646 - Review.reviews.edwpt_review - INFO - Total FFMC covered: 98.06%
2025-09-11 15:51:11,655 - Review.reviews.edwpt_review - INFO - 
EUKPT Selection Summary:
2025-09-11 15:51:11,656 - Review.reviews.edwpt_review - INFO - Total companies selected: 279
2025-09-11 15:51:11,657 - Review.reviews.edwpt_review - INFO - Total FFMC covered: 98.01%
2025-09-11 15:51:11,664 - Review.reviews.edwpt_review - INFO - 
CANPT Selection Summary:
2025-09-11 15:51:11,665 - Review.reviews.edwpt_review - INFO - Total companies selected: 225
2025-09-11 15:51:11,666 - Review.reviews.edwpt_review - INFO - Total FFMC covered: 98.02%
2025-09-11 15:51:11,679 - Review.reviews.edwpt_review - INFO - 
Global Selection Summary:
2025-09-11 15:51:11,680 - Review.reviews.edwpt_review - INFO - Total companies selected: 5401
2025-09-11 15:51:11,681 - Review.reviews.edwpt_review - INFO - Total FFMC covered: 98.84%
2025-09-11 15:51:11,684 - Review.reviews.edwpt_review - INFO - 
MIC-level Summary:
2025-09-11 15:51:11,684 - Review.reviews.edwpt_review - INFO -       ISIN          FFMC  EDWPT_selection
MIC                                      
ALXP     1  9.883261e+08                1
BATS     1  2.199535e+10                1
DSME     1  1.942100e+07                0
FSME     2  4.560935e+08                2
MERK     2  2.434286e+08                2
MTAA   242  6.616828e+11               81
NEOE     1  4.880961e+07                0
SSME    16  5.302860e+09               14
WBAH    29  7.279940e+10               19
XAMS    81  1.180872e+12               47
XASE     3  7.511585e+09                3
XASX   895  1.497465e+12              292
XBRU    64  2.218685e+11               35
XCSE    98  3.906898e+11               36
XESM     2  1.791636e+09                2
XETR   231  1.834892e+12              102
XHEL   131  2.273515e+11               49
XHKG   266  5.355683e+11               85
XLIS    17  4.001595e+10               12
XLON   832  2.475530e+12              279
XMAD    97  6.461406e+11               43
XMSM    13  5.930509e+10               10
XNCM    34  9.657971e+10               30
XNGM    61  1.481313e+09                4
XNGS  2560  2.783051e+13              672
XNMS    63  1.747475e+11               60
XNYS  1715  2.615317e+13             1093
XNZE    54  5.751231e+10               36
XOSL   227  1.836013e+11              112
XPAR   348  1.965679e+12               94
XSES   144  3.156131e+11               75
XSTO   606  7.184752e+11              209
XSWX   158  1.679296e+12               93
XTAE   285  2.310484e+11              170
XTKS  3667  5.319129e+12             1413
XTSE   495  2.317030e+12              225
2025-09-11 15:51:11,720 - Review.reviews.edwpt_review - INFO - Saving main output to: C:\Users\CSonneveld\OneDrive - Euronext\Documents\Projects\GUI + Reviews\output\EDWPT_df_20250911_155111.xlsx
2025-09-11 15:51:11,999 - Review.reviews.edwpt_review - INFO - 
EDWPT Changes Summary:
2025-09-11 15:51:12,000 - Review.reviews.edwpt_review - INFO - Inclusions: 268
2025-09-11 15:51:12,000 - Review.reviews.edwpt_review - INFO - Exclusions: 122
2025-09-11 15:51:12,063 - Review.reviews.edwpt_review - INFO - 
DEUPT Changes Summary:
2025-09-11 15:51:12,063 - Review.reviews.edwpt_review - INFO - Inclusions: 58
2025-09-11 15:51:12,063 - Review.reviews.edwpt_review - INFO - Exclusions: 38
2025-09-11 15:51:12,093 - Review.reviews.edwpt_review - INFO - 
DEZPT Changes Summary:
2025-09-11 15:51:12,093 - Review.reviews.edwpt_review - INFO - Inclusions: 22
2025-09-11 15:51:12,093 - Review.reviews.edwpt_review - INFO - Exclusions: 15
2025-09-11 15:51:12,173 - Review.reviews.edwpt_review - INFO - 
DAPPT Changes Summary:
2025-09-11 15:51:12,173 - Review.reviews.edwpt_review - INFO - Inclusions: 89
2025-09-11 15:51:12,173 - Review.reviews.edwpt_review - INFO - Exclusions: 41
2025-09-11 15:51:12,245 - Review.reviews.edwpt_review - INFO - 
DNAPT Changes Summary:
2025-09-11 15:51:12,245 - Review.reviews.edwpt_review - INFO - Inclusions: 89
2025-09-11 15:51:12,245 - Review.reviews.edwpt_review - INFO - Exclusions: 32
