2025-02-03 14:17:19,313 - werkzeug - WARNING -  * Debugger is active!
2025-02-03 14:17:19,316 - werkzeug - INFO -  * Debugger PIN: 691-175-853
2025-02-03 14:17:23,295 - Review.reviews.bnew_review - INFO - Loading EOD data...
2025-02-03 14:17:23,938 - Review.reviews.bnew_review - INFO - Loading reference data...
2025-02-03 14:17:24,829 - Review.reviews.bnew_review - ERROR - Error during review calculation: 'MIC'
2025-02-03 14:17:24,833 - werkzeug - INFO -  * Detected change in 'C:\\Users\\CSonneveld\\AppData\\Roaming\\Python\\Python312\\site-packages\\pandas\\core\\reshape\\merge.py', reloading
2025-02-03 14:17:24,834 - Review.reviews.bnew_review - ERROR - Traceback (most recent call last):
  File "C:\Users\CSonneveld\OneDrive - Euronext\Documents\Projects\GUI + Reviews\Review\reviews\bnew_review.py", line 86, in run_bnew_review
    aex_bel_df = aex_bel_df.merge(
                 ^^^^^^^^^^^^^^^^^
  File "C:\Users\CSonneveld\AppData\Roaming\Python\Python312\site-packages\pandas\core\frame.py", line 10832, in merge
    return merge(
           ^^^^^^
  File "C:\Users\CSonneveld\AppData\Roaming\Python\Python312\site-packages\pandas\core\reshape\merge.py", line 170, in merge
    op = _MergeOperation(
         ^^^^^^^^^^^^^^^^
  File "C:\Users\CSonneveld\AppData\Roaming\Python\Python312\site-packages\pandas\core\reshape\merge.py", line 794, in __init__
    ) = self._get_merge_keys()
        ^^^^^^^^^^^^^^^^^^^^^^
  File "C:\Users\CSonneveld\AppData\Roaming\Python\Python312\site-packages\pandas\core\reshape\merge.py", line 1310, in _get_merge_keys
    left_keys.append(left._get_label_or_level_values(lk))
                     ^^^^^^^^^^^^^^^^^^^^^^^^^^^^^^^^^^^
  File "C:\Users\CSonneveld\AppData\Roaming\Python\Python312\site-packages\pandas\core\generic.py", line 1911, in _get_label_or_level_values
    raise KeyError(key)
KeyError: 'MIC'

2025-02-03 14:17:24,842 - werkzeug - INFO - 127.0.0.1 - - [03/Feb/2025 14:17:24] "POST /calculate HTTP/1.1" 200 -
