2025-01-28 10:00:13,777 - werkzeug - WARNING -  * Debugger is active!
2025-01-28 10:00:13,779 - werkzeug - INFO -  * Debugger PIN: 691-175-853
2025-01-28 10:00:55,517 - werkzeug - INFO - 127.0.0.1 - - [28/Jan/2025 10:00:55] "POST /calculate HTTP/1.1" 200 -
2025-01-28 10:01:14,544 - werkzeug - INFO -  * Detected change in 'C:\\Users\\CSonneveld\\AppData\\Roaming\\Python\\Python312\\site-packages\\flask\\__init__.py', reloading
2025-01-28 10:01:14,547 - werkzeug - INFO -  * Detected change in 'C:\\Users\\CSonneveld\\AppData\\Roaming\\Python\\Python312\\site-packages\\flask\\app.py', reloading
2025-01-28 10:01:14,574 - werkzeug - INFO -  * Detected change in 'C:\\Users\\CSonneveld\\AppData\\Roaming\\Python\\Python312\\site-packages\\flask\\sansio\\app.py', reloading
2025-01-28 10:01:14,583 - werkzeug - INFO -  * Detected change in 'C:\\Users\\CSonneveld\\AppData\\Roaming\\Python\\Python312\\site-packages\\flask\\sansio\\scaffold.py', reloading
2025-01-28 10:01:14,589 - werkzeug - INFO -  * Detected change in 'C:\\Users\\CSonneveld\\AppData\\Roaming\\Python\\Python312\\site-packages\\flask\\templating.py', reloading
2025-01-28 10:01:14,592 - werkzeug - INFO -  * Detected change in 'C:\\Users\\CSonneveld\\AppData\\Roaming\\Python\\Python312\\site-packages\\jinja2\\__init__.py', reloading
2025-01-28 10:01:14,595 - werkzeug - INFO -  * Detected change in 'C:\\Users\\CSonneveld\\AppData\\Roaming\\Python\\Python312\\site-packages\\jinja2\\environment.py', reloading
2025-01-28 10:01:14,610 - werkzeug - INFO -  * Detected change in 'C:\\Users\\CSonneveld\\AppData\\Roaming\\Python\\Python312\\site-packages\\flask\\globals.py', reloading
2025-01-28 10:01:14,612 - werkzeug - INFO -  * Detected change in 'C:\\Users\\CSonneveld\\AppData\\Roaming\\Python\\Python312\\site-packages\\flask\\json\\__init__.py', reloading
2025-01-28 10:01:14,615 - werkzeug - INFO -  * Detected change in 'C:\\Users\\CSonneveld\\AppData\\Roaming\\Python\\Python312\\site-packages\\flask\\wrappers.py', reloading
2025-01-28 10:01:14,617 - werkzeug - INFO -  * Detected change in 'C:\\Users\\CSonneveld\\AppData\\Roaming\\Python\\Python312\\site-packages\\werkzeug\\wrappers\\__init__.py', reloading
2025-01-28 10:01:14,619 - werkzeug - INFO -  * Detected change in 'C:\\Users\\CSonneveld\\AppData\\Roaming\\Python\\Python312\\site-packages\\werkzeug\\wrappers\\response.py', reloading
2025-01-28 10:01:14,628 - werkzeug - INFO -  * Detected change in 'C:\\Users\\CSonneveld\\AppData\\Roaming\\Python\\Python312\\site-packages\\werkzeug\\sansio\\response.py', reloading
2025-01-28 10:01:14,636 - werkzeug - INFO -  * Detected change in 'C:\\Users\\CSonneveld\\AppData\\Roaming\\Python\\Python312\\site-packages\\flask\\typing.py', reloading
2025-01-28 10:01:14,638 - werkzeug - INFO -  * Detected change in 'C:\\Users\\CSonneveld\\AppData\\Roaming\\Python\\Python312\\site-packages\\werkzeug\\datastructures\\__init__.py', reloading
2025-01-28 10:01:14,640 - werkzeug - INFO -  * Detected change in 'C:\\Users\\CSonneveld\\AppData\\Roaming\\Python\\Python312\\site-packages\\werkzeug\\datastructures\\headers.py', reloading
2025-01-28 10:01:14,675 - werkzeug - INFO -  * Detected change in 'C:\\Users\\CSonneveld\\AppData\\Roaming\\Python\\Python312\\site-packages\\werkzeug\\wrappers\\request.py', reloading
2025-01-28 10:01:14,678 - werkzeug - INFO -  * Detected change in 'C:\\Users\\CSonneveld\\AppData\\Roaming\\Python\\Python312\\site-packages\\werkzeug\\sansio\\request.py', reloading
2025-01-28 10:01:14,681 - werkzeug - INFO -  * Detected change in 'C:\\Users\\CSonneveld\\AppData\\Roaming\\Python\\Python312\\site-packages\\werkzeug\\utils.py', reloading
2025-01-28 10:01:14,692 - werkzeug - INFO -  * Detected change in 'C:\\Users\\CSonneveld\\AppData\\Roaming\\Python\\Python312\\site-packages\\werkzeug\\_internal.py', reloading
2025-01-28 10:01:14,697 - werkzeug - INFO -  * Detected change in 'C:\\Users\\CSonneveld\\AppData\\Roaming\\Python\\Python312\\site-packages\\werkzeug\\datastructures\\structures.py', reloading
2025-01-28 10:01:14,707 - werkzeug - INFO -  * Detected change in 'C:\\Users\\CSonneveld\\AppData\\Roaming\\Python\\Python312\\site-packages\\werkzeug\\datastructures\\mixins.py', reloading
2025-01-28 10:01:15,079 - werkzeug - INFO -  * Detected change in 'C:\\Users\\CSonneveld\\AppData\\Roaming\\Python\\Python312\\site-packages\\flask\\config.py', reloading
