2025-09-15 16:21:20,205 - werkzeug - WARNING -  * Debugger is active!
2025-09-15 16:21:20,208 - werkzeug - INFO -  * Debugger PIN: 691-175-853
2025-09-15 16:21:20,624 - werkzeug - INFO - 127.0.0.1 - - [15/Sep/2025 16:21:20] "GET /task-status/ba82745b-4ee3-4181-96eb-94496e7d2b06 HTTP/1.1" 200 -
2025-09-15 16:23:06,776 - werkzeug - INFO - 127.0.0.1 - - [15/Sep/2025 16:23:06] "POST /calculate-batch HTTP/1.1" 200 -
2025-09-15 16:23:06,777 - Review.reviews.wifrp_review - INFO - Loading EOD data...
2025-09-15 16:23:06,785 - werkzeug - INFO - 127.0.0.1 - - [15/Sep/2025 16:23:06] "GET /task-status/d4924a98-1a73-4445-aa65-5112d4aa9161 HTTP/1.1" 200 -
2025-09-15 16:23:08,652 - Review.reviews.wifrp_review - INFO - Loading reference data...
2025-09-15 16:23:08,788 - werkzeug - INFO - 127.0.0.1 - - [15/Sep/2025 16:23:08] "GET /task-status/d4924a98-1a73-4445-aa65-5112d4aa9161 HTTP/1.1" 200 -
2025-09-15 16:23:10,828 - werkzeug - INFO - 127.0.0.1 - - [15/Sep/2025 16:23:10] "GET /task-status/d4924a98-1a73-4445-aa65-5112d4aa9161 HTTP/1.1" 200 -
2025-09-15 16:23:12,801 - werkzeug - INFO - 127.0.0.1 - - [15/Sep/2025 16:23:12] "GET /task-status/d4924a98-1a73-4445-aa65-5112d4aa9161 HTTP/1.1" 200 -
2025-09-15 16:23:14,787 - werkzeug - INFO - 127.0.0.1 - - [15/Sep/2025 16:23:14] "GET /task-status/d4924a98-1a73-4445-aa65-5112d4aa9161 HTTP/1.1" 200 -
2025-09-15 16:23:16,796 - werkzeug - INFO - 127.0.0.1 - - [15/Sep/2025 16:23:16] "GET /task-status/d4924a98-1a73-4445-aa65-5112d4aa9161 HTTP/1.1" 200 -
2025-09-15 16:23:18,796 - werkzeug - INFO - 127.0.0.1 - - [15/Sep/2025 16:23:18] "GET /task-status/d4924a98-1a73-4445-aa65-5112d4aa9161 HTTP/1.1" 200 -
2025-09-15 16:23:19,460 - Review.reviews.wifrp_review - WARNING - Removed 2 duplicate rows from Oekom data
2025-09-15 16:23:19,460 - Review.reviews.wifrp_review - WARNING - Removed 10 duplicate rows from SESAMm data
2025-09-15 16:23:19,460 - Review.reviews.wifrp_review - INFO - Adding Index_Currency to stock_eod_df by looking up Index in index_eod_df...
2025-09-15 16:23:19,476 - Review.reviews.wifrp_review - INFO - Added Index_Currency to stock_eod_df. Found 61600 matches.
2025-09-15 16:23:19,481 - Review.reviews.wifrp_review - INFO - Added Index_Currency to stock_co_df. Found 61214 matches.
2025-09-15 16:23:19,482 - Review.reviews.wifrp_review - INFO - Filtering universe to exclude Euronext Paris (XPAR) listings...
2025-09-15 16:23:19,484 - Review.reviews.wifrp_review - INFO - Adding Free Float data...
2025-09-15 16:23:19,487 - Review.reviews.wifrp_review - INFO - Applying exclusion criteria...
2025-09-15 16:23:19,523 - Review.reviews.wifrp_review - WARNING - Removed 9446 duplicate rows from ICB data
2025-09-15 16:23:19,524 - Review.reviews.wifrp_review - INFO - Merging ICB data with 'Supersector Code' column
2025-09-15 16:23:19,544 - Review.reviews.wifrp_review - INFO - Processing sector: 1010.0, region: AS, group size: 46
2025-09-15 16:23:19,544 - Review.reviews.wifrp_review - INFO - Companies in group: 46, to exclude: 9
2025-09-15 16:23:19,545 - Review.reviews.wifrp_review - INFO - Processing sector: 1010.0, region: EU, group size: 20
2025-09-15 16:23:19,545 - Review.reviews.wifrp_review - INFO - Companies in group: 20, to exclude: 3
2025-09-15 16:23:19,545 - Review.reviews.wifrp_review - INFO - Processing sector: 1010.0, region: NA, group size: 86
2025-09-15 16:23:19,549 - Review.reviews.wifrp_review - INFO - Companies in group: 86, to exclude: 17
2025-09-15 16:23:19,549 - Review.reviews.wifrp_review - INFO - Processing sector: 1510.0, region: AS, group size: 12
2025-09-15 16:23:19,550 - Review.reviews.wifrp_review - INFO - Companies in group: 12, to exclude: 2
2025-09-15 16:23:19,550 - Review.reviews.wifrp_review - INFO - Processing sector: 1510.0, region: EU, group size: 18
2025-09-15 16:23:19,550 - Review.reviews.wifrp_review - INFO - Companies in group: 18, to exclude: 3
2025-09-15 16:23:19,550 - Review.reviews.wifrp_review - INFO - Processing sector: 1510.0, region: NA, group size: 10
2025-09-15 16:23:19,551 - Review.reviews.wifrp_review - INFO - Companies in group: 10, to exclude: 1
2025-09-15 16:23:19,551 - Review.reviews.wifrp_review - INFO - Processing sector: 2010.0, region: AS, group size: 30
2025-09-15 16:23:19,551 - Review.reviews.wifrp_review - INFO - Companies in group: 30, to exclude: 5
2025-09-15 16:23:19,551 - Review.reviews.wifrp_review - INFO - Processing sector: 2010.0, region: EU, group size: 40
2025-09-15 16:23:19,552 - Review.reviews.wifrp_review - INFO - Companies in group: 40, to exclude: 7
2025-09-15 16:23:19,552 - Review.reviews.wifrp_review - INFO - Processing sector: 2010.0, region: NA, group size: 44
2025-09-15 16:23:19,552 - Review.reviews.wifrp_review - INFO - Companies in group: 44, to exclude: 8
2025-09-15 16:23:19,552 - Review.reviews.wifrp_review - INFO - Processing sector: 3010.0, region: AS, group size: 32
2025-09-15 16:23:19,553 - Review.reviews.wifrp_review - INFO - Companies in group: 32, to exclude: 6
2025-09-15 16:23:19,553 - Review.reviews.wifrp_review - INFO - Processing sector: 3010.0, region: EU, group size: 43
2025-09-15 16:23:19,553 - Review.reviews.wifrp_review - INFO - Companies in group: 43, to exclude: 8
2025-09-15 16:23:19,553 - Review.reviews.wifrp_review - INFO - Processing sector: 3010.0, region: NA, group size: 20
2025-09-15 16:23:19,553 - Review.reviews.wifrp_review - INFO - Companies in group: 20, to exclude: 3
2025-09-15 16:23:19,554 - Review.reviews.wifrp_review - INFO - Processing sector: 3020.0, region: AS, group size: 17
2025-09-15 16:23:19,554 - Review.reviews.wifrp_review - INFO - Companies in group: 17, to exclude: 3
2025-09-15 16:23:19,554 - Review.reviews.wifrp_review - INFO - Processing sector: 3020.0, region: EU, group size: 30
2025-09-15 16:23:19,554 - Review.reviews.wifrp_review - INFO - Companies in group: 30, to exclude: 5
2025-09-15 16:23:19,554 - Review.reviews.wifrp_review - INFO - Processing sector: 3020.0, region: NA, group size: 32
2025-09-15 16:23:19,554 - Review.reviews.wifrp_review - INFO - Companies in group: 32, to exclude: 6
2025-09-15 16:23:19,554 - Review.reviews.wifrp_review - INFO - Processing sector: 3030.0, region: AS, group size: 14
2025-09-15 16:23:19,555 - Review.reviews.wifrp_review - INFO - Companies in group: 14, to exclude: 2
2025-09-15 16:23:19,555 - Review.reviews.wifrp_review - INFO - Processing sector: 3030.0, region: EU, group size: 28
2025-09-15 16:23:19,555 - Review.reviews.wifrp_review - INFO - Companies in group: 28, to exclude: 5
2025-09-15 16:23:19,555 - Review.reviews.wifrp_review - INFO - Processing sector: 3030.0, region: NA, group size: 23
2025-09-15 16:23:19,556 - Review.reviews.wifrp_review - INFO - Companies in group: 23, to exclude: 4
2025-09-15 16:23:19,556 - Review.reviews.wifrp_review - INFO - Processing sector: 3510.0, region: AS, group size: 46
2025-09-15 16:23:19,556 - Review.reviews.wifrp_review - INFO - Companies in group: 46, to exclude: 9
2025-09-15 16:23:19,556 - Review.reviews.wifrp_review - INFO - Processing sector: 3510.0, region: EU, group size: 22
2025-09-15 16:23:19,556 - Review.reviews.wifrp_review - INFO - Companies in group: 22, to exclude: 4
2025-09-15 16:23:19,557 - Review.reviews.wifrp_review - INFO - Processing sector: 3510.0, region: NA, group size: 19
2025-09-15 16:23:19,557 - Review.reviews.wifrp_review - INFO - Companies in group: 19, to exclude: 3
2025-09-15 16:23:19,557 - Review.reviews.wifrp_review - INFO - Processing sector: 4010.0, region: AS, group size: 16
2025-09-15 16:23:19,557 - Review.reviews.wifrp_review - INFO - Companies in group: 16, to exclude: 3
2025-09-15 16:23:19,557 - Review.reviews.wifrp_review - INFO - Processing sector: 4010.0, region: EU, group size: 10
2025-09-15 16:23:19,558 - Review.reviews.wifrp_review - INFO - Companies in group: 10, to exclude: 1
2025-09-15 16:23:19,558 - Review.reviews.wifrp_review - INFO - Processing sector: 4010.0, region: NA, group size: 4
2025-09-15 16:23:19,558 - Review.reviews.wifrp_review - INFO - Companies in group: 4, to exclude: 0
2025-09-15 16:23:19,558 - Review.reviews.wifrp_review - WARNING - No companies to exclude for sector 4010.0 and region NA
2025-09-15 16:23:19,558 - Review.reviews.wifrp_review - INFO - Processing sector: 4020.0, region: AS, group size: 25
2025-09-15 16:23:19,559 - Review.reviews.wifrp_review - INFO - Companies in group: 25, to exclude: 4
2025-09-15 16:23:19,559 - Review.reviews.wifrp_review - INFO - Processing sector: 4020.0, region: EU, group size: 16
2025-09-15 16:23:19,559 - Review.reviews.wifrp_review - INFO - Companies in group: 16, to exclude: 3
2025-09-15 16:23:19,559 - Review.reviews.wifrp_review - INFO - Processing sector: 4020.0, region: NA, group size: 18
2025-09-15 16:23:19,560 - Review.reviews.wifrp_review - INFO - Companies in group: 18, to exclude: 3
2025-09-15 16:23:19,560 - Review.reviews.wifrp_review - INFO - Processing sector: 4030.0, region: AS, group size: 6
2025-09-15 16:23:19,560 - Review.reviews.wifrp_review - INFO - Companies in group: 6, to exclude: 1
2025-09-15 16:23:19,560 - Review.reviews.wifrp_review - INFO - Processing sector: 4030.0, region: EU, group size: 6
2025-09-15 16:23:19,561 - Review.reviews.wifrp_review - INFO - Companies in group: 6, to exclude: 1
2025-09-15 16:23:19,561 - Review.reviews.wifrp_review - INFO - Processing sector: 4030.0, region: NA, group size: 6
2025-09-15 16:23:19,561 - Review.reviews.wifrp_review - INFO - Companies in group: 6, to exclude: 1
2025-09-15 16:23:19,561 - Review.reviews.wifrp_review - INFO - Processing sector: 4040.0, region: AS, group size: 13
2025-09-15 16:23:19,562 - Review.reviews.wifrp_review - INFO - Companies in group: 13, to exclude: 2
2025-09-15 16:23:19,562 - Review.reviews.wifrp_review - INFO - Processing sector: 4040.0, region: EU, group size: 8
2025-09-15 16:23:19,562 - Review.reviews.wifrp_review - INFO - Companies in group: 8, to exclude: 1
2025-09-15 16:23:19,562 - Review.reviews.wifrp_review - INFO - Processing sector: 4040.0, region: NA, group size: 21
2025-09-15 16:23:19,562 - Review.reviews.wifrp_review - INFO - Companies in group: 21, to exclude: 4
2025-09-15 16:23:19,563 - Review.reviews.wifrp_review - INFO - Processing sector: 4050.0, region: AS, group size: 19
2025-09-15 16:23:19,563 - Review.reviews.wifrp_review - INFO - Companies in group: 19, to exclude: 3
2025-09-15 16:23:19,563 - Review.reviews.wifrp_review - INFO - Processing sector: 4050.0, region: EU, group size: 10
2025-09-15 16:23:19,563 - Review.reviews.wifrp_review - INFO - Companies in group: 10, to exclude: 1
2025-09-15 16:23:19,563 - Review.reviews.wifrp_review - INFO - Processing sector: 4050.0, region: NA, group size: 18
2025-09-15 16:23:19,564 - Review.reviews.wifrp_review - INFO - Companies in group: 18, to exclude: 3
2025-09-15 16:23:19,564 - Review.reviews.wifrp_review - INFO - Processing sector: 4510.0, region: AS, group size: 24
2025-09-15 16:23:19,564 - Review.reviews.wifrp_review - INFO - Companies in group: 24, to exclude: 4
2025-09-15 16:23:19,564 - Review.reviews.wifrp_review - INFO - Processing sector: 4510.0, region: EU, group size: 23
2025-09-15 16:23:19,565 - Review.reviews.wifrp_review - INFO - Companies in group: 23, to exclude: 4
2025-09-15 16:23:19,565 - Review.reviews.wifrp_review - INFO - Processing sector: 4510.0, region: NA, group size: 17
2025-09-15 16:23:19,565 - Review.reviews.wifrp_review - INFO - Companies in group: 17, to exclude: 3
2025-09-15 16:23:19,566 - Review.reviews.wifrp_review - INFO - Processing sector: 4520.0, region: AS, group size: 17
2025-09-15 16:23:19,566 - Review.reviews.wifrp_review - INFO - Companies in group: 17, to exclude: 3
2025-09-15 16:23:19,566 - Review.reviews.wifrp_review - INFO - Processing sector: 4520.0, region: EU, group size: 12
2025-09-15 16:23:19,566 - Review.reviews.wifrp_review - INFO - Companies in group: 12, to exclude: 2
2025-09-15 16:23:19,567 - Review.reviews.wifrp_review - INFO - Processing sector: 4520.0, region: NA, group size: 12
2025-09-15 16:23:19,567 - Review.reviews.wifrp_review - INFO - Companies in group: 12, to exclude: 2
2025-09-15 16:23:19,567 - Review.reviews.wifrp_review - INFO - Processing sector: 5010.0, region: AS, group size: 19
2025-09-15 16:23:19,567 - Review.reviews.wifrp_review - INFO - Companies in group: 19, to exclude: 3
2025-09-15 16:23:19,567 - Review.reviews.wifrp_review - INFO - Processing sector: 5010.0, region: EU, group size: 23
2025-09-15 16:23:19,568 - Review.reviews.wifrp_review - INFO - Companies in group: 23, to exclude: 4
2025-09-15 16:23:19,568 - Review.reviews.wifrp_review - INFO - Processing sector: 5010.0, region: NA, group size: 11
2025-09-15 16:23:19,568 - Review.reviews.wifrp_review - INFO - Companies in group: 11, to exclude: 2
2025-09-15 16:23:19,568 - Review.reviews.wifrp_review - INFO - Processing sector: 5020.0, region: AS, group size: 92
2025-09-15 16:23:19,568 - Review.reviews.wifrp_review - INFO - Companies in group: 92, to exclude: 18
2025-09-15 16:23:19,569 - Review.reviews.wifrp_review - INFO - Processing sector: 5020.0, region: EU, group size: 83
2025-09-15 16:23:19,569 - Review.reviews.wifrp_review - INFO - Companies in group: 83, to exclude: 16
2025-09-15 16:23:19,569 - Review.reviews.wifrp_review - INFO - Processing sector: 5020.0, region: NA, group size: 79
2025-09-15 16:23:19,570 - Review.reviews.wifrp_review - INFO - Companies in group: 79, to exclude: 15
2025-09-15 16:23:19,570 - Review.reviews.wifrp_review - INFO - Processing sector: 5510.0, region: AS, group size: 24
2025-09-15 16:23:19,570 - Review.reviews.wifrp_review - INFO - Companies in group: 24, to exclude: 4
2025-09-15 16:23:19,570 - Review.reviews.wifrp_review - INFO - Processing sector: 5510.0, region: EU, group size: 16
2025-09-15 16:23:19,571 - Review.reviews.wifrp_review - INFO - Companies in group: 16, to exclude: 3
2025-09-15 16:23:19,571 - Review.reviews.wifrp_review - INFO - Processing sector: 5510.0, region: NA, group size: 12
2025-09-15 16:23:19,571 - Review.reviews.wifrp_review - INFO - Companies in group: 12, to exclude: 2
2025-09-15 16:23:19,571 - Review.reviews.wifrp_review - INFO - Processing sector: 5520.0, region: AS, group size: 17
2025-09-15 16:23:19,571 - Review.reviews.wifrp_review - INFO - Companies in group: 17, to exclude: 3
2025-09-15 16:23:19,572 - Review.reviews.wifrp_review - INFO - Processing sector: 5520.0, region: EU, group size: 15
2025-09-15 16:23:19,572 - Review.reviews.wifrp_review - INFO - Companies in group: 15, to exclude: 2
2025-09-15 16:23:19,572 - Review.reviews.wifrp_review - INFO - Processing sector: 5520.0, region: NA, group size: 4
2025-09-15 16:23:19,572 - Review.reviews.wifrp_review - INFO - Companies in group: 4, to exclude: 0
2025-09-15 16:23:19,572 - Review.reviews.wifrp_review - WARNING - No companies to exclude for sector 5520.0 and region NA
2025-09-15 16:23:19,573 - Review.reviews.wifrp_review - INFO - Processing sector: 6010.0, region: AS, group size: 10
2025-09-15 16:23:19,573 - Review.reviews.wifrp_review - INFO - Companies in group: 10, to exclude: 1
2025-09-15 16:23:19,573 - Review.reviews.wifrp_review - INFO - Processing sector: 6010.0, region: EU, group size: 18
2025-09-15 16:23:19,573 - Review.reviews.wifrp_review - INFO - Companies in group: 18, to exclude: 3
2025-09-15 16:23:19,573 - Review.reviews.wifrp_review - INFO - Processing sector: 6010.0, region: NA, group size: 33
2025-09-15 16:23:19,573 - Review.reviews.wifrp_review - INFO - Companies in group: 33, to exclude: 6
2025-09-15 16:23:19,574 - Review.reviews.wifrp_review - INFO - Processing sector: 6510.0, region: AS, group size: 21
2025-09-15 16:23:19,574 - Review.reviews.wifrp_review - INFO - Companies in group: 21, to exclude: 4
2025-09-15 16:23:19,574 - Review.reviews.wifrp_review - INFO - Processing sector: 6510.0, region: EU, group size: 24
2025-09-15 16:23:19,574 - Review.reviews.wifrp_review - INFO - Companies in group: 24, to exclude: 4
2025-09-15 16:23:19,574 - Review.reviews.wifrp_review - INFO - Processing sector: 6510.0, region: NA, group size: 31
2025-09-15 16:23:19,575 - Review.reviews.wifrp_review - INFO - Companies in group: 31, to exclude: 6
2025-09-15 16:23:19,575 - Review.reviews.wifrp_review - INFO - Calculating FFMC for all companies in universe...
2025-09-15 16:23:19,576 - Review.reviews.wifrp_review - INFO - Using Mcap in EUR to calculate FFMC
2025-09-15 16:23:19,576 - Review.reviews.wifrp_review - INFO - Creating rank based on FFMC...
2025-09-15 16:23:19,577 - Review.reviews.wifrp_review - INFO - Found 20 valid exclusion columns: ['exclusion_1', 'exclusion_2', 'exclusion_3', 'exclusion_4', 'exclusion_5', 'exclusion_6', 'exclusion_7', 'exclusion_8', 'exclusion_9', 'exclusion_10', 'exclusion_11', 'exclusion_12', 'exclusion_13', 'exclusion_14', 'exclusion_15', 'exclusion_16', 'exclusion_17', 'exclusion_18', 'exclusion_19', 'exclusion_20']
2025-09-15 16:23:19,590 - Review.reviews.wifrp_review - INFO - Selecting eligible companies...
2025-09-15 16:23:19,592 - Review.reviews.wifrp_review - INFO - Selecting top 40 companies by FFMC...
2025-09-15 16:23:19,593 - Review.reviews.wifrp_review - INFO - Adding Symbol column to final_selection...
2025-09-15 16:23:20,533 - Review.reviews.wifrp_review - INFO - Added Symbol to 40 companies out of 40
2025-09-15 16:23:20,533 - Review.reviews.wifrp_review - INFO - Calculating weights and capping factors using the most recent pricing data...
2025-09-15 16:23:20,541 - Review.reviews.wifrp_review - INFO - Found 1555 records with Index_Currency='EUR' for selected Symbols
2025-09-15 16:23:20,563 - Review.reviews.wifrp_review - INFO - Calculating post-capping weights...
2025-09-15 16:23:20,564 - Review.reviews.wifrp_review - INFO - Creating final output dataframe...
2025-09-15 16:23:20,570 - Review.reviews.wifrp_review - INFO - Saving WIFRP output to: C:\Users\CSonneveld\OneDrive - Euronext\Documents\Projects\GUI + Reviews\output\WIFRP_df_20250915_162320.xlsx
2025-09-15 16:23:20,850 - werkzeug - INFO - 127.0.0.1 - - [15/Sep/2025 16:23:20] "GET /task-status/d4924a98-1a73-4445-aa65-5112d4aa9161 HTTP/1.1" 200 -
2025-09-15 16:23:21,159 - Review.reviews.ses5p_review - INFO - Loading EOD data...
2025-09-15 16:23:22,326 - Review.reviews.ses5p_review - INFO - Loading reference data...
2025-09-15 16:23:22,794 - werkzeug - INFO - 127.0.0.1 - - [15/Sep/2025 16:23:22] "GET /task-status/d4924a98-1a73-4445-aa65-5112d4aa9161 HTTP/1.1" 200 -
2025-09-15 16:23:24,801 - werkzeug - INFO - 127.0.0.1 - - [15/Sep/2025 16:23:24] "GET /task-status/d4924a98-1a73-4445-aa65-5112d4aa9161 HTTP/1.1" 200 -
2025-09-15 16:23:26,798 - werkzeug - INFO - 127.0.0.1 - - [15/Sep/2025 16:23:26] "GET /task-status/d4924a98-1a73-4445-aa65-5112d4aa9161 HTTP/1.1" 200 -
2025-09-15 16:23:28,809 - werkzeug - INFO - 127.0.0.1 - - [15/Sep/2025 16:23:28] "GET /task-status/d4924a98-1a73-4445-aa65-5112d4aa9161 HTTP/1.1" 200 -
2025-09-15 16:23:29,687 - Review.reviews.ses5p_review - INFO - Saving SES5P output to: C:\Users\CSonneveld\OneDrive - Euronext\Documents\Projects\GUI + Reviews\output\SES5P_df_20250915_162329.xlsx
2025-09-15 16:23:29,826 - Review.reviews.sectorial_review - INFO - Loading EOD data...
2025-09-15 16:23:30,558 - Review.reviews.sectorial_review - INFO - Loading reference data...
2025-09-15 16:23:30,823 - werkzeug - INFO - 127.0.0.1 - - [15/Sep/2025 16:23:30] "GET /task-status/d4924a98-1a73-4445-aa65-5112d4aa9161 HTTP/1.1" 200 -
2025-09-15 16:23:32,795 - werkzeug - INFO - 127.0.0.1 - - [15/Sep/2025 16:23:32] "GET /task-status/d4924a98-1a73-4445-aa65-5112d4aa9161 HTTP/1.1" 200 -
2025-09-15 16:23:34,797 - werkzeug - INFO - 127.0.0.1 - - [15/Sep/2025 16:23:34] "GET /task-status/d4924a98-1a73-4445-aa65-5112d4aa9161 HTTP/1.1" 200 -
2025-09-15 16:23:36,843 - werkzeug - INFO - 127.0.0.1 - - [15/Sep/2025 16:23:36] "GET /task-status/d4924a98-1a73-4445-aa65-5112d4aa9161 HTTP/1.1" 200 -
2025-09-15 16:23:38,095 - Review.reviews.sectorial_review - INFO - Processing all 30 sectorial indices...
2025-09-15 16:23:38,095 - Review.reviews.sectorial_review - INFO - Processing TECHP...
2025-09-15 16:23:38,096 - Review.reviews.sectorial_review - INFO - Total weight before capping for TECHP: 1.00000000
2025-09-15 16:23:38,099 - Review.reviews.sectorial_review - INFO - Scaled capping factors for TECHP (max factor was 1.543970)
2025-09-15 16:23:38,100 - Review.reviews.sectorial_review - INFO - Capping factors now range from 0.402353 to 1.000000
2025-09-15 16:23:38,100 - Review.reviews.sectorial_review - INFO - Capped 2 companies to 20% in TECHP:
2025-09-15 16:23:38,100 - Review.reviews.sectorial_review - INFO -   ASML HOLDING: 0.3219 -> 0.2000
2025-09-15 16:23:38,100 - Review.reviews.sectorial_review - INFO -   SAP: 0.2894 -> 0.2000
2025-09-15 16:23:38,101 - Review.reviews.sectorial_review - INFO - Boosted 16 companies due to redistribution in TECHP:
2025-09-15 16:23:38,101 - Review.reviews.sectorial_review - INFO -   AMADEUS IT GROUP: 0.0363 -> 0.0561
2025-09-15 16:23:38,101 - Review.reviews.sectorial_review - INFO -   ASM INTERNATIONAL: 0.0236 -> 0.0364
2025-09-15 16:23:38,101 - Review.reviews.sectorial_review - INFO -   BE SEMICONDUCTOR: 0.0097 -> 0.0149
2025-09-15 16:23:38,102 - Review.reviews.sectorial_review - INFO -   BECHTLE AG: 0.0036 -> 0.0055
2025-09-15 16:23:38,102 - Review.reviews.sectorial_review - INFO -   CAPGEMINI: 0.0214 -> 0.0330
2025-09-15 16:23:38,102 - Review.reviews.sectorial_review - INFO -   DASSAULT SYSTEMES: 0.0220 -> 0.0339
2025-09-15 16:23:38,102 - Review.reviews.sectorial_review - INFO -   INDRA SISTEMAS SA: 0.0032 -> 0.0049
2025-09-15 16:23:38,102 - Review.reviews.sectorial_review - INFO -   INFINEON TECHNOLOGIE: 0.0491 -> 0.0759
2025-09-15 16:23:38,102 - Review.reviews.sectorial_review - INFO -   JUST EAT TAKEAWAY: 0.0043 -> 0.0066
2025-09-15 16:23:38,102 - Review.reviews.sectorial_review - INFO -   NEMETSCHEK SE: 0.0087 -> 0.0135
2025-09-15 16:23:38,102 - Review.reviews.sectorial_review - INFO -   PROSUS: 0.0846 -> 0.1307
2025-09-15 16:23:38,102 - Review.reviews.sectorial_review - INFO -   RELX: 0.0899 -> 0.1388
2025-09-15 16:23:38,102 - Review.reviews.sectorial_review - INFO -   REPLY: 0.0034 -> 0.0052
2025-09-15 16:23:38,103 - Review.reviews.sectorial_review - INFO -   SCOUT24 SE: 0.0094 -> 0.0144
2025-09-15 16:23:38,103 - Review.reviews.sectorial_review - INFO -   SOPRA STERIA GROUP: 0.0028 -> 0.0043
2025-09-15 16:23:38,103 - Review.reviews.sectorial_review - INFO -   STMICROELECTRONICS: 0.0168 -> 0.0259
2025-09-15 16:23:38,103 - Review.reviews.sectorial_review - INFO - Total weight after capping for TECHP: 1.000000
2025-09-15 16:23:38,103 - Review.reviews.sectorial_review - INFO - Maximum individual weight for TECHP: 0.200000 (cap: 0.200000)
2025-09-15 16:23:38,103 - Review.reviews.sectorial_review - INFO - Index market cap for TECHP: 553,328,972,001
2025-09-15 16:23:38,103 - Review.reviews.sectorial_review - INFO - Sum of selected companies market cap: 843,818,554,713
2025-09-15 16:23:38,103 - Review.reviews.sectorial_review - INFO - Coverage ratio (selected/index): 1.5250
2025-09-15 16:23:38,108 - Review.reviews.sectorial_review - INFO - Processing ENRGP...
2025-09-15 16:23:38,109 - Review.reviews.sectorial_review - INFO - Total weight before capping for ENRGP: 1.00000000
2025-09-15 16:23:38,113 - Review.reviews.sectorial_review - INFO - Scaled capping factors for ENRGP (max factor was 1.664356)
2025-09-15 16:23:38,113 - Review.reviews.sectorial_review - INFO - Capping factors now range from 0.305169 to 1.000000
2025-09-15 16:23:38,114 - Review.reviews.sectorial_review - INFO - Capped 2 companies to 20% in ENRGP:
2025-09-15 16:23:38,114 - Review.reviews.sectorial_review - INFO -   SHELL PLC: 0.3938 -> 0.2000
2025-09-15 16:23:38,114 - Review.reviews.sectorial_review - INFO -   TOTALENERGIES: 0.2299 -> 0.2000
2025-09-15 16:23:38,114 - Review.reviews.sectorial_review - INFO - Boosted 15 companies due to redistribution in ENRGP:
2025-09-15 16:23:38,114 - Review.reviews.sectorial_review - INFO -   ENAGAS: 0.0067 -> 0.0112
2025-09-15 16:23:38,115 - Review.reviews.sectorial_review - INFO -   ENI: 0.0704 -> 0.1172
2025-09-15 16:23:38,115 - Review.reviews.sectorial_review - INFO -   GALP ENERGIA-NOM: 0.0144 -> 0.0240
2025-09-15 16:23:38,115 - Review.reviews.sectorial_review - INFO -   GTT: 0.0127 -> 0.0211
2025-09-15 16:23:38,115 - Review.reviews.sectorial_review - INFO -   NESTE OIL OYJ: 0.0151 -> 0.0252
2025-09-15 16:23:38,115 - Review.reviews.sectorial_review - INFO -   NORDEX SE: 0.0054 -> 0.0090
2025-09-15 16:23:38,115 - Review.reviews.sectorial_review - INFO -   OMV AG: 0.0147 -> 0.0245
2025-09-15 16:23:38,115 - Review.reviews.sectorial_review - INFO -   REPSOL: 0.0362 -> 0.0603
2025-09-15 16:23:38,115 - Review.reviews.sectorial_review - INFO -   SAIPEM: 0.0066 -> 0.0110
2025-09-15 16:23:38,115 - Review.reviews.sectorial_review - INFO -   SBM OFFSHORE: 0.0058 -> 0.0097
2025-09-15 16:23:38,115 - Review.reviews.sectorial_review - INFO -   SIEMENS ENERGY AG: 0.1360 -> 0.2000
2025-09-15 16:23:38,116 - Review.reviews.sectorial_review - INFO -   SNAM: 0.0223 -> 0.0371
2025-09-15 16:23:38,116 - Review.reviews.sectorial_review - INFO -   TECHNIP ENERGIES: 0.0119 -> 0.0197
2025-09-15 16:23:38,116 - Review.reviews.sectorial_review - INFO -   TENARIS: 0.0124 -> 0.0206
2025-09-15 16:23:38,116 - Review.reviews.sectorial_review - INFO -   VALLOUREC: 0.0056 -> 0.0093
2025-09-15 16:23:38,116 - Review.reviews.sectorial_review - INFO - Total weight after capping for ENRGP: 1.000000
2025-09-15 16:23:38,116 - Review.reviews.sectorial_review - INFO - Maximum individual weight for ENRGP: 0.200000 (cap: 0.200000)
2025-09-15 16:23:38,116 - Review.reviews.sectorial_review - INFO - Index market cap for ENRGP: 262,922,843,311
2025-09-15 16:23:38,116 - Review.reviews.sectorial_review - INFO - Sum of selected companies market cap: 465,440,874,635
2025-09-15 16:23:38,116 - Review.reviews.sectorial_review - INFO - Coverage ratio (selected/index): 1.7703
2025-09-15 16:23:38,120 - Review.reviews.sectorial_review - INFO - Processing UTIL...
2025-09-15 16:23:38,122 - Review.reviews.sectorial_review - INFO - Total weight before capping for UTIL: 1.00000000
2025-09-15 16:23:38,124 - Review.reviews.sectorial_review - INFO - Scaled capping factors for UTIL (max factor was 1.109862)
2025-09-15 16:23:38,124 - Review.reviews.sectorial_review - INFO - Capping factors now range from 0.645449 to 1.000000
2025-09-15 16:23:38,125 - Review.reviews.sectorial_review - INFO - Capped 1 companies to 20% in UTIL:
2025-09-15 16:23:38,125 - Review.reviews.sectorial_review - INFO -   IBERDROLA: 0.2792 -> 0.2000
2025-09-15 16:23:38,125 - Review.reviews.sectorial_review - INFO - Boosted 17 companies due to redistribution in UTIL:
2025-09-15 16:23:38,126 - Review.reviews.sectorial_review - INFO -   A2A: 0.0100 -> 0.0111
2025-09-15 16:23:38,126 - Review.reviews.sectorial_review - INFO -   E.ON SE: 0.1031 -> 0.1144
2025-09-15 16:23:38,126 - Review.reviews.sectorial_review - INFO -   EDP: 0.0333 -> 0.0370
2025-09-15 16:23:38,126 - Review.reviews.sectorial_review - INFO -   EDP RENOVAVEIS: 0.0092 -> 0.0102
2025-09-15 16:23:38,127 - Review.reviews.sectorial_review - INFO -   ELIA GROUP: 0.0138 -> 0.0153
2025-09-15 16:23:38,127 - Review.reviews.sectorial_review - INFO -   ENDESA: 0.0250 -> 0.0277
2025-09-15 16:23:38,127 - Review.reviews.sectorial_review - INFO -   ENEL: 0.1773 -> 0.1968
2025-09-15 16:23:38,127 - Review.reviews.sectorial_review - INFO -   ENGIE: 0.0983 -> 0.1091
2025-09-15 16:23:38,127 - Review.reviews.sectorial_review - INFO -   FORTUM OYJ: 0.0203 -> 0.0225
2025-09-15 16:23:38,128 - Review.reviews.sectorial_review - INFO -   HERA: 0.0090 -> 0.0100
2025-09-15 16:23:38,128 - Review.reviews.sectorial_review - INFO -   ITALGAS: 0.0138 -> 0.0153
2025-09-15 16:23:38,128 - Review.reviews.sectorial_review - INFO -   NATURGY ENERGY GROUP: 0.0114 -> 0.0127
2025-09-15 16:23:38,128 - Review.reviews.sectorial_review - INFO -   REDEIA CORP: 0.0199 -> 0.0221
2025-09-15 16:23:38,128 - Review.reviews.sectorial_review - INFO -   RWE AG: 0.0712 -> 0.0790
2025-09-15 16:23:38,128 - Review.reviews.sectorial_review - INFO -   TERNA: 0.0354 -> 0.0393
2025-09-15 16:23:38,128 - Review.reviews.sectorial_review - INFO -   VEOLIA ENVIRON.: 0.0575 -> 0.0639
2025-09-15 16:23:38,129 - Review.reviews.sectorial_review - INFO -   VERBUND AG: 0.0122 -> 0.0136
2025-09-15 16:23:38,129 - Review.reviews.sectorial_review - INFO - Total weight after capping for UTIL: 1.000000
2025-09-15 16:23:38,129 - Review.reviews.sectorial_review - INFO - Maximum individual weight for UTIL: 0.200000 (cap: 0.200000)
2025-09-15 16:23:38,129 - Review.reviews.sectorial_review - INFO - Index market cap for UTIL: 303,560,793,386
2025-09-15 16:23:38,129 - Review.reviews.sectorial_review - INFO - Sum of selected companies market cap: 338,034,296,609
2025-09-15 16:23:38,129 - Review.reviews.sectorial_review - INFO - Coverage ratio (selected/index): 1.1136
2025-09-15 16:23:38,133 - Review.reviews.sectorial_review - INFO - Processing BASM...
2025-09-15 16:23:38,134 - Review.reviews.sectorial_review - INFO - Total weight before capping for BASM: 1.00000000
2025-09-15 16:23:38,138 - Review.reviews.sectorial_review - INFO - Scaled capping factors for BASM (max factor was 1.612060)
2025-09-15 16:23:38,139 - Review.reviews.sectorial_review - INFO - Capping factors now range from 0.273180 to 1.000000
2025-09-15 16:23:38,139 - Review.reviews.sectorial_review - INFO - Capped 1 companies to 20% in BASM:
2025-09-15 16:23:38,140 - Review.reviews.sectorial_review - INFO -   AIR LIQUIDE: 0.4542 -> 0.2000
2025-09-15 16:23:38,140 - Review.reviews.sectorial_review - INFO - Boosted 14 companies due to redistribution in BASM:
2025-09-15 16:23:38,140 - Review.reviews.sectorial_review - INFO -   AKZO NOBEL: 0.0464 -> 0.0747
2025-09-15 16:23:38,140 - Review.reviews.sectorial_review - INFO -   ARCELORMITTAL SA: 0.0559 -> 0.0901
2025-09-15 16:23:38,140 - Review.reviews.sectorial_review - INFO -   ARKEMA: 0.0149 -> 0.0241
2025-09-15 16:23:38,140 - Review.reviews.sectorial_review - INFO -   AURUBIS AG: 0.0119 -> 0.0192
2025-09-15 16:23:38,140 - Review.reviews.sectorial_review - INFO -   BASF: 0.1737 -> 0.2000
2025-09-15 16:23:38,140 - Review.reviews.sectorial_review - INFO -   BRENNTAG SE: 0.0275 -> 0.0443
2025-09-15 16:23:38,140 - Review.reviews.sectorial_review - INFO -   EVONIK INDUSTRIES AG: 0.0181 -> 0.0291
2025-09-15 16:23:38,140 - Review.reviews.sectorial_review - INFO -   IMCD: 0.0228 -> 0.0368
2025-09-15 16:23:38,141 - Review.reviews.sectorial_review - INFO -   STORA ENSO OYJ: 0.0258 -> 0.0416
2025-09-15 16:23:38,141 - Review.reviews.sectorial_review - INFO -   SYENSQO: 0.0232 -> 0.0375
2025-09-15 16:23:38,141 - Review.reviews.sectorial_review - INFO -   SYMRISE AG: 0.0472 -> 0.0761
2025-09-15 16:23:38,141 - Review.reviews.sectorial_review - INFO -   UMICORE: 0.0108 -> 0.0174
2025-09-15 16:23:38,141 - Review.reviews.sectorial_review - INFO -   UPM-KYMMENE OYJ: 0.0541 -> 0.0872
2025-09-15 16:23:38,141 - Review.reviews.sectorial_review - INFO -   VOESTALPINE AG: 0.0137 -> 0.0221
2025-09-15 16:23:38,141 - Review.reviews.sectorial_review - INFO - Total weight after capping for BASM: 1.000000
2025-09-15 16:23:38,141 - Review.reviews.sectorial_review - INFO - Maximum individual weight for BASM: 0.200000 (cap: 0.200000)
2025-09-15 16:23:38,142 - Review.reviews.sectorial_review - INFO - Index market cap for BASM: 143,598,901,066
2025-09-15 16:23:38,142 - Review.reviews.sectorial_review - INFO - Sum of selected companies market cap: 225,761,292,848
2025-09-15 16:23:38,142 - Review.reviews.sectorial_review - INFO - Coverage ratio (selected/index): 1.5722
2025-09-15 16:23:38,146 - Review.reviews.sectorial_review - INFO - Processing FINA...
2025-09-15 16:23:38,147 - Review.reviews.sectorial_review - INFO - Total weight before capping for FINA: 1.00000000
2025-09-15 16:23:38,148 - Review.reviews.sectorial_review - INFO - Scaled capping factors for FINA (max factor was 1.000000)
2025-09-15 16:23:38,148 - Review.reviews.sectorial_review - INFO - Capping factors now range from 1.000000 to 1.000000
2025-09-15 16:23:38,149 - Review.reviews.sectorial_review - INFO - Total weight after capping for FINA: 1.000000
2025-09-15 16:23:38,149 - Review.reviews.sectorial_review - INFO - Maximum individual weight for FINA: 0.092476 (cap: 0.200000)
2025-09-15 16:23:38,149 - Review.reviews.sectorial_review - INFO - Index market cap for FINA: 1,509,885,471,966
2025-09-15 16:23:38,149 - Review.reviews.sectorial_review - INFO - Sum of selected companies market cap: 1,480,346,716,203
2025-09-15 16:23:38,149 - Review.reviews.sectorial_review - INFO - Coverage ratio (selected/index): 0.9804
2025-09-15 16:23:38,153 - Review.reviews.sectorial_review - INFO - Processing CSTA...
2025-09-15 16:23:38,155 - Review.reviews.sectorial_review - INFO - Total weight before capping for CSTA: 1.00000000
2025-09-15 16:23:38,157 - Review.reviews.sectorial_review - INFO - Scaled capping factors for CSTA (max factor was 1.276999)
2025-09-15 16:23:38,158 - Review.reviews.sectorial_review - INFO - Capping factors now range from 0.419288 to 1.000000
2025-09-15 16:23:38,158 - Review.reviews.sectorial_review - INFO - Capped 1 companies to 20% in CSTA:
2025-09-15 16:23:38,159 - Review.reviews.sectorial_review - INFO -   UNILEVER: 0.3735 -> 0.2000
2025-09-15 16:23:38,159 - Review.reviews.sectorial_review - INFO - Boosted 15 companies due to redistribution in CSTA:
2025-09-15 16:23:38,159 - Review.reviews.sectorial_review - INFO -   AB INBEV: 0.1305 -> 0.1667
2025-09-15 16:23:38,159 - Review.reviews.sectorial_review - INFO -   AHOLD DEL: 0.0823 -> 0.1051
2025-09-15 16:23:38,159 - Review.reviews.sectorial_review - INFO -   BEIERSDORF AG: 0.0212 -> 0.0270
2025-09-15 16:23:38,160 - Review.reviews.sectorial_review - INFO -   CAMPARI: 0.0091 -> 0.0116
2025-09-15 16:23:38,160 - Review.reviews.sectorial_review - INFO -   CARREFOUR: 0.0201 -> 0.0257
2025-09-15 16:23:38,160 - Review.reviews.sectorial_review - INFO -   DANONE: 0.1276 -> 0.1629
2025-09-15 16:23:38,160 - Review.reviews.sectorial_review - INFO -   DSM FIRMENICH AG: 0.0452 -> 0.0577
2025-09-15 16:23:38,161 - Review.reviews.sectorial_review - INFO -   GLANBIA PLC: 0.0070 -> 0.0089
2025-09-15 16:23:38,161 - Review.reviews.sectorial_review - INFO -   HEINEKEN: 0.0502 -> 0.0641
2025-09-15 16:23:38,161 - Review.reviews.sectorial_review - INFO -   J.MARTINS,SGPS: 0.0162 -> 0.0207
2025-09-15 16:23:38,161 - Review.reviews.sectorial_review - INFO -   JDE PEET'S: 0.0121 -> 0.0154
2025-09-15 16:23:38,161 - Review.reviews.sectorial_review - INFO -   KERRY GROUP PLC: 0.0342 -> 0.0437
2025-09-15 16:23:38,161 - Review.reviews.sectorial_review - INFO -   KESKO B: 0.0137 -> 0.0174
2025-09-15 16:23:38,162 - Review.reviews.sectorial_review - INFO -   LOTUS BAKERIES: 0.0090 -> 0.0115
2025-09-15 16:23:38,162 - Review.reviews.sectorial_review - INFO -   PERNOD RICARD: 0.0482 -> 0.0615
2025-09-15 16:23:38,162 - Review.reviews.sectorial_review - INFO - Total weight after capping for CSTA: 1.000000
2025-09-15 16:23:38,162 - Review.reviews.sectorial_review - INFO - Maximum individual weight for CSTA: 0.200000 (cap: 0.200000)
2025-09-15 16:23:38,162 - Review.reviews.sectorial_review - INFO - Index market cap for CSTA: 301,937,412,117
2025-09-15 16:23:38,162 - Review.reviews.sectorial_review - INFO - Sum of selected companies market cap: 378,645,148,592
2025-09-15 16:23:38,162 - Review.reviews.sectorial_review - INFO - Coverage ratio (selected/index): 1.2541
2025-09-15 16:23:38,166 - Review.reviews.sectorial_review - INFO - Processing TELEP...
2025-09-15 16:23:38,167 - Review.reviews.sectorial_review - INFO - Total weight before capping for TELEP: 1.00000000
2025-09-15 16:23:38,170 - Review.reviews.sectorial_review - INFO - Scaled capping factors for TELEP (max factor was 1.523975)
2025-09-15 16:23:38,171 - Review.reviews.sectorial_review - INFO - Capping factors now range from 0.276253 to 1.000000
2025-09-15 16:23:38,171 - Review.reviews.sectorial_review - INFO - Capped 1 companies to 20% in TELEP:
2025-09-15 16:23:38,172 - Review.reviews.sectorial_review - INFO -   DEUTSCHE TELEKOM AG: 0.4751 -> 0.2000
2025-09-15 16:23:38,172 - Review.reviews.sectorial_review - INFO - Boosted 9 companies due to redistribution in TELEP:
2025-09-15 16:23:38,172 - Review.reviews.sectorial_review - INFO -   CELLNEX TELECOM: 0.0844 -> 0.1286
2025-09-15 16:23:38,172 - Review.reviews.sectorial_review - INFO -   ELISA OYJ: 0.0325 -> 0.0495
2025-09-15 16:23:38,172 - Review.reviews.sectorial_review - INFO -   FREENET AG: 0.0152 -> 0.0232
2025-09-15 16:23:38,173 - Review.reviews.sectorial_review - INFO -   INWIT: 0.0131 -> 0.0199
2025-09-15 16:23:38,173 - Review.reviews.sectorial_review - INFO -   KPN KON: 0.0763 -> 0.1163
2025-09-15 16:23:38,173 - Review.reviews.sectorial_review - INFO -   NOKIA: 0.0915 -> 0.1394
2025-09-15 16:23:38,173 - Review.reviews.sectorial_review - INFO -   ORANGE: 0.1108 -> 0.1689
2025-09-15 16:23:38,173 - Review.reviews.sectorial_review - INFO -   TELECOM ITALIA: 0.0235 -> 0.0358
2025-09-15 16:23:38,173 - Review.reviews.sectorial_review - INFO -   TELEFONICA: 0.0777 -> 0.1184
2025-09-15 16:23:38,173 - Review.reviews.sectorial_review - INFO - Total weight after capping for TELEP: 1.000000
2025-09-15 16:23:38,173 - Review.reviews.sectorial_review - INFO - Maximum individual weight for TELEP: 0.200000 (cap: 0.200000)
2025-09-15 16:23:38,174 - Review.reviews.sectorial_review - INFO - Index market cap for TELEP: 143,362,052,346
2025-09-15 16:23:38,174 - Review.reviews.sectorial_review - INFO - Sum of selected companies market cap: 216,907,304,566
2025-09-15 16:23:38,174 - Review.reviews.sectorial_review - INFO - Coverage ratio (selected/index): 1.5130
2025-09-15 16:23:38,178 - Review.reviews.sectorial_review - INFO - Processing HEAC...
2025-09-15 16:23:38,180 - Review.reviews.sectorial_review - INFO - Total weight before capping for HEAC: 1.00000000
2025-09-15 16:23:38,183 - Review.reviews.sectorial_review - INFO - Scaled capping factors for HEAC (max factor was 1.075719)
2025-09-15 16:23:38,183 - Review.reviews.sectorial_review - INFO - Capping factors now range from 0.803807 to 1.000000
2025-09-15 16:23:38,184 - Review.reviews.sectorial_review - INFO - Capped 2 companies to 20% in HEAC:
2025-09-15 16:23:38,184 - Review.reviews.sectorial_review - INFO -   ESSILORLUXOTTICA: 0.2109 -> 0.2000
2025-09-15 16:23:38,184 - Review.reviews.sectorial_review - INFO -   SANOFI: 0.2313 -> 0.2000
2025-09-15 16:23:38,184 - Review.reviews.sectorial_review - INFO - Boosted 20 companies due to redistribution in HEAC:
2025-09-15 16:23:38,184 - Review.reviews.sectorial_review - INFO -   ABIVAX: 0.0079 -> 0.0085
2025-09-15 16:23:38,184 - Review.reviews.sectorial_review - INFO -   AMPLIFON: 0.0051 -> 0.0055
2025-09-15 16:23:38,185 - Review.reviews.sectorial_review - INFO -   ARGENX SE: 0.0969 -> 0.1043
2025-09-15 16:23:38,185 - Review.reviews.sectorial_review - INFO -   BAYER AG: 0.0678 -> 0.0729
2025-09-15 16:23:38,185 - Review.reviews.sectorial_review - INFO -   BIOMERIEUX: 0.0134 -> 0.0144
2025-09-15 16:23:38,185 - Review.reviews.sectorial_review - INFO -   DIASORIN: 0.0049 -> 0.0053
2025-09-15 16:23:38,185 - Review.reviews.sectorial_review - INFO -   EUROFINS SCIENT.: 0.0186 -> 0.0200
2025-09-15 16:23:38,185 - Review.reviews.sectorial_review - INFO -   FRESENIUS MEDICAL: 0.0215 -> 0.0231
2025-09-15 16:23:38,185 - Review.reviews.sectorial_review - INFO -   FRESENIUS SE & CO: 0.0483 -> 0.0520
2025-09-15 16:23:38,186 - Review.reviews.sectorial_review - INFO -   GRIFOLS SA: 0.0088 -> 0.0095
2025-09-15 16:23:38,186 - Review.reviews.sectorial_review - INFO -   IPSEN: 0.0098 -> 0.0105
2025-09-15 16:23:38,186 - Review.reviews.sectorial_review - INFO -   MERCK KGA: 0.0339 -> 0.0365
2025-09-15 16:23:38,186 - Review.reviews.sectorial_review - INFO -   ORION OYJ CLASS B: 0.0183 -> 0.0197
2025-09-15 16:23:38,186 - Review.reviews.sectorial_review - INFO -   PHILIPS KON: 0.0455 -> 0.0490
2025-09-15 16:23:38,186 - Review.reviews.sectorial_review - INFO -   QIAGEN NV: 0.0207 -> 0.0223
2025-09-15 16:23:38,186 - Review.reviews.sectorial_review - INFO -   RECORDATI ORD: 0.0152 -> 0.0164
2025-09-15 16:23:38,187 - Review.reviews.sectorial_review - INFO -   SARTORIUS AG PREF: 0.0115 -> 0.0124
2025-09-15 16:23:38,187 - Review.reviews.sectorial_review - INFO -   SARTORIUS STED BIO: 0.0122 -> 0.0131
2025-09-15 16:23:38,187 - Review.reviews.sectorial_review - INFO -   SIEMENS HEALTHINEERS: 0.0330 -> 0.0355
2025-09-15 16:23:38,187 - Review.reviews.sectorial_review - INFO -   UCB: 0.0645 -> 0.0693
2025-09-15 16:23:38,187 - Review.reviews.sectorial_review - INFO - Total weight after capping for HEAC: 1.000000
2025-09-15 16:23:38,188 - Review.reviews.sectorial_review - INFO - Maximum individual weight for HEAC: 0.200000 (cap: 0.200000)
2025-09-15 16:23:38,188 - Review.reviews.sectorial_review - INFO - Index market cap for HEAC: 366,996,947,677
2025-09-15 16:23:38,188 - Review.reviews.sectorial_review - INFO - Sum of selected companies market cap: 406,844,219,848
2025-09-15 16:23:38,188 - Review.reviews.sectorial_review - INFO - Coverage ratio (selected/index): 1.1086
2025-09-15 16:23:38,192 - Review.reviews.sectorial_review - INFO - Processing INDU...
2025-09-15 16:23:38,194 - Review.reviews.sectorial_review - INFO - Total weight before capping for INDU: 1.00000000
2025-09-15 16:23:38,194 - Review.reviews.sectorial_review - INFO - Scaled capping factors for INDU (max factor was 1.000000)
2025-09-15 16:23:38,194 - Review.reviews.sectorial_review - INFO - Capping factors now range from 1.000000 to 1.000000
2025-09-15 16:23:38,195 - Review.reviews.sectorial_review - INFO - Total weight after capping for INDU: 1.000000
2025-09-15 16:23:38,195 - Review.reviews.sectorial_review - INFO - Maximum individual weight for INDU: 0.135524 (cap: 0.200000)
2025-09-15 16:23:38,195 - Review.reviews.sectorial_review - INFO - Index market cap for INDU: 1,256,378,275,305
2025-09-15 16:23:38,195 - Review.reviews.sectorial_review - INFO - Sum of selected companies market cap: 1,281,680,847,538
2025-09-15 16:23:38,195 - Review.reviews.sectorial_review - INFO - Coverage ratio (selected/index): 1.0201
2025-09-15 16:23:38,199 - Review.reviews.sectorial_review - INFO - Processing CDIS...
2025-09-15 16:23:38,200 - Review.reviews.sectorial_review - INFO - Total weight before capping for CDIS: 1.00000000
2025-09-15 16:23:38,201 - Review.reviews.sectorial_review - INFO - Scaled capping factors for CDIS (max factor was 1.000000)
2025-09-15 16:23:38,201 - Review.reviews.sectorial_review - INFO - Capping factors now range from 1.000000 to 1.000000
2025-09-15 16:23:38,202 - Review.reviews.sectorial_review - INFO - Total weight after capping for CDIS: 1.000000
2025-09-15 16:23:38,202 - Review.reviews.sectorial_review - INFO - Maximum individual weight for CDIS: 0.167287 (cap: 0.200000)
2025-09-15 16:23:38,202 - Review.reviews.sectorial_review - INFO - Index market cap for CDIS: 779,845,767,185
2025-09-15 16:23:38,202 - Review.reviews.sectorial_review - INFO - Sum of selected companies market cap: 733,454,135,604
2025-09-15 16:23:38,202 - Review.reviews.sectorial_review - INFO - Coverage ratio (selected/index): 0.9405
2025-09-15 16:23:38,207 - Review.reviews.sectorial_review - INFO - Processing TBMA...
2025-09-15 16:23:38,208 - Review.reviews.sectorial_review - INFO - Total weight before capping for TBMA: 1.00000000
2025-09-15 16:23:38,209 - Review.reviews.sectorial_review - INFO - Scaled capping factors for TBMA (max factor was 1.000000)
2025-09-15 16:23:38,209 - Review.reviews.sectorial_review - INFO - Capping factors now range from 1.000000 to 1.000000
2025-09-15 16:23:38,210 - Review.reviews.sectorial_review - INFO - Total weight after capping for TBMA: 1.000000
2025-09-15 16:23:38,210 - Review.reviews.sectorial_review - INFO - Maximum individual weight for TBMA: 0.189663 (cap: 0.200000)
2025-09-15 16:23:38,210 - Review.reviews.sectorial_review - INFO - Index market cap for TBMA: 1,030,218,803,075
2025-09-15 16:23:38,210 - Review.reviews.sectorial_review - INFO - Sum of selected companies market cap: 1,016,252,277,250
2025-09-15 16:23:38,210 - Review.reviews.sectorial_review - INFO - Coverage ratio (selected/index): 0.9864
2025-09-15 16:23:38,215 - Review.reviews.sectorial_review - INFO - Processing TCDI...
2025-09-15 16:23:38,217 - Review.reviews.sectorial_review - INFO - Total weight before capping for TCDI: 1.00000000
2025-09-15 16:23:38,220 - Review.reviews.sectorial_review - INFO - Scaled capping factors for TCDI (max factor was 1.035537)
2025-09-15 16:23:38,220 - Review.reviews.sectorial_review - INFO - Capping factors now range from 0.849124 to 1.000000
2025-09-15 16:23:38,220 - Review.reviews.sectorial_review - INFO - Capped 1 companies to 20% in TCDI:
2025-09-15 16:23:38,221 - Review.reviews.sectorial_review - INFO -   AMAZON: 0.2275 -> 0.2000
2025-09-15 16:23:38,221 - Review.reviews.sectorial_review - INFO - Boosted 121 companies due to redistribution in TCDI:
2025-09-15 16:23:38,221 - Review.reviews.sectorial_review - INFO -   ACCOR: 0.0010 -> 0.0011
2025-09-15 16:23:38,221 - Review.reviews.sectorial_review - INFO -   ADIDAS AG: 0.0037 -> 0.0038
2025-09-15 16:23:38,221 - Review.reviews.sectorial_review - INFO -   AIRBNB INC. CLASS A: 0.0055 -> 0.0057
2025-09-15 16:23:38,221 - Review.reviews.sectorial_review - INFO -   AUTO1 GROUP SE: 0.0004 -> 0.0004
2025-09-15 16:23:38,222 - Review.reviews.sectorial_review - INFO -   AUTOZONE INC.: 0.0075 -> 0.0078
2025-09-15 16:23:38,222 - Review.reviews.sectorial_review - INFO -   AVOLTA AG: 0.0006 -> 0.0006
2025-09-15 16:23:38,222 - Review.reviews.sectorial_review - INFO -   BARRATT REDROW PLC: 0.0007 -> 0.0007
2025-09-15 16:23:38,222 - Review.reviews.sectorial_review - INFO -   BELLWAY P.L.C.: 0.0004 -> 0.0004
2025-09-15 16:23:38,222 - Review.reviews.sectorial_review - INFO -   BERKELEY GROUP HLD: 0.0005 -> 0.0005
2025-09-15 16:23:38,223 - Review.reviews.sectorial_review - INFO -   BMW: 0.0029 -> 0.0030
2025-09-15 16:23:38,223 - Review.reviews.sectorial_review - INFO -   BOOKING HOLDINGS INC: 0.0184 -> 0.0190
2025-09-15 16:23:38,223 - Review.reviews.sectorial_review - INFO -   BRUNELLO CUCINELLI: 0.0004 -> 0.0004
2025-09-15 16:23:38,223 - Review.reviews.sectorial_review - INFO -   BURBERRY GROUP: 0.0006 -> 0.0006
2025-09-15 16:23:38,223 - Review.reviews.sectorial_review - INFO -   BURLINGTON STORES: 0.0017 -> 0.0018
2025-09-15 16:23:38,223 - Review.reviews.sectorial_review - INFO -   CARNIVAL CORPORATION: 0.0034 -> 0.0036
2025-09-15 16:23:38,223 - Review.reviews.sectorial_review - INFO -   CARVANA CO: 0.0052 -> 0.0054
2025-09-15 16:23:38,224 - Review.reviews.sectorial_review - INFO -   CHIPOTLE MEX. GRILL: 0.0054 -> 0.0056
2025-09-15 16:23:38,224 - Review.reviews.sectorial_review - INFO -   CIE FIN RICHEMONT: 0.0104 -> 0.0108
2025-09-15 16:23:38,224 - Review.reviews.sectorial_review - INFO -   COMPASS GROUP PLC: 0.0062 -> 0.0064
2025-09-15 16:23:38,224 - Review.reviews.sectorial_review - INFO -   CONTINENTAL AG: 0.0010 -> 0.0010
2025-09-15 16:23:38,224 - Review.reviews.sectorial_review - INFO -   COPART INC.: 0.0044 -> 0.0045
2025-09-15 16:23:38,224 - Review.reviews.sectorial_review - INFO -   COSTCO WHOLES. CORP.: 0.0446 -> 0.0462
2025-09-15 16:23:38,224 - Review.reviews.sectorial_review - INFO -   COUPANG INC. CLASS A: 0.0045 -> 0.0046
2025-09-15 16:23:38,224 - Review.reviews.sectorial_review - INFO -   CTS EVENTIM AG: 0.0006 -> 0.0006
2025-09-15 16:23:38,224 - Review.reviews.sectorial_review - INFO -   D.R. HORTON INC.: 0.0052 -> 0.0054
2025-09-15 16:23:38,224 - Review.reviews.sectorial_review - INFO -   DARDEN RESTAURANTS: 0.0026 -> 0.0027
2025-09-15 16:23:38,225 - Review.reviews.sectorial_review - INFO -   DELIVERY HERO SE: 0.0007 -> 0.0007
2025-09-15 16:23:38,225 - Review.reviews.sectorial_review - INFO -   DELTA AIR LINES INC.: 0.0041 -> 0.0042
2025-09-15 16:23:38,225 - Review.reviews.sectorial_review - INFO -   D'IETEREN GROUP: 0.0004 -> 0.0004
2025-09-15 16:23:38,225 - Review.reviews.sectorial_review - INFO -   DOLLAR GENERAL CORP.: 0.0024 -> 0.0025
2025-09-15 16:23:38,225 - Review.reviews.sectorial_review - INFO -   DOLLAR TREE INC.: 0.0020 -> 0.0021
2025-09-15 16:23:38,225 - Review.reviews.sectorial_review - INFO -   DRAFTKINGS. INC. A: 0.0023 -> 0.0023
2025-09-15 16:23:38,225 - Review.reviews.sectorial_review - INFO -   EASYJET: 0.0004 -> 0.0004
2025-09-15 16:23:38,226 - Review.reviews.sectorial_review - INFO -   EBAY INC.: 0.0043 -> 0.0045
2025-09-15 16:23:38,226 - Review.reviews.sectorial_review - INFO -   ELECTRONIC ARTS INC.: 0.0040 -> 0.0042
2025-09-15 16:23:38,226 - Review.reviews.sectorial_review - INFO -   ENTAIN PLC: 0.0007 -> 0.0008
2025-09-15 16:23:38,226 - Review.reviews.sectorial_review - INFO -   ESTEE LAUDER COS INC: 0.0020 -> 0.0021
2025-09-15 16:23:38,227 - Review.reviews.sectorial_review - INFO -   EVOLUTION AB: 0.0013 -> 0.0013
2025-09-15 16:23:38,227 - Review.reviews.sectorial_review - INFO -   EXPEDIA GROUP INC.: 0.0027 -> 0.0028
2025-09-15 16:23:38,227 - Review.reviews.sectorial_review - INFO -   FDJ UNITED: 0.0004 -> 0.0004
2025-09-15 16:23:38,227 - Review.reviews.sectorial_review - INFO -   FERRARI: 0.0058 -> 0.0060
2025-09-15 16:23:38,227 - Review.reviews.sectorial_review - INFO -   FLUTTER ENTERTAINMEN: 0.0051 -> 0.0053
2025-09-15 16:23:38,228 - Review.reviews.sectorial_review - INFO -   FORD MOTOR CO: 0.0047 -> 0.0049
2025-09-15 16:23:38,228 - Review.reviews.sectorial_review - INFO -   GAMES WORKSHOP GROUP: 0.0007 -> 0.0007
2025-09-15 16:23:38,228 - Review.reviews.sectorial_review - INFO -   GARMIN LTD.: 0.0040 -> 0.0042
2025-09-15 16:23:38,228 - Review.reviews.sectorial_review - INFO -   GENERAL MOTORS COMP.: 0.0058 -> 0.0060
2025-09-15 16:23:38,228 - Review.reviews.sectorial_review - INFO -   GENUINE PARTS COMP.: 0.0020 -> 0.0021
2025-09-15 16:23:38,228 - Review.reviews.sectorial_review - INFO -   HENKEL AG & CO PREF: 0.0014 -> 0.0015
2025-09-15 16:23:38,229 - Review.reviews.sectorial_review - INFO -   HENNES & MAURITZ AB: 0.0008 -> 0.0008
2025-09-15 16:23:38,229 - Review.reviews.sectorial_review - INFO -   HERMES INTL: 0.0081 -> 0.0083
2025-09-15 16:23:38,229 - Review.reviews.sectorial_review - INFO -   HILTON WORLDWIDE: 0.0067 -> 0.0069
2025-09-15 16:23:38,229 - Review.reviews.sectorial_review - INFO -   HOME DEPOT INC: 0.0437 -> 0.0452
2025-09-15 16:23:38,229 - Review.reviews.sectorial_review - INFO -   HOWDEN JOINERY GROUP: 0.0006 -> 0.0007
2025-09-15 16:23:38,229 - Review.reviews.sectorial_review - INFO -   INDITEX: 0.0061 -> 0.0064
2025-09-15 16:23:38,229 - Review.reviews.sectorial_review - INFO -   INFORMA: 0.0016 -> 0.0017
2025-09-15 16:23:38,229 - Review.reviews.sectorial_review - INFO -   INTERCONTINENTAL HTL: 0.0018 -> 0.0019
2025-09-15 16:23:38,230 - Review.reviews.sectorial_review - INFO -   INTL CONS AIRLINES: 0.0017 -> 0.0018
2025-09-15 16:23:38,230 - Review.reviews.sectorial_review - INFO -   ITV: 0.0004 -> 0.0004
2025-09-15 16:23:38,230 - Review.reviews.sectorial_review - INFO -   KERING: 0.0022 -> 0.0023
2025-09-15 16:23:38,230 - Review.reviews.sectorial_review - INFO -   KINGFISHER: 0.0005 -> 0.0005
2025-09-15 16:23:38,230 - Review.reviews.sectorial_review - INFO -   LENNAR CORP A: 0.0032 -> 0.0034
2025-09-15 16:23:38,230 - Review.reviews.sectorial_review - INFO -   LIBERTY MEDIA CORP.: 0.0023 -> 0.0024
2025-09-15 16:23:38,230 - Review.reviews.sectorial_review - INFO -   LIVE NATION ENTERT: 0.0029 -> 0.0030
2025-09-15 16:23:38,230 - Review.reviews.sectorial_review - INFO -   L'OREAL: 0.0111 -> 0.0115
2025-09-15 16:23:38,230 - Review.reviews.sectorial_review - INFO -   LOTTOMATICA GROUP: 0.0007 -> 0.0007
2025-09-15 16:23:38,230 - Review.reviews.sectorial_review - INFO -   LOWE'S COMPANIES INC: 0.0158 -> 0.0164
2025-09-15 16:23:38,231 - Review.reviews.sectorial_review - INFO -   LUFTHANSA: 0.0009 -> 0.0010
2025-09-15 16:23:38,231 - Review.reviews.sectorial_review - INFO -   LULULEMON ATHLETICA: 0.0017 -> 0.0018
2025-09-15 16:23:38,231 - Review.reviews.sectorial_review - INFO -   LVMH: 0.0149 -> 0.0155
2025-09-15 16:23:38,231 - Review.reviews.sectorial_review - INFO -   MARRIOTT INTERN. INC: 0.0064 -> 0.0066
2025-09-15 16:23:38,231 - Review.reviews.sectorial_review - INFO -   MCDONALD'S CORP: 0.0226 -> 0.0234
2025-09-15 16:23:38,231 - Review.reviews.sectorial_review - INFO -   MERCADOLIBRE INC.: 0.0117 -> 0.0121
2025-09-15 16:23:38,231 - Review.reviews.sectorial_review - INFO -   MERCEDES-BENZ GROUP: 0.0045 -> 0.0047
2025-09-15 16:23:38,231 - Review.reviews.sectorial_review - INFO -   MICHELIN: 0.0027 -> 0.0028
2025-09-15 16:23:38,231 - Review.reviews.sectorial_review - INFO -   MONCLER: 0.0013 -> 0.0014
2025-09-15 16:23:38,232 - Review.reviews.sectorial_review - INFO -   NETFLIX INC.: 0.0525 -> 0.0543
2025-09-15 16:23:38,232 - Review.reviews.sectorial_review - INFO -   NEXT: 0.0019 -> 0.0019
2025-09-15 16:23:38,232 - Review.reviews.sectorial_review - INFO -   NIKE INC: 0.0090 -> 0.0093
2025-09-15 16:23:38,232 - Review.reviews.sectorial_review - INFO -   NVR INC.: 0.0025 -> 0.0026
2025-09-15 16:23:38,232 - Review.reviews.sectorial_review - INFO -   O'REILLY AUTOMOTIVE: 0.0095 -> 0.0098
2025-09-15 16:23:38,232 - Review.reviews.sectorial_review - INFO -   PANDORA A/S: 0.0011 -> 0.0011
2025-09-15 16:23:38,233 - Review.reviews.sectorial_review - INFO -   PEARSON: 0.0008 -> 0.0008
2025-09-15 16:23:38,233 - Review.reviews.sectorial_review - INFO -   PERSIMMON: 0.0005 -> 0.0005
2025-09-15 16:23:38,233 - Review.reviews.sectorial_review - INFO -   PORSCHE AG: 0.0006 -> 0.0006
2025-09-15 16:23:38,233 - Review.reviews.sectorial_review - INFO -   PORSCHE PREF: 0.0007 -> 0.0007
2025-09-15 16:23:38,233 - Review.reviews.sectorial_review - INFO -   PUBLICIS GROUPE SA: 0.0024 -> 0.0025
2025-09-15 16:23:38,233 - Review.reviews.sectorial_review - INFO -   PULTEGROUP INC: 0.0028 -> 0.0029
2025-09-15 16:23:38,233 - Review.reviews.sectorial_review - INFO -   RENAULT: 0.0008 -> 0.0008
2025-09-15 16:23:38,233 - Review.reviews.sectorial_review - INFO -   ROBLOX CORP. - A: 0.0089 -> 0.0092
2025-09-15 16:23:38,233 - Review.reviews.sectorial_review - INFO -   ROLLINS. INC.: 0.0019 -> 0.0019
2025-09-15 16:23:38,234 - Review.reviews.sectorial_review - INFO -   ROSS STORES INC.: 0.0050 -> 0.0052
2025-09-15 16:23:38,234 - Review.reviews.sectorial_review - INFO -   ROYAL CARIBBEAN: 0.0090 -> 0.0093
2025-09-15 16:23:38,234 - Review.reviews.sectorial_review - INFO -   RYANAIR HOLD. PLC: 0.0031 -> 0.0032
2025-09-15 16:23:38,234 - Review.reviews.sectorial_review - INFO -   SODEXO: 0.0005 -> 0.0005
2025-09-15 16:23:38,234 - Review.reviews.sectorial_review - INFO -   SOMNIGROUP INT: 0.0018 -> 0.0019
2025-09-15 16:23:38,234 - Review.reviews.sectorial_review - INFO -   SPOTIFY TECHNOLOGY: 0.0112 -> 0.0116
2025-09-15 16:23:38,234 - Review.reviews.sectorial_review - INFO -   STARBUCKS CORP.: 0.0097 -> 0.0100
2025-09-15 16:23:38,234 - Review.reviews.sectorial_review - INFO -   STELLANTIS NV: 0.0020 -> 0.0020
2025-09-15 16:23:38,234 - Review.reviews.sectorial_review - INFO -   SWATCH GROUP-BR: 0.0006 -> 0.0006
2025-09-15 16:23:38,235 - Review.reviews.sectorial_review - INFO -   TAKE-TWO INTERACTIVE: 0.0045 -> 0.0046
2025-09-15 16:23:38,235 - Review.reviews.sectorial_review - INFO -   TAPESTRY INC.: 0.0023 -> 0.0024
2025-09-15 16:23:38,235 - Review.reviews.sectorial_review - INFO -   TARGET CORPORATION: 0.0042 -> 0.0044
2025-09-15 16:23:38,235 - Review.reviews.sectorial_review - INFO -   TAYLOR WIMPEY PLC: 0.0005 -> 0.0005
2025-09-15 16:23:38,235 - Review.reviews.sectorial_review - INFO -   TESLA INC: 0.1127 -> 0.1168
2025-09-15 16:23:38,235 - Review.reviews.sectorial_review - INFO -   THE WALT DISNEY COMP: 0.0217 -> 0.0224
2025-09-15 16:23:38,235 - Review.reviews.sectorial_review - INFO -   TJX COMPANIES INC: 0.0162 -> 0.0167
2025-09-15 16:23:38,235 - Review.reviews.sectorial_review - INFO -   TRACTOR SUPPLY COMP.: 0.0033 -> 0.0035
2025-09-15 16:23:38,235 - Review.reviews.sectorial_review - INFO -   TRADE DESK INC.: 0.0021 -> 0.0022
2025-09-15 16:23:38,235 - Review.reviews.sectorial_review - INFO -   TUI AG: 0.0004 -> 0.0005
2025-09-15 16:23:38,236 - Review.reviews.sectorial_review - INFO -   UBER TECHNOLOGIES: 0.0208 -> 0.0215
2025-09-15 16:23:38,236 - Review.reviews.sectorial_review - INFO -   ULTA BEAUTY INC: 0.0024 -> 0.0025
2025-09-15 16:23:38,236 - Review.reviews.sectorial_review - INFO -   UMG: 0.0033 -> 0.0034
2025-09-15 16:23:38,236 - Review.reviews.sectorial_review - INFO -   UNITED AIRLINES HLD: 0.0036 -> 0.0037
2025-09-15 16:23:38,236 - Review.reviews.sectorial_review - INFO -   VOLKSWAGEN PREF: 0.0026 -> 0.0027
2025-09-15 16:23:38,236 - Review.reviews.sectorial_review - INFO -   WALMART INC: 0.0472 -> 0.0489
2025-09-15 16:23:38,236 - Review.reviews.sectorial_review - INFO -   WARNER BROS DISCOVER: 0.0049 -> 0.0050
2025-09-15 16:23:38,236 - Review.reviews.sectorial_review - INFO -   WHITBREAD: 0.0008 -> 0.0008
2025-09-15 16:23:38,236 - Review.reviews.sectorial_review - INFO -   WILLIAMS-SONOMA.: 0.0024 -> 0.0025
2025-09-15 16:23:38,237 - Review.reviews.sectorial_review - INFO -   WPP: 0.0006 -> 0.0006
2025-09-15 16:23:38,237 - Review.reviews.sectorial_review - INFO -   YUM! BRANDS INC.: 0.0043 -> 0.0045
2025-09-15 16:23:38,237 - Review.reviews.sectorial_review - INFO -   ZALANDO SE: 0.0007 -> 0.0008
2025-09-15 16:23:38,237 - Review.reviews.sectorial_review - INFO - Total weight after capping for TCDI: 1.000000
2025-09-15 16:23:38,237 - Review.reviews.sectorial_review - INFO - Maximum individual weight for TCDI: 0.200000 (cap: 0.200000)
2025-09-15 16:23:38,237 - Review.reviews.sectorial_review - INFO - Index market cap for TCDI: 7,876,709,557,668
2025-09-15 16:23:38,237 - Review.reviews.sectorial_review - INFO - Sum of selected companies market cap: 8,209,944,190,411
2025-09-15 16:23:38,237 - Review.reviews.sectorial_review - INFO - Coverage ratio (selected/index): 1.0423
2025-09-15 16:23:38,243 - Review.reviews.sectorial_review - INFO - Processing TCST...
2025-09-15 16:23:38,244 - Review.reviews.sectorial_review - INFO - Total weight before capping for TCST: 1.00000000
2025-09-15 16:23:38,245 - Review.reviews.sectorial_review - INFO - Scaled capping factors for TCST (max factor was 1.000000)
2025-09-15 16:23:38,245 - Review.reviews.sectorial_review - INFO - Capping factors now range from 1.000000 to 1.000000
2025-09-15 16:23:38,246 - Review.reviews.sectorial_review - INFO - Total weight after capping for TCST: 1.000000
2025-09-15 16:23:38,246 - Review.reviews.sectorial_review - INFO - Maximum individual weight for TCST: 0.115078 (cap: 0.200000)
2025-09-15 16:23:38,246 - Review.reviews.sectorial_review - INFO - Index market cap for TCST: 2,742,122,071,484
2025-09-15 16:23:38,246 - Review.reviews.sectorial_review - INFO - Sum of selected companies market cap: 2,740,693,767,889
2025-09-15 16:23:38,247 - Review.reviews.sectorial_review - INFO - Coverage ratio (selected/index): 0.9995
2025-09-15 16:23:38,250 - Review.reviews.sectorial_review - INFO - Processing TENR...
2025-09-15 16:23:38,251 - Review.reviews.sectorial_review - INFO - Total weight before capping for TENR: 1.00000000
2025-09-15 16:23:38,252 - Review.reviews.sectorial_review - INFO - Scaled capping factors for TENR (max factor was 1.000000)
2025-09-15 16:23:38,253 - Review.reviews.sectorial_review - INFO - Capping factors now range from 1.000000 to 1.000000
2025-09-15 16:23:38,253 - Review.reviews.sectorial_review - INFO - Total weight after capping for TENR: 1.000000
2025-09-15 16:23:38,253 - Review.reviews.sectorial_review - INFO - Maximum individual weight for TENR: 0.191540 (cap: 0.200000)
2025-09-15 16:23:38,253 - Review.reviews.sectorial_review - INFO - Index market cap for TENR: 2,130,102,858,206
2025-09-15 16:23:38,253 - Review.reviews.sectorial_review - INFO - Sum of selected companies market cap: 2,128,782,744,672
2025-09-15 16:23:38,253 - Review.reviews.sectorial_review - INFO - Coverage ratio (selected/index): 0.9994
2025-09-15 16:23:38,257 - Review.reviews.sectorial_review - INFO - Processing TFINP...
2025-09-15 16:23:38,258 - Review.reviews.sectorial_review - INFO - Total weight before capping for TFINP: 1.00000000
2025-09-15 16:23:38,259 - Review.reviews.sectorial_review - INFO - Scaled capping factors for TFINP (max factor was 1.000000)
2025-09-15 16:23:38,259 - Review.reviews.sectorial_review - INFO - Capping factors now range from 1.000000 to 1.000000
2025-09-15 16:23:38,260 - Review.reviews.sectorial_review - INFO - Total weight after capping for TFINP: 1.000000
2025-09-15 16:23:38,260 - Review.reviews.sectorial_review - INFO - Maximum individual weight for TFINP: 0.094178 (cap: 0.200000)
2025-09-15 16:23:38,260 - Review.reviews.sectorial_review - INFO - Index market cap for TFINP: 7,676,844,171,546
2025-09-15 16:23:38,261 - Review.reviews.sectorial_review - INFO - Sum of selected companies market cap: 7,641,339,741,518
2025-09-15 16:23:38,261 - Review.reviews.sectorial_review - INFO - Coverage ratio (selected/index): 0.9954
2025-09-15 16:23:38,265 - Review.reviews.sectorial_review - INFO - Processing THEC...
2025-09-15 16:23:38,266 - Review.reviews.sectorial_review - INFO - Total weight before capping for THEC: 1.00000000
2025-09-15 16:23:38,267 - Review.reviews.sectorial_review - INFO - Scaled capping factors for THEC (max factor was 1.000000)
2025-09-15 16:23:38,267 - Review.reviews.sectorial_review - INFO - Capping factors now range from 1.000000 to 1.000000
2025-09-15 16:23:38,267 - Review.reviews.sectorial_review - INFO - Total weight after capping for THEC: 1.000000
2025-09-15 16:23:38,267 - Review.reviews.sectorial_review - INFO - Maximum individual weight for THEC: 0.093407 (cap: 0.200000)
2025-09-15 16:23:38,267 - Review.reviews.sectorial_review - INFO - Index market cap for THEC: 5,495,311,237,296
2025-09-15 16:23:38,268 - Review.reviews.sectorial_review - INFO - Sum of selected companies market cap: 5,547,852,829,965
2025-09-15 16:23:38,268 - Review.reviews.sectorial_review - INFO - Coverage ratio (selected/index): 1.0096
2025-09-15 16:23:38,271 - Review.reviews.sectorial_review - INFO - Processing TIND...
2025-09-15 16:23:38,273 - Review.reviews.sectorial_review - INFO - Total weight before capping for TIND: 1.00000000
2025-09-15 16:23:38,273 - Review.reviews.sectorial_review - INFO - Scaled capping factors for TIND (max factor was 1.000000)
2025-09-15 16:23:38,274 - Review.reviews.sectorial_review - INFO - Capping factors now range from 1.000000 to 1.000000
2025-09-15 16:23:38,274 - Review.reviews.sectorial_review - INFO - Total weight after capping for TIND: 1.000000
2025-09-15 16:23:38,274 - Review.reviews.sectorial_review - INFO - Maximum individual weight for TIND: 0.064391 (cap: 0.200000)
2025-09-15 16:23:38,274 - Review.reviews.sectorial_review - INFO - Index market cap for TIND: 7,586,728,372,540
2025-09-15 16:23:38,275 - Review.reviews.sectorial_review - INFO - Sum of selected companies market cap: 7,635,692,172,590
2025-09-15 16:23:38,275 - Review.reviews.sectorial_review - INFO - Coverage ratio (selected/index): 1.0065
2025-09-15 16:23:38,280 - Review.reviews.sectorial_review - INFO - Processing TTEC...
2025-09-15 16:23:38,281 - Review.reviews.sectorial_review - INFO - Total weight before capping for TTEC: 1.00000000
2025-09-15 16:23:38,282 - Review.reviews.sectorial_review - INFO - Scaled capping factors for TTEC (max factor was 1.000000)
2025-09-15 16:23:38,282 - Review.reviews.sectorial_review - INFO - Capping factors now range from 1.000000 to 1.000000
2025-09-15 16:23:38,283 - Review.reviews.sectorial_review - INFO - Total weight after capping for TTEC: 1.000000
2025-09-15 16:23:38,283 - Review.reviews.sectorial_review - INFO - Maximum individual weight for TTEC: 0.185347 (cap: 0.200000)
2025-09-15 16:23:38,283 - Review.reviews.sectorial_review - INFO - Index market cap for TTEC: 19,889,606,599,798
2025-09-15 16:23:38,283 - Review.reviews.sectorial_review - INFO - Sum of selected companies market cap: 19,961,727,694,688
2025-09-15 16:23:38,283 - Review.reviews.sectorial_review - INFO - Coverage ratio (selected/index): 1.0036
2025-09-15 16:23:38,287 - Review.reviews.sectorial_review - INFO - Processing TTEL...
2025-09-15 16:23:38,288 - Review.reviews.sectorial_review - INFO - Total weight before capping for TTEL: 1.00000000
2025-09-15 16:23:38,289 - Review.reviews.sectorial_review - INFO - Scaled capping factors for TTEL (max factor was 1.000000)
2025-09-15 16:23:38,289 - Review.reviews.sectorial_review - INFO - Capping factors now range from 1.000000 to 1.000000
2025-09-15 16:23:38,290 - Review.reviews.sectorial_review - INFO - Total weight after capping for TTEL: 1.000000
2025-09-15 16:23:38,290 - Review.reviews.sectorial_review - INFO - Maximum individual weight for TTEL: 0.176983 (cap: 0.200000)
2025-09-15 16:23:38,290 - Review.reviews.sectorial_review - INFO - Index market cap for TTEL: 1,295,614,237,050
2025-09-15 16:23:38,290 - Review.reviews.sectorial_review - INFO - Sum of selected companies market cap: 1,269,385,668,628
2025-09-15 16:23:38,290 - Review.reviews.sectorial_review - INFO - Coverage ratio (selected/index): 0.9798
2025-09-15 16:23:38,295 - Review.reviews.sectorial_review - INFO - Processing TUTI...
2025-09-15 16:23:38,296 - Review.reviews.sectorial_review - INFO - Total weight before capping for TUTI: 1.00000000
2025-09-15 16:23:38,297 - Review.reviews.sectorial_review - INFO - Scaled capping factors for TUTI (max factor was 1.000000)
2025-09-15 16:23:38,297 - Review.reviews.sectorial_review - INFO - Capping factors now range from 1.000000 to 1.000000
2025-09-15 16:23:38,298 - Review.reviews.sectorial_review - INFO - Total weight after capping for TUTI: 1.000000
2025-09-15 16:23:38,298 - Review.reviews.sectorial_review - INFO - Maximum individual weight for TUTI: 0.076832 (cap: 0.200000)
2025-09-15 16:23:38,298 - Review.reviews.sectorial_review - INFO - Index market cap for TUTI: 1,626,589,467,437
2025-09-15 16:23:38,298 - Review.reviews.sectorial_review - INFO - Sum of selected companies market cap: 1,637,359,176,302
2025-09-15 16:23:38,298 - Review.reviews.sectorial_review - INFO - Coverage ratio (selected/index): 1.0066
2025-09-15 16:23:38,302 - Review.reviews.sectorial_review - INFO - Processing UUTI...
2025-09-15 16:23:38,304 - Review.reviews.sectorial_review - INFO - Total weight before capping for UUTI: 1.00000000
2025-09-15 16:23:38,305 - Review.reviews.sectorial_review - INFO - Scaled capping factors for UUTI (max factor was 1.000000)
2025-09-15 16:23:38,305 - Review.reviews.sectorial_review - INFO - Capping factors now range from 1.000000 to 1.000000
2025-09-15 16:23:38,306 - Review.reviews.sectorial_review - INFO - Total weight after capping for UUTI: 1.000000
2025-09-15 16:23:38,306 - Review.reviews.sectorial_review - INFO - Maximum individual weight for UUTI: 0.106838 (cap: 0.200000)
2025-09-15 16:23:38,306 - Review.reviews.sectorial_review - INFO - Index market cap for UUTI: 1,177,648,835,236
2025-09-15 16:23:38,306 - Review.reviews.sectorial_review - INFO - Sum of selected companies market cap: 1,177,500,527,411
2025-09-15 16:23:38,306 - Review.reviews.sectorial_review - INFO - Coverage ratio (selected/index): 0.9999
2025-09-15 16:23:38,311 - Review.reviews.sectorial_review - INFO - Processing UTEL...
2025-09-15 16:23:38,313 - Review.reviews.sectorial_review - INFO - Total weight before capping for UTEL: 1.00000000
2025-09-15 16:23:38,316 - Review.reviews.sectorial_review - INFO - Scaled capping factors for UTEL (max factor was 1.045250)
2025-09-15 16:23:38,316 - Review.reviews.sectorial_review - INFO - Capping factors now range from 0.815493 to 1.000000
2025-09-15 16:23:38,317 - Review.reviews.sectorial_review - INFO - Capped 1 companies to 20% in UTEL:
2025-09-15 16:23:38,317 - Review.reviews.sectorial_review - INFO -   CISCO SYSTEMS INC: 0.2346 -> 0.2000
2025-09-15 16:23:38,317 - Review.reviews.sectorial_review - INFO - Boosted 7 companies due to redistribution in UTEL:
2025-09-15 16:23:38,317 - Review.reviews.sectorial_review - INFO -   ARISTA NETWORKS INC.: 0.1248 -> 0.1305
2025-09-15 16:23:38,317 - Review.reviews.sectorial_review - INFO -   AT&T INC: 0.1883 -> 0.1968
2025-09-15 16:23:38,317 - Review.reviews.sectorial_review - INFO -   CHARTER COM. CLASS A: 0.0224 -> 0.0235
2025-09-15 16:23:38,318 - Review.reviews.sectorial_review - INFO -   COMCAST: 0.1084 -> 0.1133
2025-09-15 16:23:38,318 - Review.reviews.sectorial_review - INFO -   MOTOROLA SOLUTIONS: 0.0715 -> 0.0747
2025-09-15 16:23:38,318 - Review.reviews.sectorial_review - INFO -   T-MOBILE US INC.: 0.0848 -> 0.0886
2025-09-15 16:23:38,318 - Review.reviews.sectorial_review - INFO -   VERIZON: 0.1651 -> 0.1726
2025-09-15 16:23:38,318 - Review.reviews.sectorial_review - INFO - Total weight after capping for UTEL: 1.000000
2025-09-15 16:23:38,318 - Review.reviews.sectorial_review - INFO - Maximum individual weight for UTEL: 0.200000 (cap: 0.200000)
2025-09-15 16:23:38,318 - Review.reviews.sectorial_review - INFO - Index market cap for UTEL: 921,704,759,870
2025-09-15 16:23:38,318 - Review.reviews.sectorial_review - INFO - Sum of selected companies market cap: 957,494,679,959
2025-09-15 16:23:38,318 - Review.reviews.sectorial_review - INFO - Coverage ratio (selected/index): 1.0388
2025-09-15 16:23:38,323 - Review.reviews.sectorial_review - INFO - Processing UTEC...
2025-09-15 16:23:38,324 - Review.reviews.sectorial_review - INFO - Total weight before capping for UTEC: 1.00000000
2025-09-15 16:23:38,325 - Review.reviews.sectorial_review - INFO - Scaled capping factors for UTEC (max factor was 1.000000)
2025-09-15 16:23:38,326 - Review.reviews.sectorial_review - INFO - Capping factors now range from 1.000000 to 1.000000
2025-09-15 16:23:38,327 - Review.reviews.sectorial_review - INFO - Total weight after capping for UTEC: 1.000000
2025-09-15 16:23:38,327 - Review.reviews.sectorial_review - INFO - Maximum individual weight for UTEC: 0.194071 (cap: 0.200000)
2025-09-15 16:23:38,327 - Review.reviews.sectorial_review - INFO - Index market cap for UTEC: 18,969,896,443,003
2025-09-15 16:23:38,327 - Review.reviews.sectorial_review - INFO - Sum of selected companies market cap: 19,064,405,147,190
2025-09-15 16:23:38,328 - Review.reviews.sectorial_review - INFO - Coverage ratio (selected/index): 1.0050
2025-09-15 16:23:38,332 - Review.reviews.sectorial_review - INFO - Processing UIND...
2025-09-15 16:23:38,334 - Review.reviews.sectorial_review - INFO - Total weight before capping for UIND: 1.00000000
2025-09-15 16:23:38,335 - Review.reviews.sectorial_review - INFO - Scaled capping factors for UIND (max factor was 1.000000)
2025-09-15 16:23:38,335 - Review.reviews.sectorial_review - INFO - Capping factors now range from 1.000000 to 1.000000
2025-09-15 16:23:38,336 - Review.reviews.sectorial_review - INFO - Total weight after capping for UIND: 1.000000
2025-09-15 16:23:38,336 - Review.reviews.sectorial_review - INFO - Maximum individual weight for UIND: 0.090515 (cap: 0.200000)
2025-09-15 16:23:38,337 - Review.reviews.sectorial_review - INFO - Index market cap for UIND: 5,389,675,580,310
2025-09-15 16:23:38,337 - Review.reviews.sectorial_review - INFO - Sum of selected companies market cap: 5,431,912,166,093
2025-09-15 16:23:38,337 - Review.reviews.sectorial_review - INFO - Coverage ratio (selected/index): 1.0078
2025-09-15 16:23:38,341 - Review.reviews.sectorial_review - INFO - Processing UHEC...
2025-09-15 16:23:38,342 - Review.reviews.sectorial_review - INFO - Total weight before capping for UHEC: 1.00000000
2025-09-15 16:23:38,343 - Review.reviews.sectorial_review - INFO - Scaled capping factors for UHEC (max factor was 1.000000)
2025-09-15 16:23:38,343 - Review.reviews.sectorial_review - INFO - Capping factors now range from 1.000000 to 1.000000
2025-09-15 16:23:38,344 - Review.reviews.sectorial_review - INFO - Total weight after capping for UHEC: 1.000000
2025-09-15 16:23:38,344 - Review.reviews.sectorial_review - INFO - Maximum individual weight for UHEC: 0.128359 (cap: 0.200000)
2025-09-15 16:23:38,344 - Review.reviews.sectorial_review - INFO - Index market cap for UHEC: 3,994,433,931,344
2025-09-15 16:23:38,344 - Review.reviews.sectorial_review - INFO - Sum of selected companies market cap: 4,037,190,514,164
2025-09-15 16:23:38,344 - Review.reviews.sectorial_review - INFO - Coverage ratio (selected/index): 1.0107
2025-09-15 16:23:38,348 - Review.reviews.sectorial_review - INFO - Processing UFIN...
2025-09-15 16:23:38,350 - Review.reviews.sectorial_review - INFO - Total weight before capping for UFIN: 1.00000000
2025-09-15 16:23:38,351 - Review.reviews.sectorial_review - INFO - Scaled capping factors for UFIN (max factor was 1.000000)
2025-09-15 16:23:38,351 - Review.reviews.sectorial_review - INFO - Capping factors now range from 1.000000 to 1.000000
2025-09-15 16:23:38,352 - Review.reviews.sectorial_review - INFO - Total weight after capping for UFIN: 1.000000
2025-09-15 16:23:38,352 - Review.reviews.sectorial_review - INFO - Maximum individual weight for UFIN: 0.143384 (cap: 0.200000)
2025-09-15 16:23:38,352 - Review.reviews.sectorial_review - INFO - Index market cap for UFIN: 5,020,470,924,016
2025-09-15 16:23:38,352 - Review.reviews.sectorial_review - INFO - Sum of selected companies market cap: 5,019,016,104,897
2025-09-15 16:23:38,352 - Review.reviews.sectorial_review - INFO - Coverage ratio (selected/index): 0.9997
2025-09-15 16:23:38,356 - Review.reviews.sectorial_review - INFO - Processing UENR...
2025-09-15 16:23:38,357 - Review.reviews.sectorial_review - INFO - Total weight before capping for UENR: 1.00000000
2025-09-15 16:23:38,361 - Review.reviews.sectorial_review - INFO - Scaled capping factors for UENR (max factor was 1.085693)
2025-09-15 16:23:38,361 - Review.reviews.sectorial_review - INFO - Capping factors now range from 0.700053 to 1.000000
2025-09-15 16:23:38,362 - Review.reviews.sectorial_review - INFO - Capped 1 companies to 20% in UENR:
2025-09-15 16:23:38,362 - Review.reviews.sectorial_review - INFO -   EXXON MOBIL: 0.2631 -> 0.2000
2025-09-15 16:23:38,362 - Review.reviews.sectorial_review - INFO - Boosted 25 companies due to redistribution in UENR:
2025-09-15 16:23:38,363 - Review.reviews.sectorial_review - INFO -   BAKER HUGHES COMPANY: 0.0252 -> 0.0274
2025-09-15 16:23:38,363 - Review.reviews.sectorial_review - INFO -   CHENIERE ENERGY: 0.0286 -> 0.0310
2025-09-15 16:23:38,363 - Review.reviews.sectorial_review - INFO -   CHEVRON CORPORATION: 0.1682 -> 0.1826
2025-09-15 16:23:38,363 - Review.reviews.sectorial_review - INFO -   CONOCOPHILLIPS: 0.0635 -> 0.0690
2025-09-15 16:23:38,363 - Review.reviews.sectorial_review - INFO -   COTERRA ENERGY INC.: 0.0102 -> 0.0111
2025-09-15 16:23:38,363 - Review.reviews.sectorial_review - INFO -   DEVON ENERGY CORP: 0.0121 -> 0.0132
2025-09-15 16:23:38,364 - Review.reviews.sectorial_review - INFO -   DIAMONDBACK ENERGY: 0.0142 -> 0.0154
2025-09-15 16:23:38,364 - Review.reviews.sectorial_review - INFO -   ENERGY TRANSFER L.P.: 0.0313 -> 0.0340
2025-09-15 16:23:38,364 - Review.reviews.sectorial_review - INFO -   ENTERPRISE PRODUCTS: 0.0265 -> 0.0288
2025-09-15 16:23:38,364 - Review.reviews.sectorial_review - INFO -   EOG RESOURCES INC.: 0.0355 -> 0.0385
2025-09-15 16:23:38,364 - Review.reviews.sectorial_review - INFO -   EQT CORPORATION: 0.0175 -> 0.0190
2025-09-15 16:23:38,364 - Review.reviews.sectorial_review - INFO -   EXPAND ENERGY: 0.0126 -> 0.0137
2025-09-15 16:23:38,365 - Review.reviews.sectorial_review - INFO -   FIRST SOLAR INC: 0.0119 -> 0.0129
2025-09-15 16:23:38,365 - Review.reviews.sectorial_review - INFO -   HALLIBURTON COMPANY: 0.0104 -> 0.0113
2025-09-15 16:23:38,365 - Review.reviews.sectorial_review - INFO -   KINDER MORGAN INC.: 0.0287 -> 0.0311
2025-09-15 16:23:38,365 - Review.reviews.sectorial_review - INFO -   MARATHON PETROLEUM: 0.0302 -> 0.0327
2025-09-15 16:23:38,365 - Review.reviews.sectorial_review - INFO -   MPLX LP: 0.0100 -> 0.0109
2025-09-15 16:23:38,366 - Review.reviews.sectorial_review - INFO -   OCCIDENTAL PETROLEUM: 0.0186 -> 0.0201
2025-09-15 16:23:38,366 - Review.reviews.sectorial_review - INFO -   ONEOK INC.: 0.0253 -> 0.0275
2025-09-15 16:23:38,366 - Review.reviews.sectorial_review - INFO -   PHILLIPS 66: 0.0291 -> 0.0316
2025-09-15 16:23:38,366 - Review.reviews.sectorial_review - INFO -   SCHLUMBERGER LTD: 0.0294 -> 0.0319
2025-09-15 16:23:38,366 - Review.reviews.sectorial_review - INFO -   TARGA RESOURCES CORP: 0.0197 -> 0.0214
2025-09-15 16:23:38,367 - Review.reviews.sectorial_review - INFO -   TEXAS PACIFIC LAND: 0.0119 -> 0.0129
2025-09-15 16:23:38,367 - Review.reviews.sectorial_review - INFO -   VALERO ENERGY CORP.: 0.0268 -> 0.0291
2025-09-15 16:23:38,367 - Review.reviews.sectorial_review - INFO -   WILLIAMS COMPANIES: 0.0395 -> 0.0429
2025-09-15 16:23:38,368 - Review.reviews.sectorial_review - INFO - Total weight after capping for UENR: 1.000000
2025-09-15 16:23:38,368 - Review.reviews.sectorial_review - INFO - Maximum individual weight for UENR: 0.200000 (cap: 0.200000)
2025-09-15 16:23:38,368 - Review.reviews.sectorial_review - INFO - Index market cap for UENR: 1,420,932,339,336
2025-09-15 16:23:38,368 - Review.reviews.sectorial_review - INFO - Sum of selected companies market cap: 1,549,528,494,027
2025-09-15 16:23:38,368 - Review.reviews.sectorial_review - INFO - Coverage ratio (selected/index): 1.0905
2025-09-15 16:23:38,372 - Review.reviews.sectorial_review - INFO - Processing UCST...
2025-09-15 16:23:38,374 - Review.reviews.sectorial_review - INFO - Total weight before capping for UCST: 1.00000000
2025-09-15 16:23:38,374 - Review.reviews.sectorial_review - INFO - Scaled capping factors for UCST (max factor was 1.000000)
2025-09-15 16:23:38,375 - Review.reviews.sectorial_review - INFO - Capping factors now range from 1.000000 to 1.000000
2025-09-15 16:23:38,375 - Review.reviews.sectorial_review - INFO - Total weight after capping for UCST: 1.000000
2025-09-15 16:23:38,375 - Review.reviews.sectorial_review - INFO - Maximum individual weight for UCST: 0.174015 (cap: 0.200000)
2025-09-15 16:23:38,376 - Review.reviews.sectorial_review - INFO - Index market cap for UCST: 1,821,706,888,259
2025-09-15 16:23:38,376 - Review.reviews.sectorial_review - INFO - Sum of selected companies market cap: 1,812,444,174,813
2025-09-15 16:23:38,376 - Review.reviews.sectorial_review - INFO - Coverage ratio (selected/index): 0.9949
2025-09-15 16:23:38,381 - Review.reviews.sectorial_review - INFO - Processing UCDI...
2025-09-15 16:23:38,383 - Review.reviews.sectorial_review - INFO - Total weight before capping for UCDI: 1.00000000
2025-09-15 16:23:38,386 - Review.reviews.sectorial_review - INFO - Scaled capping factors for UCDI (max factor was 1.081084)
2025-09-15 16:23:38,386 - Review.reviews.sectorial_review - INFO - Capping factors now range from 0.711530 to 1.000000
2025-09-15 16:23:38,387 - Review.reviews.sectorial_review - INFO - Capped 1 companies to 20% in UCDI:
2025-09-15 16:23:38,388 - Review.reviews.sectorial_review - INFO -   AMAZON: 0.2600 -> 0.2000
2025-09-15 16:23:38,388 - Review.reviews.sectorial_review - INFO - Boosted 62 companies due to redistribution in UCDI:
2025-09-15 16:23:38,388 - Review.reviews.sectorial_review - INFO -   AIRBNB INC. CLASS A: 0.0062 -> 0.0067
2025-09-15 16:23:38,388 - Review.reviews.sectorial_review - INFO -   AUTOZONE INC.: 0.0086 -> 0.0093
2025-09-15 16:23:38,388 - Review.reviews.sectorial_review - INFO -   BOOKING HOLDINGS INC: 0.0210 -> 0.0227
2025-09-15 16:23:38,388 - Review.reviews.sectorial_review - INFO -   BURLINGTON STORES: 0.0020 -> 0.0022
2025-09-15 16:23:38,388 - Review.reviews.sectorial_review - INFO -   CARNIVAL CORPORATION: 0.0039 -> 0.0042
2025-09-15 16:23:38,389 - Review.reviews.sectorial_review - INFO -   CARVANA CO: 0.0059 -> 0.0064
2025-09-15 16:23:38,389 - Review.reviews.sectorial_review - INFO -   CHIPOTLE MEX. GRILL: 0.0061 -> 0.0066
2025-09-15 16:23:38,389 - Review.reviews.sectorial_review - INFO -   COPART INC.: 0.0050 -> 0.0054
2025-09-15 16:23:38,389 - Review.reviews.sectorial_review - INFO -   COSTCO WHOLES. CORP.: 0.0510 -> 0.0551
2025-09-15 16:23:38,389 - Review.reviews.sectorial_review - INFO -   COUPANG INC. CLASS A: 0.0051 -> 0.0055
2025-09-15 16:23:38,389 - Review.reviews.sectorial_review - INFO -   D.R. HORTON INC.: 0.0060 -> 0.0065
2025-09-15 16:23:38,390 - Review.reviews.sectorial_review - INFO -   DARDEN RESTAURANTS: 0.0030 -> 0.0032
2025-09-15 16:23:38,390 - Review.reviews.sectorial_review - INFO -   DELTA AIR LINES INC.: 0.0046 -> 0.0050
2025-09-15 16:23:38,390 - Review.reviews.sectorial_review - INFO -   DOLLAR GENERAL CORP.: 0.0027 -> 0.0029
2025-09-15 16:23:38,390 - Review.reviews.sectorial_review - INFO -   DOLLAR TREE INC.: 0.0023 -> 0.0025
2025-09-15 16:23:38,390 - Review.reviews.sectorial_review - INFO -   DRAFTKINGS. INC. A: 0.0026 -> 0.0028
2025-09-15 16:23:38,390 - Review.reviews.sectorial_review - INFO -   EBAY INC.: 0.0049 -> 0.0053
2025-09-15 16:23:38,390 - Review.reviews.sectorial_review - INFO -   ELECTRONIC ARTS INC.: 0.0046 -> 0.0050
2025-09-15 16:23:38,390 - Review.reviews.sectorial_review - INFO -   ESTEE LAUDER COS INC: 0.0023 -> 0.0025
2025-09-15 16:23:38,390 - Review.reviews.sectorial_review - INFO -   EXPEDIA GROUP INC.: 0.0031 -> 0.0034
2025-09-15 16:23:38,390 - Review.reviews.sectorial_review - INFO -   FLUTTER ENTERTAINMEN: 0.0059 -> 0.0064
2025-09-15 16:23:38,391 - Review.reviews.sectorial_review - INFO -   FORD MOTOR CO: 0.0054 -> 0.0059
2025-09-15 16:23:38,391 - Review.reviews.sectorial_review - INFO -   GARMIN LTD.: 0.0046 -> 0.0050
2025-09-15 16:23:38,391 - Review.reviews.sectorial_review - INFO -   GENERAL MOTORS COMP.: 0.0066 -> 0.0071
2025-09-15 16:23:38,391 - Review.reviews.sectorial_review - INFO -   GENUINE PARTS COMP.: 0.0023 -> 0.0025
2025-09-15 16:23:38,391 - Review.reviews.sectorial_review - INFO -   HILTON WORLDWIDE: 0.0077 -> 0.0083
2025-09-15 16:23:38,391 - Review.reviews.sectorial_review - INFO -   HOME DEPOT INC: 0.0499 -> 0.0540
2025-09-15 16:23:38,391 - Review.reviews.sectorial_review - INFO -   LENNAR CORP A: 0.0037 -> 0.0040
2025-09-15 16:23:38,391 - Review.reviews.sectorial_review - INFO -   LIBERTY MEDIA CORP.: 0.0026 -> 0.0029
2025-09-15 16:23:38,391 - Review.reviews.sectorial_review - INFO -   LIVE NATION ENTERT: 0.0033 -> 0.0036
2025-09-15 16:23:38,392 - Review.reviews.sectorial_review - INFO -   LOWE'S COMPANIES INC: 0.0181 -> 0.0196
2025-09-15 16:23:38,392 - Review.reviews.sectorial_review - INFO -   LULULEMON ATHLETICA: 0.0020 -> 0.0021
2025-09-15 16:23:38,392 - Review.reviews.sectorial_review - INFO -   MARRIOTT INTERN. INC: 0.0073 -> 0.0079
2025-09-15 16:23:38,392 - Review.reviews.sectorial_review - INFO -   MCDONALD'S CORP: 0.0259 -> 0.0280
2025-09-15 16:23:38,392 - Review.reviews.sectorial_review - INFO -   MERCADOLIBRE INC.: 0.0134 -> 0.0145
2025-09-15 16:23:38,392 - Review.reviews.sectorial_review - INFO -   NETFLIX INC.: 0.0600 -> 0.0648
2025-09-15 16:23:38,393 - Review.reviews.sectorial_review - INFO -   NIKE INC: 0.0103 -> 0.0111
2025-09-15 16:23:38,393 - Review.reviews.sectorial_review - INFO -   NVR INC.: 0.0029 -> 0.0031
2025-09-15 16:23:38,393 - Review.reviews.sectorial_review - INFO -   O'REILLY AUTOMOTIVE: 0.0108 -> 0.0117
2025-09-15 16:23:38,394 - Review.reviews.sectorial_review - INFO -   PULTEGROUP INC: 0.0032 -> 0.0035
2025-09-15 16:23:38,394 - Review.reviews.sectorial_review - INFO -   ROBLOX CORP. - A: 0.0102 -> 0.0110
2025-09-15 16:23:38,394 - Review.reviews.sectorial_review - INFO -   ROLLINS. INC.: 0.0021 -> 0.0023
2025-09-15 16:23:38,394 - Review.reviews.sectorial_review - INFO -   ROSS STORES INC.: 0.0057 -> 0.0062
2025-09-15 16:23:38,394 - Review.reviews.sectorial_review - INFO -   ROYAL CARIBBEAN: 0.0103 -> 0.0111
2025-09-15 16:23:38,394 - Review.reviews.sectorial_review - INFO -   SOMNIGROUP INT: 0.0021 -> 0.0023
2025-09-15 16:23:38,394 - Review.reviews.sectorial_review - INFO -   SPOTIFY TECHNOLOGY: 0.0128 -> 0.0138
2025-09-15 16:23:38,395 - Review.reviews.sectorial_review - INFO -   STARBUCKS CORP.: 0.0111 -> 0.0119
2025-09-15 16:23:38,395 - Review.reviews.sectorial_review - INFO -   TAKE-TWO INTERACTIVE: 0.0051 -> 0.0055
2025-09-15 16:23:38,395 - Review.reviews.sectorial_review - INFO -   TAPESTRY INC.: 0.0026 -> 0.0028
2025-09-15 16:23:38,395 - Review.reviews.sectorial_review - INFO -   TARGET CORPORATION: 0.0049 -> 0.0052
2025-09-15 16:23:38,395 - Review.reviews.sectorial_review - INFO -   TESLA INC: 0.1289 -> 0.1393
2025-09-15 16:23:38,395 - Review.reviews.sectorial_review - INFO -   THE WALT DISNEY COMP: 0.0248 -> 0.0268
2025-09-15 16:23:38,395 - Review.reviews.sectorial_review - INFO -   TJX COMPANIES INC: 0.0185 -> 0.0200
2025-09-15 16:23:38,396 - Review.reviews.sectorial_review - INFO -   TRACTOR SUPPLY COMP.: 0.0038 -> 0.0041
2025-09-15 16:23:38,396 - Review.reviews.sectorial_review - INFO -   TRADE DESK INC.: 0.0024 -> 0.0026
2025-09-15 16:23:38,396 - Review.reviews.sectorial_review - INFO -   UBER TECHNOLOGIES: 0.0237 -> 0.0257
2025-09-15 16:23:38,396 - Review.reviews.sectorial_review - INFO -   ULTA BEAUTY INC: 0.0027 -> 0.0030
2025-09-15 16:23:38,396 - Review.reviews.sectorial_review - INFO -   UNITED AIRLINES HLD: 0.0041 -> 0.0044
2025-09-15 16:23:38,396 - Review.reviews.sectorial_review - INFO -   WALMART INC: 0.0539 -> 0.0583
2025-09-15 16:23:38,396 - Review.reviews.sectorial_review - INFO -   WARNER BROS DISCOVER: 0.0055 -> 0.0060
2025-09-15 16:23:38,397 - Review.reviews.sectorial_review - INFO -   WILLIAMS-SONOMA.: 0.0027 -> 0.0030
2025-09-15 16:23:38,397 - Review.reviews.sectorial_review - INFO -   YUM! BRANDS INC.: 0.0049 -> 0.0053
2025-09-15 16:23:38,397 - Review.reviews.sectorial_review - INFO - Total weight after capping for UCDI: 1.000000
2025-09-15 16:23:38,397 - Review.reviews.sectorial_review - INFO - Maximum individual weight for UCDI: 0.200000 (cap: 0.200000)
2025-09-15 16:23:38,397 - Review.reviews.sectorial_review - INFO - Index market cap for UCDI: 6,516,537,886,120
2025-09-15 16:23:38,397 - Review.reviews.sectorial_review - INFO - Sum of selected companies market cap: 7,182,176,999,645
2025-09-15 16:23:38,398 - Review.reviews.sectorial_review - INFO - Coverage ratio (selected/index): 1.1021
2025-09-15 16:23:38,402 - Review.reviews.sectorial_review - INFO - Processing UBMA...
2025-09-15 16:23:38,403 - Review.reviews.sectorial_review - INFO - Total weight before capping for UBMA: 1.00000000
2025-09-15 16:23:38,406 - Review.reviews.sectorial_review - INFO - Scaled capping factors for UBMA (max factor was 1.202858)
2025-09-15 16:23:38,406 - Review.reviews.sectorial_review - INFO - Capping factors now range from 0.496453 to 1.000000
2025-09-15 16:23:38,407 - Review.reviews.sectorial_review - INFO - Capped 1 companies to 20% in UBMA:
2025-09-15 16:23:38,407 - Review.reviews.sectorial_review - INFO -   LINDE PLC: 0.3349 -> 0.2000
2025-09-15 16:23:38,407 - Review.reviews.sectorial_review - INFO - Boosted 9 companies due to redistribution in UBMA:
2025-09-15 16:23:38,407 - Review.reviews.sectorial_review - INFO -   AIR PROD & CHEMICALS: 0.0966 -> 0.1161
2025-09-15 16:23:38,407 - Review.reviews.sectorial_review - INFO -   ANGLOGOLD ASHANTI: 0.0495 -> 0.0595
2025-09-15 16:23:38,407 - Review.reviews.sectorial_review - INFO -   ECOLAB INC: 0.1031 -> 0.1240
2025-09-15 16:23:38,408 - Review.reviews.sectorial_review - INFO -   FASTENAL COMPANY: 0.0807 -> 0.0971
2025-09-15 16:23:38,408 - Review.reviews.sectorial_review - INFO -   FREEPORT-MCMORAN: 0.0951 -> 0.1144
2025-09-15 16:23:38,408 - Review.reviews.sectorial_review - INFO -   INTERNATIONAL PAPER: 0.0360 -> 0.0433
2025-09-15 16:23:38,408 - Review.reviews.sectorial_review - INFO -   NEWMONT COR: 0.1290 -> 0.1552
2025-09-15 16:23:38,408 - Review.reviews.sectorial_review - INFO -   NUCOR CORPORATION: 0.0481 -> 0.0578
2025-09-15 16:23:38,408 - Review.reviews.sectorial_review - INFO -   STEEL DYNAMICS INC.: 0.0271 -> 0.0326
2025-09-15 16:23:38,409 - Review.reviews.sectorial_review - INFO - Total weight after capping for UBMA: 1.000000
2025-09-15 16:23:38,409 - Review.reviews.sectorial_review - INFO - Maximum individual weight for UBMA: 0.200000 (cap: 0.200000)
2025-09-15 16:23:38,409 - Review.reviews.sectorial_review - INFO - Index market cap for UBMA: 490,900,736,606
2025-09-15 16:23:38,409 - Review.reviews.sectorial_review - INFO - Sum of selected companies market cap: 575,503,151,845
2025-09-15 16:23:38,409 - Review.reviews.sectorial_review - INFO - Coverage ratio (selected/index): 1.1723
2025-09-15 16:23:38,413 - Review.reviews.sectorial_review - INFO - Saving TECHP output to: C:\Users\CSonneveld\OneDrive - Euronext\Documents\Projects\GUI + Reviews\output\TECHP_sectorial_20250915_162338.xlsx
2025-09-15 16:23:38,433 - Review.reviews.sectorial_review - INFO - Saving ENRGP output to: C:\Users\CSonneveld\OneDrive - Euronext\Documents\Projects\GUI + Reviews\output\ENRGP_sectorial_20250915_162338.xlsx
2025-09-15 16:23:38,455 - Review.reviews.sectorial_review - INFO - Saving UTIL output to: C:\Users\CSonneveld\OneDrive - Euronext\Documents\Projects\GUI + Reviews\output\UTIL_sectorial_20250915_162338.xlsx
2025-09-15 16:23:38,481 - Review.reviews.sectorial_review - INFO - Saving BASM output to: C:\Users\CSonneveld\OneDrive - Euronext\Documents\Projects\GUI + Reviews\output\BASM_sectorial_20250915_162338.xlsx
2025-09-15 16:23:38,507 - Review.reviews.sectorial_review - INFO - Saving FINA output to: C:\Users\CSonneveld\OneDrive - Euronext\Documents\Projects\GUI + Reviews\output\FINA_sectorial_20250915_162338.xlsx
2025-09-15 16:23:38,539 - Review.reviews.sectorial_review - INFO - Saving CSTA output to: C:\Users\CSonneveld\OneDrive - Euronext\Documents\Projects\GUI + Reviews\output\CSTA_sectorial_20250915_162338.xlsx
2025-09-15 16:23:38,561 - Review.reviews.sectorial_review - INFO - Saving TELEP output to: C:\Users\CSonneveld\OneDrive - Euronext\Documents\Projects\GUI + Reviews\output\TELEP_sectorial_20250915_162338.xlsx
2025-09-15 16:23:38,581 - Review.reviews.sectorial_review - INFO - Saving HEAC output to: C:\Users\CSonneveld\OneDrive - Euronext\Documents\Projects\GUI + Reviews\output\HEAC_sectorial_20250915_162338.xlsx
2025-09-15 16:23:38,605 - Review.reviews.sectorial_review - INFO - Saving INDU output to: C:\Users\CSonneveld\OneDrive - Euronext\Documents\Projects\GUI + Reviews\output\INDU_sectorial_20250915_162338.xlsx
2025-09-15 16:23:38,641 - Review.reviews.sectorial_review - INFO - Saving CDIS output to: C:\Users\CSonneveld\OneDrive - Euronext\Documents\Projects\GUI + Reviews\output\CDIS_sectorial_20250915_162338.xlsx
2025-09-15 16:23:38,672 - Review.reviews.sectorial_review - INFO - Saving TBMA output to: C:\Users\CSonneveld\OneDrive - Euronext\Documents\Projects\GUI + Reviews\output\TBMA_sectorial_20250915_162338.xlsx
2025-09-15 16:23:38,728 - Review.reviews.sectorial_review - INFO - Saving TCDI output to: C:\Users\CSonneveld\OneDrive - Euronext\Documents\Projects\GUI + Reviews\output\TCDI_sectorial_20250915_162338.xlsx
2025-09-15 16:23:38,773 - Review.reviews.sectorial_review - INFO - Saving TCST output to: C:\Users\CSonneveld\OneDrive - Euronext\Documents\Projects\GUI + Reviews\output\TCST_sectorial_20250915_162338.xlsx
2025-09-15 16:23:38,788 - werkzeug - INFO - 127.0.0.1 - - [15/Sep/2025 16:23:38] "GET /task-status/d4924a98-1a73-4445-aa65-5112d4aa9161 HTTP/1.1" 200 -
2025-09-15 16:23:38,807 - Review.reviews.sectorial_review - INFO - Saving TENR output to: C:\Users\CSonneveld\OneDrive - Euronext\Documents\Projects\GUI + Reviews\output\TENR_sectorial_20250915_162338.xlsx
2025-09-15 16:23:38,836 - Review.reviews.sectorial_review - INFO - Saving TFINP output to: C:\Users\CSonneveld\OneDrive - Euronext\Documents\Projects\GUI + Reviews\output\TFINP_sectorial_20250915_162338.xlsx
2025-09-15 16:23:38,890 - Review.reviews.sectorial_review - INFO - Saving THEC output to: C:\Users\CSonneveld\OneDrive - Euronext\Documents\Projects\GUI + Reviews\output\THEC_sectorial_20250915_162338.xlsx
2025-09-15 16:23:38,929 - Review.reviews.sectorial_review - INFO - Saving TIND output to: C:\Users\CSonneveld\OneDrive - Euronext\Documents\Projects\GUI + Reviews\output\TIND_sectorial_20250915_162338.xlsx
2025-09-15 16:23:38,992 - Review.reviews.sectorial_review - INFO - Saving TTEC output to: C:\Users\CSonneveld\OneDrive - Euronext\Documents\Projects\GUI + Reviews\output\TTEC_sectorial_20250915_162338.xlsx
2025-09-15 16:23:39,041 - Review.reviews.sectorial_review - INFO - Saving TTEL output to: C:\Users\CSonneveld\OneDrive - Euronext\Documents\Projects\GUI + Reviews\output\TTEL_sectorial_20250915_162338.xlsx
2025-09-15 16:23:39,081 - Review.reviews.sectorial_review - INFO - Saving TUTI output to: C:\Users\CSonneveld\OneDrive - Euronext\Documents\Projects\GUI + Reviews\output\TUTI_sectorial_20250915_162338.xlsx
2025-09-15 16:23:39,128 - Review.reviews.sectorial_review - INFO - Saving UUTI output to: C:\Users\CSonneveld\OneDrive - Euronext\Documents\Projects\GUI + Reviews\output\UUTI_sectorial_20250915_162338.xlsx
2025-09-15 16:23:39,153 - Review.reviews.sectorial_review - INFO - Saving UTEL output to: C:\Users\CSonneveld\OneDrive - Euronext\Documents\Projects\GUI + Reviews\output\UTEL_sectorial_20250915_162338.xlsx
2025-09-15 16:23:39,174 - Review.reviews.sectorial_review - INFO - Saving UTEC output to: C:\Users\CSonneveld\OneDrive - Euronext\Documents\Projects\GUI + Reviews\output\UTEC_sectorial_20250915_162338.xlsx
2025-09-15 16:23:39,215 - Review.reviews.sectorial_review - INFO - Saving UIND output to: C:\Users\CSonneveld\OneDrive - Euronext\Documents\Projects\GUI + Reviews\output\UIND_sectorial_20250915_162338.xlsx
2025-09-15 16:23:39,252 - Review.reviews.sectorial_review - INFO - Saving UHEC output to: C:\Users\CSonneveld\OneDrive - Euronext\Documents\Projects\GUI + Reviews\output\UHEC_sectorial_20250915_162338.xlsx
2025-09-15 16:23:39,284 - Review.reviews.sectorial_review - INFO - Saving UFIN output to: C:\Users\CSonneveld\OneDrive - Euronext\Documents\Projects\GUI + Reviews\output\UFIN_sectorial_20250915_162338.xlsx
2025-09-15 16:23:39,326 - Review.reviews.sectorial_review - INFO - Saving UENR output to: C:\Users\CSonneveld\OneDrive - Euronext\Documents\Projects\GUI + Reviews\output\UENR_sectorial_20250915_162338.xlsx
2025-09-15 16:23:39,349 - Review.reviews.sectorial_review - INFO - Saving UCST output to: C:\Users\CSonneveld\OneDrive - Euronext\Documents\Projects\GUI + Reviews\output\UCST_sectorial_20250915_162338.xlsx
2025-09-15 16:23:39,372 - Review.reviews.sectorial_review - INFO - Saving UCDI output to: C:\Users\CSonneveld\OneDrive - Euronext\Documents\Projects\GUI + Reviews\output\UCDI_sectorial_20250915_162338.xlsx
2025-09-15 16:23:39,415 - Review.reviews.sectorial_review - INFO - Saving UBMA output to: C:\Users\CSonneveld\OneDrive - Euronext\Documents\Projects\GUI + Reviews\output\UBMA_sectorial_20250915_162338.xlsx
2025-09-15 16:23:39,443 - Review.reviews.sectorial_review - INFO - Creating summary file: C:\Users\CSonneveld\OneDrive - Euronext\Documents\Projects\GUI + Reviews\output\All_Sectorial_Summary_20250915_162338.xlsx
2025-09-15 16:23:39,612 - Review.reviews.gsfbp_review - INFO - Loading EOD data...
2025-09-15 16:23:40,510 - Review.reviews.gsfbp_review - INFO - Loading reference data...
2025-09-15 16:23:40,808 - werkzeug - INFO - 127.0.0.1 - - [15/Sep/2025 16:23:40] "GET /task-status/d4924a98-1a73-4445-aa65-5112d4aa9161 HTTP/1.1" 200 -
2025-09-15 16:23:41,209 - Review.reviews.gsfbp_review - INFO - Saving GSFBP output to: C:\Users\CSonneveld\OneDrive - Euronext\Documents\Projects\GUI + Reviews\output\GSFBP_df_20250915_162341.xlsx
2025-09-15 16:23:41,237 - Review.reviews.gicp_review - INFO - Loading EOD data...
2025-09-15 16:23:42,022 - Review.reviews.gicp_review - INFO - Loading reference data...
2025-09-15 16:23:42,783 - werkzeug - INFO - 127.0.0.1 - - [15/Sep/2025 16:23:42] "GET /task-status/d4924a98-1a73-4445-aa65-5112d4aa9161 HTTP/1.1" 200 -
2025-09-15 16:23:44,792 - werkzeug - INFO - 127.0.0.1 - - [15/Sep/2025 16:23:44] "GET /task-status/d4924a98-1a73-4445-aa65-5112d4aa9161 HTTP/1.1" 200 -
2025-09-15 16:23:46,799 - werkzeug - INFO - 127.0.0.1 - - [15/Sep/2025 16:23:46] "GET /task-status/d4924a98-1a73-4445-aa65-5112d4aa9161 HTTP/1.1" 200 -
2025-09-15 16:23:48,809 - werkzeug - INFO - 127.0.0.1 - - [15/Sep/2025 16:23:48] "GET /task-status/d4924a98-1a73-4445-aa65-5112d4aa9161 HTTP/1.1" 200 -
2025-09-15 16:23:49,760 - Review.reviews.gicp_review - INFO - Processing market data...
2025-09-15 16:23:49,814 - Review.reviews.gicp_review - INFO - Selected 15 companies from Group 1 (EZ300)
2025-09-15 16:23:49,814 - Review.reviews.gicp_review - INFO - Selected 15 companies from Group 2 (NA500)
2025-09-15 16:23:49,814 - Review.reviews.gicp_review - INFO - Total selected: 30 companies
2025-09-15 16:23:49,891 - Review.reviews.gicp_review - INFO - Group 1 (EZ300) weight: 60.0000% (target: 60.00%)
2025-09-15 16:23:49,891 - Review.reviews.gicp_review - INFO - Group 2 (NA500) weight: 40.0000% (target: 40.00%)
2025-09-15 16:23:49,893 - Review.reviews.gicp_review - INFO - 
Final Weight Verification:
2025-09-15 16:23:49,894 - Review.reviews.gicp_review - INFO - Group 1 (EZ300) final weight: 60.0000%
2025-09-15 16:23:49,894 - Review.reviews.gicp_review - INFO - Group 2 (NA500) final weight: 40.0000%
2025-09-15 16:23:49,894 - Review.reviews.gicp_review - INFO - Maximum constituent weight: 8.5557%
2025-09-15 16:23:49,898 - Review.reviews.gicp_review - INFO - Saving GICP output to: C:\Users\CSonneveld\OneDrive - Euronext\Documents\Projects\GUI + Reviews\output\GICP_df_20250915_162349.xlsx
2025-09-15 16:23:50,109 - Review.reviews.frn4p_review - INFO - Loading EOD data...
2025-09-15 16:23:50,793 - werkzeug - INFO - 127.0.0.1 - - [15/Sep/2025 16:23:50] "GET /task-status/d4924a98-1a73-4445-aa65-5112d4aa9161 HTTP/1.1" 200 -
2025-09-15 16:23:50,980 - Review.reviews.frn4p_review - INFO - Loading reference data...
2025-09-15 16:23:52,170 - Review.reviews.frn4p_review - ERROR - Error during review calculation: 'NoneType' object does not support item assignment
2025-09-15 16:23:52,170 - werkzeug - INFO -  * Detected change in 'C:\\Users\\CSonneveld\\OneDrive - Euronext\\Documents\\Projects\\GUI + Reviews\\Review\\reviews\\frn4p_review.py', reloading
2025-09-15 16:23:52,170 - Review.reviews.frn4p_review - ERROR - Traceback (most recent call last):
  File "C:\Users\CSonneveld\OneDrive - Euronext\Documents\Projects\GUI + Reviews\Review\reviews\frn4p_review.py", line 37, in run_frn4p_review
    selection_df['Capping'] = 1
    ~~~~~~~~~~~~^^^^^^^^^^^
TypeError: 'NoneType' object does not support item assignment

2025-09-15 16:23:52,180 - Review.reviews.fri4p_review - INFO - Loading EOD data...
2025-09-15 16:23:52,793 - werkzeug - INFO - 127.0.0.1 - - [15/Sep/2025 16:23:52] "GET /task-status/d4924a98-1a73-4445-aa65-5112d4aa9161 HTTP/1.1" 200 -
2025-09-15 16:23:52,908 - Review.reviews.fri4p_review - INFO - Loading reference data...
