2025-09-08 14:01:22,261 - werkzeug - WARNING -  * Debugger is active!
2025-09-08 14:01:22,261 - werkzeug - INFO -  * Debugger PIN: 691-175-853
2025-09-08 14:01:27,496 - Review.reviews.frd4p_review - INFO - Loading EOD data...
2025-09-08 14:01:31,267 - Review.reviews.frd4p_review - INFO - Loading reference data...
2025-09-08 14:01:40,144 - Review.reviews.frd4p_review - INFO - Processing sector: 1010.0, area: AS, group size: 45
2025-09-08 14:01:40,149 - Review.reviews.frd4p_review - INFO - Companies in group: 45, to exclude: 8
2025-09-08 14:01:40,149 - Review.reviews.frd4p_review - INFO - Processing sector: 1010.0, area: EU, group size: 27
2025-09-08 14:01:40,149 - Review.reviews.frd4p_review - INFO - Companies in group: 27, to exclude: 5
2025-09-08 14:01:40,149 - Review.reviews.frd4p_review - INFO - Processing sector: 1010.0, area: NA, group size: 83
2025-09-08 14:01:40,149 - Review.reviews.frd4p_review - INFO - Companies in group: 83, to exclude: 16
2025-09-08 14:01:40,149 - Review.reviews.frd4p_review - INFO - Processing sector: 1510.0, area: AS, group size: 12
2025-09-08 14:01:40,158 - Review.reviews.frd4p_review - INFO - Companies in group: 12, to exclude: 2
2025-09-08 14:01:40,159 - Review.reviews.frd4p_review - INFO - Processing sector: 1510.0, area: EU, group size: 18
2025-09-08 14:01:40,159 - Review.reviews.frd4p_review - INFO - Companies in group: 18, to exclude: 3
2025-09-08 14:01:40,159 - Review.reviews.frd4p_review - INFO - Processing sector: 1510.0, area: NA, group size: 10
2025-09-08 14:01:40,160 - Review.reviews.frd4p_review - INFO - Companies in group: 10, to exclude: 1
2025-09-08 14:01:40,160 - Review.reviews.frd4p_review - INFO - Processing sector: 2010.0, area: AS, group size: 29
2025-09-08 14:01:40,160 - Review.reviews.frd4p_review - INFO - Companies in group: 29, to exclude: 5
2025-09-08 14:01:40,160 - Review.reviews.frd4p_review - INFO - Processing sector: 2010.0, area: EU, group size: 46
2025-09-08 14:01:40,162 - Review.reviews.frd4p_review - INFO - Companies in group: 46, to exclude: 9
2025-09-08 14:01:40,162 - Review.reviews.frd4p_review - INFO - Processing sector: 2010.0, area: NA, group size: 44
2025-09-08 14:01:40,162 - Review.reviews.frd4p_review - INFO - Companies in group: 44, to exclude: 8
2025-09-08 14:01:40,163 - Review.reviews.frd4p_review - INFO - Processing sector: 3010.0, area: AS, group size: 29
2025-09-08 14:01:40,163 - Review.reviews.frd4p_review - INFO - Companies in group: 29, to exclude: 5
2025-09-08 14:01:40,163 - Review.reviews.frd4p_review - INFO - Processing sector: 3010.0, area: EU, group size: 46
2025-09-08 14:01:40,163 - Review.reviews.frd4p_review - INFO - Companies in group: 46, to exclude: 9
2025-09-08 14:01:40,163 - Review.reviews.frd4p_review - INFO - Processing sector: 3010.0, area: NA, group size: 20
2025-09-08 14:01:40,163 - Review.reviews.frd4p_review - INFO - Companies in group: 20, to exclude: 3
2025-09-08 14:01:40,163 - Review.reviews.frd4p_review - INFO - Processing sector: 3020.0, area: AS, group size: 15
2025-09-08 14:01:40,163 - Review.reviews.frd4p_review - INFO - Companies in group: 15, to exclude: 2
2025-09-08 14:01:40,163 - Review.reviews.frd4p_review - INFO - Processing sector: 3020.0, area: EU, group size: 35
2025-09-08 14:01:40,163 - Review.reviews.frd4p_review - INFO - Companies in group: 35, to exclude: 6
2025-09-08 14:01:40,163 - Review.reviews.frd4p_review - INFO - Processing sector: 3020.0, area: NA, group size: 32
2025-09-08 14:01:40,163 - Review.reviews.frd4p_review - INFO - Companies in group: 32, to exclude: 6
2025-09-08 14:01:40,163 - Review.reviews.frd4p_review - INFO - Processing sector: 3030.0, area: AS, group size: 15
2025-09-08 14:01:40,163 - Review.reviews.frd4p_review - INFO - Companies in group: 15, to exclude: 2
2025-09-08 14:01:40,163 - Review.reviews.frd4p_review - INFO - Processing sector: 3030.0, area: EU, group size: 31
2025-09-08 14:01:40,163 - Review.reviews.frd4p_review - INFO - Companies in group: 31, to exclude: 6
2025-09-08 14:01:40,163 - Review.reviews.frd4p_review - INFO - Processing sector: 3030.0, area: NA, group size: 23
2025-09-08 14:01:40,163 - Review.reviews.frd4p_review - INFO - Companies in group: 23, to exclude: 4
2025-09-08 14:01:40,163 - Review.reviews.frd4p_review - INFO - Processing sector: 3510.0, area: AS, group size: 49
2025-09-08 14:01:40,163 - Review.reviews.frd4p_review - INFO - Companies in group: 49, to exclude: 9
2025-09-08 14:01:40,163 - Review.reviews.frd4p_review - INFO - Processing sector: 3510.0, area: EU, group size: 25
2025-09-08 14:01:40,163 - Review.reviews.frd4p_review - INFO - Companies in group: 25, to exclude: 4
2025-09-08 14:01:40,163 - Review.reviews.frd4p_review - INFO - Processing sector: 3510.0, area: NA, group size: 22
2025-09-08 14:01:40,163 - Review.reviews.frd4p_review - INFO - Companies in group: 22, to exclude: 4
2025-09-08 14:01:40,163 - Review.reviews.frd4p_review - INFO - Processing sector: 4010.0, area: AS, group size: 16
2025-09-08 14:01:40,169 - Review.reviews.frd4p_review - INFO - Companies in group: 16, to exclude: 3
2025-09-08 14:01:40,169 - Review.reviews.frd4p_review - INFO - Processing sector: 4010.0, area: EU, group size: 13
2025-09-08 14:01:40,169 - Review.reviews.frd4p_review - INFO - Companies in group: 13, to exclude: 2
2025-09-08 14:01:40,169 - Review.reviews.frd4p_review - INFO - Processing sector: 4010.0, area: NA, group size: 4
2025-09-08 14:01:40,169 - Review.reviews.frd4p_review - INFO - Companies in group: 4, to exclude: 0
2025-09-08 14:01:40,169 - Review.reviews.frd4p_review - WARNING - No companies to exclude for sector 4010.0 and area NA
2025-09-08 14:01:40,170 - Review.reviews.frd4p_review - INFO - Processing sector: 4020.0, area: AS, group size: 26
2025-09-08 14:01:40,170 - Review.reviews.frd4p_review - INFO - Companies in group: 26, to exclude: 5
2025-09-08 14:01:40,170 - Review.reviews.frd4p_review - INFO - Processing sector: 4020.0, area: EU, group size: 23
2025-09-08 14:01:40,170 - Review.reviews.frd4p_review - INFO - Companies in group: 23, to exclude: 4
2025-09-08 14:01:40,170 - Review.reviews.frd4p_review - INFO - Processing sector: 4020.0, area: NA, group size: 17
2025-09-08 14:01:40,171 - Review.reviews.frd4p_review - INFO - Companies in group: 17, to exclude: 3
2025-09-08 14:01:40,171 - Review.reviews.frd4p_review - INFO - Processing sector: 4030.0, area: AS, group size: 7
2025-09-08 14:01:40,171 - Review.reviews.frd4p_review - INFO - Companies in group: 7, to exclude: 1
2025-09-08 14:01:40,171 - Review.reviews.frd4p_review - INFO - Processing sector: 4030.0, area: EU, group size: 10
2025-09-08 14:01:40,172 - Review.reviews.frd4p_review - INFO - Companies in group: 10, to exclude: 1
2025-09-08 14:01:40,172 - Review.reviews.frd4p_review - INFO - Processing sector: 4030.0, area: NA, group size: 6
2025-09-08 14:01:40,172 - Review.reviews.frd4p_review - INFO - Companies in group: 6, to exclude: 1
2025-09-08 14:01:40,172 - Review.reviews.frd4p_review - INFO - Processing sector: 4040.0, area: AS, group size: 13
2025-09-08 14:01:40,173 - Review.reviews.frd4p_review - INFO - Companies in group: 13, to exclude: 2
2025-09-08 14:01:40,173 - Review.reviews.frd4p_review - INFO - Processing sector: 4040.0, area: EU, group size: 10
2025-09-08 14:01:40,173 - Review.reviews.frd4p_review - INFO - Companies in group: 10, to exclude: 1
2025-09-08 14:01:40,173 - Review.reviews.frd4p_review - INFO - Processing sector: 4040.0, area: NA, group size: 19
2025-09-08 14:01:40,173 - Review.reviews.frd4p_review - INFO - Companies in group: 19, to exclude: 3
2025-09-08 14:01:40,173 - Review.reviews.frd4p_review - INFO - Processing sector: 4050.0, area: AS, group size: 20
2025-09-08 14:01:40,174 - Review.reviews.frd4p_review - INFO - Companies in group: 20, to exclude: 3
2025-09-08 14:01:40,174 - Review.reviews.frd4p_review - INFO - Processing sector: 4050.0, area: EU, group size: 14
2025-09-08 14:01:40,174 - Review.reviews.frd4p_review - INFO - Companies in group: 14, to exclude: 2
2025-09-08 14:01:40,174 - Review.reviews.frd4p_review - INFO - Processing sector: 4050.0, area: NA, group size: 18
2025-09-08 14:01:40,174 - Review.reviews.frd4p_review - INFO - Companies in group: 18, to exclude: 3
2025-09-08 14:01:40,174 - Review.reviews.frd4p_review - INFO - Processing sector: 4510.0, area: AS, group size: 25
2025-09-08 14:01:40,174 - Review.reviews.frd4p_review - INFO - Companies in group: 25, to exclude: 4
2025-09-08 14:01:40,174 - Review.reviews.frd4p_review - INFO - Processing sector: 4510.0, area: EU, group size: 26
2025-09-08 14:01:40,174 - Review.reviews.frd4p_review - INFO - Companies in group: 26, to exclude: 5
2025-09-08 14:01:40,174 - Review.reviews.frd4p_review - INFO - Processing sector: 4510.0, area: NA, group size: 17
2025-09-08 14:01:40,174 - Review.reviews.frd4p_review - INFO - Companies in group: 17, to exclude: 3
2025-09-08 14:01:40,174 - Review.reviews.frd4p_review - INFO - Processing sector: 4520.0, area: AS, group size: 17
2025-09-08 14:01:40,174 - Review.reviews.frd4p_review - INFO - Companies in group: 17, to exclude: 3
2025-09-08 14:01:40,174 - Review.reviews.frd4p_review - INFO - Processing sector: 4520.0, area: EU, group size: 12
2025-09-08 14:01:40,174 - Review.reviews.frd4p_review - INFO - Companies in group: 12, to exclude: 2
2025-09-08 14:01:40,174 - Review.reviews.frd4p_review - INFO - Processing sector: 4520.0, area: NA, group size: 14
2025-09-08 14:01:40,177 - Review.reviews.frd4p_review - INFO - Companies in group: 14, to exclude: 2
2025-09-08 14:01:40,177 - Review.reviews.frd4p_review - INFO - Processing sector: 5010.0, area: AS, group size: 17
2025-09-08 14:01:40,177 - Review.reviews.frd4p_review - INFO - Companies in group: 17, to exclude: 3
2025-09-08 14:01:40,177 - Review.reviews.frd4p_review - INFO - Processing sector: 5010.0, area: EU, group size: 27
2025-09-08 14:01:40,177 - Review.reviews.frd4p_review - INFO - Companies in group: 27, to exclude: 5
2025-09-08 14:01:40,179 - Review.reviews.frd4p_review - INFO - Processing sector: 5010.0, area: NA, group size: 11
2025-09-08 14:01:40,179 - Review.reviews.frd4p_review - INFO - Companies in group: 11, to exclude: 2
2025-09-08 14:01:40,179 - Review.reviews.frd4p_review - INFO - Processing sector: 5020.0, area: AS, group size: 93
2025-09-08 14:01:40,179 - Review.reviews.frd4p_review - INFO - Companies in group: 93, to exclude: 18
2025-09-08 14:01:40,179 - Review.reviews.frd4p_review - INFO - Processing sector: 5020.0, area: EU, group size: 97
2025-09-08 14:01:40,180 - Review.reviews.frd4p_review - INFO - Companies in group: 97, to exclude: 19
2025-09-08 14:01:40,180 - Review.reviews.frd4p_review - INFO - Processing sector: 5020.0, area: NA, group size: 76
2025-09-08 14:01:40,180 - Review.reviews.frd4p_review - INFO - Companies in group: 76, to exclude: 15
2025-09-08 14:01:40,180 - Review.reviews.frd4p_review - INFO - Processing sector: 5510.0, area: AS, group size: 23
2025-09-08 14:01:40,181 - Review.reviews.frd4p_review - INFO - Companies in group: 23, to exclude: 4
2025-09-08 14:01:40,181 - Review.reviews.frd4p_review - INFO - Processing sector: 5510.0, area: EU, group size: 15
2025-09-08 14:01:40,181 - Review.reviews.frd4p_review - INFO - Companies in group: 15, to exclude: 2
2025-09-08 14:01:40,181 - Review.reviews.frd4p_review - INFO - Processing sector: 5510.0, area: NA, group size: 13
2025-09-08 14:01:40,182 - Review.reviews.frd4p_review - INFO - Companies in group: 13, to exclude: 2
2025-09-08 14:01:40,182 - Review.reviews.frd4p_review - INFO - Processing sector: 5520.0, area: AS, group size: 17
2025-09-08 14:01:40,183 - Review.reviews.frd4p_review - INFO - Companies in group: 17, to exclude: 3
2025-09-08 14:01:40,183 - Review.reviews.frd4p_review - INFO - Processing sector: 5520.0, area: EU, group size: 18
2025-09-08 14:01:40,183 - Review.reviews.frd4p_review - INFO - Companies in group: 18, to exclude: 3
2025-09-08 14:01:40,183 - Review.reviews.frd4p_review - INFO - Processing sector: 5520.0, area: NA, group size: 5
2025-09-08 14:01:40,184 - Review.reviews.frd4p_review - INFO - Companies in group: 5, to exclude: 0
2025-09-08 14:01:40,184 - Review.reviews.frd4p_review - WARNING - No companies to exclude for sector 5520.0 and area NA
2025-09-08 14:01:40,184 - Review.reviews.frd4p_review - INFO - Processing sector: 6010.0, area: AS, group size: 10
2025-09-08 14:01:40,184 - Review.reviews.frd4p_review - INFO - Companies in group: 10, to exclude: 1
2025-09-08 14:01:40,184 - Review.reviews.frd4p_review - INFO - Processing sector: 6010.0, area: EU, group size: 22
2025-09-08 14:01:40,184 - Review.reviews.frd4p_review - INFO - Companies in group: 22, to exclude: 4
2025-09-08 14:01:40,184 - Review.reviews.frd4p_review - INFO - Processing sector: 6010.0, area: NA, group size: 35
2025-09-08 14:01:40,184 - Review.reviews.frd4p_review - INFO - Companies in group: 35, to exclude: 6
2025-09-08 14:01:40,184 - Review.reviews.frd4p_review - INFO - Processing sector: 6510.0, area: AS, group size: 22
2025-09-08 14:01:40,184 - Review.reviews.frd4p_review - INFO - Companies in group: 22, to exclude: 4
2025-09-08 14:01:40,184 - Review.reviews.frd4p_review - INFO - Processing sector: 6510.0, area: EU, group size: 26
2025-09-08 14:01:40,184 - Review.reviews.frd4p_review - INFO - Companies in group: 26, to exclude: 5
2025-09-08 14:01:40,184 - Review.reviews.frd4p_review - INFO - Processing sector: 6510.0, area: NA, group size: 31
2025-09-08 14:01:40,184 - Review.reviews.frd4p_review - INFO - Companies in group: 31, to exclude: 6
2025-09-08 14:01:56,644 - Review.reviews.frd4p_review - INFO - Checking IsinCode FRIX00003031 in index_eod_df
2025-09-08 14:01:56,644 - Review.reviews.frd4p_review - INFO - Found 1 matching rows
2025-09-08 14:01:56,660 - Review.reviews.frd4p_review - ERROR - Error during review calculation: 'ISIN code'
2025-09-08 14:01:56,662 - werkzeug - INFO -  * Detected change in 'C:\\Users\\CSonneveld\\OneDrive - Euronext\\Documents\\Projects\\GUI + Reviews\\utils\\inclusion_exclusion.py', reloading
2025-09-08 14:01:56,665 - werkzeug - INFO -  * Detected change in 'C:\\Users\\CSonneveld\\AppData\\Roaming\\Python\\Python312\\site-packages\\pandas\\core\\frame.py', reloading
2025-09-08 14:01:56,666 - werkzeug - INFO -  * Detected change in 'C:\\Users\\CSonneveld\\AppData\\Roaming\\Python\\Python312\\site-packages\\pandas\\core\\indexes\\base.py', reloading
2025-09-08 14:01:56,668 - Review.reviews.frd4p_review - ERROR - Traceback (most recent call last):
  File "C:\Users\CSonneveld\AppData\Roaming\Python\Python312\site-packages\pandas\core\indexes\base.py", line 3805, in get_loc
    return self._engine.get_loc(casted_key)
           ^^^^^^^^^^^^^^^^^^^^^^^^^^^^^^^^
  File "index.pyx", line 167, in pandas._libs.index.IndexEngine.get_loc
  File "index.pyx", line 196, in pandas._libs.index.IndexEngine.get_loc
  File "pandas\\_libs\\hashtable_class_helper.pxi", line 7081, in pandas._libs.hashtable.PyObjectHashTable.get_item
  File "pandas\\_libs\\hashtable_class_helper.pxi", line 7089, in pandas._libs.hashtable.PyObjectHashTable.get_item
KeyError: 'ISIN code'

The above exception was the direct cause of the following exception:

Traceback (most recent call last):
  File "C:\Users\CSonneveld\OneDrive - Euronext\Documents\Projects\GUI + Reviews\Review\reviews\frd4p_review.py", line 526, in run_frd4p_review
    analysis_results = inclusion_exclusion_analysis(
                       ^^^^^^^^^^^^^^^^^^^^^^^^^^^^^
  File "C:\Users\CSonneveld\OneDrive - Euronext\Documents\Projects\GUI + Reviews\utils\inclusion_exclusion.py", line 23, in inclusion_exclusion_analysis
    selection_df['Inclusion'] = selection_df[isin_column].apply(lambda x: x not in isin_set)
                                ~~~~~~~~~~~~^^^^^^^^^^^^^
  File "C:\Users\CSonneveld\AppData\Roaming\Python\Python312\site-packages\pandas\core\frame.py", line 4102, in __getitem__
    indexer = self.columns.get_loc(key)
              ^^^^^^^^^^^^^^^^^^^^^^^^^
  File "C:\Users\CSonneveld\AppData\Roaming\Python\Python312\site-packages\pandas\core\indexes\base.py", line 3812, in get_loc
    raise KeyError(key) from err
KeyError: 'ISIN code'

2025-09-08 14:01:56,700 - werkzeug - INFO - 127.0.0.1 - - [08/Sep/2025 14:01:56] "POST /calculate HTTP/1.1" 200 -
