2025-09-11 15:51:13,410 - werkzeug - WARNING -  * Debugger is active!
2025-09-11 15:51:13,413 - werkzeug - INFO -  * Debugger PIN: 691-175-853
2025-09-11 15:51:13,439 - werkzeug - INFO - 127.0.0.1 - - [11/Sep/2025 15:51:13] "[33mGET /task-status/b951d89a-899c-455b-9a8c-dfa46f28b112 HTTP/1.1[0m" 404 -
2025-09-11 15:51:14,789 - werkzeug - INFO - 127.0.0.1 - - [11/Sep/2025 15:51:14] "[33mGET /task-status/b951d89a-899c-455b-9a8c-dfa46f28b112 HTTP/1.1[0m" 404 -
2025-09-11 15:51:16,785 - werkzeug - INFO - 127.0.0.1 - - [11/Sep/2025 15:51:16] "[33mGET /task-status/b951d89a-899c-455b-9a8c-dfa46f28b112 HTTP/1.1[0m" 404 -
2025-09-11 15:51:18,787 - werkzeug - INFO - 127.0.0.1 - - [11/Sep/2025 15:51:18] "[33mGET /task-status/b951d89a-899c-455b-9a8c-dfa46f28b112 HTTP/1.1[0m" 404 -
2025-09-11 15:51:20,784 - werkzeug - INFO - 127.0.0.1 - - [11/Sep/2025 15:51:20] "[33mGET /task-status/b951d89a-899c-455b-9a8c-dfa46f28b112 HTTP/1.1[0m" 404 -
2025-09-11 15:51:22,796 - werkzeug - INFO - 127.0.0.1 - - [11/Sep/2025 15:51:22] "[33mGET /task-status/b951d89a-899c-455b-9a8c-dfa46f28b112 HTTP/1.1[0m" 404 -
2025-09-11 15:51:24,787 - werkzeug - INFO - 127.0.0.1 - - [11/Sep/2025 15:51:24] "[33mGET /task-status/b951d89a-899c-455b-9a8c-dfa46f28b112 HTTP/1.1[0m" 404 -
2025-09-11 15:51:26,787 - werkzeug - INFO - 127.0.0.1 - - [11/Sep/2025 15:51:26] "[33mGET /task-status/b951d89a-899c-455b-9a8c-dfa46f28b112 HTTP/1.1[0m" 404 -
2025-09-11 15:51:28,782 - werkzeug - INFO - 127.0.0.1 - - [11/Sep/2025 15:51:28] "[33mGET /task-status/b951d89a-899c-455b-9a8c-dfa46f28b112 HTTP/1.1[0m" 404 -
2025-09-11 15:51:30,786 - werkzeug - INFO - 127.0.0.1 - - [11/Sep/2025 15:51:30] "[33mGET /task-status/b951d89a-899c-455b-9a8c-dfa46f28b112 HTTP/1.1[0m" 404 -
2025-09-11 15:51:32,786 - werkzeug - INFO - 127.0.0.1 - - [11/Sep/2025 15:51:32] "[33mGET /task-status/b951d89a-899c-455b-9a8c-dfa46f28b112 HTTP/1.1[0m" 404 -
2025-09-11 15:51:34,787 - werkzeug - INFO - 127.0.0.1 - - [11/Sep/2025 15:51:34] "[33mGET /task-status/b951d89a-899c-455b-9a8c-dfa46f28b112 HTTP/1.1[0m" 404 -
2025-09-11 15:51:36,793 - werkzeug - INFO - 127.0.0.1 - - [11/Sep/2025 15:51:36] "[33mGET /task-status/b951d89a-899c-455b-9a8c-dfa46f28b112 HTTP/1.1[0m" 404 -
2025-09-11 15:51:38,785 - werkzeug - INFO - 127.0.0.1 - - [11/Sep/2025 15:51:38] "[33mGET /task-status/b951d89a-899c-455b-9a8c-dfa46f28b112 HTTP/1.1[0m" 404 -
2025-09-11 15:51:40,784 - werkzeug - INFO - 127.0.0.1 - - [11/Sep/2025 15:51:40] "[33mGET /task-status/b951d89a-899c-455b-9a8c-dfa46f28b112 HTTP/1.1[0m" 404 -
2025-09-11 15:51:42,786 - werkzeug - INFO - 127.0.0.1 - - [11/Sep/2025 15:51:42] "[33mGET /task-status/b951d89a-899c-455b-9a8c-dfa46f28b112 HTTP/1.1[0m" 404 -
2025-09-11 15:51:44,782 - werkzeug - INFO - 127.0.0.1 - - [11/Sep/2025 15:51:44] "[33mGET /task-status/b951d89a-899c-455b-9a8c-dfa46f28b112 HTTP/1.1[0m" 404 -
2025-09-11 15:51:46,787 - werkzeug - INFO - 127.0.0.1 - - [11/Sep/2025 15:51:46] "[33mGET /task-status/b951d89a-899c-455b-9a8c-dfa46f28b112 HTTP/1.1[0m" 404 -
2025-09-11 15:51:48,783 - werkzeug - INFO - 127.0.0.1 - - [11/Sep/2025 15:51:48] "[33mGET /task-status/b951d89a-899c-455b-9a8c-dfa46f28b112 HTTP/1.1[0m" 404 -
2025-09-11 15:51:50,797 - werkzeug - INFO - 127.0.0.1 - - [11/Sep/2025 15:51:50] "[33mGET /task-status/b951d89a-899c-455b-9a8c-dfa46f28b112 HTTP/1.1[0m" 404 -
2025-09-11 15:51:52,789 - werkzeug - INFO - 127.0.0.1 - - [11/Sep/2025 15:51:52] "[33mGET /task-status/b951d89a-899c-455b-9a8c-dfa46f28b112 HTTP/1.1[0m" 404 -
2025-09-11 15:51:54,784 - werkzeug - INFO - 127.0.0.1 - - [11/Sep/2025 15:51:54] "[33mGET /task-status/b951d89a-899c-455b-9a8c-dfa46f28b112 HTTP/1.1[0m" 404 -
2025-09-11 15:51:56,788 - werkzeug - INFO - 127.0.0.1 - - [11/Sep/2025 15:51:56] "[33mGET /task-status/b951d89a-899c-455b-9a8c-dfa46f28b112 HTTP/1.1[0m" 404 -
2025-09-11 15:51:58,788 - werkzeug - INFO - 127.0.0.1 - - [11/Sep/2025 15:51:58] "[33mGET /task-status/b951d89a-899c-455b-9a8c-dfa46f28b112 HTTP/1.1[0m" 404 -
2025-09-11 15:52:00,790 - werkzeug - INFO - 127.0.0.1 - - [11/Sep/2025 15:52:00] "[33mGET /task-status/b951d89a-899c-455b-9a8c-dfa46f28b112 HTTP/1.1[0m" 404 -
2025-09-11 15:52:02,795 - werkzeug - INFO - 127.0.0.1 - - [11/Sep/2025 15:52:02] "[33mGET /task-status/b951d89a-899c-455b-9a8c-dfa46f28b112 HTTP/1.1[0m" 404 -
2025-09-11 15:52:04,517 - werkzeug - INFO - 127.0.0.1 - - [11/Sep/2025 15:52:04] "GET / HTTP/1.1" 200 -
2025-09-11 15:52:04,556 - werkzeug - INFO - 127.0.0.1 - - [11/Sep/2025 15:52:04] "[36mGET /static/images/Euronext_Logo-RGB_black.png HTTP/1.1[0m" 304 -
2025-09-11 15:52:11,326 - werkzeug - INFO - 127.0.0.1 - - [11/Sep/2025 15:52:11] "POST /calculate HTTP/1.1" 200 -
2025-09-11 15:52:11,326 - Review.reviews.edwp_review - INFO - Starting EDWP review calculation
2025-09-11 15:52:11,331 - werkzeug - INFO - 127.0.0.1 - - [11/Sep/2025 15:52:11] "GET /task-status/581e0202-3684-495c-8ee8-92f2bfa9c63d HTTP/1.1" 200 -
2025-09-11 15:52:13,333 - werkzeug - INFO - 127.0.0.1 - - [11/Sep/2025 15:52:13] "GET /task-status/581e0202-3684-495c-8ee8-92f2bfa9c63d HTTP/1.1" 200 -
2025-09-11 15:52:15,333 - werkzeug - INFO - 127.0.0.1 - - [11/Sep/2025 15:52:15] "GET /task-status/581e0202-3684-495c-8ee8-92f2bfa9c63d HTTP/1.1" 200 -
2025-09-11 15:52:16,479 - Review.reviews.edwp_review - INFO - 
EDWP Selection Summary:
2025-09-11 15:52:16,480 - Review.reviews.edwp_review - INFO - Total companies selected: 1580
2025-09-11 15:52:16,481 - Review.reviews.edwp_review - INFO - Total FFMC covered: 88.84%
2025-09-11 15:52:16,515 - Review.reviews.edwp_review - INFO - 
DEUP Selection Summary:
2025-09-11 15:52:16,515 - Review.reviews.edwp_review - INFO - Total companies selected: 438
2025-09-11 15:52:16,516 - Review.reviews.edwp_review - INFO - Total FFMC covered: 88.56%
2025-09-11 15:52:16,542 - Review.reviews.edwp_review - INFO - 
DEZP Selection Summary:
2025-09-11 15:52:16,543 - Review.reviews.edwp_review - INFO - Total companies selected: 179
2025-09-11 15:52:16,545 - Review.reviews.edwp_review - INFO - Total FFMC covered: 88.01%
2025-09-11 15:52:16,568 - Review.reviews.edwp_review - INFO - 
DAPPR Selection Summary:
2025-09-11 15:52:16,569 - Review.reviews.edwp_review - INFO - Total companies selected: 504
2025-09-11 15:52:16,570 - Review.reviews.edwp_review - INFO - Total FFMC covered: 85.82%
2025-09-11 15:52:16,585 - Review.reviews.edwp_review - INFO - 
DNAP Selection Summary:
2025-09-11 15:52:16,586 - Review.reviews.edwp_review - INFO - Total companies selected: 459
2025-09-11 15:52:16,587 - Review.reviews.edwp_review - INFO - Total FFMC covered: 85.81%
2025-09-11 15:52:16,603 - Review.reviews.edwp_review - INFO - 
DASP Selection Summary:
2025-09-11 15:52:16,604 - Review.reviews.edwp_review - INFO - Total companies selected: 402
2025-09-11 15:52:16,605 - Review.reviews.edwp_review - INFO - Total FFMC covered: 85.55%
2025-09-11 15:52:16,613 - Review.reviews.edwp_review - INFO - 
DPAP Selection Summary:
2025-09-11 15:52:16,614 - Review.reviews.edwp_review - INFO - Total companies selected: 97
2025-09-11 15:52:16,615 - Review.reviews.edwp_review - INFO - Total FFMC covered: 86.08%
2025-09-11 15:52:16,629 - Review.reviews.edwp_review - INFO - 
EUSP Selection Summary:
2025-09-11 15:52:16,630 - Review.reviews.edwp_review - INFO - Total companies selected: 363
2025-09-11 15:52:16,631 - Review.reviews.edwp_review - INFO - Total FFMC covered: 85.03%
2025-09-11 15:52:16,644 - Review.reviews.edwp_review - INFO - 
EJPP Selection Summary:
2025-09-11 15:52:16,645 - Review.reviews.edwp_review - INFO - Total companies selected: 342
2025-09-11 15:52:16,646 - Review.reviews.edwp_review - INFO - Total FFMC covered: 85.01%
2025-09-11 15:52:16,653 - Review.reviews.edwp_review - INFO - 
ECHP Selection Summary:
2025-09-11 15:52:16,654 - Review.reviews.edwp_review - INFO - Total companies selected: 25
2025-09-11 15:52:16,655 - Review.reviews.edwp_review - INFO - Total FFMC covered: 85.01%
2025-09-11 15:52:16,662 - Review.reviews.edwp_review - INFO - 
EUKP Selection Summary:
2025-09-11 15:52:16,663 - Review.reviews.edwp_review - INFO - Total companies selected: 79
2025-09-11 15:52:16,663 - Review.reviews.edwp_review - INFO - Total FFMC covered: 85.17%
2025-09-11 15:52:16,671 - Review.reviews.edwp_review - INFO - 
CANP Selection Summary:
2025-09-11 15:52:16,672 - Review.reviews.edwp_review - INFO - Total companies selected: 74
2025-09-11 15:52:16,673 - Review.reviews.edwp_review - INFO - Total FFMC covered: 85.16%
2025-09-11 15:52:16,683 - Review.reviews.edwp_review - INFO - 
Global Selection Summary:
2025-09-11 15:52:16,684 - Review.reviews.edwp_review - INFO - Total companies selected: 1580
2025-09-11 15:52:16,685 - Review.reviews.edwp_review - INFO - Total FFMC covered: 88.84%
2025-09-11 15:52:16,689 - Review.reviews.edwp_review - INFO - 
MIC-level Summary:
2025-09-11 15:52:16,689 - Review.reviews.edwp_review - INFO -       ISIN          FFMC  EDWP_selection
MIC                                     
ALXP     1  9.883261e+08               0
BATS     1  2.199535e+10               1
DSME     1  1.942100e+07               0
FSME     2  4.560935e+08               0
MERK     2  2.434286e+08               0
MTAA   242  6.616828e+11              25
NEOE     1  4.880961e+07               0
SSME    16  5.302860e+09               0
WBAH    29  7.279940e+10               8
XAMS    81  1.180872e+12              18
XASE     3  7.511585e+09               0
XASX   895  1.497465e+12              77
XBRU    64  2.218685e+11              15
XCSE    98  3.906898e+11              15
XESM     2  1.791636e+09               0
XETR   231  1.834892e+12              32
XHEL   131  2.273515e+11              16
XHKG   266  5.355683e+11              24
XLIS    17  4.001595e+10               5
XLON   832  2.475530e+12              79
XMAD    97  6.461406e+11              13
XMSM    13  5.930509e+10               5
XNCM    34  9.657971e+10               0
XNGM    61  1.481313e+09               0
XNGS  2560  2.783051e+13             180
XNMS    63  1.747475e+11               2
XNYS  1715  2.615317e+13             363
XNZE    54  5.751231e+10              15
XOSL   227  1.836013e+11              40
XPAR   348  1.965679e+12              30
XSES   144  3.156131e+11              26
XSTO   606  7.184752e+11              73
XSWX   158  1.679296e+12              27
XTAE   285  2.310484e+11              75
XTKS  3667  5.319129e+12             342
XTSE   495  2.317030e+12              74
2025-09-11 15:52:16,712 - Review.reviews.edwp_review - INFO - Saving output to: C:\Users\CSonneveld\OneDrive - Euronext\Documents\Projects\GUI + Reviews\output\EDWP_df_20250911_155216.xlsx
2025-09-11 15:52:16,815 - Review.reviews.edwp_review - INFO - 
EDWP Changes Summary:
2025-09-11 15:52:16,815 - Review.reviews.edwp_review - INFO - Inclusions: 97
2025-09-11 15:52:16,816 - Review.reviews.edwp_review - INFO - Exclusions: 57
2025-09-11 15:52:16,840 - Review.reviews.edwp_review - INFO - 
DEUP Changes Summary:
2025-09-11 15:52:16,840 - Review.reviews.edwp_review - INFO - Inclusions: 16
2025-09-11 15:52:16,840 - Review.reviews.edwp_review - INFO - Exclusions: 14
2025-09-11 15:52:16,854 - Review.reviews.edwp_review - INFO - 
DEZP Changes Summary:
2025-09-11 15:52:16,854 - Review.reviews.edwp_review - INFO - Inclusions: 7
2025-09-11 15:52:16,854 - Review.reviews.edwp_review - INFO - Exclusions: 7
2025-09-11 15:52:16,880 - Review.reviews.edwp_review - INFO - 
DAPPR Changes Summary:
2025-09-11 15:52:16,881 - Review.reviews.edwp_review - INFO - Inclusions: 25
2025-09-11 15:52:16,881 - Review.reviews.edwp_review - INFO - Exclusions: 11
2025-09-11 15:52:16,908 - Review.reviews.edwp_review - INFO - 
DNAP Changes Summary:
2025-09-11 15:52:16,908 - Review.reviews.edwp_review - INFO - Inclusions: 25
2025-09-11 15:52:16,908 - Review.reviews.edwp_review - INFO - Exclusions: 17
2025-09-11 15:52:16,930 - Review.reviews.edwp_review - INFO - 
DASP Changes Summary:
2025-09-11 15:52:16,930 - Review.reviews.edwp_review - INFO - Inclusions: 20
2025-09-11 15:52:16,931 - Review.reviews.edwp_review - INFO - Exclusions: 8
2025-09-11 15:52:16,945 - Review.reviews.edwp_review - INFO - 
DPAP Changes Summary:
2025-09-11 15:52:16,946 - Review.reviews.edwp_review - INFO - Inclusions: 6
2025-09-11 15:52:16,946 - Review.reviews.edwp_review - INFO - Exclusions: 2
2025-09-11 15:52:16,970 - Review.reviews.edwp_review - INFO - 
EUSP Changes Summary:
2025-09-11 15:52:16,971 - Review.reviews.edwp_review - INFO - Inclusions: 18
2025-09-11 15:52:16,971 - Review.reviews.edwp_review - INFO - Exclusions: 17
2025-09-11 15:52:16,994 - Review.reviews.edwp_review - INFO - 
EJPP Changes Summary:
2025-09-11 15:52:16,994 - Review.reviews.edwp_review - INFO - Inclusions: 12
2025-09-11 15:52:16,995 - Review.reviews.edwp_review - INFO - Exclusions: 8
2025-09-11 15:52:17,003 - Review.reviews.edwp_review - INFO - 
ECHP Changes Summary:
2025-09-11 15:52:17,004 - Review.reviews.edwp_review - INFO - Inclusions: 2
2025-09-11 15:52:17,004 - Review.reviews.edwp_review - INFO - Exclusions: 3
2025-09-11 15:52:17,070 - Review.reviews.edwp_review - INFO - 
EUKP Changes Summary:
2025-09-11 15:52:17,071 - Review.reviews.edwp_review - INFO - Inclusions: 2
2025-09-11 15:52:17,071 - Review.reviews.edwp_review - INFO - Exclusions: 5
2025-09-11 15:52:17,086 - Review.reviews.edwp_review - INFO - 
CANP Changes Summary:
2025-09-11 15:52:17,087 - Review.reviews.edwp_review - INFO - Inclusions: 5
2025-09-11 15:52:17,087 - Review.reviews.edwp_review - INFO - Exclusions: 1
2025-09-11 15:52:17,402 - werkzeug - INFO - 127.0.0.1 - - [11/Sep/2025 15:52:17] "GET /task-status/581e0202-3684-495c-8ee8-92f2bfa9c63d HTTP/1.1" 200 -
2025-09-11 15:52:19,384 - werkzeug - INFO - 127.0.0.1 - - [11/Sep/2025 15:52:19] "GET /task-status/581e0202-3684-495c-8ee8-92f2bfa9c63d HTTP/1.1" 200 -
2025-09-11 15:52:21,346 - werkzeug - INFO - 127.0.0.1 - - [11/Sep/2025 15:52:21] "GET /task-status/581e0202-3684-495c-8ee8-92f2bfa9c63d HTTP/1.1" 200 -
2025-09-11 15:52:21,488 - Review.reviews.edwp_review - INFO - Saving individual composition file for EDWP to: C:\Users\CSonneveld\OneDrive - Euronext\Documents\Projects\GUI + Reviews\output\EDWP_Composition_20250911_155216.xlsx
2025-09-11 15:52:21,629 - Review.reviews.edwp_review - INFO - Saving individual composition file for DEUP to: C:\Users\CSonneveld\OneDrive - Euronext\Documents\Projects\GUI + Reviews\output\DEUP_Composition_20250911_155216.xlsx
2025-09-11 15:52:21,668 - Review.reviews.edwp_review - INFO - Saving individual composition file for DEZP to: C:\Users\CSonneveld\OneDrive - Euronext\Documents\Projects\GUI + Reviews\output\DEZP_Composition_20250911_155216.xlsx
2025-09-11 15:52:21,699 - Review.reviews.edwp_review - INFO - Saving individual composition file for DAPPR to: C:\Users\CSonneveld\OneDrive - Euronext\Documents\Projects\GUI + Reviews\output\DAPPR_Composition_20250911_155216.xlsx
2025-09-11 15:52:21,758 - Review.reviews.edwp_review - INFO - Saving individual composition file for DNAP to: C:\Users\CSonneveld\OneDrive - Euronext\Documents\Projects\GUI + Reviews\output\DNAP_Composition_20250911_155216.xlsx
2025-09-11 15:52:21,800 - Review.reviews.edwp_review - INFO - Saving individual composition file for DASP to: C:\Users\CSonneveld\OneDrive - Euronext\Documents\Projects\GUI + Reviews\output\DASP_Composition_20250911_155216.xlsx
2025-09-11 15:52:21,850 - Review.reviews.edwp_review - INFO - Saving individual composition file for DPAP to: C:\Users\CSonneveld\OneDrive - Euronext\Documents\Projects\GUI + Reviews\output\DPAP_Composition_20250911_155216.xlsx
2025-09-11 15:52:21,874 - Review.reviews.edwp_review - INFO - Saving individual composition file for EUSP to: C:\Users\CSonneveld\OneDrive - Euronext\Documents\Projects\GUI + Reviews\output\EUSP_Composition_20250911_155216.xlsx
2025-09-11 15:52:21,912 - Review.reviews.edwp_review - INFO - Saving individual composition file for EJPP to: C:\Users\CSonneveld\OneDrive - Euronext\Documents\Projects\GUI + Reviews\output\EJPP_Composition_20250911_155216.xlsx
2025-09-11 15:52:21,951 - Review.reviews.edwp_review - INFO - Saving individual composition file for ECHP to: C:\Users\CSonneveld\OneDrive - Euronext\Documents\Projects\GUI + Reviews\output\ECHP_Composition_20250911_155216.xlsx
2025-09-11 15:52:21,972 - Review.reviews.edwp_review - INFO - Saving individual composition file for EUKP to: C:\Users\CSonneveld\OneDrive - Euronext\Documents\Projects\GUI + Reviews\output\EUKP_Composition_20250911_155216.xlsx
2025-09-11 15:52:22,005 - Review.reviews.edwp_review - INFO - Saving individual composition file for CANP to: C:\Users\CSonneveld\OneDrive - Euronext\Documents\Projects\GUI + Reviews\output\CANP_Composition_20250911_155216.xlsx
2025-09-11 15:52:22,030 - Review.reviews.edwp_review - INFO - Individual composition files saved: 12
2025-09-11 15:52:23,335 - werkzeug - INFO - 127.0.0.1 - - [11/Sep/2025 15:52:23] "GET /task-status/581e0202-3684-495c-8ee8-92f2bfa9c63d HTTP/1.1" 200 -
2025-09-11 15:52:26,551 - werkzeug - INFO - 127.0.0.1 - - [11/Sep/2025 15:52:26] "POST /calculate HTTP/1.1" 200 -
2025-09-11 15:52:26,551 - Review.reviews.edwpt_review - INFO - Starting EDWPT review calculation
2025-09-11 15:52:26,559 - werkzeug - INFO - 127.0.0.1 - - [11/Sep/2025 15:52:26] "GET /task-status/802fa8ae-c990-402f-a1eb-74b15d5e02df HTTP/1.1" 200 -
2025-09-11 15:52:28,562 - werkzeug - INFO - 127.0.0.1 - - [11/Sep/2025 15:52:28] "GET /task-status/802fa8ae-c990-402f-a1eb-74b15d5e02df HTTP/1.1" 200 -
2025-09-11 15:52:29,380 - Review.reviews.edwpt_review - INFO - 
EDWPT Selection Summary:
2025-09-11 15:52:29,382 - Review.reviews.edwpt_review - INFO - Total companies selected: 5401
2025-09-11 15:52:29,384 - Review.reviews.edwpt_review - INFO - Total FFMC covered: 98.84%
2025-09-11 15:52:29,422 - Review.reviews.edwpt_review - INFO - 
DEUPT Selection Summary:
2025-09-11 15:52:29,423 - Review.reviews.edwpt_review - INFO - Total companies selected: 1297
2025-09-11 15:52:29,425 - Review.reviews.edwpt_review - INFO - Total FFMC covered: 98.66%
2025-09-11 15:52:29,452 - Review.reviews.edwpt_review - INFO - 
DEZPT Selection Summary:
2025-09-11 15:52:29,454 - Review.reviews.edwpt_review - INFO - Total companies selected: 503
2025-09-11 15:52:29,455 - Review.reviews.edwpt_review - INFO - Total FFMC covered: 98.47%
2025-09-11 15:52:29,482 - Review.reviews.edwpt_review - INFO - 
DAPPT Selection Summary:
2025-09-11 15:52:29,484 - Review.reviews.edwpt_review - INFO - Total companies selected: 1940
2025-09-11 15:52:29,486 - Review.reviews.edwpt_review - INFO - Total FFMC covered: 98.11%
2025-09-11 15:52:29,507 - Review.reviews.edwpt_review - INFO - 
DNAPT Selection Summary:
2025-09-11 15:52:29,508 - Review.reviews.edwpt_review - INFO - Total companies selected: 1694
2025-09-11 15:52:29,509 - Review.reviews.edwpt_review - INFO - Total FFMC covered: 98.17%
2025-09-11 15:52:29,528 - Review.reviews.edwpt_review - INFO - 
DASPT Selection Summary:
2025-09-11 15:52:29,530 - Review.reviews.edwpt_review - INFO - Total companies selected: 1598
2025-09-11 15:52:29,531 - Review.reviews.edwpt_review - INFO - Total FFMC covered: 98.09%
2025-09-11 15:52:29,542 - Review.reviews.edwpt_review - INFO - 
DPAPT Selection Summary:
2025-09-11 15:52:29,543 - Review.reviews.edwpt_review - INFO - Total companies selected: 332
2025-09-11 15:52:29,544 - Review.reviews.edwpt_review - INFO - Total FFMC covered: 98.07%
2025-09-11 15:52:29,559 - Review.reviews.edwpt_review - INFO - 
EUSPT Selection Summary:
2025-09-11 15:52:29,561 - Review.reviews.edwpt_review - INFO - Total companies selected: 1418
2025-09-11 15:52:29,562 - Review.reviews.edwpt_review - INFO - Total FFMC covered: 98.00%
2025-09-11 15:52:29,575 - Review.reviews.edwpt_review - INFO - 
EJPPT Selection Summary:
2025-09-11 15:52:29,576 - Review.reviews.edwpt_review - INFO - Total companies selected: 1413
2025-09-11 15:52:29,578 - Review.reviews.edwpt_review - INFO - Total FFMC covered: 98.00%
2025-09-11 15:52:29,586 - Review.reviews.edwpt_review - INFO - 
ECHPT Selection Summary:
2025-09-11 15:52:29,588 - Review.reviews.edwpt_review - INFO - Total companies selected: 79
2025-09-11 15:52:29,590 - Review.reviews.edwpt_review - INFO - Total FFMC covered: 98.06%
2025-09-11 15:52:29,597 - Review.reviews.edwpt_review - INFO - 
EUKPT Selection Summary:
2025-09-11 15:52:29,598 - Review.reviews.edwpt_review - INFO - Total companies selected: 279
2025-09-11 15:52:29,599 - Review.reviews.edwpt_review - INFO - Total FFMC covered: 98.01%
2025-09-11 15:52:29,609 - Review.reviews.edwpt_review - INFO - 
CANPT Selection Summary:
2025-09-11 15:52:29,611 - Review.reviews.edwpt_review - INFO - Total companies selected: 225
2025-09-11 15:52:29,613 - Review.reviews.edwpt_review - INFO - Total FFMC covered: 98.02%
2025-09-11 15:52:29,627 - Review.reviews.edwpt_review - INFO - 
Global Selection Summary:
2025-09-11 15:52:29,628 - Review.reviews.edwpt_review - INFO - Total companies selected: 5401
2025-09-11 15:52:29,632 - Review.reviews.edwpt_review - INFO - Total FFMC covered: 98.84%
2025-09-11 15:52:29,634 - Review.reviews.edwpt_review - INFO - 
MIC-level Summary:
2025-09-11 15:52:29,635 - Review.reviews.edwpt_review - INFO -       ISIN          FFMC  EDWPT_selection
MIC                                      
ALXP     1  9.883261e+08                1
BATS     1  2.199535e+10                1
DSME     1  1.942100e+07                0
FSME     2  4.560935e+08                2
MERK     2  2.434286e+08                2
MTAA   242  6.616828e+11               81
NEOE     1  4.880961e+07                0
SSME    16  5.302860e+09               14
WBAH    29  7.279940e+10               19
XAMS    81  1.180872e+12               47
XASE     3  7.511585e+09                3
XASX   895  1.497465e+12              292
XBRU    64  2.218685e+11               35
XCSE    98  3.906898e+11               36
XESM     2  1.791636e+09                2
XETR   231  1.834892e+12              102
XHEL   131  2.273515e+11               49
XHKG   266  5.355683e+11               85
XLIS    17  4.001595e+10               12
XLON   832  2.475530e+12              279
XMAD    97  6.461406e+11               43
XMSM    13  5.930509e+10               10
XNCM    34  9.657971e+10               30
XNGM    61  1.481313e+09                4
XNGS  2560  2.783051e+13              672
XNMS    63  1.747475e+11               60
XNYS  1715  2.615317e+13             1093
XNZE    54  5.751231e+10               36
XOSL   227  1.836013e+11              112
XPAR   348  1.965679e+12               94
XSES   144  3.156131e+11               75
XSTO   606  7.184752e+11              209
XSWX   158  1.679296e+12               93
XTAE   285  2.310484e+11              170
XTKS  3667  5.319129e+12             1413
XTSE   495  2.317030e+12              225
2025-09-11 15:52:29,669 - Review.reviews.edwpt_review - INFO - Saving main output to: C:\Users\CSonneveld\OneDrive - Euronext\Documents\Projects\GUI + Reviews\output\EDWPT_df_20250911_155229.xlsx
2025-09-11 15:52:29,918 - Review.reviews.edwpt_review - INFO - 
EDWPT Changes Summary:
2025-09-11 15:52:29,919 - Review.reviews.edwpt_review - INFO - Inclusions: 268
2025-09-11 15:52:29,919 - Review.reviews.edwpt_review - INFO - Exclusions: 122
2025-09-11 15:52:29,976 - Review.reviews.edwpt_review - INFO - 
DEUPT Changes Summary:
2025-09-11 15:52:29,977 - Review.reviews.edwpt_review - INFO - Inclusions: 58
2025-09-11 15:52:29,977 - Review.reviews.edwpt_review - INFO - Exclusions: 38
2025-09-11 15:52:30,002 - Review.reviews.edwpt_review - INFO - 
DEZPT Changes Summary:
2025-09-11 15:52:30,002 - Review.reviews.edwpt_review - INFO - Inclusions: 22
2025-09-11 15:52:30,002 - Review.reviews.edwpt_review - INFO - Exclusions: 15
2025-09-11 15:52:30,079 - Review.reviews.edwpt_review - INFO - 
DAPPT Changes Summary:
2025-09-11 15:52:30,080 - Review.reviews.edwpt_review - INFO - Inclusions: 89
2025-09-11 15:52:30,080 - Review.reviews.edwpt_review - INFO - Exclusions: 41
2025-09-11 15:52:30,150 - Review.reviews.edwpt_review - INFO - 
DNAPT Changes Summary:
2025-09-11 15:52:30,150 - Review.reviews.edwpt_review - INFO - Inclusions: 89
2025-09-11 15:52:30,150 - Review.reviews.edwpt_review - INFO - Exclusions: 32
2025-09-11 15:52:30,215 - Review.reviews.edwpt_review - INFO - 
DASPT Changes Summary:
2025-09-11 15:52:30,215 - Review.reviews.edwpt_review - INFO - Inclusions: 74
2025-09-11 15:52:30,216 - Review.reviews.edwpt_review - INFO - Exclusions: 28
2025-09-11 15:52:30,236 - Review.reviews.edwpt_review - INFO - 
DPAPT Changes Summary:
2025-09-11 15:52:30,237 - Review.reviews.edwpt_review - INFO - Inclusions: 27
2025-09-11 15:52:30,237 - Review.reviews.edwpt_review - INFO - Exclusions: 9
2025-09-11 15:52:30,296 - Review.reviews.edwpt_review - INFO - 
EUSPT Changes Summary:
2025-09-11 15:52:30,297 - Review.reviews.edwpt_review - INFO - Inclusions: 75
2025-09-11 15:52:30,297 - Review.reviews.edwpt_review - INFO - Exclusions: 38
2025-09-11 15:52:30,415 - Review.reviews.edwpt_review - INFO - 
EJPPT Changes Summary:
2025-09-11 15:52:30,415 - Review.reviews.edwpt_review - INFO - Inclusions: 46
2025-09-11 15:52:30,415 - Review.reviews.edwpt_review - INFO - Exclusions: 27
2025-09-11 15:52:30,425 - Review.reviews.edwpt_review - INFO - 
ECHPT Changes Summary:
2025-09-11 15:52:30,426 - Review.reviews.edwpt_review - INFO - Inclusions: 1
2025-09-11 15:52:30,426 - Review.reviews.edwpt_review - INFO - Exclusions: 1
2025-09-11 15:52:30,443 - Review.reviews.edwpt_review - INFO - 
EUKPT Changes Summary:
2025-09-11 15:52:30,443 - Review.reviews.edwpt_review - INFO - Inclusions: 12
2025-09-11 15:52:30,443 - Review.reviews.edwpt_review - INFO - Exclusions: 13
2025-09-11 15:52:30,459 - Review.reviews.edwpt_review - INFO - 
CANPT Changes Summary:
2025-09-11 15:52:30,459 - Review.reviews.edwpt_review - INFO - Inclusions: 14
2025-09-11 15:52:30,459 - Review.reviews.edwpt_review - INFO - Exclusions: 2
2025-09-11 15:52:30,622 - werkzeug - INFO - 127.0.0.1 - - [11/Sep/2025 15:52:30] "GET /task-status/802fa8ae-c990-402f-a1eb-74b15d5e02df HTTP/1.1" 200 -
2025-09-11 15:52:32,718 - werkzeug - INFO - 127.0.0.1 - - [11/Sep/2025 15:52:32] "GET /task-status/802fa8ae-c990-402f-a1eb-74b15d5e02df HTTP/1.1" 200 -
2025-09-11 15:52:34,573 - werkzeug - INFO - 127.0.0.1 - - [11/Sep/2025 15:52:34] "GET /task-status/802fa8ae-c990-402f-a1eb-74b15d5e02df HTTP/1.1" 200 -
2025-09-11 15:52:35,116 - Review.reviews.edwpt_review - INFO - Saving individual composition file for EDWPT to: C:\Users\CSonneveld\OneDrive - Euronext\Documents\Projects\GUI + Reviews\output\EDWPT_Composition_20250911_155229.xlsx
2025-09-11 15:52:35,450 - Review.reviews.edwpt_review - INFO - Saving individual composition file for DEUPT to: C:\Users\CSonneveld\OneDrive - Euronext\Documents\Projects\GUI + Reviews\output\DEUPT_Composition_20250911_155229.xlsx
2025-09-11 15:52:35,536 - Review.reviews.edwpt_review - INFO - Saving individual composition file for DEZPT to: C:\Users\CSonneveld\OneDrive - Euronext\Documents\Projects\GUI + Reviews\output\DEZPT_Composition_20250911_155229.xlsx
2025-09-11 15:52:35,579 - Review.reviews.edwpt_review - INFO - Saving individual composition file for DAPPT to: C:\Users\CSonneveld\OneDrive - Euronext\Documents\Projects\GUI + Reviews\output\DAPPT_Composition_20250911_155229.xlsx
2025-09-11 15:52:35,736 - Review.reviews.edwpt_review - INFO - Saving individual composition file for DNAPT to: C:\Users\CSonneveld\OneDrive - Euronext\Documents\Projects\GUI + Reviews\output\DNAPT_Composition_20250911_155229.xlsx
2025-09-11 15:52:35,853 - Review.reviews.edwpt_review - INFO - Saving individual composition file for DASPT to: C:\Users\CSonneveld\OneDrive - Euronext\Documents\Projects\GUI + Reviews\output\DASPT_Composition_20250911_155229.xlsx
2025-09-11 15:52:35,951 - Review.reviews.edwpt_review - INFO - Saving individual composition file for DPAPT to: C:\Users\CSonneveld\OneDrive - Euronext\Documents\Projects\GUI + Reviews\output\DPAPT_Composition_20250911_155229.xlsx
2025-09-11 15:52:35,990 - Review.reviews.edwpt_review - INFO - Saving individual composition file for EUSPT to: C:\Users\CSonneveld\OneDrive - Euronext\Documents\Projects\GUI + Reviews\output\EUSPT_Composition_20250911_155229.xlsx
2025-09-11 15:52:36,081 - Review.reviews.edwpt_review - INFO - Saving individual composition file for EJPPT to: C:\Users\CSonneveld\OneDrive - Euronext\Documents\Projects\GUI + Reviews\output\EJPPT_Composition_20250911_155229.xlsx
2025-09-11 15:52:36,179 - Review.reviews.edwpt_review - INFO - Saving individual composition file for ECHPT to: C:\Users\CSonneveld\OneDrive - Euronext\Documents\Projects\GUI + Reviews\output\ECHPT_Composition_20250911_155229.xlsx
2025-09-11 15:52:36,196 - Review.reviews.edwpt_review - INFO - Saving individual composition file for EUKPT to: C:\Users\CSonneveld\OneDrive - Euronext\Documents\Projects\GUI + Reviews\output\EUKPT_Composition_20250911_155229.xlsx
2025-09-11 15:52:36,230 - Review.reviews.edwpt_review - INFO - Saving individual composition file for CANPT to: C:\Users\CSonneveld\OneDrive - Euronext\Documents\Projects\GUI + Reviews\output\CANPT_Composition_20250911_155229.xlsx
2025-09-11 15:52:36,257 - Review.reviews.edwpt_review - INFO - Main file successfully saved to: C:\Users\CSonneveld\OneDrive - Euronext\Documents\Projects\GUI + Reviews\output\EDWPT_df_20250911_155229.xlsx
2025-09-11 15:52:36,257 - Review.reviews.edwpt_review - INFO - Individual composition files saved: 12
2025-09-11 15:52:36,571 - werkzeug - INFO - 127.0.0.1 - - [11/Sep/2025 15:52:36] "GET /task-status/802fa8ae-c990-402f-a1eb-74b15d5e02df HTTP/1.1" 200 -
2025-09-11 15:52:49,754 - werkzeug - INFO -  * Detected change in 'C:\\Users\\CSonneveld\\OneDrive - Euronext\\Documents\\Projects\\GUI + Reviews\\Review\\reviews\\edwp_review.py', reloading
2025-09-11 15:52:49,755 - werkzeug - INFO -  * Detected change in 'C:\\Users\\CSonneveld\\OneDrive - Euronext\\Documents\\Projects\\GUI + Reviews\\Review\\reviews\\edwp_review.py', reloading
2025-09-11 15:52:49,755 - werkzeug - INFO -  * Detected change in 'C:\\Users\\CSonneveld\\OneDrive - Euronext\\Documents\\Projects\\GUI + Reviews\\Review\\reviews\\edwp_review.py', reloading
