2025-04-11 14:42:38,411 - werkzeug - WARNING -  * Debugger is active!
2025-04-11 14:42:38,417 - werkzeug - INFO -  * Debugger PIN: 691-175-853
2025-04-11 14:42:38,443 - Review.reviews.lc1ep_review - INFO - Loading EOD data...
2025-04-11 14:42:40,450 - Review.reviews.lc1ep_review - INFO - Loading reference data...
2025-04-11 14:42:50,383 - Review.reviews.lc1ep_review - WARNING - Removed 18750 duplicate rows from cdp_climate_df
2025-04-11 14:42:50,384 - Review.reviews.lc1ep_review - INFO - Filtering universe for EZ300 companies...
2025-04-11 14:42:50,384 - Review.reviews.lc1ep_review - INFO - Universe size after EZ300 filter: 300
2025-04-11 14:42:50,384 - Review.reviews.lc1ep_review - INFO - Adding Free Float data...
2025-04-11 14:42:50,392 - Review.reviews.lc1ep_review - INFO - Adding ICB Subsector data...
2025-04-11 14:42:50,405 - Review.reviews.lc1ep_review - WARNING - Removed 9315 duplicate rows from ICB data
2025-04-11 14:42:50,478 - Review.reviews.lc1ep_review - INFO - Debug file saved to C:\Users\CSonneveld\OneDrive - Euronext\Documents\Projects\GUI + Reviews\debug\universe_df_after_nace_20250411_144250.xlsx
2025-04-11 14:42:50,478 - Review.reviews.lc1ep_review - INFO - Adding CDP Climate data...
2025-04-11 14:42:50,484 - Review.reviews.lc1ep_review - INFO - Adding Oekom Trust & Carbon data...
2025-04-11 14:42:50,491 - Review.reviews.lc1ep_review - INFO - Adding NACE data...
2025-04-11 14:42:50,493 - Review.reviews.lc1ep_review - INFO - Adding EU Taxonomy flag...
2025-04-11 14:42:50,493 - Review.reviews.lc1ep_review - INFO - Checking GAFI lists and Non-fiscally cooperative countries...
2025-04-11 14:42:50,494 - Review.reviews.lc1ep_review - INFO - Applying exclusion criteria...
2025-04-11 14:42:50,502 - Review.reviews.lc1ep_review - INFO - Marked 30 companies (10%) with worst SG scores for exclusion
2025-04-11 14:42:50,522 - Review.reviews.lc1ep_review - INFO - Calculating Climate Score for ranking...
2025-04-11 14:42:50,523 - Review.reviews.lc1ep_review - INFO - Selecting EU Taxonomy companies...
2025-04-11 14:42:50,524 - Review.reviews.lc1ep_review - INFO - Found 9 EU Taxonomy companies after exclusions
2025-04-11 14:42:50,525 - Review.reviews.lc1ep_review - INFO - Found 174 Non-EU Taxonomy eligible companies after exclusions
2025-04-11 14:42:50,526 - Review.reviews.lc1ep_review - INFO - STEP 4a: Determining target number of Non-EU Taxonomy companies per super-sector...
2025-04-11 14:42:50,526 - Review.reviews.lc1ep_review - INFO - Target number of Non-EU Taxonomy companies: 91
2025-04-11 14:42:50,526 - Review.reviews.lc1ep_review - INFO - Total eligible Non-EU Taxonomy companies: 174
2025-04-11 14:42:50,526 - Review.reviews.lc1ep_review - INFO - Total target after rounding: 104 (vs. target of 91)
2025-04-11 14:42:50,526 - Review.reviews.lc1ep_review - INFO - Need to remove 13 companies due to rounding up
2025-04-11 14:42:50,529 - Review.reviews.lc1ep_review - INFO - STEP 4b: Selecting Non-EU Taxonomy companies based on climate score...
2025-04-11 14:42:50,530 - Review.reviews.lc1ep_review - INFO - Selected 6 companies from super-sector 1010.0
2025-04-11 14:42:50,530 - Review.reviews.lc1ep_review - INFO - Selected 6 companies from super-sector 1510.0
2025-04-11 14:42:50,531 - Review.reviews.lc1ep_review - INFO - Selected 13 companies from super-sector 2010.0
2025-04-11 14:42:50,531 - Review.reviews.lc1ep_review - INFO - Selected 15 companies from super-sector 3010.0
2025-04-11 14:42:50,532 - Review.reviews.lc1ep_review - INFO - Selected 6 companies from super-sector 3020.0
2025-04-11 14:42:50,533 - Review.reviews.lc1ep_review - INFO - Selected 7 companies from super-sector 3030.0
2025-04-11 14:42:50,533 - Review.reviews.lc1ep_review - INFO - Selected 6 companies from super-sector 3510.0
2025-04-11 14:42:50,533 - Review.reviews.lc1ep_review - INFO - Selected 4 companies from super-sector 4010.0
2025-04-11 14:42:50,534 - Review.reviews.lc1ep_review - INFO - Selected 7 companies from super-sector 4020.0
2025-04-11 14:42:50,534 - Review.reviews.lc1ep_review - INFO - Selected 3 companies from super-sector 4030.0
2025-04-11 14:42:50,535 - Review.reviews.lc1ep_review - INFO - Selected 2 companies from super-sector 4040.0
2025-04-11 14:42:50,535 - Review.reviews.lc1ep_review - INFO - Selected 4 companies from super-sector 4050.0
2025-04-11 14:42:50,536 - Review.reviews.lc1ep_review - INFO - Selected 5 companies from super-sector 4510.0
2025-04-11 14:42:50,536 - Review.reviews.lc1ep_review - INFO - Selected 3 companies from super-sector 4520.0
2025-04-11 14:42:50,537 - Review.reviews.lc1ep_review - INFO - Selected 2 companies from super-sector 5010.0
2025-04-11 14:42:50,538 - Review.reviews.lc1ep_review - INFO - Selected 8 companies from super-sector 5020.0
2025-04-11 14:42:50,539 - Review.reviews.lc1ep_review - INFO - Selected 2 companies from super-sector 5510.0
2025-04-11 14:42:50,539 - Review.reviews.lc1ep_review - INFO - Selected 3 companies from super-sector 5520.0
2025-04-11 14:42:50,540 - Review.reviews.lc1ep_review - INFO - Selected 2 companies from super-sector 6510.0
2025-04-11 14:42:50,541 - Review.reviews.lc1ep_review - INFO - Initial selection has 104 companies, need to remove 13
2025-04-11 14:42:50,552 - Review.reviews.lc1ep_review - INFO - Removed company FR0000121121 from supersector 3020.0 (Climate Score: 3.2199999999999998)
2025-04-11 14:42:50,558 - Review.reviews.lc1ep_review - INFO - Removed company NL0010801007 from supersector 5520.0 (Climate Score: 3.2199999999999998)
2025-04-11 14:42:50,560 - Review.reviews.lc1ep_review - INFO - Removed company ES0113679I37 from supersector 3010.0 (Climate Score: 3.16)
2025-04-11 14:42:50,569 - Review.reviews.lc1ep_review - INFO - Removed company IT0004056880 from supersector 2010.0 (Climate Score: 3.14576821963194)
2025-04-11 14:42:50,570 - Review.reviews.lc1ep_review - INFO - Removed company DE000TLX1005 from supersector 3030.0 (Climate Score: 3.07)
2025-04-11 14:42:50,578 - Review.reviews.lc1ep_review - INFO - Removed company NL0000226223 from supersector 1010.0 (Climate Score: 2.883797265501265)
2025-04-11 14:42:50,581 - Review.reviews.lc1ep_review - INFO - Removed company ES0105025003 from supersector 3510.0 (Climate Score: 2.39250338493065)
2025-04-11 14:42:50,588 - Review.reviews.lc1ep_review - INFO - Removed company FR0000120404 from supersector 4050.0 (Climate Score: 2.3914062194480947)
2025-04-11 14:42:50,590 - Review.reviews.lc1ep_review - INFO - Removed company NL0015435975 from supersector 4510.0 (Climate Score: 2.3248496808315147)
2025-04-11 14:42:50,595 - Review.reviews.lc1ep_review - INFO - Removed company NL0011585146 from supersector 4010.0 (Climate Score: 2.28839766789769)
2025-04-11 14:42:50,598 - Review.reviews.lc1ep_review - INFO - Removed company IT0004965148 from supersector 4020.0 (Climate Score: 2.2734781952180754)
2025-04-11 14:42:50,602 - Review.reviews.lc1ep_review - INFO - Removed company IT0005090300 from supersector 1510.0 (Climate Score: 2.26825660773674)
2025-04-11 14:42:50,604 - Review.reviews.lc1ep_review - INFO - Removed company DE0006602006 from supersector 5020.0 (Climate Score: 2.124887594988665)
2025-04-11 14:42:50,606 - Review.reviews.lc1ep_review - INFO - Final Non-EU Taxonomy selection has 91 companies
2025-04-11 14:42:50,607 - Review.reviews.lc1ep_review - INFO - Minimum companies per supersector: 2
2025-04-11 14:42:50,609 - Review.reviews.lc1ep_review - INFO - Final selection contains 100 companies
2025-04-11 14:42:50,609 - Review.reviews.lc1ep_review - INFO - - EU Taxonomy: 9
2025-04-11 14:42:50,609 - Review.reviews.lc1ep_review - INFO - - Non-EU Taxonomy: 91
2025-04-11 14:42:50,609 - Review.reviews.lc1ep_review - INFO - Adding PAB flag based on CDP temperature score...
2025-04-11 14:42:50,610 - Review.reviews.lc1ep_review - INFO - Calculating liquidity constraints for all companies...
2025-04-11 14:42:50,610 - Review.reviews.lc1ep_review - INFO - Total FFMC for all companies: 3396968207931.17
2025-04-11 14:42:50,611 - Review.reviews.lc1ep_review - INFO - Market cap based weights calculated for EU Taxonomy companies
2025-04-11 14:42:50,612 - Review.reviews.lc1ep_review - INFO - Liquidity caps for EU Taxonomy companies - Max: 5.8634%, Min: 0.6092%, Avg: 2.0323%
2025-04-11 14:42:50,612 - Review.reviews.lc1ep_review - INFO - Liquidity floors for EU Taxonomy companies - Max: 0.0000%, Min: 0.0000%, Avg: 0.0000%
2025-04-11 14:42:50,613 - Review.reviews.lc1ep_review - INFO - No liquidity issues found for EU Taxonomy companies
2025-04-11 14:42:50,615 - Review.reviews.lc1ep_review - INFO - Liquidity caps for Non-EU Taxonomy companies - Max: 10.0000%, Min: 0.1783%, Avg: 2.4830%
2025-04-11 14:42:50,615 - Review.reviews.lc1ep_review - INFO - Liquidity floors for Non-EU Taxonomy companies - Max: 2.1252%, Min: 0.0000%, Avg: 0.0887%
2025-04-11 14:42:50,615 - Review.reviews.lc1ep_review - INFO - No liquidity issues found for Non-EU Taxonomy companies
2025-04-11 14:42:50,618 - Review.reviews.lc1ep_review - INFO - Liquidity constraints have been calculated for all 100 companies
2025-04-11 14:42:50,618 - Review.reviews.lc1ep_review - INFO - Saving output files...
2025-04-11 14:42:50,961 - Review.reviews.lc1ep_review - INFO - Results saved to C:\Users\CSonneveld\OneDrive - Euronext\Documents\Projects\GUI + Reviews\output\LC100_review_20250411_144250.xlsx
2025-04-11 14:42:50,989 - werkzeug - INFO - 127.0.0.1 - - [11/Apr/2025 14:42:50] "POST /calculate HTTP/1.1" 200 -
2025-04-11 14:42:51,583 - werkzeug - INFO -  * Detected change in 'C:\\Users\\CSonneveld\\OneDrive - Euronext\\Documents\\Projects\\GUI + Reviews\\Review\\reviews\\lc3wp_review.py', reloading
2025-04-11 14:42:51,585 - werkzeug - INFO -  * Detected change in 'C:\\Users\\CSonneveld\\OneDrive - Euronext\\Documents\\Projects\\GUI + Reviews\\Review\\reviews\\lc3wp_review.py', reloading
2025-04-11 14:42:51,585 - werkzeug - INFO -  * Detected change in 'C:\\Users\\CSonneveld\\OneDrive - Euronext\\Documents\\Projects\\GUI + Reviews\\Review\\reviews\\lc3wp_review.py', reloading
