2025-04-15 15:23:07,801 - werkzeug - WARNING -  * Debugger is active!
2025-04-15 15:23:07,804 - werkzeug - INFO -  * Debugger PIN: 691-175-853
2025-04-15 15:23:09,026 - Review.reviews.lc3wp_review - INFO - Loading EOD data...
2025-04-15 15:23:12,160 - Review.reviews.lc3wp_review - INFO - Loading reference data...
2025-04-15 15:23:21,776 - Review.reviews.lc3wp_review - WARNING - Removed 18750 duplicate rows from cdp_climate_df
2025-04-15 15:23:21,779 - Review.reviews.lc3wp_review - INFO - Adding Free Float data...
2025-04-15 15:23:21,810 - Review.reviews.lc3wp_review - INFO - Adding ICB Subsector data...
2025-04-15 15:23:21,826 - Review.reviews.lc3wp_review - WARNING - Removed 9315 duplicate rows from ICB data
2025-04-15 15:23:22,024 - Review.reviews.lc3wp_review - INFO - Debug file saved to C:\Users\CSonneveld\OneDrive - Euronext\Documents\Projects\GUI + Reviews\debug\universe_df_after_nace_20250415_152321.xlsx
2025-04-15 15:23:22,024 - Review.reviews.lc3wp_review - INFO - Adding CDP Climate data...
2025-04-15 15:23:22,029 - Review.reviews.lc3wp_review - INFO - Adding Oekom Trust & Carbon data...
2025-04-15 15:23:22,031 - Review.reviews.lc3wp_review - INFO - Adding NACE data...
2025-04-15 15:23:22,035 - Review.reviews.lc3wp_review - INFO - Adding EU Taxonomy flag...
2025-04-15 15:23:22,035 - Review.reviews.lc3wp_review - INFO - Checking GAFI lists and Non-fiscally cooperative countries...
2025-04-15 15:23:22,035 - Review.reviews.lc3wp_review - INFO - Applying exclusion criteria...
2025-04-15 15:23:22,049 - Review.reviews.lc3wp_review - INFO - Marked 149 companies (10%) with worst SG scores for exclusion
2025-04-15 15:23:22,067 - Review.reviews.lc3wp_review - INFO - Calculating Climate Score for ranking...
2025-04-15 15:23:22,069 - Review.reviews.lc3wp_review - ERROR - Error during review calculation: 'CDP_climate_score'
2025-04-15 15:23:22,072 - werkzeug - INFO -  * Detected change in 'C:\\Users\\CSonneveld\\AppData\\Roaming\\Python\\Python312\\site-packages\\pandas\\core\\frame.py', reloading
2025-04-15 15:23:22,074 - werkzeug - INFO -  * Detected change in 'C:\\Users\\CSonneveld\\AppData\\Roaming\\Python\\Python312\\site-packages\\pandas\\core\\indexes\\base.py', reloading
2025-04-15 15:23:22,074 - Review.reviews.lc3wp_review - ERROR - Traceback (most recent call last):
  File "C:\Users\CSonneveld\AppData\Roaming\Python\Python312\site-packages\pandas\core\indexes\base.py", line 3805, in get_loc
    return self._engine.get_loc(casted_key)
           ^^^^^^^^^^^^^^^^^^^^^^^^^^^^^^^^
  File "index.pyx", line 167, in pandas._libs.index.IndexEngine.get_loc
  File "index.pyx", line 196, in pandas._libs.index.IndexEngine.get_loc
  File "pandas\\_libs\\hashtable_class_helper.pxi", line 7081, in pandas._libs.hashtable.PyObjectHashTable.get_item
  File "pandas\\_libs\\hashtable_class_helper.pxi", line 7089, in pandas._libs.hashtable.PyObjectHashTable.get_item
KeyError: 'CDP_climate_score'

The above exception was the direct cause of the following exception:

Traceback (most recent call last):
  File "C:\Users\CSonneveld\OneDrive - Euronext\Documents\Projects\GUI + Reviews\Review\reviews\lc3wp_review.py", line 580, in run_lc3wp_review
    universe_df['bonus_malus'] = universe_df['CDP_climate_score'].apply(map_to_bonus_malus)
                                 ~~~~~~~~~~~^^^^^^^^^^^^^^^^^^^^^
  File "C:\Users\CSonneveld\AppData\Roaming\Python\Python312\site-packages\pandas\core\frame.py", line 4102, in __getitem__
    indexer = self.columns.get_loc(key)
              ^^^^^^^^^^^^^^^^^^^^^^^^^
  File "C:\Users\CSonneveld\AppData\Roaming\Python\Python312\site-packages\pandas\core\indexes\base.py", line 3812, in get_loc
    raise KeyError(key) from err
KeyError: 'CDP_climate_score'

2025-04-15 15:23:22,107 - werkzeug - INFO - 10.199.43.197 - - [15/Apr/2025 15:23:22] "POST /calculate HTTP/1.1" 200 -
