2025-07-23 13:19:02,286 - werkzeug - WARNING -  * Debugger is active!
2025-07-23 13:19:02,288 - werkzeug - INFO -  * Debugger PIN: 691-175-853
2025-07-23 13:19:02,313 - Review.reviews.ez40p_review - INFO - Loading EOD data...
2025-07-23 13:19:03,011 - Review.reviews.ez40p_review - INFO - Loading reference data...
2025-07-23 13:19:04,062 - Review.reviews.ez40p_review - INFO - Selecting top 40 companies with highest FFMC...
2025-07-23 13:19:04,070 - Review.reviews.ez40p_review - ERROR - Error during review calculation: "['Company'] not in index"
2025-07-23 13:19:04,071 - werkzeug - INFO -  * Detected change in 'C:\\Users\\CSonneveld\\OneDrive - Euronext\\Documents\\Projects\\GUI + Reviews\\utils\\inclusion_exclusion.py', reloading
2025-07-23 13:19:04,073 - Review.reviews.ez40p_review - ERROR - Traceback (most recent call last):
  File "C:\Users\CSonneveld\OneDrive - Euronext\Documents\Projects\GUI + Reviews\Review\reviews\ez40p_review.py", line 122, in run_ez40p_review
    analysis_results = inclusion_exclusion_analysis(
                       ^^^^^^^^^^^^^^^^^^^^^^^^^^^^^
  File "C:\Users\CSonneveld\OneDrive - Euronext\Documents\Projects\GUI + Reviews\utils\inclusion_exclusion.py", line 26, in inclusion_exclusion_analysis
    inclusion_df = selection_df[selection_df['Inclusion']][[
                   ^^^^^^^^^^^^^^^^^^^^^^^^^^^^^^^^^^^^^^^^^
  File "C:\Users\CSonneveld\AppData\Roaming\Python\Python312\site-packages\pandas\core\frame.py", line 4108, in __getitem__
    indexer = self.columns._get_indexer_strict(key, "columns")[1]
              ^^^^^^^^^^^^^^^^^^^^^^^^^^^^^^^^^^^^^^^^^^^^^^^^
  File "C:\Users\CSonneveld\AppData\Roaming\Python\Python312\site-packages\pandas\core\indexes\base.py", line 6200, in _get_indexer_strict
    self._raise_if_missing(keyarr, indexer, axis_name)
  File "C:\Users\CSonneveld\AppData\Roaming\Python\Python312\site-packages\pandas\core\indexes\base.py", line 6252, in _raise_if_missing
    raise KeyError(f"{not_found} not in index")
KeyError: "['Company'] not in index"

2025-07-23 13:19:04,078 - werkzeug - INFO - 127.0.0.1 - - [23/Jul/2025 13:19:04] "POST /calculate HTTP/1.1" 200 -
