2025-07-23 13:15:14,913 - werkzeug - WARNING -  * Debugger is active!
2025-07-23 13:15:14,915 - werkzeug - INFO -  * Debugger PIN: 691-175-853
2025-07-23 13:15:14,944 - Review.reviews.ez40p_review - INFO - Loading EOD data...
2025-07-23 13:15:15,625 - Review.reviews.ez40p_review - INFO - Loading reference data...
2025-07-23 13:15:16,586 - Review.reviews.ez40p_review - ERROR - Error during review calculation: 'NoneType' object does not support item assignment
2025-07-23 13:15:16,587 - Review.reviews.ez40p_review - ERROR - Traceback (most recent call last):
  File "C:\Users\CSonneveld\OneDrive - Euronext\Documents\Projects\GUI + Reviews\Review\reviews\ez40p_review.py", line 41, in run_ez40p_review
    selection_df['Final Capping'] = 1
    ~~~~~~~~~~~~^^^^^^^^^^^^^^^^^
TypeError: 'NoneType' object does not support item assignment

2025-07-23 13:15:16,591 - werkzeug - INFO - 127.0.0.1 - - [23/Jul/2025 13:15:16] "POST /calculate HTTP/1.1" 200 -
2025-07-23 13:15:20,629 - Review.reviews.ez40p_review - INFO - Loading EOD data...
2025-07-23 13:15:21,392 - Review.reviews.ez40p_review - INFO - Loading reference data...
2025-07-23 13:15:22,336 - Review.reviews.ez40p_review - ERROR - Error during review calculation: 'Capping'
2025-07-23 13:15:22,336 - werkzeug - INFO -  * Detected change in 'C:\\Users\\CSonneveld\\AppData\\Roaming\\Python\\Python312\\site-packages\\pandas\\core\\indexes\\base.py', reloading
2025-07-23 13:15:22,336 - Review.reviews.ez40p_review - ERROR - Traceback (most recent call last):
  File "C:\Users\CSonneveld\AppData\Roaming\Python\Python312\site-packages\pandas\core\indexes\base.py", line 3805, in get_loc
    return self._engine.get_loc(casted_key)
           ^^^^^^^^^^^^^^^^^^^^^^^^^^^^^^^^
  File "index.pyx", line 167, in pandas._libs.index.IndexEngine.get_loc
  File "index.pyx", line 196, in pandas._libs.index.IndexEngine.get_loc
  File "pandas\\_libs\\hashtable_class_helper.pxi", line 7081, in pandas._libs.hashtable.PyObjectHashTable.get_item
  File "pandas\\_libs\\hashtable_class_helper.pxi", line 7089, in pandas._libs.hashtable.PyObjectHashTable.get_item
KeyError: 'Capping'

The above exception was the direct cause of the following exception:

Traceback (most recent call last):
  File "C:\Users\CSonneveld\OneDrive - Euronext\Documents\Projects\GUI + Reviews\Review\reviews\ez40p_review.py", line 95, in run_ez40p_review
    selection_df['FFMC'] = selection_df['Capping'] * selection_df['Number of shares'] * selection_df['Free Float'] * selection_df['Price']
                           ~~~~~~~~~~~~^^^^^^^^^^^
  File "C:\Users\CSonneveld\AppData\Roaming\Python\Python312\site-packages\pandas\core\frame.py", line 4102, in __getitem__
    indexer = self.columns.get_loc(key)
              ^^^^^^^^^^^^^^^^^^^^^^^^^
  File "C:\Users\CSonneveld\AppData\Roaming\Python\Python312\site-packages\pandas\core\indexes\base.py", line 3812, in get_loc
    raise KeyError(key) from err
KeyError: 'Capping'

2025-07-23 13:15:22,336 - werkzeug - INFO - 127.0.0.1 - - [23/Jul/2025 13:15:22] "POST /calculate HTTP/1.1" 200 -
