2025-02-05 14:14:17,089 - werkzeug - WARNING -  * Debugger is active!
2025-02-05 14:14:17,091 - werkzeug - INFO -  * Debugger PIN: 691-175-853
2025-02-05 14:14:17,197 - Review.reviews.sbf80_review - INFO - Loading EOD data...
2025-02-05 14:14:20,053 - Review.reviews.sbf80_review - INFO - Loading reference data...
2025-02-05 14:14:20,756 - Review.reviews.sbf80_review - ERROR - Error during review calculation: 'NoneType' object has no attribute 'to_excel'
2025-02-05 14:14:20,765 - Review.reviews.sbf80_review - ERROR - Traceback (most recent call last):
  File "C:\Users\CSonneveld\OneDrive - Euronext\Documents\Projects\GUI + Reviews\Review\reviews\sbf80_review.py", line 36, in run_sbf80_review
    selection_df.to_excel('debug_output.xlsx', index=False)
    ^^^^^^^^^^^^^^^^^^^^^
AttributeError: 'NoneType' object has no attribute 'to_excel'

2025-02-05 14:14:20,771 - werkzeug - INFO - 127.0.0.1 - - [05/Feb/2025 14:14:20] "POST /calculate HTTP/1.1" 200 -
2025-02-05 14:14:25,304 - Review.reviews.sbf80_review - INFO - Loading EOD data...
2025-02-05 14:14:25,948 - Review.reviews.sbf80_review - INFO - Loading reference data...
2025-02-05 14:14:26,544 - Review.reviews.sbf80_review - ERROR - Error during review calculation: 'NoneType' object has no attribute 'to_excel'
2025-02-05 14:14:26,545 - Review.reviews.sbf80_review - ERROR - Traceback (most recent call last):
  File "C:\Users\CSonneveld\OneDrive - Euronext\Documents\Projects\GUI + Reviews\Review\reviews\sbf80_review.py", line 36, in run_sbf80_review
    selection_df.to_excel('debug_output.xlsx', index=False)
    ^^^^^^^^^^^^^^^^^^^^^
AttributeError: 'NoneType' object has no attribute 'to_excel'

2025-02-05 14:14:26,550 - werkzeug - INFO - 127.0.0.1 - - [05/Feb/2025 14:14:26] "POST /calculate HTTP/1.1" 200 -
2025-02-05 14:14:55,706 - werkzeug - INFO -  * Detected change in 'C:\\Users\\CSonneveld\\OneDrive - Euronext\\Documents\\Projects\\GUI + Reviews\\Review\\reviews\\sbf80_review.py', reloading
2025-02-05 14:14:55,717 - werkzeug - INFO -  * Detected change in 'C:\\Users\\CSonneveld\\OneDrive - Euronext\\Documents\\Projects\\GUI + Reviews\\Review\\reviews\\sbf80_review.py', reloading
2025-02-05 14:14:55,718 - werkzeug - INFO -  * Detected change in 'C:\\Users\\CSonneveld\\OneDrive - Euronext\\Documents\\Projects\\GUI + Reviews\\Review\\reviews\\sbf80_review.py', reloading
2025-02-05 14:14:55,719 - werkzeug - INFO -  * Detected change in 'C:\\Users\\CSonneveld\\OneDrive - Euronext\\Documents\\Projects\\GUI + Reviews\\Review\\reviews\\sbf80_review.py', reloading
2025-02-05 14:14:55,757 - werkzeug - INFO -  * Detected change in 'C:\\Program Files\\Python312\\Lib\\logging\\__init__.py', reloading
2025-02-05 14:14:56,431 - Review.reviews.sbf80_review - INFO - Loading EOD data...
2025-02-05 14:14:56,676 - werkzeug - INFO -  * Detected change in 'C:\\Users\\CSonneveld\\OneDrive - Euronext\\Documents\\Projects\\GUI + Reviews\\Review\\reviews\\sbf80_review.py', reloading
