2026-01-28 14:33:08,163 - Review.reviews.edwp_review - INFO - Starting EDWP review calculation
2026-01-28 14:33:08,894 - Review.reviews.edwp_review - INFO - EDWP: Processing 13499 companies after filtering
2026-01-28 14:33:08,952 - Review.reviews.edwp_review - INFO - 
EDWP Selection Summary:
2026-01-28 14:33:08,952 - Review.reviews.edwp_review - INFO - Total companies selected: 1537
2026-01-28 14:33:08,953 - Review.reviews.edwp_review - INFO - Total FFMC covered: 88.83%
2026-01-28 14:33:08,955 - Review.reviews.edwp_review - INFO - DEUP: Filtering out CA and US ISINs
2026-01-28 14:33:08,959 - Review.reviews.edwp_review - INFO - DEUP: Processing 3203 companies after filtering
2026-01-28 14:33:08,978 - Review.reviews.edwp_review - INFO - 
DEUP Selection Summary:
2026-01-28 14:33:08,978 - Review.reviews.edwp_review - INFO - Total companies selected: 422
2026-01-28 14:33:08,978 - Review.reviews.edwp_review - INFO - Total FFMC covered: 88.60%
2026-01-28 14:33:08,978 - Review.reviews.edwp_review - INFO - DEZP: Filtering out CA and US ISINs
2026-01-28 14:33:08,978 - Review.reviews.edwp_review - INFO - DEZP: Processing 1285 companies after filtering
2026-01-28 14:33:08,996 - Review.reviews.edwp_review - INFO - 
DEZP Selection Summary:
2026-01-28 14:33:08,996 - Review.reviews.edwp_review - INFO - Total companies selected: 174
2026-01-28 14:33:08,996 - Review.reviews.edwp_review - INFO - Total FFMC covered: 87.92%
2026-01-28 14:33:09,008 - Review.reviews.edwp_review - INFO - DAPPR: Processing 5104 companies after filtering
2026-01-28 14:33:09,011 - Review.reviews.edwp_review - INFO - 
DAPPR Selection Summary:
2026-01-28 14:33:09,011 - Review.reviews.edwp_review - INFO - Total companies selected: 491
2026-01-28 14:33:09,023 - Review.reviews.edwp_review - INFO - Total FFMC covered: 85.73%
2026-01-28 14:33:09,027 - Review.reviews.edwp_review - INFO - DNAP: Processing 4889 companies after filtering
2026-01-28 14:33:09,034 - Review.reviews.edwp_review - INFO - 
DNAP Selection Summary:
2026-01-28 14:33:09,034 - Review.reviews.edwp_review - INFO - Total companies selected: 446
2026-01-28 14:33:09,034 - Review.reviews.edwp_review - INFO - Total FFMC covered: 85.75%
2026-01-28 14:33:09,034 - Review.reviews.edwp_review - INFO - DASP: Processing 4106 companies after filtering
2026-01-28 14:33:09,047 - Review.reviews.edwp_review - INFO - 
DASP Selection Summary:
2026-01-28 14:33:09,047 - Review.reviews.edwp_review - INFO - Total companies selected: 386
2026-01-28 14:33:09,052 - Review.reviews.edwp_review - INFO - Total FFMC covered: 85.50%
2026-01-28 14:33:09,054 - Review.reviews.edwp_review - INFO - DPAP: Processing 998 companies after filtering
2026-01-28 14:33:09,057 - Review.reviews.edwp_review - INFO - 
DPAP Selection Summary:
2026-01-28 14:33:09,057 - Review.reviews.edwp_review - INFO - Total companies selected: 102
2026-01-28 14:33:09,059 - Review.reviews.edwp_review - INFO - Total FFMC covered: 86.17%
2026-01-28 14:33:09,064 - Review.reviews.edwp_review - INFO - EUSP: Processing 4389 companies after filtering
2026-01-28 14:33:09,070 - Review.reviews.edwp_review - INFO - 
EUSP Selection Summary:
2026-01-28 14:33:09,071 - Review.reviews.edwp_review - INFO - Total companies selected: 351
2026-01-28 14:33:09,071 - Review.reviews.edwp_review - INFO - Total FFMC covered: 85.04%
2026-01-28 14:33:09,071 - Review.reviews.edwp_review - INFO - EJPP: Processing 3656 companies after filtering
2026-01-28 14:33:09,082 - Review.reviews.edwp_review - INFO - 
EJPP Selection Summary:
2026-01-28 14:33:09,083 - Review.reviews.edwp_review - INFO - Total companies selected: 325
2026-01-28 14:33:09,084 - Review.reviews.edwp_review - INFO - Total FFMC covered: 85.04%
2026-01-28 14:33:09,084 - Review.reviews.edwp_review - INFO - ECHP: Processing 157 companies after filtering
2026-01-28 14:33:09,084 - Review.reviews.edwp_review - INFO - 
ECHP Selection Summary:
2026-01-28 14:33:09,084 - Review.reviews.edwp_review - INFO - Total companies selected: 24
2026-01-28 14:33:09,089 - Review.reviews.edwp_review - INFO - Total FFMC covered: 85.70%
2026-01-28 14:33:09,091 - Review.reviews.edwp_review - INFO - EUKP: Processing 841 companies after filtering
2026-01-28 14:33:09,095 - Review.reviews.edwp_review - INFO - 
EUKP Selection Summary:
2026-01-28 14:33:09,095 - Review.reviews.edwp_review - INFO - Total companies selected: 73
2026-01-28 14:33:09,096 - Review.reviews.edwp_review - INFO - Total FFMC covered: 85.06%
2026-01-28 14:33:09,098 - Review.reviews.edwp_review - INFO - CANP: Processing 500 companies after filtering
2026-01-28 14:33:09,101 - Review.reviews.edwp_review - INFO - 
CANP Selection Summary:
2026-01-28 14:33:09,101 - Review.reviews.edwp_review - INFO - Total companies selected: 75
2026-01-28 14:33:09,103 - Review.reviews.edwp_review - INFO - Total FFMC covered: 85.20%
2026-01-28 14:33:09,110 - Review.reviews.edwp_review - INFO - 
Global Selection Summary:
2026-01-28 14:33:09,111 - Review.reviews.edwp_review - INFO - Total companies selected: 1537
2026-01-28 14:33:09,111 - Review.reviews.edwp_review - INFO - Total FFMC covered: 88.83%
2026-01-28 14:33:09,117 - Review.reviews.edwp_review - INFO - 
MIC-level Summary:
2026-01-28 14:33:09,117 - Review.reviews.edwp_review - INFO -       ISIN          FFMC  EDWP_selection
MIC                                     
ALXP     1  8.636321e+08               0
BATS     1  2.298240e+10               1
DSME     1  1.117565e+07               0
FSME     2  4.179218e+08               0
MERK     2  2.709760e+08               0
MTAA   250  6.565029e+11              26
NEOE     1  4.911360e+07               0
SSME    15  4.087461e+09               0
WBAH    25  7.232654e+10               8
XAMS    83  1.208804e+12              18
XASE     3  8.042835e+09               0
XASX   942  1.469525e+12              80
XBRU    65  2.388090e+11              14
XCSE    97  3.691187e+11              16
XESM     3  2.059088e+09               0
XETR   238  1.725624e+12              32
XHEL   136  2.387672e+11              15
XHKG   288  5.378789e+11              26
XLIS    17  4.049522e+10               5
XLON   841  2.488872e+12              73
XMAD   101  6.657485e+11              13
XMSM    12  8.941198e+10               5
XNAS     2  4.299946e+11               2
XNCM    33  9.086017e+10               1
XNGS  2578  2.928861e+13             174
XNMS    60  1.803113e+11               2
XNYS  1712  2.594931e+13             349
XNZE    56  5.624452e+10              16
XOSL   221  1.736930e+11              40
XPAR   352  1.937294e+12              29
XSES   162  3.325147e+11              26
XSTO   596  7.080121e+11              68
XSWX   157  1.722407e+12              26
XTAE   291  2.691930e+11              72
XTKS  3656  5.393683e+12             325
XTSE   499  2.536982e+12              75
2026-01-28 14:33:09,131 - Review.reviews.edwp_review - INFO - Saving output to: C:\Users\CSonneveld\OneDrive - Euronext\Documents\Projects\GUI + Reviews - Copy\output\EDWP_df_20260128_143309.xlsx
2026-01-28 14:33:09,225 - Review.reviews.edwp_review - INFO - 
EDWP Changes Summary:
2026-01-28 14:33:09,225 - Review.reviews.edwp_review - INFO - Inclusions: 67
2026-01-28 14:33:09,225 - Review.reviews.edwp_review - INFO - Exclusions: 109
2026-01-28 14:33:09,247 - Review.reviews.edwp_review - INFO - 
DEUP Changes Summary:
2026-01-28 14:33:09,247 - Review.reviews.edwp_review - INFO - Inclusions: 18
2026-01-28 14:33:09,247 - Review.reviews.edwp_review - INFO - Exclusions: 31
2026-01-28 14:33:09,260 - Review.reviews.edwp_review - INFO - 
DEZP Changes Summary:
2026-01-28 14:33:09,260 - Review.reviews.edwp_review - INFO - Inclusions: 5
2026-01-28 14:33:09,260 - Review.reviews.edwp_review - INFO - Exclusions: 10
2026-01-28 14:33:09,287 - Review.reviews.edwp_review - INFO - 
DAPPR Changes Summary:
2026-01-28 14:33:09,287 - Review.reviews.edwp_review - INFO - Inclusions: 26
2026-01-28 14:33:09,287 - Review.reviews.edwp_review - INFO - Exclusions: 39
2026-01-28 14:33:09,312 - Review.reviews.edwp_review - INFO - 
DNAP Changes Summary:
2026-01-28 14:33:09,312 - Review.reviews.edwp_review - INFO - Inclusions: 19
2026-01-28 14:33:09,312 - Review.reviews.edwp_review - INFO - Exclusions: 33
2026-01-28 14:33:09,335 - Review.reviews.edwp_review - INFO - 
DASP Changes Summary:
2026-01-28 14:33:09,335 - Review.reviews.edwp_review - INFO - Inclusions: 17
2026-01-28 14:33:09,335 - Review.reviews.edwp_review - INFO - Exclusions: 32
2026-01-28 14:33:09,348 - Review.reviews.edwp_review - INFO - 
DPAP Changes Summary:
2026-01-28 14:33:09,348 - Review.reviews.edwp_review - INFO - Inclusions: 9
2026-01-28 14:33:09,348 - Review.reviews.edwp_review - INFO - Exclusions: 4
2026-01-28 14:33:09,368 - Review.reviews.edwp_review - INFO - 
EUSP Changes Summary:
2026-01-28 14:33:09,368 - Review.reviews.edwp_review - INFO - Inclusions: 9
2026-01-28 14:33:09,368 - Review.reviews.edwp_review - INFO - Exclusions: 23
2026-01-28 14:33:09,384 - Review.reviews.edwp_review - INFO - 
EJPP Changes Summary:
2026-01-28 14:33:09,384 - Review.reviews.edwp_review - INFO - Inclusions: 13
2026-01-28 14:33:09,384 - Review.reviews.edwp_review - INFO - Exclusions: 29
2026-01-28 14:33:09,395 - Review.reviews.edwp_review - INFO - 
ECHP Changes Summary:
2026-01-28 14:33:09,396 - Review.reviews.edwp_review - INFO - Inclusions: 1
2026-01-28 14:33:09,396 - Review.reviews.edwp_review - INFO - Exclusions: 2
2026-01-28 14:33:09,401 - Review.reviews.edwp_review - INFO - 
EUKP Changes Summary:
2026-01-28 14:33:09,401 - Review.reviews.edwp_review - INFO - Inclusions: 2
2026-01-28 14:33:09,401 - Review.reviews.edwp_review - INFO - Exclusions: 7
2026-01-28 14:33:09,415 - Review.reviews.edwp_review - INFO - 
CANP Changes Summary:
2026-01-28 14:33:09,415 - Review.reviews.edwp_review - INFO - Inclusions: 4
2026-01-28 14:33:09,415 - Review.reviews.edwp_review - INFO - Exclusions: 3
2026-01-28 14:33:13,430 - Review.reviews.edwp_review - INFO - Saving individual composition file for EDWP to: C:\Users\CSonneveld\OneDrive - Euronext\Documents\Projects\GUI + Reviews - Copy\output\EDWP_Composition_20260128_143309.xlsx
2026-01-28 14:33:13,531 - Review.reviews.edwp_review - INFO - Saving individual composition file for DEUP to: C:\Users\CSonneveld\OneDrive - Euronext\Documents\Projects\GUI + Reviews - Copy\output\DEUP_Composition_20260128_143309.xlsx
2026-01-28 14:33:13,578 - Review.reviews.edwp_review - INFO - Saving individual composition file for DEZP to: C:\Users\CSonneveld\OneDrive - Euronext\Documents\Projects\GUI + Reviews - Copy\output\DEZP_Composition_20260128_143309.xlsx
2026-01-28 14:33:13,601 - Review.reviews.edwp_review - INFO - Saving individual composition file for DAPPR to: C:\Users\CSonneveld\OneDrive - Euronext\Documents\Projects\GUI + Reviews - Copy\output\DAPPR_Composition_20260128_143309.xlsx
2026-01-28 14:33:13,637 - Review.reviews.edwp_review - INFO - Saving individual composition file for DNAP to: C:\Users\CSonneveld\OneDrive - Euronext\Documents\Projects\GUI + Reviews - Copy\output\DNAP_Composition_20260128_143309.xlsx
2026-01-28 14:33:13,678 - Review.reviews.edwp_review - INFO - Saving individual composition file for DASP to: C:\Users\CSonneveld\OneDrive - Euronext\Documents\Projects\GUI + Reviews - Copy\output\DASP_Composition_20260128_143309.xlsx
2026-01-28 14:33:13,712 - Review.reviews.edwp_review - INFO - Saving individual composition file for DPAP to: C:\Users\CSonneveld\OneDrive - Euronext\Documents\Projects\GUI + Reviews - Copy\output\DPAP_Composition_20260128_143309.xlsx
2026-01-28 14:33:13,734 - Review.reviews.edwp_review - INFO - Saving individual composition file for EUSP to: C:\Users\CSonneveld\OneDrive - Euronext\Documents\Projects\GUI + Reviews - Copy\output\EUSP_Composition_20260128_143309.xlsx
2026-01-28 14:33:13,768 - Review.reviews.edwp_review - INFO - Saving individual composition file for EJPP to: C:\Users\CSonneveld\OneDrive - Euronext\Documents\Projects\GUI + Reviews - Copy\output\EJPP_Composition_20260128_143309.xlsx
2026-01-28 14:33:13,796 - Review.reviews.edwp_review - INFO - Saving individual composition file for ECHP to: C:\Users\CSonneveld\OneDrive - Euronext\Documents\Projects\GUI + Reviews - Copy\output\ECHP_Composition_20260128_143309.xlsx
2026-01-28 14:33:13,817 - Review.reviews.edwp_review - INFO - Saving individual composition file for EUKP to: C:\Users\CSonneveld\OneDrive - Euronext\Documents\Projects\GUI + Reviews - Copy\output\EUKP_Composition_20260128_143309.xlsx
2026-01-28 14:33:13,830 - Review.reviews.edwp_review - INFO - Saving individual composition file for CANP to: C:\Users\CSonneveld\OneDrive - Euronext\Documents\Projects\GUI + Reviews - Copy\output\CANP_Composition_20260128_143309.xlsx
2026-01-28 14:33:13,846 - Review.reviews.edwp_review - INFO - Individual composition files saved: 12
