2025-01-30 15:03:27,304 - werkzeug - WARNING -  * Debugger is active!
2025-01-30 15:03:27,306 - werkzeug - INFO -  * Debugger PIN: 691-175-853
2025-01-30 15:03:30,928 - Review.reviews.gicp_review - INFO - Loading EOD data...
2025-01-30 15:03:32,632 - Review.reviews.gicp_review - INFO - Loading reference data...
2025-01-30 15:03:39,552 - Review.reviews.gicp_review - INFO - Processing market data...
2025-01-30 15:03:39,640 - Review.reviews.gicp_review - INFO - Category_1 weight: 12.0000% (target: 12.0000%)
2025-01-30 15:03:39,641 - Review.reviews.gicp_review - INFO - Category_2 weight: 12.0000% (target: 12.0000%)
2025-01-30 15:03:39,643 - Review.reviews.gicp_review - INFO - Category_3 weight: 12.0000% (target: 12.0000%)
2025-01-30 15:03:39,643 - Review.reviews.gicp_review - INFO - Category_4 weight: 12.0000% (target: 12.0000%)
2025-01-30 15:03:39,644 - Review.reviews.gicp_review - INFO - Category_5 weight: 12.0000% (target: 12.0000%)
2025-01-30 15:03:39,645 - Review.reviews.gicp_review - INFO - Category_6 weight: 20.0000% (target: 20.0000%)
2025-01-30 15:03:39,646 - Review.reviews.gicp_review - INFO - Category_7 weight: 20.0000% (target: 20.0000%)
2025-01-30 15:03:39,647 - Review.reviews.gicp_review - INFO - 
Final Weight Verification:
2025-01-30 15:03:39,647 - Review.reviews.gicp_review - INFO - Category_1 final weight: 12.0000%
2025-01-30 15:03:39,648 - Review.reviews.gicp_review - INFO - Category_2 final weight: 12.0000%
2025-01-30 15:03:39,649 - Review.reviews.gicp_review - INFO - Category_3 final weight: 12.0000%
2025-01-30 15:03:39,649 - Review.reviews.gicp_review - INFO - Category_4 final weight: 12.0000%
2025-01-30 15:03:39,650 - Review.reviews.gicp_review - INFO - Category_5 final weight: 12.0000%
2025-01-30 15:03:39,650 - Review.reviews.gicp_review - INFO - Category_6 final weight: 20.0000%
2025-01-30 15:03:39,651 - Review.reviews.gicp_review - INFO - Category_7 final weight: 20.0000%
2025-01-30 15:03:39,651 - Review.reviews.gicp_review - INFO - Maximum constituent weight: 10.0000%
2025-01-30 15:03:39,655 - Review.reviews.gicp_review - INFO - Saving GICP output to: C:\Users\CSonneveld\OneDrive - Euronext\Documents\Projects\GUI + Reviews\output\GICP_df_20250130_150339.xlsx
2025-01-30 15:03:39,966 - werkzeug - INFO - 127.0.0.1 - - [30/Jan/2025 15:03:39] "POST /calculate HTTP/1.1" 200 -
2025-01-30 15:03:55,915 - werkzeug - INFO -  * Detected change in 'C:\\Users\\CSonneveld\\AppData\\Roaming\\Python\\Python312\\site-packages\\numpy\\_utils\\__init__.py', reloading
2025-01-30 15:03:55,918 - werkzeug - INFO -  * Detected change in 'C:\\Users\\CSonneveld\\AppData\\Roaming\\Python\\Python312\\site-packages\\numpy\\_typing\\_nbit.py', reloading
