2025-07-23 16:37:20,848 - werkzeug - WARNING -  * Debugger is active!
2025-07-23 16:37:20,848 - werkzeug - INFO -  * Debugger PIN: 691-175-853
2025-07-23 16:45:41,907 - Review.reviews.eri5p_review - INFO - Loading EOD data...
2025-07-23 16:45:45,848 - Review.reviews.eri5p_review - INFO - Loading reference data...
2025-07-23 16:45:48,195 - Review.reviews.eri5p_review - INFO - Ranking validation:
2025-07-23 16:45:48,197 - Review.reviews.eri5p_review - INFO - Top 10 companies by overall ranking:
                Company  Sustainability Score          FFMC  Overall_Ranking                                         All_Exclusion_Reasons
43            BANCA MPS             10.000000  5.444883e+09                1                                                              
232              S.E.B.             10.000000  2.562692e+09                2  Excluded: FFMC < €3B; Excluded: 100 days avg turnover < €22M
279            UNILEVER              9.943431  1.476081e+11                3                                                              
147                IMCD              9.943431  7.042718e+09                4                        Excluded: 100 days avg turnover < €22M
133          GRIFOLS SA              9.859489  2.775895e+09                5  Excluded: FFMC < €3B; Excluded: 100 days avg turnover < €22M
277  UNIBAIL-RODAMCO-WE              9.750000  9.583460e+09                6                                                              
96              EDENRED              9.750000  6.505846e+09                7                                                              
39               AZIMUT              9.750000  2.957919e+09                8                                          Excluded: FFMC < €3B
20       ALLFUNDS GROUP              9.644161  2.087050e+09                9  Excluded: FFMC < €3B; Excluded: 100 days avg turnover < €22M
231   RYANAIR HOLD. PLC              9.627737  2.534646e+10               10                               Excluded: Opinion negative/risk
2025-07-23 16:45:48,204 - Review.reviews.eri5p_review - INFO - Top 10 eligible companies:
                Company  Sustainability Score          FFMC  Eligible_Ranking
43            BANCA MPS             10.000000  5.444883e+09               1.0
279            UNILEVER              9.943431  1.476081e+11               2.0
277  UNIBAIL-RODAMCO-WE              9.750000  9.583460e+09               3.0
96              EDENRED              9.750000  6.505846e+09               4.0
187           MERCK KGA              9.627737  1.474654e+10               5.0
267     TELEPERFORMANCE              9.627737  5.204579e+09               6.0
269               TERNA              9.290146  1.264888e+10               7.0
211      POSTE ITALIANE              9.235836  8.546204e+09               8.0
48         BANKINTER SA              9.235836  7.257895e+09               9.0
124   FRESENIUS SE & CO              8.748882  1.822777e+10              10.0
2025-07-23 16:45:48,205 - Review.reviews.eri5p_review - INFO - Total universe: 300 companies
2025-07-23 16:45:48,205 - Review.reviews.eri5p_review - INFO - Total excluded: 168 companies
2025-07-23 16:45:48,205 - Review.reviews.eri5p_review - INFO - Eligible for selection: 132 companies
2025-07-23 16:45:48,206 - Review.reviews.eri5p_review - INFO - Selecting top 50 companies ranked by Sustainability Score (with FFMC as tiebreaker) from eligible companies...
2025-07-23 16:45:48,218 - Review.reviews.eri5p_review - INFO - Saving ERI5P output to: C:\Users\CSonneveld\OneDrive - Euronext\Documents\Projects\GUI + Reviews\output\ERI5P_df_20250723_164548.xlsx
2025-07-23 16:45:48,523 - werkzeug - INFO - 127.0.0.1 - - [23/Jul/2025 16:45:48] "POST /calculate HTTP/1.1" 200 -
2025-07-23 16:47:42,540 - werkzeug - INFO -  * Detected change in 'C:\\Users\\CSonneveld\\OneDrive - Euronext\\Documents\\Projects\\GUI + Reviews\\Review\\reviews\\eri5p_review.py', reloading
2025-07-23 16:47:42,540 - werkzeug - INFO -  * Detected change in 'C:\\Users\\CSonneveld\\OneDrive - Euronext\\Documents\\Projects\\GUI + Reviews\\Review\\reviews\\eri5p_review.py', reloading
2025-07-23 16:47:42,540 - werkzeug - INFO -  * Detected change in 'C:\\Users\\CSonneveld\\OneDrive - Euronext\\Documents\\Projects\\GUI + Reviews\\Review\\reviews\\eri5p_review.py', reloading
2025-07-23 16:47:43,445 - werkzeug - INFO -  * Detected change in 'C:\\Users\\CSonneveld\\OneDrive - Euronext\\Documents\\Projects\\GUI + Reviews\\Review\\reviews\\eri5p_review.py', reloading
