2025-03-19 18:52:25,139 - werkzeug - WARNING -  * Debugger is active!
2025-03-19 18:52:25,143 - werkzeug - INFO -  * Debugger PIN: 691-175-853
2025-03-19 18:52:25,184 - Review.reviews.fri4p_review - INFO - Loading EOD data...
2025-03-19 18:52:28,875 - Review.reviews.fri4p_review - INFO - Loading reference data...
2025-03-19 18:52:37,334 - Review.reviews.fri4p_review - INFO - Processing sector: 1010.0, area: AS, group size: 46
2025-03-19 18:52:37,335 - Review.reviews.fri4p_review - INFO - Companies in group: 46, to exclude: 9
2025-03-19 18:52:37,336 - Review.reviews.fri4p_review - INFO - Processing sector: 1010.0, area: EU, group size: 22
2025-03-19 18:52:37,336 - Review.reviews.fri4p_review - INFO - Companies in group: 22, to exclude: 4
2025-03-19 18:52:37,336 - Review.reviews.fri4p_review - INFO - Processing sector: 1010.0, area: NA, group size: 83
2025-03-19 18:52:37,337 - Review.reviews.fri4p_review - INFO - Companies in group: 83, to exclude: 16
2025-03-19 18:52:37,337 - Review.reviews.fri4p_review - INFO - Processing sector: 1510.0, area: AS, group size: 12
2025-03-19 18:52:37,338 - Review.reviews.fri4p_review - INFO - Companies in group: 12, to exclude: 2
2025-03-19 18:52:37,338 - Review.reviews.fri4p_review - INFO - Processing sector: 1510.0, area: EU, group size: 18
2025-03-19 18:52:37,338 - Review.reviews.fri4p_review - INFO - Companies in group: 18, to exclude: 3
2025-03-19 18:52:37,339 - Review.reviews.fri4p_review - INFO - Processing sector: 1510.0, area: NA, group size: 10
2025-03-19 18:52:37,339 - Review.reviews.fri4p_review - INFO - Companies in group: 10, to exclude: 1
2025-03-19 18:52:37,339 - Review.reviews.fri4p_review - INFO - Processing sector: 2010.0, area: AS, group size: 30
2025-03-19 18:52:37,340 - Review.reviews.fri4p_review - INFO - Companies in group: 30, to exclude: 5
2025-03-19 18:52:37,340 - Review.reviews.fri4p_review - INFO - Processing sector: 2010.0, area: EU, group size: 44
2025-03-19 18:52:37,340 - Review.reviews.fri4p_review - INFO - Companies in group: 44, to exclude: 8
2025-03-19 18:52:37,341 - Review.reviews.fri4p_review - INFO - Processing sector: 2010.0, area: NA, group size: 46
2025-03-19 18:52:37,341 - Review.reviews.fri4p_review - INFO - Companies in group: 46, to exclude: 9
2025-03-19 18:52:37,342 - Review.reviews.fri4p_review - INFO - Processing sector: 3010.0, area: AS, group size: 30
2025-03-19 18:52:37,342 - Review.reviews.fri4p_review - INFO - Companies in group: 30, to exclude: 5
2025-03-19 18:52:37,342 - Review.reviews.fri4p_review - INFO - Processing sector: 3010.0, area: EU, group size: 45
2025-03-19 18:52:37,343 - Review.reviews.fri4p_review - INFO - Companies in group: 45, to exclude: 8
2025-03-19 18:52:37,343 - Review.reviews.fri4p_review - INFO - Processing sector: 3010.0, area: NA, group size: 21
2025-03-19 18:52:37,344 - Review.reviews.fri4p_review - INFO - Companies in group: 21, to exclude: 4
2025-03-19 18:52:37,344 - Review.reviews.fri4p_review - INFO - Processing sector: 3020.0, area: AS, group size: 17
2025-03-19 18:52:37,345 - Review.reviews.fri4p_review - INFO - Companies in group: 17, to exclude: 3
2025-03-19 18:52:37,345 - Review.reviews.fri4p_review - INFO - Processing sector: 3020.0, area: EU, group size: 34
2025-03-19 18:52:37,345 - Review.reviews.fri4p_review - INFO - Companies in group: 34, to exclude: 6
2025-03-19 18:52:37,346 - Review.reviews.fri4p_review - INFO - Processing sector: 3020.0, area: NA, group size: 32
2025-03-19 18:52:37,346 - Review.reviews.fri4p_review - INFO - Companies in group: 32, to exclude: 6
2025-03-19 18:52:37,346 - Review.reviews.fri4p_review - INFO - Processing sector: 3030.0, area: AS, group size: 13
2025-03-19 18:52:37,346 - Review.reviews.fri4p_review - INFO - Companies in group: 13, to exclude: 2
2025-03-19 18:52:37,347 - Review.reviews.fri4p_review - INFO - Processing sector: 3030.0, area: EU, group size: 30
2025-03-19 18:52:37,347 - Review.reviews.fri4p_review - INFO - Companies in group: 30, to exclude: 5
2025-03-19 18:52:37,347 - Review.reviews.fri4p_review - INFO - Processing sector: 3030.0, area: NA, group size: 23
2025-03-19 18:52:37,348 - Review.reviews.fri4p_review - INFO - Companies in group: 23, to exclude: 4
2025-03-19 18:52:37,348 - Review.reviews.fri4p_review - INFO - Processing sector: 3510.0, area: AS, group size: 48
2025-03-19 18:52:37,349 - Review.reviews.fri4p_review - INFO - Companies in group: 48, to exclude: 9
2025-03-19 18:52:37,349 - Review.reviews.fri4p_review - INFO - Processing sector: 3510.0, area: EU, group size: 21
2025-03-19 18:52:37,350 - Review.reviews.fri4p_review - INFO - Companies in group: 21, to exclude: 4
2025-03-19 18:52:37,351 - Review.reviews.fri4p_review - INFO - Processing sector: 3510.0, area: NA, group size: 22
2025-03-19 18:52:37,351 - Review.reviews.fri4p_review - INFO - Companies in group: 22, to exclude: 4
2025-03-19 18:52:37,351 - Review.reviews.fri4p_review - INFO - Processing sector: 4010.0, area: AS, group size: 15
2025-03-19 18:52:37,352 - Review.reviews.fri4p_review - INFO - Companies in group: 15, to exclude: 2
2025-03-19 18:52:37,352 - Review.reviews.fri4p_review - INFO - Processing sector: 4010.0, area: EU, group size: 12
2025-03-19 18:52:37,353 - Review.reviews.fri4p_review - INFO - Companies in group: 12, to exclude: 2
2025-03-19 18:52:37,353 - Review.reviews.fri4p_review - INFO - Processing sector: 4010.0, area: NA, group size: 4
2025-03-19 18:52:37,353 - Review.reviews.fri4p_review - INFO - Companies in group: 4, to exclude: 0
2025-03-19 18:52:37,354 - Review.reviews.fri4p_review - WARNING - No companies to exclude for sector 4010.0 and area NA
2025-03-19 18:52:37,354 - Review.reviews.fri4p_review - INFO - Processing sector: 4020.0, area: AS, group size: 29
2025-03-19 18:52:37,355 - Review.reviews.fri4p_review - INFO - Companies in group: 29, to exclude: 5
2025-03-19 18:52:37,355 - Review.reviews.fri4p_review - INFO - Processing sector: 4020.0, area: EU, group size: 22
2025-03-19 18:52:37,355 - Review.reviews.fri4p_review - INFO - Companies in group: 22, to exclude: 4
2025-03-19 18:52:37,356 - Review.reviews.fri4p_review - INFO - Processing sector: 4020.0, area: NA, group size: 17
2025-03-19 18:52:37,356 - Review.reviews.fri4p_review - INFO - Companies in group: 17, to exclude: 3
2025-03-19 18:52:37,357 - Review.reviews.fri4p_review - INFO - Processing sector: 4030.0, area: AS, group size: 6
2025-03-19 18:52:37,357 - Review.reviews.fri4p_review - INFO - Companies in group: 6, to exclude: 1
2025-03-19 18:52:37,357 - Review.reviews.fri4p_review - INFO - Processing sector: 4030.0, area: EU, group size: 9
2025-03-19 18:52:37,358 - Review.reviews.fri4p_review - INFO - Companies in group: 9, to exclude: 1
2025-03-19 18:52:37,358 - Review.reviews.fri4p_review - INFO - Processing sector: 4030.0, area: NA, group size: 6
2025-03-19 18:52:37,358 - Review.reviews.fri4p_review - INFO - Companies in group: 6, to exclude: 1
2025-03-19 18:52:37,358 - Review.reviews.fri4p_review - INFO - Processing sector: 4040.0, area: AS, group size: 13
2025-03-19 18:52:37,359 - Review.reviews.fri4p_review - INFO - Companies in group: 13, to exclude: 2
2025-03-19 18:52:37,359 - Review.reviews.fri4p_review - INFO - Processing sector: 4040.0, area: EU, group size: 9
2025-03-19 18:52:37,359 - Review.reviews.fri4p_review - INFO - Companies in group: 9, to exclude: 1
2025-03-19 18:52:37,359 - Review.reviews.fri4p_review - INFO - Processing sector: 4040.0, area: NA, group size: 20
2025-03-19 18:52:37,360 - Review.reviews.fri4p_review - INFO - Companies in group: 20, to exclude: 3
2025-03-19 18:52:37,360 - Review.reviews.fri4p_review - INFO - Processing sector: 4050.0, area: AS, group size: 19
2025-03-19 18:52:37,360 - Review.reviews.fri4p_review - INFO - Companies in group: 19, to exclude: 3
2025-03-19 18:52:37,361 - Review.reviews.fri4p_review - INFO - Processing sector: 4050.0, area: EU, group size: 12
2025-03-19 18:52:37,361 - Review.reviews.fri4p_review - INFO - Companies in group: 12, to exclude: 2
2025-03-19 18:52:37,361 - Review.reviews.fri4p_review - INFO - Processing sector: 4050.0, area: NA, group size: 19
2025-03-19 18:52:37,361 - Review.reviews.fri4p_review - INFO - Companies in group: 19, to exclude: 3
2025-03-19 18:52:37,362 - Review.reviews.fri4p_review - INFO - Processing sector: 4510.0, area: AS, group size: 25
2025-03-19 18:52:37,362 - Review.reviews.fri4p_review - INFO - Companies in group: 25, to exclude: 4
2025-03-19 18:52:37,362 - Review.reviews.fri4p_review - INFO - Processing sector: 4510.0, area: EU, group size: 23
2025-03-19 18:52:37,363 - Review.reviews.fri4p_review - INFO - Companies in group: 23, to exclude: 4
2025-03-19 18:52:37,363 - Review.reviews.fri4p_review - INFO - Processing sector: 4510.0, area: NA, group size: 17
2025-03-19 18:52:37,364 - Review.reviews.fri4p_review - INFO - Companies in group: 17, to exclude: 3
2025-03-19 18:52:37,364 - Review.reviews.fri4p_review - INFO - Processing sector: 4520.0, area: AS, group size: 16
2025-03-19 18:52:37,364 - Review.reviews.fri4p_review - INFO - Companies in group: 16, to exclude: 3
2025-03-19 18:52:37,365 - Review.reviews.fri4p_review - INFO - Processing sector: 4520.0, area: EU, group size: 12
2025-03-19 18:52:37,365 - Review.reviews.fri4p_review - INFO - Companies in group: 12, to exclude: 2
2025-03-19 18:52:37,366 - Review.reviews.fri4p_review - INFO - Processing sector: 4520.0, area: NA, group size: 12
2025-03-19 18:52:37,366 - Review.reviews.fri4p_review - INFO - Companies in group: 12, to exclude: 2
2025-03-19 18:52:37,366 - Review.reviews.fri4p_review - INFO - Processing sector: 5010.0, area: AS, group size: 17
2025-03-19 18:52:37,367 - Review.reviews.fri4p_review - INFO - Companies in group: 17, to exclude: 3
2025-03-19 18:52:37,367 - Review.reviews.fri4p_review - INFO - Processing sector: 5010.0, area: EU, group size: 25
2025-03-19 18:52:37,368 - Review.reviews.fri4p_review - INFO - Companies in group: 25, to exclude: 4
2025-03-19 18:52:37,368 - Review.reviews.fri4p_review - INFO - Processing sector: 5010.0, area: NA, group size: 10
2025-03-19 18:52:37,368 - Review.reviews.fri4p_review - INFO - Companies in group: 10, to exclude: 1
2025-03-19 18:52:37,368 - Review.reviews.fri4p_review - INFO - Processing sector: 5020.0, area: AS, group size: 95
2025-03-19 18:52:37,369 - Review.reviews.fri4p_review - INFO - Companies in group: 95, to exclude: 18
2025-03-19 18:52:37,369 - Review.reviews.fri4p_review - INFO - Processing sector: 5020.0, area: EU, group size: 91
2025-03-19 18:52:37,370 - Review.reviews.fri4p_review - INFO - Companies in group: 91, to exclude: 18
2025-03-19 18:52:37,370 - Review.reviews.fri4p_review - INFO - Processing sector: 5020.0, area: NA, group size: 75
2025-03-19 18:52:37,371 - Review.reviews.fri4p_review - INFO - Companies in group: 75, to exclude: 14
2025-03-19 18:52:37,371 - Review.reviews.fri4p_review - INFO - Processing sector: 5510.0, area: AS, group size: 20
2025-03-19 18:52:37,371 - Review.reviews.fri4p_review - INFO - Companies in group: 20, to exclude: 3
2025-03-19 18:52:37,372 - Review.reviews.fri4p_review - INFO - Processing sector: 5510.0, area: EU, group size: 14
2025-03-19 18:52:37,372 - Review.reviews.fri4p_review - INFO - Companies in group: 14, to exclude: 2
2025-03-19 18:52:37,372 - Review.reviews.fri4p_review - INFO - Processing sector: 5510.0, area: NA, group size: 12
2025-03-19 18:52:37,373 - Review.reviews.fri4p_review - INFO - Companies in group: 12, to exclude: 2
2025-03-19 18:52:37,373 - Review.reviews.fri4p_review - INFO - Processing sector: 5520.0, area: AS, group size: 17
2025-03-19 18:52:37,373 - Review.reviews.fri4p_review - INFO - Companies in group: 17, to exclude: 3
2025-03-19 18:52:37,374 - Review.reviews.fri4p_review - INFO - Processing sector: 5520.0, area: EU, group size: 14
2025-03-19 18:52:37,374 - Review.reviews.fri4p_review - INFO - Companies in group: 14, to exclude: 2
2025-03-19 18:52:37,374 - Review.reviews.fri4p_review - INFO - Processing sector: 5520.0, area: NA, group size: 6
2025-03-19 18:52:37,374 - Review.reviews.fri4p_review - INFO - Companies in group: 6, to exclude: 1
2025-03-19 18:52:37,375 - Review.reviews.fri4p_review - INFO - Processing sector: 6010.0, area: AS, group size: 10
2025-03-19 18:52:37,375 - Review.reviews.fri4p_review - INFO - Companies in group: 10, to exclude: 1
2025-03-19 18:52:37,375 - Review.reviews.fri4p_review - INFO - Processing sector: 6010.0, area: EU, group size: 19
2025-03-19 18:52:37,375 - Review.reviews.fri4p_review - INFO - Companies in group: 19, to exclude: 3
2025-03-19 18:52:37,376 - Review.reviews.fri4p_review - INFO - Processing sector: 6010.0, area: NA, group size: 34
2025-03-19 18:52:37,376 - Review.reviews.fri4p_review - INFO - Companies in group: 34, to exclude: 6
2025-03-19 18:52:37,376 - Review.reviews.fri4p_review - INFO - Processing sector: 6510.0, area: AS, group size: 22
2025-03-19 18:52:37,377 - Review.reviews.fri4p_review - INFO - Companies in group: 22, to exclude: 4
2025-03-19 18:52:37,377 - Review.reviews.fri4p_review - INFO - Processing sector: 6510.0, area: EU, group size: 23
2025-03-19 18:52:37,377 - Review.reviews.fri4p_review - INFO - Companies in group: 23, to exclude: 4
2025-03-19 18:52:37,378 - Review.reviews.fri4p_review - INFO - Processing sector: 6510.0, area: NA, group size: 31
2025-03-19 18:52:37,378 - Review.reviews.fri4p_review - INFO - Companies in group: 31, to exclude: 6
2025-03-19 18:52:49,963 - Review.reviews.fri4p_review - INFO - Checking IsinCode FRIX00003643 in index_eod_df
2025-03-19 18:52:49,964 - Review.reviews.fri4p_review - INFO - Found 1 matching rows
2025-03-19 18:52:49,980 - Review.reviews.fri4p_review - INFO - Saving FRI4P output to: C:\Users\CSonneveld\OneDrive - Euronext\Documents\Projects\GUI + Reviews\output\FRI4P_df_20250319_185249.xlsx
2025-03-19 18:52:50,374 - werkzeug - INFO - 127.0.0.1 - - [19/Mar/2025 18:52:50] "POST /calculate HTTP/1.1" 200 -
