2025-09-11 15:44:21,867 - werkzeug - WARNING -  * Debugger is active!
2025-09-11 15:44:21,874 - werkzeug - INFO -  * Debugger PIN: 691-175-853
2025-09-11 15:44:29,246 - werkzeug - INFO - 127.0.0.1 - - [11/Sep/2025 15:44:29] "POST /calculate HTTP/1.1" 200 -
2025-09-11 15:44:29,246 - Review.reviews.edwp_review - INFO - Starting EDWP review calculation
2025-09-11 15:44:29,253 - werkzeug - INFO - 127.0.0.1 - - [11/Sep/2025 15:44:29] "GET /task-status/91383ac9-0583-4d39-832c-114c9074b939 HTTP/1.1" 200 -
2025-09-11 15:44:31,259 - werkzeug - INFO - 127.0.0.1 - - [11/Sep/2025 15:44:31] "GET /task-status/91383ac9-0583-4d39-832c-114c9074b939 HTTP/1.1" 200 -
2025-09-11 15:44:32,478 - Review.reviews.edwp_review - INFO - 
EDWP Selection Summary:
2025-09-11 15:44:32,479 - Review.reviews.edwp_review - INFO - Total companies selected: 1580
2025-09-11 15:44:32,481 - Review.reviews.edwp_review - INFO - Total FFMC covered: 88.84%
2025-09-11 15:44:32,513 - Review.reviews.edwp_review - INFO - 
DEUP Selection Summary:
2025-09-11 15:44:32,514 - Review.reviews.edwp_review - INFO - Total companies selected: 438
2025-09-11 15:44:32,515 - Review.reviews.edwp_review - INFO - Total FFMC covered: 88.56%
2025-09-11 15:44:32,534 - Review.reviews.edwp_review - INFO - 
DEZP Selection Summary:
2025-09-11 15:44:32,535 - Review.reviews.edwp_review - INFO - Total companies selected: 179
2025-09-11 15:44:32,536 - Review.reviews.edwp_review - INFO - Total FFMC covered: 88.01%
2025-09-11 15:44:32,556 - Review.reviews.edwp_review - INFO - 
DAPPR Selection Summary:
2025-09-11 15:44:32,558 - Review.reviews.edwp_review - INFO - Total companies selected: 504
2025-09-11 15:44:32,559 - Review.reviews.edwp_review - INFO - Total FFMC covered: 85.82%
2025-09-11 15:44:32,574 - Review.reviews.edwp_review - INFO - 
DNAP Selection Summary:
2025-09-11 15:44:32,575 - Review.reviews.edwp_review - INFO - Total companies selected: 459
2025-09-11 15:44:32,576 - Review.reviews.edwp_review - INFO - Total FFMC covered: 85.81%
2025-09-11 15:44:32,591 - Review.reviews.edwp_review - INFO - 
DASP Selection Summary:
2025-09-11 15:44:32,592 - Review.reviews.edwp_review - INFO - Total companies selected: 402
2025-09-11 15:44:32,593 - Review.reviews.edwp_review - INFO - Total FFMC covered: 85.55%
2025-09-11 15:44:32,601 - Review.reviews.edwp_review - INFO - 
DPAP Selection Summary:
2025-09-11 15:44:32,602 - Review.reviews.edwp_review - INFO - Total companies selected: 97
2025-09-11 15:44:32,603 - Review.reviews.edwp_review - INFO - Total FFMC covered: 86.08%
2025-09-11 15:44:32,617 - Review.reviews.edwp_review - INFO - 
EUSP Selection Summary:
2025-09-11 15:44:32,618 - Review.reviews.edwp_review - INFO - Total companies selected: 363
2025-09-11 15:44:32,619 - Review.reviews.edwp_review - INFO - Total FFMC covered: 85.03%
2025-09-11 15:44:32,630 - Review.reviews.edwp_review - INFO - 
EJPP Selection Summary:
2025-09-11 15:44:32,631 - Review.reviews.edwp_review - INFO - Total companies selected: 342
2025-09-11 15:44:32,633 - Review.reviews.edwp_review - INFO - Total FFMC covered: 85.01%
2025-09-11 15:44:32,638 - Review.reviews.edwp_review - INFO - 
ECHP Selection Summary:
2025-09-11 15:44:32,638 - Review.reviews.edwp_review - INFO - Total companies selected: 25
2025-09-11 15:44:32,639 - Review.reviews.edwp_review - INFO - Total FFMC covered: 85.01%
2025-09-11 15:44:32,647 - Review.reviews.edwp_review - INFO - 
EUKP Selection Summary:
2025-09-11 15:44:32,648 - Review.reviews.edwp_review - INFO - Total companies selected: 79
2025-09-11 15:44:32,649 - Review.reviews.edwp_review - INFO - Total FFMC covered: 85.17%
2025-09-11 15:44:32,655 - Review.reviews.edwp_review - INFO - 
CANP Selection Summary:
2025-09-11 15:44:32,656 - Review.reviews.edwp_review - INFO - Total companies selected: 74
2025-09-11 15:44:32,657 - Review.reviews.edwp_review - INFO - Total FFMC covered: 85.16%
2025-09-11 15:44:32,671 - Review.reviews.edwp_review - INFO - 
Global Selection Summary:
2025-09-11 15:44:32,672 - Review.reviews.edwp_review - INFO - Total companies selected: 1580
2025-09-11 15:44:32,674 - Review.reviews.edwp_review - INFO - Total FFMC covered: 88.84%
2025-09-11 15:44:32,684 - Review.reviews.edwp_review - INFO - 
MIC-level Summary:
2025-09-11 15:44:32,684 - Review.reviews.edwp_review - INFO -       ISIN          FFMC  EDWP_selection
MIC                                     
ALXP     1  9.883261e+08               0
BATS     1  2.199535e+10               1
DSME     1  1.942100e+07               0
FSME     2  4.560935e+08               0
MERK     2  2.434286e+08               0
MTAA   242  6.616828e+11              25
NEOE     1  4.880961e+07               0
SSME    16  5.302860e+09               0
WBAH    29  7.279940e+10               8
XAMS    81  1.180872e+12              18
XASE     3  7.511585e+09               0
XASX   895  1.497465e+12              77
XBRU    64  2.218685e+11              15
XCSE    98  3.906898e+11              15
XESM     2  1.791636e+09               0
XETR   231  1.834892e+12              32
XHEL   131  2.273515e+11              16
XHKG   266  5.355683e+11              24
XLIS    17  4.001595e+10               5
XLON   832  2.475530e+12              79
XMAD    97  6.461406e+11              13
XMSM    13  5.930509e+10               5
XNCM    34  9.657971e+10               0
XNGM    61  1.481313e+09               0
XNGS  2560  2.783051e+13             180
XNMS    63  1.747475e+11               2
XNYS  1715  2.615317e+13             363
XNZE    54  5.751231e+10              15
XOSL   227  1.836013e+11              40
XPAR   348  1.965679e+12              30
XSES   144  3.156131e+11              26
XSTO   606  7.184752e+11              73
XSWX   158  1.679296e+12              27
XTAE   285  2.310484e+11              75
XTKS  3667  5.319129e+12             342
XTSE   495  2.317030e+12              74
2025-09-11 15:44:32,706 - Review.reviews.edwp_review - INFO - Saving output to: C:\Users\CSonneveld\OneDrive - Euronext\Documents\Projects\GUI + Reviews\output\EDWP_df_20250911_154432.xlsx
2025-09-11 15:44:32,799 - Review.reviews.edwp_review - INFO - 
EDWP Changes Summary:
2025-09-11 15:44:32,800 - Review.reviews.edwp_review - INFO - Inclusions: 97
2025-09-11 15:44:32,800 - Review.reviews.edwp_review - INFO - Exclusions: 57
2025-09-11 15:44:32,822 - Review.reviews.edwp_review - INFO - 
DEUP Changes Summary:
2025-09-11 15:44:32,822 - Review.reviews.edwp_review - INFO - Inclusions: 16
2025-09-11 15:44:32,822 - Review.reviews.edwp_review - INFO - Exclusions: 14
2025-09-11 15:44:32,836 - Review.reviews.edwp_review - INFO - 
DEZP Changes Summary:
2025-09-11 15:44:32,836 - Review.reviews.edwp_review - INFO - Inclusions: 7
2025-09-11 15:44:32,836 - Review.reviews.edwp_review - INFO - Exclusions: 7
2025-09-11 15:44:32,864 - Review.reviews.edwp_review - INFO - 
DAPPR Changes Summary:
2025-09-11 15:44:32,864 - Review.reviews.edwp_review - INFO - Inclusions: 25
2025-09-11 15:44:32,864 - Review.reviews.edwp_review - INFO - Exclusions: 11
2025-09-11 15:44:32,889 - Review.reviews.edwp_review - INFO - 
DNAP Changes Summary:
2025-09-11 15:44:32,890 - Review.reviews.edwp_review - INFO - Inclusions: 25
2025-09-11 15:44:32,890 - Review.reviews.edwp_review - INFO - Exclusions: 17
2025-09-11 15:44:32,911 - Review.reviews.edwp_review - INFO - 
DASP Changes Summary:
2025-09-11 15:44:32,911 - Review.reviews.edwp_review - INFO - Inclusions: 20
2025-09-11 15:44:32,911 - Review.reviews.edwp_review - INFO - Exclusions: 8
2025-09-11 15:44:32,922 - Review.reviews.edwp_review - INFO - 
DPAP Changes Summary:
2025-09-11 15:44:32,923 - Review.reviews.edwp_review - INFO - Inclusions: 6
2025-09-11 15:44:32,923 - Review.reviews.edwp_review - INFO - Exclusions: 2
2025-09-11 15:44:32,944 - Review.reviews.edwp_review - INFO - 
EUSP Changes Summary:
2025-09-11 15:44:32,944 - Review.reviews.edwp_review - INFO - Inclusions: 18
2025-09-11 15:44:32,944 - Review.reviews.edwp_review - INFO - Exclusions: 17
2025-09-11 15:44:32,964 - Review.reviews.edwp_review - INFO - 
EJPP Changes Summary:
2025-09-11 15:44:32,965 - Review.reviews.edwp_review - INFO - Inclusions: 12
2025-09-11 15:44:32,965 - Review.reviews.edwp_review - INFO - Exclusions: 8
2025-09-11 15:44:32,973 - Review.reviews.edwp_review - INFO - 
ECHP Changes Summary:
2025-09-11 15:44:32,974 - Review.reviews.edwp_review - INFO - Inclusions: 2
2025-09-11 15:44:32,974 - Review.reviews.edwp_review - INFO - Exclusions: 3
2025-09-11 15:44:32,983 - Review.reviews.edwp_review - INFO - 
EUKP Changes Summary:
2025-09-11 15:44:32,984 - Review.reviews.edwp_review - INFO - Inclusions: 2
2025-09-11 15:44:32,984 - Review.reviews.edwp_review - INFO - Exclusions: 5
2025-09-11 15:44:32,995 - Review.reviews.edwp_review - INFO - 
CANP Changes Summary:
2025-09-11 15:44:32,995 - Review.reviews.edwp_review - INFO - Inclusions: 5
2025-09-11 15:44:32,995 - Review.reviews.edwp_review - INFO - Exclusions: 1
2025-09-11 15:44:33,315 - werkzeug - INFO - 127.0.0.1 - - [11/Sep/2025 15:44:33] "GET /task-status/91383ac9-0583-4d39-832c-114c9074b939 HTTP/1.1" 200 -
2025-09-11 15:44:35,391 - werkzeug - INFO - 127.0.0.1 - - [11/Sep/2025 15:44:35] "GET /task-status/91383ac9-0583-4d39-832c-114c9074b939 HTTP/1.1" 200 -
2025-09-11 15:44:37,253 - werkzeug - INFO - 127.0.0.1 - - [11/Sep/2025 15:44:37] "GET /task-status/91383ac9-0583-4d39-832c-114c9074b939 HTTP/1.1" 200 -
2025-09-11 15:44:37,334 - Review.reviews.edwp_review - INFO - Saving individual composition file for EDWP to: C:\Users\CSonneveld\OneDrive - Euronext\Documents\Projects\GUI + Reviews\output\EDWP_Composition_20250911_154432.xlsx
2025-09-11 15:44:37,458 - Review.reviews.edwp_review - INFO - Saving individual composition file for DEUP to: C:\Users\CSonneveld\OneDrive - Euronext\Documents\Projects\GUI + Reviews\output\DEUP_Composition_20250911_154432.xlsx
2025-09-11 15:44:37,510 - Review.reviews.edwp_review - INFO - Saving individual composition file for DEZP to: C:\Users\CSonneveld\OneDrive - Euronext\Documents\Projects\GUI + Reviews\output\DEZP_Composition_20250911_154432.xlsx
2025-09-11 15:44:37,540 - Review.reviews.edwp_review - INFO - Saving individual composition file for DAPPR to: C:\Users\CSonneveld\OneDrive - Euronext\Documents\Projects\GUI + Reviews\output\DAPPR_Composition_20250911_154432.xlsx
2025-09-11 15:44:37,600 - Review.reviews.edwp_review - INFO - Saving individual composition file for DNAP to: C:\Users\CSonneveld\OneDrive - Euronext\Documents\Projects\GUI + Reviews\output\DNAP_Composition_20250911_154432.xlsx
2025-09-11 15:44:37,643 - Review.reviews.edwp_review - INFO - Saving individual composition file for DASP to: C:\Users\CSonneveld\OneDrive - Euronext\Documents\Projects\GUI + Reviews\output\DASP_Composition_20250911_154432.xlsx
2025-09-11 15:44:37,681 - Review.reviews.edwp_review - INFO - Saving individual composition file for DPAP to: C:\Users\CSonneveld\OneDrive - Euronext\Documents\Projects\GUI + Reviews\output\DPAP_Composition_20250911_154432.xlsx
2025-09-11 15:44:37,702 - Review.reviews.edwp_review - INFO - Saving individual composition file for EUSP to: C:\Users\CSonneveld\OneDrive - Euronext\Documents\Projects\GUI + Reviews\output\EUSP_Composition_20250911_154432.xlsx
2025-09-11 15:44:37,737 - Review.reviews.edwp_review - INFO - Saving individual composition file for EJPP to: C:\Users\CSonneveld\OneDrive - Euronext\Documents\Projects\GUI + Reviews\output\EJPP_Composition_20250911_154432.xlsx
2025-09-11 15:44:37,781 - Review.reviews.edwp_review - INFO - Saving individual composition file for ECHP to: C:\Users\CSonneveld\OneDrive - Euronext\Documents\Projects\GUI + Reviews\output\ECHP_Composition_20250911_154432.xlsx
2025-09-11 15:44:37,806 - Review.reviews.edwp_review - INFO - Saving individual composition file for EUKP to: C:\Users\CSonneveld\OneDrive - Euronext\Documents\Projects\GUI + Reviews\output\EUKP_Composition_20250911_154432.xlsx
2025-09-11 15:44:37,825 - Review.reviews.edwp_review - INFO - Saving individual composition file for CANP to: C:\Users\CSonneveld\OneDrive - Euronext\Documents\Projects\GUI + Reviews\output\CANP_Composition_20250911_154432.xlsx
2025-09-11 15:44:37,843 - Review.reviews.edwp_review - INFO - Individual composition files saved: 12
2025-09-11 15:44:39,254 - werkzeug - INFO - 127.0.0.1 - - [11/Sep/2025 15:44:39] "GET /task-status/91383ac9-0583-4d39-832c-114c9074b939 HTTP/1.1" 200 -
