2025-03-19 16:39:32,559 - werkzeug - WARNING -  * Debugger is active!
2025-03-19 16:39:32,561 - werkzeug - INFO -  * Debugger PIN: 691-175-853
2025-03-19 16:39:32,732 - Review.reviews.f4rip_review - INFO - Loading EOD data...
2025-03-19 16:39:36,425 - Review.reviews.f4rip_review - INFO - Loading reference data...
2025-03-19 16:39:37,614 - Review.reviews.f4rip_review - ERROR - Error during review calculation: 'Preliminary Number of shares'
2025-03-19 16:39:37,614 - Review.reviews.f4rip_review - ERROR - Traceback (most recent call last):
  File "C:\Users\CSonneveld\AppData\Roaming\Python\Python312\site-packages\pandas\core\indexes\base.py", line 3805, in get_loc
    return self._engine.get_loc(casted_key)
           ^^^^^^^^^^^^^^^^^^^^^^^^^^^^^^^^
  File "index.pyx", line 167, in pandas._libs.index.IndexEngine.get_loc
  File "index.pyx", line 196, in pandas._libs.index.IndexEngine.get_loc
  File "pandas\\_libs\\hashtable_class_helper.pxi", line 7081, in pandas._libs.hashtable.PyObjectHashTable.get_item
  File "pandas\\_libs\\hashtable_class_helper.pxi", line 7089, in pandas._libs.hashtable.PyObjectHashTable.get_item
KeyError: 'Preliminary Number of shares'

The above exception was the direct cause of the following exception:

Traceback (most recent call last):
  File "C:\Users\CSonneveld\OneDrive - Euronext\Documents\Projects\GUI + Reviews\Review\reviews\f4rip_review.py", line 82, in run_f4rip_review
    selection_df['FFMC CO'] = selection_df['Preliminary Number of shares'] * selection_df['Preliminary Free Float'] * selection_df['Preliminary Capping Factor'] * selection_df['Close Prc_CO']
                              ~~~~~~~~~~~~^^^^^^^^^^^^^^^^^^^^^^^^^^^^^^^^
  File "C:\Users\CSonneveld\AppData\Roaming\Python\Python312\site-packages\pandas\core\frame.py", line 4102, in __getitem__
    indexer = self.columns.get_loc(key)
              ^^^^^^^^^^^^^^^^^^^^^^^^^
  File "C:\Users\CSonneveld\AppData\Roaming\Python\Python312\site-packages\pandas\core\indexes\base.py", line 3812, in get_loc
    raise KeyError(key) from err
KeyError: 'Preliminary Number of shares'

2025-03-19 16:39:37,629 - werkzeug - INFO - 127.0.0.1 - - [19/Mar/2025 16:39:37] "POST /calculate HTTP/1.1" 200 -
2025-03-19 16:41:48,243 - werkzeug - INFO -  * Detected change in 'C:\\Users\\CSonneveld\\OneDrive - Euronext\\Documents\\Projects\\GUI + Reviews\\Review\\reviews\\f4rip_review.py', reloading
2025-03-19 16:41:48,243 - werkzeug - INFO -  * Detected change in 'C:\\Users\\CSonneveld\\OneDrive - Euronext\\Documents\\Projects\\GUI + Reviews\\Review\\reviews\\f4rip_review.py', reloading
2025-03-19 16:41:48,243 - werkzeug - INFO -  * Detected change in 'C:\\Users\\CSonneveld\\OneDrive - Euronext\\Documents\\Projects\\GUI + Reviews\\Review\\reviews\\f4rip_review.py', reloading
