2025-04-15 20:48:42,056 - werkzeug - WARNING -  * Debugger is active!
2025-04-15 20:48:42,056 - werkzeug - INFO -  * Debugger PIN: 691-175-853
2025-04-15 20:55:46,304 - Review.reviews.lc3wp_review - INFO - Loading EOD data...
2025-04-15 20:55:47,968 - Review.reviews.lc3wp_review - INFO - Loading reference data...
2025-04-15 20:55:57,699 - Review.reviews.lc3wp_review - WARNING - Removed 18750 duplicate rows from cdp_climate_df
2025-04-15 20:55:57,699 - Review.reviews.lc3wp_review - INFO - Adding Free Float data...
2025-04-15 20:55:57,738 - Review.reviews.lc3wp_review - INFO - Adding ICB Subsector data...
2025-04-15 20:55:57,761 - Review.reviews.lc3wp_review - WARNING - Removed 9314 duplicate rows from ICB data
2025-04-15 20:55:57,767 - Review.reviews.lc3wp_review - INFO - Adding CDP Climate data...
2025-04-15 20:55:57,780 - Review.reviews.lc3wp_review - INFO - Adding Oekom Trust & Carbon data...
2025-04-15 20:55:57,786 - Review.reviews.lc3wp_review - INFO - Adding NACE data...
2025-04-15 20:55:57,790 - Review.reviews.lc3wp_review - INFO - Adding EU Taxonomy flag...
2025-04-15 20:55:57,794 - Review.reviews.lc3wp_review - INFO - Checking GAFI lists and Non-fiscally cooperative countries...
2025-04-15 20:55:57,795 - Review.reviews.lc3wp_review - INFO - Applying exclusion criteria...
2025-04-15 20:55:57,806 - Review.reviews.lc3wp_review - INFO - Marked 149 companies (10%) with worst SG scores for exclusion
2025-04-15 20:55:57,830 - Review.reviews.lc3wp_review - INFO - Calculating Climate Score for ranking...
2025-04-15 20:55:57,832 - Review.reviews.lc3wp_review - INFO - Calculating median Carbon Intensity by Supersector excluding zero values...
2025-04-15 20:55:57,835 - Review.reviews.lc3wp_review - INFO - Calculated median Carbon Intensity for 20 supersectors, excluding zero values
2025-04-15 20:55:57,850 - Review.reviews.lc3wp_review - INFO - Created CI column combining company-specific and median carbon intensity values
2025-04-15 20:55:57,852 - Review.reviews.lc3wp_review - INFO - Calculated WACI: 498.58403295446817
2025-04-15 20:55:57,852 - Review.reviews.lc3wp_review - INFO - Selecting EU Taxonomy companies...
2025-04-15 20:55:57,853 - Review.reviews.lc3wp_review - INFO - Found 14 EU Taxonomy companies after exclusions
2025-04-15 20:55:57,855 - Review.reviews.lc3wp_review - INFO - Found 979 Non-EU Taxonomy eligible companies after exclusions
2025-04-15 20:55:57,855 - Review.reviews.lc3wp_review - INFO - STEP 4a: Determining target number of Non-EU Taxonomy companies per super-sector...
2025-04-15 20:55:57,855 - Review.reviews.lc3wp_review - INFO - Target number of Non-EU Taxonomy companies: 286
2025-04-15 20:55:57,857 - Review.reviews.lc3wp_review - INFO - Total eligible Non-EU Taxonomy companies: 979
2025-04-15 20:55:57,857 - Review.reviews.lc3wp_review - INFO - Total target after rounding: 295 (vs. target of 286)
2025-04-15 20:55:57,858 - Review.reviews.lc3wp_review - INFO - Need to remove 9 companies due to rounding up
2025-04-15 20:55:57,858 - Review.reviews.lc3wp_review - INFO - STEP 4b: Selecting Non-EU Taxonomy companies based on climate score...
2025-04-15 20:55:57,859 - Review.reviews.lc3wp_review - INFO - Selected 39 companies from super-sector 1010.0
2025-04-15 20:55:57,860 - Review.reviews.lc3wp_review - INFO - Selected 12 companies from super-sector 1510.0
2025-04-15 20:55:57,861 - Review.reviews.lc3wp_review - INFO - Selected 34 companies from super-sector 2010.0
2025-04-15 20:55:57,863 - Review.reviews.lc3wp_review - INFO - Selected 24 companies from super-sector 3010.0
2025-04-15 20:55:57,864 - Review.reviews.lc3wp_review - INFO - Selected 21 companies from super-sector 3020.0
2025-04-15 20:55:57,864 - Review.reviews.lc3wp_review - INFO - Selected 19 companies from super-sector 3030.0
2025-04-15 20:55:57,865 - Review.reviews.lc3wp_review - INFO - Selected 24 companies from super-sector 3510.0
2025-04-15 20:55:57,866 - Review.reviews.lc3wp_review - INFO - Selected 6 companies from super-sector 4010.0
2025-04-15 20:55:57,867 - Review.reviews.lc3wp_review - INFO - Selected 17 companies from super-sector 4020.0
2025-04-15 20:55:57,869 - Review.reviews.lc3wp_review - INFO - Selected 5 companies from super-sector 4030.0
2025-04-15 20:55:57,870 - Review.reviews.lc3wp_review - INFO - Selected 8 companies from super-sector 4040.0
2025-04-15 20:55:57,871 - Review.reviews.lc3wp_review - INFO - Selected 11 companies from super-sector 4050.0
2025-04-15 20:55:57,872 - Review.reviews.lc3wp_review - INFO - Selected 15 companies from super-sector 4510.0
2025-04-15 20:55:57,873 - Review.reviews.lc3wp_review - INFO - Selected 8 companies from super-sector 4520.0
2025-04-15 20:55:57,874 - Review.reviews.lc3wp_review - INFO - Selected 6 companies from super-sector 5010.0
2025-04-15 20:55:57,875 - Review.reviews.lc3wp_review - INFO - Selected 33 companies from super-sector 5020.0
2025-04-15 20:55:57,875 - Review.reviews.lc3wp_review - INFO - Selected 6 companies from super-sector 5510.0
2025-04-15 20:55:57,876 - Review.reviews.lc3wp_review - INFO - Selected 5 companies from super-sector 5520.0
2025-04-15 20:55:57,877 - Review.reviews.lc3wp_review - INFO - Selected 2 companies from super-sector 6510.0
2025-04-15 20:55:57,889 - Review.reviews.lc3wp_review - INFO - Initial selection has 295 companies, need to remove 9
2025-04-15 20:55:57,917 - Review.reviews.lc3wp_review - INFO - Removed company US38141G1040 from supersector 3020 (Climate Score: 2.75)
2025-04-15 20:55:57,917 - Review.reviews.lc3wp_review - INFO - Removed company AU000000ANZ3 from supersector 3010 (Climate Score: 2.75)
2025-04-15 20:55:57,932 - Review.reviews.lc3wp_review - INFO - Removed company CA0679011084 from supersector 5510 (Climate Score: 2.58973159003276)
2025-04-15 20:55:57,934 - Review.reviews.lc3wp_review - INFO - Removed company JP3539220008 from supersector 3030 (Climate Score: 2.5)
2025-04-15 20:55:57,943 - Review.reviews.lc3wp_review - INFO - Removed company US7475251036 from supersector 1010 (Climate Score: 2.30023900135313)
2025-04-15 20:55:57,949 - Review.reviews.lc3wp_review - INFO - Removed company US2538681030 from supersector 3510 (Climate Score: 2.26099033267267)
2025-04-15 20:55:57,955 - Review.reviews.lc3wp_review - INFO - Removed company JP3705200008 from supersector 4050 (Climate Score: 2.24552928645429)
2025-04-15 20:55:57,956 - Review.reviews.lc3wp_review - INFO - Removed company DE0005552004 from supersector 5020 (Climate Score: 2.220375488488155)
2025-04-15 20:55:57,956 - Review.reviews.lc3wp_review - INFO - Removed company US4595061015 from supersector 5520 (Climate Score: 2.2099302264427454)
2025-04-15 20:55:57,966 - Review.reviews.lc3wp_review - INFO - Final Non-EU Taxonomy selection has 286 companies
2025-04-15 20:55:57,966 - Review.reviews.lc3wp_review - INFO - Minimum companies per supersector: 2
2025-04-15 20:55:57,969 - Review.reviews.lc3wp_review - INFO - Final selection contains 300 companies
2025-04-15 20:55:57,970 - Review.reviews.lc3wp_review - INFO - - EU Taxonomy: 14
2025-04-15 20:55:57,970 - Review.reviews.lc3wp_review - INFO - - Non-EU Taxonomy: 286
2025-04-15 20:55:57,970 - Review.reviews.lc3wp_review - INFO - Adding PAB flag based on CDP temperature score...
2025-04-15 20:55:57,972 - Review.reviews.lc3wp_review - INFO - Calculating liquidity constraints for all companies...
2025-04-15 20:55:57,972 - Review.reviews.lc3wp_review - INFO - Total FFMC_WD for all companies: 10468631126780.40
2025-04-15 20:55:57,973 - Review.reviews.lc3wp_review - INFO - Market cap based weights calculated for EU Taxonomy companies
2025-04-15 20:55:57,974 - Review.reviews.lc3wp_review - INFO - Liquidity caps for EU Taxonomy companies - Max: 4.5085%, Min: 0.5432%, Avg: 1.7228%
2025-04-15 20:55:57,974 - Review.reviews.lc3wp_review - INFO - Liquidity floors for EU Taxonomy companies - Max: 0.0000%, Min: 0.0000%, Avg: 0.0000%
2025-04-15 20:55:57,974 - Review.reviews.lc3wp_review - INFO - No liquidity issues found for EU Taxonomy companies
2025-04-15 20:55:57,977 - Review.reviews.lc3wp_review - INFO - Liquidity constraints have been calculated for all 300 companies
2025-04-15 20:55:57,977 - Review.reviews.lc3wp_review - INFO - STEP 5: Implementing PAB weighting optimization procedure...
2025-04-15 20:55:57,977 - Review.reviews.lc3wp_review - INFO - Total FFMC_WD for selected companies: 10468631126780.40
2025-04-15 20:55:57,977 - utils.weight_optimization - INFO - Starting PAB weighting optimization procedure...
2025-04-15 20:55:57,982 - utils.weight_optimization - INFO - Total FFMC in universe: 57414098526819.23
2025-04-15 20:55:57,982 - utils.weight_optimization - INFO - Total FFMC in portfolio: 10468631126780.40
2025-04-15 20:55:57,982 - utils.weight_optimization - INFO - Portfolio is 18.23% of universe FFMC
2025-04-15 20:55:57,982 - utils.weight_optimization - INFO - Optimizing weights for 300 companies
2025-04-15 20:55:57,982 - utils.weight_optimization - INFO - EU Taxonomy companies: 14
2025-04-15 20:55:57,982 - utils.weight_optimization - INFO - Non-EU Taxonomy companies: 286
2025-04-15 20:55:57,983 - utils.weight_optimization - INFO - Universe High Climate Impact weight: 0.5982
2025-04-15 20:55:57,984 - utils.weight_optimization - INFO - Universe Paris Agreement Plan ratio: 0.8557
2025-04-15 20:55:57,985 - utils.weight_optimization - INFO - Calculated weights for 20 supersectors in universe
2025-04-15 20:55:57,987 - utils.weight_optimization - INFO - Base year WACI: 254.12
2025-04-15 20:55:57,987 - utils.weight_optimization - INFO - Years passed: 1
2025-04-15 20:55:57,987 - utils.weight_optimization - INFO - Target WACI for current year: 236.33159999999998
2025-04-15 20:55:57,987 - utils.weight_optimization - INFO - Creating initial guess for optimization according to specified rules
2025-04-15 20:55:57,991 - utils.weight_optimization - INFO - EU Taxonomy pocket: 14 companies (target: 10% of total weight)
2025-04-15 20:55:57,991 - utils.weight_optimization - INFO - Non-EU Taxonomy pocket: 286 companies (target: 90% of total weight)
2025-04-15 20:55:57,991 - utils.weight_optimization - INFO - Initial weights - Total: 1.000000, EU: 0.100000 (10%), Non-EU: 0.900000 (90%)
2025-04-15 20:55:57,991 - utils.weight_optimization - INFO - Initial WACI: 421.34 (target: < 249.29)
2025-04-15 20:55:57,991 - utils.weight_optimization - INFO - Attempting optimization with factor = 2
2025-04-15 20:55:57,991 - utils.weight_optimization - INFO - Starting optimization with 1209 constraints
2025-04-15 20:58:20,802 - werkzeug - INFO -  * Detected change in 'C:\\Users\\CSonneveld\\OneDrive - Euronext\\Documents\\Projects\\GUI + Reviews\\utils\\weight_optimization.py', reloading
2025-04-15 20:58:20,846 - werkzeug - INFO -  * Detected change in 'C:\\Users\\CSonneveld\\OneDrive - Euronext\\Documents\\Projects\\GUI + Reviews\\utils\\weight_optimization.py', reloading
2025-04-15 20:58:20,869 - werkzeug - INFO -  * Detected change in 'C:\\Users\\CSonneveld\\OneDrive - Euronext\\Documents\\Projects\\GUI + Reviews\\utils\\weight_optimization.py', reloading
2025-04-15 20:58:21,846 - werkzeug - INFO -  * Detected change in 'C:\\Users\\CSonneveld\\OneDrive - Euronext\\Documents\\Projects\\GUI + Reviews\\utils\\weight_optimization.py', reloading
