2026-01-28 14:33:28,943 - Review.reviews.eesl_review - INFO - Starting EESL review calculation
2026-01-28 14:33:29,596 - Review.reviews.eesl_review - INFO - Found 847 existing companies in EESL
2026-01-28 14:33:29,614 - Review.reviews.eesl_review - INFO - 
Overall EESL Selection Summary:
2026-01-28 14:33:29,614 - Review.reviews.eesl_review - INFO - Total companies selected: 920
2026-01-28 14:33:29,615 - Review.reviews.eesl_review - INFO -   - Existing companies selected: 841
2026-01-28 14:33:29,615 - Review.reviews.eesl_review - INFO -   - New companies selected: 79
2026-01-28 14:33:29,616 - Review.reviews.eesl_review - INFO - Total FFMC covered: 15.11%
2026-01-28 14:33:29,616 - Review.reviews.eesl_review - INFO - 
Applying proportional capping
2026-01-28 14:33:29,616 - utils.capping_proportional - INFO - Starting proportional capping with max weight: 10.0%
2026-01-28 14:33:29,617 - utils.capping_proportional - INFO - Capping procedure converged after 0 iterations
2026-01-28 14:33:29,618 - utils.capping_proportional - INFO - Capping Summary:
2026-01-28 14:33:29,618 - utils.capping_proportional - INFO -   Total companies: 920
2026-01-28 14:33:29,618 - utils.capping_proportional - INFO -   Companies capped: 0
2026-01-28 14:33:29,618 - utils.capping_proportional - INFO -   Weight sum after capping: 1.000000
2026-01-28 14:33:29,618 - utils.capping_proportional - INFO -   Max weight after capping: 0.009838
2026-01-28 14:33:29,622 - Review.reviews.eesl_review - INFO - 
EESL Changes Summary:
2026-01-28 14:33:29,622 - Review.reviews.eesl_review - INFO - Inclusions: 79
2026-01-28 14:33:29,622 - Review.reviews.eesl_review - INFO - Exclusions: 74
2026-01-28 14:33:29,622 - Review.reviews.eesl_review - INFO - Saving output to: C:\Users\CSonneveld\OneDrive - Euronext\Documents\Projects\GUI + Reviews - Copy\output\EESL_Review_20260128_143329.xlsx
2026-01-28 14:33:29,888 - Review.reviews.eesl_review - INFO - File successfully saved to: C:\Users\CSonneveld\OneDrive - Euronext\Documents\Projects\GUI + Reviews - Copy\output\EESL_Review_20260128_143329.xlsx
