2025-09-17 17:27:57,917 - werkzeug - WARNING -  * Debugger is active!
2025-09-17 17:27:57,919 - werkzeug - INFO -  * Debugger PIN: 691-175-853
2025-09-17 17:27:58,268 - werkzeug - INFO - 127.0.0.1 - - [17/Sep/2025 17:27:58] "GET /task-status/0e6fa377-b972-4fda-b8ef-f39806f3840a HTTP/1.1" 200 -
2025-09-17 17:28:07,935 - werkzeug - INFO - 127.0.0.1 - - [17/Sep/2025 17:28:07] "POST /calculate HTTP/1.1" 200 -
2025-09-17 17:28:07,945 - Review.reviews.frd4p_review - INFO - Loading EOD data...
2025-09-17 17:28:07,964 - werkzeug - INFO - 127.0.0.1 - - [17/Sep/2025 17:28:07] "GET /task-status/ae982a51-8fb2-4f94-87fa-48244d88b00a HTTP/1.1" 200 -
2025-09-17 17:28:09,839 - Review.reviews.frd4p_review - INFO - Loading reference data...
2025-09-17 17:28:09,952 - werkzeug - INFO - 127.0.0.1 - - [17/Sep/2025 17:28:09] "GET /task-status/ae982a51-8fb2-4f94-87fa-48244d88b00a HTTP/1.1" 200 -
2025-09-17 17:28:11,952 - werkzeug - INFO - 127.0.0.1 - - [17/Sep/2025 17:28:11] "GET /task-status/ae982a51-8fb2-4f94-87fa-48244d88b00a HTTP/1.1" 200 -
2025-09-17 17:28:13,949 - werkzeug - INFO - 127.0.0.1 - - [17/Sep/2025 17:28:13] "GET /task-status/ae982a51-8fb2-4f94-87fa-48244d88b00a HTTP/1.1" 200 -
2025-09-17 17:28:15,949 - werkzeug - INFO - 127.0.0.1 - - [17/Sep/2025 17:28:15] "GET /task-status/ae982a51-8fb2-4f94-87fa-48244d88b00a HTTP/1.1" 200 -
2025-09-17 17:28:17,966 - werkzeug - INFO - 127.0.0.1 - - [17/Sep/2025 17:28:17] "GET /task-status/ae982a51-8fb2-4f94-87fa-48244d88b00a HTTP/1.1" 200 -
2025-09-17 17:28:19,966 - werkzeug - INFO - 127.0.0.1 - - [17/Sep/2025 17:28:19] "GET /task-status/ae982a51-8fb2-4f94-87fa-48244d88b00a HTTP/1.1" 200 -
2025-09-17 17:28:20,900 - Review.reviews.frd4p_review - INFO - Processing sector: 1010.0, area: AS, group size: 46
2025-09-17 17:28:20,900 - Review.reviews.frd4p_review - INFO - Companies in group: 46, to exclude: 9
2025-09-17 17:28:20,900 - Review.reviews.frd4p_review - INFO - Processing sector: 1010.0, area: EU, group size: 24
2025-09-17 17:28:20,900 - Review.reviews.frd4p_review - INFO - Companies in group: 24, to exclude: 4
2025-09-17 17:28:20,900 - Review.reviews.frd4p_review - INFO - Processing sector: 1010.0, area: NA, group size: 86
2025-09-17 17:28:20,900 - Review.reviews.frd4p_review - INFO - Companies in group: 86, to exclude: 17
2025-09-17 17:28:20,900 - Review.reviews.frd4p_review - INFO - Processing sector: 1510.0, area: AS, group size: 12
2025-09-17 17:28:20,900 - Review.reviews.frd4p_review - INFO - Companies in group: 12, to exclude: 2
2025-09-17 17:28:20,900 - Review.reviews.frd4p_review - INFO - Processing sector: 1510.0, area: EU, group size: 20
2025-09-17 17:28:20,900 - Review.reviews.frd4p_review - INFO - Companies in group: 20, to exclude: 3
2025-09-17 17:28:20,900 - Review.reviews.frd4p_review - INFO - Processing sector: 1510.0, area: NA, group size: 10
2025-09-17 17:28:20,900 - Review.reviews.frd4p_review - INFO - Companies in group: 10, to exclude: 1
2025-09-17 17:28:20,900 - Review.reviews.frd4p_review - INFO - Processing sector: 2010.0, area: AS, group size: 30
2025-09-17 17:28:20,900 - Review.reviews.frd4p_review - INFO - Companies in group: 30, to exclude: 5
2025-09-17 17:28:20,900 - Review.reviews.frd4p_review - INFO - Processing sector: 2010.0, area: EU, group size: 47
2025-09-17 17:28:20,900 - Review.reviews.frd4p_review - INFO - Companies in group: 47, to exclude: 9
2025-09-17 17:28:20,900 - Review.reviews.frd4p_review - INFO - Processing sector: 2010.0, area: NA, group size: 44
2025-09-17 17:28:20,900 - Review.reviews.frd4p_review - INFO - Companies in group: 44, to exclude: 8
2025-09-17 17:28:20,900 - Review.reviews.frd4p_review - INFO - Processing sector: 3010.0, area: AS, group size: 32
2025-09-17 17:28:20,900 - Review.reviews.frd4p_review - INFO - Companies in group: 32, to exclude: 6
2025-09-17 17:28:20,900 - Review.reviews.frd4p_review - INFO - Processing sector: 3010.0, area: EU, group size: 46
2025-09-17 17:28:20,900 - Review.reviews.frd4p_review - INFO - Companies in group: 46, to exclude: 9
2025-09-17 17:28:20,900 - Review.reviews.frd4p_review - INFO - Processing sector: 3010.0, area: NA, group size: 20
2025-09-17 17:28:20,900 - Review.reviews.frd4p_review - INFO - Companies in group: 20, to exclude: 3
2025-09-17 17:28:20,908 - Review.reviews.frd4p_review - INFO - Processing sector: 3020.0, area: AS, group size: 17
2025-09-17 17:28:20,908 - Review.reviews.frd4p_review - INFO - Companies in group: 17, to exclude: 3
2025-09-17 17:28:20,908 - Review.reviews.frd4p_review - INFO - Processing sector: 3020.0, area: EU, group size: 34
2025-09-17 17:28:20,908 - Review.reviews.frd4p_review - INFO - Companies in group: 34, to exclude: 6
2025-09-17 17:28:20,908 - Review.reviews.frd4p_review - INFO - Processing sector: 3020.0, area: NA, group size: 32
2025-09-17 17:28:20,910 - Review.reviews.frd4p_review - INFO - Companies in group: 32, to exclude: 6
2025-09-17 17:28:20,910 - Review.reviews.frd4p_review - INFO - Processing sector: 3030.0, area: AS, group size: 14
2025-09-17 17:28:20,910 - Review.reviews.frd4p_review - INFO - Companies in group: 14, to exclude: 2
2025-09-17 17:28:20,910 - Review.reviews.frd4p_review - INFO - Processing sector: 3030.0, area: EU, group size: 30
2025-09-17 17:28:20,910 - Review.reviews.frd4p_review - INFO - Companies in group: 30, to exclude: 5
2025-09-17 17:28:20,910 - Review.reviews.frd4p_review - INFO - Processing sector: 3030.0, area: NA, group size: 23
2025-09-17 17:28:20,911 - Review.reviews.frd4p_review - INFO - Companies in group: 23, to exclude: 4
2025-09-17 17:28:20,911 - Review.reviews.frd4p_review - INFO - Processing sector: 3510.0, area: AS, group size: 46
2025-09-17 17:28:20,911 - Review.reviews.frd4p_review - INFO - Companies in group: 46, to exclude: 9
2025-09-17 17:28:20,912 - Review.reviews.frd4p_review - INFO - Processing sector: 3510.0, area: EU, group size: 26
2025-09-17 17:28:20,912 - Review.reviews.frd4p_review - INFO - Companies in group: 26, to exclude: 5
2025-09-17 17:28:20,912 - Review.reviews.frd4p_review - INFO - Processing sector: 3510.0, area: NA, group size: 19
2025-09-17 17:28:20,912 - Review.reviews.frd4p_review - INFO - Companies in group: 19, to exclude: 3
2025-09-17 17:28:20,913 - Review.reviews.frd4p_review - INFO - Processing sector: 4010.0, area: AS, group size: 16
2025-09-17 17:28:20,913 - Review.reviews.frd4p_review - INFO - Companies in group: 16, to exclude: 3
2025-09-17 17:28:20,913 - Review.reviews.frd4p_review - INFO - Processing sector: 4010.0, area: EU, group size: 13
2025-09-17 17:28:20,913 - Review.reviews.frd4p_review - INFO - Companies in group: 13, to exclude: 2
2025-09-17 17:28:20,913 - Review.reviews.frd4p_review - INFO - Processing sector: 4010.0, area: NA, group size: 4
2025-09-17 17:28:20,914 - Review.reviews.frd4p_review - INFO - Companies in group: 4, to exclude: 0
2025-09-17 17:28:20,914 - Review.reviews.frd4p_review - WARNING - No companies to exclude for sector 4010.0 and area NA
2025-09-17 17:28:20,914 - Review.reviews.frd4p_review - INFO - Processing sector: 4020.0, area: AS, group size: 25
2025-09-17 17:28:20,914 - Review.reviews.frd4p_review - INFO - Companies in group: 25, to exclude: 4
2025-09-17 17:28:20,914 - Review.reviews.frd4p_review - INFO - Processing sector: 4020.0, area: EU, group size: 21
2025-09-17 17:28:20,914 - Review.reviews.frd4p_review - INFO - Companies in group: 21, to exclude: 4
2025-09-17 17:28:20,914 - Review.reviews.frd4p_review - INFO - Processing sector: 4020.0, area: NA, group size: 18
2025-09-17 17:28:20,915 - Review.reviews.frd4p_review - INFO - Companies in group: 18, to exclude: 3
2025-09-17 17:28:20,915 - Review.reviews.frd4p_review - INFO - Processing sector: 4030.0, area: AS, group size: 6
2025-09-17 17:28:20,916 - Review.reviews.frd4p_review - INFO - Companies in group: 6, to exclude: 1
2025-09-17 17:28:20,916 - Review.reviews.frd4p_review - INFO - Processing sector: 4030.0, area: EU, group size: 9
2025-09-17 17:28:20,917 - Review.reviews.frd4p_review - INFO - Companies in group: 9, to exclude: 1
2025-09-17 17:28:20,917 - Review.reviews.frd4p_review - INFO - Processing sector: 4030.0, area: NA, group size: 6
2025-09-17 17:28:20,917 - Review.reviews.frd4p_review - INFO - Companies in group: 6, to exclude: 1
2025-09-17 17:28:20,918 - Review.reviews.frd4p_review - INFO - Processing sector: 4040.0, area: AS, group size: 13
2025-09-17 17:28:20,918 - Review.reviews.frd4p_review - INFO - Companies in group: 13, to exclude: 2
2025-09-17 17:28:20,918 - Review.reviews.frd4p_review - INFO - Processing sector: 4040.0, area: EU, group size: 9
2025-09-17 17:28:20,918 - Review.reviews.frd4p_review - INFO - Companies in group: 9, to exclude: 1
2025-09-17 17:28:20,918 - Review.reviews.frd4p_review - INFO - Processing sector: 4040.0, area: NA, group size: 21
2025-09-17 17:28:20,919 - Review.reviews.frd4p_review - INFO - Companies in group: 21, to exclude: 4
2025-09-17 17:28:20,919 - Review.reviews.frd4p_review - INFO - Processing sector: 4050.0, area: AS, group size: 19
2025-09-17 17:28:20,919 - Review.reviews.frd4p_review - INFO - Companies in group: 19, to exclude: 3
2025-09-17 17:28:20,919 - Review.reviews.frd4p_review - INFO - Processing sector: 4050.0, area: EU, group size: 14
2025-09-17 17:28:20,920 - Review.reviews.frd4p_review - INFO - Companies in group: 14, to exclude: 2
2025-09-17 17:28:20,920 - Review.reviews.frd4p_review - INFO - Processing sector: 4050.0, area: NA, group size: 18
2025-09-17 17:28:20,920 - Review.reviews.frd4p_review - INFO - Companies in group: 18, to exclude: 3
2025-09-17 17:28:20,920 - Review.reviews.frd4p_review - INFO - Processing sector: 4510.0, area: AS, group size: 24
2025-09-17 17:28:20,920 - Review.reviews.frd4p_review - INFO - Companies in group: 24, to exclude: 4
2025-09-17 17:28:20,920 - Review.reviews.frd4p_review - INFO - Processing sector: 4510.0, area: EU, group size: 25
2025-09-17 17:28:20,921 - Review.reviews.frd4p_review - INFO - Companies in group: 25, to exclude: 4
2025-09-17 17:28:20,921 - Review.reviews.frd4p_review - INFO - Processing sector: 4510.0, area: NA, group size: 17
2025-09-17 17:28:20,921 - Review.reviews.frd4p_review - INFO - Companies in group: 17, to exclude: 3
2025-09-17 17:28:20,922 - Review.reviews.frd4p_review - INFO - Processing sector: 4520.0, area: AS, group size: 17
2025-09-17 17:28:20,922 - Review.reviews.frd4p_review - INFO - Companies in group: 17, to exclude: 3
2025-09-17 17:28:20,922 - Review.reviews.frd4p_review - INFO - Processing sector: 4520.0, area: EU, group size: 13
2025-09-17 17:28:20,923 - Review.reviews.frd4p_review - INFO - Companies in group: 13, to exclude: 2
2025-09-17 17:28:20,924 - Review.reviews.frd4p_review - INFO - Processing sector: 4520.0, area: NA, group size: 12
2025-09-17 17:28:20,924 - Review.reviews.frd4p_review - INFO - Companies in group: 12, to exclude: 2
2025-09-17 17:28:20,924 - Review.reviews.frd4p_review - INFO - Processing sector: 5010.0, area: AS, group size: 19
2025-09-17 17:28:20,924 - Review.reviews.frd4p_review - INFO - Companies in group: 19, to exclude: 3
2025-09-17 17:28:20,924 - Review.reviews.frd4p_review - INFO - Processing sector: 5010.0, area: EU, group size: 28
2025-09-17 17:28:20,924 - Review.reviews.frd4p_review - INFO - Companies in group: 28, to exclude: 5
2025-09-17 17:28:20,925 - Review.reviews.frd4p_review - INFO - Processing sector: 5010.0, area: NA, group size: 11
2025-09-17 17:28:20,925 - Review.reviews.frd4p_review - INFO - Companies in group: 11, to exclude: 2
2025-09-17 17:28:20,925 - Review.reviews.frd4p_review - INFO - Processing sector: 5020.0, area: AS, group size: 92
2025-09-17 17:28:20,925 - Review.reviews.frd4p_review - INFO - Companies in group: 92, to exclude: 18
2025-09-17 17:28:20,925 - Review.reviews.frd4p_review - INFO - Processing sector: 5020.0, area: EU, group size: 98
2025-09-17 17:28:20,926 - Review.reviews.frd4p_review - INFO - Companies in group: 98, to exclude: 19
2025-09-17 17:28:20,926 - Review.reviews.frd4p_review - INFO - Processing sector: 5020.0, area: NA, group size: 79
2025-09-17 17:28:20,927 - Review.reviews.frd4p_review - INFO - Companies in group: 79, to exclude: 15
2025-09-17 17:28:20,927 - Review.reviews.frd4p_review - INFO - Processing sector: 5510.0, area: AS, group size: 24
2025-09-17 17:28:20,927 - Review.reviews.frd4p_review - INFO - Companies in group: 24, to exclude: 4
2025-09-17 17:28:20,927 - Review.reviews.frd4p_review - INFO - Processing sector: 5510.0, area: EU, group size: 16
2025-09-17 17:28:20,928 - Review.reviews.frd4p_review - INFO - Companies in group: 16, to exclude: 3
2025-09-17 17:28:20,928 - Review.reviews.frd4p_review - INFO - Processing sector: 5510.0, area: NA, group size: 12
2025-09-17 17:28:20,928 - Review.reviews.frd4p_review - INFO - Companies in group: 12, to exclude: 2
2025-09-17 17:28:20,928 - Review.reviews.frd4p_review - INFO - Processing sector: 5520.0, area: AS, group size: 17
2025-09-17 17:28:20,929 - Review.reviews.frd4p_review - INFO - Companies in group: 17, to exclude: 3
2025-09-17 17:28:20,929 - Review.reviews.frd4p_review - INFO - Processing sector: 5520.0, area: EU, group size: 17
2025-09-17 17:28:20,929 - Review.reviews.frd4p_review - INFO - Companies in group: 17, to exclude: 3
2025-09-17 17:28:20,929 - Review.reviews.frd4p_review - INFO - Processing sector: 5520.0, area: NA, group size: 4
2025-09-17 17:28:20,929 - Review.reviews.frd4p_review - INFO - Companies in group: 4, to exclude: 0
2025-09-17 17:28:20,930 - Review.reviews.frd4p_review - WARNING - No companies to exclude for sector 5520.0 and area NA
2025-09-17 17:28:20,930 - Review.reviews.frd4p_review - INFO - Processing sector: 6010.0, area: AS, group size: 10
2025-09-17 17:28:20,930 - Review.reviews.frd4p_review - INFO - Companies in group: 10, to exclude: 1
2025-09-17 17:28:20,930 - Review.reviews.frd4p_review - INFO - Processing sector: 6010.0, area: EU, group size: 22
2025-09-17 17:28:20,931 - Review.reviews.frd4p_review - INFO - Companies in group: 22, to exclude: 4
2025-09-17 17:28:20,931 - Review.reviews.frd4p_review - INFO - Processing sector: 6010.0, area: NA, group size: 33
2025-09-17 17:28:20,931 - Review.reviews.frd4p_review - INFO - Companies in group: 33, to exclude: 6
2025-09-17 17:28:20,932 - Review.reviews.frd4p_review - INFO - Processing sector: 6510.0, area: AS, group size: 21
2025-09-17 17:28:20,932 - Review.reviews.frd4p_review - INFO - Companies in group: 21, to exclude: 4
2025-09-17 17:28:20,932 - Review.reviews.frd4p_review - INFO - Processing sector: 6510.0, area: EU, group size: 26
2025-09-17 17:28:20,933 - Review.reviews.frd4p_review - INFO - Companies in group: 26, to exclude: 5
2025-09-17 17:28:20,933 - Review.reviews.frd4p_review - INFO - Processing sector: 6510.0, area: NA, group size: 31
2025-09-17 17:28:20,933 - Review.reviews.frd4p_review - INFO - Companies in group: 31, to exclude: 6
2025-09-17 17:28:20,935 - Review.reviews.frd4p_review - INFO - Checking IsinCode FRIX00003031 in index_eod_df
2025-09-17 17:28:20,944 - Review.reviews.frd4p_review - INFO - Found 1 matching rows
2025-09-17 17:28:20,957 - Review.reviews.frd4p_review - INFO - Saving FRD4P output to: C:\Users\CSonneveld\OneDrive - Euronext\Documents\Projects\GUI + Reviews\output\FRD4P_df_20250917_172820.xlsx
2025-09-17 17:28:21,950 - werkzeug - INFO - 127.0.0.1 - - [17/Sep/2025 17:28:21] "GET /task-status/ae982a51-8fb2-4f94-87fa-48244d88b00a HTTP/1.1" 200 -
2025-09-17 17:29:03,354 - werkzeug - INFO -  * Detected change in 'C:\\Users\\CSonneveld\\OneDrive - Euronext\\Documents\\Projects\\GUI + Reviews\\Review\\reviews\\frd4p_review.py', reloading
2025-09-17 17:29:03,355 - werkzeug - INFO -  * Detected change in 'C:\\Users\\CSonneveld\\OneDrive - Euronext\\Documents\\Projects\\GUI + Reviews\\Review\\reviews\\frd4p_review.py', reloading
2025-09-17 17:29:03,359 - werkzeug - INFO -  * Detected change in 'C:\\Users\\CSonneveld\\OneDrive - Euronext\\Documents\\Projects\\GUI + Reviews\\Review\\reviews\\frd4p_review.py', reloading
