2025-07-17 11:55:18,230 - werkzeug - INFO - [31m[1mWARNING: This is a development server. Do not use it in a production deployment. Use a production WSGI server instead.[0m
 * Running on all addresses (0.0.0.0)
 * Running on http://127.0.0.1:5000
 * Running on http://10.199.43.197:5000
2025-07-17 11:55:18,230 - werkzeug - INFO - [33mPress CTRL+C to quit[0m
2025-07-17 11:55:18,251 - werkzeug - INFO -  * Restarting with watchdog (windowsapi)
2025-07-17 11:55:21,157 - werkzeug - INFO -  * Restarting with watchdog (windowsapi)
2025-07-17 11:55:25,808 - werkzeug - INFO -  * Restarting with watchdog (windowsapi)
2025-07-17 11:55:51,546 - werkzeug - INFO -  * Restarting with watchdog (windowsapi)
2025-07-17 11:55:56,631 - werkzeug - INFO -  * Restarting with watchdog (windowsapi)
2025-07-17 11:56:13,560 - werkzeug - INFO -  * Restarting with watchdog (windowsapi)
2025-07-17 12:00:09,916 - werkzeug - INFO -  * Restarting with watchdog (windowsapi)
2025-07-17 12:00:46,913 - werkzeug - INFO -  * Restarting with watchdog (windowsapi)
2025-07-17 12:00:51,470 - werkzeug - INFO -  * Restarting with watchdog (windowsapi)
2025-07-17 12:01:09,027 - werkzeug - INFO -  * Restarting with watchdog (windowsapi)
2025-07-17 13:19:51,509 - werkzeug - INFO -  * Restarting with watchdog (windowsapi)
2025-07-17 13:20:10,071 - werkzeug - INFO -  * Restarting with watchdog (windowsapi)
2025-07-17 13:20:40,354 - werkzeug - INFO -  * Restarting with watchdog (windowsapi)
2025-07-17 13:20:48,533 - werkzeug - INFO -  * Restarting with watchdog (windowsapi)
2025-07-17 13:23:23,102 - werkzeug - INFO -  * Restarting with watchdog (windowsapi)
2025-07-17 13:23:32,341 - werkzeug - INFO -  * Restarting with watchdog (windowsapi)
2025-07-17 13:23:35,339 - werkzeug - INFO -  * Restarting with watchdog (windowsapi)
2025-07-17 13:27:28,125 - werkzeug - INFO -  * Restarting with watchdog (windowsapi)
2025-07-17 13:28:57,294 - werkzeug - INFO -  * Restarting with watchdog (windowsapi)
2025-07-17 13:29:09,585 - werkzeug - INFO -  * Restarting with watchdog (windowsapi)
2025-07-17 13:29:11,580 - werkzeug - INFO -  * Restarting with watchdog (windowsapi)
2025-07-17 13:31:34,162 - werkzeug - INFO -  * Restarting with watchdog (windowsapi)
2025-07-17 13:31:36,406 - werkzeug - INFO -  * Restarting with watchdog (windowsapi)
2025-07-17 13:32:43,297 - werkzeug - INFO -  * Restarting with watchdog (windowsapi)
2025-07-17 13:32:54,092 - werkzeug - INFO -  * Restarting with watchdog (windowsapi)
