2025-01-23 16:09:09,517 - werkzeug - WARNING -  * Debugger is active!
2025-01-23 16:09:09,519 - werkzeug - INFO -  * Debugger PIN: 691-175-853
2025-01-23 16:09:11,304 - Review.reviews.edwpt_review - INFO - Starting EDWPT review calculation
2025-01-23 16:09:11,304 - Review.reviews.edwpt_review - ERROR - Error during review calculation: load_eod_data() missing 1 required positional argument: 'dlf_folder'
2025-01-23 16:09:11,305 - Review.reviews.edwpt_review - ERROR - Traceback (most recent call last):
  File "C:\Users\CSonneveld\OneDrive - Euronext\Documents\Projects\GUI + Reviews\Review\reviews\edwpt_review.py", line 45, in run_edwpt_review
    index_eod_df, stock_eod_df = load_eod_data(date, area, area2, DLF_FOLDER)
                                 ^^^^^^^^^^^^^^^^^^^^^^^^^^^^^^^^^^^^^^^^^^^^
TypeError: load_eod_data() missing 1 required positional argument: 'dlf_folder'

2025-01-23 16:09:11,306 - werkzeug - INFO - 127.0.0.1 - - [23/Jan/2025 16:09:11] "POST /calculate HTTP/1.1" 200 -
2025-01-23 16:09:12,033 - werkzeug - INFO -  * Detected change in 'C:\\Users\\CSonneveld\\OneDrive - Euronext\\Documents\\Projects\\GUI + Reviews\\Review\\reviews\\edwpt_review.py', reloading
2025-01-23 16:09:12,034 - werkzeug - INFO -  * Detected change in 'C:\\Users\\CSonneveld\\OneDrive - Euronext\\Documents\\Projects\\GUI + Reviews\\Review\\reviews\\edwpt_review.py', reloading
2025-01-23 16:09:12,143 - Review.reviews.edwpt_review - INFO - Starting EDWPT review calculation
2025-01-23 16:09:12,144 - Review.reviews.edwpt_review - ERROR - Error during review calculation: load_eod_data() missing 1 required positional argument: 'dlf_folder'
2025-01-23 16:09:12,144 - Review.reviews.edwpt_review - ERROR - Traceback (most recent call last):
  File "C:\Users\CSonneveld\OneDrive - Euronext\Documents\Projects\GUI + Reviews\Review\reviews\edwpt_review.py", line 45, in run_edwpt_review
    index_eod_df, stock_eod_df = load_eod_data(date, area, area2, DLF_FOLDER)
                                 ^^^^^^^^^^^^^^^^^^^^^^^^^^^^^^^^^^^^^^^^^^^^
TypeError: load_eod_data() missing 1 required positional argument: 'dlf_folder'

2025-01-23 16:09:12,145 - werkzeug - INFO - 127.0.0.1 - - [23/Jan/2025 16:09:12] "POST /calculate HTTP/1.1" 200 -
