2025-07-25 15:52:40,290 - werkzeug - WARNING -  * Debugger is active!
2025-07-25 15:52:40,290 - werkzeug - INFO -  * Debugger PIN: 691-175-853
2025-07-25 15:52:40,315 - Review.reviews.aexew_review - INFO - Loading EOD data...
2025-07-25 15:52:40,316 - Review.reviews.be1p_review - INFO - Loading EOD data...
2025-07-25 15:52:41,276 - Review.reviews.aexew_review - INFO - Loading reference data...
2025-07-25 15:52:41,294 - Review.reviews.be1p_review - INFO - Loading reference data...
2025-07-25 15:52:41,610 - Review.reviews.aexew_review - INFO - Saving AEXEW output to: C:\Users\CSonneveld\OneDrive - Euronext\Documents\Projects\GUI + Reviews\output\AEXEW_df_20250725_155241.xlsx
2025-07-25 15:52:42,692 - werkzeug - INFO - 127.0.0.1 - - [25/Jul/2025 15:52:42] "POST /calculate HTTP/1.1" 200 -
2025-07-25 15:52:49,745 - Review.reviews.be1p_review - INFO - Total universe: 300 companies
2025-07-25 15:52:49,745 - Review.reviews.be1p_review - INFO - Excluded by MIC filter: 91 companies
2025-07-25 15:52:49,745 - Review.reviews.be1p_review - INFO - Excluded by ICB subsector filter: 272 companies
2025-07-25 15:52:49,745 - Review.reviews.be1p_review - INFO - Excluded by turnover filter: 44 companies
2025-07-25 15:52:49,745 - Review.reviews.be1p_review - INFO - Total excluded (any criteria): 282 companies
2025-07-25 15:52:49,745 - Review.reviews.be1p_review - INFO - Eligible for selection: 18 companies
2025-07-25 15:52:49,745 - Review.reviews.be1p_review - INFO - Selecting top 10 companies with highest FFMC from eligible companies...
2025-07-25 15:52:49,782 - Review.reviews.be1p_review - INFO - Saving BE1P output to: C:\Users\CSonneveld\OneDrive - Euronext\Documents\Projects\GUI + Reviews\output\BE1P_df_20250725_155249.xlsx
2025-07-25 15:52:49,912 - werkzeug - INFO - 127.0.0.1 - - [25/Jul/2025 15:52:49] "POST /calculate HTTP/1.1" 200 -
2025-07-25 15:52:51,684 - Review.reviews.aexew_review - INFO - Loading EOD data...
2025-07-25 15:52:51,684 - Review.reviews.be1p_review - INFO - Loading EOD data...
2025-07-25 15:52:52,808 - Review.reviews.be1p_review - INFO - Loading reference data...
2025-07-25 15:52:52,897 - Review.reviews.aexew_review - INFO - Loading reference data...
2025-07-25 15:52:53,169 - Review.reviews.aexew_review - INFO - Saving AEXEW output to: C:\Users\CSonneveld\OneDrive - Euronext\Documents\Projects\GUI + Reviews\output\AEXEW_df_20250725_155253.xlsx
2025-07-25 15:53:01,733 - Review.reviews.be1p_review - INFO - Total universe: 300 companies
2025-07-25 15:53:01,733 - Review.reviews.be1p_review - INFO - Excluded by MIC filter: 91 companies
2025-07-25 15:53:01,733 - Review.reviews.be1p_review - INFO - Excluded by ICB subsector filter: 272 companies
2025-07-25 15:53:01,733 - Review.reviews.be1p_review - INFO - Excluded by turnover filter: 44 companies
2025-07-25 15:53:01,733 - Review.reviews.be1p_review - INFO - Total excluded (any criteria): 282 companies
2025-07-25 15:53:01,733 - Review.reviews.be1p_review - INFO - Eligible for selection: 18 companies
2025-07-25 15:53:01,733 - Review.reviews.be1p_review - INFO - Selecting top 10 companies with highest FFMC from eligible companies...
2025-07-25 15:53:01,756 - Review.reviews.be1p_review - INFO - Saving BE1P output to: C:\Users\CSonneveld\OneDrive - Euronext\Documents\Projects\GUI + Reviews\output\BE1P_df_20250725_155301.xlsx
2025-07-25 15:53:01,887 - werkzeug - INFO - 127.0.0.1 - - [25/Jul/2025 15:53:01] "POST /calculate-batch HTTP/1.1" 200 -
2025-07-25 15:55:05,635 - werkzeug - INFO -  * Detected change in 'C:\\Users\\CSonneveld\\OneDrive - Euronext\\Documents\\Projects\\GUI + Reviews\\batch_processor.py', reloading
2025-07-25 15:55:05,635 - werkzeug - INFO -  * Detected change in 'C:\\Users\\CSonneveld\\OneDrive - Euronext\\Documents\\Projects\\GUI + Reviews\\batch_processor.py', reloading
