2025-04-10 20:25:48,712 - werkzeug - WARNING -  * Debugger is active!
2025-04-10 20:25:48,714 - werkzeug - INFO -  * Debugger PIN: 691-175-853
2025-04-10 20:25:50,669 - Review.reviews.lc100_review - INFO - Loading EOD data...
2025-04-10 20:26:21,826 - Review.reviews.lc100_review - INFO - Loading reference data...
2025-04-10 20:26:31,533 - Review.reviews.lc100_review - WARNING - Removed 18750 duplicate rows from cdp_climate_df
2025-04-10 20:26:31,535 - Review.reviews.lc100_review - INFO - Filtering universe for EU500 companies...
2025-04-10 20:26:31,536 - Review.reviews.lc100_review - INFO - Universe size after EU500 filter: 499
2025-04-10 20:26:31,562 - Review.reviews.lc100_review - INFO - Adding Free Float data...
2025-04-10 20:26:31,566 - Review.reviews.lc100_review - INFO - Adding ICB Subsector data...
2025-04-10 20:26:31,582 - Review.reviews.lc100_review - WARNING - Removed 9316 duplicate rows from ICB data
2025-04-10 20:26:31,596 - Review.reviews.lc100_review - INFO - Adding CDP Climate data...
2025-04-10 20:26:31,601 - Review.reviews.lc100_review - INFO - Adding Oekom Trust & Carbon data...
2025-04-10 20:26:31,602 - Review.reviews.lc100_review - WARNING - Column '' not found in Oekom data. Skipping this column.
2025-04-10 20:26:31,604 - Review.reviews.lc100_review - INFO - Adding NACE data...
2025-04-10 20:26:31,607 - Review.reviews.lc100_review - INFO - Adding EU Taxonomy flag...
2025-04-10 20:26:31,608 - Review.reviews.lc100_review - INFO - Checking GAFI lists and Non-fiscally cooperative countries...
2025-04-10 20:26:31,609 - Review.reviews.lc100_review - INFO - Applying exclusion criteria...
2025-04-10 20:26:31,617 - Review.reviews.lc100_review - INFO - Marked 50 companies (10%) with worst SG scores for exclusion
2025-04-10 20:26:31,635 - Review.reviews.lc100_review - INFO - Calculating Climate Score for ranking...
2025-04-10 20:26:31,637 - Review.reviews.lc100_review - INFO - Selecting EU Taxonomy companies...
2025-04-10 20:26:31,638 - Review.reviews.lc100_review - INFO - Found 13 EU Taxonomy companies after exclusions
2025-04-10 20:26:31,639 - Review.reviews.lc100_review - INFO - Found 303 Non-EU Taxonomy eligible companies after exclusions
2025-04-10 20:26:31,639 - Review.reviews.lc100_review - INFO - STEP 4a: Determining target number of Non-EU Taxonomy companies per super-sector...
2025-04-10 20:26:31,639 - Review.reviews.lc100_review - INFO - Target number of Non-EU Taxonomy companies: 87
2025-04-10 20:26:31,641 - Review.reviews.lc100_review - INFO - Total eligible Non-EU Taxonomy companies: 303
2025-04-10 20:26:31,641 - Review.reviews.lc100_review - INFO - Total target after rounding: 98 (vs. target of 87)
2025-04-10 20:26:31,641 - Review.reviews.lc100_review - INFO - Need to remove 11 companies due to rounding up
2025-04-10 20:26:31,642 - Review.reviews.lc100_review - INFO - STEP 4b: Selecting Non-EU Taxonomy companies based on climate score...
2025-04-10 20:26:31,643 - Review.reviews.lc100_review - INFO - Selected 5 companies from super-sector 1010.0
2025-04-10 20:26:31,644 - Review.reviews.lc100_review - INFO - Selected 5 companies from super-sector 1510.0
2025-04-10 20:26:31,644 - Review.reviews.lc100_review - INFO - Selected 13 companies from super-sector 2010.0
2025-04-10 20:26:31,645 - Review.reviews.lc100_review - INFO - Selected 13 companies from super-sector 3010.0
2025-04-10 20:26:31,645 - Review.reviews.lc100_review - INFO - Selected 7 companies from super-sector 3020.0
2025-04-10 20:26:31,646 - Review.reviews.lc100_review - INFO - Selected 8 companies from super-sector 3030.0
2025-04-10 20:26:31,646 - Review.reviews.lc100_review - INFO - Selected 5 companies from super-sector 3510.0
2025-04-10 20:26:31,647 - Review.reviews.lc100_review - INFO - Selected 2 companies from super-sector 4010.0
2025-04-10 20:26:31,647 - Review.reviews.lc100_review - INFO - Selected 6 companies from super-sector 4020.0
2025-04-10 20:26:31,648 - Review.reviews.lc100_review - INFO - Selected 3 companies from super-sector 4030.0
2025-04-10 20:26:31,648 - Review.reviews.lc100_review - INFO - Selected 2 companies from super-sector 4040.0
2025-04-10 20:26:31,649 - Review.reviews.lc100_review - INFO - Selected 4 companies from super-sector 4050.0
2025-04-10 20:26:31,649 - Review.reviews.lc100_review - INFO - Selected 6 companies from super-sector 4510.0
2025-04-10 20:26:31,650 - Review.reviews.lc100_review - INFO - Selected 3 companies from super-sector 4520.0
2025-04-10 20:26:31,650 - Review.reviews.lc100_review - INFO - Selected 2 companies from super-sector 5010.0
2025-04-10 20:26:31,651 - Review.reviews.lc100_review - INFO - Selected 9 companies from super-sector 5020.0
2025-04-10 20:26:31,652 - Review.reviews.lc100_review - INFO - Selected 2 companies from super-sector 5510.0
2025-04-10 20:26:31,652 - Review.reviews.lc100_review - INFO - Selected 2 companies from super-sector 5520.0
2025-04-10 20:26:31,653 - Review.reviews.lc100_review - INFO - Selected 1 companies from super-sector 6510.0
2025-04-10 20:26:31,660 - Review.reviews.lc100_review - INFO - Initial selection has 98 companies, need to remove 11
2025-04-10 20:26:31,665 - Review.reviews.lc100_review - INFO - Removed company SE0012853455 from supersector 3020.0 (Climate Score: 2.9711404728789947)
2025-04-10 20:26:31,671 - Review.reviews.lc100_review - INFO - Removed company GB0005405286 from supersector 3010.0 (Climate Score: 2.6866666666666648)
2025-04-10 20:26:31,676 - Review.reviews.lc100_review - INFO - Removed company GB0004082847 from supersector 3010.0 (Climate Score: 2.585)
2025-04-10 20:26:31,681 - Review.reviews.lc100_review - INFO - Removed company GB00BPQY8M80 from supersector 3030.0 (Climate Score: 2.519710481764205)
2025-04-10 20:26:31,685 - Review.reviews.lc100_review - INFO - Removed company NO0003053605 from supersector 3030.0 (Climate Score: 2.45999707128425)
2025-04-10 20:26:31,690 - Review.reviews.lc100_review - INFO - Removed company GB00BM8PJY71 from supersector 3010.0 (Climate Score: 2.4596710826767954)
2025-04-10 20:26:31,695 - Review.reviews.lc100_review - INFO - Removed company GB00BYT1DJ19 from supersector 3020.0 (Climate Score: 2.458257086886375)
2025-04-10 20:26:31,700 - Review.reviews.lc100_review - INFO - Removed company GB00B0SWJX34 from supersector 3020.0 (Climate Score: 2.4582204139462247)
2025-04-10 20:26:31,705 - Review.reviews.lc100_review - INFO - Removed company GB0007099541 from supersector 3030.0 (Climate Score: 2.45)
2025-04-10 20:26:31,711 - Review.reviews.lc100_review - INFO - Removed company CH0011075394 from supersector 3030.0 (Climate Score: 2.39833333333333)
2025-04-10 20:26:31,716 - Review.reviews.lc100_review - INFO - Removed company FR0000121964 from supersector 3510.0 (Climate Score: 2.39735760225878)
2025-04-10 20:26:31,718 - Review.reviews.lc100_review - INFO - Final Non-EU Taxonomy selection has 87 companies
2025-04-10 20:26:31,719 - Review.reviews.lc100_review - INFO - Minimum companies per supersector: 1
2025-04-10 20:26:31,719 - Review.reviews.lc100_review - WARNING - Some supersectors have fewer than 2 companies! Minimum is 1
2025-04-10 20:26:31,721 - Review.reviews.lc100_review - INFO - Final selection contains 100 companies
2025-04-10 20:26:31,721 - Review.reviews.lc100_review - INFO - - EU Taxonomy: 13
2025-04-10 20:26:31,721 - Review.reviews.lc100_review - INFO - - Non-EU Taxonomy: 87
2025-04-10 20:26:31,722 - Review.reviews.lc100_review - INFO - Initial weight allocations:
2025-04-10 20:26:31,722 - Review.reviews.lc100_review - INFO - - EU Taxonomy pocket: 10.00%
2025-04-10 20:26:31,722 - Review.reviews.lc100_review - INFO - - Non-EU Taxonomy pocket: 90.00%
2025-04-10 20:26:31,723 - Review.reviews.lc100_review - INFO - Saving output files...
2025-04-10 20:26:32,027 - Review.reviews.lc100_review - INFO - Results saved to C:\Users\CSonneveld\OneDrive - Euronext\Documents\Projects\GUI + Reviews\output\LC100_review_20250410_202631.xlsx
2025-04-10 20:26:32,056 - werkzeug - INFO - 127.0.0.1 - - [10/Apr/2025 20:26:32] "POST /calculate HTTP/1.1" 200 -
2025-04-10 20:27:04,014 - werkzeug - INFO -  * Detected change in 'C:\\Users\\CSonneveld\\AppData\\Roaming\\Python\\Python312\\site-packages\\pandas\\core\\frame.py', reloading
