2025-02-04 15:54:56,764 - werkzeug - WARNING -  * Debugger is active!
2025-02-04 15:54:56,764 - werkzeug - INFO -  * Debugger PIN: 691-175-853
2025-02-04 15:54:56,971 - Review.reviews.aexew_review - INFO - Loading EOD data...
2025-02-04 15:54:58,537 - Review.reviews.aexew_review - INFO - Loading reference data...
2025-02-04 15:54:58,705 - Review.reviews.aexew_review - ERROR - Error during review calculation: "['ISIN Code', 'Currency'] not in index"
2025-02-04 15:54:58,708 - Review.reviews.aexew_review - ERROR - Traceback (most recent call last):
  File "C:\Users\CSonneveld\OneDrive - Euronext\Documents\Projects\GUI + Reviews\Review\reviews\aexew_review.py", line 100, in run_aexew_review
    AEXEW_df = (selection_df[
                ^^^^^^^^^^^^^
  File "C:\Users\CSonneveld\AppData\Roaming\Python\Python312\site-packages\pandas\core\frame.py", line 4108, in __getitem__
    indexer = self.columns._get_indexer_strict(key, "columns")[1]
              ^^^^^^^^^^^^^^^^^^^^^^^^^^^^^^^^^^^^^^^^^^^^^^^^
  File "C:\Users\CSonneveld\AppData\Roaming\Python\Python312\site-packages\pandas\core\indexes\base.py", line 6200, in _get_indexer_strict
    self._raise_if_missing(keyarr, indexer, axis_name)
  File "C:\Users\CSonneveld\AppData\Roaming\Python\Python312\site-packages\pandas\core\indexes\base.py", line 6252, in _raise_if_missing
    raise KeyError(f"{not_found} not in index")
KeyError: "['ISIN Code', 'Currency'] not in index"

2025-02-04 15:54:58,714 - werkzeug - INFO - 127.0.0.1 - - [04/Feb/2025 15:54:58] "POST /calculate HTTP/1.1" 200 -
2025-02-04 15:55:57,365 - werkzeug - INFO -  * Detected change in 'C:\\Users\\CSonneveld\\OneDrive - Euronext\\Documents\\Projects\\GUI + Reviews\\Review\\reviews\\aexew_review.py', reloading
2025-02-04 15:55:57,365 - werkzeug - INFO -  * Detected change in 'C:\\Users\\CSonneveld\\OneDrive - Euronext\\Documents\\Projects\\GUI + Reviews\\Review\\reviews\\aexew_review.py', reloading
2025-02-04 15:55:57,365 - werkzeug - INFO -  * Detected change in 'C:\\Users\\CSonneveld\\OneDrive - Euronext\\Documents\\Projects\\GUI + Reviews\\Review\\reviews\\aexew_review.py', reloading
