2025-01-30 15:57:32,608 - werkzeug - WARNING -  * Debugger is active!
2025-01-30 15:57:32,610 - werkzeug - INFO -  * Debugger PIN: 691-175-853
2025-01-30 15:57:33,568 - Review.reviews.aerdp_review - INFO - Loading EOD data...
2025-01-30 15:57:36,150 - Review.reviews.aerdp_review - INFO - Loading reference data...
2025-01-30 15:57:42,977 - Review.reviews.aerdp_review - ERROR - Error during review calculation: "['Currency'] not in index"
2025-01-30 15:57:42,980 - Review.reviews.aerdp_review - ERROR - Traceback (most recent call last):
  File "C:\Users\CSonneveld\OneDrive - Euronext\Documents\Projects\GUI + Reviews\Review\reviews\aerdp_review.py", line 140, in run_aerdp_review
    AERDP_df = selection_df[
               ^^^^^^^^^^^^^
  File "C:\Users\CSonneveld\AppData\Roaming\Python\Python312\site-packages\pandas\core\frame.py", line 4108, in __getitem__
    indexer = self.columns._get_indexer_strict(key, "columns")[1]
              ^^^^^^^^^^^^^^^^^^^^^^^^^^^^^^^^^^^^^^^^^^^^^^^^
  File "C:\Users\CSonneveld\AppData\Roaming\Python\Python312\site-packages\pandas\core\indexes\base.py", line 6200, in _get_indexer_strict
    self._raise_if_missing(keyarr, indexer, axis_name)
  File "C:\Users\CSonneveld\AppData\Roaming\Python\Python312\site-packages\pandas\core\indexes\base.py", line 6252, in _raise_if_missing
    raise KeyError(f"{not_found} not in index")
KeyError: "['Currency'] not in index"

2025-01-30 15:57:43,008 - werkzeug - INFO - 127.0.0.1 - - [30/Jan/2025 15:57:43] "POST /calculate HTTP/1.1" 200 -
2025-01-30 15:58:14,256 - werkzeug - INFO -  * Detected change in 'C:\\Users\\CSonneveld\\OneDrive - Euronext\\Documents\\Projects\\GUI + Reviews\\Review\\reviews\\aerdp_review.py', reloading
2025-01-30 15:58:14,257 - werkzeug - INFO -  * Detected change in 'C:\\Users\\CSonneveld\\OneDrive - Euronext\\Documents\\Projects\\GUI + Reviews\\Review\\reviews\\aerdp_review.py', reloading
