2025-08-13 16:23:06,214 - werkzeug - WARNING -  * Debugger is active!
2025-08-13 16:23:06,216 - werkzeug - INFO -  * Debugger PIN: 691-175-853
2025-08-13 16:23:06,651 - Review.reviews.lc3wp_review - INFO - Loading EOD data...
2025-08-13 16:23:07,328 - Review.reviews.lc3wp_review - INFO - Loading reference data...
2025-08-13 16:23:17,911 - Review.reviews.lc3wp_review - WARNING - Removed 18750 duplicate rows from cdp_climate_df
2025-08-13 16:23:17,911 - Review.reviews.lc3wp_review - INFO - Adding Free Float data...
2025-08-13 16:23:17,957 - Review.reviews.lc3wp_review - INFO - Adding ICB Subsector data...
2025-08-13 16:23:17,980 - Review.reviews.lc3wp_review - WARNING - Removed 9314 duplicate rows from ICB data
2025-08-13 16:23:17,995 - Review.reviews.lc3wp_review - INFO - Adding CDP Climate data...
2025-08-13 16:23:18,001 - Review.reviews.lc3wp_review - INFO - Adding Oekom Trust & Carbon data...
2025-08-13 16:23:18,005 - Review.reviews.lc3wp_review - INFO - Adding NACE data...
2025-08-13 16:23:18,010 - Review.reviews.lc3wp_review - INFO - Adding EU Taxonomy flag...
2025-08-13 16:23:18,012 - Review.reviews.lc3wp_review - INFO - Checking GAFI lists and Non-fiscally cooperative countries...
2025-08-13 16:23:18,013 - Review.reviews.lc3wp_review - INFO - Applying exclusion criteria...
2025-08-13 16:23:18,018 - Review.reviews.lc3wp_review - INFO - Marked 149 companies (10%) with worst SG scores for exclusion
2025-08-13 16:23:18,050 - Review.reviews.lc3wp_review - INFO - Calculating Climate Score for ranking...
2025-08-13 16:23:18,051 - Review.reviews.lc3wp_review - INFO - Calculating median Carbon Intensity by Supersector excluding zero values...
2025-08-13 16:23:18,051 - Review.reviews.lc3wp_review - INFO - Calculated median Carbon Intensity for 20 supersectors, excluding zero values
2025-08-13 16:23:18,063 - Review.reviews.lc3wp_review - INFO - Created CI column combining company-specific and median carbon intensity values
2025-08-13 16:23:18,063 - Review.reviews.lc3wp_review - INFO - Calculated WACI: 506.51344405656613
2025-08-13 16:23:18,069 - Review.reviews.lc3wp_review - INFO - Selecting EU Taxonomy companies...
2025-08-13 16:23:18,070 - Review.reviews.lc3wp_review - INFO - Found 14 EU Taxonomy companies after exclusions
2025-08-13 16:23:18,072 - Review.reviews.lc3wp_review - INFO - Found 979 Non-EU Taxonomy eligible companies after exclusions
2025-08-13 16:23:18,072 - Review.reviews.lc3wp_review - INFO - STEP 4a: Determining target number of Non-EU Taxonomy companies per super-sector...
2025-08-13 16:23:18,072 - Review.reviews.lc3wp_review - INFO - Target number of Non-EU Taxonomy companies: 286
2025-08-13 16:23:18,073 - Review.reviews.lc3wp_review - INFO - Total eligible Non-EU Taxonomy companies: 979
2025-08-13 16:23:18,073 - Review.reviews.lc3wp_review - INFO - Total target after rounding: 295 (vs. target of 286)
2025-08-13 16:23:18,074 - Review.reviews.lc3wp_review - INFO - Need to remove 9 companies due to rounding up
2025-08-13 16:23:18,074 - Review.reviews.lc3wp_review - INFO - STEP 4b: Selecting Non-EU Taxonomy companies based on climate score...
2025-08-13 16:23:18,076 - Review.reviews.lc3wp_review - INFO - Selected 39 companies from super-sector 1010.0
2025-08-13 16:23:18,077 - Review.reviews.lc3wp_review - INFO - Selected 12 companies from super-sector 1510.0
2025-08-13 16:23:18,079 - Review.reviews.lc3wp_review - INFO - Selected 34 companies from super-sector 2010.0
2025-08-13 16:23:18,080 - Review.reviews.lc3wp_review - INFO - Selected 24 companies from super-sector 3010.0
2025-08-13 16:23:18,080 - Review.reviews.lc3wp_review - INFO - Selected 21 companies from super-sector 3020.0
2025-08-13 16:23:18,081 - Review.reviews.lc3wp_review - INFO - Selected 19 companies from super-sector 3030.0
2025-08-13 16:23:18,081 - Review.reviews.lc3wp_review - INFO - Selected 24 companies from super-sector 3510.0
2025-08-13 16:23:18,081 - Review.reviews.lc3wp_review - INFO - Selected 6 companies from super-sector 4010.0
2025-08-13 16:23:18,081 - Review.reviews.lc3wp_review - INFO - Selected 17 companies from super-sector 4020.0
2025-08-13 16:23:18,081 - Review.reviews.lc3wp_review - INFO - Selected 5 companies from super-sector 4030.0
2025-08-13 16:23:18,086 - Review.reviews.lc3wp_review - INFO - Selected 8 companies from super-sector 4040.0
2025-08-13 16:23:18,087 - Review.reviews.lc3wp_review - INFO - Selected 11 companies from super-sector 4050.0
2025-08-13 16:23:18,088 - Review.reviews.lc3wp_review - INFO - Selected 15 companies from super-sector 4510.0
2025-08-13 16:23:18,088 - Review.reviews.lc3wp_review - INFO - Selected 8 companies from super-sector 4520.0
2025-08-13 16:23:18,089 - Review.reviews.lc3wp_review - INFO - Selected 6 companies from super-sector 5010.0
2025-08-13 16:23:18,090 - Review.reviews.lc3wp_review - INFO - Selected 33 companies from super-sector 5020.0
2025-08-13 16:23:18,091 - Review.reviews.lc3wp_review - INFO - Selected 6 companies from super-sector 5510.0
2025-08-13 16:23:18,091 - Review.reviews.lc3wp_review - INFO - Selected 5 companies from super-sector 5520.0
2025-08-13 16:23:18,091 - Review.reviews.lc3wp_review - INFO - Selected 2 companies from super-sector 6510.0
2025-08-13 16:23:18,101 - Review.reviews.lc3wp_review - INFO - Initial selection has 295 companies, need to remove 9
2025-08-13 16:23:18,128 - Review.reviews.lc3wp_review - INFO - Removed company US38141G1040 from supersector 3020 (Climate Score: 2.75)
2025-08-13 16:23:18,134 - Review.reviews.lc3wp_review - INFO - Removed company AU000000ANZ3 from supersector 3010 (Climate Score: 2.75)
2025-08-13 16:23:18,142 - Review.reviews.lc3wp_review - INFO - Removed company CA0679011084 from supersector 5510 (Climate Score: 2.58973159003276)
2025-08-13 16:23:18,146 - Review.reviews.lc3wp_review - INFO - Removed company JP3539220008 from supersector 3030 (Climate Score: 2.5)
2025-08-13 16:23:18,154 - Review.reviews.lc3wp_review - INFO - Removed company US7475251036 from supersector 1010 (Climate Score: 2.30023900135313)
2025-08-13 16:23:18,155 - Review.reviews.lc3wp_review - INFO - Removed company US2538681030 from supersector 3510 (Climate Score: 2.26099033267267)
2025-08-13 16:23:18,166 - Review.reviews.lc3wp_review - INFO - Removed company JP3705200008 from supersector 4050 (Climate Score: 2.24552928645429)
2025-08-13 16:23:18,172 - Review.reviews.lc3wp_review - INFO - Removed company DE0005552004 from supersector 5020 (Climate Score: 2.220375488488155)
2025-08-13 16:23:18,174 - Review.reviews.lc3wp_review - INFO - Removed company US4595061015 from supersector 5520 (Climate Score: 2.2099302264427454)
2025-08-13 16:23:18,179 - Review.reviews.lc3wp_review - INFO - Final Non-EU Taxonomy selection has 286 companies
2025-08-13 16:23:18,179 - Review.reviews.lc3wp_review - INFO - Minimum companies per supersector: 2
2025-08-13 16:23:18,184 - Review.reviews.lc3wp_review - INFO - Final selection contains 300 companies
2025-08-13 16:23:18,184 - Review.reviews.lc3wp_review - INFO - - EU Taxonomy: 14
2025-08-13 16:23:18,184 - Review.reviews.lc3wp_review - INFO - - Non-EU Taxonomy: 286
2025-08-13 16:23:18,184 - Review.reviews.lc3wp_review - INFO - Adding PAB flag based on CDP temperature score...
2025-08-13 16:23:18,185 - Review.reviews.lc3wp_review - INFO - Calculating liquidity constraints for all companies...
2025-08-13 16:23:18,185 - Review.reviews.lc3wp_review - INFO - Total FFMC_WD for all companies: 11012287685759.05
2025-08-13 16:23:18,185 - Review.reviews.lc3wp_review - INFO - Market cap based weights calculated for EU Taxonomy companies
2025-08-13 16:23:18,187 - Review.reviews.lc3wp_review - INFO - Liquidity caps for EU Taxonomy companies - Max: 4.5040%, Min: 0.5415%, Avg: 1.7748%
2025-08-13 16:23:18,188 - Review.reviews.lc3wp_review - INFO - Liquidity floors for EU Taxonomy companies - Max: 0.0000%, Min: 0.0000%, Avg: 0.0000%
2025-08-13 16:23:18,188 - Review.reviews.lc3wp_review - INFO - No liquidity issues found for EU Taxonomy companies
2025-08-13 16:23:18,195 - Review.reviews.lc3wp_review - INFO - Liquidity constraints have been calculated for all 300 companies
2025-08-13 16:23:18,195 - Review.reviews.lc3wp_review - INFO - STEP 5: Implementing PAB weighting optimization procedure...
2025-08-13 16:23:18,195 - Review.reviews.lc3wp_review - INFO - Total FFMC_WD for selected companies: 11012287685759.05
2025-08-13 16:23:18,195 - utils.weight_optimization - INFO - Starting PAB weighting optimization procedure...
2025-08-13 16:23:18,196 - utils.weight_optimization - INFO - Total FFMC in universe: 59026525546832.16
2025-08-13 16:23:18,196 - utils.weight_optimization - INFO - Total FFMC in portfolio: 11012287685759.05
2025-08-13 16:23:18,196 - utils.weight_optimization - INFO - Portfolio is 18.66% of universe FFMC
2025-08-13 16:23:18,196 - utils.weight_optimization - INFO - Optimizing weights for 300 companies
2025-08-13 16:23:18,196 - utils.weight_optimization - INFO - EU Taxonomy companies: 14
2025-08-13 16:23:18,196 - utils.weight_optimization - INFO - Non-EU Taxonomy companies: 286
2025-08-13 16:23:18,198 - utils.weight_optimization - INFO - Universe High Climate Impact weight: 0.5989
2025-08-13 16:23:18,199 - utils.weight_optimization - INFO - Universe Paris Agreement Plan ratio: 0.8530
2025-08-13 16:23:18,200 - utils.weight_optimization - INFO - Calculated weights for 20 supersectors in universe
2025-08-13 16:23:18,201 - utils.weight_optimization - INFO - Base year WACI: 254.12
2025-08-13 16:23:18,201 - utils.weight_optimization - INFO - Years passed: 1
2025-08-13 16:23:18,201 - utils.weight_optimization - INFO - Target WACI for current year: 236.33159999999998
2025-08-13 16:23:18,201 - utils.weight_optimization - INFO - Creating initial guess for optimization according to specified rules
2025-08-13 16:23:18,201 - utils.weight_optimization - INFO - EU Taxonomy pocket: 14 companies (target: 10% of total weight)
2025-08-13 16:23:18,201 - utils.weight_optimization - INFO - Non-EU Taxonomy pocket: 286 companies (target: 90% of total weight)
2025-08-13 16:23:18,201 - utils.weight_optimization - INFO - Initial weights - Total: 1.000000, EU: 0.100000 (10%), Non-EU: 0.900000 (90%)
2025-08-13 16:23:18,201 - utils.weight_optimization - INFO - Initial WACI: 415.88 (targets: < 253.26 and < 236.33)
2025-08-13 16:23:18,201 - utils.weight_optimization - INFO - Attempting optimization with factor = 2
2025-08-13 16:23:18,201 - utils.weight_optimization - INFO - Starting optimization with 1209 constraints
2025-08-13 16:23:27,276 - utils.weight_optimization - WARNING - Optimization failed with factor = 2: Inequality constraints incompatible
2025-08-13 16:23:27,276 - utils.weight_optimization - INFO - Attempting optimization with factor = 3
2025-08-13 16:23:27,276 - utils.weight_optimization - INFO - Starting optimization with 1209 constraints
2025-08-13 16:23:36,461 - utils.weight_optimization - WARNING - Optimization failed with factor = 3: Inequality constraints incompatible
2025-08-13 16:23:36,461 - utils.weight_optimization - INFO - Attempting optimization with factor = 4
2025-08-13 16:23:36,461 - utils.weight_optimization - INFO - Starting optimization with 1209 constraints
2025-08-13 16:23:45,361 - utils.weight_optimization - WARNING - Optimization failed with factor = 4: Inequality constraints incompatible
2025-08-13 16:23:45,361 - utils.weight_optimization - INFO - Attempting optimization with factor = 5
2025-08-13 16:23:45,361 - utils.weight_optimization - INFO - Starting optimization with 1209 constraints
2025-08-13 16:23:54,661 - utils.weight_optimization - WARNING - Optimization failed with factor = 5: Inequality constraints incompatible
2025-08-13 16:23:54,661 - utils.weight_optimization - ERROR - Failed to find optimal weights after trying all relaxation steps
2025-08-13 16:23:54,661 - Review.reviews.lc3wp_review - ERROR - Optimization did not produce valid weights. Using market cap weights instead.
2025-08-13 16:23:54,661 - Review.reviews.lc3wp_review - INFO - Calculated weighting factors based on optimized weights
2025-08-13 16:23:54,661 - Review.reviews.lc3wp_review - INFO - Final optimized WACI: 374.19 (target: < 253.26)
2025-08-13 16:23:54,661 - Review.reviews.lc3wp_review - WARNING - WACI reduction target not met: 374.19 > 253.26
2025-08-13 16:23:54,661 - Review.reviews.lc3wp_review - WARNING - Achieved only 26.12% reduction vs target of 50%
2025-08-13 16:23:54,661 - Review.reviews.lc3wp_review - INFO - EU Taxonomy pocket weight: 1.01% (target: 5-10%)
2025-08-13 16:23:54,661 - Review.reviews.lc3wp_review - WARNING - EU Taxonomy weight constraint not met: 1.01% outside target range 5-10%
2025-08-13 16:23:54,675 - Review.reviews.lc3wp_review - INFO - High Climate Impact section weight: 57.54% (target: >= 59.89%)
2025-08-13 16:23:54,675 - Review.reviews.lc3wp_review - WARNING - High Climate Impact weight constraint not met: 57.54% < 59.89%
2025-08-13 16:23:54,679 - Review.reviews.lc3wp_review - INFO - Companies with Paris Agreement Plan weight: 95.50% (target: > 85.30%)
2025-08-13 16:23:54,680 - Review.reviews.lc3wp_review - INFO - HCI companies with Paris Agreement Plan: 93.53% (target: >= 35%)
2025-08-13 16:23:54,680 - Review.reviews.lc3wp_review - INFO - Saving output files...
2025-08-13 16:23:56,580 - Review.reviews.lc3wp_review - INFO - Results saved to C:\Users\CSonneveld\OneDrive - Euronext\Documents\Projects\GUI + Reviews\output\LC3WP_review_20250813_162354.xlsx
2025-08-13 16:23:56,630 - werkzeug - INFO - 127.0.0.1 - - [13/Aug/2025 16:23:56] "POST /calculate HTTP/1.1" 200 -
