2025-04-10 16:47:45,706 - werkzeug - WARNING -  * Debugger is active!
2025-04-10 16:47:45,708 - werkzeug - INFO -  * Debugger PIN: 691-175-853
2025-04-10 16:48:09,096 - Review.reviews.lc100_review - INFO - Loading EOD data...
2025-04-10 16:48:11,263 - Review.reviews.lc100_review - INFO - Loading reference data...
2025-04-10 16:48:20,898 - Review.reviews.lc100_review - WARNING - Removed 18750 duplicate rows from cdp_climate_df
2025-04-10 16:48:20,902 - Review.reviews.lc100_review - INFO - Filtering universe for EU500 companies...
2025-04-10 16:48:20,904 - Review.reviews.lc100_review - INFO - Universe size after EU500 filter: 499
2025-04-10 16:48:20,904 - Review.reviews.lc100_review - INFO - Adding Free Float data...
2025-04-10 16:48:20,912 - Review.reviews.lc100_review - INFO - Adding ICB Subsector data...
2025-04-10 16:48:20,926 - Review.reviews.lc100_review - WARNING - Removed 9316 duplicate rows from ICB data
2025-04-10 16:48:21,029 - Review.reviews.lc100_review - INFO - Debug file saved to C:\Users\CSonneveld\OneDrive - Euronext\Documents\Projects\GUI + Reviews\debug\universe_df_after_nace_20250410_164820.xlsx
2025-04-10 16:48:21,029 - Review.reviews.lc100_review - INFO - Adding CDP Climate data...
2025-04-10 16:48:21,034 - Review.reviews.lc100_review - INFO - Adding Oekom Trust & Carbon data...
2025-04-10 16:48:21,034 - Review.reviews.lc100_review - WARNING - Column 'Social Rating Numeric' not found in Oekom data. Skipping this column.
2025-04-10 16:48:21,034 - Review.reviews.lc100_review - WARNING - Column 'Governance Rating Numeric' not found in Oekom data. Skipping this column.
2025-04-10 16:48:21,036 - Review.reviews.lc100_review - INFO - Adding NACE data...
2025-04-10 16:48:21,039 - Review.reviews.lc100_review - INFO - Adding EU Taxonomy flag...
2025-04-10 16:48:21,041 - Review.reviews.lc100_review - INFO - Checking GAFI lists and Non-fiscally cooperative countries...
2025-04-10 16:48:21,042 - Review.reviews.lc100_review - INFO - Applying exclusion criteria...
2025-04-10 16:48:21,066 - Review.reviews.lc100_review - INFO - Calculating Climate Score for ranking...
2025-04-10 16:48:21,069 - Review.reviews.lc100_review - INFO - Selecting EU Taxonomy companies...
2025-04-10 16:48:21,070 - Review.reviews.lc100_review - INFO - Found 14 EU Taxonomy companies after exclusions
2025-04-10 16:48:21,071 - Review.reviews.lc100_review - INFO - Found 350 Non-EU Taxonomy eligible companies after exclusions
2025-04-10 16:48:21,071 - Review.reviews.lc100_review - INFO - Target number of constituents: 100
2025-04-10 16:48:21,071 - Review.reviews.lc100_review - INFO - Number of EU Taxonomy companies: 14
2025-04-10 16:48:21,071 - Review.reviews.lc100_review - INFO - Target number of Non-EU Taxonomy companies: 86
2025-04-10 16:48:21,098 - Review.reviews.lc100_review - INFO - Super-sector allocation: 
    Supersector  Count  Target
0        1010.0     19       5
1        1510.0     18       5
2        2010.0     43      11
3        3010.0     45      12
4        3020.0     31       8
5        3030.0     30       8
6        3510.0     20       5
7        4010.0      8       2
8        4020.0     22       6
9        4030.0      9       3
10       4040.0      8       2
11       4050.0     12       3
12       4510.0     21       6
13       4520.0      8       2
14       5010.0      6       2
15       5020.0     38      10
16       5510.0      4       1
17       5520.0      7       2
18       6510.0      1       1
2025-04-10 16:48:21,110 - Review.reviews.lc100_review - INFO - Selected 94 companies, need to remove 8
2025-04-10 16:48:21,117 - Review.reviews.lc100_review - INFO - Removed 8 companies, new total: 86
2025-04-10 16:48:21,118 - Review.reviews.lc100_review - INFO - Final selection contains 100 companies
2025-04-10 16:48:21,119 - Review.reviews.lc100_review - INFO - - EU Taxonomy: 14
2025-04-10 16:48:21,119 - Review.reviews.lc100_review - INFO - - Non-EU Taxonomy: 86
2025-04-10 16:48:21,119 - Review.reviews.lc100_review - INFO - Initial weight allocations:
2025-04-10 16:48:21,119 - Review.reviews.lc100_review - INFO - - EU Taxonomy pocket: 10.00%
2025-04-10 16:48:21,120 - Review.reviews.lc100_review - INFO - - Non-EU Taxonomy pocket: 90.00%
2025-04-10 16:48:21,121 - Review.reviews.lc100_review - INFO - Saving output files...
2025-04-10 16:48:21,420 - Review.reviews.lc100_review - INFO - Results saved to C:\Users\CSonneveld\OneDrive - Euronext\Documents\Projects\GUI + Reviews\output\LC100_review_20250410_164821.xlsx
2025-04-10 16:48:21,456 - werkzeug - INFO - 127.0.0.1 - - [10/Apr/2025 16:48:21] "POST /calculate HTTP/1.1" 200 -
2025-04-10 16:48:37,436 - Review.reviews.lc100_review - INFO - Loading EOD data...
2025-04-10 16:48:39,777 - Review.reviews.lc100_review - INFO - Loading reference data...
2025-04-10 16:48:49,671 - Review.reviews.lc100_review - WARNING - Removed 18750 duplicate rows from cdp_climate_df
2025-04-10 16:48:49,674 - Review.reviews.lc100_review - INFO - Filtering universe for EU500 companies...
2025-04-10 16:48:49,675 - Review.reviews.lc100_review - INFO - Universe size after EU500 filter: 499
2025-04-10 16:48:49,675 - Review.reviews.lc100_review - INFO - Adding Free Float data...
2025-04-10 16:48:49,678 - Review.reviews.lc100_review - INFO - Adding ICB Subsector data...
2025-04-10 16:48:49,694 - Review.reviews.lc100_review - WARNING - Removed 9316 duplicate rows from ICB data
2025-04-10 16:48:49,762 - Review.reviews.lc100_review - INFO - Debug file saved to C:\Users\CSonneveld\OneDrive - Euronext\Documents\Projects\GUI + Reviews\debug\universe_df_after_nace_20250410_164849.xlsx
2025-04-10 16:48:49,762 - Review.reviews.lc100_review - INFO - Adding CDP Climate data...
2025-04-10 16:48:49,767 - Review.reviews.lc100_review - INFO - Adding Oekom Trust & Carbon data...
2025-04-10 16:48:49,767 - Review.reviews.lc100_review - WARNING - Column 'Social Rating Numeric' not found in Oekom data. Skipping this column.
2025-04-10 16:48:49,768 - Review.reviews.lc100_review - WARNING - Column 'Governance Rating Numeric' not found in Oekom data. Skipping this column.
2025-04-10 16:48:49,770 - Review.reviews.lc100_review - INFO - Adding NACE data...
2025-04-10 16:48:49,772 - Review.reviews.lc100_review - INFO - Adding EU Taxonomy flag...
2025-04-10 16:48:49,773 - Review.reviews.lc100_review - INFO - Checking GAFI lists and Non-fiscally cooperative countries...
2025-04-10 16:48:49,774 - Review.reviews.lc100_review - INFO - Applying exclusion criteria...
2025-04-10 16:48:49,799 - Review.reviews.lc100_review - INFO - Calculating Climate Score for ranking...
2025-04-10 16:48:49,801 - Review.reviews.lc100_review - INFO - Selecting EU Taxonomy companies...
2025-04-10 16:48:49,802 - Review.reviews.lc100_review - INFO - Found 14 EU Taxonomy companies after exclusions
2025-04-10 16:48:49,804 - Review.reviews.lc100_review - INFO - Found 350 Non-EU Taxonomy eligible companies after exclusions
2025-04-10 16:48:49,804 - Review.reviews.lc100_review - INFO - Target number of constituents: 100
2025-04-10 16:48:49,804 - Review.reviews.lc100_review - INFO - Number of EU Taxonomy companies: 14
2025-04-10 16:48:49,805 - Review.reviews.lc100_review - INFO - Target number of Non-EU Taxonomy companies: 86
2025-04-10 16:48:49,824 - Review.reviews.lc100_review - INFO - Super-sector allocation: 
    Supersector  Count  Target
0        1010.0     19       5
1        1510.0     18       5
2        2010.0     43      11
3        3010.0     45      12
4        3020.0     31       8
5        3030.0     30       8
6        3510.0     20       5
7        4010.0      8       2
8        4020.0     22       6
9        4030.0      9       3
10       4040.0      8       2
11       4050.0     12       3
12       4510.0     21       6
13       4520.0      8       2
14       5010.0      6       2
15       5020.0     38      10
16       5510.0      4       1
17       5520.0      7       2
18       6510.0      1       1
2025-04-10 16:48:49,835 - Review.reviews.lc100_review - INFO - Selected 94 companies, need to remove 8
2025-04-10 16:48:49,839 - Review.reviews.lc100_review - INFO - Removed 8 companies, new total: 86
2025-04-10 16:48:49,840 - Review.reviews.lc100_review - INFO - Final selection contains 100 companies
2025-04-10 16:48:49,841 - Review.reviews.lc100_review - INFO - - EU Taxonomy: 14
2025-04-10 16:48:49,841 - Review.reviews.lc100_review - INFO - - Non-EU Taxonomy: 86
2025-04-10 16:48:49,841 - Review.reviews.lc100_review - INFO - Initial weight allocations:
2025-04-10 16:48:49,841 - Review.reviews.lc100_review - INFO - - EU Taxonomy pocket: 10.00%
2025-04-10 16:48:49,841 - Review.reviews.lc100_review - INFO - - Non-EU Taxonomy pocket: 90.00%
2025-04-10 16:48:49,842 - Review.reviews.lc100_review - INFO - Saving output files...
2025-04-10 16:48:50,097 - Review.reviews.lc100_review - INFO - Results saved to C:\Users\CSonneveld\OneDrive - Euronext\Documents\Projects\GUI + Reviews\output\LC100_review_20250410_164849.xlsx
2025-04-10 16:48:50,127 - werkzeug - INFO - 127.0.0.1 - - [10/Apr/2025 16:48:50] "POST /calculate HTTP/1.1" 200 -
2025-04-10 16:50:40,956 - werkzeug - INFO -  * Detected change in 'C:\\Users\\CSonneveld\\OneDrive - Euronext\\Documents\\Projects\\GUI + Reviews\\Review\\reviews\\lc100_review.py', reloading
2025-04-10 16:50:40,956 - werkzeug - INFO -  * Detected change in 'C:\\Users\\CSonneveld\\OneDrive - Euronext\\Documents\\Projects\\GUI + Reviews\\Review\\reviews\\lc100_review.py', reloading
2025-04-10 16:50:41,093 - werkzeug - INFO -  * Detected change in 'C:\\Users\\CSonneveld\\OneDrive - Euronext\\Documents\\Projects\\GUI + Reviews\\Review\\reviews\\lc100_review.py', reloading
2025-04-10 16:50:41,093 - werkzeug - INFO -  * Detected change in 'C:\\Users\\CSonneveld\\OneDrive - Euronext\\Documents\\Projects\\GUI + Reviews\\Review\\reviews\\lc100_review.py', reloading
2025-04-10 16:50:41,236 - werkzeug - INFO -  * Detected change in 'C:\\Users\\CSonneveld\\OneDrive - Euronext\\Documents\\Projects\\GUI + Reviews\\Review\\reviews\\lc100_review.py', reloading
2025-04-10 16:50:41,237 - werkzeug - INFO -  * Detected change in 'C:\\Users\\CSonneveld\\OneDrive - Euronext\\Documents\\Projects\\GUI + Reviews\\Review\\reviews\\lc100_review.py', reloading
