2025-02-04 15:18:06,803 - werkzeug - WARNING -  * Debugger is active!
2025-02-04 15:18:06,806 - werkzeug - INFO -  * Debugger PIN: 691-175-853
2025-02-04 15:18:10,904 - Review.reviews.edwpt_review - INFO - Starting EDWPT review calculation
2025-02-04 15:18:14,797 - Review.reviews.edwpt_review - INFO - 
EDWPT Selection Summary:
2025-02-04 15:18:14,798 - Review.reviews.edwpt_review - INFO - Total companies selected: 5446
2025-02-04 15:18:14,799 - Review.reviews.edwpt_review - INFO - Total FFMC covered: 98.84%
2025-02-04 15:18:14,824 - Review.reviews.edwpt_review - INFO - 
DEUPT Selection Summary:
2025-02-04 15:18:14,831 - Review.reviews.edwpt_review - INFO - Total companies selected: 1327
2025-02-04 15:18:14,833 - Review.reviews.edwpt_review - INFO - Total FFMC covered: 98.67%
2025-02-04 15:18:14,850 - Review.reviews.edwpt_review - INFO - 
DEZPT Selection Summary:
2025-02-04 15:18:14,851 - Review.reviews.edwpt_review - INFO - Total companies selected: 494
2025-02-04 15:18:14,852 - Review.reviews.edwpt_review - INFO - Total FFMC covered: 98.51%
2025-02-04 15:18:14,867 - Review.reviews.edwpt_review - INFO - 
DAPPT Selection Summary:
2025-02-04 15:18:14,870 - Review.reviews.edwpt_review - INFO - Total companies selected: 1909
2025-02-04 15:18:14,871 - Review.reviews.edwpt_review - INFO - Total FFMC covered: 98.13%
2025-02-04 15:18:14,882 - Review.reviews.edwpt_review - INFO - 
DNAPT Selection Summary:
2025-02-04 15:18:14,883 - Review.reviews.edwpt_review - INFO - Total companies selected: 1764
2025-02-04 15:18:14,884 - Review.reviews.edwpt_review - INFO - Total FFMC covered: 98.18%
2025-02-04 15:18:14,896 - Review.reviews.edwpt_review - INFO - 
DASPT Selection Summary:
2025-02-04 15:18:14,897 - Review.reviews.edwpt_review - INFO - Total companies selected: 1563
2025-02-04 15:18:14,898 - Review.reviews.edwpt_review - INFO - Total FFMC covered: 98.07%
2025-02-04 15:18:14,905 - Review.reviews.edwpt_review - INFO - 
DPAPT Selection Summary:
2025-02-04 15:18:14,906 - Review.reviews.edwpt_review - INFO - Total companies selected: 320
2025-02-04 15:18:14,907 - Review.reviews.edwpt_review - INFO - Total FFMC covered: 98.04%
2025-02-04 15:18:14,918 - Review.reviews.edwpt_review - INFO - 
EUSPT Selection Summary:
2025-02-04 15:18:14,920 - Review.reviews.edwpt_review - INFO - Total companies selected: 1481
2025-02-04 15:18:14,921 - Review.reviews.edwpt_review - INFO - Total FFMC covered: 98.00%
2025-02-04 15:18:14,931 - Review.reviews.edwpt_review - INFO - 
EJPPT Selection Summary:
2025-02-04 15:18:14,932 - Review.reviews.edwpt_review - INFO - Total companies selected: 1414
2025-02-04 15:18:14,934 - Review.reviews.edwpt_review - INFO - Total FFMC covered: 98.00%
2025-02-04 15:18:14,938 - Review.reviews.edwpt_review - INFO - 
ECHPT Selection Summary:
2025-02-04 15:18:14,940 - Review.reviews.edwpt_review - INFO - Total companies selected: 74
2025-02-04 15:18:14,941 - Review.reviews.edwpt_review - INFO - Total FFMC covered: 98.05%
2025-02-04 15:18:14,947 - Review.reviews.edwpt_review - INFO - 
EUKPT Selection Summary:
2025-02-04 15:18:14,948 - Review.reviews.edwpt_review - INFO - Total companies selected: 320
2025-02-04 15:18:14,949 - Review.reviews.edwpt_review - INFO - Total FFMC covered: 98.01%
2025-02-04 15:18:14,954 - Review.reviews.edwpt_review - INFO - 
CANPT Selection Summary:
2025-02-04 15:18:14,955 - Review.reviews.edwpt_review - INFO - Total companies selected: 230
2025-02-04 15:18:14,956 - Review.reviews.edwpt_review - INFO - Total FFMC covered: 98.02%
2025-02-04 15:18:14,964 - Review.reviews.edwpt_review - INFO - 
Global Selection Summary:
2025-02-04 15:18:14,965 - Review.reviews.edwpt_review - INFO - Total companies selected: 5446
2025-02-04 15:18:14,967 - Review.reviews.edwpt_review - INFO - Total FFMC covered: 98.84%
2025-02-04 15:18:14,970 - Review.reviews.edwpt_review - INFO - 
MIC-level Summary:
2025-02-04 15:18:14,970 - Review.reviews.edwpt_review - INFO -       ISIN          FFMC  EDWPT_selection
MIC                                      
ALXP     1  1.337544e+09                1
BATS     3  1.962934e+10                1
MERK     2  2.803735e+08                2
MTAA   246  5.292374e+11               85
WBAH    26  5.370078e+10               17
XAMS    79  1.157401e+12               44
XASX   886  1.442942e+12              283
XBRU    58  1.938564e+11               34
XCSE   107  6.350474e+11               36
XESM     2  1.794035e+09                2
XETR   227  1.472409e+12              106
XHEL   127  2.061674e+11               49
XHKG   209  3.465502e+11               69
XLIS    18  3.541669e+10               11
XLON   872  2.336733e+12              320
XMAD    99  4.808796e+11               41
XMSM    14  5.274635e+10               10
XNGM    47  4.908139e+08                1
XNGS  2628  2.418978e+13              773
XNYS  1736  2.534917e+13             1143
XNZE    52  6.656698e+10               35
XOSL   245  1.738210e+11              125
XPAR   351  1.866583e+12               94
XSES   118  2.570802e+11               62
XSTO   648  7.073552e+11              222
XSWX   148  1.669679e+12               86
XTAE   275  1.399417e+11              150
XTKS  3711  4.991981e+12             1414
XTSE   491  2.080540e+12              230
2025-02-04 15:18:14,989 - Review.reviews.edwpt_review - INFO - Saving output to: C:\Users\CSonneveld\OneDrive - Euronext\Documents\Projects\GUI + Reviews\output\EDWPT_df_20250204_151814.xlsx
2025-02-04 15:18:15,265 - Review.reviews.edwpt_review - INFO - 
EDWPT Changes Summary:
2025-02-04 15:18:15,266 - Review.reviews.edwpt_review - INFO - Inclusions: 5446
2025-02-04 15:18:15,266 - Review.reviews.edwpt_review - INFO - Exclusions: 0
2025-02-04 15:18:15,335 - Review.reviews.edwpt_review - INFO - 
DEUPT Changes Summary:
2025-02-04 15:18:15,336 - Review.reviews.edwpt_review - INFO - Inclusions: 1327
2025-02-04 15:18:15,336 - Review.reviews.edwpt_review - INFO - Exclusions: 0
2025-02-04 15:18:15,367 - Review.reviews.edwpt_review - INFO - 
DEZPT Changes Summary:
2025-02-04 15:18:15,367 - Review.reviews.edwpt_review - INFO - Inclusions: 494
2025-02-04 15:18:15,368 - Review.reviews.edwpt_review - INFO - Exclusions: 0
2025-02-04 15:18:15,462 - Review.reviews.edwpt_review - INFO - 
DAPPT Changes Summary:
2025-02-04 15:18:15,463 - Review.reviews.edwpt_review - INFO - Inclusions: 1909
2025-02-04 15:18:15,463 - Review.reviews.edwpt_review - INFO - Exclusions: 0
2025-02-04 15:18:15,571 - Review.reviews.edwpt_review - INFO - 
DNAPT Changes Summary:
2025-02-04 15:18:15,572 - Review.reviews.edwpt_review - INFO - Inclusions: 1764
2025-02-04 15:18:15,572 - Review.reviews.edwpt_review - INFO - Exclusions: 0
2025-02-04 15:18:15,649 - Review.reviews.edwpt_review - INFO - 
DASPT Changes Summary:
2025-02-04 15:18:15,650 - Review.reviews.edwpt_review - INFO - Inclusions: 1563
2025-02-04 15:18:15,650 - Review.reviews.edwpt_review - INFO - Exclusions: 0
2025-02-04 15:18:15,673 - Review.reviews.edwpt_review - INFO - 
DPAPT Changes Summary:
2025-02-04 15:18:15,673 - Review.reviews.edwpt_review - INFO - Inclusions: 320
2025-02-04 15:18:15,673 - Review.reviews.edwpt_review - INFO - Exclusions: 0
2025-02-04 15:18:15,745 - Review.reviews.edwpt_review - INFO - 
EUSPT Changes Summary:
2025-02-04 15:18:15,746 - Review.reviews.edwpt_review - INFO - Inclusions: 1481
2025-02-04 15:18:15,746 - Review.reviews.edwpt_review - INFO - Exclusions: 0
2025-02-04 15:18:15,816 - Review.reviews.edwpt_review - INFO - 
EJPPT Changes Summary:
2025-02-04 15:18:15,817 - Review.reviews.edwpt_review - INFO - Inclusions: 1414
2025-02-04 15:18:15,817 - Review.reviews.edwpt_review - INFO - Exclusions: 0
2025-02-04 15:18:15,829 - Review.reviews.edwpt_review - INFO - 
ECHPT Changes Summary:
2025-02-04 15:18:15,829 - Review.reviews.edwpt_review - INFO - Inclusions: 74
2025-02-04 15:18:15,830 - Review.reviews.edwpt_review - INFO - Exclusions: 0
2025-02-04 15:18:15,856 - Review.reviews.edwpt_review - INFO - 
EUKPT Changes Summary:
2025-02-04 15:18:15,857 - Review.reviews.edwpt_review - INFO - Inclusions: 320
2025-02-04 15:18:15,857 - Review.reviews.edwpt_review - INFO - Exclusions: 0
2025-02-04 15:18:15,876 - Review.reviews.edwpt_review - INFO - 
CANPT Changes Summary:
2025-02-04 15:18:15,876 - Review.reviews.edwpt_review - INFO - Inclusions: 230
2025-02-04 15:18:15,876 - Review.reviews.edwpt_review - INFO - Exclusions: 0
2025-02-04 15:18:19,898 - Review.reviews.edwpt_review - INFO - File successfully saved to: C:\Users\CSonneveld\OneDrive - Euronext\Documents\Projects\GUI + Reviews\output\EDWPT_df_20250204_151814.xlsx
2025-02-04 15:18:20,018 - werkzeug - INFO - 127.0.0.1 - - [04/Feb/2025 15:18:20] "POST /calculate HTTP/1.1" 200 -
2025-02-04 15:24:23,117 - werkzeug - INFO -  * Detected change in 'C:\\Users\\CSonneveld\\OneDrive - Euronext\\Documents\\Projects\\GUI + Reviews\\Review\\reviews\\aexew_review.py', reloading
2025-02-04 15:24:23,119 - werkzeug - INFO -  * Detected change in 'C:\\Users\\CSonneveld\\OneDrive - Euronext\\Documents\\Projects\\GUI + Reviews\\Review\\reviews\\aexew_review.py', reloading
2025-02-04 15:24:23,120 - werkzeug - INFO -  * Detected change in 'C:\\Users\\CSonneveld\\OneDrive - Euronext\\Documents\\Projects\\GUI + Reviews\\Review\\reviews\\aexew_review.py', reloading
