2025-02-10 13:58:21,969 - werkzeug - WARNING -  * Debugger is active!
2025-02-10 13:58:21,971 - werkzeug - INFO -  * Debugger PIN: 691-175-853
2025-02-10 13:59:25,415 - Review.reviews.aerdp_review - INFO - Loading EOD data...
2025-02-10 13:59:27,454 - Review.reviews.aerdp_review - INFO - Loading reference data...
2025-02-10 13:59:34,293 - Review.reviews.aerdp_review - ERROR - Error during review calculation: "['Company'] not in index"
2025-02-10 13:59:34,296 - Review.reviews.aerdp_review - ERROR - Traceback (most recent call last):
  File "C:\Users\CSonneveld\OneDrive - Euronext\Documents\Projects\GUI + Reviews\Review\reviews\aerdp_review.py", line 233, in run_aerdp_review
    analysis_results = inclusion_exclusion_analysis(
                       ^^^^^^^^^^^^^^^^^^^^^^^^^^^^^
  File "C:\Users\CSonneveld\OneDrive - Euronext\Documents\Projects\GUI + Reviews\utils\inclusion_exclusion.py", line 26, in inclusion_exclusion_analysis
    inclusion_df = selection_df[selection_df['Inclusion']][[
                   ^^^^^^^^^^^^^^^^^^^^^^^^^^^^^^^^^^^^^^^^^
  File "C:\Users\CSonneveld\AppData\Roaming\Python\Python312\site-packages\pandas\core\frame.py", line 4108, in __getitem__
    indexer = self.columns._get_indexer_strict(key, "columns")[1]
              ^^^^^^^^^^^^^^^^^^^^^^^^^^^^^^^^^^^^^^^^^^^^^^^^
  File "C:\Users\CSonneveld\AppData\Roaming\Python\Python312\site-packages\pandas\core\indexes\base.py", line 6200, in _get_indexer_strict
    self._raise_if_missing(keyarr, indexer, axis_name)
  File "C:\Users\CSonneveld\AppData\Roaming\Python\Python312\site-packages\pandas\core\indexes\base.py", line 6252, in _raise_if_missing
    raise KeyError(f"{not_found} not in index")
KeyError: "['Company'] not in index"

2025-02-10 13:59:34,314 - werkzeug - INFO - 127.0.0.1 - - [10/Feb/2025 13:59:34] "POST /calculate HTTP/1.1" 200 -
2025-02-10 14:24:51,751 - Review.reviews.aerdp_review - INFO - Loading EOD data...
2025-02-10 14:24:53,511 - Review.reviews.aerdp_review - INFO - Loading reference data...
2025-02-10 14:25:00,497 - Review.reviews.aerdp_review - ERROR - Error during review calculation: "['Company'] not in index"
2025-02-10 14:25:00,499 - Review.reviews.aerdp_review - ERROR - Traceback (most recent call last):
  File "C:\Users\CSonneveld\OneDrive - Euronext\Documents\Projects\GUI + Reviews\Review\reviews\aerdp_review.py", line 233, in run_aerdp_review
    analysis_results = inclusion_exclusion_analysis(
                       ^^^^^^^^^^^^^^^^^^^^^^^^^^^^^
  File "C:\Users\CSonneveld\OneDrive - Euronext\Documents\Projects\GUI + Reviews\utils\inclusion_exclusion.py", line 26, in inclusion_exclusion_analysis
    inclusion_df = selection_df[selection_df['Inclusion']][[
                   ^^^^^^^^^^^^^^^^^^^^^^^^^^^^^^^^^^^^^^^^^
  File "C:\Users\CSonneveld\AppData\Roaming\Python\Python312\site-packages\pandas\core\frame.py", line 4108, in __getitem__
    indexer = self.columns._get_indexer_strict(key, "columns")[1]
              ^^^^^^^^^^^^^^^^^^^^^^^^^^^^^^^^^^^^^^^^^^^^^^^^
  File "C:\Users\CSonneveld\AppData\Roaming\Python\Python312\site-packages\pandas\core\indexes\base.py", line 6200, in _get_indexer_strict
    self._raise_if_missing(keyarr, indexer, axis_name)
  File "C:\Users\CSonneveld\AppData\Roaming\Python\Python312\site-packages\pandas\core\indexes\base.py", line 6252, in _raise_if_missing
    raise KeyError(f"{not_found} not in index")
KeyError: "['Company'] not in index"

2025-02-10 14:25:00,518 - werkzeug - INFO - 127.0.0.1 - - [10/Feb/2025 14:25:00] "POST /calculate HTTP/1.1" 200 -
2025-02-10 14:26:17,876 - werkzeug - INFO -  * Detected change in 'C:\\Users\\CSonneveld\\OneDrive - Euronext\\Documents\\Projects\\GUI + Reviews\\Review\\reviews\\aerdp_review.py', reloading
2025-02-10 14:26:17,877 - werkzeug - INFO -  * Detected change in 'C:\\Users\\CSonneveld\\OneDrive - Euronext\\Documents\\Projects\\GUI + Reviews\\Review\\reviews\\aerdp_review.py', reloading
