2025-02-05 14:44:25,697 - werkzeug - WARNING -  * Debugger is active!
2025-02-05 14:44:25,699 - werkzeug - INFO -  * Debugger PIN: 691-175-853
2025-02-05 14:44:25,724 - Review.reviews.sbf80_review - INFO - Loading EOD data...
2025-02-05 14:44:27,884 - Review.reviews.sbf80_review - INFO - Loading reference data...
2025-02-05 14:44:28,641 - Review.reviews.sbf80_review - INFO - Total companies selected: 80
2025-02-05 14:44:28,641 - Review.reviews.sbf80_review - INFO - Buffer zone selections:
2025-02-05 14:44:28,642 - Review.reviews.sbf80_review - INFO - Rank 76.0: SOITEC - Current Constituent: True - Selected
2025-02-05 14:44:28,642 - Review.reviews.sbf80_review - INFO - Rank 77.0: VALEO - Current Constituent: True - Selected
2025-02-05 14:44:28,642 - Review.reviews.sbf80_review - INFO - Rank 78.0: PLUXEE - Current Constituent: True - Selected
2025-02-05 14:44:28,643 - Review.reviews.sbf80_review - INFO - Rank 80.0: IPSOS - Current Constituent: True - Selected
2025-02-05 14:44:28,643 - Review.reviews.sbf80_review - INFO - Rank 84.0: WORLDLINE - Current Constituent: True - Selected
2025-02-05 14:44:28,643 - Review.reviews.sbf80_review - INFO - Rank 79.0: COFACE - Current Constituent: False - Not Selected
2025-02-05 14:44:28,643 - Review.reviews.sbf80_review - INFO - Rank 81.0: AYVENS - Current Constituent: False - Not Selected
2025-02-05 14:44:28,644 - Review.reviews.sbf80_review - INFO - Rank 82.0: VIRBAC - Current Constituent: False - Not Selected
2025-02-05 14:44:28,644 - Review.reviews.sbf80_review - INFO - Rank 83.0: FORVIA - Current Constituent: False - Not Selected
2025-02-05 14:44:28,644 - Review.reviews.sbf80_review - INFO - Rank 85.0: REMY COINTREAU - Current Constituent: False - Not Selected
2025-02-05 14:44:28,649 - Review.reviews.sbf80_review - INFO - Saving SBF80 output to: C:\Users\CSonneveld\OneDrive - Euronext\Documents\Projects\GUI + Reviews\output\SBF80_df_20250205_144428.xlsx
2025-02-05 14:44:28,788 - werkzeug - INFO - 127.0.0.1 - - [05/Feb/2025 14:44:28] "POST /calculate HTTP/1.1" 200 -
2025-02-05 14:45:28,883 - Review.reviews.sbf80_review - INFO - Loading EOD data...
2025-02-05 14:45:31,320 - Review.reviews.sbf80_review - INFO - Loading reference data...
2025-02-05 14:45:31,974 - Review.reviews.sbf80_review - INFO - Total companies selected: 80
2025-02-05 14:45:31,974 - Review.reviews.sbf80_review - INFO - Buffer zone selections:
2025-02-05 14:45:31,975 - Review.reviews.sbf80_review - INFO - Rank 76.0: SOITEC - Current Constituent: True - Selected
2025-02-05 14:45:31,975 - Review.reviews.sbf80_review - INFO - Rank 77.0: VALEO - Current Constituent: True - Selected
2025-02-05 14:45:31,975 - Review.reviews.sbf80_review - INFO - Rank 78.0: PLUXEE - Current Constituent: True - Selected
2025-02-05 14:45:31,976 - Review.reviews.sbf80_review - INFO - Rank 80.0: IPSOS - Current Constituent: True - Selected
2025-02-05 14:45:31,976 - Review.reviews.sbf80_review - INFO - Rank 84.0: WORLDLINE - Current Constituent: True - Selected
2025-02-05 14:45:31,976 - Review.reviews.sbf80_review - INFO - Rank 79.0: COFACE - Current Constituent: False - Not Selected
2025-02-05 14:45:31,977 - Review.reviews.sbf80_review - INFO - Rank 81.0: AYVENS - Current Constituent: False - Not Selected
2025-02-05 14:45:31,977 - Review.reviews.sbf80_review - INFO - Rank 82.0: VIRBAC - Current Constituent: False - Not Selected
2025-02-05 14:45:31,977 - Review.reviews.sbf80_review - INFO - Rank 83.0: FORVIA - Current Constituent: False - Not Selected
2025-02-05 14:45:31,977 - Review.reviews.sbf80_review - INFO - Rank 85.0: REMY COINTREAU - Current Constituent: False - Not Selected
2025-02-05 14:45:31,982 - Review.reviews.sbf80_review - INFO - Saving SBF80 output to: C:\Users\CSonneveld\OneDrive - Euronext\Documents\Projects\GUI + Reviews\output\SBF80_df_20250205_144531.xlsx
2025-02-05 14:45:32,063 - werkzeug - INFO - 127.0.0.1 - - [05/Feb/2025 14:45:32] "POST /calculate HTTP/1.1" 200 -
2025-02-05 14:48:13,966 - werkzeug - INFO -  * Detected change in 'C:\\Users\\CSonneveld\\OneDrive - Euronext\\Documents\\Projects\\GUI + Reviews\\Review\\reviews\\sbf80_review.py', reloading
2025-02-05 14:48:13,967 - werkzeug - INFO -  * Detected change in 'C:\\Users\\CSonneveld\\OneDrive - Euronext\\Documents\\Projects\\GUI + Reviews\\Review\\reviews\\sbf80_review.py', reloading
2025-02-05 14:48:13,967 - werkzeug - INFO -  * Detected change in 'C:\\Users\\CSonneveld\\OneDrive - Euronext\\Documents\\Projects\\GUI + Reviews\\Review\\reviews\\sbf80_review.py', reloading
2025-02-05 14:48:13,968 - werkzeug - INFO -  * Detected change in 'C:\\Users\\CSonneveld\\OneDrive - Euronext\\Documents\\Projects\\GUI + Reviews\\Review\\reviews\\sbf80_review.py', reloading
