2025-07-25 13:20:27,162 - werkzeug - WARNING -  * Debugger is active!
2025-07-25 13:20:27,164 - werkzeug - INFO -  * Debugger PIN: 691-175-853
2025-07-25 13:20:27,186 - werkzeug - INFO -  * Detected change in 'C:\\Users\\CSonneveld\\AppData\\Roaming\\Python\\Python312\\site-packages\\sqlalchemy\\sql\\dml.py', reloading
2025-07-25 13:20:27,192 - werkzeug - INFO -  * Detected change in 'C:\\Users\\CSonneveld\\AppData\\Roaming\\Python\\Python312\\site-packages\\sqlalchemy\\sql\\_dml_constructors.py', reloading
2025-07-25 13:20:27,193 - werkzeug - INFO -  * Detected change in 'C:\\Users\\CSonneveld\\AppData\\Roaming\\Python\\Python312\\site-packages\\sqlalchemy\\sql\\functions.py', reloading
2025-07-25 13:20:27,196 - werkzeug - INFO -  * Detected change in 'C:\\Users\\CSonneveld\\AppData\\Roaming\\Python\\Python312\\site-packages\\sqlalchemy\\sql\\lambdas.py', reloading
2025-07-25 13:20:27,200 - werkzeug - INFO -  * Detected change in 'C:\\Users\\CSonneveld\\AppData\\Roaming\\Python\\Python312\\site-packages\\sqlalchemy\\sql\\visitors.py', reloading
2025-07-25 13:20:27,203 - werkzeug - INFO -  * Detected change in 'C:\\Users\\CSonneveld\\AppData\\Roaming\\Python\\Python312\\site-packages\\sqlalchemy\\types.py', reloading
2025-07-25 13:20:27,204 - werkzeug - INFO -  * Detected change in 'C:\\Users\\CSonneveld\\AppData\\Roaming\\Python\\Python312\\site-packages\\sqlalchemy\\sql\\sqltypes.py', reloading
2025-07-25 13:20:27,205 - werkzeug - INFO -  * Detected change in 'C:\\Users\\CSonneveld\\AppData\\Roaming\\Python\\Python312\\site-packages\\sqlalchemy\\sql\\type_api.py', reloading
2025-07-25 13:20:27,212 - werkzeug - INFO -  * Detected change in 'C:\\Users\\CSonneveld\\AppData\\Roaming\\Python\\Python312\\site-packages\\stack_data\\__init__.py', reloading
2025-07-25 13:20:27,215 - werkzeug - INFO -  * Detected change in 'C:\\Users\\CSonneveld\\AppData\\Roaming\\Python\\Python312\\site-packages\\traitlets\\__init__.py', reloading
2025-07-25 13:20:27,217 - werkzeug - INFO -  * Detected change in 'C:\\Users\\CSonneveld\\AppData\\Roaming\\Python\\Python312\\site-packages\\traitlets\\traitlets.py', reloading
2025-07-25 13:20:27,226 - werkzeug - INFO -  * Detected change in 'C:\\Users\\CSonneveld\\AppData\\Roaming\\Python\\Python312\\site-packages\\traitlets\\_version.py', reloading
2025-07-25 13:20:27,228 - werkzeug - INFO -  * Detected change in 'C:\\Users\\CSonneveld\\AppData\\Roaming\\Python\\Python312\\site-packages\\traitlets\\utils\\bunch.py', reloading
2025-07-25 13:20:27,228 - werkzeug - INFO -  * Detected change in 'C:\\Users\\CSonneveld\\AppData\\Roaming\\Python\\Python312\\site-packages\\traitlets\\utils\\decorators.py', reloading
2025-07-25 13:20:27,229 - werkzeug - INFO -  * Detected change in 'C:\\Users\\CSonneveld\\AppData\\Roaming\\Python\\Python312\\site-packages\\traitlets\\utils\\importstring.py', reloading
2025-07-25 13:20:27,229 - werkzeug - INFO -  * Detected change in 'C:\\Users\\CSonneveld\\AppData\\Roaming\\Python\\Python312\\site-packages\\tzdata\\__init__.py', reloading
2025-07-25 13:20:27,230 - werkzeug - INFO -  * Detected change in 'C:\\Users\\CSonneveld\\AppData\\Roaming\\Python\\Python312\\site-packages\\urllib3\\__init__.py', reloading
2025-07-25 13:20:27,232 - werkzeug - INFO -  * Detected change in 'C:\\Users\\CSonneveld\\AppData\\Roaming\\Python\\Python312\\site-packages\\urllib3\\_collections.py', reloading
2025-07-25 13:20:27,235 - werkzeug - INFO -  * Detected change in 'C:\\Users\\CSonneveld\\AppData\\Roaming\\Python\\Python312\\site-packages\\urllib3\\connectionpool.py', reloading
2025-07-25 13:20:27,237 - werkzeug - INFO -  * Detected change in 'C:\\Users\\CSonneveld\\AppData\\Roaming\\Python\\Python312\\site-packages\\urllib3\\filepost.py', reloading
2025-07-25 13:20:27,238 - werkzeug - INFO -  * Detected change in 'C:\\Users\\CSonneveld\\AppData\\Roaming\\Python\\Python312\\site-packages\\urllib3\\poolmanager.py', reloading
2025-07-25 13:20:27,240 - werkzeug - INFO -  * Detected change in 'C:\\Users\\CSonneveld\\AppData\\Roaming\\Python\\Python312\\site-packages\\urllib3\\response.py', reloading
2025-07-25 13:20:27,244 - werkzeug - INFO -  * Detected change in 'C:\\Users\\CSonneveld\\AppData\\Roaming\\Python\\Python312\\site-packages\\urllib3\\util\\request.py', reloading
2025-07-25 13:20:27,245 - werkzeug - INFO -  * Detected change in 'C:\\Users\\CSonneveld\\AppData\\Roaming\\Python\\Python312\\site-packages\\urllib3\\util\\retry.py', reloading
2025-07-25 13:20:27,246 - werkzeug - INFO -  * Detected change in 'C:\\Users\\CSonneveld\\AppData\\Roaming\\Python\\Python312\\site-packages\\urllib3\\util\\timeout.py', reloading
2025-07-25 13:20:27,246 - werkzeug - INFO -  * Detected change in 'C:\\Users\\CSonneveld\\AppData\\Roaming\\Python\\Python312\\site-packages\\uvicorn\\__init__.py', reloading
2025-07-25 13:20:27,253 - werkzeug - INFO -  * Detected change in 'C:\\Users\\CSonneveld\\AppData\\Roaming\\Python\\Python312\\site-packages\\uvicorn\\config.py', reloading
2025-07-25 13:20:27,257 - werkzeug - INFO -  * Detected change in 'C:\\Users\\CSonneveld\\AppData\\Roaming\\Python\\Python312\\site-packages\\uvicorn\\main.py', reloading
2025-07-25 13:20:27,262 - werkzeug - INFO -  * Detected change in 'C:\\Users\\CSonneveld\\AppData\\Roaming\\Python\\Python312\\site-packages\\uvicorn\\server.py', reloading
2025-07-25 13:20:27,266 - werkzeug - INFO -  * Detected change in 'C:\\Users\\CSonneveld\\AppData\\Roaming\\Python\\Python312\\site-packages\\wcwidth\\__init__.py', reloading
2025-07-25 13:20:27,268 - werkzeug - INFO -  * Detected change in 'C:\\Users\\CSonneveld\\AppData\\Roaming\\Python\\Python312\\site-packages\\wcwidth\\wcwidth.py', reloading
2025-07-25 13:20:27,269 - werkzeug - INFO -  * Detected change in 'C:\\Users\\CSonneveld\\AppData\\Roaming\\Python\\Python312\\site-packages\\wcwidth\\unicode_versions.py', reloading
2025-07-25 13:20:27,270 - werkzeug - INFO -  * Detected change in 'C:\\Users\\CSonneveld\\AppData\\Roaming\\Python\\Python312\\site-packages\\werkzeug\\__init__.py', reloading
2025-07-25 13:20:27,271 - werkzeug - INFO -  * Detected change in 'C:\\Users\\CSonneveld\\AppData\\Roaming\\Python\\Python312\\site-packages\\werkzeug\\serving.py', reloading
2025-07-25 13:20:27,272 - werkzeug - INFO -  * Detected change in 'C:\\Users\\CSonneveld\\AppData\\Roaming\\Python\\Python312\\site-packages\\werkzeug\\test.py', reloading
2025-07-25 13:20:27,272 - werkzeug - INFO -  * Detected change in 'C:\\Users\\CSonneveld\\AppData\\Roaming\\Python\\Python312\\site-packages\\werkzeug\\wrappers\\__init__.py', reloading
2025-07-25 13:20:27,272 - werkzeug - INFO -  * Detected change in 'C:\\Users\\CSonneveld\\AppData\\Roaming\\Python\\Python312\\site-packages\\werkzeug\\wrappers\\request.py', reloading
2025-07-25 13:20:27,272 - werkzeug - INFO -  * Detected change in 'C:\\Users\\CSonneveld\\AppData\\Roaming\\Python\\Python312\\site-packages\\werkzeug\\wrappers\\response.py', reloading
2025-07-25 13:20:27,283 - werkzeug - INFO -  * Detected change in 'C:\\Users\\CSonneveld\\AppData\\Roaming\\Python\\Python312\\site-packages\\win32ctypes\\__init__.py', reloading
2025-07-25 13:20:27,284 - werkzeug - INFO -  * Detected change in 'C:\\Users\\CSonneveld\\AppData\\Roaming\\Python\\Python312\\site-packages\\xlsxwriter\\__init__.py', reloading
2025-07-25 13:20:27,287 - werkzeug - INFO -  * Detected change in 'C:\\Users\\CSonneveld\\AppData\\Roaming\\Python\\Python312\\site-packages\\zmq\\constants.py', reloading
2025-07-25 13:20:27,291 - werkzeug - INFO -  * Detected change in 'C:\\Users\\CSonneveld\\AppData\\Roaming\\Python\\Python312\\site-packages\\zmq\\error.py', reloading
2025-07-25 13:20:27,293 - werkzeug - INFO -  * Detected change in 'C:\\Users\\CSonneveld\\AppData\\Roaming\\Python\\Python312\\site-packages\\zmq\\sugar\\context.py', reloading
2025-07-25 13:20:27,293 - werkzeug - INFO -  * Detected change in 'C:\\Users\\CSonneveld\\AppData\\Roaming\\Python\\Python312\\site-packages\\zmq\\sugar\\frame.py', reloading
2025-07-25 13:20:27,293 - werkzeug - INFO -  * Detected change in 'C:\\Users\\CSonneveld\\AppData\\Roaming\\Python\\Python312\\site-packages\\zmq\\sugar\\poll.py', reloading
2025-07-25 13:20:27,297 - werkzeug - INFO -  * Detected change in 'C:\\Users\\CSonneveld\\AppData\\Roaming\\Python\\Python312\\site-packages\\zmq\\sugar\\socket.py', reloading
2025-07-25 13:20:27,300 - werkzeug - INFO -  * Detected change in 'C:\\Users\\CSonneveld\\AppData\\Roaming\\Python\\Python312\\site-packages\\zmq\\sugar\\tracker.py', reloading
2025-07-25 13:20:27,301 - werkzeug - INFO -  * Detected change in 'C:\\Users\\CSonneveld\\AppData\\Roaming\\Python\\Python312\\site-packages\\zmq\\sugar\\version.py', reloading
2025-07-25 13:20:27,305 - werkzeug - INFO -  * Detected change in 'C:\\Users\\CSonneveld\\AppData\\Roaming\\Python\\Python312\\site-packages\\pythonwin\\pywin\\__init__.py', reloading
