2025-03-19 16:27:49,804 - werkzeug - WARNING -  * Debugger is active!
2025-03-19 16:27:49,814 - werkzeug - INFO -  * Debugger PIN: 691-175-853
2025-03-19 16:27:58,714 - Review.reviews.bnew_review - INFO - Loading EOD data...
2025-03-19 16:28:02,637 - Review.reviews.bnew_review - INFO - Loading reference data...
2025-03-19 16:28:04,629 - Review.reviews.bnew_review - ERROR - Error during review calculation: 'ISIN Code'
2025-03-19 16:28:04,629 - Review.reviews.bnew_review - ERROR - Traceback (most recent call last):
  File "C:\Users\CSonneveld\AppData\Roaming\Python\Python312\site-packages\pandas\core\indexes\base.py", line 3805, in get_loc
    return self._engine.get_loc(casted_key)
           ^^^^^^^^^^^^^^^^^^^^^^^^^^^^^^^^
  File "index.pyx", line 167, in pandas._libs.index.IndexEngine.get_loc
  File "index.pyx", line 196, in pandas._libs.index.IndexEngine.get_loc
  File "pandas\\_libs\\hashtable_class_helper.pxi", line 7081, in pandas._libs.hashtable.PyObjectHashTable.get_item
  File "pandas\\_libs\\hashtable_class_helper.pxi", line 7089, in pandas._libs.hashtable.PyObjectHashTable.get_item
KeyError: 'ISIN Code'

The above exception was the direct cause of the following exception:

Traceback (most recent call last):
  File "C:\Users\CSonneveld\OneDrive - Euronext\Documents\Projects\GUI + Reviews\Review\reviews\bnew_review.py", line 134, in run_bnew_review
    analysis_results = inclusion_exclusion_analysis(
                       ^^^^^^^^^^^^^^^^^^^^^^^^^^^^^
  File "C:\Users\CSonneveld\OneDrive - Euronext\Documents\Projects\GUI + Reviews\utils\inclusion_exclusion.py", line 23, in inclusion_exclusion_analysis
    selection_df['Inclusion'] = selection_df[isin_column].apply(lambda x: x not in isin_set)
                                ~~~~~~~~~~~~^^^^^^^^^^^^^
  File "C:\Users\CSonneveld\AppData\Roaming\Python\Python312\site-packages\pandas\core\frame.py", line 4102, in __getitem__
    indexer = self.columns.get_loc(key)
              ^^^^^^^^^^^^^^^^^^^^^^^^^
  File "C:\Users\CSonneveld\AppData\Roaming\Python\Python312\site-packages\pandas\core\indexes\base.py", line 3812, in get_loc
    raise KeyError(key) from err
KeyError: 'ISIN Code'

2025-03-19 16:28:04,646 - werkzeug - INFO - 127.0.0.1 - - [19/Mar/2025 16:28:04] "POST /calculate HTTP/1.1" 200 -
2025-03-19 16:28:11,044 - werkzeug - INFO -  * Detected change in 'C:\\Users\\CSonneveld\\OneDrive - Euronext\\Documents\\Projects\\GUI + Reviews\\Review\\reviews\\bnew_review.py', reloading
