2025-08-05 17:16:08,981 - werkzeug - WARNING -  * Debugger is active!
2025-08-05 17:16:08,981 - werkzeug - INFO -  * Debugger PIN: 691-175-853
2025-08-05 17:16:12,969 - Review.reviews.sectorial_review - INFO - Loading EOD data...
2025-08-05 17:16:14,797 - Review.reviews.sectorial_review - INFO - Loading reference data...
2025-08-05 17:16:22,933 - Review.reviews.sectorial_review - INFO - Processing all 30 sectorial indices...
2025-08-05 17:16:22,935 - Review.reviews.sectorial_review - INFO - Processing TECHP...
2025-08-05 17:16:22,946 - Review.reviews.sectorial_review - INFO - Applied capping to 2 companies in TECHP
2025-08-05 17:16:22,947 - Review.reviews.sectorial_review - INFO -   ASML HOLDING: 0.5925 -> 0.0968 (CF: 0.1617)
2025-08-05 17:16:22,947 - Review.reviews.sectorial_review - INFO -   SAP: 0.6750 -> 0.0968 (CF: 0.1420)
2025-08-05 17:16:22,947 - Review.reviews.sectorial_review - INFO - Total weight after capping for TECHP: 1.000000
2025-08-05 17:16:22,947 - Review.reviews.sectorial_review - INFO - Max capping factor for TECHP: 1.000000 (should be 1.0)
2025-08-05 17:16:22,951 - Review.reviews.sectorial_review - INFO - Processing ENRGP...
2025-08-05 17:16:22,956 - Review.reviews.sectorial_review - INFO - Applied capping to 3 companies in ENRGP
2025-08-05 17:16:22,956 - Review.reviews.sectorial_review - INFO -   SHELL PLC: 0.7526 -> 0.1073 (CF: 0.0871)
2025-08-05 17:16:22,957 - Review.reviews.sectorial_review - INFO -   SIEMENS ENERGY AG: 0.2417 -> 0.1073 (CF: 0.2711)
2025-08-05 17:16:22,957 - Review.reviews.sectorial_review - INFO -   TOTALENERGIES: 0.4551 -> 0.1073 (CF: 0.1440)
2025-08-05 17:16:22,957 - Review.reviews.sectorial_review - INFO - Total weight after capping for ENRGP: 1.000000
2025-08-05 17:16:22,957 - Review.reviews.sectorial_review - INFO - Max capping factor for ENRGP: 1.000000 (should be 1.0)
2025-08-05 17:16:22,958 - Review.reviews.sectorial_review - INFO - Processing UTIL...
2025-08-05 17:16:22,965 - Review.reviews.sectorial_review - INFO - Applied capping to 1 companies in UTIL
2025-08-05 17:16:22,965 - Review.reviews.sectorial_review - INFO -   IBERDROLA: 0.3012 -> 0.1831 (CF: 0.5886)
2025-08-05 17:16:22,965 - Review.reviews.sectorial_review - INFO - Total weight after capping for UTIL: 1.000000
2025-08-05 17:16:22,966 - Review.reviews.sectorial_review - INFO - Max capping factor for UTIL: 1.000000 (should be 1.0)
2025-08-05 17:16:22,970 - Review.reviews.sectorial_review - INFO - Processing BASM...
2025-08-05 17:16:22,974 - Review.reviews.sectorial_review - INFO - Applied capping to 2 companies in BASM
2025-08-05 17:16:22,975 - Review.reviews.sectorial_review - INFO -   AIR LIQUIDE: 0.6486 -> 0.1403 (CF: 0.1631)
2025-08-05 17:16:22,975 - Review.reviews.sectorial_review - INFO -   BASF: 0.2341 -> 0.1403 (CF: 0.4520)
2025-08-05 17:16:22,976 - Review.reviews.sectorial_review - INFO - Total weight after capping for BASM: 1.000000
2025-08-05 17:16:22,976 - Review.reviews.sectorial_review - INFO - Max capping factor for BASM: 1.000000 (should be 1.0)
2025-08-05 17:16:22,979 - Review.reviews.sectorial_review - INFO - Processing FINA...
2025-08-05 17:16:22,981 - Review.reviews.sectorial_review - INFO - Total weight after capping for FINA: 1.000000
2025-08-05 17:16:22,981 - Review.reviews.sectorial_review - INFO - Max capping factor for FINA: 1.000000 (should be 1.0)
2025-08-05 17:16:22,986 - Review.reviews.sectorial_review - INFO - Processing CSTA...
2025-08-05 17:16:22,987 - Review.reviews.sectorial_review - INFO - Applied capping to 1 companies in CSTA
2025-08-05 17:16:22,987 - Review.reviews.sectorial_review - INFO -   UNILEVER: 0.4433 -> 0.1610 (CF: 0.3459)
2025-08-05 17:16:22,987 - Review.reviews.sectorial_review - INFO - Total weight after capping for CSTA: 1.000000
2025-08-05 17:16:22,987 - Review.reviews.sectorial_review - INFO - Max capping factor for CSTA: 1.000000 (should be 1.0)
2025-08-05 17:16:22,987 - Review.reviews.sectorial_review - INFO - Processing TELEP...
2025-08-05 17:16:22,998 - Review.reviews.sectorial_review - INFO - Applied capping to 1 companies in TELEP
2025-08-05 17:16:22,998 - Review.reviews.sectorial_review - INFO -   DEUTSCHE TELEKOM AG: 0.7975 -> 0.1243 (CF: 0.1444)
2025-08-05 17:16:23,000 - Review.reviews.sectorial_review - INFO - Total weight after capping for TELEP: 1.000000
2025-08-05 17:16:23,000 - Review.reviews.sectorial_review - INFO - Max capping factor for TELEP: 1.000000 (should be 1.0)
2025-08-05 17:16:23,004 - Review.reviews.sectorial_review - INFO - Processing HEAC...
2025-08-05 17:16:23,008 - Review.reviews.sectorial_review - INFO - Applied capping to 2 companies in HEAC
2025-08-05 17:16:23,008 - Review.reviews.sectorial_review - INFO -   ESSILORLUXOTTICA: 0.2348 -> 0.1744 (CF: 0.7141)
2025-08-05 17:16:23,009 - Review.reviews.sectorial_review - INFO -   SANOFI: 0.2858 -> 0.1744 (CF: 0.5866)
2025-08-05 17:16:23,009 - Review.reviews.sectorial_review - INFO - Total weight after capping for HEAC: 1.000000
2025-08-05 17:16:23,009 - Review.reviews.sectorial_review - INFO - Max capping factor for HEAC: 1.000000 (should be 1.0)
2025-08-05 17:16:23,010 - Review.reviews.sectorial_review - INFO - Processing INDU...
2025-08-05 17:16:23,016 - Review.reviews.sectorial_review - INFO - Total weight after capping for INDU: 1.000000
2025-08-05 17:16:23,016 - Review.reviews.sectorial_review - INFO - Max capping factor for INDU: 1.000000 (should be 1.0)
2025-08-05 17:16:23,019 - Review.reviews.sectorial_review - INFO - Processing CDIS...
2025-08-05 17:16:23,024 - Review.reviews.sectorial_review - INFO - Total weight after capping for CDIS: 1.000000
2025-08-05 17:16:23,024 - Review.reviews.sectorial_review - INFO - Max capping factor for CDIS: 1.000000 (should be 1.0)
2025-08-05 17:16:23,027 - Review.reviews.sectorial_review - INFO - Processing TBMA...
2025-08-05 17:16:23,027 - Review.reviews.sectorial_review - INFO - Total weight after capping for TBMA: 1.000000
2025-08-05 17:16:23,027 - Review.reviews.sectorial_review - INFO - Max capping factor for TBMA: 1.000000 (should be 1.0)
2025-08-05 17:16:23,034 - Review.reviews.sectorial_review - INFO - Processing TCDI...
2025-08-05 17:16:23,037 - Review.reviews.sectorial_review - INFO - Applied capping to 1 companies in TCDI
2025-08-05 17:16:23,037 - Review.reviews.sectorial_review - INFO -   AMAZON: 0.2359 -> 0.1977 (CF: 0.8102)
2025-08-05 17:16:23,037 - Review.reviews.sectorial_review - INFO - Total weight after capping for TCDI: 1.000000
2025-08-05 17:16:23,041 - Review.reviews.sectorial_review - INFO - Max capping factor for TCDI: 1.000000 (should be 1.0)
2025-08-05 17:16:23,044 - Review.reviews.sectorial_review - INFO - Processing TCST...
2025-08-05 17:16:23,046 - Review.reviews.sectorial_review - INFO - Total weight after capping for TCST: 1.000000
2025-08-05 17:16:23,046 - Review.reviews.sectorial_review - INFO - Max capping factor for TCST: 1.000000 (should be 1.0)
2025-08-05 17:16:23,051 - Review.reviews.sectorial_review - INFO - Processing TENR...
2025-08-05 17:16:23,053 - Review.reviews.sectorial_review - INFO - Total weight after capping for TENR: 1.000000
2025-08-05 17:16:23,053 - Review.reviews.sectorial_review - INFO - Max capping factor for TENR: 1.000000 (should be 1.0)
2025-08-05 17:16:23,059 - Review.reviews.sectorial_review - INFO - Processing TFINP...
2025-08-05 17:16:23,061 - Review.reviews.sectorial_review - INFO - Total weight after capping for TFINP: 1.000000
2025-08-05 17:16:23,061 - Review.reviews.sectorial_review - INFO - Max capping factor for TFINP: 1.000000 (should be 1.0)
2025-08-05 17:16:23,065 - Review.reviews.sectorial_review - INFO - Processing THEC...
2025-08-05 17:16:23,069 - Review.reviews.sectorial_review - INFO - Total weight after capping for THEC: 1.000000
2025-08-05 17:16:23,069 - Review.reviews.sectorial_review - INFO - Max capping factor for THEC: 1.000000 (should be 1.0)
2025-08-05 17:16:23,073 - Review.reviews.sectorial_review - INFO - Processing TIND...
2025-08-05 17:16:23,076 - Review.reviews.sectorial_review - INFO - Total weight after capping for TIND: 1.000000
2025-08-05 17:16:23,076 - Review.reviews.sectorial_review - INFO - Max capping factor for TIND: 1.000000 (should be 1.0)
2025-08-05 17:16:23,076 - Review.reviews.sectorial_review - INFO - Processing TTEC...
2025-08-05 17:16:23,083 - Review.reviews.sectorial_review - INFO - Total weight after capping for TTEC: 1.000000
2025-08-05 17:16:23,083 - Review.reviews.sectorial_review - INFO - Max capping factor for TTEC: 1.000000 (should be 1.0)
2025-08-05 17:16:23,087 - Review.reviews.sectorial_review - INFO - Processing TTEL...
2025-08-05 17:16:23,091 - Review.reviews.sectorial_review - INFO - Total weight after capping for TTEL: 1.000000
2025-08-05 17:16:23,091 - Review.reviews.sectorial_review - INFO - Max capping factor for TTEL: 1.000000 (should be 1.0)
2025-08-05 17:16:23,094 - Review.reviews.sectorial_review - INFO - Processing TUTI...
2025-08-05 17:16:23,094 - Review.reviews.sectorial_review - INFO - Total weight after capping for TUTI: 1.000000
2025-08-05 17:16:23,094 - Review.reviews.sectorial_review - INFO - Max capping factor for TUTI: 1.000000 (should be 1.0)
2025-08-05 17:16:23,102 - Review.reviews.sectorial_review - INFO - Processing UUTI...
2025-08-05 17:16:23,104 - Review.reviews.sectorial_review - INFO - Total weight after capping for UUTI: 1.000000
2025-08-05 17:16:23,104 - Review.reviews.sectorial_review - INFO - Max capping factor for UUTI: 1.000000 (should be 1.0)
2025-08-05 17:16:23,109 - Review.reviews.sectorial_review - INFO - Processing UTEL...
2025-08-05 17:16:23,111 - Review.reviews.sectorial_review - INFO - Applied capping to 1 companies in UTEL
2025-08-05 17:16:23,111 - Review.reviews.sectorial_review - INFO -   CISCO SYSTEMS INC: 0.2526 -> 0.1936 (CF: 0.7418)
2025-08-05 17:16:23,111 - Review.reviews.sectorial_review - INFO - Total weight after capping for UTEL: 1.000000
2025-08-05 17:16:23,111 - Review.reviews.sectorial_review - INFO - Max capping factor for UTEL: 1.000000 (should be 1.0)
2025-08-05 17:16:23,118 - Review.reviews.sectorial_review - INFO - Processing UTEC...
2025-08-05 17:16:23,122 - Review.reviews.sectorial_review - INFO - Total weight after capping for UTEC: 1.000000
2025-08-05 17:16:23,122 - Review.reviews.sectorial_review - INFO - Max capping factor for UTEC: 1.000000 (should be 1.0)
2025-08-05 17:16:23,127 - Review.reviews.sectorial_review - INFO - Processing UIND...
2025-08-05 17:16:23,129 - Review.reviews.sectorial_review - INFO - Total weight after capping for UIND: 1.000000
2025-08-05 17:16:23,129 - Review.reviews.sectorial_review - INFO - Max capping factor for UIND: 1.000000 (should be 1.0)
2025-08-05 17:16:23,134 - Review.reviews.sectorial_review - INFO - Processing UHEC...
2025-08-05 17:16:23,137 - Review.reviews.sectorial_review - INFO - Total weight after capping for UHEC: 1.000000
2025-08-05 17:16:23,137 - Review.reviews.sectorial_review - INFO - Max capping factor for UHEC: 1.000000 (should be 1.0)
2025-08-05 17:16:23,143 - Review.reviews.sectorial_review - INFO - Processing UFIN...
2025-08-05 17:16:23,145 - Review.reviews.sectorial_review - INFO - Total weight after capping for UFIN: 1.000000
2025-08-05 17:16:23,146 - Review.reviews.sectorial_review - INFO - Max capping factor for UFIN: 1.000000 (should be 1.0)
2025-08-05 17:16:23,149 - Review.reviews.sectorial_review - INFO - Processing UENR...
2025-08-05 17:16:23,154 - Review.reviews.sectorial_review - INFO - Applied capping to 1 companies in UENR
2025-08-05 17:16:23,154 - Review.reviews.sectorial_review - INFO -   EXXON MOBIL: 0.2969 -> 0.1817 (CF: 0.6013)
2025-08-05 17:16:23,154 - Review.reviews.sectorial_review - INFO - Total weight after capping for UENR: 1.000000
2025-08-05 17:16:23,156 - Review.reviews.sectorial_review - INFO - Max capping factor for UENR: 1.000000 (should be 1.0)
2025-08-05 17:16:23,160 - Review.reviews.sectorial_review - INFO - Processing UCST...
2025-08-05 17:16:23,162 - Review.reviews.sectorial_review - INFO - Total weight after capping for UCST: 1.000000
2025-08-05 17:16:23,162 - Review.reviews.sectorial_review - INFO - Max capping factor for UCST: 1.000000 (should be 1.0)
2025-08-05 17:16:23,167 - Review.reviews.sectorial_review - INFO - Processing UCDI...
2025-08-05 17:16:23,172 - Review.reviews.sectorial_review - INFO - Applied capping to 1 companies in UCDI
2025-08-05 17:16:23,172 - Review.reviews.sectorial_review - INFO -   AMAZON: 0.2935 -> 0.1852 (CF: 0.6089)
2025-08-05 17:16:23,173 - Review.reviews.sectorial_review - INFO - Total weight after capping for UCDI: 1.000000
2025-08-05 17:16:23,173 - Review.reviews.sectorial_review - INFO - Max capping factor for UCDI: 1.000000 (should be 1.0)
2025-08-05 17:16:23,175 - Review.reviews.sectorial_review - INFO - Processing UBMA...
2025-08-05 17:16:23,181 - Review.reviews.sectorial_review - INFO - Applied capping to 1 companies in UBMA
2025-08-05 17:16:23,181 - Review.reviews.sectorial_review - INFO -   LINDE PLC: 0.4122 -> 0.1665 (CF: 0.3824)
2025-08-05 17:16:23,181 - Review.reviews.sectorial_review - INFO - Total weight after capping for UBMA: 1.000000
2025-08-05 17:16:23,181 - Review.reviews.sectorial_review - INFO - Max capping factor for UBMA: 1.000000 (should be 1.0)
2025-08-05 17:16:23,186 - Review.reviews.sectorial_review - INFO - Saving TECHP output to: C:\Users\CSonneveld\OneDrive - Euronext\Documents\Projects\GUI + Reviews\output\TECHP_sectorial_20250805_171623.xlsx
2025-08-05 17:16:23,225 - Review.reviews.sectorial_review - INFO - Saving ENRGP output to: C:\Users\CSonneveld\OneDrive - Euronext\Documents\Projects\GUI + Reviews\output\ENRGP_sectorial_20250805_171623.xlsx
2025-08-05 17:16:23,253 - Review.reviews.sectorial_review - INFO - Saving UTIL output to: C:\Users\CSonneveld\OneDrive - Euronext\Documents\Projects\GUI + Reviews\output\UTIL_sectorial_20250805_171623.xlsx
2025-08-05 17:16:23,290 - Review.reviews.sectorial_review - INFO - Saving BASM output to: C:\Users\CSonneveld\OneDrive - Euronext\Documents\Projects\GUI + Reviews\output\BASM_sectorial_20250805_171623.xlsx
2025-08-05 17:16:23,314 - Review.reviews.sectorial_review - INFO - Saving FINA output to: C:\Users\CSonneveld\OneDrive - Euronext\Documents\Projects\GUI + Reviews\output\FINA_sectorial_20250805_171623.xlsx
2025-08-05 17:16:23,353 - Review.reviews.sectorial_review - INFO - Saving CSTA output to: C:\Users\CSonneveld\OneDrive - Euronext\Documents\Projects\GUI + Reviews\output\CSTA_sectorial_20250805_171623.xlsx
2025-08-05 17:16:23,379 - Review.reviews.sectorial_review - INFO - Saving TELEP output to: C:\Users\CSonneveld\OneDrive - Euronext\Documents\Projects\GUI + Reviews\output\TELEP_sectorial_20250805_171623.xlsx
2025-08-05 17:16:23,403 - Review.reviews.sectorial_review - INFO - Saving HEAC output to: C:\Users\CSonneveld\OneDrive - Euronext\Documents\Projects\GUI + Reviews\output\HEAC_sectorial_20250805_171623.xlsx
2025-08-05 17:16:23,430 - Review.reviews.sectorial_review - INFO - Saving INDU output to: C:\Users\CSonneveld\OneDrive - Euronext\Documents\Projects\GUI + Reviews\output\INDU_sectorial_20250805_171623.xlsx
2025-08-05 17:16:23,462 - Review.reviews.sectorial_review - INFO - Saving CDIS output to: C:\Users\CSonneveld\OneDrive - Euronext\Documents\Projects\GUI + Reviews\output\CDIS_sectorial_20250805_171623.xlsx
2025-08-05 17:16:23,486 - Review.reviews.sectorial_review - INFO - Saving TBMA output to: C:\Users\CSonneveld\OneDrive - Euronext\Documents\Projects\GUI + Reviews\output\TBMA_sectorial_20250805_171623.xlsx
2025-08-05 17:16:23,522 - Review.reviews.sectorial_review - INFO - Saving TCDI output to: C:\Users\CSonneveld\OneDrive - Euronext\Documents\Projects\GUI + Reviews\output\TCDI_sectorial_20250805_171623.xlsx
2025-08-05 17:16:23,570 - Review.reviews.sectorial_review - INFO - Saving TCST output to: C:\Users\CSonneveld\OneDrive - Euronext\Documents\Projects\GUI + Reviews\output\TCST_sectorial_20250805_171623.xlsx
2025-08-05 17:16:23,609 - Review.reviews.sectorial_review - INFO - Saving TENR output to: C:\Users\CSonneveld\OneDrive - Euronext\Documents\Projects\GUI + Reviews\output\TENR_sectorial_20250805_171623.xlsx
2025-08-05 17:16:23,636 - Review.reviews.sectorial_review - INFO - Saving TFINP output to: C:\Users\CSonneveld\OneDrive - Euronext\Documents\Projects\GUI + Reviews\output\TFINP_sectorial_20250805_171623.xlsx
2025-08-05 17:16:23,702 - Review.reviews.sectorial_review - INFO - Saving THEC output to: C:\Users\CSonneveld\OneDrive - Euronext\Documents\Projects\GUI + Reviews\output\THEC_sectorial_20250805_171623.xlsx
2025-08-05 17:16:23,747 - Review.reviews.sectorial_review - INFO - Saving TIND output to: C:\Users\CSonneveld\OneDrive - Euronext\Documents\Projects\GUI + Reviews\output\TIND_sectorial_20250805_171623.xlsx
2025-08-05 17:16:23,841 - Review.reviews.sectorial_review - INFO - Saving TTEC output to: C:\Users\CSonneveld\OneDrive - Euronext\Documents\Projects\GUI + Reviews\output\TTEC_sectorial_20250805_171623.xlsx
2025-08-05 17:16:23,886 - Review.reviews.sectorial_review - INFO - Saving TTEL output to: C:\Users\CSonneveld\OneDrive - Euronext\Documents\Projects\GUI + Reviews\output\TTEL_sectorial_20250805_171623.xlsx
2025-08-05 17:16:23,914 - Review.reviews.sectorial_review - INFO - Saving TUTI output to: C:\Users\CSonneveld\OneDrive - Euronext\Documents\Projects\GUI + Reviews\output\TUTI_sectorial_20250805_171623.xlsx
2025-08-05 17:16:23,946 - Review.reviews.sectorial_review - INFO - Saving UUTI output to: C:\Users\CSonneveld\OneDrive - Euronext\Documents\Projects\GUI + Reviews\output\UUTI_sectorial_20250805_171623.xlsx
2025-08-05 17:16:23,975 - Review.reviews.sectorial_review - INFO - Saving UTEL output to: C:\Users\CSonneveld\OneDrive - Euronext\Documents\Projects\GUI + Reviews\output\UTEL_sectorial_20250805_171623.xlsx
2025-08-05 17:16:24,007 - Review.reviews.sectorial_review - INFO - Saving UTEC output to: C:\Users\CSonneveld\OneDrive - Euronext\Documents\Projects\GUI + Reviews\output\UTEC_sectorial_20250805_171623.xlsx
2025-08-05 17:16:24,085 - Review.reviews.sectorial_review - INFO - Saving UIND output to: C:\Users\CSonneveld\OneDrive - Euronext\Documents\Projects\GUI + Reviews\output\UIND_sectorial_20250805_171623.xlsx
2025-08-05 17:16:24,132 - Review.reviews.sectorial_review - INFO - Saving UHEC output to: C:\Users\CSonneveld\OneDrive - Euronext\Documents\Projects\GUI + Reviews\output\UHEC_sectorial_20250805_171623.xlsx
2025-08-05 17:16:24,169 - Review.reviews.sectorial_review - INFO - Saving UFIN output to: C:\Users\CSonneveld\OneDrive - Euronext\Documents\Projects\GUI + Reviews\output\UFIN_sectorial_20250805_171623.xlsx
2025-08-05 17:16:24,203 - Review.reviews.sectorial_review - INFO - Saving UENR output to: C:\Users\CSonneveld\OneDrive - Euronext\Documents\Projects\GUI + Reviews\output\UENR_sectorial_20250805_171623.xlsx
2025-08-05 17:16:24,236 - Review.reviews.sectorial_review - INFO - Saving UCST output to: C:\Users\CSonneveld\OneDrive - Euronext\Documents\Projects\GUI + Reviews\output\UCST_sectorial_20250805_171623.xlsx
2025-08-05 17:16:24,270 - Review.reviews.sectorial_review - INFO - Saving UCDI output to: C:\Users\CSonneveld\OneDrive - Euronext\Documents\Projects\GUI + Reviews\output\UCDI_sectorial_20250805_171623.xlsx
2025-08-05 17:16:24,313 - Review.reviews.sectorial_review - INFO - Saving UBMA output to: C:\Users\CSonneveld\OneDrive - Euronext\Documents\Projects\GUI + Reviews\output\UBMA_sectorial_20250805_171623.xlsx
2025-08-05 17:16:24,346 - Review.reviews.sectorial_review - INFO - Creating summary file: C:\Users\CSonneveld\OneDrive - Euronext\Documents\Projects\GUI + Reviews\output\All_Sectorial_Summary_20250805_171623.xlsx
2025-08-05 17:16:24,435 - werkzeug - INFO - 127.0.0.1 - - [05/Aug/2025 17:16:24] "POST /calculate HTTP/1.1" 200 -
2025-08-05 17:23:18,444 - werkzeug - INFO -  * Detected change in 'C:\\Users\\CSonneveld\\OneDrive - Euronext\\Documents\\Projects\\GUI + Reviews\\Review\\reviews\\sectorial_review.py', reloading
2025-08-05 17:23:18,444 - werkzeug - INFO -  * Detected change in 'C:\\Users\\CSonneveld\\OneDrive - Euronext\\Documents\\Projects\\GUI + Reviews\\Review\\reviews\\sectorial_review.py', reloading
2025-08-05 17:23:18,446 - werkzeug - INFO -  * Detected change in 'C:\\Users\\CSonneveld\\OneDrive - Euronext\\Documents\\Projects\\GUI + Reviews\\Review\\reviews\\sectorial_review.py', reloading
2025-08-05 17:23:18,446 - werkzeug - INFO -  * Detected change in 'C:\\Users\\CSonneveld\\OneDrive - Euronext\\Documents\\Projects\\GUI + Reviews\\Review\\reviews\\sectorial_review.py', reloading
