2025-04-14 15:49:48,809 - werkzeug - WARNING -  * Debugger is active!
2025-04-14 15:49:48,812 - werkzeug - INFO -  * Debugger PIN: 691-175-853
2025-04-14 15:49:55,751 - Review.reviews.lc3wp_review - INFO - Loading EOD data...
2025-04-14 15:49:59,034 - Review.reviews.lc3wp_review - INFO - Loading reference data...
2025-04-14 15:50:08,885 - Review.reviews.lc3wp_review - WARNING - Removed 18750 duplicate rows from cdp_climate_df
2025-04-14 15:50:08,895 - Review.reviews.lc3wp_review - INFO - Adding Free Float data...
2025-04-14 15:50:08,915 - Review.reviews.lc3wp_review - INFO - Adding ICB Subsector data...
2025-04-14 15:50:08,925 - Review.reviews.lc3wp_review - WARNING - Removed 9315 duplicate rows from ICB data
2025-04-14 15:50:09,124 - Review.reviews.lc3wp_review - INFO - Debug file saved to C:\Users\CSonneveld\OneDrive - Euronext\Documents\Projects\GUI + Reviews\debug\universe_df_after_nace_20250414_155008.xlsx
2025-04-14 15:50:09,124 - Review.reviews.lc3wp_review - INFO - Adding CDP Climate data...
2025-04-14 15:50:09,134 - Review.reviews.lc3wp_review - INFO - Adding Oekom Trust & Carbon data...
2025-04-14 15:50:09,140 - Review.reviews.lc3wp_review - INFO - Adding NACE data...
2025-04-14 15:50:09,142 - Review.reviews.lc3wp_review - INFO - Adding EU Taxonomy flag...
2025-04-14 15:50:09,143 - Review.reviews.lc3wp_review - INFO - Checking GAFI lists and Non-fiscally cooperative countries...
2025-04-14 15:50:09,143 - Review.reviews.lc3wp_review - INFO - Applying exclusion criteria...
2025-04-14 15:50:09,157 - Review.reviews.lc3wp_review - INFO - Marked 149 companies (10%) with worst SG scores for exclusion
2025-04-14 15:50:09,176 - Review.reviews.lc3wp_review - INFO - Calculating Climate Score for ranking...
2025-04-14 15:50:09,178 - Review.reviews.lc3wp_review - INFO - Selecting EU Taxonomy companies...
2025-04-14 15:50:09,179 - Review.reviews.lc3wp_review - INFO - Found 14 EU Taxonomy companies after exclusions
2025-04-14 15:50:09,179 - Review.reviews.lc3wp_review - INFO - Found 979 Non-EU Taxonomy eligible companies after exclusions
2025-04-14 15:50:09,179 - Review.reviews.lc3wp_review - INFO - STEP 4a: Determining target number of Non-EU Taxonomy companies per super-sector...
2025-04-14 15:50:09,179 - Review.reviews.lc3wp_review - INFO - Target number of Non-EU Taxonomy companies: 286
2025-04-14 15:50:09,179 - Review.reviews.lc3wp_review - INFO - Total eligible Non-EU Taxonomy companies: 979
2025-04-14 15:50:09,179 - Review.reviews.lc3wp_review - INFO - Total target after rounding: 295 (vs. target of 286)
2025-04-14 15:50:09,179 - Review.reviews.lc3wp_review - INFO - Need to remove 9 companies due to rounding up
2025-04-14 15:50:09,179 - Review.reviews.lc3wp_review - INFO - STEP 4b: Selecting Non-EU Taxonomy companies based on climate score...
2025-04-14 15:50:09,179 - Review.reviews.lc3wp_review - ERROR - Error during review calculation: 'FFMC'
2025-04-14 15:50:09,190 - Review.reviews.lc3wp_review - ERROR - Traceback (most recent call last):
  File "C:\Users\CSonneveld\OneDrive - Euronext\Documents\Projects\GUI + Reviews\Review\reviews\lc3wp_review.py", line 614, in run_lc3wp_review
    supersector_companies = supersector_companies.sort_values(['climate_score', 'FFMC'],
                           ^^^^^^^^^^^^^^^^^^^^^^^^^^^^^^^^^^^^^^^^^^^^^^^^^^^^^^^^^^^^
  File "C:\Users\CSonneveld\AppData\Roaming\Python\Python312\site-packages\pandas\core\frame.py", line 7172, in sort_values
    keys = [self._get_label_or_level_values(x, axis=axis) for x in by]
            ^^^^^^^^^^^^^^^^^^^^^^^^^^^^^^^^^^^^^^^^^^^^^
  File "C:\Users\CSonneveld\AppData\Roaming\Python\Python312\site-packages\pandas\core\generic.py", line 1911, in _get_label_or_level_values
    raise KeyError(key)
KeyError: 'FFMC'

2025-04-14 15:50:09,191 - werkzeug - INFO -  * Detected change in 'C:\\Users\\CSonneveld\\AppData\\Roaming\\Python\\Python312\\site-packages\\pandas\\core\\generic.py', reloading
2025-04-14 15:50:09,225 - werkzeug - INFO - 127.0.0.1 - - [14/Apr/2025 15:50:09] "POST /calculate HTTP/1.1" 200 -
