2025-09-08 15:41:36,728 - werkzeug - WARNING -  * Debugger is active!
2025-09-08 15:41:36,731 - werkzeug - INFO -  * Debugger PIN: 691-175-853
2025-09-08 15:41:47,266 - Review.reviews.eltfp_review - INFO - Loading EOD data...
2025-09-08 15:41:48,085 - Review.reviews.eltfp_review - INFO - Loading reference data...
2025-09-08 15:41:49,103 - Review.reviews.eltfp_review - ERROR - Error during review calculation: single positional indexer is out-of-bounds
2025-09-08 15:41:49,105 - Review.reviews.eltfp_review - ERROR - Traceback (most recent call last):
  File "C:\Users\CSonneveld\OneDrive - Euronext\Documents\Projects\GUI + Reviews\Review\reviews\eltfp_review.py", line 113, in run_eltfp_review
    index_mcap = index_eod_df.loc[index_eod_df['#Symbol'] == isin, 'Mkt Cap'].iloc[0]
                 ~~~~~~~~~~~~~~~~~~~~~~~~~~~~~~~~~~~~~~~~~~~~~~~~~~~~~~~~~~~~~~~~~^^^
  File "C:\Users\CSonneveld\AppData\Roaming\Python\Python312\site-packages\pandas\core\indexing.py", line 1191, in __getitem__
    return self._getitem_axis(maybe_callable, axis=axis)
           ^^^^^^^^^^^^^^^^^^^^^^^^^^^^^^^^^^^^^^^^^^^^^
  File "C:\Users\CSonneveld\AppData\Roaming\Python\Python312\site-packages\pandas\core\indexing.py", line 1752, in _getitem_axis
    self._validate_integer(key, axis)
  File "C:\Users\CSonneveld\AppData\Roaming\Python\Python312\site-packages\pandas\core\indexing.py", line 1685, in _validate_integer
    raise IndexError("single positional indexer is out-of-bounds")
IndexError: single positional indexer is out-of-bounds

2025-09-08 15:41:49,105 - werkzeug - INFO - 127.0.0.1 - - [08/Sep/2025 15:41:49] "POST /calculate HTTP/1.1" 200 -
2025-09-08 15:42:06,086 - Review.reviews.eluxp_review - INFO - Loading EOD data...
2025-09-08 15:42:07,859 - Review.reviews.eluxp_review - INFO - Loading reference data...
2025-09-08 15:42:08,695 - Review.reviews.eluxp_review - INFO - Saving ELUXP output to: C:\Users\CSonneveld\OneDrive - Euronext\Documents\Projects\GUI + Reviews\output\ELUXP_df_20250908_154208.xlsx
2025-09-08 15:42:08,834 - werkzeug - INFO - 127.0.0.1 - - [08/Sep/2025 15:42:08] "POST /calculate HTTP/1.1" 200 -
2025-09-08 15:42:16,223 - Review.reviews.aexew_review - INFO - Loading EOD data...
2025-09-08 15:42:16,900 - Review.reviews.aexew_review - INFO - Loading reference data...
2025-09-08 15:42:16,934 - Review.reviews.aexew_review - INFO - Saving AEXEW output to: C:\Users\CSonneveld\OneDrive - Euronext\Documents\Projects\GUI + Reviews\output\AEXEW_df_20250908_154216.xlsx
2025-09-08 15:42:16,973 - Review.reviews.be1p_review - INFO - Loading EOD data...
2025-09-08 15:42:17,683 - Review.reviews.be1p_review - INFO - Loading reference data...
2025-09-08 15:42:25,025 - Review.reviews.be1p_review - INFO - Total universe: 300 companies
2025-09-08 15:42:25,026 - Review.reviews.be1p_review - INFO - Excluded by MIC filter: 91 companies
2025-09-08 15:42:25,026 - Review.reviews.be1p_review - INFO - Excluded by ICB subsector filter: 272 companies
2025-09-08 15:42:25,026 - Review.reviews.be1p_review - INFO - Excluded by turnover filter: 44 companies
2025-09-08 15:42:25,026 - Review.reviews.be1p_review - INFO - Total excluded (any criteria): 282 companies
2025-09-08 15:42:25,026 - Review.reviews.be1p_review - INFO - Eligible for selection: 18 companies
2025-09-08 15:42:25,027 - Review.reviews.be1p_review - INFO - Selecting top 10 companies with highest FFMC from eligible companies...
2025-09-08 15:42:25,048 - Review.reviews.be1p_review - INFO - Saving BE1P output to: C:\Users\CSonneveld\OneDrive - Euronext\Documents\Projects\GUI + Reviews\output\BE1P_df_20250908_154225.xlsx
2025-09-08 15:42:25,146 - Review.reviews.bnew_review - INFO - Loading EOD data...
2025-09-08 15:42:25,884 - Review.reviews.bnew_review - INFO - Loading reference data...
2025-09-08 15:42:27,349 - Review.reviews.bnew_review - INFO - Saving BNEW output to: C:\Users\CSonneveld\OneDrive - Euronext\Documents\Projects\GUI + Reviews\output\BNEW_df_20250908_154227.xlsx
2025-09-08 15:42:27,389 - Review.reviews.cacew_review - INFO - Loading EOD data...
2025-09-08 15:42:28,151 - Review.reviews.cacew_review - INFO - Loading reference data...
2025-09-08 15:42:28,243 - Review.reviews.cacew_review - INFO - Saving CACEW output to: C:\Users\CSonneveld\OneDrive - Euronext\Documents\Projects\GUI + Reviews\output\CACEW_df_20250908_154228.xlsx
2025-09-08 15:42:28,271 - Review.reviews.clew_review - INFO - Loading EOD data...
2025-09-08 15:42:28,980 - Review.reviews.clew_review - INFO - Loading reference data...
2025-09-08 15:42:29,035 - Review.reviews.clew_review - INFO - Saving CLEW output to: C:\Users\CSonneveld\OneDrive - Euronext\Documents\Projects\GUI + Reviews\output\CLEW_df_20250908_154229.xlsx
2025-09-08 15:42:29,081 - Review.reviews.darep_review - INFO - Loading EOD data...
2025-09-08 15:42:29,749 - Review.reviews.darep_review - INFO - Loading reference data...
2025-09-08 15:42:37,150 - Review.reviews.darep_review - INFO - Creating eligible companies dataframe...
2025-09-08 15:42:37,150 - Review.reviews.darep_review - INFO - Companies with capping applied: 0
2025-09-08 15:42:37,170 - Review.reviews.darep_review - INFO - Saving DAREP output to: C:\Users\CSonneveld\OneDrive - Euronext\Documents\Projects\GUI + Reviews\output\DAREP_df_20250908_154237.xlsx
2025-09-08 15:42:37,532 - Review.reviews.derep_review - INFO - Loading EOD data...
2025-09-08 15:42:38,268 - Review.reviews.derep_review - INFO - Loading reference data...
2025-09-08 15:42:45,617 - Review.reviews.derep_review - INFO - Creating eligible companies dataframe...
2025-09-08 15:42:45,624 - Review.reviews.derep_review - INFO - Companies with capping applied: 84
2025-09-08 15:42:45,624 - Review.reviews.derep_review - INFO - Average capping factor for capped companies: 0.9963
2025-09-08 15:42:45,624 - Review.reviews.derep_review - INFO - Saving DEREP output to: C:\Users\CSonneveld\OneDrive - Euronext\Documents\Projects\GUI + Reviews\output\DEREP_df_20250908_154245.xlsx
2025-09-08 15:42:45,883 - Review.reviews.dwrep_review - INFO - Loading EOD data...
2025-09-08 15:42:46,583 - Review.reviews.dwrep_review - INFO - Loading reference data...
2025-09-08 15:42:54,267 - Review.reviews.dwrep_review - INFO - Creating eligible companies dataframe...
2025-09-08 15:42:54,267 - Review.reviews.dwrep_review - INFO - Total eligible companies: 399
2025-09-08 15:42:54,267 - Review.reviews.dwrep_review - INFO - Total eligible FFMC: 1,903,789,901,913.42
2025-09-08 15:42:54,267 - Review.reviews.dwrep_review - INFO - Weight sum check: 1.000000
2025-09-08 15:42:54,281 - Review.reviews.dwrep_review - INFO - Saving DWREP output to: C:\Users\CSonneveld\OneDrive - Euronext\Documents\Projects\GUI + Reviews\output\DWREP_df_20250908_154254.xlsx
2025-09-08 15:42:55,201 - Review.reviews.edefp_review - INFO - Loading EOD data...
2025-09-08 15:42:56,016 - Review.reviews.edefp_review - INFO - Loading reference data...
2025-09-08 15:42:56,867 - Review.reviews.edefp_review - INFO - Saving EDEFP output to: C:\Users\CSonneveld\OneDrive - Euronext\Documents\Projects\GUI + Reviews\output\EDEFP_df_20250908_154256.xlsx
2025-09-08 15:42:56,893 - Review.reviews.edwp_review - INFO - Starting EDWP review calculation
2025-09-08 15:43:01,366 - Review.reviews.edwp_review - INFO - 
EDWP Selection Summary:
2025-09-08 15:43:01,366 - Review.reviews.edwp_review - INFO - Total companies selected: 1543
2025-09-08 15:43:01,366 - Review.reviews.edwp_review - INFO - Total FFMC covered: 88.81%
2025-09-08 15:43:01,403 - Review.reviews.edwp_review - INFO - 
DEUP Selection Summary:
2025-09-08 15:43:01,404 - Review.reviews.edwp_review - INFO - Total companies selected: 437
2025-09-08 15:43:01,405 - Review.reviews.edwp_review - INFO - Total FFMC covered: 88.79%
2025-09-08 15:43:01,423 - Review.reviews.edwp_review - INFO - 
DEZP Selection Summary:
2025-09-08 15:43:01,423 - Review.reviews.edwp_review - INFO - Total companies selected: 180
2025-09-08 15:43:01,424 - Review.reviews.edwp_review - INFO - Total FFMC covered: 88.26%
2025-09-08 15:43:01,440 - Review.reviews.edwp_review - INFO - 
DAPPR Selection Summary:
2025-09-08 15:43:01,441 - Review.reviews.edwp_review - INFO - Total companies selected: 491
2025-09-08 15:43:01,441 - Review.reviews.edwp_review - INFO - Total FFMC covered: 85.82%
2025-09-08 15:43:01,455 - Review.reviews.edwp_review - INFO - 
DNAP Selection Summary:
2025-09-08 15:43:01,456 - Review.reviews.edwp_review - INFO - Total companies selected: 452
2025-09-08 15:43:01,457 - Review.reviews.edwp_review - INFO - Total FFMC covered: 85.69%
2025-09-08 15:43:01,468 - Review.reviews.edwp_review - INFO - 
DASP Selection Summary:
2025-09-08 15:43:01,469 - Review.reviews.edwp_review - INFO - Total companies selected: 391
2025-09-08 15:43:01,470 - Review.reviews.edwp_review - INFO - Total FFMC covered: 85.48%
2025-09-08 15:43:01,473 - Review.reviews.edwp_review - INFO - 
DPAP Selection Summary:
2025-09-08 15:43:01,478 - Review.reviews.edwp_review - INFO - Total companies selected: 93
2025-09-08 15:43:01,478 - Review.reviews.edwp_review - INFO - Total FFMC covered: 85.98%
2025-09-08 15:43:01,489 - Review.reviews.edwp_review - INFO - 
EUSP Selection Summary:
2025-09-08 15:43:01,490 - Review.reviews.edwp_review - INFO - Total companies selected: 363
2025-09-08 15:43:01,492 - Review.reviews.edwp_review - INFO - Total FFMC covered: 85.00%
2025-09-08 15:43:01,500 - Review.reviews.edwp_review - INFO - 
EJPP Selection Summary:
2025-09-08 15:43:01,501 - Review.reviews.edwp_review - INFO - Total companies selected: 338
2025-09-08 15:43:01,502 - Review.reviews.edwp_review - INFO - Total FFMC covered: 85.02%
2025-09-08 15:43:01,507 - Review.reviews.edwp_review - INFO - 
ECHP Selection Summary:
2025-09-08 15:43:01,507 - Review.reviews.edwp_review - INFO - Total companies selected: 25
2025-09-08 15:43:01,508 - Review.reviews.edwp_review - INFO - Total FFMC covered: 85.59%
2025-09-08 15:43:01,513 - Review.reviews.edwp_review - INFO - 
EUKP Selection Summary:
2025-09-08 15:43:01,514 - Review.reviews.edwp_review - INFO - Total companies selected: 82
2025-09-08 15:43:01,514 - Review.reviews.edwp_review - INFO - Total FFMC covered: 85.16%
2025-09-08 15:43:01,519 - Review.reviews.edwp_review - INFO - 
CANP Selection Summary:
2025-09-08 15:43:01,521 - Review.reviews.edwp_review - INFO - Total companies selected: 70
2025-09-08 15:43:01,521 - Review.reviews.edwp_review - INFO - Total FFMC covered: 85.03%
2025-09-08 15:43:01,526 - Review.reviews.edwp_review - INFO - 
Global Selection Summary:
2025-09-08 15:43:01,526 - Review.reviews.edwp_review - INFO - Total companies selected: 1543
2025-09-08 15:43:01,531 - Review.reviews.edwp_review - INFO - Total FFMC covered: 88.81%
2025-09-08 15:43:01,533 - Review.reviews.edwp_review - INFO - 
MIC-level Summary:
2025-09-08 15:43:01,533 - Review.reviews.edwp_review - INFO -       ISIN          FFMC  EDWP_selection
MIC                                     
ALXP     1  9.511262e+08               0
BATS     1  2.137557e+10               1
MERK     2  1.978810e+08               0
MTAA   236  6.038823e+11              27
NEOE     1  4.727061e+07               0
WBAH    28  6.580410e+10               8
XAMS    81  1.178277e+12              18
XASX   883  1.433442e+12              74
XBRU    64  2.101693e+11              15
XCSE    99  4.205086e+11              12
XESM     2  1.651506e+09               0
XETR   227  1.833541e+12              32
XHEL   134  2.182358e+11              16
XHKG   245  4.615411e+11              22
XLIS    16  3.591813e+10               5
XLON   833  2.369042e+12              82
XMAD    96  5.998798e+11              13
XMSM    13  5.991251e+10               4
XNGM    56  1.209690e+09               0
XNGS  2665  2.517485e+13             175
XNYS  1721  2.495432e+13             365
XNZE    53  5.806349e+10              15
XOSL   228  1.778157e+11              38
XPAR   345  1.894325e+12              30
XSES   130  2.924063e+11              23
XSTO   623  6.989421e+11              72
XSWX   160  1.691898e+12              28
XTAE   281  1.782428e+11              60
XTKS  3667  5.008343e+12             338
XTSE   490  2.238620e+12              70
2025-09-08 15:43:01,550 - Review.reviews.edwp_review - INFO - Saving output to: C:\Users\CSonneveld\OneDrive - Euronext\Documents\Projects\GUI + Reviews\output\EDWP_df_20250908_154301.xlsx
2025-09-08 15:43:01,601 - Review.reviews.edwp_review - INFO - 
EDWP Changes Summary:
2025-09-08 15:43:01,601 - Review.reviews.edwp_review - INFO - Inclusions: 64
2025-09-08 15:43:01,601 - Review.reviews.edwp_review - INFO - Exclusions: 63
2025-09-08 15:43:01,636 - Review.reviews.edwp_review - INFO - 
DEUP Changes Summary:
2025-09-08 15:43:01,636 - Review.reviews.edwp_review - INFO - Inclusions: 29
2025-09-08 15:43:01,636 - Review.reviews.edwp_review - INFO - Exclusions: 21
2025-09-08 15:43:01,648 - Review.reviews.edwp_review - INFO - 
DEZP Changes Summary:
2025-09-08 15:43:01,648 - Review.reviews.edwp_review - INFO - Inclusions: 14
2025-09-08 15:43:01,648 - Review.reviews.edwp_review - INFO - Exclusions: 12
2025-09-08 15:43:01,673 - Review.reviews.edwp_review - INFO - 
DAPPR Changes Summary:
2025-09-08 15:43:01,673 - Review.reviews.edwp_review - INFO - Inclusions: 15
2025-09-08 15:43:01,673 - Review.reviews.edwp_review - INFO - Exclusions: 16
2025-09-08 15:43:01,690 - Review.reviews.edwp_review - INFO - 
DNAP Changes Summary:
2025-09-08 15:43:01,690 - Review.reviews.edwp_review - INFO - Inclusions: 15
2025-09-08 15:43:01,690 - Review.reviews.edwp_review - INFO - Exclusions: 22
2025-09-08 15:43:01,716 - Review.reviews.edwp_review - INFO - 
DASP Changes Summary:
2025-09-08 15:43:01,718 - Review.reviews.edwp_review - INFO - Inclusions: 13
2025-09-08 15:43:01,718 - Review.reviews.edwp_review - INFO - Exclusions: 15
2025-09-08 15:43:01,724 - Review.reviews.edwp_review - INFO - 
DPAP Changes Summary:
2025-09-08 15:43:01,724 - Review.reviews.edwp_review - INFO - Inclusions: 3
2025-09-08 15:43:01,724 - Review.reviews.edwp_review - INFO - Exclusions: 5
2025-09-08 15:43:01,734 - Review.reviews.edwp_review - INFO - 
EUSP Changes Summary:
2025-09-08 15:43:01,734 - Review.reviews.edwp_review - INFO - Inclusions: 9
2025-09-08 15:43:01,734 - Review.reviews.edwp_review - INFO - Exclusions: 16
2025-09-08 15:43:01,754 - Review.reviews.edwp_review - INFO - 
EJPP Changes Summary:
2025-09-08 15:43:01,754 - Review.reviews.edwp_review - INFO - Inclusions: 12
2025-09-08 15:43:01,754 - Review.reviews.edwp_review - INFO - Exclusions: 10
2025-09-08 15:43:01,772 - Review.reviews.edwp_review - INFO - 
ECHP Changes Summary:
2025-09-08 15:43:01,772 - Review.reviews.edwp_review - INFO - Inclusions: 3
2025-09-08 15:43:01,772 - Review.reviews.edwp_review - INFO - Exclusions: 2
2025-09-08 15:43:01,779 - Review.reviews.edwp_review - INFO - 
EUKP Changes Summary:
2025-09-08 15:43:01,779 - Review.reviews.edwp_review - INFO - Inclusions: 4
2025-09-08 15:43:01,779 - Review.reviews.edwp_review - INFO - Exclusions: 5
2025-09-08 15:43:01,789 - Review.reviews.edwp_review - INFO - 
CANP Changes Summary:
2025-09-08 15:43:01,789 - Review.reviews.edwp_review - INFO - Inclusions: 3
2025-09-08 15:43:01,789 - Review.reviews.edwp_review - INFO - Exclusions: 2
2025-09-08 15:43:05,783 - Review.reviews.edwp_review - INFO - Saving individual composition file for EDWP to: C:\Users\CSonneveld\OneDrive - Euronext\Documents\Projects\GUI + Reviews\output\EDWP_Composition_20250908_154301.xlsx
2025-09-08 15:43:05,900 - Review.reviews.edwp_review - INFO - Saving individual composition file for DEUP to: C:\Users\CSonneveld\OneDrive - Euronext\Documents\Projects\GUI + Reviews\output\DEUP_Composition_20250908_154301.xlsx
2025-09-08 15:43:05,934 - Review.reviews.edwp_review - INFO - Saving individual composition file for DEZP to: C:\Users\CSonneveld\OneDrive - Euronext\Documents\Projects\GUI + Reviews\output\DEZP_Composition_20250908_154301.xlsx
2025-09-08 15:43:05,955 - Review.reviews.edwp_review - INFO - Saving individual composition file for DAPPR to: C:\Users\CSonneveld\OneDrive - Euronext\Documents\Projects\GUI + Reviews\output\DAPPR_Composition_20250908_154301.xlsx
2025-09-08 15:43:05,990 - Review.reviews.edwp_review - INFO - Saving individual composition file for DNAP to: C:\Users\CSonneveld\OneDrive - Euronext\Documents\Projects\GUI + Reviews\output\DNAP_Composition_20250908_154301.xlsx
2025-09-08 15:43:06,018 - Review.reviews.edwp_review - INFO - Saving individual composition file for DASP to: C:\Users\CSonneveld\OneDrive - Euronext\Documents\Projects\GUI + Reviews\output\DASP_Composition_20250908_154301.xlsx
2025-09-08 15:43:06,056 - Review.reviews.edwp_review - INFO - Saving individual composition file for DPAP to: C:\Users\CSonneveld\OneDrive - Euronext\Documents\Projects\GUI + Reviews\output\DPAP_Composition_20250908_154301.xlsx
2025-09-08 15:43:06,073 - Review.reviews.edwp_review - INFO - Saving individual composition file for EUSP to: C:\Users\CSonneveld\OneDrive - Euronext\Documents\Projects\GUI + Reviews\output\EUSP_Composition_20250908_154301.xlsx
2025-09-08 15:43:06,107 - Review.reviews.edwp_review - INFO - Saving individual composition file for EJPP to: C:\Users\CSonneveld\OneDrive - Euronext\Documents\Projects\GUI + Reviews\output\EJPP_Composition_20250908_154301.xlsx
2025-09-08 15:43:06,135 - Review.reviews.edwp_review - INFO - Saving individual composition file for ECHP to: C:\Users\CSonneveld\OneDrive - Euronext\Documents\Projects\GUI + Reviews\output\ECHP_Composition_20250908_154301.xlsx
2025-09-08 15:43:06,154 - Review.reviews.edwp_review - INFO - Saving individual composition file for EUKP to: C:\Users\CSonneveld\OneDrive - Euronext\Documents\Projects\GUI + Reviews\output\EUKP_Composition_20250908_154301.xlsx
2025-09-08 15:43:06,172 - Review.reviews.edwp_review - INFO - Saving individual composition file for CANP to: C:\Users\CSonneveld\OneDrive - Euronext\Documents\Projects\GUI + Reviews\output\CANP_Composition_20250908_154301.xlsx
2025-09-08 15:43:06,184 - Review.reviews.edwp_review - INFO - Individual composition files saved: 12
2025-09-08 15:43:06,184 - Review.reviews.edwpt_review - INFO - Starting EDWPT review calculation
2025-09-08 15:43:10,784 - Review.reviews.edwpt_review - INFO - 
EDWPT Selection Summary:
2025-09-08 15:43:10,784 - Review.reviews.edwpt_review - INFO - Total companies selected: 5296
2025-09-08 15:43:10,784 - Review.reviews.edwpt_review - INFO - Total FFMC covered: 98.83%
2025-09-08 15:43:10,815 - Review.reviews.edwpt_review - INFO - 
DEUPT Selection Summary:
2025-09-08 15:43:10,816 - Review.reviews.edwpt_review - INFO - Total companies selected: 1283
2025-09-08 15:43:10,817 - Review.reviews.edwpt_review - INFO - Total FFMC covered: 98.67%
2025-09-08 15:43:10,835 - Review.reviews.edwpt_review - INFO - 
DEZPT Selection Summary:
2025-09-08 15:43:10,835 - Review.reviews.edwpt_review - INFO - Total companies selected: 497
2025-09-08 15:43:10,835 - Review.reviews.edwpt_review - INFO - Total FFMC covered: 98.51%
2025-09-08 15:43:10,854 - Review.reviews.edwpt_review - INFO - 
DAPPT Selection Summary:
2025-09-08 15:43:10,855 - Review.reviews.edwpt_review - INFO - Total companies selected: 1903
2025-09-08 15:43:10,856 - Review.reviews.edwpt_review - INFO - Total FFMC covered: 98.14%
2025-09-08 15:43:10,871 - Review.reviews.edwpt_review - INFO - 
DNAPT Selection Summary:
2025-09-08 15:43:10,872 - Review.reviews.edwpt_review - INFO - Total companies selected: 1657
2025-09-08 15:43:10,874 - Review.reviews.edwpt_review - INFO - Total FFMC covered: 98.16%
2025-09-08 15:43:10,890 - Review.reviews.edwpt_review - INFO - 
DASPT Selection Summary:
2025-09-08 15:43:10,891 - Review.reviews.edwpt_review - INFO - Total companies selected: 1561
2025-09-08 15:43:10,893 - Review.reviews.edwpt_review - INFO - Total FFMC covered: 98.08%
2025-09-08 15:43:10,903 - Review.reviews.edwpt_review - INFO - 
DPAPT Selection Summary:
2025-09-08 15:43:10,904 - Review.reviews.edwpt_review - INFO - Total companies selected: 316
2025-09-08 15:43:10,906 - Review.reviews.edwpt_review - INFO - Total FFMC covered: 98.06%
2025-09-08 15:43:10,918 - Review.reviews.edwpt_review - INFO - 
EUSPT Selection Summary:
2025-09-08 15:43:10,919 - Review.reviews.edwpt_review - INFO - Total companies selected: 1394
2025-09-08 15:43:10,921 - Review.reviews.edwpt_review - INFO - Total FFMC covered: 98.00%
2025-09-08 15:43:10,924 - Review.reviews.edwpt_review - INFO - 
EJPPT Selection Summary:
2025-09-08 15:43:10,931 - Review.reviews.edwpt_review - INFO - Total companies selected: 1402
2025-09-08 15:43:10,932 - Review.reviews.edwpt_review - INFO - Total FFMC covered: 98.00%
2025-09-08 15:43:10,936 - Review.reviews.edwpt_review - INFO - 
ECHPT Selection Summary:
2025-09-08 15:43:10,936 - Review.reviews.edwpt_review - INFO - Total companies selected: 78
2025-09-08 15:43:10,938 - Review.reviews.edwpt_review - INFO - Total FFMC covered: 98.08%
2025-09-08 15:43:10,943 - Review.reviews.edwpt_review - INFO - 
EUKPT Selection Summary:
2025-09-08 15:43:10,945 - Review.reviews.edwpt_review - INFO - Total companies selected: 284
2025-09-08 15:43:10,945 - Review.reviews.edwpt_review - INFO - Total FFMC covered: 98.00%
2025-09-08 15:43:10,950 - Review.reviews.edwpt_review - INFO - 
CANPT Selection Summary:
2025-09-08 15:43:10,952 - Review.reviews.edwpt_review - INFO - Total companies selected: 217
2025-09-08 15:43:10,953 - Review.reviews.edwpt_review - INFO - Total FFMC covered: 98.01%
2025-09-08 15:43:10,957 - Review.reviews.edwpt_review - INFO - 
Global Selection Summary:
2025-09-08 15:43:10,957 - Review.reviews.edwpt_review - INFO - Total companies selected: 5296
2025-09-08 15:43:10,962 - Review.reviews.edwpt_review - INFO - Total FFMC covered: 98.83%
2025-09-08 15:43:10,964 - Review.reviews.edwpt_review - INFO - 
MIC-level Summary:
2025-09-08 15:43:10,964 - Review.reviews.edwpt_review - INFO -       ISIN          FFMC  EDWPT_selection
MIC                                      
ALXP     1  9.511262e+08                1
BATS     1  2.137557e+10                1
MERK     2  1.978810e+08                2
MTAA   236  6.038823e+11               80
NEOE     1  4.727061e+07                0
WBAH    28  6.580410e+10               20
XAMS    81  1.178277e+12               48
XASX   883  1.433442e+12              278
XBRU    64  2.101693e+11               35
XCSE    99  4.205086e+11               35
XESM     2  1.651506e+09                2
XETR   227  1.833541e+12              105
XHEL   134  2.182358e+11               50
XHKG   245  4.615411e+11               76
XLIS    16  3.591813e+10               12
XLON   833  2.369042e+12              284
XMAD    96  5.998798e+11               43
XMSM    13  5.991251e+10                9
XNGM    56  1.209690e+09                3
XNGS  2665  2.517485e+13              736
XNYS  1721  2.495432e+13             1089
XNZE    53  5.806349e+10               35
XOSL   228  1.778157e+11              110
XPAR   345  1.894325e+12               92
XSES   130  2.924063e+11               63
XSTO   623  6.989421e+11              215
XSWX   160  1.691898e+12               88
XTAE   281  1.782428e+11              165
XTKS  3667  5.008343e+12             1402
XTSE   490  2.238620e+12              217
2025-09-08 15:43:10,990 - Review.reviews.edwpt_review - INFO - Saving main output to: C:\Users\CSonneveld\OneDrive - Euronext\Documents\Projects\GUI + Reviews\output\EDWPT_df_20250908_154310.xlsx
2025-09-08 15:43:11,201 - Review.reviews.edwpt_review - INFO - 
EDWPT Changes Summary:
2025-09-08 15:43:11,201 - Review.reviews.edwpt_review - INFO - Inclusions: 199
2025-09-08 15:43:11,201 - Review.reviews.edwpt_review - INFO - Exclusions: 196
2025-09-08 15:43:11,252 - Review.reviews.edwpt_review - INFO - 
DEUPT Changes Summary:
2025-09-08 15:43:11,252 - Review.reviews.edwpt_review - INFO - Inclusions: 75
2025-09-08 15:43:11,252 - Review.reviews.edwpt_review - INFO - Exclusions: 43
2025-09-08 15:43:11,273 - Review.reviews.edwpt_review - INFO - 
DEZPT Changes Summary:
2025-09-08 15:43:11,273 - Review.reviews.edwpt_review - INFO - Inclusions: 31
2025-09-08 15:43:11,273 - Review.reviews.edwpt_review - INFO - Exclusions: 16
2025-09-08 15:43:11,354 - Review.reviews.edwpt_review - INFO - 
DAPPT Changes Summary:
2025-09-08 15:43:11,355 - Review.reviews.edwpt_review - INFO - Inclusions: 63
2025-09-08 15:43:11,355 - Review.reviews.edwpt_review - INFO - Exclusions: 68
2025-09-08 15:43:11,418 - Review.reviews.edwpt_review - INFO - 
DNAPT Changes Summary:
2025-09-08 15:43:11,418 - Review.reviews.edwpt_review - INFO - Inclusions: 45
2025-09-08 15:43:11,418 - Review.reviews.edwpt_review - INFO - Exclusions: 72
2025-09-08 15:43:11,516 - Review.reviews.edwpt_review - INFO - 
DASPT Changes Summary:
2025-09-08 15:43:11,516 - Review.reviews.edwpt_review - INFO - Inclusions: 54
2025-09-08 15:43:11,517 - Review.reviews.edwpt_review - INFO - Exclusions: 51
2025-09-08 15:43:11,532 - Review.reviews.edwpt_review - INFO - 
DPAPT Changes Summary:
2025-09-08 15:43:11,532 - Review.reviews.edwpt_review - INFO - Inclusions: 6
2025-09-08 15:43:11,533 - Review.reviews.edwpt_review - INFO - Exclusions: 11
2025-09-08 15:43:11,585 - Review.reviews.edwpt_review - INFO - 
EUSPT Changes Summary:
2025-09-08 15:43:11,585 - Review.reviews.edwpt_review - INFO - Inclusions: 28
2025-09-08 15:43:11,585 - Review.reviews.edwpt_review - INFO - Exclusions: 55
2025-09-08 15:43:11,634 - Review.reviews.edwpt_review - INFO - 
EJPPT Changes Summary:
2025-09-08 15:43:11,634 - Review.reviews.edwpt_review - INFO - Inclusions: 41
2025-09-08 15:43:11,634 - Review.reviews.edwpt_review - INFO - Exclusions: 38
2025-09-08 15:43:11,652 - Review.reviews.edwpt_review - INFO - 
ECHPT Changes Summary:
2025-09-08 15:43:11,652 - Review.reviews.edwpt_review - INFO - Inclusions: 3
2025-09-08 15:43:11,652 - Review.reviews.edwpt_review - INFO - Exclusions: 0
2025-09-08 15:43:11,664 - Review.reviews.edwpt_review - INFO - 
EUKPT Changes Summary:
2025-09-08 15:43:11,664 - Review.reviews.edwpt_review - INFO - Inclusions: 9
2025-09-08 15:43:11,664 - Review.reviews.edwpt_review - INFO - Exclusions: 13
2025-09-08 15:43:11,673 - Review.reviews.edwpt_review - INFO - 
CANPT Changes Summary:
2025-09-08 15:43:11,673 - Review.reviews.edwpt_review - INFO - Inclusions: 8
2025-09-08 15:43:11,673 - Review.reviews.edwpt_review - INFO - Exclusions: 7
2025-09-08 15:43:15,850 - Review.reviews.edwpt_review - INFO - Saving individual composition file for EDWPT to: C:\Users\CSonneveld\OneDrive - Euronext\Documents\Projects\GUI + Reviews\output\EDWPT_Composition_20250908_154310.xlsx
2025-09-08 15:43:16,150 - Review.reviews.edwpt_review - INFO - Saving individual composition file for DEUPT to: C:\Users\CSonneveld\OneDrive - Euronext\Documents\Projects\GUI + Reviews\output\DEUPT_Composition_20250908_154310.xlsx
2025-09-08 15:43:16,238 - Review.reviews.edwpt_review - INFO - Saving individual composition file for DEZPT to: C:\Users\CSonneveld\OneDrive - Euronext\Documents\Projects\GUI + Reviews\output\DEZPT_Composition_20250908_154310.xlsx
2025-09-08 15:43:16,274 - Review.reviews.edwpt_review - INFO - Saving individual composition file for DAPPT to: C:\Users\CSonneveld\OneDrive - Euronext\Documents\Projects\GUI + Reviews\output\DAPPT_Composition_20250908_154310.xlsx
2025-09-08 15:43:16,383 - Review.reviews.edwpt_review - INFO - Saving individual composition file for DNAPT to: C:\Users\CSonneveld\OneDrive - Euronext\Documents\Projects\GUI + Reviews\output\DNAPT_Composition_20250908_154310.xlsx
2025-09-08 15:43:16,482 - Review.reviews.edwpt_review - INFO - Saving individual composition file for DASPT to: C:\Users\CSonneveld\OneDrive - Euronext\Documents\Projects\GUI + Reviews\output\DASPT_Composition_20250908_154310.xlsx
2025-09-08 15:43:16,572 - Review.reviews.edwpt_review - INFO - Saving individual composition file for DPAPT to: C:\Users\CSonneveld\OneDrive - Euronext\Documents\Projects\GUI + Reviews\output\DPAPT_Composition_20250908_154310.xlsx
2025-09-08 15:43:16,598 - Review.reviews.edwpt_review - INFO - Saving individual composition file for EUSPT to: C:\Users\CSonneveld\OneDrive - Euronext\Documents\Projects\GUI + Reviews\output\EUSPT_Composition_20250908_154310.xlsx
2025-09-08 15:43:16,690 - Review.reviews.edwpt_review - INFO - Saving individual composition file for EJPPT to: C:\Users\CSonneveld\OneDrive - Euronext\Documents\Projects\GUI + Reviews\output\EJPPT_Composition_20250908_154310.xlsx
2025-09-08 15:43:16,772 - Review.reviews.edwpt_review - INFO - Saving individual composition file for ECHPT to: C:\Users\CSonneveld\OneDrive - Euronext\Documents\Projects\GUI + Reviews\output\ECHPT_Composition_20250908_154310.xlsx
2025-09-08 15:43:16,788 - Review.reviews.edwpt_review - INFO - Saving individual composition file for EUKPT to: C:\Users\CSonneveld\OneDrive - Euronext\Documents\Projects\GUI + Reviews\output\EUKPT_Composition_20250908_154310.xlsx
2025-09-08 15:43:16,814 - Review.reviews.edwpt_review - INFO - Saving individual composition file for CANPT to: C:\Users\CSonneveld\OneDrive - Euronext\Documents\Projects\GUI + Reviews\output\CANPT_Composition_20250908_154310.xlsx
2025-09-08 15:43:16,839 - Review.reviews.edwpt_review - INFO - Main file successfully saved to: C:\Users\CSonneveld\OneDrive - Euronext\Documents\Projects\GUI + Reviews\output\EDWPT_df_20250908_154310.xlsx
2025-09-08 15:43:16,839 - Review.reviews.edwpt_review - INFO - Individual composition files saved: 12
2025-09-08 15:43:16,852 - Review.reviews.eesf_review - INFO - Loading EOD data...
2025-09-08 15:43:17,684 - Review.reviews.eesf_review - INFO - Loading reference data...
2025-09-08 15:43:18,525 - Review.reviews.eesf_review - INFO - Saving EESF output to: C:\Users\CSonneveld\OneDrive - Euronext\Documents\Projects\GUI + Reviews\output\EESF_df_20250908_154318.xlsx
2025-09-08 15:43:18,554 - Review.reviews.efmep_review - INFO - Loading EOD data...
2025-09-08 15:43:19,234 - Review.reviews.efmep_review - INFO - Loading reference data...
2025-09-08 15:43:20,100 - Review.reviews.efmep_review - INFO - Total universe: 300 companies
2025-09-08 15:43:20,100 - Review.reviews.efmep_review - INFO - Excluded by MIC filter: 63 companies
2025-09-08 15:43:20,100 - Review.reviews.efmep_review - INFO - Eligible for selection: 237 companies
2025-09-08 15:43:20,100 - Review.reviews.efmep_review - INFO - Selecting top 50 companies with highest FFMC from eligible companies...
2025-09-08 15:43:20,100 - Review.reviews.efmep_review - INFO - Saving EFMEP output to: C:\Users\CSonneveld\OneDrive - Euronext\Documents\Projects\GUI + Reviews\output\EFMEP_df_20250908_154320.xlsx
2025-09-08 15:43:20,202 - Review.reviews.eluxp_review - INFO - Loading EOD data...
2025-09-08 15:43:20,850 - Review.reviews.eluxp_review - INFO - Loading reference data...
2025-09-08 15:43:21,733 - Review.reviews.eluxp_review - INFO - Saving ELUXP output to: C:\Users\CSonneveld\OneDrive - Euronext\Documents\Projects\GUI + Reviews\output\ELUXP_df_20250908_154321.xlsx
2025-09-08 15:43:21,774 - Review.reviews.eri5p_review - INFO - Loading EOD data...
2025-09-08 15:43:22,433 - Review.reviews.eri5p_review - INFO - Loading reference data...
2025-09-08 15:43:23,618 - werkzeug - INFO -  * Detected change in 'C:\\Users\\CSonneveld\\OneDrive - Euronext\\Documents\\Projects\\GUI + Reviews\\Review\\reviews\\eri5p_review.py', reloading
2025-09-08 15:43:23,638 - Review.reviews.eri5p_review - INFO - Ranking validation:
2025-09-08 15:43:23,640 - Review.reviews.eri5p_review - INFO - Top 10 companies by overall ranking:
                Company  New Sustainability Score          FFMC  Overall_Ranking                                         All_Exclusion_Reasons
285          VERBUND AG                 10.000000  4.490764e+09                1                        Excluded: 100 days avg turnover < €22M
98       EDP RENOVAVEIS                 10.000000  2.721125e+09                2  Excluded: FFMC < €3B; Excluded: 100 days avg turnover < €22M
222                RELX                  9.943431  9.337019e+10                3                                                              
174             KPN KON                  9.943431  1.611962e+10                4                                                              
277  UNIBAIL-RODAMCO-WE                  9.943431  9.583460e+09                5                                                              
104              ENDESA                  9.943431  8.725176e+09                6                                                              
216           QIAGEN NV                  9.943431  8.036393e+09                7                                                              
170           KLEPIERRE                  9.943431  7.319263e+09                8                        Excluded: 100 days avg turnover < €22M
120          FORTUM OYJ                  9.943431  6.763131e+09                9                                                              
169       KION GROUP AG                  9.943431  2.946984e+09               10  Excluded: FFMC < €3B; Excluded: 100 days avg turnover < €22M
2025-09-08 15:43:23,640 - Review.reviews.eri5p_review - INFO - Top 10 eligible companies:
                Company  New Sustainability Score          FFMC  Eligible_Ranking
222                RELX                  9.943431  9.337019e+10               1.0
174             KPN KON                  9.943431  1.611962e+10               2.0
277  UNIBAIL-RODAMCO-WE                  9.943431  9.583460e+09               3.0
104              ENDESA                  9.943431  8.725176e+09               4.0
216           QIAGEN NV                  9.943431  8.036393e+09               5.0
120          FORTUM OYJ                  9.943431  6.763131e+09               6.0
124   FRESENIUS SE & CO                  9.859489  1.822777e+10               7.0
237              SANOFI                  9.750000  1.018128e+11               8.0
248   SIEMENS ENERGY AG                  9.750000  5.550806e+10               9.0
275                 UCB                  9.750000  1.957748e+10              10.0
2025-09-08 15:43:23,640 - Review.reviews.eri5p_review - INFO - Total universe: 300 companies
2025-09-08 15:43:23,640 - Review.reviews.eri5p_review - INFO - Total excluded: 168 companies
2025-09-08 15:43:23,640 - Review.reviews.eri5p_review - INFO - Eligible for selection: 132 companies
2025-09-08 15:43:23,640 - Review.reviews.eri5p_review - INFO - Selecting top 50 companies ranked by Sustainability Score (with FFMC as tiebreaker) from eligible companies...
2025-09-08 15:43:23,652 - Review.reviews.eri5p_review - INFO - Saving ERI5P output to: C:\Users\CSonneveld\OneDrive - Euronext\Documents\Projects\GUI + Reviews\output\ERI5P_df_20250908_154323.xlsx
2025-09-08 15:43:23,742 - Review.reviews.esvep_review - INFO - Loading EOD data...
