2025-02-04 16:57:29,868 - werkzeug - WARNING -  * Debugger is active!
2025-02-04 16:57:29,871 - werkzeug - INFO -  * Debugger PIN: 691-175-853
2025-02-04 16:57:40,137 - Review.reviews.ses5p_review - INFO - Loading EOD data...
2025-02-04 16:57:41,578 - Review.reviews.ses5p_review - INFO - Loading reference data...
2025-02-04 16:57:48,561 - Review.reviews.ses5p_review - ERROR - Error during review calculation: "['Company'] not in index"
2025-02-04 16:57:48,564 - Review.reviews.ses5p_review - ERROR - Traceback (most recent call last):
  File "C:\Users\CSonneveld\OneDrive - Euronext\Documents\Projects\GUI + Reviews\Review\reviews\ses5p_review.py", line 173, in run_ses5p_review
    analysis_results = inclusion_exclusion_analysis(
                       ^^^^^^^^^^^^^^^^^^^^^^^^^^^^^
  File "C:\Users\CSonneveld\OneDrive - Euronext\Documents\Projects\GUI + Reviews\utils\inclusion_exclusion.py", line 26, in inclusion_exclusion_analysis
    inclusion_df = selection_df[selection_df['Inclusion']][[
                   ^^^^^^^^^^^^^^^^^^^^^^^^^^^^^^^^^^^^^^^^^
  File "C:\Users\CSonneveld\AppData\Roaming\Python\Python312\site-packages\pandas\core\frame.py", line 4108, in __getitem__
    indexer = self.columns._get_indexer_strict(key, "columns")[1]
              ^^^^^^^^^^^^^^^^^^^^^^^^^^^^^^^^^^^^^^^^^^^^^^^^
  File "C:\Users\CSonneveld\AppData\Roaming\Python\Python312\site-packages\pandas\core\indexes\base.py", line 6200, in _get_indexer_strict
    self._raise_if_missing(keyarr, indexer, axis_name)
  File "C:\Users\CSonneveld\AppData\Roaming\Python\Python312\site-packages\pandas\core\indexes\base.py", line 6252, in _raise_if_missing
    raise KeyError(f"{not_found} not in index")
KeyError: "['Company'] not in index"

2025-02-04 16:57:48,589 - werkzeug - INFO - 127.0.0.1 - - [04/Feb/2025 16:57:48] "POST /calculate HTTP/1.1" 200 -
2025-02-04 16:58:37,072 - werkzeug - INFO -  * Detected change in 'C:\\Users\\CSonneveld\\OneDrive - Euronext\\Documents\\Projects\\GUI + Reviews\\Review\\reviews\\ses5p_review.py', reloading
