2025-07-25 12:04:00,139 - werkzeug - WARNING -  * Debugger is active!
2025-07-25 12:04:00,142 - werkzeug - INFO -  * Debugger PIN: 691-175-853
2025-07-25 12:04:02,579 - Review.reviews.eus5p_review - INFO - Loading EOD data...
2025-07-25 12:04:05,090 - Review.reviews.eus5p_review - INFO - Loading reference data...
2025-07-25 12:04:13,248 - Review.reviews.eus5p_review - ERROR - Error during review calculation: [Errno 13] Permission denied: 'debug_output.xlsx'
2025-07-25 12:04:13,248 - werkzeug - INFO -  * Detected change in 'C:\\Users\\CSonneveld\\AppData\\Roaming\\Python\\Python312\\site-packages\\pandas\\util\\_decorators.py', reloading
2025-07-25 12:04:13,252 - Review.reviews.eus5p_review - ERROR - Traceback (most recent call last):
  File "C:\Users\CSonneveld\OneDrive - Euronext\Documents\Projects\GUI + Reviews\Review\reviews\eus5p_review.py", line 34, in run_eus5p_review
    stock_eod_df.to_excel('debug_output.xlsx', index=False)
  File "C:\Users\CSonneveld\AppData\Roaming\Python\Python312\site-packages\pandas\util\_decorators.py", line 333, in wrapper
    return func(*args, **kwargs)
           ^^^^^^^^^^^^^^^^^^^^^
  File "C:\Users\CSonneveld\AppData\Roaming\Python\Python312\site-packages\pandas\core\generic.py", line 2417, in to_excel
    formatter.write(
  File "C:\Users\CSonneveld\AppData\Roaming\Python\Python312\site-packages\pandas\io\formats\excel.py", line 943, in write
    writer = ExcelWriter(
             ^^^^^^^^^^^^
  File "C:\Users\CSonneveld\AppData\Roaming\Python\Python312\site-packages\pandas\io\excel\_xlsxwriter.py", line 204, in __init__
    super().__init__(
  File "C:\Users\CSonneveld\AppData\Roaming\Python\Python312\site-packages\pandas\io\excel\_base.py", line 1246, in __init__
    self._handles = get_handle(
                    ^^^^^^^^^^^
  File "C:\Users\CSonneveld\AppData\Roaming\Python\Python312\site-packages\pandas\io\common.py", line 882, in get_handle
    handle = open(handle, ioargs.mode)
             ^^^^^^^^^^^^^^^^^^^^^^^^^
PermissionError: [Errno 13] Permission denied: 'debug_output.xlsx'

2025-07-25 12:04:13,252 - werkzeug - INFO -  * Detected change in 'C:\\Users\\CSonneveld\\AppData\\Roaming\\Python\\Python312\\site-packages\\pandas\\core\\generic.py', reloading
2025-07-25 12:04:13,252 - werkzeug - INFO -  * Detected change in 'C:\\Users\\CSonneveld\\AppData\\Roaming\\Python\\Python312\\site-packages\\pandas\\io\\formats\\excel.py', reloading
2025-07-25 12:04:13,260 - werkzeug - INFO - 127.0.0.1 - - [25/Jul/2025 12:04:13] "POST /calculate HTTP/1.1" 200 -
2025-07-25 12:04:13,260 - werkzeug - INFO -  * Detected change in 'C:\\Users\\CSonneveld\\AppData\\Roaming\\Python\\Python312\\site-packages\\pandas\\io\\excel\\_xlsxwriter.py', reloading
2025-07-25 12:04:13,260 - werkzeug - INFO -  * Detected change in 'C:\\Users\\CSonneveld\\AppData\\Roaming\\Python\\Python312\\site-packages\\pandas\\io\\excel\\_base.py', reloading
2025-07-25 12:04:13,268 - werkzeug - INFO -  * Detected change in 'C:\\Users\\CSonneveld\\AppData\\Roaming\\Python\\Python312\\site-packages\\pandas\\io\\common.py', reloading
