2025-09-08 15:15:52,134 - werkzeug - WARNING -  * Debugger is active!
2025-09-08 15:15:52,137 - werkzeug - INFO -  * Debugger PIN: 691-175-853
2025-09-08 15:15:52,155 - Review.reviews.f4rip_review - INFO - Loading EOD data...
2025-09-08 15:15:56,087 - Review.reviews.f4rip_review - INFO - Loading reference data...
2025-09-08 15:15:57,613 - Review.reviews.f4rip_review - ERROR - Error during review calculation: "['Currency (Local)'] not in index"
2025-09-08 15:15:57,619 - Review.reviews.f4rip_review - ERROR - Traceback (most recent call last):
  File "C:\Users\CSonneveld\OneDrive - Euronext\Documents\Projects\GUI + Reviews\Review\reviews\f4rip_review.py", line 138, in run_f4rip_review
    F4RIP_df = selection_df[
               ^^^^^^^^^^^^^
  File "C:\Users\CSonneveld\AppData\Roaming\Python\Python312\site-packages\pandas\core\frame.py", line 4108, in __getitem__
    indexer = self.columns._get_indexer_strict(key, "columns")[1]
              ^^^^^^^^^^^^^^^^^^^^^^^^^^^^^^^^^^^^^^^^^^^^^^^^
  File "C:\Users\CSonneveld\AppData\Roaming\Python\Python312\site-packages\pandas\core\indexes\base.py", line 6200, in _get_indexer_strict
    self._raise_if_missing(keyarr, indexer, axis_name)
  File "C:\Users\CSonneveld\AppData\Roaming\Python\Python312\site-packages\pandas\core\indexes\base.py", line 6252, in _raise_if_missing
    raise KeyError(f"{not_found} not in index")
KeyError: "['Currency (Local)'] not in index"

2025-09-08 15:15:57,627 - werkzeug - INFO - 127.0.0.1 - - [08/Sep/2025 15:15:57] "POST /calculate HTTP/1.1" 200 -
2025-09-08 15:16:05,546 - werkzeug - INFO -  * Detected change in 'C:\\Users\\CSonneveld\\OneDrive - Euronext\\Documents\\Projects\\GUI + Reviews\\Review\\reviews\\f4rip_review.py', reloading
2025-09-08 15:16:05,546 - werkzeug - INFO -  * Detected change in 'C:\\Users\\CSonneveld\\OneDrive - Euronext\\Documents\\Projects\\GUI + Reviews\\Review\\reviews\\f4rip_review.py', reloading
