2025-02-04 15:49:21,542 - werkzeug - WARNING -  * Debugger is active!
2025-02-04 15:49:21,544 - werkzeug - INFO -  * Debugger PIN: 691-175-853
2025-02-04 15:49:21,697 - Review.reviews.aexew_review - INFO - Loading EOD data...
2025-02-04 15:49:23,255 - Review.reviews.aexew_review - INFO - Loading reference data...
2025-02-04 15:49:23,267 - Review.reviews.aexew_review - ERROR - Error during review calculation: 'NoneType' object has no attribute 'rename'
2025-02-04 15:49:23,268 - Review.reviews.aexew_review - ERROR - Traceback (most recent call last):
  File "C:\Users\CSonneveld\OneDrive - Euronext\Documents\Projects\GUI + Reviews\Review\reviews\aexew_review.py", line 43, in run_aexew_review
    .rename(columns={
     ^^^^^^
AttributeError: 'NoneType' object has no attribute 'rename'

2025-02-04 15:49:23,275 - werkzeug - INFO - 127.0.0.1 - - [04/Feb/2025 15:49:23] "POST /calculate HTTP/1.1" 200 -
2025-02-04 15:49:24,029 - Review.reviews.aexew_review - INFO - Loading EOD data...
2025-02-04 15:49:24,654 - Review.reviews.aexew_review - INFO - Loading reference data...
2025-02-04 15:49:24,666 - Review.reviews.aexew_review - ERROR - Error during review calculation: 'NoneType' object has no attribute 'rename'
2025-02-04 15:49:24,667 - Review.reviews.aexew_review - ERROR - Traceback (most recent call last):
  File "C:\Users\CSonneveld\OneDrive - Euronext\Documents\Projects\GUI + Reviews\Review\reviews\aexew_review.py", line 43, in run_aexew_review
    .rename(columns={
     ^^^^^^
AttributeError: 'NoneType' object has no attribute 'rename'

2025-02-04 15:49:24,672 - werkzeug - INFO - 127.0.0.1 - - [04/Feb/2025 15:49:24] "POST /calculate HTTP/1.1" 200 -
2025-02-04 15:49:38,418 - werkzeug - INFO -  * Detected change in 'C:\\Users\\CSonneveld\\OneDrive - Euronext\\Documents\\Projects\\GUI + Reviews\\utils\\data_loader.py', reloading
2025-02-04 15:49:38,428 - werkzeug - INFO -  * Detected change in 'C:\\Users\\CSonneveld\\OneDrive - Euronext\\Documents\\Projects\\GUI + Reviews\\utils\\data_loader.py', reloading
2025-02-04 15:49:38,428 - werkzeug - INFO -  * Detected change in 'C:\\Users\\CSonneveld\\OneDrive - Euronext\\Documents\\Projects\\GUI + Reviews\\utils\\data_loader.py', reloading
