2025-03-19 17:47:26,619 - werkzeug - WARNING -  * Debugger is active!
2025-03-19 17:47:26,619 - werkzeug - INFO -  * Debugger PIN: 691-175-853
2025-03-19 17:47:27,278 - Review.reviews.frd4p_review - INFO - Loading EOD data...
2025-03-19 17:47:31,384 - Review.reviews.frd4p_review - INFO - Loading reference data...
2025-03-19 17:47:39,451 - Review.reviews.frd4p_review - INFO - Processing sector: 1010.0, area: AS, group size: 46
2025-03-19 17:47:39,451 - Review.reviews.frd4p_review - INFO - Companies in group: 46, to exclude: 9
2025-03-19 17:47:39,451 - Review.reviews.frd4p_review - INFO - Processing sector: 1010.0, area: EU, group size: 25
2025-03-19 17:47:39,451 - Review.reviews.frd4p_review - INFO - Companies in group: 25, to exclude: 4
2025-03-19 17:47:39,460 - Review.reviews.frd4p_review - INFO - Processing sector: 1010.0, area: NA, group size: 83
2025-03-19 17:47:39,461 - Review.reviews.frd4p_review - INFO - Companies in group: 83, to exclude: 16
2025-03-19 17:47:39,462 - Review.reviews.frd4p_review - INFO - Processing sector: 1510.0, area: AS, group size: 12
2025-03-19 17:47:39,462 - Review.reviews.frd4p_review - INFO - Companies in group: 12, to exclude: 2
2025-03-19 17:47:39,463 - Review.reviews.frd4p_review - INFO - Processing sector: 1510.0, area: EU, group size: 19
2025-03-19 17:47:39,463 - Review.reviews.frd4p_review - INFO - Companies in group: 19, to exclude: 3
2025-03-19 17:47:39,463 - Review.reviews.frd4p_review - INFO - Processing sector: 1510.0, area: NA, group size: 10
2025-03-19 17:47:39,464 - Review.reviews.frd4p_review - INFO - Companies in group: 10, to exclude: 1
2025-03-19 17:47:39,464 - Review.reviews.frd4p_review - INFO - Processing sector: 2010.0, area: AS, group size: 30
2025-03-19 17:47:39,465 - Review.reviews.frd4p_review - INFO - Companies in group: 30, to exclude: 5
2025-03-19 17:47:39,465 - Review.reviews.frd4p_review - INFO - Processing sector: 2010.0, area: EU, group size: 48
2025-03-19 17:47:39,465 - Review.reviews.frd4p_review - INFO - Companies in group: 48, to exclude: 9
2025-03-19 17:47:39,465 - Review.reviews.frd4p_review - INFO - Processing sector: 2010.0, area: NA, group size: 46
2025-03-19 17:47:39,465 - Review.reviews.frd4p_review - INFO - Companies in group: 46, to exclude: 9
2025-03-19 17:47:39,465 - Review.reviews.frd4p_review - INFO - Processing sector: 3010.0, area: AS, group size: 30
2025-03-19 17:47:39,465 - Review.reviews.frd4p_review - INFO - Companies in group: 30, to exclude: 5
2025-03-19 17:47:39,465 - Review.reviews.frd4p_review - INFO - Processing sector: 3010.0, area: EU, group size: 46
2025-03-19 17:47:39,465 - Review.reviews.frd4p_review - INFO - Companies in group: 46, to exclude: 9
2025-03-19 17:47:39,465 - Review.reviews.frd4p_review - INFO - Processing sector: 3010.0, area: NA, group size: 21
2025-03-19 17:47:39,465 - Review.reviews.frd4p_review - INFO - Companies in group: 21, to exclude: 4
2025-03-19 17:47:39,465 - Review.reviews.frd4p_review - INFO - Processing sector: 3020.0, area: AS, group size: 17
2025-03-19 17:47:39,465 - Review.reviews.frd4p_review - INFO - Companies in group: 17, to exclude: 3
2025-03-19 17:47:39,471 - Review.reviews.frd4p_review - INFO - Processing sector: 3020.0, area: EU, group size: 36
2025-03-19 17:47:39,471 - Review.reviews.frd4p_review - INFO - Companies in group: 36, to exclude: 7
2025-03-19 17:47:39,471 - Review.reviews.frd4p_review - INFO - Processing sector: 3020.0, area: NA, group size: 32
2025-03-19 17:47:39,472 - Review.reviews.frd4p_review - INFO - Companies in group: 32, to exclude: 6
2025-03-19 17:47:39,472 - Review.reviews.frd4p_review - INFO - Processing sector: 3030.0, area: AS, group size: 13
2025-03-19 17:47:39,472 - Review.reviews.frd4p_review - INFO - Companies in group: 13, to exclude: 2
2025-03-19 17:47:39,473 - Review.reviews.frd4p_review - INFO - Processing sector: 3030.0, area: EU, group size: 32
2025-03-19 17:47:39,473 - Review.reviews.frd4p_review - INFO - Companies in group: 32, to exclude: 6
2025-03-19 17:47:39,473 - Review.reviews.frd4p_review - INFO - Processing sector: 3030.0, area: NA, group size: 23
2025-03-19 17:47:39,474 - Review.reviews.frd4p_review - INFO - Companies in group: 23, to exclude: 4
2025-03-19 17:47:39,474 - Review.reviews.frd4p_review - INFO - Processing sector: 3510.0, area: AS, group size: 48
2025-03-19 17:47:39,474 - Review.reviews.frd4p_review - INFO - Companies in group: 48, to exclude: 9
2025-03-19 17:47:39,474 - Review.reviews.frd4p_review - INFO - Processing sector: 3510.0, area: EU, group size: 25
2025-03-19 17:47:39,475 - Review.reviews.frd4p_review - INFO - Companies in group: 25, to exclude: 4
2025-03-19 17:47:39,475 - Review.reviews.frd4p_review - INFO - Processing sector: 3510.0, area: NA, group size: 22
2025-03-19 17:47:39,475 - Review.reviews.frd4p_review - INFO - Companies in group: 22, to exclude: 4
2025-03-19 17:47:39,476 - Review.reviews.frd4p_review - INFO - Processing sector: 4010.0, area: AS, group size: 15
2025-03-19 17:47:39,476 - Review.reviews.frd4p_review - INFO - Companies in group: 15, to exclude: 2
2025-03-19 17:47:39,476 - Review.reviews.frd4p_review - INFO - Processing sector: 4010.0, area: EU, group size: 13
2025-03-19 17:47:39,476 - Review.reviews.frd4p_review - INFO - Companies in group: 13, to exclude: 2
2025-03-19 17:47:39,476 - Review.reviews.frd4p_review - INFO - Processing sector: 4010.0, area: NA, group size: 4
2025-03-19 17:47:39,476 - Review.reviews.frd4p_review - INFO - Companies in group: 4, to exclude: 0
2025-03-19 17:47:39,476 - Review.reviews.frd4p_review - WARNING - No companies to exclude for sector 4010.0 and area NA
2025-03-19 17:47:39,476 - Review.reviews.frd4p_review - INFO - Processing sector: 4020.0, area: AS, group size: 29
2025-03-19 17:47:39,476 - Review.reviews.frd4p_review - INFO - Companies in group: 29, to exclude: 5
2025-03-19 17:47:39,476 - Review.reviews.frd4p_review - INFO - Processing sector: 4020.0, area: EU, group size: 26
2025-03-19 17:47:39,476 - Review.reviews.frd4p_review - INFO - Companies in group: 26, to exclude: 5
2025-03-19 17:47:39,476 - Review.reviews.frd4p_review - INFO - Processing sector: 4020.0, area: NA, group size: 17
2025-03-19 17:47:39,476 - Review.reviews.frd4p_review - INFO - Companies in group: 17, to exclude: 3
2025-03-19 17:47:39,476 - Review.reviews.frd4p_review - INFO - Processing sector: 4030.0, area: AS, group size: 6
2025-03-19 17:47:39,476 - Review.reviews.frd4p_review - INFO - Companies in group: 6, to exclude: 1
2025-03-19 17:47:39,476 - Review.reviews.frd4p_review - INFO - Processing sector: 4030.0, area: EU, group size: 10
2025-03-19 17:47:39,476 - Review.reviews.frd4p_review - INFO - Companies in group: 10, to exclude: 1
2025-03-19 17:47:39,476 - Review.reviews.frd4p_review - INFO - Processing sector: 4030.0, area: NA, group size: 6
2025-03-19 17:47:39,476 - Review.reviews.frd4p_review - INFO - Companies in group: 6, to exclude: 1
2025-03-19 17:47:39,476 - Review.reviews.frd4p_review - INFO - Processing sector: 4040.0, area: AS, group size: 13
2025-03-19 17:47:39,480 - Review.reviews.frd4p_review - INFO - Companies in group: 13, to exclude: 2
2025-03-19 17:47:39,480 - Review.reviews.frd4p_review - INFO - Processing sector: 4040.0, area: EU, group size: 11
2025-03-19 17:47:39,480 - Review.reviews.frd4p_review - INFO - Companies in group: 11, to exclude: 2
2025-03-19 17:47:39,481 - Review.reviews.frd4p_review - INFO - Processing sector: 4040.0, area: NA, group size: 20
2025-03-19 17:47:39,481 - Review.reviews.frd4p_review - INFO - Companies in group: 20, to exclude: 3
2025-03-19 17:47:39,481 - Review.reviews.frd4p_review - INFO - Processing sector: 4050.0, area: AS, group size: 19
2025-03-19 17:47:39,482 - Review.reviews.frd4p_review - INFO - Companies in group: 19, to exclude: 3
2025-03-19 17:47:39,483 - Review.reviews.frd4p_review - INFO - Processing sector: 4050.0, area: EU, group size: 13
2025-03-19 17:47:39,483 - Review.reviews.frd4p_review - INFO - Companies in group: 13, to exclude: 2
2025-03-19 17:47:39,483 - Review.reviews.frd4p_review - INFO - Processing sector: 4050.0, area: NA, group size: 19
2025-03-19 17:47:39,484 - Review.reviews.frd4p_review - INFO - Companies in group: 19, to exclude: 3
2025-03-19 17:47:39,484 - Review.reviews.frd4p_review - INFO - Processing sector: 4510.0, area: AS, group size: 25
2025-03-19 17:47:39,484 - Review.reviews.frd4p_review - INFO - Companies in group: 25, to exclude: 4
2025-03-19 17:47:39,485 - Review.reviews.frd4p_review - INFO - Processing sector: 4510.0, area: EU, group size: 26
2025-03-19 17:47:39,485 - Review.reviews.frd4p_review - INFO - Companies in group: 26, to exclude: 5
2025-03-19 17:47:39,485 - Review.reviews.frd4p_review - INFO - Processing sector: 4510.0, area: NA, group size: 17
2025-03-19 17:47:39,485 - Review.reviews.frd4p_review - INFO - Companies in group: 17, to exclude: 3
2025-03-19 17:47:39,485 - Review.reviews.frd4p_review - INFO - Processing sector: 4520.0, area: AS, group size: 16
2025-03-19 17:47:39,485 - Review.reviews.frd4p_review - INFO - Companies in group: 16, to exclude: 3
2025-03-19 17:47:39,485 - Review.reviews.frd4p_review - INFO - Processing sector: 4520.0, area: EU, group size: 12
2025-03-19 17:47:39,485 - Review.reviews.frd4p_review - INFO - Companies in group: 12, to exclude: 2
2025-03-19 17:47:39,485 - Review.reviews.frd4p_review - INFO - Processing sector: 4520.0, area: NA, group size: 12
2025-03-19 17:47:39,485 - Review.reviews.frd4p_review - INFO - Companies in group: 12, to exclude: 2
2025-03-19 17:47:39,485 - Review.reviews.frd4p_review - INFO - Processing sector: 5010.0, area: AS, group size: 17
2025-03-19 17:47:39,485 - Review.reviews.frd4p_review - INFO - Companies in group: 17, to exclude: 3
2025-03-19 17:47:39,485 - Review.reviews.frd4p_review - INFO - Processing sector: 5010.0, area: EU, group size: 27
2025-03-19 17:47:39,485 - Review.reviews.frd4p_review - INFO - Companies in group: 27, to exclude: 5
2025-03-19 17:47:39,491 - Review.reviews.frd4p_review - INFO - Processing sector: 5010.0, area: NA, group size: 10
2025-03-19 17:47:39,491 - Review.reviews.frd4p_review - INFO - Companies in group: 10, to exclude: 1
2025-03-19 17:47:39,491 - Review.reviews.frd4p_review - INFO - Processing sector: 5020.0, area: AS, group size: 95
2025-03-19 17:47:39,491 - Review.reviews.frd4p_review - INFO - Companies in group: 95, to exclude: 18
2025-03-19 17:47:39,492 - Review.reviews.frd4p_review - INFO - Processing sector: 5020.0, area: EU, group size: 97
2025-03-19 17:47:39,492 - Review.reviews.frd4p_review - INFO - Companies in group: 97, to exclude: 19
2025-03-19 17:47:39,492 - Review.reviews.frd4p_review - INFO - Processing sector: 5020.0, area: NA, group size: 75
2025-03-19 17:47:39,493 - Review.reviews.frd4p_review - INFO - Companies in group: 75, to exclude: 14
2025-03-19 17:47:39,493 - Review.reviews.frd4p_review - INFO - Processing sector: 5510.0, area: AS, group size: 20
2025-03-19 17:47:39,493 - Review.reviews.frd4p_review - INFO - Companies in group: 20, to exclude: 3
2025-03-19 17:47:39,493 - Review.reviews.frd4p_review - INFO - Processing sector: 5510.0, area: EU, group size: 16
2025-03-19 17:47:39,494 - Review.reviews.frd4p_review - INFO - Companies in group: 16, to exclude: 3
2025-03-19 17:47:39,494 - Review.reviews.frd4p_review - INFO - Processing sector: 5510.0, area: NA, group size: 12
2025-03-19 17:47:39,494 - Review.reviews.frd4p_review - INFO - Companies in group: 12, to exclude: 2
2025-03-19 17:47:39,494 - Review.reviews.frd4p_review - INFO - Processing sector: 5520.0, area: AS, group size: 17
2025-03-19 17:47:39,495 - Review.reviews.frd4p_review - INFO - Companies in group: 17, to exclude: 3
2025-03-19 17:47:39,495 - Review.reviews.frd4p_review - INFO - Processing sector: 5520.0, area: EU, group size: 18
2025-03-19 17:47:39,495 - Review.reviews.frd4p_review - INFO - Companies in group: 18, to exclude: 3
2025-03-19 17:47:39,495 - Review.reviews.frd4p_review - INFO - Processing sector: 5520.0, area: NA, group size: 6
2025-03-19 17:47:39,495 - Review.reviews.frd4p_review - INFO - Companies in group: 6, to exclude: 1
2025-03-19 17:47:39,495 - Review.reviews.frd4p_review - INFO - Processing sector: 6010.0, area: AS, group size: 10
2025-03-19 17:47:39,495 - Review.reviews.frd4p_review - INFO - Companies in group: 10, to exclude: 1
2025-03-19 17:47:39,496 - Review.reviews.frd4p_review - INFO - Processing sector: 6010.0, area: EU, group size: 21
2025-03-19 17:47:39,496 - Review.reviews.frd4p_review - INFO - Companies in group: 21, to exclude: 4
2025-03-19 17:47:39,496 - Review.reviews.frd4p_review - INFO - Processing sector: 6010.0, area: NA, group size: 34
2025-03-19 17:47:39,496 - Review.reviews.frd4p_review - INFO - Companies in group: 34, to exclude: 6
2025-03-19 17:47:39,497 - Review.reviews.frd4p_review - INFO - Processing sector: 6510.0, area: AS, group size: 22
2025-03-19 17:47:39,497 - Review.reviews.frd4p_review - INFO - Companies in group: 22, to exclude: 4
2025-03-19 17:47:39,497 - Review.reviews.frd4p_review - INFO - Processing sector: 6510.0, area: EU, group size: 25
2025-03-19 17:47:39,498 - Review.reviews.frd4p_review - INFO - Companies in group: 25, to exclude: 4
2025-03-19 17:47:39,498 - Review.reviews.frd4p_review - INFO - Processing sector: 6510.0, area: NA, group size: 31
2025-03-19 17:47:39,499 - Review.reviews.frd4p_review - INFO - Companies in group: 31, to exclude: 6
2025-03-19 17:47:52,038 - Review.reviews.frd4p_review - INFO - Checking IsinCode FRIX00003031 in index_eod_df
2025-03-19 17:47:52,038 - Review.reviews.frd4p_review - INFO - Found 1 matching rows
2025-03-19 17:47:52,046 - Review.reviews.frd4p_review - INFO - Saving FRD4P output to: C:\Users\CSonneveld\OneDrive - Euronext\Documents\Projects\GUI + Reviews\output\FRD4P_df_20250319_174752.xlsx
2025-03-19 17:47:52,415 - werkzeug - INFO - 127.0.0.1 - - [19/Mar/2025 17:47:52] "POST /calculate HTTP/1.1" 200 -
