2025-02-04 17:00:39,232 - werkzeug - WARNING -  * Debugger is active!
2025-02-04 17:00:39,234 - werkzeug - INFO -  * Debugger PIN: 691-175-853
2025-02-04 17:00:39,262 - Review.reviews.ses5p_review - INFO - Loading EOD data...
2025-02-04 17:00:41,101 - Review.reviews.ses5p_review - INFO - Loading reference data...
2025-02-04 17:00:48,054 - Review.reviews.ses5p_review - ERROR - Error during review calculation: "['Name'] not in index"
2025-02-04 17:00:48,057 - Review.reviews.ses5p_review - ERROR - Traceback (most recent call last):
  File "C:\Users\CSonneveld\OneDrive - Euronext\Documents\Projects\GUI + Reviews\Review\reviews\ses5p_review.py", line 163, in run_ses5p_review
    SES5P_df = selection_df[selection_df['Final Selection']][
               ^^^^^^^^^^^^^^^^^^^^^^^^^^^^^^^^^^^^^^^^^^^^^^
  File "C:\Users\CSonneveld\AppData\Roaming\Python\Python312\site-packages\pandas\core\frame.py", line 4108, in __getitem__
    indexer = self.columns._get_indexer_strict(key, "columns")[1]
              ^^^^^^^^^^^^^^^^^^^^^^^^^^^^^^^^^^^^^^^^^^^^^^^^
  File "C:\Users\CSonneveld\AppData\Roaming\Python\Python312\site-packages\pandas\core\indexes\base.py", line 6200, in _get_indexer_strict
    self._raise_if_missing(keyarr, indexer, axis_name)
  File "C:\Users\CSonneveld\AppData\Roaming\Python\Python312\site-packages\pandas\core\indexes\base.py", line 6252, in _raise_if_missing
    raise KeyError(f"{not_found} not in index")
KeyError: "['Name'] not in index"

2025-02-04 17:00:48,082 - werkzeug - INFO - 127.0.0.1 - - [04/Feb/2025 17:00:48] "POST /calculate HTTP/1.1" 200 -
2025-02-04 17:00:59,819 - werkzeug - INFO -  * Detected change in 'C:\\Users\\CSonneveld\\OneDrive - Euronext\\Documents\\Projects\\GUI + Reviews\\Review\\reviews\\ses5p_review.py', reloading
2025-02-04 17:00:59,820 - werkzeug - INFO -  * Detected change in 'C:\\Users\\CSonneveld\\OneDrive - Euronext\\Documents\\Projects\\GUI + Reviews\\Review\\reviews\\ses5p_review.py', reloading
2025-02-04 17:00:59,821 - werkzeug - INFO -  * Detected change in 'C:\\Users\\CSonneveld\\OneDrive - Euronext\\Documents\\Projects\\GUI + Reviews\\Review\\reviews\\ses5p_review.py', reloading
2025-02-04 17:00:59,821 - werkzeug - INFO -  * Detected change in 'C:\\Users\\CSonneveld\\OneDrive - Euronext\\Documents\\Projects\\GUI + Reviews\\Review\\reviews\\ses5p_review.py', reloading
