2025-03-06 14:33:59,772 - werkzeug - WARNING -  * Debugger is active!
2025-03-06 14:33:59,772 - werkzeug - INFO -  * Debugger PIN: 691-175-853
2025-03-06 14:34:04,266 - Review.reviews.edwp_review - INFO - Starting EDWP review calculation
2025-03-06 14:34:08,901 - Review.reviews.edwp_review - ERROR - Error during review calculation: Failed to load required reference data files
2025-03-06 14:34:08,901 - Review.reviews.edwp_review - ERROR - Traceback (most recent call last):
  File "C:\Users\CSonneveld\OneDrive - Euronext\Documents\Projects\GUI + Reviews\Review\reviews\edwp_review.py", line 60, in run_edwp_review
    raise ValueError("Failed to load required reference data files")
ValueError: Failed to load required reference data files

2025-03-06 14:34:08,920 - werkzeug - INFO - 127.0.0.1 - - [06/Mar/2025 14:34:08] "POST /calculate HTTP/1.1" 200 -
2025-03-06 14:34:11,904 - Review.reviews.edwp_review - INFO - Starting EDWP review calculation
2025-03-06 14:34:13,250 - Review.reviews.edwp_review - ERROR - Error during review calculation: Failed to load required reference data files
2025-03-06 14:34:13,250 - Review.reviews.edwp_review - ERROR - Traceback (most recent call last):
  File "C:\Users\CSonneveld\OneDrive - Euronext\Documents\Projects\GUI + Reviews\Review\reviews\edwp_review.py", line 60, in run_edwp_review
    raise ValueError("Failed to load required reference data files")
ValueError: Failed to load required reference data files

2025-03-06 14:34:13,258 - werkzeug - INFO - 127.0.0.1 - - [06/Mar/2025 14:34:13] "POST /calculate HTTP/1.1" 200 -
2025-03-06 14:34:24,692 - Review.reviews.edwp_review - INFO - Starting EDWP review calculation
2025-03-06 14:34:26,172 - Review.reviews.edwp_review - ERROR - Error during review calculation: Failed to load required reference data files
2025-03-06 14:34:26,172 - Review.reviews.edwp_review - ERROR - Traceback (most recent call last):
  File "C:\Users\CSonneveld\OneDrive - Euronext\Documents\Projects\GUI + Reviews\Review\reviews\edwp_review.py", line 60, in run_edwp_review
    raise ValueError("Failed to load required reference data files")
ValueError: Failed to load required reference data files

2025-03-06 14:34:26,181 - werkzeug - INFO - 127.0.0.1 - - [06/Mar/2025 14:34:26] "POST /calculate HTTP/1.1" 200 -
2025-03-06 14:34:36,198 - werkzeug - INFO -  * Detected change in 'C:\\Users\\CSonneveld\\OneDrive - Euronext\\Documents\\Projects\\GUI + Reviews\\Review\\reviews\\edwp_review.py', reloading
2025-03-06 14:34:36,198 - werkzeug - INFO -  * Detected change in 'C:\\Users\\CSonneveld\\OneDrive - Euronext\\Documents\\Projects\\GUI + Reviews\\Review\\reviews\\edwp_review.py', reloading
