2025-07-25 13:58:45,638 - werkzeug - INFO - [31m[1mWARNING: This is a development server. Do not use it in a production deployment. Use a production WSGI server instead.[0m
 * Running on all addresses (0.0.0.0)
 * Running on http://127.0.0.1:5000
 * Running on http://10.199.43.197:5000
2025-07-25 13:58:45,638 - werkzeug - INFO - [33mPress CTRL+C to quit[0m
2025-07-25 13:58:45,645 - werkzeug - INFO -  * Restarting with watchdog (windowsapi)
2025-07-25 13:58:49,534 - werkzeug - INFO -  * Restarting with watchdog (windowsapi)
2025-07-25 13:59:04,476 - werkzeug - INFO -  * Restarting with watchdog (windowsapi)
2025-07-25 14:08:22,161 - werkzeug - INFO -  * Restarting with watchdog (windowsapi)
2025-07-25 14:10:19,377 - werkzeug - INFO -  * Restarting with watchdog (windowsapi)
2025-07-25 14:10:21,277 - werkzeug - INFO -  * Restarting with watchdog (windowsapi)
2025-07-25 14:12:26,360 - werkzeug - INFO -  * Restarting with watchdog (windowsapi)
2025-07-25 14:12:28,191 - werkzeug - INFO -  * Restarting with watchdog (windowsapi)
2025-07-25 14:12:40,519 - werkzeug - INFO -  * Restarting with watchdog (windowsapi)
2025-07-25 14:12:58,568 - werkzeug - INFO -  * Restarting with watchdog (windowsapi)
2025-07-25 14:13:12,487 - werkzeug - INFO -  * Restarting with watchdog (windowsapi)
2025-07-25 14:13:40,644 - werkzeug - INFO -  * Restarting with watchdog (windowsapi)
2025-07-25 14:13:42,570 - werkzeug - INFO -  * Restarting with watchdog (windowsapi)
2025-07-25 14:15:31,667 - werkzeug - INFO -  * Restarting with watchdog (windowsapi)
2025-07-25 14:16:41,344 - werkzeug - INFO -  * Restarting with watchdog (windowsapi)
