2025-01-28 10:20:49,318 - werkzeug - WARNING -  * Debugger is active!
2025-01-28 10:20:49,320 - werkzeug - INFO -  * Debugger PIN: 691-175-853
2025-01-28 10:20:57,976 - Review.reviews.gicp_review - INFO - Loading EOD data...
2025-01-28 10:21:00,053 - Review.reviews.gicp_review - INFO - Loading reference data...
2025-01-28 10:21:06,893 - Review.reviews.gicp_review - INFO - Processing market data...
2025-01-28 10:21:06,977 - Review.reviews.gicp_review - INFO - Category_1 weight: 12.0000% (target: 12.0000%)
2025-01-28 10:21:06,978 - Review.reviews.gicp_review - INFO - Category_2 weight: 12.0000% (target: 12.0000%)
2025-01-28 10:21:06,984 - Review.reviews.gicp_review - INFO - Category_3 weight: 12.0000% (target: 12.0000%)
2025-01-28 10:21:06,985 - Review.reviews.gicp_review - INFO - Category_4 weight: 12.0000% (target: 12.0000%)
2025-01-28 10:21:06,985 - Review.reviews.gicp_review - INFO - Category_5 weight: 12.0000% (target: 12.0000%)
2025-01-28 10:21:06,986 - Review.reviews.gicp_review - INFO - Category_6 weight: 20.0000% (target: 20.0000%)
2025-01-28 10:21:06,986 - Review.reviews.gicp_review - INFO - Category_7 weight: 20.0000% (target: 20.0000%)
2025-01-28 10:21:06,987 - Review.reviews.gicp_review - INFO - 
Final Weight Verification:
2025-01-28 10:21:06,988 - Review.reviews.gicp_review - INFO - Category_1 final weight: 12.0000%
2025-01-28 10:21:06,988 - Review.reviews.gicp_review - INFO - Category_2 final weight: 12.0000%
2025-01-28 10:21:06,989 - Review.reviews.gicp_review - INFO - Category_3 final weight: 12.0000%
2025-01-28 10:21:06,989 - Review.reviews.gicp_review - INFO - Category_4 final weight: 12.0000%
2025-01-28 10:21:06,990 - Review.reviews.gicp_review - INFO - Category_5 final weight: 12.0000%
2025-01-28 10:21:06,990 - Review.reviews.gicp_review - INFO - Category_6 final weight: 20.0000%
2025-01-28 10:21:06,991 - Review.reviews.gicp_review - INFO - Category_7 final weight: 20.0000%
2025-01-28 10:21:06,991 - Review.reviews.gicp_review - INFO - Maximum constituent weight: 10.0000%
2025-01-28 10:21:06,996 - Review.reviews.gicp_review - INFO - Saving GICP output to: C:\Users\CSonneveld\OneDrive - Euronext\Documents\Projects\GUI + Reviews\output\GICP_df_20250128_102106.xlsx
2025-01-28 10:21:07,291 - werkzeug - INFO - 127.0.0.1 - - [28/Jan/2025 10:21:07] "POST /calculate HTTP/1.1" 200 -
2025-01-28 10:22:49,881 - werkzeug - INFO -  * Detected change in 'C:\\Users\\CSonneveld\\OneDrive - Euronext\\Documents\\Projects\\GUI + Reviews\\utils\\inclusion_exclusion.py', reloading
2025-01-28 10:22:49,882 - werkzeug - INFO -  * Detected change in 'C:\\Users\\CSonneveld\\OneDrive - Euronext\\Documents\\Projects\\GUI + Reviews\\utils\\inclusion_exclusion.py', reloading
