2026-01-28 14:33:23,779 - Review.reviews.eemsc_review - INFO - Starting EEMSC review calculation
2026-01-28 14:33:24,395 - Review.reviews.eemsc_review - INFO - Found 1023 existing companies in EEMSC
2026-01-28 14:33:24,396 - Review.reviews.eemsc_review - INFO - 
Overall EEMSC Selection Summary:
2026-01-28 14:33:24,396 - Review.reviews.eemsc_review - INFO - Total companies selected: 1097
2026-01-28 14:33:24,396 - Review.reviews.eemsc_review - INFO -   - Existing companies selected: 1022
2026-01-28 14:33:24,396 - Review.reviews.eemsc_review - INFO -   - New companies selected: 75
2026-01-28 14:33:24,402 - Review.reviews.eemsc_review - INFO - Total FFMC covered: 30.73%
2026-01-28 14:33:24,402 - Review.reviews.eemsc_review - INFO - 
Applying proportional capping
2026-01-28 14:33:24,402 - utils.capping_proportional - INFO - Starting proportional capping with max weight: 10.0%
2026-01-28 14:33:24,403 - utils.capping_proportional - INFO - Capping procedure converged after 0 iterations
2026-01-28 14:33:24,403 - utils.capping_proportional - INFO - Capping Summary:
2026-01-28 14:33:24,403 - utils.capping_proportional - INFO -   Total companies: 1097
2026-01-28 14:33:24,403 - utils.capping_proportional - INFO -   Companies capped: 0
2026-01-28 14:33:24,404 - utils.capping_proportional - INFO -   Weight sum after capping: 1.000000
2026-01-28 14:33:24,404 - utils.capping_proportional - INFO -   Max weight after capping: 0.010960
2026-01-28 14:33:24,413 - Review.reviews.eemsc_review - INFO - 
EEMSC Changes Summary:
2026-01-28 14:33:24,413 - Review.reviews.eemsc_review - INFO - Inclusions: 75
2026-01-28 14:33:24,413 - Review.reviews.eemsc_review - INFO - Exclusions: 69
2026-01-28 14:33:24,413 - Review.reviews.eemsc_review - INFO - Saving output to: C:\Users\CSonneveld\OneDrive - Euronext\Documents\Projects\GUI + Reviews - Copy\output\EEMSC_Review_20260128_143324.xlsx
2026-01-28 14:33:24,687 - Review.reviews.eemsc_review - INFO - File successfully saved to: C:\Users\CSonneveld\OneDrive - Euronext\Documents\Projects\GUI + Reviews - Copy\output\EEMSC_Review_20260128_143324.xlsx
