2025-02-04 15:32:33,135 - werkzeug - WARNING -  * Debugger is active!
2025-02-04 15:32:33,138 - werkzeug - INFO -  * Debugger PIN: 691-175-853
2025-02-04 15:32:33,227 - werkzeug - INFO -  * Detected change in 'C:\\Users\\CSonneveld\\AppData\\Roaming\\Python\\Python312\\site-packages\\werkzeug\\datastructures\\auth.py', reloading
2025-02-04 15:32:33,246 - werkzeug - INFO -  * Detected change in 'C:\\Users\\CSonneveld\\AppData\\Roaming\\Python\\Python312\\site-packages\\werkzeug\\http.py', reloading
2025-02-04 15:32:33,332 - werkzeug - INFO -  * Detected change in 'C:\\Program Files\\Python312\\Lib\\enum.py', reloading
2025-02-04 15:32:33,360 - werkzeug - INFO -  * Detected change in 'C:\\Program Files\\Python312\\Lib\\types.py', reloading
2025-02-04 15:32:33,409 - werkzeug - INFO -  * Detected change in 'C:\\Users\\CSonneveld\\AppData\\Roaming\\Python\\Python312\\site-packages\\werkzeug\\datastructures\\cache_control.py', reloading
2025-02-04 15:32:33,445 - werkzeug - INFO -  * Detected change in 'C:\\Program Files\\Python312\\Lib\\collections\\abc.py', reloading
2025-02-04 15:32:33,526 - werkzeug - INFO -  * Detected change in 'C:\\Program Files\\Python312\\Lib\\warnings.py', reloading
2025-02-04 15:32:33,555 - werkzeug - INFO -  * Detected change in 'C:\\Program Files\\Python312\\Lib\\functools.py', reloading
2025-02-04 15:32:33,598 - werkzeug - INFO -  * Detected change in 'C:\\Users\\CSonneveld\\AppData\\Roaming\\Python\\Python312\\site-packages\\werkzeug\\routing\\__init__.py', reloading
2025-02-04 15:32:33,601 - werkzeug - INFO -  * Detected change in 'C:\\Users\\CSonneveld\\AppData\\Roaming\\Python\\Python312\\site-packages\\werkzeug\\routing\\rules.py', reloading
2025-02-04 15:32:33,613 - werkzeug - INFO -  * Detected change in 'C:\\Program Files\\Python312\\Lib\\ast.py', reloading
2025-02-04 15:32:33,754 - werkzeug - INFO -  * Detected change in 'C:\\Program Files\\Python312\\Lib\\contextlib.py', reloading
2025-02-04 15:32:33,828 - werkzeug - INFO -  * Detected change in 'C:\\Program Files\\Python312\\Lib\\dataclasses.py', reloading
2025-02-04 15:32:33,871 - werkzeug - INFO -  * Detected change in 'C:\\Users\\CSonneveld\\AppData\\Roaming\\Python\\Python312\\site-packages\\flask\\cli.py', reloading
2025-02-04 15:32:33,884 - werkzeug - INFO -  * Detected change in 'C:\\Users\\CSonneveld\\AppData\\Roaming\\Python\\Python312\\site-packages\\click\\__init__.py', reloading
2025-02-04 15:32:33,887 - werkzeug - INFO -  * Detected change in 'C:\\Users\\CSonneveld\\AppData\\Roaming\\Python\\Python312\\site-packages\\click\\core.py', reloading
2025-02-04 15:32:33,914 - werkzeug - INFO -  * Detected change in 'C:\\Users\\CSonneveld\\AppData\\Roaming\\Python\\Python312\\site-packages\\click\\exceptions.py', reloading
2025-02-04 15:32:33,949 - werkzeug - INFO -  * Detected change in 'C:\\Users\\CSonneveld\\AppData\\Roaming\\Python\\Python312\\site-packages\\click\\types.py', reloading
2025-02-04 15:32:33,997 - werkzeug - INFO -  * Detected change in 'C:\\Users\\CSonneveld\\AppData\\Roaming\\Python\\Python312\\site-packages\\flask\\json\\provider.py', reloading
2025-02-04 15:32:34,001 - werkzeug - INFO -  * Detected change in 'C:\\Program Files\\Python312\\Lib\\weakref.py', reloading
2025-02-04 15:32:34,046 - werkzeug - INFO -  * Detected change in 'C:\\Users\\CSonneveld\\AppData\\Roaming\\Python\\Python312\\site-packages\\werkzeug\\exceptions.py', reloading
2025-02-04 15:32:34,081 - werkzeug - INFO -  * Detected change in 'C:\\Program Files\\Python312\\Lib\\zipfile\\__init__.py', reloading
