2026-01-04 18:31:19,264 - werkzeug - INFO - [31m[1mWARNING: This is a development server. Do not use it in a production deployment. Use a production WSGI server instead.[0m
 * Running on all addresses (0.0.0.0)
 * Running on http://127.0.0.1:5000
 * Running on http://10.199.43.185:5000
2026-01-04 18:31:19,264 - werkzeug - INFO - [33mPress CTRL+C to quit[0m
2026-01-04 18:31:19,281 - werkzeug - INFO -  * Restarting with watchdog (windowsapi)
2026-01-04 18:32:47,034 - werkzeug - INFO -  * Restarting with watchdog (windowsapi)
2026-01-04 18:32:49,225 - werkzeug - INFO -  * Restarting with watchdog (windowsapi)
2026-01-04 18:37:32,284 - werkzeug - INFO -  * Restarting with watchdog (windowsapi)
2026-01-04 18:41:16,572 - werkzeug - INFO -  * Restarting with watchdog (windowsapi)
2026-01-04 18:44:04,744 - werkzeug - INFO -  * Restarting with watchdog (windowsapi)
2026-01-04 18:44:19,996 - werkzeug - INFO -  * Restarting with watchdog (windowsapi)
2026-01-04 18:44:42,337 - werkzeug - INFO -  * Restarting with watchdog (windowsapi)
2026-01-04 18:44:46,459 - werkzeug - INFO -  * Restarting with watchdog (windowsapi)
2026-01-04 18:45:05,648 - werkzeug - INFO -  * Restarting with watchdog (windowsapi)
2026-01-04 18:45:13,769 - werkzeug - INFO -  * Restarting with watchdog (windowsapi)
2026-01-04 18:45:15,858 - werkzeug - INFO -  * Restarting with watchdog (windowsapi)
2026-01-04 18:45:19,937 - werkzeug - INFO -  * Restarting with watchdog (windowsapi)
2026-01-04 18:45:34,213 - werkzeug - INFO -  * Restarting with watchdog (windowsapi)
2026-01-04 18:46:41,987 - werkzeug - INFO -  * Restarting with watchdog (windowsapi)
2026-01-04 18:46:44,153 - werkzeug - INFO -  * Restarting with watchdog (windowsapi)
2026-01-04 18:46:48,288 - werkzeug - INFO -  * Restarting with watchdog (windowsapi)
2026-01-04 18:46:53,553 - werkzeug - INFO -  * Restarting with watchdog (windowsapi)
2026-01-04 18:47:48,426 - werkzeug - INFO -  * Restarting with watchdog (windowsapi)
2026-01-04 18:50:39,946 - werkzeug - INFO -  * Restarting with watchdog (windowsapi)
2026-01-04 18:50:42,160 - werkzeug - INFO -  * Restarting with watchdog (windowsapi)
2026-01-04 18:50:51,390 - werkzeug - INFO -  * Restarting with watchdog (windowsapi)
2026-01-04 18:51:03,678 - werkzeug - INFO -  * Restarting with watchdog (windowsapi)
2026-01-04 18:51:15,342 - werkzeug - INFO -  * Restarting with watchdog (windowsapi)
2026-01-04 18:54:18,827 - werkzeug - INFO -  * Restarting with watchdog (windowsapi)
2026-01-04 18:56:01,440 - werkzeug - INFO -  * Restarting with watchdog (windowsapi)
2026-01-04 19:00:30,853 - werkzeug - INFO -  * Restarting with watchdog (windowsapi)
2026-01-04 19:00:33,145 - werkzeug - INFO -  * Restarting with watchdog (windowsapi)
2026-01-04 19:00:41,946 - werkzeug - INFO -  * Restarting with watchdog (windowsapi)
2026-01-04 19:01:11,311 - werkzeug - INFO -  * Restarting with watchdog (windowsapi)
2026-01-04 19:12:42,226 - werkzeug - INFO -  * Restarting with watchdog (windowsapi)
2026-01-04 19:14:21,964 - werkzeug - INFO -  * Restarting with watchdog (windowsapi)
2026-01-04 19:14:24,190 - werkzeug - INFO -  * Restarting with watchdog (windowsapi)
2026-01-04 19:39:11,251 - werkzeug - INFO -  * Restarting with watchdog (windowsapi)
2026-01-04 19:39:42,216 - werkzeug - INFO -  * Restarting with watchdog (windowsapi)
2026-01-04 19:40:11,785 - werkzeug - INFO -  * Restarting with watchdog (windowsapi)
2026-01-04 19:40:25,845 - werkzeug - INFO -  * Restarting with watchdog (windowsapi)
2026-01-04 19:40:27,922 - werkzeug - INFO -  * Restarting with watchdog (windowsapi)
2026-01-04 19:40:30,084 - werkzeug - INFO -  * Restarting with watchdog (windowsapi)
2026-01-04 19:40:35,156 - werkzeug - INFO -  * Restarting with watchdog (windowsapi)
