2025-06-18 13:20:14,279 - werkzeug - WARNING -  * Debugger is active!
2025-06-18 13:20:14,281 - werkzeug - INFO -  * Debugger PIN: 691-175-853
2025-06-18 13:20:15,471 - Review.reviews.edwpt_review - INFO - Starting EDWPT review calculation
2025-06-18 13:20:17,170 - Review.reviews.edwpt_review - ERROR - Error during review calculation: Failed to load required reference data files
2025-06-18 13:20:17,170 - Review.reviews.edwpt_review - ERROR - Traceback (most recent call last):
  File "C:\Users\CSonneveld\OneDrive - Euronext\Documents\Projects\GUI + Reviews\Review\reviews\edwpt_review.py", line 59, in run_edwpt_review
    raise ValueError("Failed to load required reference data files")
ValueError: Failed to load required reference data files

2025-06-18 13:20:17,170 - werkzeug - INFO - 127.0.0.1 - - [18/Jun/2025 13:20:17] "POST /calculate HTTP/1.1" 200 -
2025-06-18 13:20:52,318 - Review.reviews.edwpt_review - INFO - Starting EDWPT review calculation
2025-06-18 13:20:58,591 - Review.reviews.edwpt_review - INFO - 
EDWPT Selection Summary:
2025-06-18 13:20:58,592 - Review.reviews.edwpt_review - INFO - Total companies selected: 5296
2025-06-18 13:20:58,593 - Review.reviews.edwpt_review - INFO - Total FFMC covered: 98.83%
2025-06-18 13:20:58,609 - Review.reviews.edwpt_review - INFO - 
DEUPT Selection Summary:
2025-06-18 13:20:58,620 - Review.reviews.edwpt_review - INFO - Total companies selected: 1283
2025-06-18 13:20:58,622 - Review.reviews.edwpt_review - INFO - Total FFMC covered: 98.67%
2025-06-18 13:20:58,639 - Review.reviews.edwpt_review - INFO - 
DEZPT Selection Summary:
2025-06-18 13:20:58,640 - Review.reviews.edwpt_review - INFO - Total companies selected: 497
2025-06-18 13:20:58,641 - Review.reviews.edwpt_review - INFO - Total FFMC covered: 98.51%
2025-06-18 13:20:58,660 - Review.reviews.edwpt_review - INFO - 
DAPPT Selection Summary:
2025-06-18 13:20:58,660 - Review.reviews.edwpt_review - INFO - Total companies selected: 1903
2025-06-18 13:20:58,664 - Review.reviews.edwpt_review - INFO - Total FFMC covered: 98.14%
2025-06-18 13:20:58,677 - Review.reviews.edwpt_review - INFO - 
DNAPT Selection Summary:
2025-06-18 13:20:58,684 - Review.reviews.edwpt_review - INFO - Total companies selected: 1657
2025-06-18 13:20:58,685 - Review.reviews.edwpt_review - INFO - Total FFMC covered: 98.16%
2025-06-18 13:20:58,693 - Review.reviews.edwpt_review - INFO - 
DASPT Selection Summary:
2025-06-18 13:20:58,699 - Review.reviews.edwpt_review - INFO - Total companies selected: 1561
2025-06-18 13:20:58,700 - Review.reviews.edwpt_review - INFO - Total FFMC covered: 98.08%
2025-06-18 13:20:58,707 - Review.reviews.edwpt_review - INFO - 
DPAPT Selection Summary:
2025-06-18 13:20:58,708 - Review.reviews.edwpt_review - INFO - Total companies selected: 316
2025-06-18 13:20:58,709 - Review.reviews.edwpt_review - INFO - Total FFMC covered: 98.06%
2025-06-18 13:20:58,715 - Review.reviews.edwpt_review - INFO - 
EUSPT Selection Summary:
2025-06-18 13:20:58,720 - Review.reviews.edwpt_review - INFO - Total companies selected: 1394
2025-06-18 13:20:58,721 - Review.reviews.edwpt_review - INFO - Total FFMC covered: 98.00%
2025-06-18 13:20:58,727 - Review.reviews.edwpt_review - INFO - 
EJPPT Selection Summary:
2025-06-18 13:20:58,733 - Review.reviews.edwpt_review - INFO - Total companies selected: 1402
2025-06-18 13:20:58,734 - Review.reviews.edwpt_review - INFO - Total FFMC covered: 98.00%
2025-06-18 13:20:58,738 - Review.reviews.edwpt_review - INFO - 
ECHPT Selection Summary:
2025-06-18 13:20:58,739 - Review.reviews.edwpt_review - INFO - Total companies selected: 78
2025-06-18 13:20:58,740 - Review.reviews.edwpt_review - INFO - Total FFMC covered: 98.08%
2025-06-18 13:20:58,743 - Review.reviews.edwpt_review - INFO - 
EUKPT Selection Summary:
2025-06-18 13:20:58,743 - Review.reviews.edwpt_review - INFO - Total companies selected: 284
2025-06-18 13:20:58,748 - Review.reviews.edwpt_review - INFO - Total FFMC covered: 98.00%
2025-06-18 13:20:58,753 - Review.reviews.edwpt_review - INFO - 
CANPT Selection Summary:
2025-06-18 13:20:58,754 - Review.reviews.edwpt_review - INFO - Total companies selected: 217
2025-06-18 13:20:58,755 - Review.reviews.edwpt_review - INFO - Total FFMC covered: 98.01%
2025-06-18 13:20:58,764 - Review.reviews.edwpt_review - INFO - 
Global Selection Summary:
2025-06-18 13:20:58,764 - Review.reviews.edwpt_review - INFO - Total companies selected: 5296
2025-06-18 13:20:58,768 - Review.reviews.edwpt_review - INFO - Total FFMC covered: 98.83%
2025-06-18 13:20:58,771 - Review.reviews.edwpt_review - INFO - 
MIC-level Summary:
2025-06-18 13:20:58,771 - Review.reviews.edwpt_review - INFO -       ISIN          FFMC  EDWPT_selection
MIC                                      
ALXP     1  9.511262e+08                1
BATS     1  2.137557e+10                1
MERK     2  1.978810e+08                2
MTAA   236  6.038823e+11               80
NEOE     1  4.727061e+07                0
WBAH    28  6.580410e+10               20
XAMS    81  1.178277e+12               48
XASX   883  1.433442e+12              278
XBRU    64  2.101693e+11               35
XCSE    99  4.205086e+11               35
XESM     2  1.651506e+09                2
XETR   227  1.833541e+12              105
XHEL   134  2.182358e+11               50
XHKG   245  4.615411e+11               76
XLIS    16  3.591813e+10               12
XLON   833  2.369042e+12              284
XMAD    96  5.998798e+11               43
XMSM    13  5.991251e+10                9
XNGM    56  1.209690e+09                3
XNGS  2665  2.517485e+13              736
XNYS  1721  2.495432e+13             1089
XNZE    53  5.806349e+10               35
XOSL   228  1.778157e+11              110
XPAR   345  1.894325e+12               92
XSES   130  2.924063e+11               63
XSTO   623  6.989421e+11              215
XSWX   160  1.691898e+12               88
XTAE   281  1.782428e+11              165
XTKS  3667  5.008343e+12             1402
XTSE   490  2.238620e+12              217
2025-06-18 13:20:58,794 - Review.reviews.edwpt_review - INFO - Saving main output to: C:\Users\CSonneveld\OneDrive - Euronext\Documents\Projects\GUI + Reviews\output\EDWPT_df_20250618_132058.xlsx
2025-06-18 13:20:59,043 - Review.reviews.edwpt_review - INFO - 
EDWPT Changes Summary:
2025-06-18 13:20:59,043 - Review.reviews.edwpt_review - INFO - Inclusions: 199
2025-06-18 13:20:59,043 - Review.reviews.edwpt_review - INFO - Exclusions: 196
2025-06-18 13:20:59,104 - Review.reviews.edwpt_review - INFO - 
DEUPT Changes Summary:
2025-06-18 13:20:59,104 - Review.reviews.edwpt_review - INFO - Inclusions: 75
2025-06-18 13:20:59,104 - Review.reviews.edwpt_review - INFO - Exclusions: 43
2025-06-18 13:20:59,126 - Review.reviews.edwpt_review - INFO - 
DEZPT Changes Summary:
2025-06-18 13:20:59,126 - Review.reviews.edwpt_review - INFO - Inclusions: 31
2025-06-18 13:20:59,126 - Review.reviews.edwpt_review - INFO - Exclusions: 16
2025-06-18 13:20:59,206 - Review.reviews.edwpt_review - INFO - 
DAPPT Changes Summary:
2025-06-18 13:20:59,206 - Review.reviews.edwpt_review - INFO - Inclusions: 63
2025-06-18 13:20:59,207 - Review.reviews.edwpt_review - INFO - Exclusions: 68
2025-06-18 13:20:59,271 - Review.reviews.edwpt_review - INFO - 
DNAPT Changes Summary:
2025-06-18 13:20:59,271 - Review.reviews.edwpt_review - INFO - Inclusions: 45
2025-06-18 13:20:59,271 - Review.reviews.edwpt_review - INFO - Exclusions: 72
2025-06-18 13:20:59,321 - Review.reviews.edwpt_review - INFO - 
DASPT Changes Summary:
2025-06-18 13:20:59,321 - Review.reviews.edwpt_review - INFO - Inclusions: 54
2025-06-18 13:20:59,321 - Review.reviews.edwpt_review - INFO - Exclusions: 51
2025-06-18 13:20:59,355 - Review.reviews.edwpt_review - INFO - 
DPAPT Changes Summary:
2025-06-18 13:20:59,356 - Review.reviews.edwpt_review - INFO - Inclusions: 6
2025-06-18 13:20:59,356 - Review.reviews.edwpt_review - INFO - Exclusions: 11
2025-06-18 13:20:59,404 - Review.reviews.edwpt_review - INFO - 
EUSPT Changes Summary:
2025-06-18 13:20:59,404 - Review.reviews.edwpt_review - INFO - Inclusions: 28
2025-06-18 13:20:59,404 - Review.reviews.edwpt_review - INFO - Exclusions: 55
2025-06-18 13:20:59,501 - Review.reviews.edwpt_review - INFO - 
EJPPT Changes Summary:
2025-06-18 13:20:59,501 - Review.reviews.edwpt_review - INFO - Inclusions: 41
2025-06-18 13:20:59,501 - Review.reviews.edwpt_review - INFO - Exclusions: 38
2025-06-18 13:20:59,511 - Review.reviews.edwpt_review - INFO - 
ECHPT Changes Summary:
2025-06-18 13:20:59,511 - Review.reviews.edwpt_review - INFO - Inclusions: 3
2025-06-18 13:20:59,511 - Review.reviews.edwpt_review - INFO - Exclusions: 0
2025-06-18 13:20:59,530 - Review.reviews.edwpt_review - INFO - 
EUKPT Changes Summary:
2025-06-18 13:20:59,530 - Review.reviews.edwpt_review - INFO - Inclusions: 9
2025-06-18 13:20:59,530 - Review.reviews.edwpt_review - INFO - Exclusions: 13
2025-06-18 13:20:59,538 - Review.reviews.edwpt_review - INFO - 
CANPT Changes Summary:
2025-06-18 13:20:59,538 - Review.reviews.edwpt_review - INFO - Inclusions: 8
2025-06-18 13:20:59,538 - Review.reviews.edwpt_review - INFO - Exclusions: 7
2025-06-18 13:21:03,587 - Review.reviews.edwpt_review - INFO - Saving individual composition file for EDWPT to: C:\Users\CSonneveld\OneDrive - Euronext\Documents\Projects\GUI + Reviews\output\EDWPT_Composition_20250618_132058.xlsx
2025-06-18 13:21:03,887 - Review.reviews.edwpt_review - INFO - Saving individual composition file for DEUPT to: C:\Users\CSonneveld\OneDrive - Euronext\Documents\Projects\GUI + Reviews\output\DEUPT_Composition_20250618_132058.xlsx
2025-06-18 13:21:03,967 - Review.reviews.edwpt_review - INFO - Saving individual composition file for DEZPT to: C:\Users\CSonneveld\OneDrive - Euronext\Documents\Projects\GUI + Reviews\output\DEZPT_Composition_20250618_132058.xlsx
2025-06-18 13:21:03,992 - Review.reviews.edwpt_review - INFO - Saving individual composition file for DAPPT to: C:\Users\CSonneveld\OneDrive - Euronext\Documents\Projects\GUI + Reviews\output\DAPPT_Composition_20250618_132058.xlsx
2025-06-18 13:21:04,118 - Review.reviews.edwpt_review - INFO - Saving individual composition file for DNAPT to: C:\Users\CSonneveld\OneDrive - Euronext\Documents\Projects\GUI + Reviews\output\DNAPT_Composition_20250618_132058.xlsx
2025-06-18 13:21:04,220 - Review.reviews.edwpt_review - INFO - Saving individual composition file for DASPT to: C:\Users\CSonneveld\OneDrive - Euronext\Documents\Projects\GUI + Reviews\output\DASPT_Composition_20250618_132058.xlsx
2025-06-18 13:21:04,304 - Review.reviews.edwpt_review - INFO - Saving individual composition file for DPAPT to: C:\Users\CSonneveld\OneDrive - Euronext\Documents\Projects\GUI + Reviews\output\DPAPT_Composition_20250618_132058.xlsx
2025-06-18 13:21:04,326 - Review.reviews.edwpt_review - INFO - Saving individual composition file for EUSPT to: C:\Users\CSonneveld\OneDrive - Euronext\Documents\Projects\GUI + Reviews\output\EUSPT_Composition_20250618_132058.xlsx
2025-06-18 13:21:04,413 - Review.reviews.edwpt_review - INFO - Saving individual composition file for EJPPT to: C:\Users\CSonneveld\OneDrive - Euronext\Documents\Projects\GUI + Reviews\output\EJPPT_Composition_20250618_132058.xlsx
2025-06-18 13:21:04,496 - Review.reviews.edwpt_review - INFO - Saving individual composition file for ECHPT to: C:\Users\CSonneveld\OneDrive - Euronext\Documents\Projects\GUI + Reviews\output\ECHPT_Composition_20250618_132058.xlsx
2025-06-18 13:21:04,510 - Review.reviews.edwpt_review - INFO - Saving individual composition file for EUKPT to: C:\Users\CSonneveld\OneDrive - Euronext\Documents\Projects\GUI + Reviews\output\EUKPT_Composition_20250618_132058.xlsx
2025-06-18 13:21:04,537 - Review.reviews.edwpt_review - INFO - Saving individual composition file for CANPT to: C:\Users\CSonneveld\OneDrive - Euronext\Documents\Projects\GUI + Reviews\output\CANPT_Composition_20250618_132058.xlsx
2025-06-18 13:21:04,560 - Review.reviews.edwpt_review - INFO - Main file successfully saved to: C:\Users\CSonneveld\OneDrive - Euronext\Documents\Projects\GUI + Reviews\output\EDWPT_df_20250618_132058.xlsx
2025-06-18 13:21:04,560 - Review.reviews.edwpt_review - INFO - Individual composition files saved: 12
2025-06-18 13:21:04,724 - werkzeug - INFO - 127.0.0.1 - - [18/Jun/2025 13:21:04] "POST /calculate HTTP/1.1" 200 -
2025-06-18 13:21:11,640 - Review.reviews.edwp_review - INFO - Starting EDWP review calculation
2025-06-18 13:21:18,911 - Review.reviews.edwp_review - INFO - 
EDWP Selection Summary:
2025-06-18 13:21:18,911 - Review.reviews.edwp_review - INFO - Total companies selected: 1543
2025-06-18 13:21:18,912 - Review.reviews.edwp_review - INFO - Total FFMC covered: 88.81%
2025-06-18 13:21:18,936 - Review.reviews.edwp_review - INFO - 
DEUP Selection Summary:
2025-06-18 13:21:18,937 - Review.reviews.edwp_review - INFO - Total companies selected: 437
2025-06-18 13:21:18,938 - Review.reviews.edwp_review - INFO - Total FFMC covered: 88.79%
2025-06-18 13:21:18,945 - Review.reviews.edwp_review - INFO - 
DEZP Selection Summary:
2025-06-18 13:21:18,954 - Review.reviews.edwp_review - INFO - Total companies selected: 180
2025-06-18 13:21:18,955 - Review.reviews.edwp_review - INFO - Total FFMC covered: 88.26%
2025-06-18 13:21:18,960 - Review.reviews.edwp_review - INFO - 
DAPPR Selection Summary:
2025-06-18 13:21:18,960 - Review.reviews.edwp_review - INFO - Total companies selected: 491
2025-06-18 13:21:18,970 - Review.reviews.edwp_review - INFO - Total FFMC covered: 85.82%
2025-06-18 13:21:18,975 - Review.reviews.edwp_review - INFO - 
DNAP Selection Summary:
2025-06-18 13:21:18,975 - Review.reviews.edwp_review - INFO - Total companies selected: 452
2025-06-18 13:21:18,983 - Review.reviews.edwp_review - INFO - Total FFMC covered: 85.69%
2025-06-18 13:21:18,989 - Review.reviews.edwp_review - INFO - 
DASP Selection Summary:
2025-06-18 13:21:18,997 - Review.reviews.edwp_review - INFO - Total companies selected: 391
2025-06-18 13:21:18,998 - Review.reviews.edwp_review - INFO - Total FFMC covered: 85.48%
2025-06-18 13:21:19,005 - Review.reviews.edwp_review - INFO - 
DPAP Selection Summary:
2025-06-18 13:21:19,006 - Review.reviews.edwp_review - INFO - Total companies selected: 93
2025-06-18 13:21:19,007 - Review.reviews.edwp_review - INFO - Total FFMC covered: 85.98%
2025-06-18 13:21:19,010 - Review.reviews.edwp_review - INFO - 
EUSP Selection Summary:
2025-06-18 13:21:19,010 - Review.reviews.edwp_review - INFO - Total companies selected: 363
2025-06-18 13:21:19,017 - Review.reviews.edwp_review - INFO - Total FFMC covered: 85.00%
2025-06-18 13:21:19,022 - Review.reviews.edwp_review - INFO - 
EJPP Selection Summary:
2025-06-18 13:21:19,022 - Review.reviews.edwp_review - INFO - Total companies selected: 338
2025-06-18 13:21:19,022 - Review.reviews.edwp_review - INFO - Total FFMC covered: 85.02%
2025-06-18 13:21:19,022 - Review.reviews.edwp_review - INFO - 
ECHP Selection Summary:
2025-06-18 13:21:19,033 - Review.reviews.edwp_review - INFO - Total companies selected: 25
2025-06-18 13:21:19,034 - Review.reviews.edwp_review - INFO - Total FFMC covered: 85.59%
2025-06-18 13:21:19,040 - Review.reviews.edwp_review - INFO - 
EUKP Selection Summary:
2025-06-18 13:21:19,041 - Review.reviews.edwp_review - INFO - Total companies selected: 82
2025-06-18 13:21:19,042 - Review.reviews.edwp_review - INFO - Total FFMC covered: 85.16%
2025-06-18 13:21:19,047 - Review.reviews.edwp_review - INFO - 
CANP Selection Summary:
2025-06-18 13:21:19,048 - Review.reviews.edwp_review - INFO - Total companies selected: 70
2025-06-18 13:21:19,049 - Review.reviews.edwp_review - INFO - Total FFMC covered: 85.03%
2025-06-18 13:21:19,059 - Review.reviews.edwp_review - INFO - 
Global Selection Summary:
2025-06-18 13:21:19,059 - Review.reviews.edwp_review - INFO - Total companies selected: 1543
2025-06-18 13:21:19,060 - Review.reviews.edwp_review - INFO - Total FFMC covered: 88.81%
2025-06-18 13:21:19,063 - Review.reviews.edwp_review - INFO - 
MIC-level Summary:
2025-06-18 13:21:19,064 - Review.reviews.edwp_review - INFO -       ISIN          FFMC  EDWP_selection
MIC                                     
ALXP     1  9.511262e+08               0
BATS     1  2.137557e+10               1
MERK     2  1.978810e+08               0
MTAA   236  6.038823e+11              27
NEOE     1  4.727061e+07               0
WBAH    28  6.580410e+10               8
XAMS    81  1.178277e+12              18
XASX   883  1.433442e+12              74
XBRU    64  2.101693e+11              15
XCSE    99  4.205086e+11              12
XESM     2  1.651506e+09               0
XETR   227  1.833541e+12              32
XHEL   134  2.182358e+11              16
XHKG   245  4.615411e+11              22
XLIS    16  3.591813e+10               5
XLON   833  2.369042e+12              82
XMAD    96  5.998798e+11              13
XMSM    13  5.991251e+10               4
XNGM    56  1.209690e+09               0
XNGS  2665  2.517485e+13             175
XNYS  1721  2.495432e+13             365
XNZE    53  5.806349e+10              15
XOSL   228  1.778157e+11              38
XPAR   345  1.894325e+12              30
XSES   130  2.924063e+11              23
XSTO   623  6.989421e+11              72
XSWX   160  1.691898e+12              28
XTAE   281  1.782428e+11              60
XTKS  3667  5.008343e+12             338
XTSE   490  2.238620e+12              70
2025-06-18 13:21:19,079 - Review.reviews.edwp_review - INFO - Saving output to: C:\Users\CSonneveld\OneDrive - Euronext\Documents\Projects\GUI + Reviews\output\EDWP_df_20250618_132119.xlsx
2025-06-18 13:21:19,153 - Review.reviews.edwp_review - INFO - 
EDWP Changes Summary:
2025-06-18 13:21:19,153 - Review.reviews.edwp_review - INFO - Inclusions: 64
2025-06-18 13:21:19,153 - Review.reviews.edwp_review - INFO - Exclusions: 63
2025-06-18 13:21:19,176 - Review.reviews.edwp_review - INFO - 
DEUP Changes Summary:
2025-06-18 13:21:19,176 - Review.reviews.edwp_review - INFO - Inclusions: 29
2025-06-18 13:21:19,176 - Review.reviews.edwp_review - INFO - Exclusions: 21
2025-06-18 13:21:19,182 - Review.reviews.edwp_review - INFO - 
DEZP Changes Summary:
2025-06-18 13:21:19,182 - Review.reviews.edwp_review - INFO - Inclusions: 14
2025-06-18 13:21:19,182 - Review.reviews.edwp_review - INFO - Exclusions: 12
2025-06-18 13:21:19,206 - Review.reviews.edwp_review - INFO - 
DAPPR Changes Summary:
2025-06-18 13:21:19,206 - Review.reviews.edwp_review - INFO - Inclusions: 15
2025-06-18 13:21:19,207 - Review.reviews.edwp_review - INFO - Exclusions: 16
2025-06-18 13:21:19,226 - Review.reviews.edwp_review - INFO - 
DNAP Changes Summary:
2025-06-18 13:21:19,226 - Review.reviews.edwp_review - INFO - Inclusions: 15
2025-06-18 13:21:19,226 - Review.reviews.edwp_review - INFO - Exclusions: 22
2025-06-18 13:21:19,243 - Review.reviews.edwp_review - INFO - 
DASP Changes Summary:
2025-06-18 13:21:19,243 - Review.reviews.edwp_review - INFO - Inclusions: 13
2025-06-18 13:21:19,243 - Review.reviews.edwp_review - INFO - Exclusions: 15
2025-06-18 13:21:19,250 - Review.reviews.edwp_review - INFO - 
DPAP Changes Summary:
2025-06-18 13:21:19,250 - Review.reviews.edwp_review - INFO - Inclusions: 3
2025-06-18 13:21:19,250 - Review.reviews.edwp_review - INFO - Exclusions: 5
2025-06-18 13:21:19,257 - Review.reviews.edwp_review - INFO - 
EUSP Changes Summary:
2025-06-18 13:21:19,257 - Review.reviews.edwp_review - INFO - Inclusions: 9
2025-06-18 13:21:19,257 - Review.reviews.edwp_review - INFO - Exclusions: 16
2025-06-18 13:21:19,271 - Review.reviews.edwp_review - INFO - 
EJPP Changes Summary:
2025-06-18 13:21:19,271 - Review.reviews.edwp_review - INFO - Inclusions: 12
2025-06-18 13:21:19,271 - Review.reviews.edwp_review - INFO - Exclusions: 10
2025-06-18 13:21:19,286 - Review.reviews.edwp_review - INFO - 
ECHP Changes Summary:
2025-06-18 13:21:19,286 - Review.reviews.edwp_review - INFO - Inclusions: 3
2025-06-18 13:21:19,287 - Review.reviews.edwp_review - INFO - Exclusions: 2
2025-06-18 13:21:19,293 - Review.reviews.edwp_review - INFO - 
EUKP Changes Summary:
2025-06-18 13:21:19,293 - Review.reviews.edwp_review - INFO - Inclusions: 4
2025-06-18 13:21:19,293 - Review.reviews.edwp_review - INFO - Exclusions: 5
2025-06-18 13:21:19,301 - Review.reviews.edwp_review - INFO - 
CANP Changes Summary:
2025-06-18 13:21:19,301 - Review.reviews.edwp_review - INFO - Inclusions: 3
2025-06-18 13:21:19,301 - Review.reviews.edwp_review - INFO - Exclusions: 2
2025-06-18 13:21:23,048 - Review.reviews.edwp_review - INFO - Saving individual composition file for EDWP to: C:\Users\CSonneveld\OneDrive - Euronext\Documents\Projects\GUI + Reviews\output\EDWP_Composition_20250618_132119.xlsx
2025-06-18 13:21:23,156 - Review.reviews.edwp_review - INFO - Saving individual composition file for DEUP to: C:\Users\CSonneveld\OneDrive - Euronext\Documents\Projects\GUI + Reviews\output\DEUP_Composition_20250618_132119.xlsx
2025-06-18 13:21:23,188 - Review.reviews.edwp_review - INFO - Saving individual composition file for DEZP to: C:\Users\CSonneveld\OneDrive - Euronext\Documents\Projects\GUI + Reviews\output\DEZP_Composition_20250618_132119.xlsx
2025-06-18 13:21:23,211 - Review.reviews.edwp_review - INFO - Saving individual composition file for DAPPR to: C:\Users\CSonneveld\OneDrive - Euronext\Documents\Projects\GUI + Reviews\output\DAPPR_Composition_20250618_132119.xlsx
2025-06-18 13:21:23,255 - Review.reviews.edwp_review - INFO - Saving individual composition file for DNAP to: C:\Users\CSonneveld\OneDrive - Euronext\Documents\Projects\GUI + Reviews\output\DNAP_Composition_20250618_132119.xlsx
2025-06-18 13:21:23,288 - Review.reviews.edwp_review - INFO - Saving individual composition file for DASP to: C:\Users\CSonneveld\OneDrive - Euronext\Documents\Projects\GUI + Reviews\output\DASP_Composition_20250618_132119.xlsx
2025-06-18 13:21:23,322 - Review.reviews.edwp_review - INFO - Saving individual composition file for DPAP to: C:\Users\CSonneveld\OneDrive - Euronext\Documents\Projects\GUI + Reviews\output\DPAP_Composition_20250618_132119.xlsx
2025-06-18 13:21:23,339 - Review.reviews.edwp_review - INFO - Saving individual composition file for EUSP to: C:\Users\CSonneveld\OneDrive - Euronext\Documents\Projects\GUI + Reviews\output\EUSP_Composition_20250618_132119.xlsx
2025-06-18 13:21:23,370 - Review.reviews.edwp_review - INFO - Saving individual composition file for EJPP to: C:\Users\CSonneveld\OneDrive - Euronext\Documents\Projects\GUI + Reviews\output\EJPP_Composition_20250618_132119.xlsx
2025-06-18 13:21:23,394 - Review.reviews.edwp_review - INFO - Saving individual composition file for ECHP to: C:\Users\CSonneveld\OneDrive - Euronext\Documents\Projects\GUI + Reviews\output\ECHP_Composition_20250618_132119.xlsx
2025-06-18 13:21:23,407 - Review.reviews.edwp_review - INFO - Saving individual composition file for EUKP to: C:\Users\CSonneveld\OneDrive - Euronext\Documents\Projects\GUI + Reviews\output\EUKP_Composition_20250618_132119.xlsx
2025-06-18 13:21:23,422 - Review.reviews.edwp_review - INFO - Saving individual composition file for CANP to: C:\Users\CSonneveld\OneDrive - Euronext\Documents\Projects\GUI + Reviews\output\CANP_Composition_20250618_132119.xlsx
2025-06-18 13:21:23,438 - Review.reviews.edwp_review - INFO - Individual composition files saved: 12
2025-06-18 13:21:23,455 - werkzeug - INFO - 127.0.0.1 - - [18/Jun/2025 13:21:23] "POST /calculate HTTP/1.1" 200 -
2025-06-18 13:29:05,494 - werkzeug - INFO -  * Detected change in 'C:\\Program Files\\Python312\\Lib\\re\\__init__.py', reloading
2025-06-18 13:29:05,549 - werkzeug - INFO -  * Detected change in 'C:\\Program Files\\Python312\\Lib\\subprocess.py', reloading
