2025-08-15 15:47:19,599 - werkzeug - WARNING -  * Debugger is active!
2025-08-15 15:47:19,599 - werkzeug - INFO -  * Debugger PIN: 691-175-853
2025-08-15 15:47:20,196 - Review.reviews.gsfbp_review - INFO - Loading EOD data...
2025-08-15 15:47:21,011 - Review.reviews.gsfbp_review - INFO - Loading reference data...
2025-08-15 15:47:22,024 - Review.reviews.gsfbp_review - ERROR - Error during review calculation: 'ISIN'
2025-08-15 15:47:22,028 - Review.reviews.gsfbp_review - ERROR - Traceback (most recent call last):
  File "C:\Users\CSonneveld\OneDrive - Euronext\Documents\Projects\GUI + Reviews\Review\reviews\gsfbp_review.py", line 100, in run_gsfbp_review
    .merge(
     ^^^^^^
  File "C:\Users\CSonneveld\AppData\Roaming\Python\Python312\site-packages\pandas\core\frame.py", line 10832, in merge
    return merge(
           ^^^^^^
  File "C:\Users\CSonneveld\AppData\Roaming\Python\Python312\site-packages\pandas\core\reshape\merge.py", line 170, in merge
    op = _MergeOperation(
         ^^^^^^^^^^^^^^^^
  File "C:\Users\CSonneveld\AppData\Roaming\Python\Python312\site-packages\pandas\core\reshape\merge.py", line 794, in __init__
    ) = self._get_merge_keys()
        ^^^^^^^^^^^^^^^^^^^^^^
  File "C:\Users\CSonneveld\AppData\Roaming\Python\Python312\site-packages\pandas\core\reshape\merge.py", line 1310, in _get_merge_keys
    left_keys.append(left._get_label_or_level_values(lk))
                     ^^^^^^^^^^^^^^^^^^^^^^^^^^^^^^^^^^^
  File "C:\Users\CSonneveld\AppData\Roaming\Python\Python312\site-packages\pandas\core\generic.py", line 1911, in _get_label_or_level_values
    raise KeyError(key)
KeyError: 'ISIN'

2025-08-15 15:47:22,042 - werkzeug - INFO - 127.0.0.1 - - [15/Aug/2025 15:47:22] "POST /calculate HTTP/1.1" 200 -
2025-08-15 15:47:27,955 - werkzeug - INFO -  * Detected change in 'C:\\Users\\CSonneveld\\OneDrive - Euronext\\Documents\\Projects\\GUI + Reviews\\Review\\reviews\\gsfbp_review.py', reloading
2025-08-15 15:47:27,955 - werkzeug - INFO -  * Detected change in 'C:\\Users\\CSonneveld\\OneDrive - Euronext\\Documents\\Projects\\GUI + Reviews\\Review\\reviews\\gsfbp_review.py', reloading
