2025-07-29 15:28:26,682 - werkzeug - WARNING -  * Debugger is active!
2025-07-29 15:28:26,682 - werkzeug - INFO -  * Debugger PIN: 691-175-853
2025-07-29 15:28:28,052 - Review.reviews.gicp_review - INFO - Loading EOD data...
2025-07-29 15:28:28,901 - Review.reviews.gicp_review - INFO - Loading reference data...
2025-07-29 15:28:36,457 - Review.reviews.gicp_review - INFO - Processing market data...
2025-07-29 15:28:36,516 - Review.reviews.gicp_review - INFO - Selected 15 companies from Group 1 (EZ300)
2025-07-29 15:28:36,516 - Review.reviews.gicp_review - INFO - Selected 15 companies from Group 2 (NA500)
2025-07-29 15:28:36,517 - Review.reviews.gicp_review - INFO - Total selected: 30 companies
2025-07-29 15:28:36,570 - Review.reviews.gicp_review - INFO - Group 1 (EZ300) weight: 60.0000% (target: 60.00%)
2025-07-29 15:28:36,570 - Review.reviews.gicp_review - INFO - Group 2 (NA500) weight: 40.0000% (target: 40.00%)
2025-07-29 15:28:36,570 - Review.reviews.gicp_review - INFO - 
Final Weight Verification:
2025-07-29 15:28:36,570 - Review.reviews.gicp_review - INFO - Group 1 (EZ300) final weight: 60.0000%
2025-07-29 15:28:36,570 - Review.reviews.gicp_review - INFO - Group 2 (NA500) final weight: 40.0000%
2025-07-29 15:28:36,570 - Review.reviews.gicp_review - INFO - Maximum constituent weight: 9.7845%
2025-07-29 15:28:36,586 - Review.reviews.gicp_review - INFO - Saving GICP output to: C:\Users\CSonneveld\OneDrive - Euronext\Documents\Projects\GUI + Reviews\output\GICP_df_20250729_152836.xlsx
2025-07-29 15:28:36,949 - werkzeug - INFO - 127.0.0.1 - - [29/Jul/2025 15:28:36] "POST /calculate HTTP/1.1" 200 -
2025-07-29 15:29:27,927 - werkzeug - INFO -  * Detected change in 'C:\\Users\\CSonneveld\\OneDrive - Euronext\\Documents\\Projects\\GUI + Reviews\\Review\\reviews\\gicp_review.py', reloading
2025-07-29 15:29:27,927 - werkzeug - INFO -  * Detected change in 'C:\\Users\\CSonneveld\\OneDrive - Euronext\\Documents\\Projects\\GUI + Reviews\\Review\\reviews\\gicp_review.py', reloading
2025-07-29 15:29:27,930 - werkzeug - INFO -  * Detected change in 'C:\\Users\\CSonneveld\\OneDrive - Euronext\\Documents\\Projects\\GUI + Reviews\\Review\\reviews\\gicp_review.py', reloading
