2025-03-06 14:34:42,103 - werkzeug - WARNING -  * Debugger is active!
2025-03-06 14:34:42,111 - werkzeug - INFO -  * Debugger PIN: 691-175-853
2025-03-06 14:34:44,432 - Review.reviews.edwp_review - INFO - Starting EDWP review calculation
2025-03-06 14:34:48,989 - Review.reviews.edwp_review - INFO - 
EDWP Selection Summary:
2025-03-06 14:34:48,999 - Review.reviews.edwp_review - INFO - Total companies selected: 1604
2025-03-06 14:34:48,999 - Review.reviews.edwp_review - INFO - Total FFMC covered: 88.81%
2025-03-06 14:34:49,022 - Review.reviews.edwp_review - INFO - 
DEUP Selection Summary:
2025-03-06 14:34:49,032 - Review.reviews.edwp_review - INFO - Total companies selected: 461
2025-03-06 14:34:49,032 - Review.reviews.edwp_review - INFO - Total FFMC covered: 88.94%
2025-03-06 14:34:49,050 - Review.reviews.edwp_review - INFO - 
DEZP Selection Summary:
2025-03-06 14:34:49,051 - Review.reviews.edwp_review - INFO - Total companies selected: 183
2025-03-06 14:34:49,052 - Review.reviews.edwp_review - INFO - Total FFMC covered: 88.36%
2025-03-06 14:34:49,068 - Review.reviews.edwp_review - INFO - 
DAPPR Selection Summary:
2025-03-06 14:34:49,069 - Review.reviews.edwp_review - INFO - Total companies selected: 494
2025-03-06 14:34:49,070 - Review.reviews.edwp_review - INFO - Total FFMC covered: 85.71%
2025-03-06 14:34:49,083 - Review.reviews.edwp_review - INFO - 
DNAP Selection Summary:
2025-03-06 14:34:49,083 - Review.reviews.edwp_review - INFO - Total companies selected: 487
2025-03-06 14:34:49,083 - Review.reviews.edwp_review - INFO - Total FFMC covered: 85.69%
2025-03-06 14:34:49,099 - Review.reviews.edwp_review - INFO - 
DASP Selection Summary:
2025-03-06 14:34:49,099 - Review.reviews.edwp_review - INFO - Total companies selected: 394
2025-03-06 14:34:49,104 - Review.reviews.edwp_review - INFO - Total FFMC covered: 85.38%
2025-03-06 14:34:49,109 - Review.reviews.edwp_review - INFO - 
DPAP Selection Summary:
2025-03-06 14:34:49,112 - Review.reviews.edwp_review - INFO - Total companies selected: 93
2025-03-06 14:34:49,112 - Review.reviews.edwp_review - INFO - Total FFMC covered: 85.86%
2025-03-06 14:34:49,118 - Review.reviews.edwp_review - INFO - 
EUSP Selection Summary:
2025-03-06 14:34:49,118 - Review.reviews.edwp_review - INFO - Total companies selected: 393
2025-03-06 14:34:49,125 - Review.reviews.edwp_review - INFO - Total FFMC covered: 85.02%
2025-03-06 14:34:49,133 - Review.reviews.edwp_review - INFO - 
EJPP Selection Summary:
2025-03-06 14:34:49,133 - Review.reviews.edwp_review - INFO - Total companies selected: 339
2025-03-06 14:34:49,137 - Review.reviews.edwp_review - INFO - Total FFMC covered: 85.03%
2025-03-06 14:34:49,142 - Review.reviews.edwp_review - INFO - 
ECHP Selection Summary:
2025-03-06 14:34:49,143 - Review.reviews.edwp_review - INFO - Total companies selected: 24
2025-03-06 14:34:49,144 - Review.reviews.edwp_review - INFO - Total FFMC covered: 85.67%
2025-03-06 14:34:49,149 - Review.reviews.edwp_review - INFO - 
EUKP Selection Summary:
2025-03-06 14:34:49,150 - Review.reviews.edwp_review - INFO - Total companies selected: 95
2025-03-06 14:34:49,151 - Review.reviews.edwp_review - INFO - Total FFMC covered: 85.02%
2025-03-06 14:34:49,156 - Review.reviews.edwp_review - INFO - 
CANP Selection Summary:
2025-03-06 14:34:49,158 - Review.reviews.edwp_review - INFO - Total companies selected: 74
2025-03-06 14:34:49,158 - Review.reviews.edwp_review - INFO - Total FFMC covered: 85.10%
2025-03-06 14:34:49,166 - Review.reviews.edwp_review - INFO - 
Global Selection Summary:
2025-03-06 14:34:49,166 - Review.reviews.edwp_review - INFO - Total companies selected: 1604
2025-03-06 14:34:49,168 - Review.reviews.edwp_review - INFO - Total FFMC covered: 88.81%
2025-03-06 14:34:49,171 - Review.reviews.edwp_review - INFO - 
MIC-level Summary:
2025-03-06 14:34:49,171 - Review.reviews.edwp_review - INFO -       ISIN          FFMC  EDWP_selection
MIC                                     
ALXP     1  1.337544e+09               0
BATS     3  1.962934e+10               1
MERK     2  2.803735e+08               0
MTAA   246  5.292374e+11              27
WBAH    26  5.370078e+10               9
XAMS    79  1.157401e+12              17
XASX   886  1.442942e+12              73
XBRU    58  1.938564e+11              15
XCSE   107  6.350474e+11              10
XESM     2  1.794035e+09               0
XETR   227  1.472409e+12              34
XHEL   127  2.061674e+11              16
XHKG   209  3.465502e+11              24
XLIS    18  3.541669e+10               5
XLON   872  2.336733e+12              95
XMAD    99  4.808796e+11              14
XMSM    14  5.274635e+10               5
XNGM    47  4.908139e+08               0
XNGS  2628  2.418978e+13             184
XNYS  1736  2.534917e+13             394
XNZE    52  6.656698e+10              16
XOSL   245  1.738210e+11              45
XPAR   351  1.866583e+12              30
XSES   118  2.570802e+11              25
XSTO   648  7.073552e+11              72
XSWX   148  1.669679e+12              28
XTAE   275  1.399417e+11              52
XTKS  3711  4.991981e+12             339
XTSE   491  2.080540e+12              74
2025-03-06 14:34:49,184 - Review.reviews.edwp_review - INFO - Saving output to: C:\Users\CSonneveld\OneDrive - Euronext\Documents\Projects\GUI + Reviews\output\EDWP_df_20250306_143449.xlsx
2025-03-06 14:34:49,252 - Review.reviews.edwp_review - INFO - 
EDWP Changes Summary:
2025-03-06 14:34:49,252 - Review.reviews.edwp_review - INFO - Inclusions: 12
2025-03-06 14:34:49,252 - Review.reviews.edwp_review - INFO - Exclusions: 11
2025-03-06 14:34:49,280 - Review.reviews.edwp_review - INFO - 
DEUP Changes Summary:
2025-03-06 14:34:49,280 - Review.reviews.edwp_review - INFO - Inclusions: 5
2025-03-06 14:34:49,280 - Review.reviews.edwp_review - INFO - Exclusions: 6
2025-03-06 14:34:49,286 - Review.reviews.edwp_review - INFO - 
DEZP Changes Summary:
2025-03-06 14:34:49,286 - Review.reviews.edwp_review - INFO - Inclusions: 1
2025-03-06 14:34:49,286 - Review.reviews.edwp_review - INFO - Exclusions: 1
2025-03-06 14:34:49,303 - Review.reviews.edwp_review - INFO - 
DAPPR Changes Summary:
2025-03-06 14:34:49,303 - Review.reviews.edwp_review - INFO - Inclusions: 1
2025-03-06 14:34:49,303 - Review.reviews.edwp_review - INFO - Exclusions: 1
2025-03-06 14:34:49,333 - Review.reviews.edwp_review - INFO - 
DNAP Changes Summary:
2025-03-06 14:34:49,333 - Review.reviews.edwp_review - INFO - Inclusions: 5
2025-03-06 14:34:49,334 - Review.reviews.edwp_review - INFO - Exclusions: 6
2025-03-06 14:34:49,350 - Review.reviews.edwp_review - INFO - 
DASP Changes Summary:
2025-03-06 14:34:49,350 - Review.reviews.edwp_review - INFO - Inclusions: 0
2025-03-06 14:34:49,350 - Review.reviews.edwp_review - INFO - Exclusions: 0
2025-03-06 14:34:49,358 - Review.reviews.edwp_review - INFO - 
DPAP Changes Summary:
2025-03-06 14:34:49,358 - Review.reviews.edwp_review - INFO - Inclusions: 1
2025-03-06 14:34:49,358 - Review.reviews.edwp_review - INFO - Exclusions: 1
2025-03-06 14:34:49,376 - Review.reviews.edwp_review - INFO - 
EUSP Changes Summary:
2025-03-06 14:34:49,377 - Review.reviews.edwp_review - INFO - Inclusions: 5
2025-03-06 14:34:49,377 - Review.reviews.edwp_review - INFO - Exclusions: 5
2025-03-06 14:34:49,389 - Review.reviews.edwp_review - INFO - 
EJPP Changes Summary:
2025-03-06 14:34:49,389 - Review.reviews.edwp_review - INFO - Inclusions: 0
2025-03-06 14:34:49,389 - Review.reviews.edwp_review - INFO - Exclusions: 0
2025-03-06 14:34:49,389 - Review.reviews.edwp_review - INFO - 
ECHP Changes Summary:
2025-03-06 14:34:49,389 - Review.reviews.edwp_review - INFO - Inclusions: 0
2025-03-06 14:34:49,389 - Review.reviews.edwp_review - INFO - Exclusions: 0
2025-03-06 14:34:49,405 - Review.reviews.edwp_review - INFO - 
EUKP Changes Summary:
2025-03-06 14:34:49,405 - Review.reviews.edwp_review - INFO - Inclusions: 0
2025-03-06 14:34:49,405 - Review.reviews.edwp_review - INFO - Exclusions: 0
2025-03-06 14:34:49,412 - Review.reviews.edwp_review - INFO - 
CANP Changes Summary:
2025-03-06 14:34:49,412 - Review.reviews.edwp_review - INFO - Inclusions: 0
2025-03-06 14:34:49,412 - Review.reviews.edwp_review - INFO - Exclusions: 1
2025-03-06 14:34:53,298 - Review.reviews.edwp_review - INFO - File successfully saved to: C:\Users\CSonneveld\OneDrive - Euronext\Documents\Projects\GUI + Reviews\output\EDWP_df_20250306_143449.xlsx
2025-03-06 14:34:53,416 - werkzeug - INFO - 127.0.0.1 - - [06/Mar/2025 14:34:53] "POST /calculate HTTP/1.1" 200 -
2025-03-06 14:40:12,344 - werkzeug - INFO -  * Detected change in 'C:\\Users\\CSonneveld\\OneDrive - Euronext\\Documents\\Projects\\GUI + Reviews\\Review\\reviews\\edwp_review.py', reloading
2025-03-06 14:40:12,354 - werkzeug - INFO -  * Detected change in 'C:\\Users\\CSonneveld\\OneDrive - Euronext\\Documents\\Projects\\GUI + Reviews\\Review\\reviews\\edwp_review.py', reloading
2025-03-06 14:40:12,354 - werkzeug - INFO -  * Detected change in 'C:\\Users\\CSonneveld\\OneDrive - Euronext\\Documents\\Projects\\GUI + Reviews\\Review\\reviews\\edwp_review.py', reloading
