2025-01-21 16:03:38,416 - werkzeug - WARNING -  * Debugger is active!
2025-01-21 16:03:38,418 - werkzeug - INFO -  * Debugger PIN: 691-175-853
2025-01-21 16:03:39,697 - Review.reviews.gicp_review - INFO - Loading EOD data...
2025-01-21 16:03:40,963 - Review.reviews.gicp_review - INFO - Loading reference data...
2025-01-21 16:03:47,801 - Review.reviews.gicp_review - INFO - Processing market data...
2025-01-21 16:03:47,893 - Review.reviews.gicp_review - INFO - Category_1 weight: 12.0000% (target: 12.0000%)
2025-01-21 16:03:47,893 - Review.reviews.gicp_review - INFO - Category_2 weight: 12.0000% (target: 12.0000%)
2025-01-21 16:03:47,894 - Review.reviews.gicp_review - INFO - Category_3 weight: 12.0000% (target: 12.0000%)
2025-01-21 16:03:47,895 - Review.reviews.gicp_review - INFO - Category_4 weight: 12.0000% (target: 12.0000%)
2025-01-21 16:03:47,895 - Review.reviews.gicp_review - INFO - Category_5 weight: 12.0000% (target: 12.0000%)
2025-01-21 16:03:47,896 - Review.reviews.gicp_review - INFO - Category_6 weight: 20.0000% (target: 20.0000%)
2025-01-21 16:03:47,897 - Review.reviews.gicp_review - INFO - Category_7 weight: 20.0000% (target: 20.0000%)
2025-01-21 16:03:47,898 - Review.reviews.gicp_review - INFO - 
Final Weight Verification:
2025-01-21 16:03:47,898 - Review.reviews.gicp_review - INFO - Category_1 final weight: 12.0000%
2025-01-21 16:03:47,899 - Review.reviews.gicp_review - INFO - Category_2 final weight: 12.0000%
2025-01-21 16:03:47,899 - Review.reviews.gicp_review - INFO - Category_3 final weight: 12.0000%
2025-01-21 16:03:47,900 - Review.reviews.gicp_review - INFO - Category_4 final weight: 12.0000%
2025-01-21 16:03:47,900 - Review.reviews.gicp_review - INFO - Category_5 final weight: 12.0000%
2025-01-21 16:03:47,901 - Review.reviews.gicp_review - INFO - Category_6 final weight: 20.0000%
2025-01-21 16:03:47,901 - Review.reviews.gicp_review - INFO - Category_7 final weight: 20.0000%
2025-01-21 16:03:47,902 - Review.reviews.gicp_review - INFO - Maximum constituent weight: 0.3711%
2025-01-21 16:03:47,904 - Review.reviews.gicp_review - INFO - Saving GICP output to: C:\Users\CSonneveld\OneDrive - Euronext\Documents\Projects\GUI + Reviews\output\GICP_df_20250121_160347.xlsx
2025-01-21 16:03:48,767 - werkzeug - INFO - 127.0.0.1 - - [21/Jan/2025 16:03:48] "POST /calculate HTTP/1.1" 200 -
2025-01-21 16:06:14,097 - werkzeug - INFO -  * Detected change in 'C:\\Users\\CSonneveld\\OneDrive - Euronext\\Documents\\Projects\\GUI + Reviews\\Review\\reviews\\gicp_review.py', reloading
2025-01-21 16:06:14,100 - werkzeug - INFO -  * Detected change in 'C:\\Users\\CSonneveld\\OneDrive - Euronext\\Documents\\Projects\\GUI + Reviews\\Review\\reviews\\gicp_review.py', reloading
2025-01-21 16:06:14,102 - werkzeug - INFO -  * Detected change in 'C:\\Users\\CSonneveld\\OneDrive - Euronext\\Documents\\Projects\\GUI + Reviews\\Review\\reviews\\gicp_review.py', reloading
