2025-07-25 15:55:07,387 - werkzeug - WARNING -  * Debugger is active!
2025-07-25 15:55:07,387 - werkzeug - INFO -  * Debugger PIN: 691-175-853
2025-07-25 15:55:53,465 - Review.reviews.aexew_review - INFO - Loading EOD data...
2025-07-25 15:55:53,465 - Review.reviews.be1p_review - INFO - Loading EOD data...
2025-07-25 15:55:53,465 - Review.reviews.aerdp_review - INFO - Loading EOD data...
2025-07-25 15:55:57,580 - Review.reviews.aerdp_review - INFO - Loading reference data...
2025-07-25 15:55:57,580 - Review.reviews.be1p_review - INFO - Loading reference data...
2025-07-25 15:55:57,597 - Review.reviews.aexew_review - INFO - Loading reference data...
2025-07-25 15:55:58,014 - Review.reviews.aexew_review - INFO - Saving AEXEW output to: C:\Users\CSonneveld\OneDrive - Euronext\Documents\Projects\GUI + Reviews\output\AEXEW_df_20250725_155558.xlsx
2025-07-25 15:55:59,614 - Review.reviews.bnew_review - INFO - Loading EOD data...
2025-07-25 15:56:04,168 - Review.reviews.bnew_review - INFO - Loading reference data...
2025-07-25 15:56:09,747 - Review.reviews.bnew_review - INFO - Saving BNEW output to: C:\Users\CSonneveld\OneDrive - Euronext\Documents\Projects\GUI + Reviews\output\BNEW_df_20250725_155609.xlsx
2025-07-25 15:56:10,401 - Review.reviews.cacew_review - INFO - Loading EOD data...
2025-07-25 15:56:13,530 - Review.reviews.cacew_review - INFO - Loading reference data...
2025-07-25 15:56:14,246 - Review.reviews.cacew_review - INFO - Saving CACEW output to: C:\Users\CSonneveld\OneDrive - Euronext\Documents\Projects\GUI + Reviews\output\CACEW_df_20250725_155614.xlsx
2025-07-25 15:56:14,780 - Review.reviews.clew_review - INFO - Loading EOD data...
2025-07-25 15:56:16,697 - Review.reviews.aerdp_review - INFO - Saving AERDP output to: C:\Users\CSonneveld\OneDrive - Euronext\Documents\Projects\GUI + Reviews\output\AERDP_df_20250725_155616.xlsx
2025-07-25 15:56:16,880 - Review.reviews.be1p_review - INFO - Total universe: 300 companies
2025-07-25 15:56:16,880 - Review.reviews.be1p_review - INFO - Excluded by MIC filter: 91 companies
2025-07-25 15:56:16,880 - Review.reviews.be1p_review - INFO - Excluded by ICB subsector filter: 272 companies
2025-07-25 15:56:16,880 - Review.reviews.be1p_review - INFO - Excluded by turnover filter: 44 companies
2025-07-25 15:56:16,880 - Review.reviews.be1p_review - INFO - Total excluded (any criteria): 282 companies
2025-07-25 15:56:16,880 - Review.reviews.be1p_review - INFO - Eligible for selection: 18 companies
2025-07-25 15:56:16,880 - Review.reviews.be1p_review - INFO - Selecting top 10 companies with highest FFMC from eligible companies...
2025-07-25 15:56:16,898 - Review.reviews.be1p_review - INFO - Saving BE1P output to: C:\Users\CSonneveld\OneDrive - Euronext\Documents\Projects\GUI + Reviews\output\BE1P_df_20250725_155616.xlsx
2025-07-25 15:56:17,129 - Review.reviews.edefp_review - INFO - Loading EOD data...
2025-07-25 15:56:17,171 - Review.reviews.edwp_review - INFO - Starting EDWP review calculation
2025-07-25 15:56:17,380 - Review.reviews.clew_review - INFO - Loading reference data...
2025-07-25 15:56:17,481 - Review.reviews.clew_review - INFO - Saving CLEW output to: C:\Users\CSonneveld\OneDrive - Euronext\Documents\Projects\GUI + Reviews\output\CLEW_df_20250725_155617.xlsx
2025-07-25 15:56:17,547 - Review.reviews.edwpt_review - INFO - Starting EDWPT review calculation
2025-07-25 15:56:18,465 - Review.reviews.edefp_review - INFO - Loading reference data...
2025-07-25 15:56:21,197 - Review.reviews.edefp_review - INFO - Saving EDEFP output to: C:\Users\CSonneveld\OneDrive - Euronext\Documents\Projects\GUI + Reviews\output\EDEFP_df_20250725_155621.xlsx
2025-07-25 15:56:22,146 - Review.reviews.efmep_review - INFO - Loading EOD data...
2025-07-25 15:56:25,133 - Review.reviews.efmep_review - INFO - Loading reference data...
2025-07-25 15:56:28,157 - Review.reviews.efmep_review - INFO - Total universe: 300 companies
2025-07-25 15:56:28,163 - Review.reviews.efmep_review - INFO - Excluded by MIC filter: 63 companies
2025-07-25 15:56:28,163 - Review.reviews.efmep_review - INFO - Eligible for selection: 237 companies
2025-07-25 15:56:28,174 - Review.reviews.efmep_review - INFO - Selecting top 50 companies with highest FFMC from eligible companies...
2025-07-25 15:56:28,187 - Review.reviews.efmep_review - INFO - Saving EFMEP output to: C:\Users\CSonneveld\OneDrive - Euronext\Documents\Projects\GUI + Reviews\output\EFMEP_df_20250725_155628.xlsx
2025-07-25 15:56:29,030 - Review.reviews.edwp_review - INFO - 
EDWP Selection Summary:
2025-07-25 15:56:29,096 - Review.reviews.edwp_review - INFO - Total companies selected: 1543
2025-07-25 15:56:29,118 - Review.reviews.edwp_review - INFO - Total FFMC covered: 88.81%
2025-07-25 15:56:29,211 - Review.reviews.edwp_review - INFO - 
DEUP Selection Summary:
2025-07-25 15:56:29,214 - Review.reviews.edwp_review - INFO - Total companies selected: 437
2025-07-25 15:56:29,215 - Review.reviews.edwp_review - INFO - Total FFMC covered: 88.79%
2025-07-25 15:56:29,253 - Review.reviews.edwp_review - INFO - 
DEZP Selection Summary:
2025-07-25 15:56:29,264 - Review.reviews.edwp_review - INFO - Total companies selected: 180
2025-07-25 15:56:29,268 - Review.reviews.edwp_review - INFO - Total FFMC covered: 88.26%
2025-07-25 15:56:29,325 - Review.reviews.edwpt_review - INFO - 
EDWPT Selection Summary:
2025-07-25 15:56:29,334 - Review.reviews.edwp_review - INFO - 
DAPPR Selection Summary:
2025-07-25 15:56:29,334 - Review.reviews.edwpt_review - INFO - Total companies selected: 5296
2025-07-25 15:56:29,337 - Review.reviews.edwp_review - INFO - Total companies selected: 491
2025-07-25 15:56:29,340 - Review.reviews.edwp_review - INFO - Total FFMC covered: 85.82%
2025-07-25 15:56:29,341 - Review.reviews.edwpt_review - INFO - Total FFMC covered: 98.83%
2025-07-25 15:56:29,370 - Review.reviews.edwp_review - INFO - 
DNAP Selection Summary:
2025-07-25 15:56:29,382 - Review.reviews.edwp_review - INFO - Total companies selected: 452
2025-07-25 15:56:29,382 - Review.reviews.edwp_review - INFO - Total FFMC covered: 85.69%
2025-07-25 15:56:29,398 - Review.reviews.edwpt_review - INFO - 
DEUPT Selection Summary:
2025-07-25 15:56:29,398 - Review.reviews.edwpt_review - INFO - Total companies selected: 1283
2025-07-25 15:56:29,408 - Review.reviews.edwpt_review - INFO - Total FFMC covered: 98.67%
2025-07-25 15:56:29,432 - Review.reviews.edwp_review - INFO - 
DASP Selection Summary:
2025-07-25 15:56:29,432 - Review.reviews.edwp_review - INFO - Total companies selected: 391
2025-07-25 15:56:29,432 - Review.reviews.edwp_review - INFO - Total FFMC covered: 85.48%
2025-07-25 15:56:29,448 - Review.reviews.edwpt_review - INFO - 
DEZPT Selection Summary:
2025-07-25 15:56:29,465 - Review.reviews.edwpt_review - INFO - Total companies selected: 497
2025-07-25 15:56:29,469 - Review.reviews.edwpt_review - INFO - Total FFMC covered: 98.51%
2025-07-25 15:56:29,484 - Review.reviews.edwp_review - INFO - 
DPAP Selection Summary:
2025-07-25 15:56:29,489 - Review.reviews.edwp_review - INFO - Total companies selected: 93
2025-07-25 15:56:29,491 - Review.reviews.edwp_review - INFO - Total FFMC covered: 85.98%
2025-07-25 15:56:29,513 - Review.reviews.edwpt_review - INFO - 
DAPPT Selection Summary:
2025-07-25 15:56:29,518 - Review.reviews.edwp_review - INFO - 
EUSP Selection Summary:
2025-07-25 15:56:29,518 - Review.reviews.edwpt_review - INFO - Total companies selected: 1903
2025-07-25 15:56:29,520 - Review.reviews.edwp_review - INFO - Total companies selected: 363
2025-07-25 15:56:29,521 - Review.reviews.edwp_review - INFO - Total FFMC covered: 85.00%
2025-07-25 15:56:29,523 - Review.reviews.edwpt_review - INFO - Total FFMC covered: 98.14%
2025-07-25 15:56:29,537 - Review.reviews.edwp_review - INFO - 
EJPP Selection Summary:
2025-07-25 15:56:29,545 - Review.reviews.edwp_review - INFO - Total companies selected: 338
2025-07-25 15:56:29,550 - Review.reviews.edwp_review - INFO - Total FFMC covered: 85.02%
2025-07-25 15:56:29,553 - Review.reviews.edwpt_review - INFO - 
DNAPT Selection Summary:
2025-07-25 15:56:29,557 - Review.reviews.edwp_review - INFO - 
ECHP Selection Summary:
2025-07-25 15:56:29,561 - Review.reviews.edwp_review - INFO - Total companies selected: 25
2025-07-25 15:56:29,562 - Review.reviews.edwp_review - INFO - Total FFMC covered: 85.59%
2025-07-25 15:56:29,562 - Review.reviews.edwpt_review - INFO - Total companies selected: 1657
2025-07-25 15:56:29,566 - Review.reviews.edwpt_review - INFO - Total FFMC covered: 98.16%
2025-07-25 15:56:29,576 - Review.reviews.edwp_review - INFO - 
EUKP Selection Summary:
2025-07-25 15:56:29,576 - Review.reviews.edwp_review - INFO - Total companies selected: 82
2025-07-25 15:56:29,584 - Review.reviews.edwp_review - INFO - Total FFMC covered: 85.16%
2025-07-25 15:56:29,604 - Review.reviews.edwp_review - INFO - 
CANP Selection Summary:
2025-07-25 15:56:29,611 - Review.reviews.edwp_review - INFO - Total companies selected: 70
2025-07-25 15:56:29,612 - Review.reviews.edwpt_review - INFO - 
DASPT Selection Summary:
2025-07-25 15:56:29,615 - Review.reviews.edwp_review - INFO - Total FFMC covered: 85.03%
2025-07-25 15:56:29,616 - Review.reviews.edwpt_review - INFO - Total companies selected: 1561
2025-07-25 15:56:29,624 - Review.reviews.edwpt_review - INFO - Total FFMC covered: 98.08%
2025-07-25 15:56:29,641 - Review.reviews.edwp_review - INFO - 
Global Selection Summary:
2025-07-25 15:56:29,641 - Review.reviews.edwp_review - INFO - Total companies selected: 1543
2025-07-25 15:56:29,642 - Review.reviews.edwpt_review - INFO - 
DPAPT Selection Summary:
2025-07-25 15:56:29,643 - Review.reviews.edwp_review - INFO - Total FFMC covered: 88.81%
2025-07-25 15:56:29,644 - Review.reviews.edwpt_review - INFO - Total companies selected: 316
2025-07-25 15:56:29,645 - Review.reviews.edwp_review - INFO - 
MIC-level Summary:
2025-07-25 15:56:29,646 - Review.reviews.edwp_review - INFO -       ISIN          FFMC  EDWP_selection
MIC                                     
ALXP     1  9.511262e+08               0
BATS     1  2.137557e+10               1
MERK     2  1.978810e+08               0
MTAA   236  6.038823e+11              27
NEOE     1  4.727061e+07               0
WBAH    28  6.580410e+10               8
XAMS    81  1.178277e+12              18
XASX   883  1.433442e+12              74
XBRU    64  2.101693e+11              15
XCSE    99  4.205086e+11              12
XESM     2  1.651506e+09               0
XETR   227  1.833541e+12              32
XHEL   134  2.182358e+11              16
XHKG   245  4.615411e+11              22
XLIS    16  3.591813e+10               5
XLON   833  2.369042e+12              82
XMAD    96  5.998798e+11              13
XMSM    13  5.991251e+10               4
XNGM    56  1.209690e+09               0
XNGS  2665  2.517485e+13             175
XNYS  1721  2.495432e+13             365
XNZE    53  5.806349e+10              15
XOSL   228  1.778157e+11              38
XPAR   345  1.894325e+12              30
XSES   130  2.924063e+11              23
XSTO   623  6.989421e+11              72
XSWX   160  1.691898e+12              28
XTAE   281  1.782428e+11              60
XTKS  3667  5.008343e+12             338
XTSE   490  2.238620e+12              70
2025-07-25 15:56:29,646 - Review.reviews.edwpt_review - INFO - Total FFMC covered: 98.06%
2025-07-25 15:56:29,667 - Review.reviews.edwp_review - INFO - Saving output to: C:\Users\CSonneveld\OneDrive - Euronext\Documents\Projects\GUI + Reviews\output\EDWP_df_20250725_155629.xlsx
2025-07-25 15:56:29,732 - Review.reviews.edwp_review - INFO - 
EDWP Changes Summary:
2025-07-25 15:56:29,732 - Review.reviews.edwp_review - INFO - Inclusions: 64
2025-07-25 15:56:29,732 - Review.reviews.edwp_review - INFO - Exclusions: 63
2025-07-25 15:56:29,753 - Review.reviews.edwp_review - INFO - 
DEUP Changes Summary:
2025-07-25 15:56:29,753 - Review.reviews.edwp_review - INFO - Inclusions: 29
2025-07-25 15:56:29,753 - Review.reviews.edwp_review - INFO - Exclusions: 21
2025-07-25 15:56:29,770 - Review.reviews.edwp_review - INFO - 
DEZP Changes Summary:
2025-07-25 15:56:29,770 - Review.reviews.edwp_review - INFO - Inclusions: 14
2025-07-25 15:56:29,771 - Review.reviews.edwp_review - INFO - Exclusions: 12
2025-07-25 15:56:29,787 - Review.reviews.edwpt_review - INFO - 
EUSPT Selection Summary:
2025-07-25 15:56:29,793 - Review.reviews.edwp_review - INFO - 
DAPPR Changes Summary:
2025-07-25 15:56:29,795 - Review.reviews.edwp_review - INFO - Inclusions: 15
2025-07-25 15:56:29,796 - Review.reviews.edwp_review - INFO - Exclusions: 16
2025-07-25 15:56:29,820 - Review.reviews.edwp_review - INFO - 
DNAP Changes Summary:
2025-07-25 15:56:29,820 - Review.reviews.edwp_review - INFO - Inclusions: 15
2025-07-25 15:56:29,820 - Review.reviews.edwp_review - INFO - Exclusions: 22
2025-07-25 15:56:29,820 - Review.reviews.edwpt_review - INFO - Total companies selected: 1394
2025-07-25 15:56:29,837 - Review.reviews.edwp_review - INFO - 
DASP Changes Summary:
2025-07-25 15:56:29,842 - Review.reviews.edwp_review - INFO - Inclusions: 13
2025-07-25 15:56:29,842 - Review.reviews.edwpt_review - INFO - Total FFMC covered: 98.00%
2025-07-25 15:56:29,842 - Review.reviews.edwp_review - INFO - Exclusions: 15
2025-07-25 15:56:29,852 - Review.reviews.edwp_review - INFO - 
DPAP Changes Summary:
2025-07-25 15:56:29,853 - Review.reviews.edwp_review - INFO - Inclusions: 3
2025-07-25 15:56:29,853 - Review.reviews.edwp_review - INFO - Exclusions: 5
2025-07-25 15:56:29,873 - Review.reviews.edwp_review - INFO - 
EUSP Changes Summary:
2025-07-25 15:56:29,873 - Review.reviews.edwp_review - INFO - Inclusions: 9
2025-07-25 15:56:29,873 - Review.reviews.edwp_review - INFO - Exclusions: 16
2025-07-25 15:56:29,890 - Review.reviews.edwp_review - INFO - 
EJPP Changes Summary:
2025-07-25 15:56:29,890 - Review.reviews.edwp_review - INFO - Inclusions: 12
2025-07-25 15:56:29,892 - Review.reviews.edwp_review - INFO - Exclusions: 10
2025-07-25 15:56:29,931 - Review.reviews.edwp_review - INFO - 
ECHP Changes Summary:
2025-07-25 15:56:29,931 - Review.reviews.edwp_review - INFO - Inclusions: 3
2025-07-25 15:56:29,931 - Review.reviews.edwp_review - INFO - Exclusions: 2
2025-07-25 15:56:29,944 - Review.reviews.edwp_review - INFO - 
EUKP Changes Summary:
2025-07-25 15:56:29,946 - Review.reviews.edwp_review - INFO - Inclusions: 4
2025-07-25 15:56:29,950 - Review.reviews.edwp_review - INFO - Exclusions: 5
2025-07-25 15:56:29,951 - Review.reviews.edwp_review - INFO - 
CANP Changes Summary:
2025-07-25 15:56:29,951 - Review.reviews.edwp_review - INFO - Inclusions: 3
2025-07-25 15:56:29,951 - Review.reviews.edwp_review - INFO - Exclusions: 2
2025-07-25 15:56:30,612 - Review.reviews.edwpt_review - INFO - 
EJPPT Selection Summary:
2025-07-25 15:56:31,113 - Review.reviews.edwpt_review - INFO - Total companies selected: 1402
2025-07-25 15:56:31,413 - Review.reviews.edwpt_review - INFO - Total FFMC covered: 98.00%
2025-07-25 15:56:31,680 - Review.reviews.edwpt_review - INFO - 
ECHPT Selection Summary:
2025-07-25 15:56:31,829 - Review.reviews.edwpt_review - INFO - Total companies selected: 78
2025-07-25 15:56:31,895 - Review.reviews.edwpt_review - INFO - Total FFMC covered: 98.08%
2025-07-25 15:56:32,614 - Review.reviews.edwpt_review - INFO - 
EUKPT Selection Summary:
2025-07-25 15:56:32,812 - Review.reviews.edwpt_review - INFO - Total companies selected: 284
2025-07-25 15:56:32,894 - Review.reviews.edwpt_review - INFO - Total FFMC covered: 98.00%
2025-07-25 15:56:32,953 - Review.reviews.edwpt_review - INFO - 
CANPT Selection Summary:
2025-07-25 15:56:32,954 - Review.reviews.edwpt_review - INFO - Total companies selected: 217
2025-07-25 15:56:32,959 - Review.reviews.edwpt_review - INFO - Total FFMC covered: 98.01%
2025-07-25 15:56:33,000 - Review.reviews.edwpt_review - INFO - 
Global Selection Summary:
2025-07-25 15:56:33,014 - Review.reviews.edwpt_review - INFO - Total companies selected: 5296
2025-07-25 15:56:33,020 - Review.reviews.edwpt_review - INFO - Total FFMC covered: 98.83%
2025-07-25 15:56:33,024 - Review.reviews.edwpt_review - INFO - 
MIC-level Summary:
2025-07-25 15:56:33,027 - Review.reviews.edwpt_review - INFO -       ISIN          FFMC  EDWPT_selection
MIC                                      
ALXP     1  9.511262e+08                1
BATS     1  2.137557e+10                1
MERK     2  1.978810e+08                2
MTAA   236  6.038823e+11               80
NEOE     1  4.727061e+07                0
WBAH    28  6.580410e+10               20
XAMS    81  1.178277e+12               48
XASX   883  1.433442e+12              278
XBRU    64  2.101693e+11               35
XCSE    99  4.205086e+11               35
XESM     2  1.651506e+09                2
XETR   227  1.833541e+12              105
XHEL   134  2.182358e+11               50
XHKG   245  4.615411e+11               76
XLIS    16  3.591813e+10               12
XLON   833  2.369042e+12              284
XMAD    96  5.998798e+11               43
XMSM    13  5.991251e+10                9
XNGM    56  1.209690e+09                3
XNGS  2665  2.517485e+13              736
XNYS  1721  2.495432e+13             1089
XNZE    53  5.806349e+10               35
XOSL   228  1.778157e+11              110
XPAR   345  1.894325e+12               92
XSES   130  2.924063e+11               63
XSTO   623  6.989421e+11              215
XSWX   160  1.691898e+12               88
XTAE   281  1.782428e+11              165
XTKS  3667  5.008343e+12             1402
XTSE   490  2.238620e+12              217
2025-07-25 15:56:33,085 - Review.reviews.edwpt_review - INFO - Saving main output to: C:\Users\CSonneveld\OneDrive - Euronext\Documents\Projects\GUI + Reviews\output\EDWPT_df_20250725_155633.xlsx
2025-07-25 15:56:33,281 - Review.reviews.edwpt_review - INFO - 
EDWPT Changes Summary:
2025-07-25 15:56:33,281 - Review.reviews.edwpt_review - INFO - Inclusions: 199
2025-07-25 15:56:33,281 - Review.reviews.edwpt_review - INFO - Exclusions: 196
2025-07-25 15:56:33,332 - Review.reviews.edwpt_review - INFO - 
DEUPT Changes Summary:
2025-07-25 15:56:33,332 - Review.reviews.edwpt_review - INFO - Inclusions: 75
2025-07-25 15:56:33,332 - Review.reviews.edwpt_review - INFO - Exclusions: 43
2025-07-25 15:56:33,365 - Review.reviews.edwpt_review - INFO - 
DEZPT Changes Summary:
2025-07-25 15:56:33,366 - Review.reviews.edwpt_review - INFO - Inclusions: 31
2025-07-25 15:56:33,366 - Review.reviews.edwpt_review - INFO - Exclusions: 16
2025-07-25 15:56:33,431 - Review.reviews.edwpt_review - INFO - 
DAPPT Changes Summary:
2025-07-25 15:56:33,431 - Review.reviews.edwpt_review - INFO - Inclusions: 63
2025-07-25 15:56:33,431 - Review.reviews.edwpt_review - INFO - Exclusions: 68
2025-07-25 15:56:33,547 - Review.reviews.edwpt_review - INFO - 
DNAPT Changes Summary:
2025-07-25 15:56:33,547 - Review.reviews.edwpt_review - INFO - Inclusions: 45
2025-07-25 15:56:33,547 - Review.reviews.edwpt_review - INFO - Exclusions: 72
2025-07-25 15:56:33,661 - Review.reviews.edwpt_review - INFO - 
DASPT Changes Summary:
2025-07-25 15:56:33,662 - Review.reviews.edwpt_review - INFO - Inclusions: 54
2025-07-25 15:56:33,665 - Review.reviews.edwpt_review - INFO - Exclusions: 51
2025-07-25 15:56:33,713 - Review.reviews.edwpt_review - INFO - 
DPAPT Changes Summary:
2025-07-25 15:56:33,716 - Review.reviews.edwpt_review - INFO - Inclusions: 6
2025-07-25 15:56:33,728 - Review.reviews.edwpt_review - INFO - Exclusions: 11
2025-07-25 15:56:33,836 - Review.reviews.edwpt_review - INFO - 
EUSPT Changes Summary:
2025-07-25 15:56:33,839 - Review.reviews.edwpt_review - INFO - Inclusions: 28
2025-07-25 15:56:33,844 - Review.reviews.edwpt_review - INFO - Exclusions: 55
2025-07-25 15:56:33,997 - Review.reviews.edwpt_review - INFO - 
EJPPT Changes Summary:
2025-07-25 15:56:34,014 - Review.reviews.edwpt_review - INFO - Inclusions: 41
2025-07-25 15:56:34,014 - Review.reviews.edwpt_review - INFO - Exclusions: 38
2025-07-25 15:56:34,052 - Review.reviews.edwpt_review - INFO - 
ECHPT Changes Summary:
2025-07-25 15:56:34,059 - Review.reviews.edwpt_review - INFO - Inclusions: 3
2025-07-25 15:56:34,059 - Review.reviews.edwpt_review - INFO - Exclusions: 0
2025-07-25 15:56:34,101 - Review.reviews.edwpt_review - INFO - 
EUKPT Changes Summary:
2025-07-25 15:56:34,106 - Review.reviews.edwpt_review - INFO - Inclusions: 9
2025-07-25 15:56:34,116 - Review.reviews.edwpt_review - INFO - Exclusions: 13
2025-07-25 15:56:34,154 - Review.reviews.edwpt_review - INFO - 
CANPT Changes Summary:
2025-07-25 15:56:34,154 - Review.reviews.edwpt_review - INFO - Inclusions: 8
2025-07-25 15:56:34,154 - Review.reviews.edwpt_review - INFO - Exclusions: 7
2025-07-25 15:56:43,863 - Review.reviews.edwp_review - INFO - Saving individual composition file for EDWP to: C:\Users\CSonneveld\OneDrive - Euronext\Documents\Projects\GUI + Reviews\output\EDWP_Composition_20250725_155629.xlsx
2025-07-25 15:56:44,481 - Review.reviews.edwp_review - INFO - Saving individual composition file for DEUP to: C:\Users\CSonneveld\OneDrive - Euronext\Documents\Projects\GUI + Reviews\output\DEUP_Composition_20250725_155629.xlsx
2025-07-25 15:56:44,758 - Review.reviews.edwp_review - INFO - Saving individual composition file for DEZP to: C:\Users\CSonneveld\OneDrive - Euronext\Documents\Projects\GUI + Reviews\output\DEZP_Composition_20250725_155629.xlsx
2025-07-25 15:56:45,003 - Review.reviews.edwp_review - INFO - Saving individual composition file for DAPPR to: C:\Users\CSonneveld\OneDrive - Euronext\Documents\Projects\GUI + Reviews\output\DAPPR_Composition_20250725_155629.xlsx
2025-07-25 15:56:45,280 - Review.reviews.edwp_review - INFO - Saving individual composition file for DNAP to: C:\Users\CSonneveld\OneDrive - Euronext\Documents\Projects\GUI + Reviews\output\DNAP_Composition_20250725_155629.xlsx
2025-07-25 15:56:45,530 - Review.reviews.edwp_review - INFO - Saving individual composition file for DASP to: C:\Users\CSonneveld\OneDrive - Euronext\Documents\Projects\GUI + Reviews\output\DASP_Composition_20250725_155629.xlsx
2025-07-25 15:56:45,997 - Review.reviews.edwp_review - INFO - Saving individual composition file for DPAP to: C:\Users\CSonneveld\OneDrive - Euronext\Documents\Projects\GUI + Reviews\output\DPAP_Composition_20250725_155629.xlsx
2025-07-25 15:56:46,033 - Review.reviews.edwp_review - INFO - Saving individual composition file for EUSP to: C:\Users\CSonneveld\OneDrive - Euronext\Documents\Projects\GUI + Reviews\output\EUSP_Composition_20250725_155629.xlsx
2025-07-25 15:56:46,065 - Review.reviews.edwp_review - INFO - Saving individual composition file for EJPP to: C:\Users\CSonneveld\OneDrive - Euronext\Documents\Projects\GUI + Reviews\output\EJPP_Composition_20250725_155629.xlsx
2025-07-25 15:56:46,115 - Review.reviews.edwp_review - INFO - Saving individual composition file for ECHP to: C:\Users\CSonneveld\OneDrive - Euronext\Documents\Projects\GUI + Reviews\output\ECHP_Composition_20250725_155629.xlsx
2025-07-25 15:56:46,136 - Review.reviews.edwp_review - INFO - Saving individual composition file for EUKP to: C:\Users\CSonneveld\OneDrive - Euronext\Documents\Projects\GUI + Reviews\output\EUKP_Composition_20250725_155629.xlsx
2025-07-25 15:56:46,168 - Review.reviews.edwp_review - INFO - Saving individual composition file for CANP to: C:\Users\CSonneveld\OneDrive - Euronext\Documents\Projects\GUI + Reviews\output\CANP_Composition_20250725_155629.xlsx
2025-07-25 15:56:46,188 - Review.reviews.edwpt_review - INFO - Saving individual composition file for EDWPT to: C:\Users\CSonneveld\OneDrive - Euronext\Documents\Projects\GUI + Reviews\output\EDWPT_Composition_20250725_155633.xlsx
2025-07-25 15:56:46,486 - Review.reviews.edwp_review - INFO - Individual composition files saved: 12
2025-07-25 15:56:46,514 - Review.reviews.eluxp_review - INFO - Loading EOD data...
2025-07-25 15:56:46,565 - Review.reviews.edwpt_review - INFO - Saving individual composition file for DEUPT to: C:\Users\CSonneveld\OneDrive - Euronext\Documents\Projects\GUI + Reviews\output\DEUPT_Composition_20250725_155633.xlsx
2025-07-25 15:56:46,747 - Review.reviews.edwpt_review - INFO - Saving individual composition file for DEZPT to: C:\Users\CSonneveld\OneDrive - Euronext\Documents\Projects\GUI + Reviews\output\DEZPT_Composition_20250725_155633.xlsx
2025-07-25 15:56:46,786 - Review.reviews.edwpt_review - INFO - Saving individual composition file for DAPPT to: C:\Users\CSonneveld\OneDrive - Euronext\Documents\Projects\GUI + Reviews\output\DAPPT_Composition_20250725_155633.xlsx
2025-07-25 15:56:46,902 - Review.reviews.edwpt_review - INFO - Saving individual composition file for DNAPT to: C:\Users\CSonneveld\OneDrive - Euronext\Documents\Projects\GUI + Reviews\output\DNAPT_Composition_20250725_155633.xlsx
2025-07-25 15:56:47,002 - Review.reviews.edwpt_review - INFO - Saving individual composition file for DASPT to: C:\Users\CSonneveld\OneDrive - Euronext\Documents\Projects\GUI + Reviews\output\DASPT_Composition_20250725_155633.xlsx
2025-07-25 15:56:47,098 - Review.reviews.edwpt_review - INFO - Saving individual composition file for DPAPT to: C:\Users\CSonneveld\OneDrive - Euronext\Documents\Projects\GUI + Reviews\output\DPAPT_Composition_20250725_155633.xlsx
2025-07-25 15:56:47,120 - Review.reviews.edwpt_review - INFO - Saving individual composition file for EUSPT to: C:\Users\CSonneveld\OneDrive - Euronext\Documents\Projects\GUI + Reviews\output\EUSPT_Composition_20250725_155633.xlsx
2025-07-25 15:56:47,247 - Review.reviews.edwpt_review - INFO - Saving individual composition file for EJPPT to: C:\Users\CSonneveld\OneDrive - Euronext\Documents\Projects\GUI + Reviews\output\EJPPT_Composition_20250725_155633.xlsx
2025-07-25 15:56:47,331 - Review.reviews.edwpt_review - INFO - Saving individual composition file for ECHPT to: C:\Users\CSonneveld\OneDrive - Euronext\Documents\Projects\GUI + Reviews\output\ECHPT_Composition_20250725_155633.xlsx
2025-07-25 15:56:47,503 - Review.reviews.edwpt_review - INFO - Saving individual composition file for EUKPT to: C:\Users\CSonneveld\OneDrive - Euronext\Documents\Projects\GUI + Reviews\output\EUKPT_Composition_20250725_155633.xlsx
2025-07-25 15:56:47,556 - Review.reviews.edwpt_review - INFO - Saving individual composition file for CANPT to: C:\Users\CSonneveld\OneDrive - Euronext\Documents\Projects\GUI + Reviews\output\CANPT_Composition_20250725_155633.xlsx
2025-07-25 15:56:47,831 - Review.reviews.edwpt_review - INFO - Main file successfully saved to: C:\Users\CSonneveld\OneDrive - Euronext\Documents\Projects\GUI + Reviews\output\EDWPT_df_20250725_155633.xlsx
2025-07-25 15:56:47,831 - Review.reviews.edwpt_review - INFO - Individual composition files saved: 12
2025-07-25 15:56:47,861 - Review.reviews.eri5p_review - INFO - Loading EOD data...
2025-07-25 15:56:49,130 - Review.reviews.egspp_review - ERROR - Error during review calculation: 'FossilFuelProdMaxRev'
2025-07-25 15:56:49,130 - Review.reviews.egspp_review - ERROR - Traceback (most recent call last):
  File "C:\Users\CSonneveld\AppData\Roaming\Python\Python312\site-packages\pandas\core\indexes\base.py", line 3805, in get_loc
    return self._engine.get_loc(casted_key)
           ^^^^^^^^^^^^^^^^^^^^^^^^^^^^^^^^
  File "index.pyx", line 167, in pandas._libs.index.IndexEngine.get_loc
  File "index.pyx", line 196, in pandas._libs.index.IndexEngine.get_loc
  File "pandas\\_libs\\hashtable_class_helper.pxi", line 7081, in pandas._libs.hashtable.PyObjectHashTable.get_item
  File "pandas\\_libs\\hashtable_class_helper.pxi", line 7089, in pandas._libs.hashtable.PyObjectHashTable.get_item
KeyError: 'FossilFuelProdMaxRev'

The above exception was the direct cause of the following exception:

Traceback (most recent call last):
  File "C:\Users\CSonneveld\OneDrive - Euronext\Documents\Projects\GUI + Reviews\Review\reviews\egspp_review.py", line 136, in run_egspp_review
    Oekom_TrustCarbon_df[col] = pd.to_numeric(Oekom_TrustCarbon_df[col], errors='coerce')
                                              ~~~~~~~~~~~~~~~~~~~~^^^^^
  File "C:\Users\CSonneveld\AppData\Roaming\Python\Python312\site-packages\pandas\core\frame.py", line 4102, in __getitem__
    indexer = self.columns.get_loc(key)
              ^^^^^^^^^^^^^^^^^^^^^^^^^
  File "C:\Users\CSonneveld\AppData\Roaming\Python\Python312\site-packages\pandas\core\indexes\base.py", line 3812, in get_loc
    raise KeyError(key) from err
KeyError: 'FossilFuelProdMaxRev'

2025-07-25 15:56:49,167 - Review.reviews.esvep_review - INFO - Loading EOD data...
2025-07-25 15:56:49,614 - Review.reviews.eluxp_review - INFO - Loading reference data...
2025-07-25 15:56:49,631 - Review.reviews.eri5p_review - INFO - Loading reference data...
2025-07-25 15:56:51,414 - Review.reviews.esvep_review - INFO - Loading reference data...
2025-07-25 15:56:51,776 - Review.reviews.eluxp_review - INFO - Saving ELUXP output to: C:\Users\CSonneveld\OneDrive - Euronext\Documents\Projects\GUI + Reviews\output\ELUXP_df_20250725_155651.xlsx
2025-07-25 15:56:52,526 - Review.reviews.etpfb_review - INFO - Loading EOD data...
2025-07-25 15:56:52,831 - werkzeug - INFO -  * Detected change in 'C:\\Users\\CSonneveld\\OneDrive - Euronext\\Documents\\Projects\\GUI + Reviews\\Review\\reviews\\eri5p_review.py', reloading
2025-07-25 15:56:52,884 - Review.reviews.eri5p_review - INFO - Ranking validation:
2025-07-25 15:56:52,900 - Review.reviews.eri5p_review - INFO - Top 10 companies by overall ranking:
                Company  New Sustainability Score          FFMC  Overall_Ranking                                         All_Exclusion_Reasons
285          VERBUND AG                 10.000000  4.490764e+09                1                        Excluded: 100 days avg turnover < €22M
98       EDP RENOVAVEIS                 10.000000  2.721125e+09                2  Excluded: FFMC < €3B; Excluded: 100 days avg turnover < €22M
222                RELX                  9.943431  9.337019e+10                3                                                              
174             KPN KON                  9.943431  1.611962e+10                4                                                              
277  UNIBAIL-RODAMCO-WE                  9.943431  9.583460e+09                5                                                              
104              ENDESA                  9.943431  8.725176e+09                6                                                              
216           QIAGEN NV                  9.943431  8.036393e+09                7                                                              
170           KLEPIERRE                  9.943431  7.319263e+09                8                        Excluded: 100 days avg turnover < €22M
120          FORTUM OYJ                  9.943431  6.763131e+09                9                                                              
169       KION GROUP AG                  9.943431  2.946984e+09               10  Excluded: FFMC < €3B; Excluded: 100 days avg turnover < €22M
2025-07-25 15:56:52,908 - Review.reviews.eri5p_review - INFO - Top 10 eligible companies:
                Company  New Sustainability Score          FFMC  Eligible_Ranking
222                RELX                  9.943431  9.337019e+10               1.0
174             KPN KON                  9.943431  1.611962e+10               2.0
277  UNIBAIL-RODAMCO-WE                  9.943431  9.583460e+09               3.0
104              ENDESA                  9.943431  8.725176e+09               4.0
216           QIAGEN NV                  9.943431  8.036393e+09               5.0
120          FORTUM OYJ                  9.943431  6.763131e+09               6.0
124   FRESENIUS SE & CO                  9.859489  1.822777e+10               7.0
237              SANOFI                  9.750000  1.018128e+11               8.0
248   SIEMENS ENERGY AG                  9.750000  5.550806e+10               9.0
275                 UCB                  9.750000  1.957748e+10              10.0
2025-07-25 15:56:52,914 - Review.reviews.eri5p_review - INFO - Total universe: 300 companies
2025-07-25 15:56:52,914 - Review.reviews.eri5p_review - INFO - Total excluded: 168 companies
2025-07-25 15:56:52,918 - Review.reviews.eri5p_review - INFO - Eligible for selection: 132 companies
2025-07-25 15:56:52,920 - Review.reviews.eri5p_review - INFO - Selecting top 50 companies ranked by Sustainability Score (with FFMC as tiebreaker) from eligible companies...
2025-07-25 15:56:52,936 - Review.reviews.eri5p_review - INFO - Saving ERI5P output to: C:\Users\CSonneveld\OneDrive - Euronext\Documents\Projects\GUI + Reviews\output\ERI5P_df_20250725_155652.xlsx
2025-07-25 15:56:53,330 - Review.reviews.esvep_review - INFO - Saving ESVEP output to: C:\Users\CSonneveld\OneDrive - Euronext\Documents\Projects\GUI + Reviews\output\ESVEP_df_20250725_155653.xlsx
2025-07-25 15:56:53,360 - Review.reviews.eus5p_review - INFO - Loading EOD data...
2025-07-25 15:56:53,385 - Review.reviews.ez15p_review - INFO - Loading EOD data...
2025-07-25 15:56:53,731 - Review.reviews.etpfb_review - INFO - Loading reference data...
2025-07-25 15:56:54,848 - Review.reviews.etpfb_review - INFO - Saving ETPFB output to: C:\Users\CSonneveld\OneDrive - Euronext\Documents\Projects\GUI + Reviews\output\ETPFB_df_20250725_155654.xlsx
2025-07-25 15:56:54,954 - Review.reviews.ez40p_review - INFO - Loading EOD data...
2025-07-25 15:56:54,968 - Review.reviews.ez15p_review - INFO - Loading reference data...
2025-07-25 15:56:55,031 - Review.reviews.eus5p_review - INFO - Loading reference data...
2025-07-25 15:56:56,980 - Review.reviews.ez15p_review - INFO - Total universe: 300 companies
2025-07-25 15:56:56,980 - Review.reviews.ez15p_review - INFO - Excluded by turnover filter: 68 companies
2025-07-25 15:56:56,980 - Review.reviews.ez15p_review - INFO - Eligible for selection: 232 companies
2025-07-25 15:56:56,999 - Review.reviews.ez15p_review - INFO - Selecting top 150 companies with highest FFMC from eligible companies...
2025-07-25 15:56:57,020 - Review.reviews.ez15p_review - INFO - Saving EZ15P output to: C:\Users\CSonneveld\OneDrive - Euronext\Documents\Projects\GUI + Reviews\output\EZ15P_df_20250725_155657.xlsx
2025-07-25 15:56:57,537 - Review.reviews.ez40p_review - INFO - Loading reference data...
2025-07-25 15:56:58,210 - Review.reviews.ez60p_review - INFO - Loading EOD data...
2025-07-25 15:57:00,264 - Review.reviews.ez40p_review - INFO - Selecting top 40 companies with highest FFMC...
2025-07-25 15:57:00,292 - Review.reviews.ez40p_review - INFO - Saving EZ40P output to: C:\Users\CSonneveld\OneDrive - Euronext\Documents\Projects\GUI + Reviews\output\EZ40P_df_20250725_155700.xlsx
2025-07-25 15:57:00,955 - Review.reviews.ezn1p_review - INFO - Loading EOD data...
2025-07-25 15:57:01,164 - Review.reviews.ez60p_review - INFO - Loading reference data...
2025-07-25 15:57:03,164 - Review.reviews.ez60p_review - INFO - Selecting top 60 companies with highest FFMC...
2025-07-25 15:57:03,180 - Review.reviews.ez60p_review - INFO - Saving EZ60P output to: C:\Users\CSonneveld\OneDrive - Euronext\Documents\Projects\GUI + Reviews\output\EZ60P_df_20250725_155703.xlsx
2025-07-25 15:57:03,364 - Review.reviews.ezn1p_review - INFO - Loading reference data...
2025-07-25 15:57:04,127 - Review.reviews.f4rip_review - INFO - Loading EOD data...
2025-07-25 15:57:05,413 - Review.reviews.ezn1p_review - INFO - Total universe: 300 companies
2025-07-25 15:57:05,414 - Review.reviews.ezn1p_review - INFO - Excluded by turnover filter: 68 companies
2025-07-25 15:57:05,496 - Review.reviews.ezn1p_review - INFO - Eligible for selection: 232 companies
2025-07-25 15:57:05,498 - Review.reviews.ezn1p_review - INFO - Selecting top 150 companies with highest FFMC from eligible companies...
2025-07-25 15:57:05,523 - Review.reviews.ezn1p_review - INFO - Saving EZN1P output to: C:\Users\CSonneveld\OneDrive - Euronext\Documents\Projects\GUI + Reviews\output\EZN1P_df_20250725_155705.xlsx
2025-07-25 15:57:06,080 - Review.reviews.fr20p_review - INFO - Loading EOD data...
2025-07-25 15:57:06,407 - Review.reviews.f4rip_review - INFO - Loading reference data...
2025-07-25 15:57:08,865 - Review.reviews.fr20p_review - INFO - Loading reference data...
2025-07-25 15:57:09,880 - Review.reviews.f4rip_review - ERROR - Error during review calculation: "['Currency'] not in index"
2025-07-25 15:57:09,932 - Review.reviews.eus5p_review - INFO - Common columns (11): ['12 month aver. turnover EUR', '20 days aver. turn EUR', '3 months aver. Turnover USD', '6 month aver. turnover EUR', 'Currency', 'ISIN', 'NOSH', 'Name', 'Price', 'Rank', 'Ticker']
2025-07-25 15:57:09,933 - Review.reviews.eus5p_review - INFO - Eurozone-only columns (8): ['10 days aver. turn EUR', '100 days aver. turn EUR', '100 days volatility', '126 days volatility', '180 days volatility', '3 months aver. Turnover EUR', '5 days aver. turn EUR', 'MIC']
2025-07-25 15:57:09,933 - Review.reviews.eus5p_review - INFO - North America-only columns (3): ['3 month aver. turnover EUR', 'Exchange Name (VND)', 'Sec Market Value (EUR)']
2025-07-25 15:57:09,933 - Review.reviews.eus5p_review - INFO - Final column order will be: ['Rank', 'Ticker', 'Name', 'ISIN', 'MIC', 'NOSH', 'Price', 'Currency', '12 month aver. turnover EUR', '20 days aver. turn EUR', '10 days aver. turn EUR', '5 days aver. turn EUR', '6 month aver. turnover EUR', '126 days volatility', '100 days volatility', '100 days aver. turn EUR', '180 days volatility', '3 months aver. Turnover EUR', '3 months aver. Turnover USD', 'Exchange Name (VND)', 'Sec Market Value (EUR)', '3 month aver. turnover EUR']
2025-07-25 15:57:09,933 - Review.reviews.f4rip_review - ERROR - Traceback (most recent call last):
  File "C:\Users\CSonneveld\OneDrive - Euronext\Documents\Projects\GUI + Reviews\Review\reviews\f4rip_review.py", line 138, in run_f4rip_review
    F4RIP_df = selection_df[
               ^^^^^^^^^^^^^
  File "C:\Users\CSonneveld\AppData\Roaming\Python\Python312\site-packages\pandas\core\frame.py", line 4108, in __getitem__
    indexer = self.columns._get_indexer_strict(key, "columns")[1]
              ^^^^^^^^^^^^^^^^^^^^^^^^^^^^^^^^^^^^^^^^^^^^^^^^
  File "C:\Users\CSonneveld\AppData\Roaming\Python\Python312\site-packages\pandas\core\indexes\base.py", line 6200, in _get_indexer_strict
    self._raise_if_missing(keyarr, indexer, axis_name)
  File "C:\Users\CSonneveld\AppData\Roaming\Python\Python312\site-packages\pandas\core\indexes\base.py", line 6252, in _raise_if_missing
    raise KeyError(f"{not_found} not in index")
KeyError: "['Currency'] not in index"

2025-07-25 15:57:09,933 - Review.reviews.eus5p_review - INFO - Total columns in combined DataFrame: 22
2025-07-25 15:57:10,034 - Review.reviews.frd4p_review - INFO - Loading EOD data...
2025-07-25 15:57:10,314 - Review.reviews.eus5p_review - INFO - Saving EUS5P output to: C:\Users\CSonneveld\OneDrive - Euronext\Documents\Projects\GUI + Reviews\output\EUS5P_df_20250725_155710.xlsx
2025-07-25 15:57:11,298 - Review.reviews.frecp_review - INFO - Loading EOD data...
2025-07-25 15:57:11,781 - Review.reviews.fr20p_review - INFO - Selecting top 20 companies with highest FFMC...
2025-07-25 15:57:11,781 - Review.reviews.fr20p_review - INFO - Saving FR20P output to: C:\Users\CSonneveld\OneDrive - Euronext\Documents\Projects\GUI + Reviews\output\FR20P_df_20250725_155711.xlsx
2025-07-25 15:57:11,869 - Review.reviews.fri4p_review - INFO - Loading EOD data...
2025-07-25 15:57:11,910 - Review.reviews.frd4p_review - INFO - Loading reference data...
2025-07-25 15:57:13,064 - Review.reviews.frecp_review - INFO - Loading reference data...
2025-07-25 15:57:14,290 - Review.reviews.fri4p_review - INFO - Loading reference data...
2025-07-25 15:57:18,247 - Review.reviews.frecp_review - INFO - Selecting top 20 companies with lowest FFMC...
2025-07-25 15:57:18,277 - Review.reviews.frecp_review - INFO - Saving FRECP output to: C:\Users\CSonneveld\OneDrive - Euronext\Documents\Projects\GUI + Reviews\output\FRECP_df_20250725_155718.xlsx
2025-07-25 15:57:19,414 - Review.reviews.frn4p_review - INFO - Loading EOD data...
2025-07-25 15:57:22,776 - Review.reviews.frn4p_review - INFO - Loading reference data...
2025-07-25 15:57:27,973 - Review.reviews.frn4p_review - INFO - Selecting companies ranked 41-80 by FFMC (40 companies total)...
2025-07-25 15:57:27,981 - Review.reviews.frn4p_review - INFO - Saving FRN4P output to: C:\Users\CSonneveld\OneDrive - Euronext\Documents\Projects\GUI + Reviews\output\FRN4P_df_20250725_155727.xlsx
2025-07-25 15:57:28,919 - Review.reviews.gicp_review - INFO - Loading EOD data...
2025-07-25 15:57:32,064 - Review.reviews.gicp_review - INFO - Loading reference data...
2025-07-25 15:57:35,686 - Review.reviews.frd4p_review - INFO - Processing sector: 1010.0, area: AS, group size: 45
2025-07-25 15:57:35,686 - Review.reviews.frd4p_review - INFO - Companies in group: 45, to exclude: 8
2025-07-25 15:57:35,701 - Review.reviews.frd4p_review - INFO - Processing sector: 1010.0, area: EU, group size: 27
2025-07-25 15:57:35,714 - Review.reviews.frd4p_review - INFO - Companies in group: 27, to exclude: 5
2025-07-25 15:57:35,721 - Review.reviews.frd4p_review - INFO - Processing sector: 1010.0, area: NA, group size: 83
2025-07-25 15:57:35,736 - Review.reviews.frd4p_review - INFO - Companies in group: 83, to exclude: 16
2025-07-25 15:57:35,748 - Review.reviews.frd4p_review - INFO - Processing sector: 1510.0, area: AS, group size: 12
2025-07-25 15:57:35,752 - Review.reviews.frd4p_review - INFO - Companies in group: 12, to exclude: 2
2025-07-25 15:57:35,760 - Review.reviews.frd4p_review - INFO - Processing sector: 1510.0, area: EU, group size: 18
2025-07-25 15:57:35,765 - Review.reviews.frd4p_review - INFO - Companies in group: 18, to exclude: 3
2025-07-25 15:57:35,775 - Review.reviews.frd4p_review - INFO - Processing sector: 1510.0, area: NA, group size: 10
2025-07-25 15:57:35,782 - Review.reviews.frd4p_review - INFO - Companies in group: 10, to exclude: 1
2025-07-25 15:57:35,789 - Review.reviews.frd4p_review - INFO - Processing sector: 2010.0, area: AS, group size: 29
2025-07-25 15:57:35,799 - Review.reviews.frd4p_review - INFO - Companies in group: 29, to exclude: 5
2025-07-25 15:57:35,807 - Review.reviews.frd4p_review - INFO - Processing sector: 2010.0, area: EU, group size: 46
2025-07-25 15:57:35,812 - Review.reviews.frd4p_review - INFO - Companies in group: 46, to exclude: 9
2025-07-25 15:57:35,819 - Review.reviews.frd4p_review - INFO - Processing sector: 2010.0, area: NA, group size: 44
2025-07-25 15:57:35,830 - Review.reviews.frd4p_review - INFO - Companies in group: 44, to exclude: 8
2025-07-25 15:57:35,832 - Review.reviews.frd4p_review - INFO - Processing sector: 3010.0, area: AS, group size: 29
2025-07-25 15:57:35,842 - Review.reviews.frd4p_review - INFO - Companies in group: 29, to exclude: 5
2025-07-25 15:57:35,849 - Review.reviews.frd4p_review - INFO - Processing sector: 3010.0, area: EU, group size: 46
2025-07-25 15:57:35,849 - Review.reviews.frd4p_review - INFO - Companies in group: 46, to exclude: 9
2025-07-25 15:57:35,861 - Review.reviews.frd4p_review - INFO - Processing sector: 3010.0, area: NA, group size: 20
2025-07-25 15:57:35,866 - Review.reviews.frd4p_review - INFO - Companies in group: 20, to exclude: 3
2025-07-25 15:57:35,877 - Review.reviews.frd4p_review - INFO - Processing sector: 3020.0, area: AS, group size: 15
2025-07-25 15:57:35,918 - Review.reviews.frd4p_review - INFO - Companies in group: 15, to exclude: 2
2025-07-25 15:57:35,918 - Review.reviews.frd4p_review - INFO - Processing sector: 3020.0, area: EU, group size: 35
2025-07-25 15:57:35,935 - Review.reviews.frd4p_review - INFO - Companies in group: 35, to exclude: 6
2025-07-25 15:57:35,945 - Review.reviews.frd4p_review - INFO - Processing sector: 3020.0, area: NA, group size: 32
2025-07-25 15:57:35,967 - Review.reviews.frd4p_review - INFO - Companies in group: 32, to exclude: 6
2025-07-25 15:57:35,971 - Review.reviews.frd4p_review - INFO - Processing sector: 3030.0, area: AS, group size: 15
2025-07-25 15:57:35,977 - Review.reviews.frd4p_review - INFO - Companies in group: 15, to exclude: 2
2025-07-25 15:57:35,982 - Review.reviews.frd4p_review - INFO - Processing sector: 3030.0, area: EU, group size: 31
2025-07-25 15:57:35,991 - Review.reviews.frd4p_review - INFO - Companies in group: 31, to exclude: 6
2025-07-25 15:57:35,997 - Review.reviews.frd4p_review - INFO - Processing sector: 3030.0, area: NA, group size: 23
2025-07-25 15:57:35,999 - Review.reviews.frd4p_review - INFO - Companies in group: 23, to exclude: 4
2025-07-25 15:57:36,012 - Review.reviews.frd4p_review - INFO - Processing sector: 3510.0, area: AS, group size: 49
2025-07-25 15:57:36,016 - Review.reviews.frd4p_review - INFO - Companies in group: 49, to exclude: 9
2025-07-25 15:57:36,030 - Review.reviews.frd4p_review - INFO - Processing sector: 3510.0, area: EU, group size: 25
2025-07-25 15:57:36,037 - Review.reviews.frd4p_review - INFO - Companies in group: 25, to exclude: 4
2025-07-25 15:57:36,045 - Review.reviews.frd4p_review - INFO - Processing sector: 3510.0, area: NA, group size: 22
2025-07-25 15:57:36,051 - Review.reviews.frd4p_review - INFO - Companies in group: 22, to exclude: 4
2025-07-25 15:57:36,063 - Review.reviews.frd4p_review - INFO - Processing sector: 4010.0, area: AS, group size: 16
2025-07-25 15:57:36,066 - Review.reviews.frd4p_review - INFO - Companies in group: 16, to exclude: 3
2025-07-25 15:57:36,077 - Review.reviews.frd4p_review - INFO - Processing sector: 4010.0, area: EU, group size: 13
2025-07-25 15:57:36,083 - Review.reviews.frd4p_review - INFO - Companies in group: 13, to exclude: 2
2025-07-25 15:57:36,092 - Review.reviews.frd4p_review - INFO - Processing sector: 4010.0, area: NA, group size: 4
2025-07-25 15:57:36,098 - Review.reviews.frd4p_review - INFO - Companies in group: 4, to exclude: 0
2025-07-25 15:57:36,102 - Review.reviews.frd4p_review - WARNING - No companies to exclude for sector 4010.0 and area NA
2025-07-25 15:57:36,114 - Review.reviews.frd4p_review - INFO - Processing sector: 4020.0, area: AS, group size: 26
2025-07-25 15:57:36,125 - Review.reviews.frd4p_review - INFO - Companies in group: 26, to exclude: 5
2025-07-25 15:57:36,132 - Review.reviews.frd4p_review - INFO - Processing sector: 4020.0, area: EU, group size: 23
2025-07-25 15:57:36,142 - Review.reviews.frd4p_review - INFO - Companies in group: 23, to exclude: 4
2025-07-25 15:57:36,149 - Review.reviews.frd4p_review - INFO - Processing sector: 4020.0, area: NA, group size: 17
2025-07-25 15:57:36,159 - Review.reviews.frd4p_review - INFO - Companies in group: 17, to exclude: 3
2025-07-25 15:57:36,171 - Review.reviews.frd4p_review - INFO - Processing sector: 4030.0, area: AS, group size: 7
2025-07-25 15:57:36,179 - Review.reviews.frd4p_review - INFO - Companies in group: 7, to exclude: 1
2025-07-25 15:57:36,190 - Review.reviews.frd4p_review - INFO - Processing sector: 4030.0, area: EU, group size: 10
2025-07-25 15:57:36,201 - Review.reviews.frd4p_review - INFO - Companies in group: 10, to exclude: 1
2025-07-25 15:57:36,211 - Review.reviews.frd4p_review - INFO - Processing sector: 4030.0, area: NA, group size: 6
2025-07-25 15:57:36,212 - Review.reviews.frd4p_review - INFO - Companies in group: 6, to exclude: 1
2025-07-25 15:57:36,216 - Review.reviews.frd4p_review - INFO - Processing sector: 4040.0, area: AS, group size: 13
2025-07-25 15:57:36,224 - Review.reviews.frd4p_review - INFO - Companies in group: 13, to exclude: 2
2025-07-25 15:57:36,232 - Review.reviews.frd4p_review - INFO - Processing sector: 4040.0, area: EU, group size: 10
2025-07-25 15:57:36,242 - Review.reviews.frd4p_review - INFO - Companies in group: 10, to exclude: 1
2025-07-25 15:57:36,248 - Review.reviews.frd4p_review - INFO - Processing sector: 4040.0, area: NA, group size: 19
2025-07-25 15:57:36,255 - Review.reviews.frd4p_review - INFO - Companies in group: 19, to exclude: 3
2025-07-25 15:57:36,261 - Review.reviews.frd4p_review - INFO - Processing sector: 4050.0, area: AS, group size: 20
2025-07-25 15:57:36,265 - Review.reviews.frd4p_review - INFO - Companies in group: 20, to exclude: 3
2025-07-25 15:57:36,274 - Review.reviews.frd4p_review - INFO - Processing sector: 4050.0, area: EU, group size: 14
2025-07-25 15:57:36,346 - Review.reviews.frd4p_review - INFO - Companies in group: 14, to exclude: 2
2025-07-25 15:57:36,350 - Review.reviews.frd4p_review - INFO - Processing sector: 4050.0, area: NA, group size: 18
2025-07-25 15:57:36,358 - Review.reviews.frd4p_review - INFO - Companies in group: 18, to exclude: 3
2025-07-25 15:57:36,362 - Review.reviews.frd4p_review - INFO - Processing sector: 4510.0, area: AS, group size: 25
2025-07-25 15:57:36,371 - Review.reviews.frd4p_review - INFO - Companies in group: 25, to exclude: 4
2025-07-25 15:57:36,377 - Review.reviews.frd4p_review - INFO - Processing sector: 4510.0, area: EU, group size: 26
2025-07-25 15:57:36,384 - Review.reviews.frd4p_review - INFO - Companies in group: 26, to exclude: 5
2025-07-25 15:57:36,393 - Review.reviews.frd4p_review - INFO - Processing sector: 4510.0, area: NA, group size: 17
2025-07-25 15:57:36,401 - Review.reviews.frd4p_review - INFO - Companies in group: 17, to exclude: 3
2025-07-25 15:57:36,412 - Review.reviews.frd4p_review - INFO - Processing sector: 4520.0, area: AS, group size: 17
2025-07-25 15:57:36,417 - Review.reviews.frd4p_review - INFO - Companies in group: 17, to exclude: 3
2025-07-25 15:57:36,428 - Review.reviews.frd4p_review - INFO - Processing sector: 4520.0, area: EU, group size: 12
2025-07-25 15:57:36,432 - Review.reviews.frd4p_review - INFO - Companies in group: 12, to exclude: 2
2025-07-25 15:57:36,442 - Review.reviews.frd4p_review - INFO - Processing sector: 4520.0, area: NA, group size: 14
2025-07-25 15:57:36,452 - Review.reviews.frd4p_review - INFO - Companies in group: 14, to exclude: 2
2025-07-25 15:57:36,454 - Review.reviews.frd4p_review - INFO - Processing sector: 5010.0, area: AS, group size: 17
2025-07-25 15:57:36,469 - Review.reviews.frd4p_review - INFO - Companies in group: 17, to exclude: 3
2025-07-25 15:57:36,472 - Review.reviews.frd4p_review - INFO - Processing sector: 5010.0, area: EU, group size: 27
2025-07-25 15:57:36,472 - Review.reviews.frd4p_review - INFO - Companies in group: 27, to exclude: 5
2025-07-25 15:57:36,484 - Review.reviews.frd4p_review - INFO - Processing sector: 5010.0, area: NA, group size: 11
2025-07-25 15:57:36,487 - Review.reviews.frd4p_review - INFO - Companies in group: 11, to exclude: 2
2025-07-25 15:57:36,499 - Review.reviews.frd4p_review - INFO - Processing sector: 5020.0, area: AS, group size: 93
2025-07-25 15:57:36,515 - Review.reviews.frd4p_review - INFO - Companies in group: 93, to exclude: 18
2025-07-25 15:57:36,523 - Review.reviews.frd4p_review - INFO - Processing sector: 5020.0, area: EU, group size: 97
2025-07-25 15:57:36,536 - Review.reviews.frd4p_review - INFO - Companies in group: 97, to exclude: 19
2025-07-25 15:57:36,542 - Review.reviews.frd4p_review - INFO - Processing sector: 5020.0, area: NA, group size: 76
2025-07-25 15:57:36,543 - Review.reviews.frd4p_review - INFO - Companies in group: 76, to exclude: 15
2025-07-25 15:57:36,552 - Review.reviews.frd4p_review - INFO - Processing sector: 5510.0, area: AS, group size: 23
2025-07-25 15:57:36,564 - Review.reviews.frd4p_review - INFO - Companies in group: 23, to exclude: 4
2025-07-25 15:57:36,568 - Review.reviews.frd4p_review - INFO - Processing sector: 5510.0, area: EU, group size: 15
2025-07-25 15:57:36,577 - Review.reviews.frd4p_review - INFO - Companies in group: 15, to exclude: 2
2025-07-25 15:57:36,582 - Review.reviews.frd4p_review - INFO - Processing sector: 5510.0, area: NA, group size: 13
2025-07-25 15:57:36,599 - Review.reviews.frd4p_review - INFO - Companies in group: 13, to exclude: 2
2025-07-25 15:57:36,599 - Review.reviews.frd4p_review - INFO - Processing sector: 5520.0, area: AS, group size: 17
2025-07-25 15:57:36,612 - Review.reviews.frd4p_review - INFO - Companies in group: 17, to exclude: 3
2025-07-25 15:57:36,625 - Review.reviews.frd4p_review - INFO - Processing sector: 5520.0, area: EU, group size: 18
2025-07-25 15:57:36,636 - Review.reviews.frd4p_review - INFO - Companies in group: 18, to exclude: 3
2025-07-25 15:57:36,642 - Review.reviews.frd4p_review - INFO - Processing sector: 5520.0, area: NA, group size: 5
2025-07-25 15:57:36,702 - Review.reviews.frd4p_review - INFO - Companies in group: 5, to exclude: 0
2025-07-25 15:57:36,702 - Review.reviews.frd4p_review - WARNING - No companies to exclude for sector 5520.0 and area NA
2025-07-25 15:57:36,718 - Review.reviews.frd4p_review - INFO - Processing sector: 6010.0, area: AS, group size: 10
2025-07-25 15:57:36,732 - Review.reviews.frd4p_review - INFO - Companies in group: 10, to exclude: 1
2025-07-25 15:57:36,737 - Review.reviews.frd4p_review - INFO - Processing sector: 6010.0, area: EU, group size: 22
2025-07-25 15:57:36,747 - Review.reviews.frd4p_review - INFO - Companies in group: 22, to exclude: 4
2025-07-25 15:57:36,751 - Review.reviews.frd4p_review - INFO - Processing sector: 6010.0, area: NA, group size: 35
2025-07-25 15:57:36,754 - Review.reviews.frd4p_review - INFO - Companies in group: 35, to exclude: 6
2025-07-25 15:57:36,761 - Review.reviews.frd4p_review - INFO - Processing sector: 6510.0, area: AS, group size: 22
2025-07-25 15:57:36,765 - Review.reviews.frd4p_review - INFO - Companies in group: 22, to exclude: 4
2025-07-25 15:57:36,776 - Review.reviews.frd4p_review - INFO - Processing sector: 6510.0, area: EU, group size: 26
2025-07-25 15:57:36,780 - Review.reviews.frd4p_review - INFO - Companies in group: 26, to exclude: 5
2025-07-25 15:57:36,787 - Review.reviews.frd4p_review - INFO - Processing sector: 6510.0, area: NA, group size: 31
2025-07-25 15:57:36,799 - Review.reviews.frd4p_review - INFO - Companies in group: 31, to exclude: 6
2025-07-25 15:57:39,897 - Review.reviews.fri4p_review - INFO - Processing sector: 1010.0, area: AS, group size: 45
2025-07-25 15:57:39,913 - Review.reviews.fri4p_review - INFO - Companies in group: 45, to exclude: 8
2025-07-25 15:57:39,914 - Review.reviews.fri4p_review - INFO - Processing sector: 1010.0, area: EU, group size: 27
2025-07-25 15:57:39,914 - Review.reviews.fri4p_review - INFO - Companies in group: 27, to exclude: 5
2025-07-25 15:57:39,920 - Review.reviews.fri4p_review - INFO - Processing sector: 1010.0, area: NA, group size: 83
2025-07-25 15:57:39,922 - Review.reviews.fri4p_review - INFO - Companies in group: 83, to exclude: 16
2025-07-25 15:57:39,922 - Review.reviews.fri4p_review - INFO - Processing sector: 1510.0, area: AS, group size: 12
2025-07-25 15:57:39,928 - Review.reviews.fri4p_review - INFO - Companies in group: 12, to exclude: 2
2025-07-25 15:57:39,929 - Review.reviews.fri4p_review - INFO - Processing sector: 1510.0, area: EU, group size: 18
2025-07-25 15:57:39,931 - Review.reviews.fri4p_review - INFO - Companies in group: 18, to exclude: 3
2025-07-25 15:57:39,933 - Review.reviews.fri4p_review - INFO - Processing sector: 1510.0, area: NA, group size: 10
2025-07-25 15:57:39,937 - Review.reviews.fri4p_review - INFO - Companies in group: 10, to exclude: 1
2025-07-25 15:57:39,939 - Review.reviews.fri4p_review - INFO - Processing sector: 2010.0, area: AS, group size: 29
2025-07-25 15:57:39,942 - Review.reviews.fri4p_review - INFO - Companies in group: 29, to exclude: 5
2025-07-25 15:57:39,948 - Review.reviews.fri4p_review - INFO - Processing sector: 2010.0, area: EU, group size: 46
2025-07-25 15:57:39,954 - Review.reviews.fri4p_review - INFO - Companies in group: 46, to exclude: 9
2025-07-25 15:57:39,961 - Review.reviews.fri4p_review - INFO - Processing sector: 2010.0, area: NA, group size: 44
2025-07-25 15:57:39,966 - Review.reviews.fri4p_review - INFO - Companies in group: 44, to exclude: 8
2025-07-25 15:57:39,970 - Review.reviews.fri4p_review - INFO - Processing sector: 3010.0, area: AS, group size: 29
2025-07-25 15:57:39,975 - Review.reviews.fri4p_review - INFO - Companies in group: 29, to exclude: 5
2025-07-25 15:57:39,976 - Review.reviews.fri4p_review - INFO - Processing sector: 3010.0, area: EU, group size: 46
2025-07-25 15:57:39,979 - Review.reviews.fri4p_review - INFO - Companies in group: 46, to exclude: 9
2025-07-25 15:57:39,979 - Review.reviews.fri4p_review - INFO - Processing sector: 3010.0, area: NA, group size: 20
2025-07-25 15:57:39,985 - Review.reviews.fri4p_review - INFO - Companies in group: 20, to exclude: 3
2025-07-25 15:57:39,988 - Review.reviews.fri4p_review - INFO - Processing sector: 3020.0, area: AS, group size: 15
2025-07-25 15:57:39,994 - Review.reviews.fri4p_review - INFO - Companies in group: 15, to exclude: 2
2025-07-25 15:57:39,999 - Review.reviews.fri4p_review - INFO - Processing sector: 3020.0, area: EU, group size: 35
2025-07-25 15:57:40,005 - Review.reviews.fri4p_review - INFO - Companies in group: 35, to exclude: 6
2025-07-25 15:57:40,006 - Review.reviews.fri4p_review - INFO - Processing sector: 3020.0, area: NA, group size: 32
2025-07-25 15:57:40,006 - Review.reviews.fri4p_review - INFO - Companies in group: 32, to exclude: 6
2025-07-25 15:57:40,015 - Review.reviews.fri4p_review - INFO - Processing sector: 3030.0, area: AS, group size: 15
2025-07-25 15:57:40,018 - Review.reviews.fri4p_review - INFO - Companies in group: 15, to exclude: 2
2025-07-25 15:57:40,024 - Review.reviews.fri4p_review - INFO - Processing sector: 3030.0, area: EU, group size: 31
2025-07-25 15:57:40,032 - Review.reviews.fri4p_review - INFO - Companies in group: 31, to exclude: 6
2025-07-25 15:57:40,038 - Review.reviews.fri4p_review - INFO - Processing sector: 3030.0, area: NA, group size: 23
2025-07-25 15:57:40,042 - Review.reviews.fri4p_review - INFO - Companies in group: 23, to exclude: 4
2025-07-25 15:57:40,044 - Review.reviews.fri4p_review - INFO - Processing sector: 3510.0, area: AS, group size: 49
2025-07-25 15:57:40,069 - Review.reviews.fri4p_review - INFO - Companies in group: 49, to exclude: 9
2025-07-25 15:57:40,072 - Review.reviews.fri4p_review - INFO - Processing sector: 3510.0, area: EU, group size: 25
2025-07-25 15:57:40,072 - Review.reviews.fri4p_review - INFO - Companies in group: 25, to exclude: 4
2025-07-25 15:57:40,080 - Review.reviews.fri4p_review - INFO - Processing sector: 3510.0, area: NA, group size: 22
2025-07-25 15:57:40,084 - Review.reviews.fri4p_review - INFO - Companies in group: 22, to exclude: 4
2025-07-25 15:57:40,087 - Review.reviews.fri4p_review - INFO - Processing sector: 4010.0, area: AS, group size: 16
2025-07-25 15:57:40,091 - Review.reviews.fri4p_review - INFO - Companies in group: 16, to exclude: 3
2025-07-25 15:57:40,091 - Review.reviews.fri4p_review - INFO - Processing sector: 4010.0, area: EU, group size: 13
2025-07-25 15:57:40,097 - Review.reviews.fri4p_review - INFO - Companies in group: 13, to exclude: 2
2025-07-25 15:57:40,099 - Review.reviews.fri4p_review - INFO - Processing sector: 4010.0, area: NA, group size: 4
2025-07-25 15:57:40,101 - Review.reviews.fri4p_review - INFO - Companies in group: 4, to exclude: 0
2025-07-25 15:57:40,106 - Review.reviews.fri4p_review - WARNING - No companies to exclude for sector 4010.0 and area NA
2025-07-25 15:57:40,106 - Review.reviews.fri4p_review - INFO - Processing sector: 4020.0, area: AS, group size: 26
2025-07-25 15:57:40,116 - Review.reviews.fri4p_review - INFO - Companies in group: 26, to exclude: 5
2025-07-25 15:57:40,118 - Review.reviews.fri4p_review - INFO - Processing sector: 4020.0, area: EU, group size: 23
2025-07-25 15:57:40,119 - Review.reviews.fri4p_review - INFO - Companies in group: 23, to exclude: 4
2025-07-25 15:57:40,123 - Review.reviews.fri4p_review - INFO - Processing sector: 4020.0, area: NA, group size: 17
2025-07-25 15:57:40,125 - Review.reviews.fri4p_review - INFO - Companies in group: 17, to exclude: 3
2025-07-25 15:57:40,127 - Review.reviews.fri4p_review - INFO - Processing sector: 4030.0, area: AS, group size: 7
2025-07-25 15:57:40,127 - Review.reviews.fri4p_review - INFO - Companies in group: 7, to exclude: 1
2025-07-25 15:57:40,127 - Review.reviews.fri4p_review - INFO - Processing sector: 4030.0, area: EU, group size: 10
2025-07-25 15:57:40,133 - Review.reviews.fri4p_review - INFO - Companies in group: 10, to exclude: 1
2025-07-25 15:57:40,134 - Review.reviews.fri4p_review - INFO - Processing sector: 4030.0, area: NA, group size: 6
2025-07-25 15:57:40,141 - Review.reviews.fri4p_review - INFO - Companies in group: 6, to exclude: 1
2025-07-25 15:57:40,142 - Review.reviews.fri4p_review - INFO - Processing sector: 4040.0, area: AS, group size: 13
2025-07-25 15:57:40,143 - Review.reviews.fri4p_review - INFO - Companies in group: 13, to exclude: 2
2025-07-25 15:57:40,148 - Review.reviews.fri4p_review - INFO - Processing sector: 4040.0, area: EU, group size: 10
2025-07-25 15:57:40,153 - Review.reviews.fri4p_review - INFO - Companies in group: 10, to exclude: 1
2025-07-25 15:57:40,154 - Review.reviews.fri4p_review - INFO - Processing sector: 4040.0, area: NA, group size: 19
2025-07-25 15:57:40,156 - Review.reviews.fri4p_review - INFO - Companies in group: 19, to exclude: 3
2025-07-25 15:57:40,159 - Review.reviews.fri4p_review - INFO - Processing sector: 4050.0, area: AS, group size: 20
2025-07-25 15:57:40,166 - Review.reviews.fri4p_review - INFO - Companies in group: 20, to exclude: 3
2025-07-25 15:57:40,166 - Review.reviews.fri4p_review - INFO - Processing sector: 4050.0, area: EU, group size: 14
2025-07-25 15:57:40,168 - Review.reviews.fri4p_review - INFO - Companies in group: 14, to exclude: 2
2025-07-25 15:57:40,178 - Review.reviews.fri4p_review - INFO - Processing sector: 4050.0, area: NA, group size: 18
2025-07-25 15:57:40,183 - Review.reviews.fri4p_review - INFO - Companies in group: 18, to exclude: 3
2025-07-25 15:57:40,232 - Review.reviews.fri4p_review - INFO - Processing sector: 4510.0, area: AS, group size: 25
2025-07-25 15:57:40,232 - Review.reviews.fri4p_review - INFO - Companies in group: 25, to exclude: 4
2025-07-25 15:57:40,241 - Review.reviews.fri4p_review - INFO - Processing sector: 4510.0, area: EU, group size: 26
2025-07-25 15:57:40,243 - Review.reviews.fri4p_review - INFO - Companies in group: 26, to exclude: 5
2025-07-25 15:57:40,249 - Review.reviews.fri4p_review - INFO - Processing sector: 4510.0, area: NA, group size: 17
2025-07-25 15:57:40,291 - Review.reviews.fri4p_review - INFO - Companies in group: 17, to exclude: 3
2025-07-25 15:57:40,303 - Review.reviews.fri4p_review - INFO - Processing sector: 4520.0, area: AS, group size: 17
2025-07-25 15:57:40,322 - Review.reviews.fri4p_review - INFO - Companies in group: 17, to exclude: 3
2025-07-25 15:57:40,353 - Review.reviews.fri4p_review - INFO - Processing sector: 4520.0, area: EU, group size: 12
2025-07-25 15:57:40,355 - Review.reviews.fri4p_review - INFO - Companies in group: 12, to exclude: 2
2025-07-25 15:57:40,367 - Review.reviews.fri4p_review - INFO - Processing sector: 4520.0, area: NA, group size: 14
2025-07-25 15:57:40,368 - Review.reviews.fri4p_review - INFO - Companies in group: 14, to exclude: 2
2025-07-25 15:57:40,376 - Review.reviews.fri4p_review - INFO - Processing sector: 5010.0, area: AS, group size: 17
2025-07-25 15:57:40,385 - Review.reviews.fri4p_review - INFO - Companies in group: 17, to exclude: 3
2025-07-25 15:57:40,387 - Review.reviews.fri4p_review - INFO - Processing sector: 5010.0, area: EU, group size: 27
2025-07-25 15:57:40,391 - Review.reviews.fri4p_review - INFO - Companies in group: 27, to exclude: 5
2025-07-25 15:57:40,393 - Review.reviews.fri4p_review - INFO - Processing sector: 5010.0, area: NA, group size: 11
2025-07-25 15:57:40,402 - Review.reviews.fri4p_review - INFO - Companies in group: 11, to exclude: 2
2025-07-25 15:57:40,406 - Review.reviews.fri4p_review - INFO - Processing sector: 5020.0, area: AS, group size: 93
2025-07-25 15:57:40,418 - Review.reviews.fri4p_review - INFO - Companies in group: 93, to exclude: 18
2025-07-25 15:57:40,422 - Review.reviews.fri4p_review - INFO - Processing sector: 5020.0, area: EU, group size: 97
2025-07-25 15:57:40,426 - Review.reviews.fri4p_review - INFO - Companies in group: 97, to exclude: 19
2025-07-25 15:57:40,426 - Review.reviews.fri4p_review - INFO - Processing sector: 5020.0, area: NA, group size: 76
2025-07-25 15:57:40,435 - Review.reviews.fri4p_review - INFO - Companies in group: 76, to exclude: 15
2025-07-25 15:57:40,436 - Review.reviews.fri4p_review - INFO - Processing sector: 5510.0, area: AS, group size: 23
2025-07-25 15:57:40,441 - Review.reviews.fri4p_review - INFO - Companies in group: 23, to exclude: 4
2025-07-25 15:57:40,443 - Review.reviews.fri4p_review - INFO - Processing sector: 5510.0, area: EU, group size: 15
2025-07-25 15:57:40,443 - Review.reviews.fri4p_review - INFO - Companies in group: 15, to exclude: 2
2025-07-25 15:57:40,449 - Review.reviews.fri4p_review - INFO - Processing sector: 5510.0, area: NA, group size: 13
2025-07-25 15:57:40,452 - Review.reviews.fri4p_review - INFO - Companies in group: 13, to exclude: 2
2025-07-25 15:57:40,455 - Review.reviews.fri4p_review - INFO - Processing sector: 5520.0, area: AS, group size: 17
2025-07-25 15:57:40,459 - Review.reviews.fri4p_review - INFO - Companies in group: 17, to exclude: 3
2025-07-25 15:57:40,460 - Review.reviews.fri4p_review - INFO - Processing sector: 5520.0, area: EU, group size: 18
2025-07-25 15:57:40,466 - Review.reviews.fri4p_review - INFO - Companies in group: 18, to exclude: 3
2025-07-25 15:57:40,467 - Review.reviews.fri4p_review - INFO - Processing sector: 5520.0, area: NA, group size: 5
2025-07-25 15:57:40,468 - Review.reviews.fri4p_review - INFO - Companies in group: 5, to exclude: 0
2025-07-25 15:57:40,473 - Review.reviews.fri4p_review - WARNING - No companies to exclude for sector 5520.0 and area NA
2025-07-25 15:57:40,476 - Review.reviews.fri4p_review - INFO - Processing sector: 6010.0, area: AS, group size: 10
2025-07-25 15:57:40,481 - Review.reviews.fri4p_review - INFO - Companies in group: 10, to exclude: 1
2025-07-25 15:57:40,483 - Review.reviews.fri4p_review - INFO - Processing sector: 6010.0, area: EU, group size: 22
2025-07-25 15:57:40,488 - Review.reviews.fri4p_review - INFO - Companies in group: 22, to exclude: 4
2025-07-25 15:57:40,492 - Review.reviews.fri4p_review - INFO - Processing sector: 6010.0, area: NA, group size: 35
2025-07-25 15:57:40,493 - Review.reviews.fri4p_review - INFO - Companies in group: 35, to exclude: 6
2025-07-25 15:57:40,493 - Review.reviews.fri4p_review - INFO - Processing sector: 6510.0, area: AS, group size: 22
2025-07-25 15:57:40,497 - Review.reviews.fri4p_review - INFO - Companies in group: 22, to exclude: 4
2025-07-25 15:57:40,499 - Review.reviews.fri4p_review - INFO - Processing sector: 6510.0, area: EU, group size: 26
2025-07-25 15:57:40,502 - Review.reviews.fri4p_review - INFO - Companies in group: 26, to exclude: 5
2025-07-25 15:57:40,510 - Review.reviews.fri4p_review - INFO - Processing sector: 6510.0, area: NA, group size: 31
2025-07-25 15:57:40,513 - Review.reviews.fri4p_review - INFO - Companies in group: 31, to exclude: 6
2025-07-25 15:57:47,882 - Review.reviews.gicp_review - INFO - Processing market data...
2025-07-25 15:57:47,997 - Review.reviews.gicp_review - INFO - Selected 15 companies from Group 1 (EZ300)
2025-07-25 15:57:47,997 - Review.reviews.gicp_review - INFO - Selected 15 companies from Group 2 (NA500)
2025-07-25 15:57:48,013 - Review.reviews.gicp_review - INFO - Total selected: 30 companies
2025-07-25 15:57:48,348 - Review.reviews.gicp_review - INFO - Group 1 (EZ300) weight: 60.0000% (target: 60.00%)
2025-07-25 15:57:48,348 - Review.reviews.gicp_review - INFO - Group 2 (NA500) weight: 40.0000% (target: 40.00%)
2025-07-25 15:57:48,348 - Review.reviews.gicp_review - INFO - 
Final Weight Verification:
2025-07-25 15:57:48,348 - Review.reviews.gicp_review - INFO - Group 1 (EZ300) final weight: 60.0000%
2025-07-25 15:57:48,348 - Review.reviews.gicp_review - INFO - Group 2 (NA500) final weight: 40.0000%
2025-07-25 15:57:48,360 - Review.reviews.gicp_review - INFO - Maximum constituent weight: 9.4913%
2025-07-25 15:57:48,365 - Review.reviews.gicp_review - INFO - Saving GICP output to: C:\Users\CSonneveld\OneDrive - Euronext\Documents\Projects\GUI + Reviews\output\GICP_df_20250725_155748.xlsx
2025-07-25 15:57:49,807 - Review.reviews.lc100_review - INFO - Loading EOD data...
2025-07-25 15:57:53,431 - Review.reviews.lc100_review - INFO - Loading reference data...
2025-07-25 15:58:10,018 - Review.reviews.lc100_review - ERROR - Error during review calculation: Failed to load cdp_climate_df from reference data
2025-07-25 15:58:10,021 - Review.reviews.lc100_review - ERROR - Traceback (most recent call last):
  File "C:\Users\CSonneveld\OneDrive - Euronext\Documents\Projects\GUI + Reviews\Review\reviews\lc100_review.py", line 77, in run_lc100_review
    raise ValueError(f"Failed to load {df_name} from reference data")
ValueError: Failed to load cdp_climate_df from reference data

2025-07-25 15:58:10,054 - Review.reviews.lc1ep_review - INFO - Loading EOD data...
2025-07-25 15:58:13,431 - Review.reviews.lc1ep_review - INFO - Loading reference data...
2025-07-25 15:58:29,954 - Review.reviews.lc1ep_review - ERROR - Error during review calculation: Failed to load cdp_climate_df from reference data
2025-07-25 15:58:29,968 - Review.reviews.lc1ep_review - ERROR - Traceback (most recent call last):
  File "C:\Users\CSonneveld\OneDrive - Euronext\Documents\Projects\GUI + Reviews\Review\reviews\lc1ep_review.py", line 77, in run_lc1ep_review
    raise ValueError(f"Failed to load {df_name} from reference data")
ValueError: Failed to load cdp_climate_df from reference data

2025-07-25 15:58:30,000 - Review.reviews.lc3wp_review - INFO - Loading EOD data...
2025-07-25 15:58:32,322 - Review.reviews.lc3wp_review - INFO - Loading reference data...
2025-07-25 15:58:47,666 - Review.reviews.lc3wp_review - ERROR - Error during review calculation: Failed to load cdp_climate_df from reference data
2025-07-25 15:58:47,666 - Review.reviews.lc3wp_review - ERROR - Traceback (most recent call last):
  File "C:\Users\CSonneveld\OneDrive - Euronext\Documents\Projects\GUI + Reviews\Review\reviews\lc3wp_review.py", line 79, in run_lc3wp_review
    raise ValueError(f"Failed to load {df_name} from reference data")
ValueError: Failed to load cdp_climate_df from reference data

2025-07-25 15:58:47,704 - Review.reviews.sbf80_review - INFO - Loading EOD data...
2025-07-25 15:58:49,114 - Review.reviews.frd4p_review - INFO - Checking IsinCode FRIX00003031 in index_eod_df
2025-07-25 15:58:49,126 - Review.reviews.frd4p_review - INFO - Found 1 matching rows
2025-07-25 15:58:49,152 - Review.reviews.frd4p_review - INFO - Saving FRD4P output to: C:\Users\CSonneveld\OneDrive - Euronext\Documents\Projects\GUI + Reviews\output\FRD4P_df_20250725_155849.xlsx
2025-07-25 15:58:49,698 - Review.reviews.fri4p_review - INFO - Checking IsinCode FRIX00003643 in index_eod_df
2025-07-25 15:58:49,698 - Review.reviews.fri4p_review - INFO - Found 1 matching rows
2025-07-25 15:58:49,714 - Review.reviews.fri4p_review - INFO - Saving FRI4P output to: C:\Users\CSonneveld\OneDrive - Euronext\Documents\Projects\GUI + Reviews\output\FRI4P_df_20250725_155849.xlsx
2025-07-25 15:58:50,069 - Review.reviews.ses5p_review - INFO - Loading EOD data...
2025-07-25 15:58:50,122 - Review.reviews.wifrp_review - INFO - Loading EOD data...
2025-07-25 15:58:50,516 - Review.reviews.sbf80_review - INFO - Loading reference data...
2025-07-25 15:58:51,770 - Review.reviews.wifrp_review - INFO - Loading reference data...
2025-07-25 15:58:51,823 - Review.reviews.ses5p_review - INFO - Loading reference data...
2025-07-25 15:58:53,731 - Review.reviews.sbf80_review - ERROR - Error during review calculation: cannot reindex on an axis with duplicate labels
2025-07-25 15:58:53,848 - Review.reviews.sbf80_review - ERROR - Traceback (most recent call last):
  File "C:\Users\CSonneveld\OneDrive - Euronext\Documents\Projects\GUI + Reviews\Review\reviews\sbf80_review.py", line 164, in run_sbf80_review
    selection_df['Number of Shares'] *
  File "C:\Users\CSonneveld\AppData\Roaming\Python\Python312\site-packages\pandas\core\ops\common.py", line 76, in new_method
    return method(self, other)
           ^^^^^^^^^^^^^^^^^^^
  File "C:\Users\CSonneveld\AppData\Roaming\Python\Python312\site-packages\pandas\core\arraylike.py", line 206, in __rmul__
    return self._arith_method(other, roperator.rmul)
           ^^^^^^^^^^^^^^^^^^^^^^^^^^^^^^^^^^^^^^^^^
  File "C:\Users\CSonneveld\AppData\Roaming\Python\Python312\site-packages\pandas\core\frame.py", line 7910, in _arith_method
    self, other = self._align_for_op(other, axis, flex=True, level=None)
                  ^^^^^^^^^^^^^^^^^^^^^^^^^^^^^^^^^^^^^^^^^^^^^^^^^^^^^^
  File "C:\Users\CSonneveld\AppData\Roaming\Python\Python312\site-packages\pandas\core\frame.py", line 8211, in _align_for_op
    left, right = left.align(
                  ^^^^^^^^^^^
  File "C:\Users\CSonneveld\AppData\Roaming\Python\Python312\site-packages\pandas\core\generic.py", line 10447, in align
    left, _right, join_index = self._align_series(
                               ^^^^^^^^^^^^^^^^^^^
  File "C:\Users\CSonneveld\AppData\Roaming\Python\Python312\site-packages\pandas\core\generic.py", line 10590, in _align_series
    fdata = fdata.reindex_indexer(join_index, lidx, axis=bm_axis)
            ^^^^^^^^^^^^^^^^^^^^^^^^^^^^^^^^^^^^^^^^^^^^^^^^^^^^^
  File "C:\Users\CSonneveld\AppData\Roaming\Python\Python312\site-packages\pandas\core\internals\managers.py", line 674, in reindex_indexer
    self.axes[axis]._validate_can_reindex(indexer)
  File "C:\Users\CSonneveld\AppData\Roaming\Python\Python312\site-packages\pandas\core\indexes\base.py", line 4321, in _validate_can_reindex
    raise ValueError("cannot reindex on an axis with duplicate labels")
ValueError: cannot reindex on an axis with duplicate labels

2025-07-25 15:59:08,448 - Review.reviews.ses5p_review - INFO - Saving SES5P output to: C:\Users\CSonneveld\OneDrive - Euronext\Documents\Projects\GUI + Reviews\output\SES5P_df_20250725_155908.xlsx
2025-07-25 15:59:09,613 - Review.reviews.wifrp_review - WARNING - Removed 2 duplicate rows from Oekom data
2025-07-25 15:59:09,615 - Review.reviews.wifrp_review - INFO - Adding Index_Currency to stock_eod_df by looking up Index in index_eod_df...
2025-07-25 15:59:09,615 - Review.reviews.wifrp_review - INFO - Added Index_Currency to stock_eod_df. Found 54740 matches.
2025-07-25 15:59:09,621 - Review.reviews.wifrp_review - INFO - Added Index_Currency to stock_co_df. Found 54572 matches.
2025-07-25 15:59:09,621 - Review.reviews.wifrp_review - INFO - Filtering universe to exclude Euronext Paris (XPAR) listings...
2025-07-25 15:59:09,625 - Review.reviews.wifrp_review - INFO - Adding Free Float data...
2025-07-25 15:59:09,629 - Review.reviews.wifrp_review - INFO - Applying exclusion criteria...
2025-07-25 15:59:09,667 - Review.reviews.wifrp_review - WARNING - Removed 9430 duplicate rows from ICB data
2025-07-25 15:59:09,667 - Review.reviews.wifrp_review - INFO - Merging ICB data with 'Supersector Code' column
2025-07-25 15:59:09,688 - Review.reviews.wifrp_review - INFO - Processing sector: 1010.0, region: AS, group size: 45
2025-07-25 15:59:09,688 - Review.reviews.wifrp_review - INFO - Companies in group: 45, to exclude: 8
2025-07-25 15:59:09,688 - Review.reviews.wifrp_review - INFO - Processing sector: 1010.0, region: EU, group size: 22
2025-07-25 15:59:09,694 - Review.reviews.wifrp_review - INFO - Companies in group: 22, to exclude: 4
2025-07-25 15:59:09,694 - Review.reviews.wifrp_review - INFO - Processing sector: 1010.0, region: NA, group size: 83
2025-07-25 15:59:09,694 - Review.reviews.wifrp_review - INFO - Companies in group: 83, to exclude: 16
2025-07-25 15:59:09,694 - Review.reviews.wifrp_review - INFO - Processing sector: 1510.0, region: AS, group size: 12
2025-07-25 15:59:09,695 - Review.reviews.wifrp_review - INFO - Companies in group: 12, to exclude: 2
2025-07-25 15:59:09,695 - Review.reviews.wifrp_review - INFO - Processing sector: 1510.0, region: EU, group size: 17
2025-07-25 15:59:09,695 - Review.reviews.wifrp_review - INFO - Companies in group: 17, to exclude: 3
2025-07-25 15:59:09,695 - Review.reviews.wifrp_review - INFO - Processing sector: 1510.0, region: NA, group size: 10
2025-07-25 15:59:09,695 - Review.reviews.wifrp_review - INFO - Companies in group: 10, to exclude: 1
2025-07-25 15:59:09,696 - Review.reviews.wifrp_review - INFO - Processing sector: 2010.0, region: AS, group size: 29
2025-07-25 15:59:09,696 - Review.reviews.wifrp_review - INFO - Companies in group: 29, to exclude: 5
2025-07-25 15:59:09,696 - Review.reviews.wifrp_review - INFO - Processing sector: 2010.0, region: EU, group size: 40
2025-07-25 15:59:09,696 - Review.reviews.wifrp_review - INFO - Companies in group: 40, to exclude: 7
2025-07-25 15:59:09,696 - Review.reviews.wifrp_review - INFO - Processing sector: 2010.0, region: NA, group size: 44
2025-07-25 15:59:09,697 - Review.reviews.wifrp_review - INFO - Companies in group: 44, to exclude: 8
2025-07-25 15:59:09,697 - Review.reviews.wifrp_review - INFO - Processing sector: 3010.0, region: AS, group size: 29
2025-07-25 15:59:09,697 - Review.reviews.wifrp_review - INFO - Companies in group: 29, to exclude: 5
2025-07-25 15:59:09,697 - Review.reviews.wifrp_review - INFO - Processing sector: 3010.0, region: EU, group size: 43
2025-07-25 15:59:09,697 - Review.reviews.wifrp_review - INFO - Companies in group: 43, to exclude: 8
2025-07-25 15:59:09,698 - Review.reviews.wifrp_review - INFO - Processing sector: 3010.0, region: NA, group size: 20
2025-07-25 15:59:09,698 - Review.reviews.wifrp_review - INFO - Companies in group: 20, to exclude: 3
2025-07-25 15:59:09,699 - Review.reviews.wifrp_review - INFO - Processing sector: 3020.0, region: AS, group size: 15
2025-07-25 15:59:09,700 - Review.reviews.wifrp_review - INFO - Companies in group: 15, to exclude: 2
2025-07-25 15:59:09,700 - Review.reviews.wifrp_review - INFO - Processing sector: 3020.0, region: EU, group size: 31
2025-07-25 15:59:09,700 - Review.reviews.wifrp_review - INFO - Companies in group: 31, to exclude: 6
2025-07-25 15:59:09,700 - Review.reviews.wifrp_review - INFO - Processing sector: 3020.0, region: NA, group size: 32
2025-07-25 15:59:09,700 - Review.reviews.wifrp_review - INFO - Companies in group: 32, to exclude: 6
2025-07-25 15:59:09,700 - Review.reviews.wifrp_review - INFO - Processing sector: 3030.0, region: AS, group size: 15
2025-07-25 15:59:09,700 - Review.reviews.wifrp_review - INFO - Companies in group: 15, to exclude: 2
2025-07-25 15:59:09,704 - Review.reviews.wifrp_review - INFO - Processing sector: 3030.0, region: EU, group size: 29
2025-07-25 15:59:09,704 - Review.reviews.wifrp_review - INFO - Companies in group: 29, to exclude: 5
2025-07-25 15:59:09,705 - Review.reviews.wifrp_review - INFO - Processing sector: 3030.0, region: NA, group size: 23
2025-07-25 15:59:09,705 - Review.reviews.wifrp_review - INFO - Companies in group: 23, to exclude: 4
2025-07-25 15:59:09,705 - Review.reviews.wifrp_review - INFO - Processing sector: 3510.0, region: AS, group size: 49
2025-07-25 15:59:09,705 - Review.reviews.wifrp_review - INFO - Companies in group: 49, to exclude: 9
2025-07-25 15:59:09,705 - Review.reviews.wifrp_review - INFO - Processing sector: 3510.0, region: EU, group size: 21
2025-07-25 15:59:09,706 - Review.reviews.wifrp_review - INFO - Companies in group: 21, to exclude: 4
2025-07-25 15:59:09,706 - Review.reviews.wifrp_review - INFO - Processing sector: 3510.0, region: NA, group size: 22
2025-07-25 15:59:09,706 - Review.reviews.wifrp_review - INFO - Companies in group: 22, to exclude: 4
2025-07-25 15:59:09,706 - Review.reviews.wifrp_review - INFO - Processing sector: 4010.0, region: AS, group size: 16
2025-07-25 15:59:09,706 - Review.reviews.wifrp_review - INFO - Companies in group: 16, to exclude: 3
2025-07-25 15:59:09,707 - Review.reviews.wifrp_review - INFO - Processing sector: 4010.0, region: EU, group size: 11
2025-07-25 15:59:09,707 - Review.reviews.wifrp_review - INFO - Companies in group: 11, to exclude: 2
2025-07-25 15:59:09,707 - Review.reviews.wifrp_review - INFO - Processing sector: 4010.0, region: NA, group size: 4
2025-07-25 15:59:09,707 - Review.reviews.wifrp_review - INFO - Companies in group: 4, to exclude: 0
2025-07-25 15:59:09,707 - Review.reviews.wifrp_review - WARNING - No companies to exclude for sector 4010.0 and region NA
2025-07-25 15:59:09,707 - Review.reviews.wifrp_review - INFO - Processing sector: 4020.0, region: AS, group size: 26
2025-07-25 15:59:09,708 - Review.reviews.wifrp_review - INFO - Companies in group: 26, to exclude: 5
2025-07-25 15:59:09,708 - Review.reviews.wifrp_review - INFO - Processing sector: 4020.0, region: EU, group size: 17
2025-07-25 15:59:09,708 - Review.reviews.wifrp_review - INFO - Companies in group: 17, to exclude: 3
2025-07-25 15:59:09,708 - Review.reviews.wifrp_review - INFO - Processing sector: 4020.0, region: NA, group size: 17
2025-07-25 15:59:09,708 - Review.reviews.wifrp_review - INFO - Companies in group: 17, to exclude: 3
2025-07-25 15:59:09,708 - Review.reviews.wifrp_review - INFO - Processing sector: 4030.0, region: AS, group size: 7
2025-07-25 15:59:09,709 - Review.reviews.wifrp_review - INFO - Companies in group: 7, to exclude: 1
2025-07-25 15:59:09,709 - Review.reviews.wifrp_review - INFO - Processing sector: 4030.0, region: EU, group size: 7
2025-07-25 15:59:09,709 - Review.reviews.wifrp_review - INFO - Companies in group: 7, to exclude: 1
2025-07-25 15:59:09,709 - Review.reviews.wifrp_review - INFO - Processing sector: 4030.0, region: NA, group size: 6
2025-07-25 15:59:09,709 - Review.reviews.wifrp_review - INFO - Companies in group: 6, to exclude: 1
2025-07-25 15:59:09,709 - Review.reviews.wifrp_review - INFO - Processing sector: 4040.0, region: AS, group size: 13
2025-07-25 15:59:09,710 - Review.reviews.wifrp_review - INFO - Companies in group: 13, to exclude: 2
2025-07-25 15:59:09,710 - Review.reviews.wifrp_review - INFO - Processing sector: 4040.0, region: EU, group size: 9
2025-07-25 15:59:09,710 - Review.reviews.wifrp_review - INFO - Companies in group: 9, to exclude: 1
2025-07-25 15:59:09,710 - Review.reviews.wifrp_review - INFO - Processing sector: 4040.0, region: NA, group size: 19
2025-07-25 15:59:09,710 - Review.reviews.wifrp_review - INFO - Companies in group: 19, to exclude: 3
2025-07-25 15:59:09,710 - Review.reviews.wifrp_review - INFO - Processing sector: 4050.0, region: AS, group size: 20
2025-07-25 15:59:09,710 - Review.reviews.wifrp_review - INFO - Companies in group: 20, to exclude: 3
2025-07-25 15:59:09,710 - Review.reviews.wifrp_review - INFO - Processing sector: 4050.0, region: EU, group size: 11
2025-07-25 15:59:09,710 - Review.reviews.wifrp_review - INFO - Companies in group: 11, to exclude: 2
2025-07-25 15:59:09,710 - Review.reviews.wifrp_review - INFO - Processing sector: 4050.0, region: NA, group size: 18
2025-07-25 15:59:09,710 - Review.reviews.wifrp_review - INFO - Companies in group: 18, to exclude: 3
2025-07-25 15:59:09,710 - Review.reviews.wifrp_review - INFO - Processing sector: 4510.0, region: AS, group size: 25
2025-07-25 15:59:09,710 - Review.reviews.wifrp_review - INFO - Companies in group: 25, to exclude: 4
2025-07-25 15:59:09,710 - Review.reviews.wifrp_review - INFO - Processing sector: 4510.0, region: EU, group size: 24
2025-07-25 15:59:09,710 - Review.reviews.wifrp_review - INFO - Companies in group: 24, to exclude: 4
2025-07-25 15:59:09,710 - Review.reviews.wifrp_review - INFO - Processing sector: 4510.0, region: NA, group size: 17
2025-07-25 15:59:09,710 - Review.reviews.wifrp_review - INFO - Companies in group: 17, to exclude: 3
2025-07-25 15:59:09,710 - Review.reviews.wifrp_review - INFO - Processing sector: 4520.0, region: AS, group size: 17
2025-07-25 15:59:09,710 - Review.reviews.wifrp_review - INFO - Companies in group: 17, to exclude: 3
2025-07-25 15:59:09,710 - Review.reviews.wifrp_review - INFO - Processing sector: 4520.0, region: EU, group size: 11
2025-07-25 15:59:09,714 - Review.reviews.wifrp_review - INFO - Companies in group: 11, to exclude: 2
2025-07-25 15:59:09,714 - Review.reviews.wifrp_review - INFO - Processing sector: 4520.0, region: NA, group size: 14
2025-07-25 15:59:09,714 - Review.reviews.wifrp_review - INFO - Companies in group: 14, to exclude: 2
2025-07-25 15:59:09,714 - Review.reviews.wifrp_review - INFO - Processing sector: 5010.0, region: AS, group size: 17
2025-07-25 15:59:09,714 - Review.reviews.wifrp_review - INFO - Companies in group: 17, to exclude: 3
2025-07-25 15:59:09,715 - Review.reviews.wifrp_review - INFO - Processing sector: 5010.0, region: EU, group size: 22
2025-07-25 15:59:09,715 - Review.reviews.wifrp_review - INFO - Companies in group: 22, to exclude: 4
2025-07-25 15:59:09,716 - Review.reviews.wifrp_review - INFO - Processing sector: 5010.0, region: NA, group size: 11
2025-07-25 15:59:09,716 - Review.reviews.wifrp_review - INFO - Companies in group: 11, to exclude: 2
2025-07-25 15:59:09,716 - Review.reviews.wifrp_review - INFO - Processing sector: 5020.0, region: AS, group size: 93
2025-07-25 15:59:09,716 - Review.reviews.wifrp_review - INFO - Companies in group: 93, to exclude: 18
2025-07-25 15:59:09,716 - Review.reviews.wifrp_review - INFO - Processing sector: 5020.0, region: EU, group size: 82
2025-07-25 15:59:09,717 - Review.reviews.wifrp_review - INFO - Companies in group: 82, to exclude: 16
2025-07-25 15:59:09,717 - Review.reviews.wifrp_review - INFO - Processing sector: 5020.0, region: NA, group size: 76
2025-07-25 15:59:09,717 - Review.reviews.wifrp_review - INFO - Companies in group: 76, to exclude: 15
2025-07-25 15:59:09,718 - Review.reviews.wifrp_review - INFO - Processing sector: 5510.0, region: AS, group size: 23
2025-07-25 15:59:09,718 - Review.reviews.wifrp_review - INFO - Companies in group: 23, to exclude: 4
2025-07-25 15:59:09,718 - Review.reviews.wifrp_review - INFO - Processing sector: 5510.0, region: EU, group size: 15
2025-07-25 15:59:09,719 - Review.reviews.wifrp_review - INFO - Companies in group: 15, to exclude: 2
2025-07-25 15:59:09,719 - Review.reviews.wifrp_review - INFO - Processing sector: 5510.0, region: NA, group size: 13
2025-07-25 15:59:09,720 - Review.reviews.wifrp_review - INFO - Companies in group: 13, to exclude: 2
2025-07-25 15:59:09,720 - Review.reviews.wifrp_review - INFO - Processing sector: 5520.0, region: AS, group size: 17
2025-07-25 15:59:09,720 - Review.reviews.wifrp_review - INFO - Companies in group: 17, to exclude: 3
2025-07-25 15:59:09,720 - Review.reviews.wifrp_review - INFO - Processing sector: 5520.0, region: EU, group size: 16
2025-07-25 15:59:09,721 - Review.reviews.wifrp_review - INFO - Companies in group: 16, to exclude: 3
2025-07-25 15:59:09,721 - Review.reviews.wifrp_review - INFO - Processing sector: 5520.0, region: NA, group size: 5
2025-07-25 15:59:09,721 - Review.reviews.wifrp_review - INFO - Companies in group: 5, to exclude: 0
2025-07-25 15:59:09,721 - Review.reviews.wifrp_review - WARNING - No companies to exclude for sector 5520.0 and region NA
2025-07-25 15:59:09,721 - Review.reviews.wifrp_review - INFO - Processing sector: 6010.0, region: AS, group size: 10
2025-07-25 15:59:09,721 - Review.reviews.wifrp_review - INFO - Companies in group: 10, to exclude: 1
2025-07-25 15:59:09,722 - Review.reviews.wifrp_review - INFO - Processing sector: 6010.0, region: EU, group size: 18
2025-07-25 15:59:09,722 - Review.reviews.wifrp_review - INFO - Companies in group: 18, to exclude: 3
2025-07-25 15:59:09,722 - Review.reviews.wifrp_review - INFO - Processing sector: 6010.0, region: NA, group size: 35
2025-07-25 15:59:09,722 - Review.reviews.wifrp_review - INFO - Companies in group: 35, to exclude: 6
2025-07-25 15:59:09,722 - Review.reviews.wifrp_review - INFO - Processing sector: 6510.0, region: AS, group size: 22
2025-07-25 15:59:09,723 - Review.reviews.wifrp_review - INFO - Companies in group: 22, to exclude: 4
2025-07-25 15:59:09,723 - Review.reviews.wifrp_review - INFO - Processing sector: 6510.0, region: EU, group size: 24
2025-07-25 15:59:09,723 - Review.reviews.wifrp_review - INFO - Companies in group: 24, to exclude: 4
2025-07-25 15:59:09,723 - Review.reviews.wifrp_review - INFO - Processing sector: 6510.0, region: NA, group size: 31
2025-07-25 15:59:09,723 - Review.reviews.wifrp_review - INFO - Companies in group: 31, to exclude: 6
2025-07-25 15:59:09,724 - Review.reviews.wifrp_review - INFO - Calculating FFMC for all companies in universe...
2025-07-25 15:59:09,724 - Review.reviews.wifrp_review - INFO - Using Mcap in EUR to calculate FFMC
2025-07-25 15:59:09,724 - Review.reviews.wifrp_review - INFO - Creating rank based on FFMC...
2025-07-25 15:59:09,725 - Review.reviews.wifrp_review - INFO - Found 20 valid exclusion columns: ['exclusion_1', 'exclusion_2', 'exclusion_3', 'exclusion_4', 'exclusion_5', 'exclusion_6', 'exclusion_7', 'exclusion_8', 'exclusion_9', 'exclusion_10', 'exclusion_11', 'exclusion_12', 'exclusion_13', 'exclusion_14', 'exclusion_15', 'exclusion_16', 'exclusion_17', 'exclusion_18', 'exclusion_19', 'exclusion_20']
2025-07-25 15:59:09,738 - Review.reviews.wifrp_review - INFO - Selecting eligible companies...
2025-07-25 15:59:09,741 - Review.reviews.wifrp_review - INFO - Selecting top 40 companies by FFMC...
2025-07-25 15:59:09,742 - Review.reviews.wifrp_review - INFO - Adding Symbol column to final_selection...
2025-07-25 15:59:10,532 - Review.reviews.wifrp_review - INFO - Added Symbol to 40 companies out of 40
2025-07-25 15:59:10,532 - Review.reviews.wifrp_review - INFO - Calculating weights and capping factors using the most recent pricing data...
2025-07-25 15:59:10,548 - Review.reviews.wifrp_review - INFO - Found 1167 records with Index_Currency='EUR' for selected Symbols
2025-07-25 15:59:10,556 - Review.reviews.wifrp_review - INFO - Calculating post-capping weights...
2025-07-25 15:59:10,556 - Review.reviews.wifrp_review - INFO - Creating final output dataframe...
2025-07-25 15:59:10,566 - Review.reviews.wifrp_review - INFO - Saving WIFRP output to: C:\Users\CSonneveld\OneDrive - Euronext\Documents\Projects\GUI + Reviews\output\WIFRP_df_20250725_155910.xlsx
