2025-03-18 14:00:13,663 - werkzeug - WARNING -  * Debugger is active!
2025-03-18 14:00:13,663 - werkzeug - INFO -  * Debugger PIN: 691-175-853
2025-03-18 14:00:13,703 - Review.reviews.frd4p_review - INFO - Loading EOD data...
2025-03-18 14:00:16,552 - Review.reviews.frd4p_review - INFO - Loading reference data...
2025-03-18 14:00:24,607 - Review.reviews.frd4p_review - ERROR - Error during review calculation: 'FossilFuelProdMaxRev'
2025-03-18 14:00:24,607 - Review.reviews.frd4p_review - ERROR - Traceback (most recent call last):
  File "C:\Users\CSonneveld\AppData\Roaming\Python\Python312\site-packages\pandas\core\indexes\base.py", line 3805, in get_loc
    return self._engine.get_loc(casted_key)
           ^^^^^^^^^^^^^^^^^^^^^^^^^^^^^^^^
  File "index.pyx", line 167, in pandas._libs.index.IndexEngine.get_loc
  File "index.pyx", line 196, in pandas._libs.index.IndexEngine.get_loc
  File "pandas\\_libs\\hashtable_class_helper.pxi", line 7081, in pandas._libs.hashtable.PyObjectHashTable.get_item
  File "pandas\\_libs\\hashtable_class_helper.pxi", line 7089, in pandas._libs.hashtable.PyObjectHashTable.get_item
KeyError: 'FossilFuelProdMaxRev'

The above exception was the direct cause of the following exception:

Traceback (most recent call last):
  File "C:\Users\CSonneveld\OneDrive - Euronext\Documents\Projects\GUI + Reviews\Review\reviews\frd4p_review.py", line 184, in run_frd4p_review
    criterion['condition'](Oekom_TrustCarbon_df)
  File "C:\Users\CSonneveld\OneDrive - Euronext\Documents\Projects\GUI + Reviews\Review\reviews\frd4p_review.py", line 169, in <lambda>
    'condition': lambda df: (df['FossilFuelProdMaxRev'] + df['FossilFuelDistMaxRev']) >= 0.10,
                             ~~^^^^^^^^^^^^^^^^^^^^^^^^
  File "C:\Users\CSonneveld\AppData\Roaming\Python\Python312\site-packages\pandas\core\frame.py", line 4102, in __getitem__
    indexer = self.columns.get_loc(key)
              ^^^^^^^^^^^^^^^^^^^^^^^^^
  File "C:\Users\CSonneveld\AppData\Roaming\Python\Python312\site-packages\pandas\core\indexes\base.py", line 3812, in get_loc
    raise KeyError(key) from err
KeyError: 'FossilFuelProdMaxRev'

2025-03-18 14:00:24,631 - werkzeug - INFO - 127.0.0.1 - - [18/Mar/2025 14:00:24] "POST /calculate HTTP/1.1" 200 -
2025-03-18 14:00:49,930 - werkzeug - INFO -  * Detected change in 'C:\\Users\\CSonneveld\\OneDrive - Euronext\\Documents\\Projects\\GUI + Reviews\\Review\\reviews\\frd4p_review.py', reloading
2025-03-18 14:00:49,946 - werkzeug - INFO -  * Detected change in 'C:\\Users\\CSonneveld\\OneDrive - Euronext\\Documents\\Projects\\GUI + Reviews\\Review\\reviews\\frd4p_review.py', reloading
2025-03-18 14:00:49,946 - werkzeug - INFO -  * Detected change in 'C:\\Users\\CSonneveld\\OneDrive - Euronext\\Documents\\Projects\\GUI + Reviews\\Review\\reviews\\frd4p_review.py', reloading
