2025-03-20 12:57:02,507 - werkzeug - WARNING -  * Debugger is active!
2025-03-20 12:57:02,509 - werkzeug - INFO -  * Debugger PIN: 691-175-853
2025-03-20 12:57:03,790 - Review.reviews.frd4p_review - INFO - Loading EOD data...
2025-03-20 12:57:04,398 - Review.reviews.frd4p_review - INFO - Loading reference data...
2025-03-20 12:57:12,540 - Review.reviews.frd4p_review - INFO - Processing sector: 1010.0, area: AS, group size: 46
2025-03-20 12:57:12,541 - Review.reviews.frd4p_review - INFO - Companies in group: 46, to exclude: 9
2025-03-20 12:57:12,541 - Review.reviews.frd4p_review - INFO - Processing sector: 1010.0, area: EU, group size: 25
2025-03-20 12:57:12,542 - Review.reviews.frd4p_review - INFO - Companies in group: 25, to exclude: 4
2025-03-20 12:57:12,542 - Review.reviews.frd4p_review - INFO - Processing sector: 1010.0, area: NA, group size: 83
2025-03-20 12:57:12,543 - Review.reviews.frd4p_review - INFO - Companies in group: 83, to exclude: 16
2025-03-20 12:57:12,543 - Review.reviews.frd4p_review - INFO - Processing sector: 1510.0, area: AS, group size: 12
2025-03-20 12:57:12,543 - Review.reviews.frd4p_review - INFO - Companies in group: 12, to exclude: 2
2025-03-20 12:57:12,544 - Review.reviews.frd4p_review - INFO - Processing sector: 1510.0, area: EU, group size: 19
2025-03-20 12:57:12,544 - Review.reviews.frd4p_review - INFO - Companies in group: 19, to exclude: 3
2025-03-20 12:57:12,544 - Review.reviews.frd4p_review - INFO - Processing sector: 1510.0, area: NA, group size: 10
2025-03-20 12:57:12,545 - Review.reviews.frd4p_review - INFO - Companies in group: 10, to exclude: 1
2025-03-20 12:57:12,545 - Review.reviews.frd4p_review - INFO - Processing sector: 2010.0, area: AS, group size: 30
2025-03-20 12:57:12,545 - Review.reviews.frd4p_review - INFO - Companies in group: 30, to exclude: 5
2025-03-20 12:57:12,546 - Review.reviews.frd4p_review - INFO - Processing sector: 2010.0, area: EU, group size: 48
2025-03-20 12:57:12,546 - Review.reviews.frd4p_review - INFO - Companies in group: 48, to exclude: 9
2025-03-20 12:57:12,547 - Review.reviews.frd4p_review - INFO - Processing sector: 2010.0, area: NA, group size: 46
2025-03-20 12:57:12,547 - Review.reviews.frd4p_review - INFO - Companies in group: 46, to exclude: 9
2025-03-20 12:57:12,548 - Review.reviews.frd4p_review - INFO - Processing sector: 3010.0, area: AS, group size: 30
2025-03-20 12:57:12,548 - Review.reviews.frd4p_review - INFO - Companies in group: 30, to exclude: 5
2025-03-20 12:57:12,548 - Review.reviews.frd4p_review - INFO - Processing sector: 3010.0, area: EU, group size: 46
2025-03-20 12:57:12,549 - Review.reviews.frd4p_review - INFO - Companies in group: 46, to exclude: 9
2025-03-20 12:57:12,549 - Review.reviews.frd4p_review - INFO - Processing sector: 3010.0, area: NA, group size: 21
2025-03-20 12:57:12,549 - Review.reviews.frd4p_review - INFO - Companies in group: 21, to exclude: 4
2025-03-20 12:57:12,550 - Review.reviews.frd4p_review - INFO - Processing sector: 3020.0, area: AS, group size: 17
2025-03-20 12:57:12,550 - Review.reviews.frd4p_review - INFO - Companies in group: 17, to exclude: 3
2025-03-20 12:57:12,551 - Review.reviews.frd4p_review - INFO - Processing sector: 3020.0, area: EU, group size: 35
2025-03-20 12:57:12,551 - Review.reviews.frd4p_review - INFO - Companies in group: 35, to exclude: 6
2025-03-20 12:57:12,551 - Review.reviews.frd4p_review - INFO - Processing sector: 3020.0, area: NA, group size: 32
2025-03-20 12:57:12,552 - Review.reviews.frd4p_review - INFO - Companies in group: 32, to exclude: 6
2025-03-20 12:57:12,552 - Review.reviews.frd4p_review - INFO - Processing sector: 3030.0, area: AS, group size: 13
2025-03-20 12:57:12,553 - Review.reviews.frd4p_review - INFO - Companies in group: 13, to exclude: 2
2025-03-20 12:57:12,553 - Review.reviews.frd4p_review - INFO - Processing sector: 3030.0, area: EU, group size: 32
2025-03-20 12:57:12,553 - Review.reviews.frd4p_review - INFO - Companies in group: 32, to exclude: 6
2025-03-20 12:57:12,554 - Review.reviews.frd4p_review - INFO - Processing sector: 3030.0, area: NA, group size: 23
2025-03-20 12:57:12,554 - Review.reviews.frd4p_review - INFO - Companies in group: 23, to exclude: 4
2025-03-20 12:57:12,554 - Review.reviews.frd4p_review - INFO - Processing sector: 3510.0, area: AS, group size: 48
2025-03-20 12:57:12,555 - Review.reviews.frd4p_review - INFO - Companies in group: 48, to exclude: 9
2025-03-20 12:57:12,555 - Review.reviews.frd4p_review - INFO - Processing sector: 3510.0, area: EU, group size: 25
2025-03-20 12:57:12,556 - Review.reviews.frd4p_review - INFO - Companies in group: 25, to exclude: 4
2025-03-20 12:57:12,556 - Review.reviews.frd4p_review - INFO - Processing sector: 3510.0, area: NA, group size: 22
2025-03-20 12:57:12,556 - Review.reviews.frd4p_review - INFO - Companies in group: 22, to exclude: 4
2025-03-20 12:57:12,557 - Review.reviews.frd4p_review - INFO - Processing sector: 4010.0, area: AS, group size: 15
2025-03-20 12:57:12,557 - Review.reviews.frd4p_review - INFO - Companies in group: 15, to exclude: 2
2025-03-20 12:57:12,557 - Review.reviews.frd4p_review - INFO - Processing sector: 4010.0, area: EU, group size: 13
2025-03-20 12:57:12,558 - Review.reviews.frd4p_review - INFO - Companies in group: 13, to exclude: 2
2025-03-20 12:57:12,558 - Review.reviews.frd4p_review - INFO - Processing sector: 4010.0, area: NA, group size: 4
2025-03-20 12:57:12,559 - Review.reviews.frd4p_review - INFO - Companies in group: 4, to exclude: 0
2025-03-20 12:57:12,559 - Review.reviews.frd4p_review - WARNING - No companies to exclude for sector 4010.0 and area NA
2025-03-20 12:57:12,560 - Review.reviews.frd4p_review - INFO - Processing sector: 4020.0, area: AS, group size: 29
2025-03-20 12:57:12,560 - Review.reviews.frd4p_review - INFO - Companies in group: 29, to exclude: 5
2025-03-20 12:57:12,561 - Review.reviews.frd4p_review - INFO - Processing sector: 4020.0, area: EU, group size: 26
2025-03-20 12:57:12,561 - Review.reviews.frd4p_review - INFO - Companies in group: 26, to exclude: 5
2025-03-20 12:57:12,562 - Review.reviews.frd4p_review - INFO - Processing sector: 4020.0, area: NA, group size: 17
2025-03-20 12:57:12,562 - Review.reviews.frd4p_review - INFO - Companies in group: 17, to exclude: 3
2025-03-20 12:57:12,562 - Review.reviews.frd4p_review - INFO - Processing sector: 4030.0, area: AS, group size: 6
2025-03-20 12:57:12,563 - Review.reviews.frd4p_review - INFO - Companies in group: 6, to exclude: 1
2025-03-20 12:57:12,564 - Review.reviews.frd4p_review - INFO - Processing sector: 4030.0, area: EU, group size: 10
2025-03-20 12:57:12,564 - Review.reviews.frd4p_review - INFO - Companies in group: 10, to exclude: 1
2025-03-20 12:57:12,564 - Review.reviews.frd4p_review - INFO - Processing sector: 4030.0, area: NA, group size: 6
2025-03-20 12:57:12,565 - Review.reviews.frd4p_review - INFO - Companies in group: 6, to exclude: 1
2025-03-20 12:57:12,565 - Review.reviews.frd4p_review - INFO - Processing sector: 4040.0, area: AS, group size: 13
2025-03-20 12:57:12,565 - Review.reviews.frd4p_review - INFO - Companies in group: 13, to exclude: 2
2025-03-20 12:57:12,566 - Review.reviews.frd4p_review - INFO - Processing sector: 4040.0, area: EU, group size: 11
2025-03-20 12:57:12,566 - Review.reviews.frd4p_review - INFO - Companies in group: 11, to exclude: 2
2025-03-20 12:57:12,566 - Review.reviews.frd4p_review - INFO - Processing sector: 4040.0, area: NA, group size: 20
2025-03-20 12:57:12,566 - Review.reviews.frd4p_review - INFO - Companies in group: 20, to exclude: 3
2025-03-20 12:57:12,567 - Review.reviews.frd4p_review - INFO - Processing sector: 4050.0, area: AS, group size: 19
2025-03-20 12:57:12,567 - Review.reviews.frd4p_review - INFO - Companies in group: 19, to exclude: 3
2025-03-20 12:57:12,567 - Review.reviews.frd4p_review - INFO - Processing sector: 4050.0, area: EU, group size: 13
2025-03-20 12:57:12,568 - Review.reviews.frd4p_review - INFO - Companies in group: 13, to exclude: 2
2025-03-20 12:57:12,568 - Review.reviews.frd4p_review - INFO - Processing sector: 4050.0, area: NA, group size: 19
2025-03-20 12:57:12,569 - Review.reviews.frd4p_review - INFO - Companies in group: 19, to exclude: 3
2025-03-20 12:57:12,569 - Review.reviews.frd4p_review - INFO - Processing sector: 4510.0, area: AS, group size: 25
2025-03-20 12:57:12,569 - Review.reviews.frd4p_review - INFO - Companies in group: 25, to exclude: 4
2025-03-20 12:57:12,569 - Review.reviews.frd4p_review - INFO - Processing sector: 4510.0, area: EU, group size: 26
2025-03-20 12:57:12,570 - Review.reviews.frd4p_review - INFO - Companies in group: 26, to exclude: 5
2025-03-20 12:57:12,570 - Review.reviews.frd4p_review - INFO - Processing sector: 4510.0, area: NA, group size: 17
2025-03-20 12:57:12,570 - Review.reviews.frd4p_review - INFO - Companies in group: 17, to exclude: 3
2025-03-20 12:57:12,571 - Review.reviews.frd4p_review - INFO - Processing sector: 4520.0, area: AS, group size: 16
2025-03-20 12:57:12,571 - Review.reviews.frd4p_review - INFO - Companies in group: 16, to exclude: 3
2025-03-20 12:57:12,571 - Review.reviews.frd4p_review - INFO - Processing sector: 4520.0, area: EU, group size: 12
2025-03-20 12:57:12,572 - Review.reviews.frd4p_review - INFO - Companies in group: 12, to exclude: 2
2025-03-20 12:57:12,572 - Review.reviews.frd4p_review - INFO - Processing sector: 4520.0, area: NA, group size: 12
2025-03-20 12:57:12,572 - Review.reviews.frd4p_review - INFO - Companies in group: 12, to exclude: 2
2025-03-20 12:57:12,572 - Review.reviews.frd4p_review - INFO - Processing sector: 5010.0, area: AS, group size: 17
2025-03-20 12:57:12,573 - Review.reviews.frd4p_review - INFO - Companies in group: 17, to exclude: 3
2025-03-20 12:57:12,573 - Review.reviews.frd4p_review - INFO - Processing sector: 5010.0, area: EU, group size: 27
2025-03-20 12:57:12,573 - Review.reviews.frd4p_review - INFO - Companies in group: 27, to exclude: 5
2025-03-20 12:57:12,573 - Review.reviews.frd4p_review - INFO - Processing sector: 5010.0, area: NA, group size: 10
2025-03-20 12:57:12,574 - Review.reviews.frd4p_review - INFO - Companies in group: 10, to exclude: 1
2025-03-20 12:57:12,574 - Review.reviews.frd4p_review - INFO - Processing sector: 5020.0, area: AS, group size: 95
2025-03-20 12:57:12,574 - Review.reviews.frd4p_review - INFO - Companies in group: 95, to exclude: 18
2025-03-20 12:57:12,575 - Review.reviews.frd4p_review - INFO - Processing sector: 5020.0, area: EU, group size: 97
2025-03-20 12:57:12,575 - Review.reviews.frd4p_review - INFO - Companies in group: 97, to exclude: 19
2025-03-20 12:57:12,576 - Review.reviews.frd4p_review - INFO - Processing sector: 5020.0, area: NA, group size: 75
2025-03-20 12:57:12,577 - Review.reviews.frd4p_review - INFO - Companies in group: 75, to exclude: 14
2025-03-20 12:57:12,577 - Review.reviews.frd4p_review - INFO - Processing sector: 5510.0, area: AS, group size: 20
2025-03-20 12:57:12,577 - Review.reviews.frd4p_review - INFO - Companies in group: 20, to exclude: 3
2025-03-20 12:57:12,578 - Review.reviews.frd4p_review - INFO - Processing sector: 5510.0, area: EU, group size: 16
2025-03-20 12:57:12,578 - Review.reviews.frd4p_review - INFO - Companies in group: 16, to exclude: 3
2025-03-20 12:57:12,578 - Review.reviews.frd4p_review - INFO - Processing sector: 5510.0, area: NA, group size: 12
2025-03-20 12:57:12,579 - Review.reviews.frd4p_review - INFO - Companies in group: 12, to exclude: 2
2025-03-20 12:57:12,579 - Review.reviews.frd4p_review - INFO - Processing sector: 5520.0, area: AS, group size: 17
2025-03-20 12:57:12,579 - Review.reviews.frd4p_review - INFO - Companies in group: 17, to exclude: 3
2025-03-20 12:57:12,579 - Review.reviews.frd4p_review - INFO - Processing sector: 5520.0, area: EU, group size: 19
2025-03-20 12:57:12,580 - Review.reviews.frd4p_review - INFO - Companies in group: 19, to exclude: 3
2025-03-20 12:57:12,580 - Review.reviews.frd4p_review - INFO - Processing sector: 5520.0, area: NA, group size: 6
2025-03-20 12:57:12,580 - Review.reviews.frd4p_review - INFO - Companies in group: 6, to exclude: 1
2025-03-20 12:57:12,581 - Review.reviews.frd4p_review - INFO - Processing sector: 6010.0, area: AS, group size: 10
2025-03-20 12:57:12,581 - Review.reviews.frd4p_review - INFO - Companies in group: 10, to exclude: 1
2025-03-20 12:57:12,581 - Review.reviews.frd4p_review - INFO - Processing sector: 6010.0, area: EU, group size: 21
2025-03-20 12:57:12,582 - Review.reviews.frd4p_review - INFO - Companies in group: 21, to exclude: 4
2025-03-20 12:57:12,582 - Review.reviews.frd4p_review - INFO - Processing sector: 6010.0, area: NA, group size: 34
2025-03-20 12:57:12,582 - Review.reviews.frd4p_review - INFO - Companies in group: 34, to exclude: 6
2025-03-20 12:57:12,582 - Review.reviews.frd4p_review - INFO - Processing sector: 6510.0, area: AS, group size: 22
2025-03-20 12:57:12,583 - Review.reviews.frd4p_review - INFO - Companies in group: 22, to exclude: 4
2025-03-20 12:57:12,583 - Review.reviews.frd4p_review - INFO - Processing sector: 6510.0, area: EU, group size: 25
2025-03-20 12:57:12,583 - Review.reviews.frd4p_review - INFO - Companies in group: 25, to exclude: 4
2025-03-20 12:57:12,583 - Review.reviews.frd4p_review - INFO - Processing sector: 6510.0, area: NA, group size: 31
2025-03-20 12:57:12,584 - Review.reviews.frd4p_review - INFO - Companies in group: 31, to exclude: 6
2025-03-20 12:57:25,404 - Review.reviews.frd4p_review - INFO - Checking IsinCode FRIX00003031 in index_eod_df
2025-03-20 12:57:25,405 - Review.reviews.frd4p_review - INFO - Found 1 matching rows
2025-03-20 12:57:25,413 - Review.reviews.frd4p_review - INFO - Saving FRD4P output to: C:\Users\CSonneveld\OneDrive - Euronext\Documents\Projects\GUI + Reviews\output\FRD4P_df_20250320_125725.xlsx
2025-03-20 12:57:25,822 - werkzeug - INFO - 127.0.0.1 - - [20/Mar/2025 12:57:25] "POST /calculate HTTP/1.1" 200 -
