Starting EUEPR review at 2026-02-10 13:36:40.495740
2026-02-10 13:36:41,082 - Review.reviews.euepr_review - INFO - Loading EOD data...
Loaded index data from 2 file(s)
Loaded stock EOD data from 2 file(s)
Loaded stock CO data from 2 file(s)
Created FX lookup table with 35 unique currency pairs
Available currency pairs: 15 currencies -> 6 index currencies
2026-02-10 13:36:42,079 - Review.reviews.euepr_review - INFO - Loading reference data...
2026-02-10 13:36:45,376 - Review.reviews.euepr_review - INFO - North America 500 universe size: 500
2026-02-10 13:36:45,378 - Review.reviews.euepr_review - INFO - Universe size after US MIC filter: 458
2026-02-10 13:36:45,427 - Review.reviews.euepr_review - ERROR - Error during EUEPR review calculation: 'Number of Shares'
2026-02-10 13:36:45,432 - Review.reviews.euepr_review - ERROR - Traceback (most recent call last):
  File "C:\Users\CSonneveld\AppData\Roaming\Python\Python312\site-packages\pandas\core\indexes\base.py", line 3805, in get_loc
    return self._engine.get_loc(casted_key)
           ^^^^^^^^^^^^^^^^^^^^^^^^^^^^^^^^
  File "index.pyx", line 167, in pandas._libs.index.IndexEngine.get_loc
  File "index.pyx", line 196, in pandas._libs.index.IndexEngine.get_loc
  File "pandas\\_libs\\hashtable_class_helper.pxi", line 7081, in pandas._libs.hashtable.PyObjectHashTable.get_item
  File "pandas\\_libs\\hashtable_class_helper.pxi", line 7089, in pandas._libs.hashtable.PyObjectHashTable.get_item
KeyError: 'Number of Shares'
The above exception was the direct cause of the following exception:
Traceback (most recent call last):
  File "C:\Users\CSonneveld\OneDrive - Euronext\Documents\Projects\GUI + Reviews\Review\reviews\euepr_review.py", line 173, in run_euepr_review
    * selection_df['Number of Shares']
      ~~~~~~~~~~~~^^^^^^^^^^^^^^^^^^^^
  File "C:\Users\CSonneveld\AppData\Roaming\Python\Python312\site-packages\pandas\core\frame.py", line 4102, in __getitem__
    indexer = self.columns.get_loc(key)
              ^^^^^^^^^^^^^^^^^^^^^^^^^
  File "C:\Users\CSonneveld\AppData\Roaming\Python\Python312\site-packages\pandas\core\indexes\base.py", line 3812, in get_loc
    raise KeyError(key) from err
KeyError: 'Number of Shares'
Completed EUEPR review in 4.94 seconds
