Starting EEEPR review at 2026-02-10 11:43:32.648584
2026-02-10 11:43:33,007 - Review.reviews.eeepr_review - INFO - Loading EOD data...
Loaded index data from 2 file(s)
Loaded stock EOD data from 2 file(s)
Loaded stock CO data from 2 file(s)
Created FX lookup table with 35 unique currency pairs
Available currency pairs: 15 currencies -> 6 index currencies
2026-02-10 11:43:33,947 - Review.reviews.eeepr_review - INFO - Loading reference data...
2026-02-10 11:43:33,965 - Review.reviews.eeepr_review - INFO - Starting universe size: 300
2026-02-10 11:43:34,033 - Review.reviews.eeepr_review - INFO - Loading Sustainalytics data...
2026-02-10 11:43:34,037 - Review.reviews.eeepr_review - INFO - Sustainalytics data merge completed.
2026-02-10 11:43:34,037 - Review.reviews.eeepr_review - INFO - Step 2a: Applying exclusion screens...
2026-02-10 11:43:34,044 - Review.reviews.eeepr_review - INFO - Exclusion screen: 300 -> 272 companies (28 excluded)
2026-02-10 11:43:34,044 - Review.reviews.eeepr_review - INFO - Step 2b: Ranking post-exclusion universe by FFMC_CO, keeping top 60...
2026-02-10 11:43:34,045 - Review.reviews.eeepr_review - INFO - Eligible companies after FFMC screen (top 60): 60
2026-02-10 11:43:34,046 - Review.reviews.eeepr_review - INFO - Step 3: Ranking eligible companies by ESG Risk Score (ascending)...
2026-02-10 11:43:34,046 - Review.reviews.eeepr_review - INFO - Eligible companies with ESG Risk Score: 60
2026-02-10 11:43:34,048 - Review.reviews.eeepr_review - INFO - Step 4: Selecting top 40 companies by ESG Risk Score...
2026-02-10 11:43:34,048 - Review.reviews.eeepr_review - INFO - Selected 40 companies for index
2026-02-10 11:43:34,048 - Review.reviews.eeepr_review - INFO - Calculating equal-weight Number of Shares using Close Prc_EOD...
2026-02-10 11:43:34,060 - Review.reviews.eeepr_review - INFO - Saving EEEPR output to: C:\Users\CSonneveld\OneDrive - Euronext\Documents\Projects\GUI + Reviews\output\EEEPR_df_20260210_114334.xlsx
Completed EEEPR review in 1.76 seconds
