Starting GHCPR review at 2026-02-10 16:06:04.290762
2026-02-10 16:06:04,647 - Review.reviews.ghcpr_review - INFO - Loading EOD data...
Loaded index data from 2 file(s)
Loaded stock EOD data from 2 file(s)
Loaded stock CO data from 2 file(s)
Created FX lookup table with 35 unique currency pairs
Available currency pairs: 15 currencies -> 6 index currencies
2026-02-10 16:06:05,486 - Review.reviews.ghcpr_review - INFO - Loading reference data...
2026-02-10 16:06:08,461 - Review.reviews.ghcpr_review - INFO - Developed Market universe size: 1800
2026-02-10 16:06:08,548 - Review.reviews.ghcpr_review - INFO - After Health Care (ICB 20) filter: 122 companies (excluded 1678)
2026-02-10 16:06:08,552 - Review.reviews.ghcpr_review - INFO - Loading Sustainalytics data...
2026-02-10 16:06:08,556 - Review.reviews.ghcpr_review - INFO - Sustainalytics data merge completed.
2026-02-10 16:06:08,556 - Review.reviews.ghcpr_review - INFO - Step 2a: Excluding companies with ESG Risk Score > 40...
2026-02-10 16:06:08,559 - Review.reviews.ghcpr_review - INFO - ESG Risk Score screen: 0 companies excluded (score > 40 or missing)
2026-02-10 16:06:08,559 - Review.reviews.ghcpr_review - INFO - Step 2b: Excluding non-compliant Global Compact companies...
2026-02-10 16:06:08,560 - Review.reviews.ghcpr_review - INFO - Global Compact screen: 0 companies excluded
2026-02-10 16:06:08,562 - Review.reviews.ghcpr_review - INFO - After all exclusions: 122 eligible companies (0 excluded)
2026-02-10 16:06:08,562 - Review.reviews.ghcpr_review - INFO - Step 3: Ranking eligible companies by FFMC (Close Prc_CO) descending...
2026-02-10 16:06:08,563 - Review.reviews.ghcpr_review - INFO - Step 4: Selecting top 50 companies by FFMC...
2026-02-10 16:06:08,564 - Review.reviews.ghcpr_review - INFO - Selected 50 companies for index
2026-02-10 16:06:08,564 - Review.reviews.ghcpr_review - INFO - Calculating equal-weight Number of Shares using Close Prc_EOD...
2026-02-10 16:06:08,580 - Review.reviews.ghcpr_review - INFO - Saving GHCPR output to: C:\Users\CSonneveld\OneDrive - Euronext\Documents\Projects\GUI + Reviews\output\GHCPR_df_20260210_160608.xlsx
Completed GHCPR review in 4.41 seconds
