Starting EUEPR review at 2026-02-10 15:40:06.763138
2026-02-10 15:40:07,502 - Review.reviews.euepr_review - INFO - Loading EOD data...
Loaded index data from 2 file(s)
Loaded stock EOD data from 2 file(s)
Loaded stock CO data from 2 file(s)
Created FX lookup table with 35 unique currency pairs
Available currency pairs: 15 currencies -> 6 index currencies
2026-02-10 15:40:08,829 - Review.reviews.euepr_review - INFO - Loading reference data...
2026-02-10 15:40:08,863 - Review.reviews.euepr_review - INFO - North America 500 universe size: 500
2026-02-10 15:40:08,863 - Review.reviews.euepr_review - INFO - Universe size after US MIC filter: 458
2026-02-10 15:40:08,931 - Review.reviews.euepr_review - INFO - Loading Sustainalytics data...
2026-02-10 15:40:08,935 - Review.reviews.euepr_review - INFO - Sustainalytics data merge completed.
2026-02-10 15:40:08,935 - Review.reviews.euepr_review - INFO - Step 2a: Applying exclusion screens...
2026-02-10 15:40:08,944 - Review.reviews.euepr_review - INFO - Exclusion screen: 458 -> 396 companies (62 excluded)
2026-02-10 15:40:08,944 - Review.reviews.euepr_review - INFO - Step 2b: Ranking post-exclusion universe by FFMC_CO, keeping top 30...
2026-02-10 15:40:08,946 - Review.reviews.euepr_review - INFO - Eligible companies after FFMC screen (top 30): 30
2026-02-10 15:40:08,946 - Review.reviews.euepr_review - INFO - Step 3: Ranking eligible companies by ESG Risk Score (ascending)...
2026-02-10 15:40:08,947 - Review.reviews.euepr_review - INFO - Eligible companies with ESG Risk Score: 30
2026-02-10 15:40:08,948 - Review.reviews.euepr_review - INFO - Step 4: Selecting top 20 companies by ESG Risk Score...
2026-02-10 15:40:08,948 - Review.reviews.euepr_review - INFO - Selected 20 companies for index
2026-02-10 15:40:08,948 - Review.reviews.euepr_review - INFO - Calculating equal-weight Number of Shares using Close Prc_EOD...
2026-02-10 15:40:08,948 - Review.reviews.euepr_review - INFO - Saving EUEPR output to: C:\Users\CSonneveld\OneDrive - Euronext\Documents\Projects\GUI + Reviews\output\EUEPR_df_20260210_154008.xlsx
Completed EUEPR review in 2.71 seconds
