Starting EZ3R review at 2026-02-05 10:51:26.300083
2026-02-05 10:51:26,625 - Review.reviews.ez3r_review - INFO - Loading EOD data...
Loaded index data from 2 file(s)
Loaded stock EOD data from 2 file(s)
Loaded stock CO data from 2 file(s)
Created FX lookup table with 35 unique currency pairs
Available currency pairs: 15 currencies -> 6 index currencies
2026-02-05 10:51:27,450 - Review.reviews.ez3r_review - INFO - Loading reference data...
2026-02-05 10:51:27,527 - Review.reviews.ez3r_review - INFO - Starting universe size: 300
2026-02-05 10:51:27,601 - Review.reviews.ez3r_review - INFO - Step 1: Filtering to Eurozone countries...
2026-02-05 10:51:27,601 - Review.reviews.ez3r_review - INFO - After Eurozone filter: 292 companies
2026-02-05 10:51:27,601 - Review.reviews.ez3r_review - INFO - Step 2: Calculating FFMC and selecting top 100...
2026-02-05 10:51:27,601 - Review.reviews.ez3r_review - INFO - Top 100 by FFMC selected: 100 companies
2026-02-05 10:51:27,601 - Review.reviews.ez3r_review - INFO - Merging Sustainalytics data...
2026-02-05 10:51:27,601 - Review.reviews.ez3r_review - INFO - Sustainalytics merge completed. Added 30 columns.
2026-02-05 10:51:27,611 - Review.reviews.ez3r_review - INFO - Applying exclusion criteria...
2026-02-05 10:51:27,619 - Review.reviews.ez3r_review - INFO - Exclusion criteria applied. 20 companies excluded.
2026-02-05 10:51:27,620 - Review.reviews.ez3r_review - INFO - After exclusions: 80 companies eligible
2026-02-05 10:51:27,620 - Review.reviews.ez3r_review - INFO - Applying Physical Risk Score ranking...
2026-02-05 10:51:27,621 - Review.reviews.ez3r_review - INFO - Physical Risk Score data loaded with 297 rows
2026-02-05 10:51:27,623 - Review.reviews.ez3r_review - WARNING - 3 companies missing Physical Risk Score after merge
2026-02-05 10:51:27,625 - Review.reviews.ez3r_review - WARNING - Missing combinations:
   Industry Name iso_country_incorp      Company
11           NaN                 FR  AIR LIQUIDE
33           NaN                 DE         BASF
64           NaN                 DE   VONOVIA SE
2026-02-05 10:51:27,625 - Review.reviews.ez3r_review - INFO - After Physical Risk Score ranking: 70 companies (top 70)
2026-02-05 10:51:27,625 - Review.reviews.ez3r_review - INFO - Applying sector screening...
2026-02-05 10:51:27,626 - Review.reviews.ez3r_review - INFO - Sector screening: 13 companies excluded from industries ['15', '20', '45', '65']
2026-02-05 10:51:27,626 - Review.reviews.ez3r_review - INFO - After sector screening: 57 companies eligible
2026-02-05 10:51:27,626 - Review.reviews.ez3r_review - INFO - Ranking by FFMC...
2026-02-05 10:51:27,626 - Review.reviews.ez3r_review - INFO - Selecting top 30 companies...
2026-02-05 10:51:27,627 - Review.reviews.ez3r_review - INFO - Final selection: 30 companies
2026-02-05 10:51:27,627 - Review.reviews.ez3r_review - INFO - Applying 10% capping using most recent pricing data...
2026-02-05 10:51:27,627 - utils.capping_proportional - INFO - Starting proportional capping with max weight: 10.0%
2026-02-05 10:51:27,629 - utils.capping_proportional - INFO - Capping procedure converged after 1 iterations
2026-02-05 10:51:27,629 - utils.capping_proportional - INFO - Capping Summary:
2026-02-05 10:51:27,629 - utils.capping_proportional - INFO -   Total companies: 30
2026-02-05 10:51:27,629 - utils.capping_proportional - INFO -   Companies capped: 1
2026-02-05 10:51:27,629 - utils.capping_proportional - INFO -   Weight sum after capping: 1.000000
2026-02-05 10:51:27,629 - utils.capping_proportional - INFO -   Max weight after capping: 0.100000
2026-02-05 10:51:27,633 - Review.reviews.ez3r_review - INFO - Saving EZ3R output to: C:\Users\CSonneveld\OneDrive - Euronext\Documents\Projects\GUI + Reviews\output\EZ3R_df_20260205_105127.xlsx
Completed EZ3R review in 1.48 seconds
