Starting EZ3R review at 2026-02-05 11:04:06.915464
2026-02-05 11:04:07,339 - Review.reviews.ez3r_review - INFO - Loading EOD data...
Loaded index data from 2 file(s)
Loaded stock EOD data from 2 file(s)
Loaded stock CO data from 2 file(s)
Created FX lookup table with 35 unique currency pairs
Available currency pairs: 15 currencies -> 6 index currencies
2026-02-05 11:04:08,189 - Review.reviews.ez3r_review - INFO - Loading reference data...
2026-02-05 11:04:08,266 - Review.reviews.ez3r_review - INFO - Starting universe size: 300
2026-02-05 11:04:08,340 - Review.reviews.ez3r_review - INFO - Merging Physical Risk Score data at universe level...
2026-02-05 11:04:08,345 - Review.reviews.ez3r_review - INFO - Physical Risk Score data loaded with 297 rows
2026-02-05 11:04:08,346 - Review.reviews.ez3r_review - INFO - Physical Risk Score unique combinations: 297
2026-02-05 11:04:08,348 - Review.reviews.ez3r_review - WARNING - 35 companies missing Physical Risk Score after merge
2026-02-05 11:04:08,351 - Review.reviews.ez3r_review - WARNING - Missing combinations:
              Industry Name iso_country_incorp               Company
7                       NaN                 ES           ACERINOX SA
13                      NaN                 BE              AEDIFICA
14   Consumer Discretionary                 BM                 AEGON
19                      NaN                 FR           AIR LIQUIDE
21                      NaN                 NL            AKZO NOBEL
30                      NaN                 LU      ARCELORMITTAL SA
32                      NaN                 FR                ARKEMA
33                      NaN                 LU         AROUNDTOWN SA
38                      NaN                 DE            AURUBIS AG
53                      NaN                 DE                  BASF
67                      NaN                 DE           BRENNTAG SE
76                      NaN                 BE             COFINIMMO
80                      NaN                 FR               COVIVIO
82                      NaN                 NL                   CTP
84   Consumer Discretionary                 JE           CVC CAPITAL
115                     NaN                 DE  EVONIK INDUSTRIES AG
129                     NaN                 DE         FUCHS SE PREF
133                     NaN                 FR                GECINA
139  Consumer Discretionary                 BM             HAL TRUST
143                     NaN                 DE   HENKEL AG & CO PREF
150                     NaN                 NL                  IMCD
165                     NaN                 FI            KEMIRA OYJ
171                     NaN                 FR             KLEPIERRE
176                     NaN                 DE     LEG IMMOBILIEN SE
190                     NaN                 ES     MERLIN PROPERTIES
260                     NaN                 FI        STORA ENSO OYJ
261                     NaN                 BE               SYENSQO
262                     NaN                 DE            SYMRISE AG
263                     NaN                 DE     TAG IMMOBILIEN AG
279                     NaN                 BE               UMICORE
280                     NaN                 FR    UNIBAIL-RODAMCO-WE
284                     NaN                 FI       UPM-KYMMENE OYJ
291                     NaN                 AT        VOESTALPINE AG
293                     NaN                 DE            VONOVIA SE
295                     NaN                 BE                   WDP
2026-02-05 11:04:08,352 - Review.reviews.ez3r_review - INFO - Step 1: Filtering to Eurozone countries...
2026-02-05 11:04:08,354 - Review.reviews.ez3r_review - INFO - After Eurozone filter: 292 companies
2026-02-05 11:04:08,354 - Review.reviews.ez3r_review - INFO - Step 2: Calculating FFMC and selecting top 100...
2026-02-05 11:04:08,355 - Review.reviews.ez3r_review - INFO - Top 100 by FFMC selected: 100 companies
2026-02-05 11:04:08,355 - Review.reviews.ez3r_review - INFO - Merging Sustainalytics data...
2026-02-05 11:04:08,360 - Review.reviews.ez3r_review - INFO - Sustainalytics merge completed. Added 30 columns.
2026-02-05 11:04:08,360 - Review.reviews.ez3r_review - INFO - Applying exclusion criteria...
2026-02-05 11:04:08,369 - Review.reviews.ez3r_review - INFO - Exclusion criteria applied. 20 companies excluded.
2026-02-05 11:04:08,370 - Review.reviews.ez3r_review - INFO - After exclusions: 80 companies eligible
2026-02-05 11:04:08,370 - Review.reviews.ez3r_review - INFO - Applying Physical Risk Score ranking...
2026-02-05 11:04:08,371 - Review.reviews.ez3r_review - INFO - After Physical Risk Score ranking: 70 companies (top 70)
2026-02-05 11:04:08,371 - Review.reviews.ez3r_review - INFO - Applying sector screening...
2026-02-05 11:04:08,371 - Review.reviews.ez3r_review - INFO - Sector screening: 13 companies excluded from industries ['15', '20', '45', '65']
2026-02-05 11:04:08,372 - Review.reviews.ez3r_review - INFO - After sector screening: 57 companies eligible
2026-02-05 11:04:08,372 - Review.reviews.ez3r_review - INFO - Ranking by FFMC...
2026-02-05 11:04:08,372 - Review.reviews.ez3r_review - INFO - Selecting top 30 companies...
2026-02-05 11:04:08,373 - Review.reviews.ez3r_review - INFO - Final selection: 30 companies
2026-02-05 11:04:08,373 - Review.reviews.ez3r_review - INFO - Applying 10% capping using most recent pricing data...
2026-02-05 11:04:08,373 - utils.capping_proportional - INFO - Starting proportional capping with max weight: 10.0%
2026-02-05 11:04:08,375 - utils.capping_proportional - INFO - Capping procedure converged after 1 iterations
2026-02-05 11:04:08,375 - utils.capping_proportional - INFO - Capping Summary:
2026-02-05 11:04:08,375 - utils.capping_proportional - INFO -   Total companies: 30
2026-02-05 11:04:08,375 - utils.capping_proportional - INFO -   Companies capped: 1
2026-02-05 11:04:08,375 - utils.capping_proportional - INFO -   Weight sum after capping: 1.000000
2026-02-05 11:04:08,375 - utils.capping_proportional - INFO -   Max weight after capping: 0.100000
2026-02-05 11:04:08,380 - Review.reviews.ez3r_review - INFO - Saving EZ3R output to: C:\Users\CSonneveld\OneDrive - Euronext\Documents\Projects\GUI + Reviews\output\EZ3R_df_20260205_110408.xlsx
Completed EZ3R review in 1.70 seconds
