Starting EZ3R review at 2026-02-05 11:20:21.760501
2026-02-05 11:20:22,076 - Review.reviews.ez3r_review - INFO - Loading EOD data...
Loaded index data from 2 file(s)
Loaded stock EOD data from 2 file(s)
Loaded stock CO data from 2 file(s)
Created FX lookup table with 35 unique currency pairs
Available currency pairs: 15 currencies -> 6 index currencies
2026-02-05 11:20:22,970 - Review.reviews.ez3r_review - INFO - Loading reference data...
2026-02-05 11:20:23,052 - Review.reviews.ez3r_review - INFO - Starting universe size: 300
2026-02-05 11:20:23,136 - Review.reviews.ez3r_review - INFO - Merging Physical Risk Score data at universe level...
2026-02-05 11:20:23,136 - Review.reviews.ez3r_review - INFO - Physical Risk Score data loaded with 297 rows
2026-02-05 11:20:23,136 - Review.reviews.ez3r_review - INFO - Physical Risk Score unique combinations: 297
2026-02-05 11:20:23,136 - Review.reviews.ez3r_review - WARNING - 3 companies missing Physical Risk Score after merge
2026-02-05 11:20:23,144 - Review.reviews.ez3r_review - WARNING - Missing combinations:
    Industry Name iso_country_incorp      Company
14     Financials                 BM        AEGON
84     Financials                 JE  CVC CAPITAL
139    Financials                 BM    HAL TRUST
2026-02-05 11:20:23,144 - Review.reviews.ez3r_review - INFO - Step 1: Filtering to Eurozone countries...
2026-02-05 11:20:23,145 - Review.reviews.ez3r_review - INFO - After Eurozone filter: 292 companies
2026-02-05 11:20:23,145 - Review.reviews.ez3r_review - INFO - Step 2: Calculating FFMC and selecting top 100...
2026-02-05 11:20:23,146 - Review.reviews.ez3r_review - INFO - Top 100 by FFMC selected: 100 companies
2026-02-05 11:20:23,146 - Review.reviews.ez3r_review - INFO - Merging Sustainalytics data...
2026-02-05 11:20:23,149 - Review.reviews.ez3r_review - INFO - Sustainalytics merge completed. Added 30 columns.
2026-02-05 11:20:23,149 - Review.reviews.ez3r_review - INFO - Applying exclusion criteria...
2026-02-05 11:20:23,158 - Review.reviews.ez3r_review - INFO - Exclusion criteria applied. 25 companies excluded.
2026-02-05 11:20:23,159 - Review.reviews.ez3r_review - INFO - After exclusions: 75 companies eligible
2026-02-05 11:20:23,159 - Review.reviews.ez3r_review - INFO - Applying Physical Risk Score ranking...
2026-02-05 11:20:23,160 - Review.reviews.ez3r_review - INFO - After Physical Risk Score ranking: 70 companies (top 70)
2026-02-05 11:20:23,161 - Review.reviews.ez3r_review - INFO - Applying sector screening...
2026-02-05 11:20:23,161 - Review.reviews.ez3r_review - INFO - Sector screening: 11 companies excluded from industries ['15', '20', '45', '65']
2026-02-05 11:20:23,161 - Review.reviews.ez3r_review - INFO - After sector screening: 59 companies eligible
2026-02-05 11:20:23,161 - Review.reviews.ez3r_review - INFO - Ranking by FFMC...
2026-02-05 11:20:23,162 - Review.reviews.ez3r_review - INFO - Selecting top 30 companies...
2026-02-05 11:20:23,162 - Review.reviews.ez3r_review - INFO - Final selection: 30 companies
2026-02-05 11:20:23,162 - Review.reviews.ez3r_review - INFO - Applying 10% capping using most recent pricing data...
2026-02-05 11:20:23,163 - utils.capping_proportional - INFO - Starting proportional capping with max weight: 10.0%
2026-02-05 11:20:23,165 - utils.capping_proportional - INFO - Capping procedure converged after 1 iterations
2026-02-05 11:20:23,165 - utils.capping_proportional - INFO - Capping Summary:
2026-02-05 11:20:23,165 - utils.capping_proportional - INFO -   Total companies: 30
2026-02-05 11:20:23,165 - utils.capping_proportional - INFO -   Companies capped: 1
2026-02-05 11:20:23,165 - utils.capping_proportional - INFO -   Weight sum after capping: 1.000000
2026-02-05 11:20:23,165 - utils.capping_proportional - INFO -   Max weight after capping: 0.100000
2026-02-05 11:20:23,170 - Review.reviews.ez3r_review - INFO - Saving EZ3R output to: C:\Users\CSonneveld\OneDrive - Euronext\Documents\Projects\GUI + Reviews\output\EZ3R_df_20260205_112023.xlsx
Completed EZ3R review in 1.63 seconds
