Starting EEEPR review at 2026-02-10 11:43:03.340537
2026-02-10 11:43:04,051 - Review.reviews.eeepr_review - INFO - Loading EOD data...
Loaded index data from 2 file(s)
Loaded stock EOD data from 2 file(s)
Loaded stock CO data from 2 file(s)
Created FX lookup table with 35 unique currency pairs
Available currency pairs: 15 currencies -> 6 index currencies
2026-02-10 11:43:05,106 - Review.reviews.eeepr_review - INFO - Loading reference data...
2026-02-10 11:43:05,136 - Review.reviews.eeepr_review - INFO - Starting universe size: 300
2026-02-10 11:43:05,231 - Review.reviews.eeepr_review - ERROR - Error during EEEPR review calculation: 'Number of Shares'
2026-02-10 11:43:05,231 - Review.reviews.eeepr_review - ERROR - Traceback (most recent call last):
  File "C:\Users\CSonneveld\AppData\Roaming\Python\Python312\site-packages\pandas\core\indexes\base.py", line 3805, in get_loc
    return self._engine.get_loc(casted_key)
           ^^^^^^^^^^^^^^^^^^^^^^^^^^^^^^^^
  File "index.pyx", line 167, in pandas._libs.index.IndexEngine.get_loc
  File "index.pyx", line 196, in pandas._libs.index.IndexEngine.get_loc
  File "pandas\\_libs\\hashtable_class_helper.pxi", line 7081, in pandas._libs.hashtable.PyObjectHashTable.get_item
  File "pandas\\_libs\\hashtable_class_helper.pxi", line 7089, in pandas._libs.hashtable.PyObjectHashTable.get_item
KeyError: 'Number of Shares'
The above exception was the direct cause of the following exception:
Traceback (most recent call last):
  File "C:\Users\CSonneveld\OneDrive - Euronext\Documents\Projects\GUI + Reviews\Review\reviews\eeepr_review.py", line 199, in run_eeepr_review
    * selection_df['Number of Shares']
      ~~~~~~~~~~~~^^^^^^^^^^^^^^^^^^^^
  File "C:\Users\CSonneveld\AppData\Roaming\Python\Python312\site-packages\pandas\core\frame.py", line 4102, in __getitem__
    indexer = self.columns.get_loc(key)
              ^^^^^^^^^^^^^^^^^^^^^^^^^
  File "C:\Users\CSonneveld\AppData\Roaming\Python\Python312\site-packages\pandas\core\indexes\base.py", line 3812, in get_loc
    raise KeyError(key) from err
KeyError: 'Number of Shares'
Completed EEEPR review in 1.90 seconds
