2025-04-10 19:12:02,533 - werkzeug - WARNING -  * Debugger is active!
2025-04-10 19:12:02,536 - werkzeug - INFO -  * Debugger PIN: 691-175-853
2025-04-10 19:12:03,025 - Review.reviews.lc100_review - INFO - Loading EOD data...
2025-04-10 19:12:05,950 - Review.reviews.lc100_review - INFO - Loading reference data...
2025-04-10 19:12:15,549 - Review.reviews.lc100_review - WARNING - Removed 18750 duplicate rows from cdp_climate_df
2025-04-10 19:12:15,551 - Review.reviews.lc100_review - INFO - Filtering universe for EU500 companies...
2025-04-10 19:12:15,552 - Review.reviews.lc100_review - INFO - Universe size after EU500 filter: 499
2025-04-10 19:12:15,552 - Review.reviews.lc100_review - INFO - Adding Free Float data...
2025-04-10 19:12:15,555 - Review.reviews.lc100_review - INFO - Adding ICB Subsector data...
2025-04-10 19:12:15,569 - Review.reviews.lc100_review - WARNING - Removed 9316 duplicate rows from ICB data
2025-04-10 19:12:15,663 - Review.reviews.lc100_review - INFO - Debug file saved to C:\Users\CSonneveld\OneDrive - Euronext\Documents\Projects\GUI + Reviews\debug\universe_df_after_nace_20250410_191215.xlsx
2025-04-10 19:12:15,664 - Review.reviews.lc100_review - INFO - Adding CDP Climate data...
2025-04-10 19:12:15,668 - Review.reviews.lc100_review - INFO - Adding Oekom Trust & Carbon data...
2025-04-10 19:12:15,670 - Review.reviews.lc100_review - INFO - Adding NACE data...
2025-04-10 19:12:15,672 - Review.reviews.lc100_review - INFO - Adding EU Taxonomy flag...
2025-04-10 19:12:15,673 - Review.reviews.lc100_review - INFO - Checking GAFI lists and Non-fiscally cooperative countries...
2025-04-10 19:12:15,674 - Review.reviews.lc100_review - INFO - Applying exclusion criteria...
2025-04-10 19:12:15,681 - Review.reviews.lc100_review - INFO - Marked 50 companies (10%) with worst SG scores for exclusion
2025-04-10 19:12:15,699 - Review.reviews.lc100_review - INFO - Calculating Climate Score for ranking...
2025-04-10 19:12:15,701 - Review.reviews.lc100_review - INFO - Selecting EU Taxonomy companies...
2025-04-10 19:12:15,703 - Review.reviews.lc100_review - INFO - Found 14 EU Taxonomy companies after exclusions
2025-04-10 19:12:15,704 - Review.reviews.lc100_review - INFO - Found 302 Non-EU Taxonomy eligible companies after exclusions
2025-04-10 19:12:15,704 - Review.reviews.lc100_review - INFO - STEP 4a: Determining target number of Non-EU Taxonomy companies per super-sector...
2025-04-10 19:12:15,704 - Review.reviews.lc100_review - INFO - Target number of Non-EU Taxonomy companies: 86
2025-04-10 19:12:15,705 - Review.reviews.lc100_review - INFO - Total eligible Non-EU Taxonomy companies: 302
2025-04-10 19:12:15,706 - Review.reviews.lc100_review - INFO - Total target after rounding: 96 (vs. target of 86)
2025-04-10 19:12:15,707 - Review.reviews.lc100_review - INFO - Need to remove 10 companies due to rounding up
2025-04-10 19:12:15,708 - Review.reviews.lc100_review - INFO - STEP 4b: Selecting Non-EU Taxonomy companies based on climate score...
2025-04-10 19:12:15,708 - Review.reviews.lc100_review - INFO - Selected 4 companies from super-sector 1010.0
2025-04-10 19:12:15,709 - Review.reviews.lc100_review - INFO - Selected 5 companies from super-sector 1510.0
2025-04-10 19:12:15,710 - Review.reviews.lc100_review - INFO - Selected 12 companies from super-sector 2010.0
2025-04-10 19:12:15,710 - Review.reviews.lc100_review - INFO - Selected 13 companies from super-sector 3010.0
2025-04-10 19:12:15,711 - Review.reviews.lc100_review - INFO - Selected 7 companies from super-sector 3020.0
2025-04-10 19:12:15,711 - Review.reviews.lc100_review - INFO - Selected 8 companies from super-sector 3030.0
2025-04-10 19:12:15,712 - Review.reviews.lc100_review - INFO - Selected 5 companies from super-sector 3510.0
2025-04-10 19:12:15,712 - Review.reviews.lc100_review - INFO - Selected 2 companies from super-sector 4010.0
2025-04-10 19:12:15,713 - Review.reviews.lc100_review - INFO - Selected 6 companies from super-sector 4020.0
2025-04-10 19:12:15,713 - Review.reviews.lc100_review - INFO - Selected 3 companies from super-sector 4030.0
2025-04-10 19:12:15,714 - Review.reviews.lc100_review - INFO - Selected 2 companies from super-sector 4040.0
2025-04-10 19:12:15,714 - Review.reviews.lc100_review - INFO - Selected 4 companies from super-sector 4050.0
2025-04-10 19:12:15,715 - Review.reviews.lc100_review - INFO - Selected 6 companies from super-sector 4510.0
2025-04-10 19:12:15,716 - Review.reviews.lc100_review - INFO - Selected 3 companies from super-sector 4520.0
2025-04-10 19:12:15,716 - Review.reviews.lc100_review - INFO - Selected 2 companies from super-sector 5010.0
2025-04-10 19:12:15,717 - Review.reviews.lc100_review - INFO - Selected 9 companies from super-sector 5020.0
2025-04-10 19:12:15,717 - Review.reviews.lc100_review - INFO - Selected 2 companies from super-sector 5510.0
2025-04-10 19:12:15,718 - Review.reviews.lc100_review - INFO - Selected 2 companies from super-sector 5520.0
2025-04-10 19:12:15,718 - Review.reviews.lc100_review - INFO - Selected 1 companies from super-sector 6510.0
2025-04-10 19:12:15,725 - Review.reviews.lc100_review - INFO - Initial selection has 96 companies, need to remove 10
2025-04-10 19:12:15,731 - Review.reviews.lc100_review - INFO - Removed company SE0012853455 from supersector 3020.0 (Climate Score: 2.9711404728789947)
2025-04-10 19:12:15,736 - Review.reviews.lc100_review - INFO - Removed company GB0005405286 from supersector 3010.0 (Climate Score: 2.6866666666666648)
2025-04-10 19:12:15,741 - Review.reviews.lc100_review - INFO - Removed company GB0004082847 from supersector 3010.0 (Climate Score: 2.585)
2025-04-10 19:12:15,745 - Review.reviews.lc100_review - INFO - Removed company GB00BPQY8M80 from supersector 3030.0 (Climate Score: 2.519710481764205)
2025-04-10 19:12:15,750 - Review.reviews.lc100_review - INFO - Removed company NO0003053605 from supersector 3030.0 (Climate Score: 2.45999707128425)
2025-04-10 19:12:15,755 - Review.reviews.lc100_review - INFO - Removed company GB00BM8PJY71 from supersector 3010.0 (Climate Score: 2.4596710826767954)
2025-04-10 19:12:15,761 - Review.reviews.lc100_review - INFO - Removed company GB00BYT1DJ19 from supersector 3020.0 (Climate Score: 2.458257086886375)
2025-04-10 19:12:15,766 - Review.reviews.lc100_review - INFO - Removed company GB00B0SWJX34 from supersector 3020.0 (Climate Score: 2.4582204139462247)
2025-04-10 19:12:15,772 - Review.reviews.lc100_review - INFO - Removed company GB0007099541 from supersector 3030.0 (Climate Score: 2.45)
2025-04-10 19:12:15,777 - Review.reviews.lc100_review - INFO - Removed company CH0011075394 from supersector 3030.0 (Climate Score: 2.39833333333333)
2025-04-10 19:12:15,779 - Review.reviews.lc100_review - INFO - Final Non-EU Taxonomy selection has 86 companies
2025-04-10 19:12:15,780 - Review.reviews.lc100_review - INFO - Minimum companies per supersector: 1
2025-04-10 19:12:15,780 - Review.reviews.lc100_review - WARNING - Some supersectors have fewer than 2 companies! Minimum is 1
2025-04-10 19:12:16,009 - Review.reviews.lc100_review - INFO - Detailed selection steps saved to C:\Users\CSonneveld\OneDrive - Euronext\Documents\Projects\GUI + Reviews\output\non_eu_taxonomy_selection_steps_20250410_191215.xlsx
2025-04-10 19:12:16,011 - Review.reviews.lc100_review - INFO - Final selection contains 100 companies
2025-04-10 19:12:16,011 - Review.reviews.lc100_review - INFO - - EU Taxonomy: 14
2025-04-10 19:12:16,012 - Review.reviews.lc100_review - INFO - - Non-EU Taxonomy: 86
2025-04-10 19:12:16,012 - Review.reviews.lc100_review - INFO - Initial weight allocations:
2025-04-10 19:12:16,012 - Review.reviews.lc100_review - INFO - - EU Taxonomy pocket: 10.00%
2025-04-10 19:12:16,012 - Review.reviews.lc100_review - INFO - - Non-EU Taxonomy pocket: 90.00%
2025-04-10 19:12:16,013 - Review.reviews.lc100_review - INFO - Saving output files...
2025-04-10 19:12:16,299 - Review.reviews.lc100_review - INFO - Results saved to C:\Users\CSonneveld\OneDrive - Euronext\Documents\Projects\GUI + Reviews\output\LC100_review_20250410_191216.xlsx
2025-04-10 19:12:16,328 - werkzeug - INFO - 127.0.0.1 - - [10/Apr/2025 19:12:16] "POST /calculate HTTP/1.1" 200 -
2025-04-10 19:17:24,789 - werkzeug - INFO -  * Detected change in 'C:\\Users\\CSonneveld\\OneDrive - Euronext\\Documents\\Projects\\GUI + Reviews\\Review\\reviews\\lc100_review.py', reloading
2025-04-10 19:17:24,790 - werkzeug - INFO -  * Detected change in 'C:\\Users\\CSonneveld\\OneDrive - Euronext\\Documents\\Projects\\GUI + Reviews\\Review\\reviews\\lc100_review.py', reloading
2025-04-10 19:17:24,791 - werkzeug - INFO -  * Detected change in 'C:\\Users\\CSonneveld\\OneDrive - Euronext\\Documents\\Projects\\GUI + Reviews\\Review\\reviews\\lc100_review.py', reloading
