2025-07-23 16:22:08,727 - werkzeug - WARNING -  * Debugger is active!
2025-07-23 16:22:08,727 - werkzeug - INFO -  * Debugger PIN: 691-175-853
2025-07-23 16:22:13,023 - Review.reviews.eri5p_review - INFO - Loading EOD data...
2025-07-23 16:22:16,614 - Review.reviews.eri5p_review - INFO - Loading reference data...
2025-07-23 16:22:17,680 - Review.reviews.eri5p_review - ERROR - Error during review calculation: 'NoneType' object is not subscriptable
2025-07-23 16:22:17,681 - Review.reviews.eri5p_review - ERROR - Traceback (most recent call last):
  File "C:\Users\CSonneveld\OneDrive - Euronext\Documents\Projects\GUI + Reviews\Review\reviews\eri5p_review.py", line 90, in run_eri5p_review
    oekom_score_df[['ISIN', 'Opinion', 'Sustainability Score']].drop_duplicates(subset='ISIN', keep='first'),
    ~~~~~~~~~~~~~~^^^^^^^^^^^^^^^^^^^^^^^^^^^^^^^^^^^^^^^^^^^^^
TypeError: 'NoneType' object is not subscriptable

2025-07-23 16:22:17,687 - werkzeug - INFO - 127.0.0.1 - - [23/Jul/2025 16:22:17] "POST /calculate HTTP/1.1" 200 -
2025-07-23 16:22:35,039 - Review.reviews.eri5p_review - INFO - Loading EOD data...
2025-07-23 16:22:36,776 - Review.reviews.eri5p_review - INFO - Loading reference data...
2025-07-23 16:22:38,091 - Review.reviews.eri5p_review - INFO - Total universe: 300 companies
2025-07-23 16:22:38,091 - Review.reviews.eri5p_review - INFO - Excluded by FFMC filter: 49 companies
2025-07-23 16:22:38,091 - Review.reviews.eri5p_review - INFO - Excluded by turnover filter: 124 companies
2025-07-23 16:22:38,092 - Review.reviews.eri5p_review - INFO - Excluded by opinion filter: 55 companies
2025-07-23 16:22:38,092 - Review.reviews.eri5p_review - INFO - Excluded by multiple filters: 57 companies
2025-07-23 16:22:38,092 - Review.reviews.eri5p_review - INFO - Total excluded: 168 companies
2025-07-23 16:22:38,092 - Review.reviews.eri5p_review - INFO - Eligible for selection: 132 companies
2025-07-23 16:22:38,094 - Review.reviews.eri5p_review - INFO - Selecting top 50 companies ranked by Sustainability Score (with FFMC as tiebreaker) from eligible companies...
2025-07-23 16:22:38,107 - Review.reviews.eri5p_review - INFO - Saving ERI5P output to: C:\Users\CSonneveld\OneDrive - Euronext\Documents\Projects\GUI + Reviews\output\ERI5P_df_20250723_162238.xlsx
2025-07-23 16:22:38,215 - werkzeug - INFO - 127.0.0.1 - - [23/Jul/2025 16:22:38] "POST /calculate HTTP/1.1" 200 -
2025-07-23 16:22:44,025 - Review.reviews.eri5p_review - INFO - Loading EOD data...
2025-07-23 16:22:44,715 - Review.reviews.eri5p_review - INFO - Loading reference data...
2025-07-23 16:22:45,936 - Review.reviews.eri5p_review - INFO - Total universe: 300 companies
2025-07-23 16:22:45,936 - Review.reviews.eri5p_review - INFO - Excluded by FFMC filter: 49 companies
2025-07-23 16:22:45,936 - Review.reviews.eri5p_review - INFO - Excluded by turnover filter: 124 companies
2025-07-23 16:22:45,936 - Review.reviews.eri5p_review - INFO - Excluded by opinion filter: 55 companies
2025-07-23 16:22:45,936 - Review.reviews.eri5p_review - INFO - Excluded by multiple filters: 57 companies
2025-07-23 16:22:45,936 - Review.reviews.eri5p_review - INFO - Total excluded: 168 companies
2025-07-23 16:22:45,936 - Review.reviews.eri5p_review - INFO - Eligible for selection: 132 companies
2025-07-23 16:22:45,936 - Review.reviews.eri5p_review - INFO - Selecting top 50 companies ranked by Sustainability Score (with FFMC as tiebreaker) from eligible companies...
2025-07-23 16:22:45,946 - Review.reviews.eri5p_review - INFO - Saving ERI5P output to: C:\Users\CSonneveld\OneDrive - Euronext\Documents\Projects\GUI + Reviews\output\ERI5P_df_20250723_162245.xlsx
2025-07-23 16:22:46,171 - werkzeug - INFO - 127.0.0.1 - - [23/Jul/2025 16:22:46] "POST /calculate HTTP/1.1" 200 -
2025-07-23 16:24:21,605 - werkzeug - INFO -  * Detected change in 'C:\\Users\\CSonneveld\\OneDrive - Euronext\\Documents\\Projects\\GUI + Reviews\\Review\\reviews\\eri5p_review.py', reloading
2025-07-23 16:24:21,605 - werkzeug - INFO -  * Detected change in 'C:\\Users\\CSonneveld\\OneDrive - Euronext\\Documents\\Projects\\GUI + Reviews\\Review\\reviews\\eri5p_review.py', reloading
2025-07-23 16:24:21,605 - werkzeug - INFO -  * Detected change in 'C:\\Users\\CSonneveld\\OneDrive - Euronext\\Documents\\Projects\\GUI + Reviews\\Review\\reviews\\eri5p_review.py', reloading
