2025-09-08 10:01:51,685 - werkzeug - INFO - [31m[1mWARNING: This is a development server. Do not use it in a production deployment. Use a production WSGI server instead.[0m
 * Running on all addresses (0.0.0.0)
 * Running on http://127.0.0.1:5000
 * Running on http://10.199.43.185:5000
2025-09-08 10:01:51,685 - werkzeug - INFO - [33mPress CTRL+C to quit[0m
2025-09-08 10:01:51,707 - werkzeug - INFO -  * Restarting with watchdog (windowsapi)
2025-09-08 10:01:54,576 - werkzeug - INFO -  * Restarting with watchdog (windowsapi)
2025-09-08 10:02:01,539 - werkzeug - INFO -  * Restarting with watchdog (windowsapi)
2025-09-08 10:02:04,463 - werkzeug - INFO -  * Restarting with watchdog (windowsapi)
2025-09-08 10:02:50,638 - werkzeug - INFO -  * Restarting with watchdog (windowsapi)
2025-09-08 11:08:32,694 - werkzeug - INFO -  * Restarting with watchdog (windowsapi)
2025-09-08 11:40:30,710 - werkzeug - INFO -  * Restarting with watchdog (windowsapi)
2025-09-08 11:40:35,610 - werkzeug - INFO -  * Restarting with watchdog (windowsapi)
2025-09-08 13:25:38,896 - werkzeug - INFO -  * Restarting with watchdog (windowsapi)
2025-09-08 13:54:16,324 - werkzeug - INFO -  * Restarting with watchdog (windowsapi)
2025-09-08 13:54:20,300 - werkzeug - INFO -  * Restarting with watchdog (windowsapi)
2025-09-08 13:59:40,262 - werkzeug - INFO -  * Restarting with watchdog (windowsapi)
2025-09-08 13:59:50,345 - werkzeug - INFO -  * Restarting with watchdog (windowsapi)
2025-09-08 14:00:12,471 - werkzeug - INFO -  * Restarting with watchdog (windowsapi)
2025-09-08 14:00:32,511 - werkzeug - INFO -  * Restarting with watchdog (windowsapi)
2025-09-08 14:01:00,729 - werkzeug - INFO -  * Restarting with watchdog (windowsapi)
2025-09-08 14:01:08,662 - werkzeug - INFO -  * Restarting with watchdog (windowsapi)
2025-09-08 14:01:19,612 - werkzeug - INFO -  * Restarting with watchdog (windowsapi)
2025-09-08 14:01:21,510 - werkzeug - INFO -  * Restarting with watchdog (windowsapi)
2025-09-08 14:01:57,764 - werkzeug - INFO -  * Restarting with watchdog (windowsapi)
2025-09-08 14:02:44,139 - werkzeug - INFO -  * Restarting with watchdog (windowsapi)
2025-09-08 14:03:05,170 - werkzeug - INFO -  * Restarting with watchdog (windowsapi)
2025-09-08 14:03:17,613 - werkzeug - INFO -  * Restarting with watchdog (windowsapi)
2025-09-08 14:05:23,695 - werkzeug - INFO -  * Restarting with watchdog (windowsapi)
2025-09-08 14:06:21,423 - werkzeug - INFO -  * Restarting with watchdog (windowsapi)
2025-09-08 14:07:26,051 - werkzeug - INFO -  * Restarting with watchdog (windowsapi)
2025-09-08 14:07:33,058 - werkzeug - INFO -  * Restarting with watchdog (windowsapi)
2025-09-08 14:08:46,060 - werkzeug - INFO -  * Restarting with watchdog (windowsapi)
2025-09-08 14:08:55,949 - werkzeug - INFO -  * Restarting with watchdog (windowsapi)
2025-09-08 14:10:18,821 - werkzeug - INFO -  * Restarting with watchdog (windowsapi)
2025-09-08 14:19:59,415 - werkzeug - INFO -  * Restarting with watchdog (windowsapi)
2025-09-08 14:22:15,388 - werkzeug - INFO -  * Restarting with watchdog (windowsapi)
2025-09-08 14:22:17,355 - werkzeug - INFO -  * Restarting with watchdog (windowsapi)
2025-09-08 14:23:13,443 - werkzeug - INFO -  * Restarting with watchdog (windowsapi)
2025-09-08 14:23:15,294 - werkzeug - INFO -  * Restarting with watchdog (windowsapi)
2025-09-08 14:23:23,295 - werkzeug - INFO -  * Restarting with watchdog (windowsapi)
2025-09-08 14:32:25,962 - werkzeug - INFO -  * Restarting with watchdog (windowsapi)
2025-09-08 14:32:34,926 - werkzeug - INFO -  * Restarting with watchdog (windowsapi)
2025-09-08 14:34:10,384 - werkzeug - INFO -  * Restarting with watchdog (windowsapi)
2025-09-08 14:38:32,348 - werkzeug - INFO -  * Restarting with watchdog (windowsapi)
2025-09-08 14:38:40,237 - werkzeug - INFO -  * Restarting with watchdog (windowsapi)
2025-09-08 14:38:50,143 - werkzeug - INFO -  * Restarting with watchdog (windowsapi)
2025-09-08 15:10:38,068 - werkzeug - INFO -  * Restarting with watchdog (windowsapi)
2025-09-08 15:10:41,008 - werkzeug - INFO -  * Restarting with watchdog (windowsapi)
2025-09-08 15:10:46,896 - werkzeug - INFO -  * Restarting with watchdog (windowsapi)
2025-09-08 15:10:57,920 - werkzeug - INFO -  * Restarting with watchdog (windowsapi)
2025-09-08 15:11:18,027 - werkzeug - INFO -  * Restarting with watchdog (windowsapi)
2025-09-08 15:11:23,011 - werkzeug - INFO -  * Restarting with watchdog (windowsapi)
2025-09-08 15:11:27,156 - werkzeug - INFO -  * Restarting with watchdog (windowsapi)
2025-09-08 15:14:50,379 - werkzeug - INFO -  * Restarting with watchdog (windowsapi)
2025-09-08 15:14:52,343 - werkzeug - INFO -  * Restarting with watchdog (windowsapi)
2025-09-08 15:15:49,461 - werkzeug - INFO -  * Restarting with watchdog (windowsapi)
2025-09-08 15:15:51,356 - werkzeug - INFO -  * Restarting with watchdog (windowsapi)
2025-09-08 15:16:05,807 - werkzeug - INFO -  * Restarting with watchdog (windowsapi)
2025-09-08 15:16:14,696 - werkzeug - INFO -  * Restarting with watchdog (windowsapi)
2025-09-08 15:16:43,872 - werkzeug - INFO -  * Restarting with watchdog (windowsapi)
2025-09-08 15:16:55,909 - werkzeug - INFO -  * Restarting with watchdog (windowsapi)
2025-09-08 15:17:05,266 - werkzeug - INFO -  * Restarting with watchdog (windowsapi)
2025-09-08 15:20:51,862 - werkzeug - INFO -  * Restarting with watchdog (windowsapi)
2025-09-08 15:21:12,379 - werkzeug - INFO -  * Restarting with watchdog (windowsapi)
2025-09-08 15:22:00,775 - werkzeug - INFO -  * Restarting with watchdog (windowsapi)
2025-09-08 15:23:02,973 - werkzeug - INFO -  * Restarting with watchdog (windowsapi)
2025-09-08 15:25:29,356 - werkzeug - INFO -  * Restarting with watchdog (windowsapi)
2025-09-08 15:25:31,290 - werkzeug - INFO -  * Restarting with watchdog (windowsapi)
2025-09-08 15:25:36,971 - werkzeug - INFO -  * Restarting with watchdog (windowsapi)
2025-09-08 15:26:09,157 - werkzeug - INFO -  * Restarting with watchdog (windowsapi)
2025-09-08 15:26:12,065 - werkzeug - INFO -  * Restarting with watchdog (windowsapi)
2025-09-08 15:26:20,012 - werkzeug - INFO -  * Restarting with watchdog (windowsapi)
2025-09-08 15:26:34,521 - werkzeug - INFO -  * Restarting with watchdog (windowsapi)
2025-09-08 15:30:24,622 - werkzeug - INFO -  * Restarting with watchdog (windowsapi)
2025-09-08 15:30:48,111 - werkzeug - INFO -  * Restarting with watchdog (windowsapi)
2025-09-08 15:30:50,013 - werkzeug - INFO -  * Restarting with watchdog (windowsapi)
2025-09-08 15:31:18,570 - werkzeug - INFO -  * Restarting with watchdog (windowsapi)
