2025-07-25 11:15:32,639 - werkzeug - WARNING -  * Debugger is active!
2025-07-25 11:15:32,639 - werkzeug - INFO -  * Debugger PIN: 691-175-853
2025-07-25 11:15:32,667 - Review.reviews.eus5p_review - INFO - Loading EOD data...
2025-07-25 11:15:36,519 - Review.reviews.eus5p_review - INFO - Loading reference data...
2025-07-25 11:15:44,618 - Review.reviews.eus5p_review - INFO - Common columns (11): ['12 month aver. turnover EUR', '20 days aver. turn EUR', '3 months aver. Turnover USD', '6 month aver. turnover EUR', 'Currency', 'ISIN', 'NOSH', 'Name', 'Price', 'Rank', 'Ticker']
2025-07-25 11:15:44,618 - Review.reviews.eus5p_review - INFO - Eurozone-only columns (8): ['10 days aver. turn EUR', '100 days aver. turn EUR', '100 days volatility', '126 days volatility', '180 days volatility', '3 months aver. Turnover EUR', '5 days aver. turn EUR', 'MIC']
2025-07-25 11:15:44,618 - Review.reviews.eus5p_review - INFO - North America-only columns (3): ['3 month aver. turnover EUR', 'Exchange Name (VND)', 'Sec Market Value (EUR)']
2025-07-25 11:15:44,618 - Review.reviews.eus5p_review - INFO - Final column order will be: ['Rank', 'Ticker', 'Name', 'ISIN', 'MIC', 'NOSH', 'Price', 'Currency', '12 month aver. turnover EUR', '20 days aver. turn EUR', '10 days aver. turn EUR', '5 days aver. turn EUR', '6 month aver. turnover EUR', '126 days volatility', '100 days volatility', '100 days aver. turn EUR', '180 days volatility', '3 months aver. Turnover EUR', '3 months aver. Turnover USD', 'Exchange Name (VND)', 'Sec Market Value (EUR)', '3 month aver. turnover EUR']
2025-07-25 11:15:44,618 - Review.reviews.eus5p_review - INFO - Total columns in combined DataFrame: 22
2025-07-25 11:15:44,715 - Review.reviews.eus5p_review - INFO - Total universe: 800 companies
2025-07-25 11:15:44,715 - Review.reviews.eus5p_review - INFO - Eurozone companies: 300
2025-07-25 11:15:44,715 - Review.reviews.eus5p_review - INFO - North America companies: 500
2025-07-25 11:15:44,715 - Review.reviews.eus5p_review - INFO - Eligible Eurozone companies: 300
2025-07-25 11:15:44,715 - Review.reviews.eus5p_review - INFO - Eligible North America companies: 500
2025-07-25 11:15:44,715 - Review.reviews.eus5p_review - INFO - Selecting top 35 Eurozone companies with highest FFMC...
2025-07-25 11:15:44,715 - Review.reviews.eus5p_review - INFO - Selecting top 15 North America companies with highest FFMC...
2025-07-25 11:15:44,715 - Review.reviews.eus5p_review - INFO - Selected 35 Eurozone companies
2025-07-25 11:15:44,715 - Review.reviews.eus5p_review - INFO - Selected 15 North America companies
2025-07-25 11:15:44,715 - Review.reviews.eus5p_review - INFO - Total selected companies: 50
2025-07-25 11:15:44,715 - Review.reviews.eus5p_review - INFO - Final selection - Eurozone: 35, North America: 15
2025-07-25 11:15:44,715 - Review.reviews.eus5p_review - INFO - Final EUS5P composition - Eurozone: 35, North America: 15
2025-07-25 11:15:44,724 - Review.reviews.eus5p_review - INFO - Saving EUS5P output to: C:\Users\CSonneveld\OneDrive - Euronext\Documents\Projects\GUI + Reviews\output\EUS5P_df_20250725_111544.xlsx
2025-07-25 11:15:45,054 - werkzeug - INFO - 127.0.0.1 - - [25/Jul/2025 11:15:45] "POST /calculate HTTP/1.1" 200 -
2025-07-25 11:17:22,440 - werkzeug - INFO -  * Detected change in 'C:\\Users\\CSonneveld\\OneDrive - Euronext\\Documents\\Projects\\GUI + Reviews\\Review\\reviews\\eus5p_review.py', reloading
2025-07-25 11:17:22,440 - werkzeug - INFO -  * Detected change in 'C:\\Users\\CSonneveld\\OneDrive - Euronext\\Documents\\Projects\\GUI + Reviews\\Review\\reviews\\eus5p_review.py', reloading
