2025-02-05 11:16:16,037 - werkzeug - WARNING -  * Debugger is active!
2025-02-05 11:16:16,040 - werkzeug - INFO -  * Debugger PIN: 691-175-853
2025-02-05 11:16:20,794 - Review.reviews.sbf80_review - INFO - Loading EOD data...
2025-02-05 11:16:22,523 - Review.reviews.sbf80_review - INFO - Loading reference data...
2025-02-05 11:16:22,821 - Review.reviews.sbf80_review - ERROR - Error during review calculation: 'NoneType' object has no attribute 'rename'
2025-02-05 11:16:22,822 - Review.reviews.sbf80_review - ERROR - Traceback (most recent call last):
  File "C:\Users\CSonneveld\OneDrive - Euronext\Documents\Projects\GUI + Reviews\Review\reviews\sbf80_review.py", line 44, in run_sbf80_review
    .rename(columns={
     ^^^^^^
AttributeError: 'NoneType' object has no attribute 'rename'

2025-02-05 11:16:22,827 - werkzeug - INFO - 127.0.0.1 - - [05/Feb/2025 11:16:22] "POST /calculate HTTP/1.1" 200 -
2025-02-05 11:16:26,125 - Review.reviews.sbf80_review - INFO - Loading EOD data...
2025-02-05 11:16:26,777 - Review.reviews.sbf80_review - INFO - Loading reference data...
2025-02-05 11:16:26,975 - Review.reviews.sbf80_review - ERROR - Error during review calculation: cannot reindex on an axis with duplicate labels
2025-02-05 11:16:26,977 - werkzeug - INFO -  * Detected change in 'C:\\Users\\CSonneveld\\AppData\\Roaming\\Python\\Python312\\site-packages\\pandas\\core\\ops\\common.py', reloading
2025-02-05 11:16:26,977 - werkzeug - INFO -  * Detected change in 'C:\\Users\\CSonneveld\\AppData\\Roaming\\Python\\Python312\\site-packages\\pandas\\core\\arraylike.py', reloading
2025-02-05 11:16:26,981 - werkzeug - INFO -  * Detected change in 'C:\\Users\\CSonneveld\\AppData\\Roaming\\Python\\Python312\\site-packages\\pandas\\core\\internals\\managers.py', reloading
2025-02-05 11:16:26,983 - Review.reviews.sbf80_review - ERROR - Traceback (most recent call last):
  File "C:\Users\CSonneveld\OneDrive - Euronext\Documents\Projects\GUI + Reviews\Review\reviews\sbf80_review.py", line 95, in run_sbf80_review
    selection_df['FFMC CO'] = selection_df['Number of Shares'] * selection_df['Free Float'] * selection_df['Close Prc_CO']
                              ~~~~~~~~~~~~~~~~~~~~~~~~~~~~~~~~~^~~~~~~~~~~~~~~~~~~~~~~~~~~~
  File "C:\Users\CSonneveld\AppData\Roaming\Python\Python312\site-packages\pandas\core\ops\common.py", line 76, in new_method
    return method(self, other)
           ^^^^^^^^^^^^^^^^^^^
  File "C:\Users\CSonneveld\AppData\Roaming\Python\Python312\site-packages\pandas\core\arraylike.py", line 206, in __rmul__
    return self._arith_method(other, roperator.rmul)
           ^^^^^^^^^^^^^^^^^^^^^^^^^^^^^^^^^^^^^^^^^
  File "C:\Users\CSonneveld\AppData\Roaming\Python\Python312\site-packages\pandas\core\frame.py", line 7910, in _arith_method
    self, other = self._align_for_op(other, axis, flex=True, level=None)
                  ^^^^^^^^^^^^^^^^^^^^^^^^^^^^^^^^^^^^^^^^^^^^^^^^^^^^^^
  File "C:\Users\CSonneveld\AppData\Roaming\Python\Python312\site-packages\pandas\core\frame.py", line 8211, in _align_for_op
    left, right = left.align(
                  ^^^^^^^^^^^
  File "C:\Users\CSonneveld\AppData\Roaming\Python\Python312\site-packages\pandas\core\generic.py", line 10447, in align
    left, _right, join_index = self._align_series(
                               ^^^^^^^^^^^^^^^^^^^
  File "C:\Users\CSonneveld\AppData\Roaming\Python\Python312\site-packages\pandas\core\generic.py", line 10590, in _align_series
    fdata = fdata.reindex_indexer(join_index, lidx, axis=bm_axis)
            ^^^^^^^^^^^^^^^^^^^^^^^^^^^^^^^^^^^^^^^^^^^^^^^^^^^^^
  File "C:\Users\CSonneveld\AppData\Roaming\Python\Python312\site-packages\pandas\core\internals\managers.py", line 674, in reindex_indexer
    self.axes[axis]._validate_can_reindex(indexer)
  File "C:\Users\CSonneveld\AppData\Roaming\Python\Python312\site-packages\pandas\core\indexes\base.py", line 4321, in _validate_can_reindex
    raise ValueError("cannot reindex on an axis with duplicate labels")
ValueError: cannot reindex on an axis with duplicate labels

2025-02-05 11:16:26,984 - werkzeug - INFO -  * Detected change in 'C:\\Users\\CSonneveld\\AppData\\Roaming\\Python\\Python312\\site-packages\\pandas\\core\\indexes\\base.py', reloading
2025-02-05 11:16:26,993 - werkzeug - INFO - 127.0.0.1 - - [05/Feb/2025 11:16:26] "POST /calculate HTTP/1.1" 200 -
