2025-01-24 14:58:22,368 - werkzeug - WARNING -  * Debugger is active!
2025-01-24 14:58:22,371 - werkzeug - INFO -  * Debugger PIN: 691-175-853
2025-01-24 14:58:22,919 - Review.reviews.fri4p_review - INFO - Loading EOD data...
2025-01-24 14:58:23,692 - Review.reviews.fri4p_review - INFO - Loading reference data...
2025-01-24 14:58:31,005 - Review.reviews.fri4p_review - INFO - Processing sector: 1010.0, area: AS, group size: 45
2025-01-24 14:58:31,006 - Review.reviews.fri4p_review - INFO - Companies in group: 45, to exclude: 8
2025-01-24 14:58:31,007 - Review.reviews.fri4p_review - INFO - Processing sector: 1010.0, area: EU, group size: 20
2025-01-24 14:58:31,014 - Review.reviews.fri4p_review - INFO - Companies in group: 20, to exclude: 3
2025-01-24 14:58:31,015 - Review.reviews.fri4p_review - INFO - Processing sector: 1010.0, area: NA, group size: 72
2025-01-24 14:58:31,016 - Review.reviews.fri4p_review - INFO - Companies in group: 72, to exclude: 14
2025-01-24 14:58:31,016 - Review.reviews.fri4p_review - INFO - Processing sector: 1510.0, area: AS, group size: 12
2025-01-24 14:58:31,017 - Review.reviews.fri4p_review - INFO - Companies in group: 12, to exclude: 2
2025-01-24 14:58:31,017 - Review.reviews.fri4p_review - INFO - Processing sector: 1510.0, area: EU, group size: 17
2025-01-24 14:58:31,018 - Review.reviews.fri4p_review - INFO - Companies in group: 17, to exclude: 3
2025-01-24 14:58:31,018 - Review.reviews.fri4p_review - INFO - Processing sector: 1510.0, area: NA, group size: 10
2025-01-24 14:58:31,019 - Review.reviews.fri4p_review - INFO - Companies in group: 10, to exclude: 1
2025-01-24 14:58:31,019 - Review.reviews.fri4p_review - INFO - Processing sector: 2010.0, area: AS, group size: 31
2025-01-24 14:58:31,020 - Review.reviews.fri4p_review - INFO - Companies in group: 31, to exclude: 6
2025-01-24 14:58:31,021 - Review.reviews.fri4p_review - INFO - Processing sector: 2010.0, area: EU, group size: 47
2025-01-24 14:58:31,021 - Review.reviews.fri4p_review - INFO - Companies in group: 47, to exclude: 9
2025-01-24 14:58:31,022 - Review.reviews.fri4p_review - INFO - Processing sector: 2010.0, area: NA, group size: 48
2025-01-24 14:58:31,022 - Review.reviews.fri4p_review - INFO - Companies in group: 48, to exclude: 9
2025-01-24 14:58:31,023 - Review.reviews.fri4p_review - INFO - Processing sector: 3010.0, area: AS, group size: 29
2025-01-24 14:58:31,023 - Review.reviews.fri4p_review - INFO - Companies in group: 29, to exclude: 5
2025-01-24 14:58:31,023 - Review.reviews.fri4p_review - INFO - Processing sector: 3010.0, area: EU, group size: 40
2025-01-24 14:58:31,024 - Review.reviews.fri4p_review - INFO - Companies in group: 40, to exclude: 7
2025-01-24 14:58:31,024 - Review.reviews.fri4p_review - INFO - Processing sector: 3010.0, area: NA, group size: 21
2025-01-24 14:58:31,025 - Review.reviews.fri4p_review - INFO - Companies in group: 21, to exclude: 4
2025-01-24 14:58:31,025 - Review.reviews.fri4p_review - INFO - Processing sector: 3020.0, area: AS, group size: 15
2025-01-24 14:58:31,026 - Review.reviews.fri4p_review - INFO - Companies in group: 15, to exclude: 2
2025-01-24 14:58:31,026 - Review.reviews.fri4p_review - INFO - Processing sector: 3020.0, area: EU, group size: 30
2025-01-24 14:58:31,027 - Review.reviews.fri4p_review - INFO - Companies in group: 30, to exclude: 5
2025-01-24 14:58:31,027 - Review.reviews.fri4p_review - INFO - Processing sector: 3020.0, area: NA, group size: 32
2025-01-24 14:58:31,028 - Review.reviews.fri4p_review - INFO - Companies in group: 32, to exclude: 6
2025-01-24 14:58:31,028 - Review.reviews.fri4p_review - INFO - Processing sector: 3030.0, area: AS, group size: 14
2025-01-24 14:58:31,029 - Review.reviews.fri4p_review - INFO - Companies in group: 14, to exclude: 2
2025-01-24 14:58:31,029 - Review.reviews.fri4p_review - INFO - Processing sector: 3030.0, area: EU, group size: 30
2025-01-24 14:58:31,030 - Review.reviews.fri4p_review - INFO - Companies in group: 30, to exclude: 5
2025-01-24 14:58:31,030 - Review.reviews.fri4p_review - INFO - Processing sector: 3030.0, area: NA, group size: 23
2025-01-24 14:58:31,031 - Review.reviews.fri4p_review - INFO - Companies in group: 23, to exclude: 4
2025-01-24 14:58:31,031 - Review.reviews.fri4p_review - INFO - Processing sector: 3510.0, area: AS, group size: 47
2025-01-24 14:58:31,032 - Review.reviews.fri4p_review - INFO - Companies in group: 47, to exclude: 9
2025-01-24 14:58:31,032 - Review.reviews.fri4p_review - INFO - Processing sector: 3510.0, area: EU, group size: 21
2025-01-24 14:58:31,033 - Review.reviews.fri4p_review - INFO - Companies in group: 21, to exclude: 4
2025-01-24 14:58:31,033 - Review.reviews.fri4p_review - INFO - Processing sector: 3510.0, area: NA, group size: 22
2025-01-24 14:58:31,034 - Review.reviews.fri4p_review - INFO - Companies in group: 22, to exclude: 4
2025-01-24 14:58:31,034 - Review.reviews.fri4p_review - INFO - Processing sector: 4010.0, area: AS, group size: 15
2025-01-24 14:58:31,035 - Review.reviews.fri4p_review - INFO - Companies in group: 15, to exclude: 2
2025-01-24 14:58:31,035 - Review.reviews.fri4p_review - INFO - Processing sector: 4010.0, area: EU, group size: 12
2025-01-24 14:58:31,036 - Review.reviews.fri4p_review - INFO - Companies in group: 12, to exclude: 2
2025-01-24 14:58:31,036 - Review.reviews.fri4p_review - INFO - Processing sector: 4010.0, area: NA, group size: 4
2025-01-24 14:58:31,037 - Review.reviews.fri4p_review - INFO - Companies in group: 4, to exclude: 0
2025-01-24 14:58:31,037 - Review.reviews.fri4p_review - WARNING - No companies to exclude for sector 4010.0 and area NA
2025-01-24 14:58:31,037 - Review.reviews.fri4p_review - INFO - Processing sector: 4020.0, area: AS, group size: 28
2025-01-24 14:58:31,038 - Review.reviews.fri4p_review - INFO - Companies in group: 28, to exclude: 5
2025-01-24 14:58:31,038 - Review.reviews.fri4p_review - INFO - Processing sector: 4020.0, area: EU, group size: 22
2025-01-24 14:58:31,039 - Review.reviews.fri4p_review - INFO - Companies in group: 22, to exclude: 4
2025-01-24 14:58:31,040 - Review.reviews.fri4p_review - INFO - Processing sector: 4020.0, area: NA, group size: 16
2025-01-24 14:58:31,040 - Review.reviews.fri4p_review - INFO - Companies in group: 16, to exclude: 3
2025-01-24 14:58:31,041 - Review.reviews.fri4p_review - INFO - Processing sector: 4030.0, area: AS, group size: 7
2025-01-24 14:58:31,041 - Review.reviews.fri4p_review - INFO - Companies in group: 7, to exclude: 1
2025-01-24 14:58:31,042 - Review.reviews.fri4p_review - INFO - Processing sector: 4030.0, area: EU, group size: 8
2025-01-24 14:58:31,042 - Review.reviews.fri4p_review - INFO - Companies in group: 8, to exclude: 1
2025-01-24 14:58:31,042 - Review.reviews.fri4p_review - INFO - Processing sector: 4030.0, area: NA, group size: 7
2025-01-24 14:58:31,043 - Review.reviews.fri4p_review - INFO - Companies in group: 7, to exclude: 1
2025-01-24 14:58:31,043 - Review.reviews.fri4p_review - INFO - Processing sector: 4040.0, area: AS, group size: 14
2025-01-24 14:58:31,043 - Review.reviews.fri4p_review - INFO - Companies in group: 14, to exclude: 2
2025-01-24 14:58:31,043 - Review.reviews.fri4p_review - INFO - Processing sector: 4040.0, area: EU, group size: 10
2025-01-24 14:58:31,044 - Review.reviews.fri4p_review - INFO - Companies in group: 10, to exclude: 1
2025-01-24 14:58:31,044 - Review.reviews.fri4p_review - INFO - Processing sector: 4040.0, area: NA, group size: 18
2025-01-24 14:58:31,045 - Review.reviews.fri4p_review - INFO - Companies in group: 18, to exclude: 3
2025-01-24 14:58:31,045 - Review.reviews.fri4p_review - INFO - Processing sector: 4050.0, area: AS, group size: 19
2025-01-24 14:58:31,046 - Review.reviews.fri4p_review - INFO - Companies in group: 19, to exclude: 3
2025-01-24 14:58:31,046 - Review.reviews.fri4p_review - INFO - Processing sector: 4050.0, area: EU, group size: 13
2025-01-24 14:58:31,046 - Review.reviews.fri4p_review - INFO - Companies in group: 13, to exclude: 2
2025-01-24 14:58:31,047 - Review.reviews.fri4p_review - INFO - Processing sector: 4050.0, area: NA, group size: 21
2025-01-24 14:58:31,047 - Review.reviews.fri4p_review - INFO - Companies in group: 21, to exclude: 4
2025-01-24 14:58:31,047 - Review.reviews.fri4p_review - INFO - Processing sector: 4510.0, area: AS, group size: 24
2025-01-24 14:58:31,047 - Review.reviews.fri4p_review - INFO - Companies in group: 24, to exclude: 4
2025-01-24 14:58:31,048 - Review.reviews.fri4p_review - INFO - Processing sector: 4510.0, area: EU, group size: 27
2025-01-24 14:58:31,048 - Review.reviews.fri4p_review - INFO - Companies in group: 27, to exclude: 5
2025-01-24 14:58:31,048 - Review.reviews.fri4p_review - INFO - Processing sector: 4510.0, area: NA, group size: 16
2025-01-24 14:58:31,049 - Review.reviews.fri4p_review - INFO - Companies in group: 16, to exclude: 3
2025-01-24 14:58:31,049 - Review.reviews.fri4p_review - INFO - Processing sector: 4520.0, area: AS, group size: 14
2025-01-24 14:58:31,050 - Review.reviews.fri4p_review - INFO - Companies in group: 14, to exclude: 2
2025-01-24 14:58:31,050 - Review.reviews.fri4p_review - INFO - Processing sector: 4520.0, area: EU, group size: 13
2025-01-24 14:58:31,050 - Review.reviews.fri4p_review - INFO - Companies in group: 13, to exclude: 2
2025-01-24 14:58:31,051 - Review.reviews.fri4p_review - INFO - Processing sector: 4520.0, area: NA, group size: 12
2025-01-24 14:58:31,051 - Review.reviews.fri4p_review - INFO - Companies in group: 12, to exclude: 2
2025-01-24 14:58:31,052 - Review.reviews.fri4p_review - INFO - Processing sector: 5010.0, area: AS, group size: 18
2025-01-24 14:58:31,052 - Review.reviews.fri4p_review - INFO - Companies in group: 18, to exclude: 3
2025-01-24 14:58:31,052 - Review.reviews.fri4p_review - INFO - Processing sector: 5010.0, area: EU, group size: 24
2025-01-24 14:58:31,053 - Review.reviews.fri4p_review - INFO - Companies in group: 24, to exclude: 4
2025-01-24 14:58:31,053 - Review.reviews.fri4p_review - INFO - Processing sector: 5010.0, area: NA, group size: 14
2025-01-24 14:58:31,053 - Review.reviews.fri4p_review - INFO - Companies in group: 14, to exclude: 2
2025-01-24 14:58:31,054 - Review.reviews.fri4p_review - INFO - Processing sector: 5020.0, area: AS, group size: 100
2025-01-24 14:58:31,054 - Review.reviews.fri4p_review - INFO - Companies in group: 100, to exclude: 19
2025-01-24 14:58:31,054 - Review.reviews.fri4p_review - INFO - Processing sector: 5020.0, area: EU, group size: 91
2025-01-24 14:58:31,055 - Review.reviews.fri4p_review - INFO - Companies in group: 91, to exclude: 18
2025-01-24 14:58:31,055 - Review.reviews.fri4p_review - INFO - Processing sector: 5020.0, area: NA, group size: 81
2025-01-24 14:58:31,056 - Review.reviews.fri4p_review - INFO - Companies in group: 81, to exclude: 16
2025-01-24 14:58:31,056 - Review.reviews.fri4p_review - INFO - Processing sector: 5510.0, area: AS, group size: 18
2025-01-24 14:58:31,056 - Review.reviews.fri4p_review - INFO - Companies in group: 18, to exclude: 3
2025-01-24 14:58:31,057 - Review.reviews.fri4p_review - INFO - Processing sector: 5510.0, area: EU, group size: 13
2025-01-24 14:58:31,057 - Review.reviews.fri4p_review - INFO - Companies in group: 13, to exclude: 2
2025-01-24 14:58:31,057 - Review.reviews.fri4p_review - INFO - Processing sector: 5510.0, area: NA, group size: 12
2025-01-24 14:58:31,057 - Review.reviews.fri4p_review - INFO - Companies in group: 12, to exclude: 2
2025-01-24 14:58:31,058 - Review.reviews.fri4p_review - INFO - Processing sector: 5520.0, area: AS, group size: 18
2025-01-24 14:58:31,058 - Review.reviews.fri4p_review - INFO - Companies in group: 18, to exclude: 3
2025-01-24 14:58:31,058 - Review.reviews.fri4p_review - INFO - Processing sector: 5520.0, area: EU, group size: 16
2025-01-24 14:58:31,058 - Review.reviews.fri4p_review - INFO - Companies in group: 16, to exclude: 3
2025-01-24 14:58:31,059 - Review.reviews.fri4p_review - INFO - Processing sector: 5520.0, area: NA, group size: 6
2025-01-24 14:58:31,059 - Review.reviews.fri4p_review - INFO - Companies in group: 6, to exclude: 1
2025-01-24 14:58:31,059 - Review.reviews.fri4p_review - INFO - Processing sector: 6010.0, area: AS, group size: 10
2025-01-24 14:58:31,059 - Review.reviews.fri4p_review - INFO - Companies in group: 10, to exclude: 1
2025-01-24 14:58:31,060 - Review.reviews.fri4p_review - INFO - Processing sector: 6010.0, area: EU, group size: 20
2025-01-24 14:58:31,060 - Review.reviews.fri4p_review - INFO - Companies in group: 20, to exclude: 3
2025-01-24 14:58:31,060 - Review.reviews.fri4p_review - INFO - Processing sector: 6010.0, area: NA, group size: 34
2025-01-24 14:58:31,061 - Review.reviews.fri4p_review - INFO - Companies in group: 34, to exclude: 6
2025-01-24 14:58:31,061 - Review.reviews.fri4p_review - INFO - Processing sector: 6510.0, area: AS, group size: 22
2025-01-24 14:58:31,061 - Review.reviews.fri4p_review - INFO - Companies in group: 22, to exclude: 4
2025-01-24 14:58:31,061 - Review.reviews.fri4p_review - INFO - Processing sector: 6510.0, area: EU, group size: 26
2025-01-24 14:58:31,062 - Review.reviews.fri4p_review - INFO - Companies in group: 26, to exclude: 5
2025-01-24 14:58:31,062 - Review.reviews.fri4p_review - INFO - Processing sector: 6510.0, area: NA, group size: 31
2025-01-24 14:58:31,062 - Review.reviews.fri4p_review - INFO - Companies in group: 31, to exclude: 6
2025-01-24 14:58:43,252 - Review.reviews.fri4p_review - INFO - Checking IsinCode FRIX00003643 in index_eod_df
2025-01-24 14:58:43,253 - Review.reviews.fri4p_review - INFO - Found 1 matching rows
2025-01-24 14:58:43,264 - Review.reviews.fri4p_review - INFO - Saving FRI4P output to: C:\Users\CSonneveld\OneDrive - Euronext\Documents\Projects\GUI + Reviews\output\FRI4P_df_20250124_145843.xlsx
2025-01-24 14:58:43,630 - werkzeug - INFO - 127.0.0.1 - - [24/Jan/2025 14:58:43] "POST /calculate HTTP/1.1" 200 -
2025-01-24 16:03:14,661 - werkzeug - INFO -  * Detected change in 'C:\\Users\\CSonneveld\\OneDrive - Euronext\\Documents\\Projects\\GUI + Reviews\\app.py', reloading
