2025-02-10 14:54:59,768 - werkzeug - WARNING -  * Debugger is active!
2025-02-10 14:54:59,770 - werkzeug - INFO -  * Debugger PIN: 691-175-853
2025-02-10 14:55:02,687 - Review.reviews.aexew_review - INFO - Loading EOD data...
2025-02-10 14:55:03,848 - Review.reviews.aexew_review - INFO - Loading reference data...
2025-02-10 14:55:04,081 - Review.reviews.aexew_review - INFO - Saving AEXEW output to: C:\Users\CSonneveld\OneDrive - Euronext\Documents\Projects\GUI + Reviews\output\AEXEW_df_20250210_145504.xlsx
2025-02-10 14:55:04,234 - werkzeug - INFO - 127.0.0.1 - - [10/Feb/2025 14:55:04] "POST /calculate HTTP/1.1" 200 -
2025-02-10 14:55:09,129 - Review.reviews.edwp_review - INFO - Starting EDWP review calculation
2025-02-10 14:55:13,505 - Review.reviews.edwp_review - INFO - 
EDWP Selection Summary:
2025-02-10 14:55:13,507 - Review.reviews.edwp_review - INFO - Total companies selected: 5446
2025-02-10 14:55:13,508 - Review.reviews.edwp_review - INFO - Total FFMC covered: 98.84%
2025-02-10 14:55:13,537 - Review.reviews.edwp_review - INFO - 
DEUP Selection Summary:
2025-02-10 14:55:13,538 - Review.reviews.edwp_review - INFO - Total companies selected: 1327
2025-02-10 14:55:13,539 - Review.reviews.edwp_review - INFO - Total FFMC covered: 98.67%
2025-02-10 14:55:13,557 - Review.reviews.edwp_review - INFO - 
DEZP Selection Summary:
2025-02-10 14:55:13,558 - Review.reviews.edwp_review - INFO - Total companies selected: 494
2025-02-10 14:55:13,559 - Review.reviews.edwp_review - INFO - Total FFMC covered: 98.51%
2025-02-10 14:55:13,576 - Review.reviews.edwp_review - INFO - 
DAPPR Selection Summary:
2025-02-10 14:55:13,577 - Review.reviews.edwp_review - INFO - Total companies selected: 1909
2025-02-10 14:55:13,578 - Review.reviews.edwp_review - INFO - Total FFMC covered: 98.13%
2025-02-10 14:55:13,592 - Review.reviews.edwp_review - INFO - 
DNAP Selection Summary:
2025-02-10 14:55:13,593 - Review.reviews.edwp_review - INFO - Total companies selected: 1764
2025-02-10 14:55:13,594 - Review.reviews.edwp_review - INFO - Total FFMC covered: 98.18%
2025-02-10 14:55:13,607 - Review.reviews.edwp_review - INFO - 
DASP Selection Summary:
2025-02-10 14:55:13,608 - Review.reviews.edwp_review - INFO - Total companies selected: 1563
2025-02-10 14:55:13,609 - Review.reviews.edwp_review - INFO - Total FFMC covered: 98.07%
2025-02-10 14:55:13,616 - Review.reviews.edwp_review - INFO - 
DPAP Selection Summary:
2025-02-10 14:55:13,617 - Review.reviews.edwp_review - INFO - Total companies selected: 320
2025-02-10 14:55:13,618 - Review.reviews.edwp_review - INFO - Total FFMC covered: 98.04%
2025-02-10 14:55:13,629 - Review.reviews.edwp_review - INFO - 
EUSP Selection Summary:
2025-02-10 14:55:13,630 - Review.reviews.edwp_review - INFO - Total companies selected: 1481
2025-02-10 14:55:13,632 - Review.reviews.edwp_review - INFO - Total FFMC covered: 98.00%
2025-02-10 14:55:13,642 - Review.reviews.edwp_review - INFO - 
EJPP Selection Summary:
2025-02-10 14:55:13,643 - Review.reviews.edwp_review - INFO - Total companies selected: 1414
2025-02-10 14:55:13,644 - Review.reviews.edwp_review - INFO - Total FFMC covered: 98.00%
2025-02-10 14:55:13,649 - Review.reviews.edwp_review - INFO - 
ECHP Selection Summary:
2025-02-10 14:55:13,650 - Review.reviews.edwp_review - INFO - Total companies selected: 74
2025-02-10 14:55:13,651 - Review.reviews.edwp_review - INFO - Total FFMC covered: 98.05%
2025-02-10 14:55:13,657 - Review.reviews.edwp_review - INFO - 
EUKP Selection Summary:
2025-02-10 14:55:13,658 - Review.reviews.edwp_review - INFO - Total companies selected: 320
2025-02-10 14:55:13,659 - Review.reviews.edwp_review - INFO - Total FFMC covered: 98.01%
2025-02-10 14:55:13,664 - Review.reviews.edwp_review - INFO - 
CANP Selection Summary:
2025-02-10 14:55:13,665 - Review.reviews.edwp_review - INFO - Total companies selected: 230
2025-02-10 14:55:13,666 - Review.reviews.edwp_review - INFO - Total FFMC covered: 98.02%
2025-02-10 14:55:13,675 - Review.reviews.edwp_review - INFO - 
Global Selection Summary:
2025-02-10 14:55:13,676 - Review.reviews.edwp_review - INFO - Total companies selected: 5446
2025-02-10 14:55:13,677 - Review.reviews.edwp_review - INFO - Total FFMC covered: 98.84%
2025-02-10 14:55:13,682 - Review.reviews.edwp_review - INFO - 
MIC-level Summary:
2025-02-10 14:55:13,682 - Review.reviews.edwp_review - INFO -       ISIN          FFMC  EDWP_selection
MIC                                     
ALXP     1  1.337544e+09               1
BATS     3  1.962934e+10               1
MERK     2  2.803735e+08               2
MTAA   246  5.292374e+11              85
WBAH    26  5.370078e+10              17
XAMS    79  1.157401e+12              44
XASX   886  1.442942e+12             283
XBRU    58  1.938564e+11              34
XCSE   107  6.350474e+11              36
XESM     2  1.794035e+09               2
XETR   227  1.472409e+12             106
XHEL   127  2.061674e+11              49
XHKG   209  3.465502e+11              69
XLIS    18  3.541669e+10              11
XLON   872  2.336733e+12             320
XMAD    99  4.808796e+11              41
XMSM    14  5.274635e+10              10
XNGM    47  4.908139e+08               1
XNGS  2628  2.418978e+13             773
XNYS  1736  2.534917e+13            1143
XNZE    52  6.656698e+10              35
XOSL   245  1.738210e+11             125
XPAR   351  1.866583e+12              94
XSES   118  2.570802e+11              62
XSTO   648  7.073552e+11             222
XSWX   148  1.669679e+12              86
XTAE   275  1.399417e+11             150
XTKS  3711  4.991981e+12            1414
XTSE   491  2.080540e+12             230
2025-02-10 14:55:13,704 - Review.reviews.edwp_review - INFO - Saving output to: C:\Users\CSonneveld\OneDrive - Euronext\Documents\Projects\GUI + Reviews\output\EDWP_df_20250210_145513.xlsx
2025-02-10 14:55:13,959 - Review.reviews.edwp_review - INFO - 
EDWP Changes Summary:
2025-02-10 14:55:13,960 - Review.reviews.edwp_review - INFO - Inclusions: 3854
2025-02-10 14:55:13,960 - Review.reviews.edwp_review - INFO - Exclusions: 11
2025-02-10 14:55:14,019 - Review.reviews.edwp_review - INFO - 
DEUP Changes Summary:
2025-02-10 14:55:14,020 - Review.reviews.edwp_review - INFO - Inclusions: 871
2025-02-10 14:55:14,020 - Review.reviews.edwp_review - INFO - Exclusions: 6
2025-02-10 14:55:14,045 - Review.reviews.edwp_review - INFO - 
DEZP Changes Summary:
2025-02-10 14:55:14,046 - Review.reviews.edwp_review - INFO - Inclusions: 312
2025-02-10 14:55:14,046 - Review.reviews.edwp_review - INFO - Exclusions: 1
2025-02-10 14:55:14,130 - Review.reviews.edwp_review - INFO - 
DAPPR Changes Summary:
2025-02-10 14:55:14,130 - Review.reviews.edwp_review - INFO - Inclusions: 1416
2025-02-10 14:55:14,131 - Review.reviews.edwp_review - INFO - Exclusions: 1
2025-02-10 14:55:14,212 - Review.reviews.edwp_review - INFO - 
DNAP Changes Summary:
2025-02-10 14:55:14,212 - Review.reviews.edwp_review - INFO - Inclusions: 1282
2025-02-10 14:55:14,212 - Review.reviews.edwp_review - INFO - Exclusions: 6
2025-02-10 14:55:14,315 - Review.reviews.edwp_review - INFO - 
DASP Changes Summary:
2025-02-10 14:55:14,316 - Review.reviews.edwp_review - INFO - Inclusions: 1169
2025-02-10 14:55:14,316 - Review.reviews.edwp_review - INFO - Exclusions: 0
2025-02-10 14:55:14,336 - Review.reviews.edwp_review - INFO - 
DPAP Changes Summary:
2025-02-10 14:55:14,336 - Review.reviews.edwp_review - INFO - Inclusions: 228
2025-02-10 14:55:14,337 - Review.reviews.edwp_review - INFO - Exclusions: 1
2025-02-10 14:55:14,404 - Review.reviews.edwp_review - INFO - 
EUSP Changes Summary:
2025-02-10 14:55:14,405 - Review.reviews.edwp_review - INFO - Inclusions: 1093
2025-02-10 14:55:14,405 - Review.reviews.edwp_review - INFO - Exclusions: 5
2025-02-10 14:55:14,470 - Review.reviews.edwp_review - INFO - 
EJPP Changes Summary:
2025-02-10 14:55:14,470 - Review.reviews.edwp_review - INFO - Inclusions: 1075
2025-02-10 14:55:14,471 - Review.reviews.edwp_review - INFO - Exclusions: 0
2025-02-10 14:55:14,478 - Review.reviews.edwp_review - INFO - 
ECHP Changes Summary:
2025-02-10 14:55:14,478 - Review.reviews.edwp_review - INFO - Inclusions: 50
2025-02-10 14:55:14,479 - Review.reviews.edwp_review - INFO - Exclusions: 0
2025-02-10 14:55:14,497 - Review.reviews.edwp_review - INFO - 
EUKP Changes Summary:
2025-02-10 14:55:14,498 - Review.reviews.edwp_review - INFO - Inclusions: 225
2025-02-10 14:55:14,498 - Review.reviews.edwp_review - INFO - Exclusions: 0
2025-02-10 14:55:14,512 - Review.reviews.edwp_review - INFO - 
CANP Changes Summary:
2025-02-10 14:55:14,513 - Review.reviews.edwp_review - INFO - Inclusions: 156
2025-02-10 14:55:14,513 - Review.reviews.edwp_review - INFO - Exclusions: 1
2025-02-10 14:55:18,804 - Review.reviews.edwp_review - INFO - File successfully saved to: C:\Users\CSonneveld\OneDrive - Euronext\Documents\Projects\GUI + Reviews\output\EDWP_df_20250210_145513.xlsx
2025-02-10 14:55:18,867 - werkzeug - INFO - 127.0.0.1 - - [10/Feb/2025 14:55:18] "POST /calculate HTTP/1.1" 200 -
2025-02-10 14:56:57,826 - Review.reviews.edwp_review - INFO - Starting EDWP review calculation
2025-02-10 14:57:02,953 - Review.reviews.edwp_review - INFO - 
EDWP Selection Summary:
2025-02-10 14:57:02,955 - Review.reviews.edwp_review - INFO - Total companies selected: 5446
2025-02-10 14:57:02,957 - Review.reviews.edwp_review - INFO - Total FFMC covered: 98.84%
2025-02-10 14:57:02,981 - Review.reviews.edwp_review - INFO - 
DEUP Selection Summary:
2025-02-10 14:57:02,982 - Review.reviews.edwp_review - INFO - Total companies selected: 1327
2025-02-10 14:57:02,983 - Review.reviews.edwp_review - INFO - Total FFMC covered: 98.67%
2025-02-10 14:57:03,000 - Review.reviews.edwp_review - INFO - 
DEZP Selection Summary:
2025-02-10 14:57:03,001 - Review.reviews.edwp_review - INFO - Total companies selected: 494
2025-02-10 14:57:03,002 - Review.reviews.edwp_review - INFO - Total FFMC covered: 98.51%
2025-02-10 14:57:03,018 - Review.reviews.edwp_review - INFO - 
DAPPR Selection Summary:
2025-02-10 14:57:03,019 - Review.reviews.edwp_review - INFO - Total companies selected: 1909
2025-02-10 14:57:03,021 - Review.reviews.edwp_review - INFO - Total FFMC covered: 98.13%
2025-02-10 14:57:03,033 - Review.reviews.edwp_review - INFO - 
DNAP Selection Summary:
2025-02-10 14:57:03,034 - Review.reviews.edwp_review - INFO - Total companies selected: 1764
2025-02-10 14:57:03,036 - Review.reviews.edwp_review - INFO - Total FFMC covered: 98.18%
2025-02-10 14:57:03,048 - Review.reviews.edwp_review - INFO - 
DASP Selection Summary:
2025-02-10 14:57:03,049 - Review.reviews.edwp_review - INFO - Total companies selected: 1563
2025-02-10 14:57:03,050 - Review.reviews.edwp_review - INFO - Total FFMC covered: 98.07%
2025-02-10 14:57:03,058 - Review.reviews.edwp_review - INFO - 
DPAP Selection Summary:
2025-02-10 14:57:03,059 - Review.reviews.edwp_review - INFO - Total companies selected: 320
2025-02-10 14:57:03,060 - Review.reviews.edwp_review - INFO - Total FFMC covered: 98.04%
2025-02-10 14:57:03,071 - Review.reviews.edwp_review - INFO - 
EUSP Selection Summary:
2025-02-10 14:57:03,072 - Review.reviews.edwp_review - INFO - Total companies selected: 1481
2025-02-10 14:57:03,073 - Review.reviews.edwp_review - INFO - Total FFMC covered: 98.00%
2025-02-10 14:57:03,082 - Review.reviews.edwp_review - INFO - 
EJPP Selection Summary:
2025-02-10 14:57:03,084 - Review.reviews.edwp_review - INFO - Total companies selected: 1414
2025-02-10 14:57:03,085 - Review.reviews.edwp_review - INFO - Total FFMC covered: 98.00%
2025-02-10 14:57:03,090 - Review.reviews.edwp_review - INFO - 
ECHP Selection Summary:
2025-02-10 14:57:03,091 - Review.reviews.edwp_review - INFO - Total companies selected: 74
2025-02-10 14:57:03,092 - Review.reviews.edwp_review - INFO - Total FFMC covered: 98.05%
2025-02-10 14:57:03,097 - Review.reviews.edwp_review - INFO - 
EUKP Selection Summary:
2025-02-10 14:57:03,098 - Review.reviews.edwp_review - INFO - Total companies selected: 320
2025-02-10 14:57:03,099 - Review.reviews.edwp_review - INFO - Total FFMC covered: 98.01%
2025-02-10 14:57:03,104 - Review.reviews.edwp_review - INFO - 
CANP Selection Summary:
2025-02-10 14:57:03,105 - Review.reviews.edwp_review - INFO - Total companies selected: 230
2025-02-10 14:57:03,106 - Review.reviews.edwp_review - INFO - Total FFMC covered: 98.02%
2025-02-10 14:57:03,115 - Review.reviews.edwp_review - INFO - 
Global Selection Summary:
2025-02-10 14:57:03,115 - Review.reviews.edwp_review - INFO - Total companies selected: 5446
2025-02-10 14:57:03,117 - Review.reviews.edwp_review - INFO - Total FFMC covered: 98.84%
2025-02-10 14:57:03,121 - Review.reviews.edwp_review - INFO - 
MIC-level Summary:
2025-02-10 14:57:03,121 - Review.reviews.edwp_review - INFO -       ISIN          FFMC  EDWP_selection
MIC                                     
ALXP     1  1.337544e+09               1
BATS     3  1.962934e+10               1
MERK     2  2.803735e+08               2
MTAA   246  5.292374e+11              85
WBAH    26  5.370078e+10              17
XAMS    79  1.157401e+12              44
XASX   886  1.442942e+12             283
XBRU    58  1.938564e+11              34
XCSE   107  6.350474e+11              36
XESM     2  1.794035e+09               2
XETR   227  1.472409e+12             106
XHEL   127  2.061674e+11              49
XHKG   209  3.465502e+11              69
XLIS    18  3.541669e+10              11
XLON   872  2.336733e+12             320
XMAD    99  4.808796e+11              41
XMSM    14  5.274635e+10              10
XNGM    47  4.908139e+08               1
XNGS  2628  2.418978e+13             773
XNYS  1736  2.534917e+13            1143
XNZE    52  6.656698e+10              35
XOSL   245  1.738210e+11             125
XPAR   351  1.866583e+12              94
XSES   118  2.570802e+11              62
XSTO   648  7.073552e+11             222
XSWX   148  1.669679e+12              86
XTAE   275  1.399417e+11             150
XTKS  3711  4.991981e+12            1414
XTSE   491  2.080540e+12             230
2025-02-10 14:57:03,137 - Review.reviews.edwp_review - INFO - Saving output to: C:\Users\CSonneveld\OneDrive - Euronext\Documents\Projects\GUI + Reviews\output\EDWP_df_20250210_145703.xlsx
2025-02-10 14:57:03,357 - Review.reviews.edwp_review - INFO - 
EDWP Changes Summary:
2025-02-10 14:57:03,357 - Review.reviews.edwp_review - INFO - Inclusions: 3854
2025-02-10 14:57:03,358 - Review.reviews.edwp_review - INFO - Exclusions: 11
2025-02-10 14:57:03,414 - Review.reviews.edwp_review - INFO - 
DEUP Changes Summary:
2025-02-10 14:57:03,414 - Review.reviews.edwp_review - INFO - Inclusions: 871
2025-02-10 14:57:03,415 - Review.reviews.edwp_review - INFO - Exclusions: 6
2025-02-10 14:57:03,466 - Review.reviews.edwp_review - INFO - 
DEZP Changes Summary:
2025-02-10 14:57:03,466 - Review.reviews.edwp_review - INFO - Inclusions: 312
2025-02-10 14:57:03,466 - Review.reviews.edwp_review - INFO - Exclusions: 1
2025-02-10 14:57:03,560 - Review.reviews.edwp_review - INFO - 
DAPPR Changes Summary:
2025-02-10 14:57:03,560 - Review.reviews.edwp_review - INFO - Inclusions: 1416
2025-02-10 14:57:03,560 - Review.reviews.edwp_review - INFO - Exclusions: 1
2025-02-10 14:57:03,635 - Review.reviews.edwp_review - INFO - 
DNAP Changes Summary:
2025-02-10 14:57:03,636 - Review.reviews.edwp_review - INFO - Inclusions: 1282
2025-02-10 14:57:03,636 - Review.reviews.edwp_review - INFO - Exclusions: 6
2025-02-10 14:57:03,703 - Review.reviews.edwp_review - INFO - 
DASP Changes Summary:
2025-02-10 14:57:03,703 - Review.reviews.edwp_review - INFO - Inclusions: 1169
2025-02-10 14:57:03,704 - Review.reviews.edwp_review - INFO - Exclusions: 0
2025-02-10 14:57:03,722 - Review.reviews.edwp_review - INFO - 
DPAP Changes Summary:
2025-02-10 14:57:03,722 - Review.reviews.edwp_review - INFO - Inclusions: 228
2025-02-10 14:57:03,723 - Review.reviews.edwp_review - INFO - Exclusions: 1
2025-02-10 14:57:03,786 - Review.reviews.edwp_review - INFO - 
EUSP Changes Summary:
2025-02-10 14:57:03,786 - Review.reviews.edwp_review - INFO - Inclusions: 1093
2025-02-10 14:57:03,787 - Review.reviews.edwp_review - INFO - Exclusions: 5
2025-02-10 14:57:03,878 - Review.reviews.edwp_review - INFO - 
EJPP Changes Summary:
2025-02-10 14:57:03,878 - Review.reviews.edwp_review - INFO - Inclusions: 1075
2025-02-10 14:57:03,878 - Review.reviews.edwp_review - INFO - Exclusions: 0
2025-02-10 14:57:03,886 - Review.reviews.edwp_review - INFO - 
ECHP Changes Summary:
2025-02-10 14:57:03,887 - Review.reviews.edwp_review - INFO - Inclusions: 50
2025-02-10 14:57:03,887 - Review.reviews.edwp_review - INFO - Exclusions: 0
2025-02-10 14:57:03,903 - Review.reviews.edwp_review - INFO - 
EUKP Changes Summary:
2025-02-10 14:57:03,904 - Review.reviews.edwp_review - INFO - Inclusions: 225
2025-02-10 14:57:03,904 - Review.reviews.edwp_review - INFO - Exclusions: 0
2025-02-10 14:57:03,918 - Review.reviews.edwp_review - INFO - 
CANP Changes Summary:
2025-02-10 14:57:03,918 - Review.reviews.edwp_review - INFO - Inclusions: 156
2025-02-10 14:57:03,919 - Review.reviews.edwp_review - INFO - Exclusions: 1
2025-02-10 14:57:07,951 - Review.reviews.edwp_review - INFO - File successfully saved to: C:\Users\CSonneveld\OneDrive - Euronext\Documents\Projects\GUI + Reviews\output\EDWP_df_20250210_145703.xlsx
2025-02-10 14:57:08,036 - werkzeug - INFO - 127.0.0.1 - - [10/Feb/2025 14:57:08] "POST /calculate HTTP/1.1" 200 -
2025-02-10 14:59:52,605 - werkzeug - INFO -  * Detected change in 'C:\\Program Files\\Python312\\Lib\\ntpath.py', reloading
2025-02-10 14:59:53,020 - werkzeug - INFO -  * Detected change in 'C:\\Users\\CSonneveld\\OneDrive - Euronext\\Documents\\Projects\\GUI + Reviews\\Review\\reviews\\edwp_review.py', reloading
2025-02-10 14:59:53,021 - werkzeug - INFO -  * Detected change in 'C:\\Users\\CSonneveld\\OneDrive - Euronext\\Documents\\Projects\\GUI + Reviews\\Review\\reviews\\edwp_review.py', reloading
2025-02-10 14:59:53,022 - werkzeug - INFO -  * Detected change in 'C:\\Users\\CSonneveld\\OneDrive - Euronext\\Documents\\Projects\\GUI + Reviews\\Review\\reviews\\edwp_review.py', reloading
