2025-01-22 14:45:13,188 - werkzeug - WARNING -  * Debugger is active!
2025-01-22 14:45:13,190 - werkzeug - INFO -  * Debugger PIN: 691-175-853
2025-01-22 14:45:14,048 - Review.reviews.f4rip_review - INFO - Loading EOD data...
2025-01-22 14:45:14,528 - Review.reviews.f4rip_review - INFO - Loading reference data...
2025-01-22 14:45:15,082 - Review.reviews.f4rip_review - ERROR - Error during review calculation: 'ISIN'
2025-01-22 14:45:15,086 - werkzeug - INFO -  * Detected change in 'C:\\Users\\CSonneveld\\AppData\\Roaming\\Python\\Python312\\site-packages\\pandas\\core\\reshape\\merge.py', reloading
2025-01-22 14:45:15,087 - Review.reviews.f4rip_review - ERROR - Traceback (most recent call last):
  File "C:\Users\CSonneveld\OneDrive - Euronext\Documents\Projects\GUI + Reviews\Review\reviews\f4rip_review.py", line 65, in run_f4rip_review
    PX1_df = PX1_df.merge(
             ^^^^^^^^^^^^^
  File "C:\Users\CSonneveld\AppData\Roaming\Python\Python312\site-packages\pandas\core\frame.py", line 10832, in merge
    return merge(
           ^^^^^^
  File "C:\Users\CSonneveld\AppData\Roaming\Python\Python312\site-packages\pandas\core\reshape\merge.py", line 170, in merge
    op = _MergeOperation(
         ^^^^^^^^^^^^^^^^
  File "C:\Users\CSonneveld\AppData\Roaming\Python\Python312\site-packages\pandas\core\reshape\merge.py", line 794, in __init__
    ) = self._get_merge_keys()
        ^^^^^^^^^^^^^^^^^^^^^^
  File "C:\Users\CSonneveld\AppData\Roaming\Python\Python312\site-packages\pandas\core\reshape\merge.py", line 1310, in _get_merge_keys
    left_keys.append(left._get_label_or_level_values(lk))
                     ^^^^^^^^^^^^^^^^^^^^^^^^^^^^^^^^^^^
  File "C:\Users\CSonneveld\AppData\Roaming\Python\Python312\site-packages\pandas\core\generic.py", line 1911, in _get_label_or_level_values
    raise KeyError(key)
KeyError: 'ISIN'

2025-01-22 14:45:15,088 - werkzeug - INFO -  * Detected change in 'C:\\Users\\CSonneveld\\AppData\\Roaming\\Python\\Python312\\site-packages\\pandas\\core\\generic.py', reloading
2025-01-22 14:45:15,093 - werkzeug - INFO - 127.0.0.1 - - [22/Jan/2025 14:45:15] "POST /calculate HTTP/1.1" 200 -
