2025-03-17 15:41:07,460 - werkzeug - WARNING -  * Debugger is active!
2025-03-17 15:41:07,462 - werkzeug - INFO -  * Debugger PIN: 691-175-853
2025-03-17 15:41:18,389 - Review.reviews.edwpt_review - INFO - Starting EDWPT review calculation
2025-03-17 15:41:23,768 - Review.reviews.edwpt_review - INFO - 
EDWPT Selection Summary:
2025-03-17 15:41:23,770 - Review.reviews.edwpt_review - INFO - Total companies selected: 5329
2025-03-17 15:41:23,771 - Review.reviews.edwpt_review - INFO - Total FFMC covered: 98.85%
2025-03-17 15:41:23,798 - Review.reviews.edwpt_review - INFO - 
DEUPT Selection Summary:
2025-03-17 15:41:23,800 - Review.reviews.edwpt_review - INFO - Total companies selected: 1263
2025-03-17 15:41:23,802 - Review.reviews.edwpt_review - INFO - Total FFMC covered: 98.66%
2025-03-17 15:41:23,818 - Review.reviews.edwpt_review - INFO - 
DEZPT Selection Summary:
2025-03-17 15:41:23,819 - Review.reviews.edwpt_review - INFO - Total companies selected: 484
2025-03-17 15:41:23,820 - Review.reviews.edwpt_review - INFO - Total FFMC covered: 98.55%
2025-03-17 15:41:23,836 - Review.reviews.edwpt_review - INFO - 
DAPPT Selection Summary:
2025-03-17 15:41:23,838 - Review.reviews.edwpt_review - INFO - Total companies selected: 1919
2025-03-17 15:41:23,839 - Review.reviews.edwpt_review - INFO - Total FFMC covered: 98.16%
2025-03-17 15:41:23,852 - Review.reviews.edwpt_review - INFO - 
DNAPT Selection Summary:
2025-03-17 15:41:23,853 - Review.reviews.edwpt_review - INFO - Total companies selected: 1694
2025-03-17 15:41:23,854 - Review.reviews.edwpt_review - INFO - Total FFMC covered: 98.16%
2025-03-17 15:41:23,866 - Review.reviews.edwpt_review - INFO - 
DASPT Selection Summary:
2025-03-17 15:41:23,868 - Review.reviews.edwpt_review - INFO - Total companies selected: 1568
2025-03-17 15:41:23,869 - Review.reviews.edwpt_review - INFO - Total FFMC covered: 98.10%
2025-03-17 15:41:23,876 - Review.reviews.edwpt_review - INFO - 
DPAPT Selection Summary:
2025-03-17 15:41:23,877 - Review.reviews.edwpt_review - INFO - Total companies selected: 323
2025-03-17 15:41:23,878 - Review.reviews.edwpt_review - INFO - Total FFMC covered: 98.04%
2025-03-17 15:41:23,888 - Review.reviews.edwpt_review - INFO - 
EUSPT Selection Summary:
2025-03-17 15:41:23,889 - Review.reviews.edwpt_review - INFO - Total companies selected: 1429
2025-03-17 15:41:23,890 - Review.reviews.edwpt_review - INFO - Total FFMC covered: 98.00%
2025-03-17 15:41:23,899 - Review.reviews.edwpt_review - INFO - 
EJPPT Selection Summary:
2025-03-17 15:41:23,901 - Review.reviews.edwpt_review - INFO - Total companies selected: 1406
2025-03-17 15:41:23,902 - Review.reviews.edwpt_review - INFO - Total FFMC covered: 98.00%
2025-03-17 15:41:23,906 - Review.reviews.edwpt_review - INFO - 
ECHPT Selection Summary:
2025-03-17 15:41:23,907 - Review.reviews.edwpt_review - INFO - Total companies selected: 75
2025-03-17 15:41:23,908 - Review.reviews.edwpt_review - INFO - Total FFMC covered: 98.03%
2025-03-17 15:41:23,914 - Review.reviews.edwpt_review - INFO - 
EUKPT Selection Summary:
2025-03-17 15:41:23,915 - Review.reviews.edwpt_review - INFO - Total companies selected: 293
2025-03-17 15:41:23,916 - Review.reviews.edwpt_review - INFO - Total FFMC covered: 98.00%
2025-03-17 15:41:23,921 - Review.reviews.edwpt_review - INFO - 
CANPT Selection Summary:
2025-03-17 15:41:23,922 - Review.reviews.edwpt_review - INFO - Total companies selected: 219
2025-03-17 15:41:23,922 - Review.reviews.edwpt_review - INFO - Total FFMC covered: 98.02%
2025-03-17 15:41:23,931 - Review.reviews.edwpt_review - INFO - 
Global Selection Summary:
2025-03-17 15:41:23,931 - Review.reviews.edwpt_review - INFO - Total companies selected: 5329
2025-03-17 15:41:23,934 - Review.reviews.edwpt_review - INFO - Total FFMC covered: 98.85%
2025-03-17 15:41:23,937 - Review.reviews.edwpt_review - INFO - 
MIC-level Summary:
2025-03-17 15:41:23,937 - Review.reviews.edwpt_review - INFO -       ISIN          FFMC  EDWPT_selection
MIC                                      
ALXP     1  9.968077e+08                1
BATS     1  2.112040e+10                1
MERK     2  2.278097e+08                2
MTAA   237  5.901140e+11               78
WBAH    27  6.292269e+10               19
XAMS    79  1.132677e+12               45
XASX   878  1.527946e+12              287
XBRU    62  2.045026e+11               35
XCSE   102  5.132591e+11               36
XESM     2  1.518334e+09                2
XETR   223  1.747680e+12               97
XHEL   127  2.211743e+11               48
XHKG   236  4.848765e+11               73
XLIS    16  3.253346e+10               12
XLON   857  2.406037e+12              293
XMAD    91  5.438350e+11               39
XMSM    15  5.888329e+10               10
XNGM    52  5.491666e+08                0
XNGS  2653  2.837069e+13              762
XNYS  1730  2.815322e+13             1106
XNZE    52  6.129570e+10               35
XOSL   237  1.757004e+11              115
XPAR   350  1.993030e+12               93
XSES   127  3.085594e+11               63
XSTO   630  7.504324e+11              206
XSWX   159  1.768558e+12               85
XTAE   282  1.937618e+11              161
XTKS  3664  5.213690e+12             1406
XTSE   493  2.314548e+12              219
2025-03-17 15:41:23,956 - Review.reviews.edwpt_review - INFO - Saving main output to: C:\Users\CSonneveld\OneDrive - Euronext\Documents\Projects\GUI + Reviews\output\EDWPT_df_20250317_154123.xlsx
2025-03-17 15:41:24,162 - Review.reviews.edwpt_review - INFO - 
EDWPT Changes Summary:
2025-03-17 15:41:24,163 - Review.reviews.edwpt_review - INFO - Inclusions: 242
2025-03-17 15:41:24,163 - Review.reviews.edwpt_review - INFO - Exclusions: 278
2025-03-17 15:41:24,239 - Review.reviews.edwpt_review - INFO - 
DEUPT Changes Summary:
2025-03-17 15:41:24,240 - Review.reviews.edwpt_review - INFO - Inclusions: 56
2025-03-17 15:41:24,240 - Review.reviews.edwpt_review - INFO - Exclusions: 98
2025-03-17 15:41:24,265 - Review.reviews.edwpt_review - INFO - 
DEZPT Changes Summary:
2025-03-17 15:41:24,265 - Review.reviews.edwpt_review - INFO - Inclusions: 22
2025-03-17 15:41:24,266 - Review.reviews.edwpt_review - INFO - Exclusions: 32
2025-03-17 15:41:24,338 - Review.reviews.edwpt_review - INFO - 
DAPPT Changes Summary:
2025-03-17 15:41:24,338 - Review.reviews.edwpt_review - INFO - Inclusions: 108
2025-03-17 15:41:24,339 - Review.reviews.edwpt_review - INFO - Exclusions: 70
2025-03-17 15:41:24,402 - Review.reviews.edwpt_review - INFO - 
DNAPT Changes Summary:
2025-03-17 15:41:24,403 - Review.reviews.edwpt_review - INFO - Inclusions: 50
2025-03-17 15:41:24,403 - Review.reviews.edwpt_review - INFO - Exclusions: 99
2025-03-17 15:41:24,466 - Review.reviews.edwpt_review - INFO - 
DASPT Changes Summary:
2025-03-17 15:41:24,466 - Review.reviews.edwpt_review - INFO - Inclusions: 81
2025-03-17 15:41:24,467 - Review.reviews.edwpt_review - INFO - Exclusions: 53
2025-03-17 15:41:24,487 - Review.reviews.edwpt_review - INFO - 
DPAPT Changes Summary:
2025-03-17 15:41:24,487 - Review.reviews.edwpt_review - INFO - Inclusions: 21
2025-03-17 15:41:24,487 - Review.reviews.edwpt_review - INFO - Exclusions: 15
2025-03-17 15:41:24,560 - Review.reviews.edwpt_review - INFO - 
EUSPT Changes Summary:
2025-03-17 15:41:24,560 - Review.reviews.edwpt_review - INFO - Inclusions: 56
2025-03-17 15:41:24,561 - Review.reviews.edwpt_review - INFO - Exclusions: 96
2025-03-17 15:41:24,621 - Review.reviews.edwpt_review - INFO - 
EJPPT Changes Summary:
2025-03-17 15:41:24,621 - Review.reviews.edwpt_review - INFO - Inclusions: 61
2025-03-17 15:41:24,622 - Review.reviews.edwpt_review - INFO - Exclusions: 49
2025-03-17 15:41:24,661 - Review.reviews.edwpt_review - INFO - 
ECHPT Changes Summary:
2025-03-17 15:41:24,662 - Review.reviews.edwpt_review - INFO - Inclusions: 5
2025-03-17 15:41:24,662 - Review.reviews.edwpt_review - INFO - Exclusions: 4
2025-03-17 15:41:24,680 - Review.reviews.edwpt_review - INFO - 
EUKPT Changes Summary:
2025-03-17 15:41:24,681 - Review.reviews.edwpt_review - INFO - Inclusions: 13
2025-03-17 15:41:24,681 - Review.reviews.edwpt_review - INFO - Exclusions: 30
2025-03-17 15:41:24,697 - Review.reviews.edwpt_review - INFO - 
CANPT Changes Summary:
2025-03-17 15:41:24,698 - Review.reviews.edwpt_review - INFO - Inclusions: 4
2025-03-17 15:41:24,698 - Review.reviews.edwpt_review - INFO - Exclusions: 9
2025-03-17 15:41:28,798 - Review.reviews.edwpt_review - INFO - Saving individual composition file for EDWPT to: C:\Users\CSonneveld\OneDrive - Euronext\Documents\Projects\GUI + Reviews\output\EDWPT_Composition_20250317_154123.xlsx
2025-03-17 15:41:29,096 - Review.reviews.edwpt_review - INFO - Saving individual composition file for DEUPT to: C:\Users\CSonneveld\OneDrive - Euronext\Documents\Projects\GUI + Reviews\output\DEUPT_Composition_20250317_154123.xlsx
2025-03-17 15:41:29,170 - Review.reviews.edwpt_review - INFO - Saving individual composition file for DEZPT to: C:\Users\CSonneveld\OneDrive - Euronext\Documents\Projects\GUI + Reviews\output\DEZPT_Composition_20250317_154123.xlsx
2025-03-17 15:41:29,205 - Review.reviews.edwpt_review - INFO - Saving individual composition file for DAPPT to: C:\Users\CSonneveld\OneDrive - Euronext\Documents\Projects\GUI + Reviews\output\DAPPT_Composition_20250317_154123.xlsx
2025-03-17 15:41:29,357 - Review.reviews.edwpt_review - INFO - Saving individual composition file for DNAPT to: C:\Users\CSonneveld\OneDrive - Euronext\Documents\Projects\GUI + Reviews\output\DNAPT_Composition_20250317_154123.xlsx
2025-03-17 15:41:29,459 - Review.reviews.edwpt_review - INFO - Saving individual composition file for DASPT to: C:\Users\CSonneveld\OneDrive - Euronext\Documents\Projects\GUI + Reviews\output\DASPT_Composition_20250317_154123.xlsx
2025-03-17 15:41:29,551 - Review.reviews.edwpt_review - INFO - Saving individual composition file for DPAPT to: C:\Users\CSonneveld\OneDrive - Euronext\Documents\Projects\GUI + Reviews\output\DPAPT_Composition_20250317_154123.xlsx
2025-03-17 15:41:29,583 - Review.reviews.edwpt_review - INFO - Saving individual composition file for EUSPT to: C:\Users\CSonneveld\OneDrive - Euronext\Documents\Projects\GUI + Reviews\output\EUSPT_Composition_20250317_154123.xlsx
2025-03-17 15:41:29,673 - Review.reviews.edwpt_review - INFO - Saving individual composition file for EJPPT to: C:\Users\CSonneveld\OneDrive - Euronext\Documents\Projects\GUI + Reviews\output\EJPPT_Composition_20250317_154123.xlsx
2025-03-17 15:41:29,756 - Review.reviews.edwpt_review - INFO - Saving individual composition file for ECHPT to: C:\Users\CSonneveld\OneDrive - Euronext\Documents\Projects\GUI + Reviews\output\ECHPT_Composition_20250317_154123.xlsx
2025-03-17 15:41:29,772 - Review.reviews.edwpt_review - INFO - Saving individual composition file for EUKPT to: C:\Users\CSonneveld\OneDrive - Euronext\Documents\Projects\GUI + Reviews\output\EUKPT_Composition_20250317_154123.xlsx
2025-03-17 15:41:29,801 - Review.reviews.edwpt_review - INFO - Saving individual composition file for CANPT to: C:\Users\CSonneveld\OneDrive - Euronext\Documents\Projects\GUI + Reviews\output\CANPT_Composition_20250317_154123.xlsx
2025-03-17 15:41:29,825 - Review.reviews.edwpt_review - INFO - Main file successfully saved to: C:\Users\CSonneveld\OneDrive - Euronext\Documents\Projects\GUI + Reviews\output\EDWPT_df_20250317_154123.xlsx
2025-03-17 15:41:29,826 - Review.reviews.edwpt_review - INFO - Individual composition files saved: 12
2025-03-17 15:41:29,953 - werkzeug - INFO - 127.0.0.1 - - [17/Mar/2025 15:41:29] "POST /calculate HTTP/1.1" 200 -
2025-03-17 18:59:34,242 - werkzeug - INFO -  * Detected change in 'C:\\Users\\CSonneveld\\OneDrive - Euronext\\Documents\\Projects\\GUI + Reviews\\Review\\reviews\\edwpt_review.py', reloading
2025-03-17 18:59:34,252 - werkzeug - INFO -  * Detected change in 'C:\\Users\\CSonneveld\\OneDrive - Euronext\\Documents\\Projects\\GUI + Reviews\\Review\\reviews\\edwpt_review.py', reloading
