2025-01-28 15:53:34,618 - werkzeug - WARNING -  * Debugger is active!
2025-01-28 15:53:34,620 - werkzeug - INFO -  * Debugger PIN: 691-175-853
2025-01-28 15:53:35,629 - Review.reviews.ses5p_review - INFO - Loading EOD data...
2025-01-28 15:53:37,949 - Review.reviews.ses5p_review - INFO - Loading reference data...
2025-01-28 15:53:44,924 - Review.reviews.ses5p_review - ERROR - Error during review calculation: "['Preliminary Number of shares', 'Preliminary Free Float', 'Preliminary Capping Factor'] not in index"
2025-01-28 15:53:44,927 - Review.reviews.ses5p_review - ERROR - Traceback (most recent call last):
  File "C:\Users\CSonneveld\OneDrive - Euronext\Documents\Projects\GUI + Reviews\Review\reviews\ses5p_review.py", line 151, in run_ses5p_review
    F4RIP_df = selection_df[
               ^^^^^^^^^^^^^
  File "C:\Users\CSonneveld\AppData\Roaming\Python\Python312\site-packages\pandas\core\frame.py", line 4108, in __getitem__
    indexer = self.columns._get_indexer_strict(key, "columns")[1]
              ^^^^^^^^^^^^^^^^^^^^^^^^^^^^^^^^^^^^^^^^^^^^^^^^
  File "C:\Users\CSonneveld\AppData\Roaming\Python\Python312\site-packages\pandas\core\indexes\base.py", line 6200, in _get_indexer_strict
    self._raise_if_missing(keyarr, indexer, axis_name)
  File "C:\Users\CSonneveld\AppData\Roaming\Python\Python312\site-packages\pandas\core\indexes\base.py", line 6252, in _raise_if_missing
    raise KeyError(f"{not_found} not in index")
KeyError: "['Preliminary Number of shares', 'Preliminary Free Float', 'Preliminary Capping Factor'] not in index"

2025-01-28 15:53:44,956 - werkzeug - INFO - 127.0.0.1 - - [28/Jan/2025 15:53:44] "POST /calculate HTTP/1.1" 200 -
2025-01-28 15:55:26,059 - werkzeug - INFO -  * Detected change in 'C:\\Users\\CSonneveld\\OneDrive - Euronext\\Documents\\Projects\\GUI + Reviews\\Review\\reviews\\ses5p_review.py', reloading
2025-01-28 15:55:26,062 - werkzeug - INFO -  * Detected change in 'C:\\Users\\CSonneveld\\OneDrive - Euronext\\Documents\\Projects\\GUI + Reviews\\Review\\reviews\\ses5p_review.py', reloading
