2025-01-17 11:24:32,463 - werkzeug - WARNING -  * Debugger is active!
2025-01-17 11:24:32,465 - werkzeug - INFO -  * Debugger PIN: 691-175-853
2025-01-17 11:24:33,676 - Review.reviews.edwpt_review - INFO - Starting EDWPT review calculation
2025-01-17 11:24:35,286 - Review.reviews.edwpt_review - INFO - Saving EDWPT output to: C:\Users\CSonneveld\OneDrive - Euronext\Documents\Projects\GUI + Reviews\output\EDWPT_df_20250117_112435.xlsx
2025-01-17 11:24:38,789 - werkzeug - INFO - 127.0.0.1 - - [17/Jan/2025 11:24:38] "POST /calculate HTTP/1.1" 200 -
2025-01-17 11:55:39,203 - Review.reviews.frd4p_review - INFO - Processing sector: 1010.0, area: AS, group size: 45
2025-01-17 11:55:39,204 - Review.reviews.frd4p_review - INFO - Companies in group: 45, to exclude: 8
2025-01-17 11:55:39,204 - Review.reviews.frd4p_review - INFO - Processing sector: 1010.0, area: EU, group size: 20
2025-01-17 11:55:39,205 - Review.reviews.frd4p_review - INFO - Companies in group: 20, to exclude: 3
2025-01-17 11:55:39,205 - Review.reviews.frd4p_review - INFO - Processing sector: 1010.0, area: NA, group size: 72
2025-01-17 11:55:39,206 - Review.reviews.frd4p_review - INFO - Companies in group: 72, to exclude: 14
2025-01-17 11:55:39,206 - Review.reviews.frd4p_review - INFO - Processing sector: 1510.0, area: AS, group size: 12
2025-01-17 11:55:39,206 - Review.reviews.frd4p_review - INFO - Companies in group: 12, to exclude: 2
2025-01-17 11:55:39,206 - Review.reviews.frd4p_review - INFO - Processing sector: 1510.0, area: EU, group size: 17
2025-01-17 11:55:39,207 - Review.reviews.frd4p_review - INFO - Companies in group: 17, to exclude: 3
2025-01-17 11:55:39,207 - Review.reviews.frd4p_review - INFO - Processing sector: 1510.0, area: NA, group size: 10
2025-01-17 11:55:39,208 - Review.reviews.frd4p_review - INFO - Companies in group: 10, to exclude: 1
2025-01-17 11:55:39,208 - Review.reviews.frd4p_review - INFO - Processing sector: 2010.0, area: AS, group size: 31
2025-01-17 11:55:39,208 - Review.reviews.frd4p_review - INFO - Companies in group: 31, to exclude: 6
2025-01-17 11:55:39,209 - Review.reviews.frd4p_review - INFO - Processing sector: 2010.0, area: EU, group size: 47
2025-01-17 11:55:39,209 - Review.reviews.frd4p_review - INFO - Companies in group: 47, to exclude: 9
2025-01-17 11:55:39,210 - Review.reviews.frd4p_review - INFO - Processing sector: 2010.0, area: NA, group size: 48
2025-01-17 11:55:39,210 - Review.reviews.frd4p_review - INFO - Companies in group: 48, to exclude: 9
2025-01-17 11:55:39,211 - Review.reviews.frd4p_review - INFO - Processing sector: 3010.0, area: AS, group size: 29
2025-01-17 11:55:39,212 - Review.reviews.frd4p_review - INFO - Companies in group: 29, to exclude: 5
2025-01-17 11:55:39,212 - Review.reviews.frd4p_review - INFO - Processing sector: 3010.0, area: EU, group size: 40
2025-01-17 11:55:39,213 - Review.reviews.frd4p_review - INFO - Companies in group: 40, to exclude: 7
2025-01-17 11:55:39,213 - Review.reviews.frd4p_review - INFO - Processing sector: 3010.0, area: NA, group size: 21
2025-01-17 11:55:39,214 - Review.reviews.frd4p_review - INFO - Companies in group: 21, to exclude: 4
2025-01-17 11:55:39,214 - Review.reviews.frd4p_review - INFO - Processing sector: 3020.0, area: AS, group size: 15
2025-01-17 11:55:39,215 - Review.reviews.frd4p_review - INFO - Companies in group: 15, to exclude: 2
2025-01-17 11:55:39,215 - Review.reviews.frd4p_review - INFO - Processing sector: 3020.0, area: EU, group size: 30
2025-01-17 11:55:39,216 - Review.reviews.frd4p_review - INFO - Companies in group: 30, to exclude: 5
2025-01-17 11:55:39,217 - Review.reviews.frd4p_review - INFO - Processing sector: 3020.0, area: NA, group size: 32
2025-01-17 11:55:39,217 - Review.reviews.frd4p_review - INFO - Companies in group: 32, to exclude: 6
2025-01-17 11:55:39,218 - Review.reviews.frd4p_review - INFO - Processing sector: 3030.0, area: AS, group size: 14
2025-01-17 11:55:39,218 - Review.reviews.frd4p_review - INFO - Companies in group: 14, to exclude: 2
2025-01-17 11:55:39,219 - Review.reviews.frd4p_review - INFO - Processing sector: 3030.0, area: EU, group size: 30
2025-01-17 11:55:39,219 - Review.reviews.frd4p_review - INFO - Companies in group: 30, to exclude: 5
2025-01-17 11:55:39,220 - Review.reviews.frd4p_review - INFO - Processing sector: 3030.0, area: NA, group size: 23
2025-01-17 11:55:39,220 - Review.reviews.frd4p_review - INFO - Companies in group: 23, to exclude: 4
2025-01-17 11:55:39,221 - Review.reviews.frd4p_review - INFO - Processing sector: 3510.0, area: AS, group size: 47
2025-01-17 11:55:39,222 - Review.reviews.frd4p_review - INFO - Companies in group: 47, to exclude: 9
2025-01-17 11:55:39,222 - Review.reviews.frd4p_review - INFO - Processing sector: 3510.0, area: EU, group size: 21
2025-01-17 11:55:39,223 - Review.reviews.frd4p_review - INFO - Companies in group: 21, to exclude: 4
2025-01-17 11:55:39,223 - Review.reviews.frd4p_review - INFO - Processing sector: 3510.0, area: NA, group size: 22
2025-01-17 11:55:39,224 - Review.reviews.frd4p_review - INFO - Companies in group: 22, to exclude: 4
2025-01-17 11:55:39,224 - Review.reviews.frd4p_review - INFO - Processing sector: 4010.0, area: AS, group size: 15
2025-01-17 11:55:39,225 - Review.reviews.frd4p_review - INFO - Companies in group: 15, to exclude: 2
2025-01-17 11:55:39,225 - Review.reviews.frd4p_review - INFO - Processing sector: 4010.0, area: EU, group size: 12
2025-01-17 11:55:39,226 - Review.reviews.frd4p_review - INFO - Companies in group: 12, to exclude: 2
2025-01-17 11:55:39,226 - Review.reviews.frd4p_review - INFO - Processing sector: 4010.0, area: NA, group size: 4
2025-01-17 11:55:39,227 - Review.reviews.frd4p_review - INFO - Companies in group: 4, to exclude: 0
2025-01-17 11:55:39,227 - Review.reviews.frd4p_review - WARNING - No companies to exclude for sector 4010.0 and area NA
2025-01-17 11:55:39,228 - Review.reviews.frd4p_review - INFO - Processing sector: 4020.0, area: AS, group size: 28
2025-01-17 11:55:39,228 - Review.reviews.frd4p_review - INFO - Companies in group: 28, to exclude: 5
2025-01-17 11:55:39,229 - Review.reviews.frd4p_review - INFO - Processing sector: 4020.0, area: EU, group size: 22
2025-01-17 11:55:39,229 - Review.reviews.frd4p_review - INFO - Companies in group: 22, to exclude: 4
2025-01-17 11:55:39,230 - Review.reviews.frd4p_review - INFO - Processing sector: 4020.0, area: NA, group size: 16
2025-01-17 11:55:39,230 - Review.reviews.frd4p_review - INFO - Companies in group: 16, to exclude: 3
2025-01-17 11:55:39,230 - Review.reviews.frd4p_review - INFO - Processing sector: 4030.0, area: AS, group size: 7
2025-01-17 11:55:39,231 - Review.reviews.frd4p_review - INFO - Companies in group: 7, to exclude: 1
2025-01-17 11:55:39,231 - Review.reviews.frd4p_review - INFO - Processing sector: 4030.0, area: EU, group size: 8
2025-01-17 11:55:39,231 - Review.reviews.frd4p_review - INFO - Companies in group: 8, to exclude: 1
2025-01-17 11:55:39,232 - Review.reviews.frd4p_review - INFO - Processing sector: 4030.0, area: NA, group size: 7
2025-01-17 11:55:39,232 - Review.reviews.frd4p_review - INFO - Companies in group: 7, to exclude: 1
2025-01-17 11:55:39,233 - Review.reviews.frd4p_review - INFO - Processing sector: 4040.0, area: AS, group size: 14
2025-01-17 11:55:39,233 - Review.reviews.frd4p_review - INFO - Companies in group: 14, to exclude: 2
2025-01-17 11:55:39,233 - Review.reviews.frd4p_review - INFO - Processing sector: 4040.0, area: EU, group size: 10
2025-01-17 11:55:39,234 - Review.reviews.frd4p_review - INFO - Companies in group: 10, to exclude: 1
2025-01-17 11:55:39,234 - Review.reviews.frd4p_review - INFO - Processing sector: 4040.0, area: NA, group size: 18
2025-01-17 11:55:39,234 - Review.reviews.frd4p_review - INFO - Companies in group: 18, to exclude: 3
2025-01-17 11:55:39,235 - Review.reviews.frd4p_review - INFO - Processing sector: 4050.0, area: AS, group size: 19
2025-01-17 11:55:39,235 - Review.reviews.frd4p_review - INFO - Companies in group: 19, to exclude: 3
2025-01-17 11:55:39,235 - Review.reviews.frd4p_review - INFO - Processing sector: 4050.0, area: EU, group size: 13
2025-01-17 11:55:39,236 - Review.reviews.frd4p_review - INFO - Companies in group: 13, to exclude: 2
2025-01-17 11:55:39,236 - Review.reviews.frd4p_review - INFO - Processing sector: 4050.0, area: NA, group size: 21
2025-01-17 11:55:39,236 - Review.reviews.frd4p_review - INFO - Companies in group: 21, to exclude: 4
2025-01-17 11:55:39,236 - Review.reviews.frd4p_review - INFO - Processing sector: 4510.0, area: AS, group size: 24
2025-01-17 11:55:39,237 - Review.reviews.frd4p_review - INFO - Companies in group: 24, to exclude: 4
2025-01-17 11:55:39,237 - Review.reviews.frd4p_review - INFO - Processing sector: 4510.0, area: EU, group size: 27
2025-01-17 11:55:39,237 - Review.reviews.frd4p_review - INFO - Companies in group: 27, to exclude: 5
2025-01-17 11:55:39,237 - Review.reviews.frd4p_review - INFO - Processing sector: 4510.0, area: NA, group size: 16
2025-01-17 11:55:39,238 - Review.reviews.frd4p_review - INFO - Companies in group: 16, to exclude: 3
2025-01-17 11:55:39,238 - Review.reviews.frd4p_review - INFO - Processing sector: 4520.0, area: AS, group size: 14
2025-01-17 11:55:39,238 - Review.reviews.frd4p_review - INFO - Companies in group: 14, to exclude: 2
2025-01-17 11:55:39,238 - Review.reviews.frd4p_review - INFO - Processing sector: 4520.0, area: EU, group size: 13
2025-01-17 11:55:39,239 - Review.reviews.frd4p_review - INFO - Companies in group: 13, to exclude: 2
2025-01-17 11:55:39,239 - Review.reviews.frd4p_review - INFO - Processing sector: 4520.0, area: NA, group size: 12
2025-01-17 11:55:39,239 - Review.reviews.frd4p_review - INFO - Companies in group: 12, to exclude: 2
2025-01-17 11:55:39,239 - Review.reviews.frd4p_review - INFO - Processing sector: 5010.0, area: AS, group size: 18
2025-01-17 11:55:39,240 - Review.reviews.frd4p_review - INFO - Companies in group: 18, to exclude: 3
2025-01-17 11:55:39,240 - Review.reviews.frd4p_review - INFO - Processing sector: 5010.0, area: EU, group size: 24
2025-01-17 11:55:39,240 - Review.reviews.frd4p_review - INFO - Companies in group: 24, to exclude: 4
2025-01-17 11:55:39,241 - Review.reviews.frd4p_review - INFO - Processing sector: 5010.0, area: NA, group size: 14
2025-01-17 11:55:39,241 - Review.reviews.frd4p_review - INFO - Companies in group: 14, to exclude: 2
2025-01-17 11:55:39,241 - Review.reviews.frd4p_review - INFO - Processing sector: 5020.0, area: AS, group size: 100
2025-01-17 11:55:39,242 - Review.reviews.frd4p_review - INFO - Companies in group: 100, to exclude: 19
2025-01-17 11:55:39,242 - Review.reviews.frd4p_review - INFO - Processing sector: 5020.0, area: EU, group size: 91
2025-01-17 11:55:39,243 - Review.reviews.frd4p_review - INFO - Companies in group: 91, to exclude: 18
2025-01-17 11:55:39,243 - Review.reviews.frd4p_review - INFO - Processing sector: 5020.0, area: NA, group size: 81
2025-01-17 11:55:39,244 - Review.reviews.frd4p_review - INFO - Companies in group: 81, to exclude: 16
2025-01-17 11:55:39,244 - Review.reviews.frd4p_review - INFO - Processing sector: 5510.0, area: AS, group size: 18
2025-01-17 11:55:39,245 - Review.reviews.frd4p_review - INFO - Companies in group: 18, to exclude: 3
2025-01-17 11:55:39,245 - Review.reviews.frd4p_review - INFO - Processing sector: 5510.0, area: EU, group size: 13
2025-01-17 11:55:39,246 - Review.reviews.frd4p_review - INFO - Companies in group: 13, to exclude: 2
2025-01-17 11:55:39,246 - Review.reviews.frd4p_review - INFO - Processing sector: 5510.0, area: NA, group size: 12
2025-01-17 11:55:39,246 - Review.reviews.frd4p_review - INFO - Companies in group: 12, to exclude: 2
2025-01-17 11:55:39,246 - Review.reviews.frd4p_review - INFO - Processing sector: 5520.0, area: AS, group size: 18
2025-01-17 11:55:39,247 - Review.reviews.frd4p_review - INFO - Companies in group: 18, to exclude: 3
2025-01-17 11:55:39,247 - Review.reviews.frd4p_review - INFO - Processing sector: 5520.0, area: EU, group size: 16
2025-01-17 11:55:39,247 - Review.reviews.frd4p_review - INFO - Companies in group: 16, to exclude: 3
2025-01-17 11:55:39,247 - Review.reviews.frd4p_review - INFO - Processing sector: 5520.0, area: NA, group size: 6
2025-01-17 11:55:39,248 - Review.reviews.frd4p_review - INFO - Companies in group: 6, to exclude: 1
2025-01-17 11:55:39,248 - Review.reviews.frd4p_review - INFO - Processing sector: 6010.0, area: AS, group size: 10
2025-01-17 11:55:39,248 - Review.reviews.frd4p_review - INFO - Companies in group: 10, to exclude: 1
2025-01-17 11:55:39,248 - Review.reviews.frd4p_review - INFO - Processing sector: 6010.0, area: EU, group size: 20
2025-01-17 11:55:39,249 - Review.reviews.frd4p_review - INFO - Companies in group: 20, to exclude: 3
2025-01-17 11:55:39,249 - Review.reviews.frd4p_review - INFO - Processing sector: 6010.0, area: NA, group size: 34
2025-01-17 11:55:39,249 - Review.reviews.frd4p_review - INFO - Companies in group: 34, to exclude: 6
2025-01-17 11:55:39,249 - Review.reviews.frd4p_review - INFO - Processing sector: 6510.0, area: AS, group size: 22
2025-01-17 11:55:39,250 - Review.reviews.frd4p_review - INFO - Companies in group: 22, to exclude: 4
2025-01-17 11:55:39,250 - Review.reviews.frd4p_review - INFO - Processing sector: 6510.0, area: EU, group size: 26
2025-01-17 11:55:39,251 - Review.reviews.frd4p_review - INFO - Companies in group: 26, to exclude: 5
2025-01-17 11:55:39,251 - Review.reviews.frd4p_review - INFO - Processing sector: 6510.0, area: NA, group size: 31
2025-01-17 11:55:39,251 - Review.reviews.frd4p_review - INFO - Companies in group: 31, to exclude: 6
2025-01-17 11:55:52,156 - Review.reviews.frd4p_review - INFO - Checking IsinCode FRIX00003031 in index_eod_df
2025-01-17 11:55:52,157 - Review.reviews.frd4p_review - INFO - Found 1 matching rows
2025-01-17 11:55:52,166 - Review.reviews.frd4p_review - INFO - Saving FRD4P output to: C:\Users\CSonneveld\OneDrive - Euronext\Documents\Projects\GUI + Reviews\output\FRD4P_df_20250117_115552.xlsx
2025-01-17 11:55:52,530 - werkzeug - INFO - 127.0.0.1 - - [17/Jan/2025 11:55:52] "POST /calculate HTTP/1.1" 200 -
2025-01-17 13:01:05,992 - werkzeug - INFO -  * Detected change in 'C:\\Users\\CSonneveld\\OneDrive - Euronext\\Documents\\Projects\\GUI + Reviews\\Review\\reviews\\edwpt_review.py', reloading
2025-01-17 13:01:06,000 - werkzeug - INFO -  * Detected change in 'C:\\Users\\CSonneveld\\OneDrive - Euronext\\Documents\\Projects\\GUI + Reviews\\Review\\reviews\\edwpt_review.py', reloading
2025-01-17 13:01:06,002 - werkzeug - INFO -  * Detected change in 'C:\\Users\\CSonneveld\\OneDrive - Euronext\\Documents\\Projects\\GUI + Reviews\\Review\\reviews\\edwpt_review.py', reloading
