2025-12-16 13:44:56,946 - werkzeug - INFO - [31m[1mWARNING: This is a development server. Do not use it in a production deployment. Use a production WSGI server instead.[0m
 * Running on all addresses (0.0.0.0)
 * Running on http://127.0.0.1:5000
 * Running on http://10.199.43.185:5000
2025-12-16 13:44:56,946 - werkzeug - INFO - [33mPress CTRL+C to quit[0m
2025-12-16 13:44:56,954 - werkzeug - INFO -  * Restarting with watchdog (windowsapi)
2025-12-16 13:44:59,273 - werkzeug - INFO -  * Restarting with watchdog (windowsapi)
2025-12-16 13:48:30,156 - werkzeug - INFO -  * Restarting with watchdog (windowsapi)
2025-12-16 13:53:00,459 - werkzeug - INFO -  * Restarting with watchdog (windowsapi)
2025-12-16 13:57:26,132 - werkzeug - INFO -  * Restarting with watchdog (windowsapi)
2025-12-16 13:57:28,550 - werkzeug - INFO -  * Restarting with watchdog (windowsapi)
2025-12-16 14:04:57,893 - werkzeug - INFO -  * Restarting with watchdog (windowsapi)
2025-12-16 14:05:11,334 - werkzeug - INFO -  * Restarting with watchdog (windowsapi)
2025-12-16 14:07:12,001 - werkzeug - INFO -  * Restarting with watchdog (windowsapi)
2025-12-16 14:11:44,355 - werkzeug - INFO -  * Restarting with watchdog (windowsapi)
2025-12-16 14:11:55,597 - werkzeug - INFO -  * Restarting with watchdog (windowsapi)
2025-12-16 14:18:54,676 - werkzeug - INFO -  * Restarting with watchdog (windowsapi)
2025-12-16 14:20:02,780 - werkzeug - INFO -  * Restarting with watchdog (windowsapi)
2025-12-16 14:20:05,154 - werkzeug - INFO -  * Restarting with watchdog (windowsapi)
2025-12-16 14:21:49,833 - werkzeug - INFO -  * Restarting with watchdog (windowsapi)
2025-12-16 14:21:55,139 - werkzeug - INFO -  * Restarting with watchdog (windowsapi)
2025-12-16 14:21:59,479 - werkzeug - INFO -  * Restarting with watchdog (windowsapi)
2025-12-16 14:22:07,728 - werkzeug - INFO -  * Restarting with watchdog (windowsapi)
2025-12-16 14:24:55,072 - werkzeug - INFO -  * Restarting with watchdog (windowsapi)
2025-12-16 14:27:03,927 - werkzeug - INFO -  * Restarting with watchdog (windowsapi)
2025-12-16 15:04:58,208 - werkzeug - INFO -  * Restarting with watchdog (windowsapi)
2025-12-16 15:05:08,385 - werkzeug - INFO -  * Restarting with watchdog (windowsapi)
2025-12-16 15:05:41,744 - werkzeug - INFO -  * Restarting with watchdog (windowsapi)
2025-12-16 15:06:26,680 - werkzeug - INFO -  * Restarting with watchdog (windowsapi)
2025-12-16 15:06:55,086 - werkzeug - INFO -  * Restarting with watchdog (windowsapi)
2025-12-16 15:08:30,685 - werkzeug - INFO -  * Restarting with watchdog (windowsapi)
2025-12-16 15:08:51,629 - werkzeug - INFO -  * Restarting with watchdog (windowsapi)
2025-12-16 15:10:19,179 - werkzeug - INFO -  * Restarting with watchdog (windowsapi)
2025-12-16 15:10:29,894 - werkzeug - INFO -  * Restarting with watchdog (windowsapi)
2025-12-16 15:15:17,148 - werkzeug - INFO -  * Restarting with watchdog (windowsapi)
2025-12-16 15:19:13,380 - werkzeug - INFO -  * Restarting with watchdog (windowsapi)
2025-12-16 15:19:33,097 - werkzeug - INFO -  * Restarting with watchdog (windowsapi)
2025-12-16 15:25:40,226 - werkzeug - INFO -  * Restarting with watchdog (windowsapi)
2025-12-16 15:25:42,799 - werkzeug - INFO -  * Restarting with watchdog (windowsapi)
2025-12-16 15:26:36,196 - werkzeug - INFO -  * Restarting with watchdog (windowsapi)
2025-12-16 15:26:38,628 - werkzeug - INFO -  * Restarting with watchdog (windowsapi)
2025-12-16 15:26:49,256 - werkzeug - INFO -  * Restarting with watchdog (windowsapi)
2025-12-16 15:26:58,362 - werkzeug - INFO -  * Restarting with watchdog (windowsapi)
2025-12-16 15:27:07,660 - werkzeug - INFO -  * Restarting with watchdog (windowsapi)
