2025-03-06 14:26:10,739 - werkzeug - WARNING -  * Debugger is active!
2025-03-06 14:26:10,739 - werkzeug - INFO -  * Debugger PIN: 691-175-853
2025-03-06 14:26:11,334 - Review.reviews.edwp_review - INFO - Starting EDWP review calculation
2025-03-06 14:26:15,212 - Review.reviews.edwp_review - INFO - 
EDWP Selection Summary:
2025-03-06 14:26:15,212 - Review.reviews.edwp_review - INFO - Total companies selected: 5446
2025-03-06 14:26:15,212 - Review.reviews.edwp_review - INFO - Total FFMC covered: 98.84%
2025-03-06 14:26:15,243 - Review.reviews.edwp_review - INFO - 
DEUP Selection Summary:
2025-03-06 14:26:15,243 - Review.reviews.edwp_review - INFO - Total companies selected: 1327
2025-03-06 14:26:15,243 - Review.reviews.edwp_review - INFO - Total FFMC covered: 98.67%
2025-03-06 14:26:15,254 - Review.reviews.edwp_review - INFO - 
DEZP Selection Summary:
2025-03-06 14:26:15,265 - Review.reviews.edwp_review - INFO - Total companies selected: 494
2025-03-06 14:26:15,266 - Review.reviews.edwp_review - INFO - Total FFMC covered: 98.51%
2025-03-06 14:26:15,283 - Review.reviews.edwp_review - INFO - 
DAPPR Selection Summary:
2025-03-06 14:26:15,284 - Review.reviews.edwp_review - INFO - Total companies selected: 1909
2025-03-06 14:26:15,285 - Review.reviews.edwp_review - INFO - Total FFMC covered: 98.13%
2025-03-06 14:26:15,300 - Review.reviews.edwp_review - INFO - 
DNAP Selection Summary:
2025-03-06 14:26:15,301 - Review.reviews.edwp_review - INFO - Total companies selected: 1764
2025-03-06 14:26:15,302 - Review.reviews.edwp_review - INFO - Total FFMC covered: 98.18%
2025-03-06 14:26:15,316 - Review.reviews.edwp_review - INFO - 
DASP Selection Summary:
2025-03-06 14:26:15,316 - Review.reviews.edwp_review - INFO - Total companies selected: 1563
2025-03-06 14:26:15,316 - Review.reviews.edwp_review - INFO - Total FFMC covered: 98.07%
2025-03-06 14:26:15,325 - Review.reviews.edwp_review - INFO - 
DPAP Selection Summary:
2025-03-06 14:26:15,326 - Review.reviews.edwp_review - INFO - Total companies selected: 320
2025-03-06 14:26:15,326 - Review.reviews.edwp_review - INFO - Total FFMC covered: 98.04%
2025-03-06 14:26:15,338 - Review.reviews.edwp_review - INFO - 
EUSP Selection Summary:
2025-03-06 14:26:15,341 - Review.reviews.edwp_review - INFO - Total companies selected: 1481
2025-03-06 14:26:15,342 - Review.reviews.edwp_review - INFO - Total FFMC covered: 98.00%
2025-03-06 14:26:15,354 - Review.reviews.edwp_review - INFO - 
EJPP Selection Summary:
2025-03-06 14:26:15,355 - Review.reviews.edwp_review - INFO - Total companies selected: 1414
2025-03-06 14:26:15,356 - Review.reviews.edwp_review - INFO - Total FFMC covered: 98.00%
2025-03-06 14:26:15,361 - Review.reviews.edwp_review - INFO - 
ECHP Selection Summary:
2025-03-06 14:26:15,362 - Review.reviews.edwp_review - INFO - Total companies selected: 74
2025-03-06 14:26:15,362 - Review.reviews.edwp_review - INFO - Total FFMC covered: 98.05%
2025-03-06 14:26:15,367 - Review.reviews.edwp_review - INFO - 
EUKP Selection Summary:
2025-03-06 14:26:15,369 - Review.reviews.edwp_review - INFO - Total companies selected: 320
2025-03-06 14:26:15,370 - Review.reviews.edwp_review - INFO - Total FFMC covered: 98.01%
2025-03-06 14:26:15,374 - Review.reviews.edwp_review - INFO - 
CANP Selection Summary:
2025-03-06 14:26:15,375 - Review.reviews.edwp_review - INFO - Total companies selected: 230
2025-03-06 14:26:15,376 - Review.reviews.edwp_review - INFO - Total FFMC covered: 98.02%
2025-03-06 14:26:15,383 - Review.reviews.edwp_review - INFO - 
Global Selection Summary:
2025-03-06 14:26:15,383 - Review.reviews.edwp_review - INFO - Total companies selected: 5446
2025-03-06 14:26:15,389 - Review.reviews.edwp_review - INFO - Total FFMC covered: 98.84%
2025-03-06 14:26:15,393 - Review.reviews.edwp_review - INFO - 
MIC-level Summary:
2025-03-06 14:26:15,393 - Review.reviews.edwp_review - INFO -       ISIN          FFMC  EDWP_selection
MIC                                     
ALXP     1  1.337544e+09               1
BATS     3  1.962934e+10               1
MERK     2  2.803735e+08               2
MTAA   246  5.292374e+11              85
WBAH    26  5.370078e+10              17
XAMS    79  1.157401e+12              44
XASX   886  1.442942e+12             283
XBRU    58  1.938564e+11              34
XCSE   107  6.350474e+11              36
XESM     2  1.794035e+09               2
XETR   227  1.472409e+12             106
XHEL   127  2.061674e+11              49
XHKG   209  3.465502e+11              69
XLIS    18  3.541669e+10              11
XLON   872  2.336733e+12             320
XMAD    99  4.808796e+11              41
XMSM    14  5.274635e+10              10
XNGM    47  4.908139e+08               1
XNGS  2628  2.418978e+13             773
XNYS  1736  2.534917e+13            1143
XNZE    52  6.656698e+10              35
XOSL   245  1.738210e+11             125
XPAR   351  1.866583e+12              94
XSES   118  2.570802e+11              62
XSTO   648  7.073552e+11             222
XSWX   148  1.669679e+12              86
XTAE   275  1.399417e+11             150
XTKS  3711  4.991981e+12            1414
XTSE   491  2.080540e+12             230
2025-03-06 14:26:15,407 - Review.reviews.edwp_review - INFO - Saving output to: C:\Users\CSonneveld\OneDrive - Euronext\Documents\Projects\GUI + Reviews\output\EDWP_df_20250306_142615.xlsx
2025-03-06 14:26:15,678 - Review.reviews.edwp_review - INFO - 
EDWP Changes Summary:
2025-03-06 14:26:15,678 - Review.reviews.edwp_review - INFO - Inclusions: 3854
2025-03-06 14:26:15,678 - Review.reviews.edwp_review - INFO - Exclusions: 11
2025-03-06 14:26:15,743 - Review.reviews.edwp_review - INFO - 
DEUP Changes Summary:
2025-03-06 14:26:15,743 - Review.reviews.edwp_review - INFO - Inclusions: 871
2025-03-06 14:26:15,743 - Review.reviews.edwp_review - INFO - Exclusions: 6
2025-03-06 14:26:15,766 - Review.reviews.edwp_review - INFO - 
DEZP Changes Summary:
2025-03-06 14:26:15,767 - Review.reviews.edwp_review - INFO - Inclusions: 312
2025-03-06 14:26:15,767 - Review.reviews.edwp_review - INFO - Exclusions: 1
2025-03-06 14:26:15,849 - Review.reviews.edwp_review - INFO - 
DAPPR Changes Summary:
2025-03-06 14:26:15,849 - Review.reviews.edwp_review - INFO - Inclusions: 1416
2025-03-06 14:26:15,851 - Review.reviews.edwp_review - INFO - Exclusions: 1
2025-03-06 14:26:15,947 - Review.reviews.edwp_review - INFO - 
DNAP Changes Summary:
2025-03-06 14:26:15,949 - Review.reviews.edwp_review - INFO - Inclusions: 1282
2025-03-06 14:26:15,949 - Review.reviews.edwp_review - INFO - Exclusions: 6
2025-03-06 14:26:16,016 - Review.reviews.edwp_review - INFO - 
DASP Changes Summary:
2025-03-06 14:26:16,016 - Review.reviews.edwp_review - INFO - Inclusions: 1169
2025-03-06 14:26:16,017 - Review.reviews.edwp_review - INFO - Exclusions: 0
2025-03-06 14:26:16,036 - Review.reviews.edwp_review - INFO - 
DPAP Changes Summary:
2025-03-06 14:26:16,037 - Review.reviews.edwp_review - INFO - Inclusions: 228
2025-03-06 14:26:16,037 - Review.reviews.edwp_review - INFO - Exclusions: 1
2025-03-06 14:26:16,109 - Review.reviews.edwp_review - INFO - 
EUSP Changes Summary:
2025-03-06 14:26:16,110 - Review.reviews.edwp_review - INFO - Inclusions: 1093
2025-03-06 14:26:16,110 - Review.reviews.edwp_review - INFO - Exclusions: 5
2025-03-06 14:26:16,166 - Review.reviews.edwp_review - INFO - 
EJPP Changes Summary:
2025-03-06 14:26:16,166 - Review.reviews.edwp_review - INFO - Inclusions: 1075
2025-03-06 14:26:16,166 - Review.reviews.edwp_review - INFO - Exclusions: 0
2025-03-06 14:26:16,182 - Review.reviews.edwp_review - INFO - 
ECHP Changes Summary:
2025-03-06 14:26:16,182 - Review.reviews.edwp_review - INFO - Inclusions: 50
2025-03-06 14:26:16,182 - Review.reviews.edwp_review - INFO - Exclusions: 0
2025-03-06 14:26:16,199 - Review.reviews.edwp_review - INFO - 
EUKP Changes Summary:
2025-03-06 14:26:16,199 - Review.reviews.edwp_review - INFO - Inclusions: 225
2025-03-06 14:26:16,199 - Review.reviews.edwp_review - INFO - Exclusions: 0
2025-03-06 14:26:16,206 - Review.reviews.edwp_review - INFO - 
CANP Changes Summary:
2025-03-06 14:26:16,215 - Review.reviews.edwp_review - INFO - Inclusions: 156
2025-03-06 14:26:16,215 - Review.reviews.edwp_review - INFO - Exclusions: 1
2025-03-06 14:26:20,196 - Review.reviews.edwp_review - INFO - File successfully saved to: C:\Users\CSonneveld\OneDrive - Euronext\Documents\Projects\GUI + Reviews\output\EDWP_df_20250306_142615.xlsx
2025-03-06 14:26:20,332 - werkzeug - INFO - 127.0.0.1 - - [06/Mar/2025 14:26:20] "POST /calculate HTTP/1.1" 200 -
2025-03-06 14:30:21,541 - Review.reviews.edwpt_review - INFO - Starting EDWPT review calculation
2025-03-06 14:30:26,851 - Review.reviews.edwpt_review - INFO - 
EDWPT Selection Summary:
2025-03-06 14:30:26,851 - Review.reviews.edwpt_review - INFO - Total companies selected: 5446
2025-03-06 14:30:26,861 - Review.reviews.edwpt_review - INFO - Total FFMC covered: 98.84%
2025-03-06 14:30:26,891 - Review.reviews.edwpt_review - INFO - 
DEUPT Selection Summary:
2025-03-06 14:30:26,893 - Review.reviews.edwpt_review - INFO - Total companies selected: 1327
2025-03-06 14:30:26,894 - Review.reviews.edwpt_review - INFO - Total FFMC covered: 98.67%
2025-03-06 14:30:26,902 - Review.reviews.edwpt_review - INFO - 
DEZPT Selection Summary:
2025-03-06 14:30:26,911 - Review.reviews.edwpt_review - INFO - Total companies selected: 494
2025-03-06 14:30:26,912 - Review.reviews.edwpt_review - INFO - Total FFMC covered: 98.51%
2025-03-06 14:30:26,922 - Review.reviews.edwpt_review - INFO - 
DAPPT Selection Summary:
2025-03-06 14:30:26,928 - Review.reviews.edwpt_review - INFO - Total companies selected: 1909
2025-03-06 14:30:26,929 - Review.reviews.edwpt_review - INFO - Total FFMC covered: 98.13%
2025-03-06 14:30:26,933 - Review.reviews.edwpt_review - INFO - 
DNAPT Selection Summary:
2025-03-06 14:30:26,942 - Review.reviews.edwpt_review - INFO - Total companies selected: 1764
2025-03-06 14:30:26,943 - Review.reviews.edwpt_review - INFO - Total FFMC covered: 98.18%
2025-03-06 14:30:26,948 - Review.reviews.edwpt_review - INFO - 
DASPT Selection Summary:
2025-03-06 14:30:26,956 - Review.reviews.edwpt_review - INFO - Total companies selected: 1563
2025-03-06 14:30:26,957 - Review.reviews.edwpt_review - INFO - Total FFMC covered: 98.07%
2025-03-06 14:30:26,961 - Review.reviews.edwpt_review - INFO - 
DPAPT Selection Summary:
2025-03-06 14:30:26,966 - Review.reviews.edwpt_review - INFO - Total companies selected: 320
2025-03-06 14:30:26,966 - Review.reviews.edwpt_review - INFO - Total FFMC covered: 98.04%
2025-03-06 14:30:26,971 - Review.reviews.edwpt_review - INFO - 
EUSPT Selection Summary:
2025-03-06 14:30:26,979 - Review.reviews.edwpt_review - INFO - Total companies selected: 1481
2025-03-06 14:30:26,980 - Review.reviews.edwpt_review - INFO - Total FFMC covered: 98.00%
2025-03-06 14:30:26,984 - Review.reviews.edwpt_review - INFO - 
EJPPT Selection Summary:
2025-03-06 14:30:26,984 - Review.reviews.edwpt_review - INFO - Total companies selected: 1414
2025-03-06 14:30:26,991 - Review.reviews.edwpt_review - INFO - Total FFMC covered: 98.00%
2025-03-06 14:30:26,996 - Review.reviews.edwpt_review - INFO - 
ECHPT Selection Summary:
2025-03-06 14:30:26,996 - Review.reviews.edwpt_review - INFO - Total companies selected: 74
2025-03-06 14:30:26,997 - Review.reviews.edwpt_review - INFO - Total FFMC covered: 98.05%
2025-03-06 14:30:27,003 - Review.reviews.edwpt_review - INFO - 
EUKPT Selection Summary:
2025-03-06 14:30:27,004 - Review.reviews.edwpt_review - INFO - Total companies selected: 320
2025-03-06 14:30:27,005 - Review.reviews.edwpt_review - INFO - Total FFMC covered: 98.01%
2025-03-06 14:30:27,009 - Review.reviews.edwpt_review - INFO - 
CANPT Selection Summary:
2025-03-06 14:30:27,011 - Review.reviews.edwpt_review - INFO - Total companies selected: 230
2025-03-06 14:30:27,012 - Review.reviews.edwpt_review - INFO - Total FFMC covered: 98.02%
2025-03-06 14:30:27,017 - Review.reviews.edwpt_review - INFO - 
Global Selection Summary:
2025-03-06 14:30:27,017 - Review.reviews.edwpt_review - INFO - Total companies selected: 5446
2025-03-06 14:30:27,024 - Review.reviews.edwpt_review - INFO - Total FFMC covered: 98.84%
2025-03-06 14:30:27,026 - Review.reviews.edwpt_review - INFO - 
MIC-level Summary:
2025-03-06 14:30:27,027 - Review.reviews.edwpt_review - INFO -       ISIN          FFMC  EDWPT_selection
MIC                                      
ALXP     1  1.337544e+09                1
BATS     3  1.962934e+10                1
MERK     2  2.803735e+08                2
MTAA   246  5.292374e+11               85
WBAH    26  5.370078e+10               17
XAMS    79  1.157401e+12               44
XASX   886  1.442942e+12              283
XBRU    58  1.938564e+11               34
XCSE   107  6.350474e+11               36
XESM     2  1.794035e+09                2
XETR   227  1.472409e+12              106
XHEL   127  2.061674e+11               49
XHKG   209  3.465502e+11               69
XLIS    18  3.541669e+10               11
XLON   872  2.336733e+12              320
XMAD    99  4.808796e+11               41
XMSM    14  5.274635e+10               10
XNGM    47  4.908139e+08                1
XNGS  2628  2.418978e+13              773
XNYS  1736  2.534917e+13             1143
XNZE    52  6.656698e+10               35
XOSL   245  1.738210e+11              125
XPAR   351  1.866583e+12               94
XSES   118  2.570802e+11               62
XSTO   648  7.073552e+11              222
XSWX   148  1.669679e+12               86
XTAE   275  1.399417e+11              150
XTKS  3711  4.991981e+12             1414
XTSE   491  2.080540e+12              230
2025-03-06 14:30:27,037 - Review.reviews.edwpt_review - INFO - Saving main output to: C:\Users\CSonneveld\OneDrive - Euronext\Documents\Projects\GUI + Reviews\output\EDWPT_df_20250306_143027.xlsx
2025-03-06 14:30:27,235 - Review.reviews.edwpt_review - INFO - 
EDWPT Changes Summary:
2025-03-06 14:30:27,235 - Review.reviews.edwpt_review - INFO - Inclusions: 67
2025-03-06 14:30:27,235 - Review.reviews.edwpt_review - INFO - Exclusions: 23
2025-03-06 14:30:27,289 - Review.reviews.edwpt_review - INFO - 
DEUPT Changes Summary:
2025-03-06 14:30:27,289 - Review.reviews.edwpt_review - INFO - Inclusions: 26
2025-03-06 14:30:27,290 - Review.reviews.edwpt_review - INFO - Exclusions: 10
2025-03-06 14:30:27,313 - Review.reviews.edwpt_review - INFO - 
DEZPT Changes Summary:
2025-03-06 14:30:27,314 - Review.reviews.edwpt_review - INFO - Inclusions: 3
2025-03-06 14:30:27,314 - Review.reviews.edwpt_review - INFO - Exclusions: 4
2025-03-06 14:30:27,382 - Review.reviews.edwpt_review - INFO - 
DAPPT Changes Summary:
2025-03-06 14:30:27,383 - Review.reviews.edwpt_review - INFO - Inclusions: 18
2025-03-06 14:30:27,383 - Review.reviews.edwpt_review - INFO - Exclusions: 4
2025-03-06 14:30:27,443 - Review.reviews.edwpt_review - INFO - 
DNAPT Changes Summary:
2025-03-06 14:30:27,443 - Review.reviews.edwpt_review - INFO - Inclusions: 21
2025-03-06 14:30:27,443 - Review.reviews.edwpt_review - INFO - Exclusions: 14
2025-03-06 14:30:27,499 - Review.reviews.edwpt_review - INFO - 
DASPT Changes Summary:
2025-03-06 14:30:27,499 - Review.reviews.edwpt_review - INFO - Inclusions: 11
2025-03-06 14:30:27,499 - Review.reviews.edwpt_review - INFO - Exclusions: 0
2025-03-06 14:30:27,520 - Review.reviews.edwpt_review - INFO - 
DPAPT Changes Summary:
2025-03-06 14:30:27,520 - Review.reviews.edwpt_review - INFO - Inclusions: 5
2025-03-06 14:30:27,521 - Review.reviews.edwpt_review - INFO - Exclusions: 4
2025-03-06 14:30:27,582 - Review.reviews.edwpt_review - INFO - 
EUSPT Changes Summary:
2025-03-06 14:30:27,582 - Review.reviews.edwpt_review - INFO - Inclusions: 14
2025-03-06 14:30:27,582 - Review.reviews.edwpt_review - INFO - Exclusions: 11
2025-03-06 14:30:27,668 - Review.reviews.edwpt_review - INFO - 
EJPPT Changes Summary:
2025-03-06 14:30:27,668 - Review.reviews.edwpt_review - INFO - Inclusions: 10
2025-03-06 14:30:27,668 - Review.reviews.edwpt_review - INFO - Exclusions: 0
2025-03-06 14:30:27,678 - Review.reviews.edwpt_review - INFO - 
ECHPT Changes Summary:
2025-03-06 14:30:27,678 - Review.reviews.edwpt_review - INFO - Inclusions: 0
2025-03-06 14:30:27,679 - Review.reviews.edwpt_review - INFO - Exclusions: 0
2025-03-06 14:30:27,696 - Review.reviews.edwpt_review - INFO - 
EUKPT Changes Summary:
2025-03-06 14:30:27,697 - Review.reviews.edwpt_review - INFO - Inclusions: 9
2025-03-06 14:30:27,697 - Review.reviews.edwpt_review - INFO - Exclusions: 1
2025-03-06 14:30:27,713 - Review.reviews.edwpt_review - INFO - 
CANPT Changes Summary:
2025-03-06 14:30:27,714 - Review.reviews.edwpt_review - INFO - Inclusions: 6
2025-03-06 14:30:27,714 - Review.reviews.edwpt_review - INFO - Exclusions: 3
2025-03-06 14:30:31,598 - Review.reviews.edwpt_review - INFO - Saving individual composition file for EDWPT to: C:\Users\CSonneveld\OneDrive - Euronext\Documents\Projects\GUI + Reviews\output\EDWPT_Composition_20250306_143027.xlsx
2025-03-06 14:30:31,879 - Review.reviews.edwpt_review - INFO - Saving individual composition file for DEUPT to: C:\Users\CSonneveld\OneDrive - Euronext\Documents\Projects\GUI + Reviews\output\DEUPT_Composition_20250306_143027.xlsx
2025-03-06 14:30:31,962 - Review.reviews.edwpt_review - INFO - Saving individual composition file for DEZPT to: C:\Users\CSonneveld\OneDrive - Euronext\Documents\Projects\GUI + Reviews\output\DEZPT_Composition_20250306_143027.xlsx
2025-03-06 14:30:31,992 - Review.reviews.edwpt_review - INFO - Saving individual composition file for DAPPT to: C:\Users\CSonneveld\OneDrive - Euronext\Documents\Projects\GUI + Reviews\output\DAPPT_Composition_20250306_143027.xlsx
2025-03-06 14:30:32,115 - Review.reviews.edwpt_review - INFO - Saving individual composition file for DNAPT to: C:\Users\CSonneveld\OneDrive - Euronext\Documents\Projects\GUI + Reviews\output\DNAPT_Composition_20250306_143027.xlsx
2025-03-06 14:30:32,204 - Review.reviews.edwpt_review - INFO - Saving individual composition file for DASPT to: C:\Users\CSonneveld\OneDrive - Euronext\Documents\Projects\GUI + Reviews\output\DASPT_Composition_20250306_143027.xlsx
2025-03-06 14:30:32,299 - Review.reviews.edwpt_review - INFO - Saving individual composition file for DPAPT to: C:\Users\CSonneveld\OneDrive - Euronext\Documents\Projects\GUI + Reviews\output\DPAPT_Composition_20250306_143027.xlsx
2025-03-06 14:30:32,325 - Review.reviews.edwpt_review - INFO - Saving individual composition file for EUSPT to: C:\Users\CSonneveld\OneDrive - Euronext\Documents\Projects\GUI + Reviews\output\EUSPT_Composition_20250306_143027.xlsx
2025-03-06 14:30:32,415 - Review.reviews.edwpt_review - INFO - Saving individual composition file for EJPPT to: C:\Users\CSonneveld\OneDrive - Euronext\Documents\Projects\GUI + Reviews\output\EJPPT_Composition_20250306_143027.xlsx
2025-03-06 14:30:32,499 - Review.reviews.edwpt_review - INFO - Saving individual composition file for ECHPT to: C:\Users\CSonneveld\OneDrive - Euronext\Documents\Projects\GUI + Reviews\output\ECHPT_Composition_20250306_143027.xlsx
2025-03-06 14:30:32,509 - Review.reviews.edwpt_review - INFO - Saving individual composition file for EUKPT to: C:\Users\CSonneveld\OneDrive - Euronext\Documents\Projects\GUI + Reviews\output\EUKPT_Composition_20250306_143027.xlsx
2025-03-06 14:30:32,541 - Review.reviews.edwpt_review - INFO - Saving individual composition file for CANPT to: C:\Users\CSonneveld\OneDrive - Euronext\Documents\Projects\GUI + Reviews\output\CANPT_Composition_20250306_143027.xlsx
2025-03-06 14:30:32,566 - Review.reviews.edwpt_review - INFO - Main file successfully saved to: C:\Users\CSonneveld\OneDrive - Euronext\Documents\Projects\GUI + Reviews\output\EDWPT_df_20250306_143027.xlsx
2025-03-06 14:30:32,566 - Review.reviews.edwpt_review - INFO - Individual composition files saved: 12
2025-03-06 14:30:32,616 - werkzeug - INFO - 127.0.0.1 - - [06/Mar/2025 14:30:32] "POST /calculate HTTP/1.1" 200 -
2025-03-06 14:32:15,882 - werkzeug - INFO -  * Detected change in 'C:\\Users\\CSonneveld\\OneDrive - Euronext\\Documents\\Projects\\GUI + Reviews\\Review\\reviews\\edwp_review.py', reloading
2025-03-06 14:32:15,882 - werkzeug - INFO -  * Detected change in 'C:\\Users\\CSonneveld\\OneDrive - Euronext\\Documents\\Projects\\GUI + Reviews\\Review\\reviews\\edwp_review.py', reloading
2025-03-06 14:32:15,882 - werkzeug - INFO -  * Detected change in 'C:\\Users\\CSonneveld\\OneDrive - Euronext\\Documents\\Projects\\GUI + Reviews\\Review\\reviews\\edwp_review.py', reloading
