2025-01-21 11:00:50,517 - werkzeug - WARNING -  * Debugger is active!
2025-01-21 11:00:50,519 - werkzeug - INFO -  * Debugger PIN: 691-175-853
2025-01-21 11:01:01,763 - Review.reviews.frd4p_review - ERROR - Error during review calculation: [Errno 2] No such file or directory: 'V:\\PM-Indices-IndexOperations\\Review Files\\202501\\ICB.xlsx'
2025-01-21 11:01:01,765 - werkzeug - INFO -  * Detected change in 'C:\\Users\\CSonneveld\\OneDrive - Euronext\\Documents\\Projects\\GUI + Reviews\\Review\\reviews\\frd4p_review.py', reloading
2025-01-21 11:01:01,771 - werkzeug - INFO -  * Detected change in 'C:\\Users\\CSonneveld\\AppData\\Roaming\\Python\\Python312\\site-packages\\pandas\\io\\excel\\_base.py', reloading
2025-01-21 11:01:01,772 - Review.reviews.frd4p_review - ERROR - Traceback (most recent call last):
  File "C:\Users\CSonneveld\OneDrive - Euronext\Documents\Projects\GUI + Reviews\Review\reviews\frd4p_review.py", line 71, in run_frd4p_review
    icb_df = pd.read_excel(
             ^^^^^^^^^^^^^^
  File "C:\Users\CSonneveld\AppData\Roaming\Python\Python312\site-packages\pandas\io\excel\_base.py", line 495, in read_excel
    io = ExcelFile(
         ^^^^^^^^^^
  File "C:\Users\CSonneveld\AppData\Roaming\Python\Python312\site-packages\pandas\io\excel\_base.py", line 1550, in __init__
    ext = inspect_excel_format(
          ^^^^^^^^^^^^^^^^^^^^^
  File "C:\Users\CSonneveld\AppData\Roaming\Python\Python312\site-packages\pandas\io\excel\_base.py", line 1402, in inspect_excel_format
    with get_handle(
         ^^^^^^^^^^^
  File "C:\Users\CSonneveld\AppData\Roaming\Python\Python312\site-packages\pandas\io\common.py", line 882, in get_handle
    handle = open(handle, ioargs.mode)
             ^^^^^^^^^^^^^^^^^^^^^^^^^
FileNotFoundError: [Errno 2] No such file or directory: 'V:\\PM-Indices-IndexOperations\\Review Files\\202501\\ICB.xlsx'

2025-01-21 11:01:01,773 - werkzeug - INFO -  * Detected change in 'C:\\Users\\CSonneveld\\AppData\\Roaming\\Python\\Python312\\site-packages\\pandas\\io\\common.py', reloading
2025-01-21 11:01:01,777 - werkzeug - INFO - 127.0.0.1 - - [21/Jan/2025 11:01:01] "POST /calculate HTTP/1.1" 200 -
