2025-07-25 14:18:49,573 - werkzeug - WARNING -  * Debugger is active!
2025-07-25 14:18:49,575 - werkzeug - INFO -  * Debugger PIN: 691-175-853
2025-07-25 14:18:49,603 - werkzeug - INFO - 127.0.0.1 - - [25/Jul/2025 14:18:49] "GET / HTTP/1.1" 200 -
2025-07-25 14:18:49,639 - werkzeug - INFO - 127.0.0.1 - - [25/Jul/2025 14:18:49] "[36mGET /static/images/Euronext_Logo-RGB_black.png HTTP/1.1[0m" 304 -
2025-07-25 14:18:53,411 - Review.reviews.etpfb_review - INFO - Loading EOD data...
2025-07-25 14:18:57,120 - Review.reviews.etpfb_review - INFO - Loading reference data...
2025-07-25 14:18:58,087 - Review.reviews.etpfb_review - ERROR - Error during review calculation: "['Currency'] not in index"
2025-07-25 14:18:58,087 - Review.reviews.etpfb_review - ERROR - Traceback (most recent call last):
  File "C:\Users\CSonneveld\OneDrive - Euronext\Documents\Projects\GUI + Reviews\Review\reviews\etpfb_review.py", line 131, in run_etpfb_review
    selection_df[
  File "C:\Users\CSonneveld\AppData\Roaming\Python\Python312\site-packages\pandas\core\frame.py", line 4108, in __getitem__
    indexer = self.columns._get_indexer_strict(key, "columns")[1]
              ^^^^^^^^^^^^^^^^^^^^^^^^^^^^^^^^^^^^^^^^^^^^^^^^
  File "C:\Users\CSonneveld\AppData\Roaming\Python\Python312\site-packages\pandas\core\indexes\base.py", line 6200, in _get_indexer_strict
    self._raise_if_missing(keyarr, indexer, axis_name)
  File "C:\Users\CSonneveld\AppData\Roaming\Python\Python312\site-packages\pandas\core\indexes\base.py", line 6252, in _raise_if_missing
    raise KeyError(f"{not_found} not in index")
KeyError: "['Currency'] not in index"

2025-07-25 14:18:58,097 - werkzeug - INFO - 127.0.0.1 - - [25/Jul/2025 14:18:58] "POST /calculate HTTP/1.1" 200 -
2025-07-25 14:20:46,764 - werkzeug - INFO -  * Detected change in 'C:\\Users\\CSonneveld\\OneDrive - Euronext\\Documents\\Projects\\GUI + Reviews\\Review\\reviews\\etpfb_review.py', reloading
2025-07-25 14:20:46,770 - werkzeug - INFO -  * Detected change in 'C:\\Users\\CSonneveld\\OneDrive - Euronext\\Documents\\Projects\\GUI + Reviews\\Review\\reviews\\etpfb_review.py', reloading
2025-07-25 14:20:46,770 - werkzeug - INFO -  * Detected change in 'C:\\Users\\CSonneveld\\OneDrive - Euronext\\Documents\\Projects\\GUI + Reviews\\Review\\reviews\\etpfb_review.py', reloading
