2025-12-17 19:47:57,724 - werkzeug - INFO - [31m[1mWARNING: This is a development server. Do not use it in a production deployment. Use a production WSGI server instead.[0m
 * Running on all addresses (0.0.0.0)
 * Running on http://127.0.0.1:5000
 * Running on http://10.199.43.185:5000
2025-12-17 19:47:57,724 - werkzeug - INFO - [33mPress CTRL+C to quit[0m
2025-12-17 19:47:57,736 - werkzeug - INFO -  * Restarting with watchdog (windowsapi)
2025-12-17 19:48:00,125 - werkzeug - INFO -  * Restarting with watchdog (windowsapi)
2025-12-17 19:48:07,549 - werkzeug - INFO -  * Restarting with watchdog (windowsapi)
2025-12-17 19:48:58,603 - werkzeug - INFO -  * Restarting with watchdog (windowsapi)
2025-12-17 19:49:35,510 - werkzeug - INFO -  * Restarting with watchdog (windowsapi)
2025-12-17 19:50:23,000 - werkzeug - INFO -  * Restarting with watchdog (windowsapi)
2025-12-17 20:02:32,292 - werkzeug - INFO -  * Restarting with watchdog (windowsapi)
2025-12-17 20:12:55,790 - werkzeug - INFO -  * Restarting with watchdog (windowsapi)
2025-12-17 20:14:45,767 - werkzeug - INFO -  * Restarting with watchdog (windowsapi)
2025-12-17 20:17:13,585 - werkzeug - INFO -  * Restarting with watchdog (windowsapi)
2025-12-17 20:17:28,022 - werkzeug - INFO -  * Restarting with watchdog (windowsapi)
2025-12-17 20:18:28,335 - werkzeug - INFO -  * Restarting with watchdog (windowsapi)
2025-12-17 20:19:57,821 - werkzeug - INFO -  * Restarting with watchdog (windowsapi)
2025-12-17 20:20:26,699 - werkzeug - INFO -  * Restarting with watchdog (windowsapi)
2025-12-17 20:24:08,335 - werkzeug - INFO -  * Restarting with watchdog (windowsapi)
2025-12-17 20:27:28,689 - werkzeug - INFO -  * Restarting with watchdog (windowsapi)
2025-12-17 20:42:17,338 - werkzeug - INFO -  * Restarting with watchdog (windowsapi)
2025-12-17 20:42:25,072 - werkzeug - INFO -  * Restarting with watchdog (windowsapi)
2025-12-17 20:53:00,800 - werkzeug - INFO -  * Restarting with watchdog (windowsapi)
2025-12-17 20:55:21,063 - werkzeug - INFO -  * Restarting with watchdog (windowsapi)
