2025-07-25 10:55:06,781 - werkzeug - WARNING -  * Debugger is active!
2025-07-25 10:55:06,781 - werkzeug - INFO -  * Debugger PIN: 691-175-853
2025-07-25 10:55:07,449 - Review.reviews.eus5p_review - INFO - Loading EOD data...
2025-07-25 10:55:08,202 - Review.reviews.eus5p_review - INFO - Loading reference data...
2025-07-25 10:55:15,481 - Review.reviews.eus5p_review - INFO - Eurozone DataFrame shape: (300, 19)
2025-07-25 10:55:15,481 - Review.reviews.eus5p_review - INFO - North America DataFrame shape: (500, 14)
2025-07-25 10:55:15,481 - Review.reviews.eus5p_review - INFO - Eurozone columns: ['Rank', 'Ticker', 'Name', 'ISIN', 'MIC', 'NOSH', 'Price', 'Currency', '12 month aver. turnover EUR', '20 days aver. turn EUR', '10 days aver. turn EUR', '5 days aver. turn EUR', '6 month aver. turnover EUR', '126 days volatility', '100 days volatility', '100 days aver. turn EUR', '180 days volatility', '3 months aver. Turnover EUR', '3 months aver. Turnover USD']
2025-07-25 10:55:15,493 - Review.reviews.eus5p_review - INFO - North America columns: ['Rank', 'Name', 'Ticker', 'ISIN', 'Currency', 'Price', 'NOSH', 'Exchange Name (VND)', 'Sec Market Value (EUR)', '20 days aver. turn EUR', '6 month aver. turnover EUR', '3 month average turnover EUR', '3 months aver. Turnover USD', '12 month aver. turnover EUR']
2025-07-25 10:55:15,493 - Review.reviews.eus5p_review - INFO - Common columns (11): ['12 month aver. turnover EUR', '20 days aver. turn EUR', '3 months aver. Turnover USD', '6 month aver. turnover EUR', 'Currency', 'ISIN', 'NOSH', 'Name', 'Price', 'Rank', 'Ticker']
2025-07-25 10:55:15,493 - Review.reviews.eus5p_review - INFO - Eurozone-only columns (8): ['10 days aver. turn EUR', '100 days aver. turn EUR', '100 days volatility', '126 days volatility', '180 days volatility', '3 months aver. Turnover EUR', '5 days aver. turn EUR', 'MIC']
2025-07-25 10:55:15,493 - Review.reviews.eus5p_review - INFO - North America-only columns (3): ['3 month average turnover EUR', 'Exchange Name (VND)', 'Sec Market Value (EUR)']
2025-07-25 10:55:15,519 - Review.reviews.eus5p_review - INFO - Combined DataFrame shape: (800, 19)
2025-07-25 10:55:15,519 - Review.reviews.eus5p_review - INFO - Combined DataFrame columns: ['Rank', 'Ticker', 'Name', 'ISIN', 'MIC', 'NOSH', 'Price', 'Currency', '12 month aver. turnover EUR', '20 days aver. turn EUR', '10 days aver. turn EUR', '5 days aver. turn EUR', '6 month aver. turnover EUR', '126 days volatility', '100 days volatility', '100 days aver. turn EUR', '180 days volatility', '3 months aver. Turnover EUR', '3 months aver. Turnover USD']
2025-07-25 10:55:15,572 - Review.reviews.eus5p_review - INFO - Total universe: 800 companies
2025-07-25 10:55:15,572 - Review.reviews.eus5p_review - INFO - Excluded by MIC filter: 591 companies
2025-07-25 10:55:15,572 - Review.reviews.eus5p_review - INFO - Excluded by ICB subsector filter: 752 companies
2025-07-25 10:55:15,572 - Review.reviews.eus5p_review - INFO - Excluded by turnover filter: 544 companies
2025-07-25 10:55:15,572 - Review.reviews.eus5p_review - INFO - Total excluded (any criteria): 782 companies
2025-07-25 10:55:15,572 - Review.reviews.eus5p_review - INFO - Eligible for selection: 18 companies
2025-07-25 10:55:15,572 - Review.reviews.eus5p_review - INFO - Selecting top 10 companies with highest FFMC from eligible companies...
2025-07-25 10:55:15,584 - Review.reviews.eus5p_review - INFO - Saving EUS5P output to: C:\Users\CSonneveld\OneDrive - Euronext\Documents\Projects\GUI + Reviews\output\EUS5P_df_20250725_105515.xlsx
2025-07-25 10:55:15,895 - werkzeug - INFO - 127.0.0.1 - - [25/Jul/2025 10:55:15] "POST /calculate HTTP/1.1" 200 -
2025-07-25 10:57:14,806 - Review.reviews.eus5p_review - INFO - Loading EOD data...
2025-07-25 10:57:18,552 - Review.reviews.eus5p_review - INFO - Loading reference data...
2025-07-25 10:57:25,769 - Review.reviews.eus5p_review - INFO - Eurozone DataFrame shape: (300, 19)
2025-07-25 10:57:25,769 - Review.reviews.eus5p_review - INFO - North America DataFrame shape: (500, 14)
2025-07-25 10:57:25,769 - Review.reviews.eus5p_review - INFO - Eurozone columns: ['Rank', 'Ticker', 'Name', 'ISIN', 'MIC', 'NOSH', 'Price', 'Currency', '12 month aver. turnover EUR', '20 days aver. turn EUR', '10 days aver. turn EUR', '5 days aver. turn EUR', '6 month aver. turnover EUR', '126 days volatility', '100 days volatility', '100 days aver. turn EUR', '180 days volatility', '3 months aver. Turnover EUR', '3 months aver. Turnover USD']
2025-07-25 10:57:25,769 - Review.reviews.eus5p_review - INFO - North America columns: ['Rank', 'Name', 'Ticker', 'ISIN', 'Currency', 'Price', 'NOSH', 'Exchange Name (VND)', 'Sec Market Value (EUR)', '20 days aver. turn EUR', '6 month aver. turnover EUR', '3 month aver. turnover EUR', '3 months aver. Turnover USD', '12 month aver. turnover EUR']
2025-07-25 10:57:25,769 - Review.reviews.eus5p_review - INFO - Common columns (11): ['12 month aver. turnover EUR', '20 days aver. turn EUR', '3 months aver. Turnover USD', '6 month aver. turnover EUR', 'Currency', 'ISIN', 'NOSH', 'Name', 'Price', 'Rank', 'Ticker']
2025-07-25 10:57:25,769 - Review.reviews.eus5p_review - INFO - Eurozone-only columns (8): ['10 days aver. turn EUR', '100 days aver. turn EUR', '100 days volatility', '126 days volatility', '180 days volatility', '3 months aver. Turnover EUR', '5 days aver. turn EUR', 'MIC']
2025-07-25 10:57:25,769 - Review.reviews.eus5p_review - INFO - North America-only columns (3): ['3 month aver. turnover EUR', 'Exchange Name (VND)', 'Sec Market Value (EUR)']
2025-07-25 10:57:25,780 - Review.reviews.eus5p_review - INFO - Combined DataFrame shape: (800, 19)
2025-07-25 10:57:25,780 - Review.reviews.eus5p_review - INFO - Combined DataFrame columns: ['Rank', 'Ticker', 'Name', 'ISIN', 'MIC', 'NOSH', 'Price', 'Currency', '12 month aver. turnover EUR', '20 days aver. turn EUR', '10 days aver. turn EUR', '5 days aver. turn EUR', '6 month aver. turnover EUR', '126 days volatility', '100 days volatility', '100 days aver. turn EUR', '180 days volatility', '3 months aver. Turnover EUR', '3 months aver. Turnover USD']
2025-07-25 10:57:25,858 - Review.reviews.eus5p_review - INFO - Total universe: 800 companies
2025-07-25 10:57:25,858 - Review.reviews.eus5p_review - INFO - Excluded by MIC filter: 591 companies
2025-07-25 10:57:25,858 - Review.reviews.eus5p_review - INFO - Excluded by ICB subsector filter: 752 companies
2025-07-25 10:57:25,858 - Review.reviews.eus5p_review - INFO - Excluded by turnover filter: 544 companies
2025-07-25 10:57:25,858 - Review.reviews.eus5p_review - INFO - Total excluded (any criteria): 782 companies
2025-07-25 10:57:25,858 - Review.reviews.eus5p_review - INFO - Eligible for selection: 18 companies
2025-07-25 10:57:25,858 - Review.reviews.eus5p_review - INFO - Selecting top 10 companies with highest FFMC from eligible companies...
2025-07-25 10:57:25,867 - Review.reviews.eus5p_review - INFO - Saving EUS5P output to: C:\Users\CSonneveld\OneDrive - Euronext\Documents\Projects\GUI + Reviews\output\EUS5P_df_20250725_105725.xlsx
2025-07-25 10:57:26,137 - werkzeug - INFO - 127.0.0.1 - - [25/Jul/2025 10:57:26] "POST /calculate HTTP/1.1" 200 -
2025-07-25 10:59:43,506 - Review.reviews.eus5p_review - INFO - Loading EOD data...
2025-07-25 10:59:47,226 - Review.reviews.eus5p_review - INFO - Loading reference data...
2025-07-25 10:59:54,527 - Review.reviews.eus5p_review - INFO - Eurozone DataFrame shape: (300, 19)
2025-07-25 10:59:54,527 - Review.reviews.eus5p_review - INFO - North America DataFrame shape: (500, 14)
2025-07-25 10:59:54,527 - Review.reviews.eus5p_review - INFO - Eurozone columns: ['Rank', 'Ticker', 'Name', 'ISIN', 'MIC', 'NOSH', 'Price', 'Currency', '12 month aver. turnover EUR', '20 days aver. turn EUR', '10 days aver. turn EUR', '5 days aver. turn EUR', '6 month aver. turnover EUR', '126 days volatility', '100 days volatility', '100 days aver. turn EUR', '180 days volatility', '3 months aver. Turnover EUR', '3 months aver. Turnover USD']
2025-07-25 10:59:54,527 - Review.reviews.eus5p_review - INFO - North America columns: ['Rank', 'Name', 'Ticker', 'ISIN', 'Currency', 'Price', 'NOSH', 'Exchange Name (VND)', 'Sec Market Value (EUR)', '20 days aver. turn EUR', '6 month aver. turnover EUR', '3 month aver. turnover EUR', '3 months aver. Turnover USD', '12 month aver. turnover EUR']
2025-07-25 10:59:54,527 - Review.reviews.eus5p_review - INFO - Common columns (11): ['12 month aver. turnover EUR', '20 days aver. turn EUR', '3 months aver. Turnover USD', '6 month aver. turnover EUR', 'Currency', 'ISIN', 'NOSH', 'Name', 'Price', 'Rank', 'Ticker']
2025-07-25 10:59:54,527 - Review.reviews.eus5p_review - INFO - Eurozone-only columns (8): ['10 days aver. turn EUR', '100 days aver. turn EUR', '100 days volatility', '126 days volatility', '180 days volatility', '3 months aver. Turnover EUR', '5 days aver. turn EUR', 'MIC']
2025-07-25 10:59:54,527 - Review.reviews.eus5p_review - INFO - North America-only columns (3): ['3 month aver. turnover EUR', 'Exchange Name (VND)', 'Sec Market Value (EUR)']
2025-07-25 10:59:54,557 - Review.reviews.eus5p_review - INFO - Combined DataFrame shape: (800, 19)
2025-07-25 10:59:54,557 - Review.reviews.eus5p_review - INFO - Combined DataFrame columns: ['Rank', 'Ticker', 'Name', 'ISIN', 'MIC', 'NOSH', 'Price', 'Currency', '12 month aver. turnover EUR', '20 days aver. turn EUR', '10 days aver. turn EUR', '5 days aver. turn EUR', '6 month aver. turnover EUR', '126 days volatility', '100 days volatility', '100 days aver. turn EUR', '180 days volatility', '3 months aver. Turnover EUR', '3 months aver. Turnover USD']
2025-07-25 10:59:54,615 - Review.reviews.eus5p_review - INFO - Total universe: 800 companies
2025-07-25 10:59:54,617 - Review.reviews.eus5p_review - INFO - Excluded by MIC filter: 591 companies
2025-07-25 10:59:54,617 - Review.reviews.eus5p_review - INFO - Excluded by ICB subsector filter: 752 companies
2025-07-25 10:59:54,617 - Review.reviews.eus5p_review - INFO - Excluded by turnover filter: 544 companies
2025-07-25 10:59:54,617 - Review.reviews.eus5p_review - INFO - Total excluded (any criteria): 782 companies
2025-07-25 10:59:54,617 - Review.reviews.eus5p_review - INFO - Eligible for selection: 18 companies
2025-07-25 10:59:54,617 - Review.reviews.eus5p_review - INFO - Selecting top 10 companies with highest FFMC from eligible companies...
2025-07-25 10:59:54,621 - Review.reviews.eus5p_review - INFO - Saving EUS5P output to: C:\Users\CSonneveld\OneDrive - Euronext\Documents\Projects\GUI + Reviews\output\EUS5P_df_20250725_105954.xlsx
2025-07-25 10:59:54,915 - werkzeug - INFO - 127.0.0.1 - - [25/Jul/2025 10:59:54] "POST /calculate HTTP/1.1" 200 -
2025-07-25 11:01:25,438 - werkzeug - INFO -  * Detected change in 'C:\\Users\\CSonneveld\\OneDrive - Euronext\\Documents\\Projects\\GUI + Reviews\\Review\\reviews\\eus5p_review.py', reloading
2025-07-25 11:01:25,438 - werkzeug - INFO -  * Detected change in 'C:\\Users\\CSonneveld\\OneDrive - Euronext\\Documents\\Projects\\GUI + Reviews\\Review\\reviews\\eus5p_review.py', reloading
2025-07-25 11:01:25,448 - werkzeug - INFO -  * Detected change in 'C:\\Users\\CSonneveld\\OneDrive - Euronext\\Documents\\Projects\\GUI + Reviews\\Review\\reviews\\eus5p_review.py', reloading
