2025-04-15 14:56:38,481 - werkzeug - INFO - [31m[1mWARNING: This is a development server. Do not use it in a production deployment. Use a production WSGI server instead.[0m
 * Running on all addresses (0.0.0.0)
 * Running on http://127.0.0.1:5000
 * Running on http://10.199.43.197:5000
2025-04-15 14:56:38,482 - werkzeug - INFO - [33mPress CTRL+C to quit[0m
2025-04-15 14:56:38,489 - werkzeug - INFO -  * Restarting with watchdog (windowsapi)
2025-04-15 14:56:38,949 - werkzeug - WARNING -  * Debugger is active!
2025-04-15 14:56:38,951 - werkzeug - INFO -  * Debugger PIN: 691-175-853
2025-04-15 14:57:43,790 - werkzeug - INFO -  * Detected change in 'C:\\Users\\CSonneveld\\OneDrive - Euronext\\Documents\\Projects\\GUI + Reviews\\app.py', reloading
2025-04-15 14:57:43,796 - werkzeug - INFO -  * Detected change in 'C:\\Users\\CSonneveld\\OneDrive - Euronext\\Documents\\Projects\\GUI + Reviews\\app.py', reloading
2025-04-15 14:57:43,797 - werkzeug - INFO -  * Detected change in 'C:\\Users\\CSonneveld\\OneDrive - Euronext\\Documents\\Projects\\GUI + Reviews\\app.py', reloading
2025-04-15 14:57:44,521 - werkzeug - INFO -  * Restarting with watchdog (windowsapi)
2025-04-15 15:00:58,284 - werkzeug - INFO -  * Restarting with watchdog (windowsapi)
2025-04-15 15:01:01,911 - werkzeug - INFO -  * Restarting with watchdog (windowsapi)
2025-04-15 15:06:28,779 - werkzeug - INFO -  * Restarting with watchdog (windowsapi)
2025-04-15 15:06:30,411 - werkzeug - INFO -  * Restarting with watchdog (windowsapi)
2025-04-15 15:17:57,950 - werkzeug - INFO -  * Restarting with watchdog (windowsapi)
2025-04-15 15:22:09,426 - werkzeug - INFO -  * Restarting with watchdog (windowsapi)
2025-04-15 15:23:07,318 - werkzeug - INFO -  * Restarting with watchdog (windowsapi)
2025-04-15 15:23:22,929 - werkzeug - INFO -  * Restarting with watchdog (windowsapi)
2025-04-15 15:24:15,629 - werkzeug - INFO -  * Restarting with watchdog (windowsapi)
2025-04-15 15:25:54,015 - werkzeug - INFO -  * Restarting with watchdog (windowsapi)
2025-04-15 15:25:55,657 - werkzeug - INFO -  * Restarting with watchdog (windowsapi)
2025-04-15 15:28:38,028 - werkzeug - INFO -  * Restarting with watchdog (windowsapi)
2025-04-15 15:28:39,634 - werkzeug - INFO -  * Restarting with watchdog (windowsapi)
2025-04-15 15:31:11,384 - werkzeug - INFO -  * Restarting with watchdog (windowsapi)
2025-04-15 15:31:12,999 - werkzeug - INFO -  * Restarting with watchdog (windowsapi)
2025-04-15 15:32:09,923 - werkzeug - INFO -  * Restarting with watchdog (windowsapi)
2025-04-15 15:32:24,890 - werkzeug - INFO -  * Restarting with watchdog (windowsapi)
2025-04-15 16:33:30,832 - werkzeug - INFO -  * Restarting with watchdog (windowsapi)
2025-04-15 16:35:09,515 - werkzeug - INFO -  * Restarting with watchdog (windowsapi)
2025-04-15 16:36:25,458 - werkzeug - INFO -  * Restarting with watchdog (windowsapi)
2025-04-15 16:36:27,042 - werkzeug - INFO -  * Restarting with watchdog (windowsapi)
2025-04-15 16:36:28,666 - werkzeug - INFO -  * Restarting with watchdog (windowsapi)
2025-04-15 16:36:45,512 - werkzeug - INFO -  * Restarting with watchdog (windowsapi)
2025-04-15 16:36:47,244 - werkzeug - INFO -  * Restarting with watchdog (windowsapi)
2025-04-15 16:37:28,571 - werkzeug - INFO -  * Restarting with watchdog (windowsapi)
2025-04-15 16:52:41,788 - werkzeug - INFO -  * Restarting with watchdog (windowsapi)
2025-04-15 16:53:09,920 - werkzeug - INFO -  * Restarting with watchdog (windowsapi)
2025-04-15 17:01:39,565 - werkzeug - INFO -  * Restarting with watchdog (windowsapi)
2025-04-15 17:01:41,215 - werkzeug - INFO -  * Restarting with watchdog (windowsapi)
2025-04-15 17:07:22,937 - werkzeug - INFO -  * Restarting with watchdog (windowsapi)
2025-04-15 17:38:14,355 - werkzeug - INFO -  * Restarting with watchdog (windowsapi)
2025-04-15 17:42:39,184 - werkzeug - INFO -  * Restarting with watchdog (windowsapi)
2025-04-15 17:43:07,396 - werkzeug - INFO -  * Restarting with watchdog (windowsapi)
2025-04-15 17:46:40,899 - werkzeug - INFO -  * Restarting with watchdog (windowsapi)
2025-04-15 17:46:42,517 - werkzeug - INFO -  * Restarting with watchdog (windowsapi)
2025-04-15 17:50:54,794 - werkzeug - INFO -  * Restarting with watchdog (windowsapi)
2025-04-15 17:50:56,378 - werkzeug - INFO -  * Restarting with watchdog (windowsapi)
2025-04-15 17:53:25,083 - werkzeug - INFO -  * Restarting with watchdog (windowsapi)
2025-04-15 17:57:47,995 - werkzeug - INFO -  * Restarting with watchdog (windowsapi)
2025-04-15 17:57:49,550 - werkzeug - INFO -  * Restarting with watchdog (windowsapi)
2025-04-15 17:58:15,574 - werkzeug - INFO -  * Restarting with watchdog (windowsapi)
2025-04-15 17:58:21,252 - werkzeug - INFO -  * Restarting with watchdog (windowsapi)
2025-04-15 18:13:35,456 - werkzeug - INFO -  * Restarting with watchdog (windowsapi)
