2025-02-10 15:13:45,437 - werkzeug - WARNING -  * Debugger is active!
2025-02-10 15:13:45,440 - werkzeug - INFO -  * Debugger PIN: 691-175-853
2025-02-10 15:14:00,000 - Review.reviews.egspp_review - INFO - Processing sector: 1010.0, area: AS, group size: 45
2025-02-10 15:14:00,001 - Review.reviews.egspp_review - INFO - Companies in group: 45, to exclude: 8
2025-02-10 15:14:00,001 - Review.reviews.egspp_review - INFO - Processing sector: 1010.0, area: EU, group size: 20
2025-02-10 15:14:00,002 - Review.reviews.egspp_review - INFO - Companies in group: 20, to exclude: 3
2025-02-10 15:14:00,002 - Review.reviews.egspp_review - INFO - Processing sector: 1010.0, area: NA, group size: 72
2025-02-10 15:14:00,003 - Review.reviews.egspp_review - INFO - Companies in group: 72, to exclude: 14
2025-02-10 15:14:00,003 - Review.reviews.egspp_review - INFO - Processing sector: 1510.0, area: AS, group size: 12
2025-02-10 15:14:00,004 - Review.reviews.egspp_review - INFO - Companies in group: 12, to exclude: 2
2025-02-10 15:14:00,004 - Review.reviews.egspp_review - INFO - Processing sector: 1510.0, area: EU, group size: 17
2025-02-10 15:14:00,005 - Review.reviews.egspp_review - INFO - Companies in group: 17, to exclude: 3
2025-02-10 15:14:00,005 - Review.reviews.egspp_review - INFO - Processing sector: 1510.0, area: NA, group size: 10
2025-02-10 15:14:00,005 - Review.reviews.egspp_review - INFO - Companies in group: 10, to exclude: 1
2025-02-10 15:14:00,006 - Review.reviews.egspp_review - INFO - Processing sector: 2010.0, area: AS, group size: 31
2025-02-10 15:14:00,006 - Review.reviews.egspp_review - INFO - Companies in group: 31, to exclude: 6
2025-02-10 15:14:00,006 - Review.reviews.egspp_review - INFO - Processing sector: 2010.0, area: EU, group size: 47
2025-02-10 15:14:00,007 - Review.reviews.egspp_review - INFO - Companies in group: 47, to exclude: 9
2025-02-10 15:14:00,007 - Review.reviews.egspp_review - INFO - Processing sector: 2010.0, area: NA, group size: 48
2025-02-10 15:14:00,007 - Review.reviews.egspp_review - INFO - Companies in group: 48, to exclude: 9
2025-02-10 15:14:00,008 - Review.reviews.egspp_review - INFO - Processing sector: 3010.0, area: AS, group size: 29
2025-02-10 15:14:00,010 - Review.reviews.egspp_review - INFO - Companies in group: 29, to exclude: 5
2025-02-10 15:14:00,010 - Review.reviews.egspp_review - INFO - Processing sector: 3010.0, area: EU, group size: 40
2025-02-10 15:14:00,011 - Review.reviews.egspp_review - INFO - Companies in group: 40, to exclude: 7
2025-02-10 15:14:00,012 - Review.reviews.egspp_review - INFO - Processing sector: 3010.0, area: NA, group size: 21
2025-02-10 15:14:00,012 - Review.reviews.egspp_review - INFO - Companies in group: 21, to exclude: 4
2025-02-10 15:14:00,013 - Review.reviews.egspp_review - INFO - Processing sector: 3020.0, area: AS, group size: 15
2025-02-10 15:14:00,013 - Review.reviews.egspp_review - INFO - Companies in group: 15, to exclude: 2
2025-02-10 15:14:00,014 - Review.reviews.egspp_review - INFO - Processing sector: 3020.0, area: EU, group size: 30
2025-02-10 15:14:00,015 - Review.reviews.egspp_review - INFO - Companies in group: 30, to exclude: 5
2025-02-10 15:14:00,015 - Review.reviews.egspp_review - INFO - Processing sector: 3020.0, area: NA, group size: 32
2025-02-10 15:14:00,015 - Review.reviews.egspp_review - INFO - Companies in group: 32, to exclude: 6
2025-02-10 15:14:00,016 - Review.reviews.egspp_review - INFO - Processing sector: 3030.0, area: AS, group size: 14
2025-02-10 15:14:00,016 - Review.reviews.egspp_review - INFO - Companies in group: 14, to exclude: 2
2025-02-10 15:14:00,017 - Review.reviews.egspp_review - INFO - Processing sector: 3030.0, area: EU, group size: 30
2025-02-10 15:14:00,017 - Review.reviews.egspp_review - INFO - Companies in group: 30, to exclude: 5
2025-02-10 15:14:00,017 - Review.reviews.egspp_review - INFO - Processing sector: 3030.0, area: NA, group size: 23
2025-02-10 15:14:00,018 - Review.reviews.egspp_review - INFO - Companies in group: 23, to exclude: 4
2025-02-10 15:14:00,018 - Review.reviews.egspp_review - INFO - Processing sector: 3510.0, area: AS, group size: 47
2025-02-10 15:14:00,019 - Review.reviews.egspp_review - INFO - Companies in group: 47, to exclude: 9
2025-02-10 15:14:00,019 - Review.reviews.egspp_review - INFO - Processing sector: 3510.0, area: EU, group size: 21
2025-02-10 15:14:00,020 - Review.reviews.egspp_review - INFO - Companies in group: 21, to exclude: 4
2025-02-10 15:14:00,020 - Review.reviews.egspp_review - INFO - Processing sector: 3510.0, area: NA, group size: 22
2025-02-10 15:14:00,020 - Review.reviews.egspp_review - INFO - Companies in group: 22, to exclude: 4
2025-02-10 15:14:00,021 - Review.reviews.egspp_review - INFO - Processing sector: 4010.0, area: AS, group size: 15
2025-02-10 15:14:00,021 - Review.reviews.egspp_review - INFO - Companies in group: 15, to exclude: 2
2025-02-10 15:14:00,022 - Review.reviews.egspp_review - INFO - Processing sector: 4010.0, area: EU, group size: 12
2025-02-10 15:14:00,022 - Review.reviews.egspp_review - INFO - Companies in group: 12, to exclude: 2
2025-02-10 15:14:00,023 - Review.reviews.egspp_review - INFO - Processing sector: 4010.0, area: NA, group size: 4
2025-02-10 15:14:00,023 - Review.reviews.egspp_review - INFO - Companies in group: 4, to exclude: 0
2025-02-10 15:14:00,024 - Review.reviews.egspp_review - WARNING - No companies to exclude for sector 4010.0 and area NA
2025-02-10 15:14:00,024 - Review.reviews.egspp_review - INFO - Processing sector: 4020.0, area: AS, group size: 28
2025-02-10 15:14:00,024 - Review.reviews.egspp_review - INFO - Companies in group: 28, to exclude: 5
2025-02-10 15:14:00,025 - Review.reviews.egspp_review - INFO - Processing sector: 4020.0, area: EU, group size: 22
2025-02-10 15:14:00,025 - Review.reviews.egspp_review - INFO - Companies in group: 22, to exclude: 4
2025-02-10 15:14:00,025 - Review.reviews.egspp_review - INFO - Processing sector: 4020.0, area: NA, group size: 16
2025-02-10 15:14:00,026 - Review.reviews.egspp_review - INFO - Companies in group: 16, to exclude: 3
2025-02-10 15:14:00,026 - Review.reviews.egspp_review - INFO - Processing sector: 4030.0, area: AS, group size: 7
2025-02-10 15:14:00,027 - Review.reviews.egspp_review - INFO - Companies in group: 7, to exclude: 1
2025-02-10 15:14:00,027 - Review.reviews.egspp_review - INFO - Processing sector: 4030.0, area: EU, group size: 8
2025-02-10 15:14:00,028 - Review.reviews.egspp_review - INFO - Companies in group: 8, to exclude: 1
2025-02-10 15:14:00,028 - Review.reviews.egspp_review - INFO - Processing sector: 4030.0, area: NA, group size: 7
2025-02-10 15:14:00,028 - Review.reviews.egspp_review - INFO - Companies in group: 7, to exclude: 1
2025-02-10 15:14:00,029 - Review.reviews.egspp_review - INFO - Processing sector: 4040.0, area: AS, group size: 14
2025-02-10 15:14:00,029 - Review.reviews.egspp_review - INFO - Companies in group: 14, to exclude: 2
2025-02-10 15:14:00,030 - Review.reviews.egspp_review - INFO - Processing sector: 4040.0, area: EU, group size: 10
2025-02-10 15:14:00,031 - Review.reviews.egspp_review - INFO - Companies in group: 10, to exclude: 1
2025-02-10 15:14:00,031 - Review.reviews.egspp_review - INFO - Processing sector: 4040.0, area: NA, group size: 18
2025-02-10 15:14:00,031 - Review.reviews.egspp_review - INFO - Companies in group: 18, to exclude: 3
2025-02-10 15:14:00,032 - Review.reviews.egspp_review - INFO - Processing sector: 4050.0, area: AS, group size: 19
2025-02-10 15:14:00,032 - Review.reviews.egspp_review - INFO - Companies in group: 19, to exclude: 3
2025-02-10 15:14:00,032 - Review.reviews.egspp_review - INFO - Processing sector: 4050.0, area: EU, group size: 13
2025-02-10 15:14:00,033 - Review.reviews.egspp_review - INFO - Companies in group: 13, to exclude: 2
2025-02-10 15:14:00,033 - Review.reviews.egspp_review - INFO - Processing sector: 4050.0, area: NA, group size: 21
2025-02-10 15:14:00,033 - Review.reviews.egspp_review - INFO - Companies in group: 21, to exclude: 4
2025-02-10 15:14:00,034 - Review.reviews.egspp_review - INFO - Processing sector: 4510.0, area: AS, group size: 24
2025-02-10 15:14:00,034 - Review.reviews.egspp_review - INFO - Companies in group: 24, to exclude: 4
2025-02-10 15:14:00,034 - Review.reviews.egspp_review - INFO - Processing sector: 4510.0, area: EU, group size: 27
2025-02-10 15:14:00,035 - Review.reviews.egspp_review - INFO - Companies in group: 27, to exclude: 5
2025-02-10 15:14:00,035 - Review.reviews.egspp_review - INFO - Processing sector: 4510.0, area: NA, group size: 16
2025-02-10 15:14:00,035 - Review.reviews.egspp_review - INFO - Companies in group: 16, to exclude: 3
2025-02-10 15:14:00,036 - Review.reviews.egspp_review - INFO - Processing sector: 4520.0, area: AS, group size: 14
2025-02-10 15:14:00,036 - Review.reviews.egspp_review - INFO - Companies in group: 14, to exclude: 2
2025-02-10 15:14:00,036 - Review.reviews.egspp_review - INFO - Processing sector: 4520.0, area: EU, group size: 13
2025-02-10 15:14:00,037 - Review.reviews.egspp_review - INFO - Companies in group: 13, to exclude: 2
2025-02-10 15:14:00,037 - Review.reviews.egspp_review - INFO - Processing sector: 4520.0, area: NA, group size: 12
2025-02-10 15:14:00,038 - Review.reviews.egspp_review - INFO - Companies in group: 12, to exclude: 2
2025-02-10 15:14:00,038 - Review.reviews.egspp_review - INFO - Processing sector: 5010.0, area: AS, group size: 18
2025-02-10 15:14:00,039 - Review.reviews.egspp_review - INFO - Companies in group: 18, to exclude: 3
2025-02-10 15:14:00,040 - Review.reviews.egspp_review - INFO - Processing sector: 5010.0, area: EU, group size: 24
2025-02-10 15:14:00,040 - Review.reviews.egspp_review - INFO - Companies in group: 24, to exclude: 4
2025-02-10 15:14:00,040 - Review.reviews.egspp_review - INFO - Processing sector: 5010.0, area: NA, group size: 14
2025-02-10 15:14:00,041 - Review.reviews.egspp_review - INFO - Companies in group: 14, to exclude: 2
2025-02-10 15:14:00,041 - Review.reviews.egspp_review - INFO - Processing sector: 5020.0, area: AS, group size: 100
2025-02-10 15:14:00,042 - Review.reviews.egspp_review - INFO - Companies in group: 100, to exclude: 19
2025-02-10 15:14:00,043 - Review.reviews.egspp_review - INFO - Processing sector: 5020.0, area: EU, group size: 91
2025-02-10 15:14:00,044 - Review.reviews.egspp_review - INFO - Companies in group: 91, to exclude: 18
2025-02-10 15:14:00,045 - Review.reviews.egspp_review - INFO - Processing sector: 5020.0, area: NA, group size: 81
2025-02-10 15:14:00,045 - Review.reviews.egspp_review - INFO - Companies in group: 81, to exclude: 16
2025-02-10 15:14:00,046 - Review.reviews.egspp_review - INFO - Processing sector: 5510.0, area: AS, group size: 18
2025-02-10 15:14:00,046 - Review.reviews.egspp_review - INFO - Companies in group: 18, to exclude: 3
2025-02-10 15:14:00,047 - Review.reviews.egspp_review - INFO - Processing sector: 5510.0, area: EU, group size: 13
2025-02-10 15:14:00,047 - Review.reviews.egspp_review - INFO - Companies in group: 13, to exclude: 2
2025-02-10 15:14:00,048 - Review.reviews.egspp_review - INFO - Processing sector: 5510.0, area: NA, group size: 12
2025-02-10 15:14:00,048 - Review.reviews.egspp_review - INFO - Companies in group: 12, to exclude: 2
2025-02-10 15:14:00,048 - Review.reviews.egspp_review - INFO - Processing sector: 5520.0, area: AS, group size: 18
2025-02-10 15:14:00,049 - Review.reviews.egspp_review - INFO - Companies in group: 18, to exclude: 3
2025-02-10 15:14:00,049 - Review.reviews.egspp_review - INFO - Processing sector: 5520.0, area: EU, group size: 16
2025-02-10 15:14:00,050 - Review.reviews.egspp_review - INFO - Companies in group: 16, to exclude: 3
2025-02-10 15:14:00,050 - Review.reviews.egspp_review - INFO - Processing sector: 5520.0, area: NA, group size: 6
2025-02-10 15:14:00,050 - Review.reviews.egspp_review - INFO - Companies in group: 6, to exclude: 1
2025-02-10 15:14:00,050 - Review.reviews.egspp_review - INFO - Processing sector: 6010.0, area: AS, group size: 10
2025-02-10 15:14:00,051 - Review.reviews.egspp_review - INFO - Companies in group: 10, to exclude: 1
2025-02-10 15:14:00,051 - Review.reviews.egspp_review - INFO - Processing sector: 6010.0, area: EU, group size: 20
2025-02-10 15:14:00,051 - Review.reviews.egspp_review - INFO - Companies in group: 20, to exclude: 3
2025-02-10 15:14:00,052 - Review.reviews.egspp_review - INFO - Processing sector: 6010.0, area: NA, group size: 34
2025-02-10 15:14:00,052 - Review.reviews.egspp_review - INFO - Companies in group: 34, to exclude: 6
2025-02-10 15:14:00,053 - Review.reviews.egspp_review - INFO - Processing sector: 6510.0, area: AS, group size: 22
2025-02-10 15:14:00,053 - Review.reviews.egspp_review - INFO - Companies in group: 22, to exclude: 4
2025-02-10 15:14:00,053 - Review.reviews.egspp_review - INFO - Processing sector: 6510.0, area: EU, group size: 26
2025-02-10 15:14:00,054 - Review.reviews.egspp_review - INFO - Companies in group: 26, to exclude: 5
2025-02-10 15:14:00,054 - Review.reviews.egspp_review - INFO - Processing sector: 6510.0, area: NA, group size: 31
2025-02-10 15:14:00,055 - Review.reviews.egspp_review - INFO - Companies in group: 31, to exclude: 6
2025-02-10 15:14:13,264 - Review.reviews.egspp_review - INFO - Checking IsinCode FRIX00003031 in index_eod_df
2025-02-10 15:14:13,265 - Review.reviews.egspp_review - INFO - Found 1 matching rows
2025-02-10 15:14:13,276 - Review.reviews.egspp_review - INFO - Saving FRD4P output to: C:\Users\CSonneveld\OneDrive - Euronext\Documents\Projects\GUI + Reviews\output\FRD4P_df_20250210_151413.xlsx
2025-02-10 15:14:13,576 - werkzeug - INFO - 127.0.0.1 - - [10/Feb/2025 15:14:13] "POST /calculate HTTP/1.1" 200 -
2025-02-10 15:14:34,429 - werkzeug - INFO -  * Detected change in 'C:\\Users\\CSonneveld\\OneDrive - Euronext\\Documents\\Projects\\GUI + Reviews\\Review\\reviews\\f4rip_review.py', reloading
