2025-12-03 13:20:56,370 - werkzeug - WARNING -  * Debugger is active!
2025-12-03 13:20:56,377 - werkzeug - INFO -  * Debugger PIN: 691-175-853
2025-12-03 13:20:56,884 - werkzeug - INFO - 127.0.0.1 - - [03/Dec/2025 13:20:56] "GET /task-status/fda80a95-4e7f-4261-be0b-93ae0cac89c5 HTTP/1.1" 200 -
2025-12-03 13:20:58,934 - werkzeug - INFO - 127.0.0.1 - - [03/Dec/2025 13:20:58] "POST /calculate HTTP/1.1" 200 -
2025-12-03 13:20:58,934 - Review.reviews.ezsl_review - INFO - Starting EZSL review calculation
2025-12-03 13:20:58,934 - werkzeug - INFO - 127.0.0.1 - - [03/Dec/2025 13:20:58] "GET /task-status/c1243510-d37c-4607-86de-96b0655a1275 HTTP/1.1" 200 -
2025-12-03 13:21:00,218 - Review.reviews.ezsl_review - ERROR - Error during review calculation: 'Isin Code'
2025-12-03 13:21:00,218 - werkzeug - INFO -  * Detected change in 'C:\\Users\\CSonneveld\\AppData\\Roaming\\Python\\Python312\\site-packages\\pandas\\core\\reshape\\merge.py', reloading
2025-12-03 13:21:00,218 - Review.reviews.ezsl_review - ERROR - Traceback (most recent call last):
  File "C:\Users\CSonneveld\OneDrive - Euronext\Documents\Projects\GUI + Reviews\Review\reviews\ezsl_review.py", line 87, in run_ezsl_review
    .merge(
     ^^^^^^
  File "C:\Users\CSonneveld\AppData\Roaming\Python\Python312\site-packages\pandas\core\frame.py", line 10832, in merge
    return merge(
           ^^^^^^
  File "C:\Users\CSonneveld\AppData\Roaming\Python\Python312\site-packages\pandas\core\reshape\merge.py", line 170, in merge
    op = _MergeOperation(
         ^^^^^^^^^^^^^^^^
  File "C:\Users\CSonneveld\AppData\Roaming\Python\Python312\site-packages\pandas\core\reshape\merge.py", line 794, in __init__
    ) = self._get_merge_keys()
        ^^^^^^^^^^^^^^^^^^^^^^
  File "C:\Users\CSonneveld\AppData\Roaming\Python\Python312\site-packages\pandas\core\reshape\merge.py", line 1310, in _get_merge_keys
    left_keys.append(left._get_label_or_level_values(lk))
                     ^^^^^^^^^^^^^^^^^^^^^^^^^^^^^^^^^^^
  File "C:\Users\CSonneveld\AppData\Roaming\Python\Python312\site-packages\pandas\core\generic.py", line 1911, in _get_label_or_level_values
    raise KeyError(key)
KeyError: 'Isin Code'

