2025-12-17 20:42:18,836 - werkzeug - WARNING -  * Debugger is active!
2025-12-17 20:42:18,836 - werkzeug - INFO -  * Debugger PIN: 691-175-853
2025-12-17 20:42:18,886 - werkzeug - INFO - 127.0.0.1 - - [17/Dec/2025 20:42:18] "POST /calculate HTTP/1.1" 200 -
2025-12-17 20:42:18,889 - Review.reviews.aetaw_review - INFO - Loading EOD data...
2025-12-17 20:42:18,891 - werkzeug - INFO - 127.0.0.1 - - [17/Dec/2025 20:42:18] "GET /task-status/b1e7a728-18d2-4dfd-882d-0393418f053d HTTP/1.1" 200 -
2025-12-17 20:42:19,247 - Review.reviews.aetaw_review - INFO - Loading reference data...
2025-12-17 20:42:19,457 - Review.reviews.aetaw_review - INFO - Loaded 75 companies from AEX, AMX, and AScX
2025-12-17 20:42:19,487 - Review.reviews.aetaw_review - INFO - 
Initial weights calculated. Starting three-step capping process...
2025-12-17 20:42:19,487 - Review.reviews.aetaw_review - INFO - 
========== STEP 1: Individual 9% Cap ==========
2025-12-17 20:42:19,487 - Review.reviews.aetaw_review - INFO - 
--- Step 1, Iteration 1 ---
2025-12-17 20:42:19,487 - Review.reviews.aetaw_review - INFO - Capped 3 companies at 9%
2025-12-17 20:42:19,487 - Review.reviews.aetaw_review - INFO - Excess weight: 25.9959%
2025-12-17 20:42:19,487 - Review.reviews.aetaw_review - INFO - Redistributed to 72 companies
2025-12-17 20:42:19,487 - Review.reviews.aetaw_review - INFO - Max weight change: 18.801302%
2025-12-17 20:42:19,487 - Review.reviews.aetaw_review - INFO - 
--- Step 1, Iteration 2 ---
2025-12-17 20:42:19,487 - Review.reviews.aetaw_review - INFO - Max weight change: 0.000000%
2025-12-17 20:42:19,495 - Review.reviews.aetaw_review - INFO - [SUCCESS] Step 1 converged after 2 iterations
2025-12-17 20:42:19,495 - Review.reviews.aetaw_review - INFO - 
Step 1 complete: 3 companies locked at 9%
2025-12-17 20:42:19,496 - Review.reviews.aetaw_review - INFO -   ASML HOLDING: 9.0000%
2025-12-17 20:42:19,497 - Review.reviews.aetaw_review - INFO -   SHELL PLC: 9.0000%
2025-12-17 20:42:19,497 - Review.reviews.aetaw_review - INFO -   UNILEVER: 9.0000%
2025-12-17 20:42:19,497 - Review.reviews.aetaw_review - INFO - 
========== STEP 2: Collective 36% Constraint (Cap outside top 4 at 4.5%) ==========
2025-12-17 20:42:19,497 - Review.reviews.aetaw_review - INFO - 
--- Step 2, Iteration 1 ---
2025-12-17 20:42:19,499 - Review.reviews.aetaw_review - INFO - Top 4 companies:
2025-12-17 20:42:19,499 - Review.reviews.aetaw_review - INFO -   ASML HOLDING: 9.0000%
2025-12-17 20:42:19,499 - Review.reviews.aetaw_review - INFO -   SHELL PLC: 9.0000%
2025-12-17 20:42:19,499 - Review.reviews.aetaw_review - INFO -   UNILEVER: 9.0000%
2025-12-17 20:42:19,500 - Review.reviews.aetaw_review - INFO -   ING GROEP N.V.: 8.8804%
2025-12-17 20:42:19,501 - Review.reviews.aetaw_review - INFO - Capped 3 companies (outside top 4) at 4.5%
2025-12-17 20:42:19,501 - Review.reviews.aetaw_review - INFO - Total companies locked at 4.5%: 3
2025-12-17 20:42:19,501 - Review.reviews.aetaw_review - INFO - Excess weight: 8.5196%
2025-12-17 20:42:19,502 - Review.reviews.aetaw_review - INFO - Redistributed to 69 companies (not locked at 9% or 4.5%)
2025-12-17 20:42:19,504 - Review.reviews.aetaw_review - INFO - Max weight change: 3.949232%
2025-12-17 20:42:19,504 - Review.reviews.aetaw_review - INFO - 
--- Step 2, Iteration 2 ---
2025-12-17 20:42:19,505 - Review.reviews.aetaw_review - INFO - Top 4 companies:
2025-12-17 20:42:19,505 - Review.reviews.aetaw_review - INFO -   ING GROEP N.V.: 10.3644%
2025-12-17 20:42:19,506 - Review.reviews.aetaw_review - INFO -   ASML HOLDING: 9.0000%
2025-12-17 20:42:19,506 - Review.reviews.aetaw_review - INFO -   SHELL PLC: 9.0000%
2025-12-17 20:42:19,506 - Review.reviews.aetaw_review - INFO -   UNILEVER: 9.0000%
2025-12-17 20:42:19,506 - Review.reviews.aetaw_review - INFO - Capped 1 companies (outside top 4) at 4.5%
2025-12-17 20:42:19,507 - Review.reviews.aetaw_review - INFO - Total companies locked at 4.5%: 4
2025-12-17 20:42:19,507 - Review.reviews.aetaw_review - INFO - Excess weight: 0.1079%
2025-12-17 20:42:19,509 - Review.reviews.aetaw_review - INFO - Redistributed to 68 companies (not locked at 9% or 4.5%)
2025-12-17 20:42:19,509 - Review.reviews.aetaw_review - INFO - Max weight change: 0.107906%
2025-12-17 20:42:19,509 - Review.reviews.aetaw_review - INFO - 
--- Step 2, Iteration 3 ---
2025-12-17 20:42:19,509 - Review.reviews.aetaw_review - INFO - Top 4 companies:
2025-12-17 20:42:19,509 - Review.reviews.aetaw_review - INFO -   ING GROEP N.V.: 10.3848%
2025-12-17 20:42:19,509 - Review.reviews.aetaw_review - INFO -   ASML HOLDING: 9.0000%
2025-12-17 20:42:19,509 - Review.reviews.aetaw_review - INFO -   SHELL PLC: 9.0000%
2025-12-17 20:42:19,510 - Review.reviews.aetaw_review - INFO -   UNILEVER: 9.0000%
2025-12-17 20:42:19,510 - Review.reviews.aetaw_review - INFO - Max weight change: 0.000000%
2025-12-17 20:42:19,510 - Review.reviews.aetaw_review - INFO - [SUCCESS] Step 2 converged after 3 iterations
2025-12-17 20:42:19,510 - Review.reviews.aetaw_review - INFO - 
Step 2 complete: 4 companies locked at 4.5%
2025-12-17 20:42:19,510 - Review.reviews.aetaw_review - INFO - 
========== STEP 3: Re-check 9% Cap for Top 4 ==========
2025-12-17 20:42:19,511 - Review.reviews.aetaw_review - INFO - 
--- Step 3, Iteration 1 ---
2025-12-17 20:42:19,512 - Review.reviews.aetaw_review - INFO - Capped 1 companies at 9%
2025-12-17 20:42:19,512 - Review.reviews.aetaw_review - INFO - Excess weight: 1.3848%
2025-12-17 20:42:19,513 - Review.reviews.aetaw_review - INFO - Redistributed to 67 companies (not locked, below 4.5%)
2025-12-17 20:42:19,513 - Review.reviews.aetaw_review - INFO - Max weight change: 1.384805%
2025-12-17 20:42:19,513 - Review.reviews.aetaw_review - INFO - 
--- Step 3, Iteration 2 ---
2025-12-17 20:42:19,514 - Review.reviews.aetaw_review - INFO - Max weight change: 0.000000%
2025-12-17 20:42:19,514 - Review.reviews.aetaw_review - INFO - [SUCCESS] Step 3 converged after 2 iterations
2025-12-17 20:42:19,515 - Review.reviews.aetaw_review - INFO - 
========== Final Results ==========
2025-12-17 20:42:19,516 - Review.reviews.aetaw_review - INFO - Companies at 9.00%: 4
2025-12-17 20:42:19,516 - Review.reviews.aetaw_review - INFO - Companies locked at 4.50%: 4
2025-12-17 20:42:19,516 - Review.reviews.aetaw_review - INFO - Total weight OVER 4.5%: 36.0000% (limit: 36.00%)
2025-12-17 20:42:19,516 - Review.reviews.aetaw_review - INFO - Sum of all final weights: 100.000000% (should be 100%)
2025-12-17 20:42:19,516 - Review.reviews.aetaw_review - INFO - [SUCCESS] Collective cap satisfied
2025-12-17 20:42:19,516 - Review.reviews.aetaw_review - INFO - AETAW capping complete. Companies with CF < 1: 74
2025-12-17 20:42:19,520 - Review.reviews.aetaw_review - INFO - Saving AETAW output to: C:\Users\CSonneveld\OneDrive - Euronext\Documents\Projects\GUI + Reviews\output\AETAW_df_20251217_204219.xlsx
2025-12-17 20:42:20,886 - werkzeug - INFO - 127.0.0.1 - - [17/Dec/2025 20:42:20] "GET /task-status/b1e7a728-18d2-4dfd-882d-0393418f053d HTTP/1.1" 200 -
2025-12-17 20:42:24,025 - werkzeug - INFO -  * Detected change in 'C:\\Users\\CSonneveld\\OneDrive - Euronext\\Documents\\Projects\\GUI + Reviews\\Review\\reviews\\aetaw_review.py', reloading
2025-12-17 20:42:24,025 - werkzeug - INFO -  * Detected change in 'C:\\Users\\CSonneveld\\OneDrive - Euronext\\Documents\\Projects\\GUI + Reviews\\Review\\reviews\\aetaw_review.py', reloading
