2025-06-30 16:48:08,829 - werkzeug - WARNING -  * Debugger is active!
2025-06-30 16:48:08,839 - werkzeug - INFO -  * Debugger PIN: 691-175-853
2025-06-30 16:48:13,407 - Review.reviews.gicp_review - INFO - Loading EOD data...
2025-06-30 16:48:15,877 - Review.reviews.gicp_review - INFO - Loading reference data...
2025-06-30 16:48:23,020 - Review.reviews.gicp_review - INFO - Processing market data...
2025-06-30 16:48:23,061 - Review.reviews.gicp_review - INFO - Step 1: Defining Index Universe...
2025-06-30 16:48:23,061 - Review.reviews.gicp_review - INFO - Universe contains 756 companies
2025-06-30 16:48:23,071 - Review.reviews.gicp_review - INFO - Step 2: Applying Eligibility Screening...
2025-06-30 16:48:23,073 - Review.reviews.gicp_review - INFO - Eligible universe contains 366 companies
2025-06-30 16:48:23,075 - Review.reviews.gicp_review - INFO - Step 3: Grouping and Ranking...
2025-06-30 16:48:23,077 - Review.reviews.gicp_review - INFO - Group 1 (EZ300) eligible companies: 138
2025-06-30 16:48:23,077 - Review.reviews.gicp_review - INFO - Group 2 (NA500) eligible companies: 228
2025-06-30 16:48:23,084 - Review.reviews.gicp_review - INFO - Step 4: Selecting Top 15 from each group...
2025-06-30 16:48:23,095 - Review.reviews.gicp_review - INFO - Selected from Group 1: 15 companies
2025-06-30 16:48:23,096 - Review.reviews.gicp_review - INFO - Selected from Group 2: 15 companies
2025-06-30 16:48:23,097 - Review.reviews.gicp_review - INFO - Total selected companies: 30
2025-06-30 16:48:23,102 - Review.reviews.gicp_review - INFO - Step 5: Applying Weighting Rules...
2025-06-30 16:48:23,108 - Review.reviews.gicp_review - INFO - 
Weighting Verification:
2025-06-30 16:48:23,109 - Review.reviews.gicp_review - INFO - Group 1 (EZ300) weight: 60.0000% (target: 60.00%)
2025-06-30 16:48:23,109 - Review.reviews.gicp_review - INFO - Group 2 (NA500) weight: 40.0000% (target: 40.00%)
2025-06-30 16:48:23,110 - Review.reviews.gicp_review - INFO - Maximum constituent weight: 9.4913% (limit: 10.00%)
2025-06-30 16:48:23,110 - Review.reviews.gicp_review - INFO - Total weight: 100.0000%
2025-06-30 16:48:23,113 - Review.reviews.gicp_review - INFO - Saving GICP output to: C:\Users\CSonneveld\OneDrive - Euronext\Documents\Projects\GUI + Reviews\output\GICP_Review_20250630_164823.xlsx
2025-06-30 16:48:23,381 - werkzeug - INFO - 10.199.43.197 - - [30/Jun/2025 16:48:23] "POST /calculate HTTP/1.1" 200 -
2025-06-30 16:55:09,884 - werkzeug - INFO -  * Detected change in 'C:\\Users\\CSonneveld\\OneDrive - Euronext\\Documents\\Projects\\GUI + Reviews\\Review\\reviews\\gicp_review.py', reloading
2025-06-30 16:55:09,884 - werkzeug - INFO -  * Detected change in 'C:\\Users\\CSonneveld\\OneDrive - Euronext\\Documents\\Projects\\GUI + Reviews\\Review\\reviews\\gicp_review.py', reloading
2025-06-30 16:55:09,884 - werkzeug - INFO -  * Detected change in 'C:\\Users\\CSonneveld\\OneDrive - Euronext\\Documents\\Projects\\GUI + Reviews\\Review\\reviews\\gicp_review.py', reloading
