2025-04-11 15:16:33,095 - werkzeug - WARNING -  * Debugger is active!
2025-04-11 15:16:33,097 - werkzeug - INFO -  * Debugger PIN: 691-175-853
2025-04-11 15:17:40,809 - Review.reviews.lc100_review - INFO - Loading EOD data...
2025-04-11 15:17:42,630 - Review.reviews.lc100_review - INFO - Loading reference data...
2025-04-11 15:17:54,944 - Review.reviews.lc100_review - ERROR - Error during review calculation: Failed to load developed_market_df from reference data
2025-04-11 15:17:54,946 - Review.reviews.lc100_review - ERROR - Traceback (most recent call last):
  File "C:\Users\CSonneveld\OneDrive - Euronext\Documents\Projects\GUI + Reviews\Review\reviews\lc100_review.py", line 77, in run_lc100_review
    raise ValueError(f"Failed to load {df_name} from reference data")
ValueError: Failed to load developed_market_df from reference data

2025-04-11 15:17:54,969 - werkzeug - INFO - 127.0.0.1 - - [11/Apr/2025 15:17:54] "POST /calculate HTTP/1.1" 200 -
2025-04-11 15:18:42,454 - Review.reviews.lc100_review - INFO - Loading EOD data...
2025-04-11 15:18:45,374 - Review.reviews.lc100_review - INFO - Loading reference data...
2025-04-11 15:18:55,410 - Review.reviews.lc100_review - WARNING - Removed 18750 duplicate rows from cdp_climate_df
2025-04-11 15:18:55,414 - Review.reviews.lc100_review - INFO - Filtering universe for EU500 companies...
2025-04-11 15:18:55,418 - Review.reviews.lc100_review - INFO - Universe size after EU500 filter: 499
2025-04-11 15:18:55,419 - Review.reviews.lc100_review - INFO - Adding Free Float data...
2025-04-11 15:18:55,430 - Review.reviews.lc100_review - INFO - Adding ICB Subsector data...
2025-04-11 15:18:55,448 - Review.reviews.lc100_review - WARNING - Removed 9315 duplicate rows from ICB data
2025-04-11 15:18:55,562 - Review.reviews.lc100_review - INFO - Debug file saved to C:\Users\CSonneveld\OneDrive - Euronext\Documents\Projects\GUI + Reviews\debug\universe_df_after_nace_20250411_151855.xlsx
2025-04-11 15:18:55,562 - Review.reviews.lc100_review - INFO - Adding CDP Climate data...
2025-04-11 15:18:55,567 - Review.reviews.lc100_review - INFO - Adding Oekom Trust & Carbon data...
2025-04-11 15:18:55,569 - Review.reviews.lc100_review - INFO - Adding NACE data...
2025-04-11 15:18:55,571 - Review.reviews.lc100_review - INFO - Adding EU Taxonomy flag...
2025-04-11 15:18:55,573 - Review.reviews.lc100_review - INFO - Checking GAFI lists and Non-fiscally cooperative countries...
2025-04-11 15:18:55,574 - Review.reviews.lc100_review - INFO - Applying exclusion criteria...
2025-04-11 15:18:55,587 - Review.reviews.lc100_review - INFO - Marked 50 companies (10%) with worst SG scores for exclusion
2025-04-11 15:18:55,606 - Review.reviews.lc100_review - INFO - Calculating Climate Score for ranking...
2025-04-11 15:18:55,607 - Review.reviews.lc100_review - INFO - Selecting EU Taxonomy companies...
2025-04-11 15:18:55,608 - Review.reviews.lc100_review - INFO - Found 13 EU Taxonomy companies after exclusions
2025-04-11 15:18:55,610 - Review.reviews.lc100_review - INFO - Found 303 Non-EU Taxonomy eligible companies after exclusions
2025-04-11 15:18:55,610 - Review.reviews.lc100_review - INFO - STEP 4a: Determining target number of Non-EU Taxonomy companies per super-sector...
2025-04-11 15:18:55,610 - Review.reviews.lc100_review - INFO - Target number of Non-EU Taxonomy companies: 87
2025-04-11 15:18:55,612 - Review.reviews.lc100_review - INFO - Total eligible Non-EU Taxonomy companies: 303
2025-04-11 15:18:55,613 - Review.reviews.lc100_review - INFO - Total target after rounding: 98 (vs. target of 87)
2025-04-11 15:18:55,614 - Review.reviews.lc100_review - INFO - Need to remove 11 companies due to rounding up
2025-04-11 15:18:55,615 - Review.reviews.lc100_review - INFO - STEP 4b: Selecting Non-EU Taxonomy companies based on climate score...
2025-04-11 15:18:55,616 - Review.reviews.lc100_review - INFO - Selected 5 companies from super-sector 1010.0
2025-04-11 15:18:55,617 - Review.reviews.lc100_review - INFO - Selected 5 companies from super-sector 1510.0
2025-04-11 15:18:55,617 - Review.reviews.lc100_review - INFO - Selected 13 companies from super-sector 2010.0
2025-04-11 15:18:55,618 - Review.reviews.lc100_review - INFO - Selected 13 companies from super-sector 3010.0
2025-04-11 15:18:55,618 - Review.reviews.lc100_review - INFO - Selected 7 companies from super-sector 3020.0
2025-04-11 15:18:55,619 - Review.reviews.lc100_review - INFO - Selected 8 companies from super-sector 3030.0
2025-04-11 15:18:55,619 - Review.reviews.lc100_review - INFO - Selected 5 companies from super-sector 3510.0
2025-04-11 15:18:55,620 - Review.reviews.lc100_review - INFO - Selected 2 companies from super-sector 4010.0
2025-04-11 15:18:55,620 - Review.reviews.lc100_review - INFO - Selected 6 companies from super-sector 4020.0
2025-04-11 15:18:55,621 - Review.reviews.lc100_review - INFO - Selected 3 companies from super-sector 4030.0
2025-04-11 15:18:55,621 - Review.reviews.lc100_review - INFO - Selected 2 companies from super-sector 4040.0
2025-04-11 15:18:55,622 - Review.reviews.lc100_review - INFO - Selected 4 companies from super-sector 4050.0
2025-04-11 15:18:55,622 - Review.reviews.lc100_review - INFO - Selected 6 companies from super-sector 4510.0
2025-04-11 15:18:55,623 - Review.reviews.lc100_review - INFO - Selected 3 companies from super-sector 4520.0
2025-04-11 15:18:55,623 - Review.reviews.lc100_review - INFO - Selected 2 companies from super-sector 5010.0
2025-04-11 15:18:55,623 - Review.reviews.lc100_review - INFO - Selected 9 companies from super-sector 5020.0
2025-04-11 15:18:55,624 - Review.reviews.lc100_review - INFO - Selected 2 companies from super-sector 5510.0
2025-04-11 15:18:55,624 - Review.reviews.lc100_review - INFO - Selected 2 companies from super-sector 5520.0
2025-04-11 15:18:55,625 - Review.reviews.lc100_review - INFO - Selected 1 companies from super-sector 6510.0
2025-04-11 15:18:55,633 - Review.reviews.lc100_review - INFO - Initial selection has 98 companies, need to remove 11
2025-04-11 15:18:55,638 - Review.reviews.lc100_review - INFO - Removed company SE0012853455 from supersector 3020.0 (Climate Score: 2.9711404728789947)
2025-04-11 15:18:55,642 - Review.reviews.lc100_review - INFO - Removed company GB0005405286 from supersector 3010.0 (Climate Score: 2.6866666666666648)
2025-04-11 15:18:55,647 - Review.reviews.lc100_review - INFO - Removed company GB00BY9D0Y18 from supersector 3030.0 (Climate Score: 2.516321632368115)
2025-04-11 15:18:55,651 - Review.reviews.lc100_review - INFO - Removed company FR0000121964 from supersector 3510.0 (Climate Score: 2.39735760225878)
2025-04-11 15:18:55,655 - Review.reviews.lc100_review - INFO - Removed company FR0000121667 from supersector 2010.0 (Climate Score: 2.256651041284905)
2025-04-11 15:18:55,658 - Review.reviews.lc100_review - INFO - Removed company DE0007164600 from supersector 1010.0 (Climate Score: 2.24370342494592)
2025-04-11 15:18:55,662 - Review.reviews.lc100_review - INFO - Removed company GB0030913577 from supersector 1510.0 (Climate Score: 2.050969452258145)
2025-04-11 15:18:55,665 - Review.reviews.lc100_review - INFO - Removed company DK0060542181 from supersector 5020.0 (Climate Score: 2.03696527269129)
2025-04-11 15:18:55,668 - Review.reviews.lc100_review - INFO - Removed company GB00BHJYC057 from supersector 4050.0 (Climate Score: 1.961379401980875)
2025-04-11 15:18:55,671 - Review.reviews.lc100_review - INFO - Removed company DE0006048432 from supersector 4020.0 (Climate Score: 1.913748241153015)
2025-04-11 15:18:55,674 - Review.reviews.lc100_review - INFO - Removed company FR0000130577 from supersector 4030.0 (Climate Score: 1.609255942903475)
2025-04-11 15:18:55,675 - Review.reviews.lc100_review - INFO - Final Non-EU Taxonomy selection has 87 companies
2025-04-11 15:18:55,676 - Review.reviews.lc100_review - INFO - Minimum companies per supersector: 1
2025-04-11 15:18:55,676 - Review.reviews.lc100_review - WARNING - Some supersectors have fewer than 2 companies! Minimum is 1
2025-04-11 15:18:55,679 - Review.reviews.lc100_review - INFO - Final selection contains 100 companies
2025-04-11 15:18:55,679 - Review.reviews.lc100_review - INFO - - EU Taxonomy: 13
2025-04-11 15:18:55,679 - Review.reviews.lc100_review - INFO - - Non-EU Taxonomy: 87
2025-04-11 15:18:55,679 - Review.reviews.lc100_review - INFO - Adding PAB flag based on CDP temperature score...
2025-04-11 15:18:55,680 - Review.reviews.lc100_review - INFO - Calculating liquidity constraints for all companies...
2025-04-11 15:18:55,680 - Review.reviews.lc100_review - INFO - Total FFMC for all companies: 3295947131290.59
2025-04-11 15:18:55,681 - Review.reviews.lc100_review - INFO - Market cap based weights calculated for EU Taxonomy companies
2025-04-11 15:18:55,682 - Review.reviews.lc100_review - INFO - Liquidity caps for EU Taxonomy companies - Max: 5.9113%, Min: 0.6121%, Avg: 2.1034%
2025-04-11 15:18:55,683 - Review.reviews.lc100_review - INFO - Liquidity floors for EU Taxonomy companies - Max: 0.0000%, Min: 0.0000%, Avg: 0.0000%
2025-04-11 15:18:55,683 - Review.reviews.lc100_review - INFO - No liquidity issues found for EU Taxonomy companies
2025-04-11 15:18:55,685 - Review.reviews.lc100_review - INFO - Liquidity caps for Non-EU Taxonomy companies - Max: 10.0000%, Min: 0.2748%, Avg: 2.6577%
2025-04-11 15:18:55,685 - Review.reviews.lc100_review - INFO - Liquidity floors for Non-EU Taxonomy companies - Max: 1.7097%, Min: 0.0000%, Avg: 0.0535%
2025-04-11 15:18:55,686 - Review.reviews.lc100_review - INFO - No liquidity issues found for Non-EU Taxonomy companies
2025-04-11 15:18:55,688 - Review.reviews.lc100_review - INFO - Liquidity constraints have been calculated for all 100 companies
2025-04-11 15:18:55,688 - Review.reviews.lc100_review - INFO - Saving output files...
2025-04-11 15:18:56,177 - Review.reviews.lc100_review - INFO - Results saved to C:\Users\CSonneveld\OneDrive - Euronext\Documents\Projects\GUI + Reviews\output\LC100_review_20250411_151855.xlsx
2025-04-11 15:18:56,217 - werkzeug - INFO - 127.0.0.1 - - [11/Apr/2025 15:18:56] "POST /calculate HTTP/1.1" 200 -
2025-04-11 15:21:30,631 - Review.reviews.lc100_review - INFO - Loading EOD data...
2025-04-11 15:21:32,958 - Review.reviews.lc100_review - INFO - Loading reference data...
2025-04-11 15:21:43,307 - Review.reviews.lc100_review - WARNING - Removed 18750 duplicate rows from cdp_climate_df
2025-04-11 15:21:43,310 - Review.reviews.lc100_review - INFO - Filtering universe for EU500 companies...
2025-04-11 15:21:43,311 - Review.reviews.lc100_review - INFO - Universe size after EU500 filter: 499
2025-04-11 15:21:43,311 - Review.reviews.lc100_review - INFO - Adding Free Float data...
2025-04-11 15:21:43,314 - Review.reviews.lc100_review - INFO - Adding ICB Subsector data...
2025-04-11 15:21:43,330 - Review.reviews.lc100_review - WARNING - Removed 9315 duplicate rows from ICB data
2025-04-11 15:21:43,428 - Review.reviews.lc100_review - INFO - Debug file saved to C:\Users\CSonneveld\OneDrive - Euronext\Documents\Projects\GUI + Reviews\debug\universe_df_after_nace_20250411_152143.xlsx
2025-04-11 15:21:43,429 - Review.reviews.lc100_review - INFO - Adding CDP Climate data...
2025-04-11 15:21:43,434 - Review.reviews.lc100_review - INFO - Adding Oekom Trust & Carbon data...
2025-04-11 15:21:43,437 - Review.reviews.lc100_review - INFO - Adding NACE data...
2025-04-11 15:21:43,439 - Review.reviews.lc100_review - INFO - Adding EU Taxonomy flag...
2025-04-11 15:21:43,440 - Review.reviews.lc100_review - INFO - Checking GAFI lists and Non-fiscally cooperative countries...
2025-04-11 15:21:43,441 - Review.reviews.lc100_review - INFO - Applying exclusion criteria...
2025-04-11 15:21:43,449 - Review.reviews.lc100_review - INFO - Marked 50 companies (10%) with worst SG scores for exclusion
2025-04-11 15:21:43,468 - Review.reviews.lc100_review - INFO - Calculating Climate Score for ranking...
2025-04-11 15:21:43,469 - Review.reviews.lc100_review - INFO - Selecting EU Taxonomy companies...
2025-04-11 15:21:43,470 - Review.reviews.lc100_review - INFO - Found 14 EU Taxonomy companies after exclusions
2025-04-11 15:21:43,472 - Review.reviews.lc100_review - INFO - Found 302 Non-EU Taxonomy eligible companies after exclusions
2025-04-11 15:21:43,472 - Review.reviews.lc100_review - INFO - STEP 4a: Determining target number of Non-EU Taxonomy companies per super-sector...
2025-04-11 15:21:43,472 - Review.reviews.lc100_review - INFO - Target number of Non-EU Taxonomy companies: 86
2025-04-11 15:21:43,473 - Review.reviews.lc100_review - INFO - Total eligible Non-EU Taxonomy companies: 302
2025-04-11 15:21:43,474 - Review.reviews.lc100_review - INFO - Total target after rounding: 96 (vs. target of 86)
2025-04-11 15:21:43,474 - Review.reviews.lc100_review - INFO - Need to remove 10 companies due to rounding up
2025-04-11 15:21:43,475 - Review.reviews.lc100_review - INFO - STEP 4b: Selecting Non-EU Taxonomy companies based on climate score...
2025-04-11 15:21:43,476 - Review.reviews.lc100_review - INFO - Selected 5 companies from super-sector 1010.0
2025-04-11 15:21:43,476 - Review.reviews.lc100_review - INFO - Selected 5 companies from super-sector 1510.0
2025-04-11 15:21:43,477 - Review.reviews.lc100_review - INFO - Selected 12 companies from super-sector 2010.0
2025-04-11 15:21:43,477 - Review.reviews.lc100_review - INFO - Selected 13 companies from super-sector 3010.0
2025-04-11 15:21:43,478 - Review.reviews.lc100_review - INFO - Selected 7 companies from super-sector 3020.0
2025-04-11 15:21:43,479 - Review.reviews.lc100_review - INFO - Selected 8 companies from super-sector 3030.0
2025-04-11 15:21:43,480 - Review.reviews.lc100_review - INFO - Selected 5 companies from super-sector 3510.0
2025-04-11 15:21:43,480 - Review.reviews.lc100_review - INFO - Selected 2 companies from super-sector 4010.0
2025-04-11 15:21:43,481 - Review.reviews.lc100_review - INFO - Selected 6 companies from super-sector 4020.0
2025-04-11 15:21:43,482 - Review.reviews.lc100_review - INFO - Selected 2 companies from super-sector 4030.0
2025-04-11 15:21:43,483 - Review.reviews.lc100_review - INFO - Selected 2 companies from super-sector 4040.0
2025-04-11 15:21:43,483 - Review.reviews.lc100_review - INFO - Selected 4 companies from super-sector 4050.0
2025-04-11 15:21:43,484 - Review.reviews.lc100_review - INFO - Selected 6 companies from super-sector 4510.0
2025-04-11 15:21:43,484 - Review.reviews.lc100_review - INFO - Selected 3 companies from super-sector 4520.0
2025-04-11 15:21:43,485 - Review.reviews.lc100_review - INFO - Selected 2 companies from super-sector 5010.0
2025-04-11 15:21:43,485 - Review.reviews.lc100_review - INFO - Selected 9 companies from super-sector 5020.0
2025-04-11 15:21:43,486 - Review.reviews.lc100_review - INFO - Selected 2 companies from super-sector 5510.0
2025-04-11 15:21:43,487 - Review.reviews.lc100_review - INFO - Selected 2 companies from super-sector 5520.0
2025-04-11 15:21:43,487 - Review.reviews.lc100_review - INFO - Selected 1 companies from super-sector 6510.0
2025-04-11 15:21:43,494 - Review.reviews.lc100_review - INFO - Initial selection has 96 companies, need to remove 10
2025-04-11 15:21:43,499 - Review.reviews.lc100_review - INFO - Removed company SE0012853455 from supersector 3020.0 (Climate Score: 2.9711404728789947)
2025-04-11 15:21:43,505 - Review.reviews.lc100_review - INFO - Removed company GB0005405286 from supersector 3010.0 (Climate Score: 2.6866666666666648)
2025-04-11 15:21:43,509 - Review.reviews.lc100_review - INFO - Removed company GB00BY9D0Y18 from supersector 3030.0 (Climate Score: 2.516321632368115)
2025-04-11 15:21:43,514 - Review.reviews.lc100_review - INFO - Removed company FR0000121964 from supersector 3510.0 (Climate Score: 2.39735760225878)
2025-04-11 15:21:43,518 - Review.reviews.lc100_review - INFO - Removed company DE0007164600 from supersector 1010.0 (Climate Score: 2.24370342494592)
2025-04-11 15:21:43,522 - Review.reviews.lc100_review - INFO - Removed company DE000BAY0017 from supersector 2010.0 (Climate Score: 2.2165721170918)
2025-04-11 15:21:43,525 - Review.reviews.lc100_review - INFO - Removed company GB0030913577 from supersector 1510.0 (Climate Score: 2.050969452258145)
2025-04-11 15:21:43,528 - Review.reviews.lc100_review - INFO - Removed company DK0060542181 from supersector 5020.0 (Climate Score: 2.03696527269129)
2025-04-11 15:21:43,531 - Review.reviews.lc100_review - INFO - Removed company GB00BHJYC057 from supersector 4050.0 (Climate Score: 1.961379401980875)
2025-04-11 15:21:43,534 - Review.reviews.lc100_review - INFO - Removed company DE0006048432 from supersector 4020.0 (Climate Score: 1.913748241153015)
2025-04-11 15:21:43,536 - Review.reviews.lc100_review - INFO - Final Non-EU Taxonomy selection has 86 companies
2025-04-11 15:21:43,537 - Review.reviews.lc100_review - INFO - Minimum companies per supersector: 1
2025-04-11 15:21:43,537 - Review.reviews.lc100_review - WARNING - Some supersectors have fewer than 2 companies! Minimum is 1
2025-04-11 15:21:43,539 - Review.reviews.lc100_review - INFO - Final selection contains 100 companies
2025-04-11 15:21:43,539 - Review.reviews.lc100_review - INFO - - EU Taxonomy: 14
2025-04-11 15:21:43,539 - Review.reviews.lc100_review - INFO - - Non-EU Taxonomy: 86
2025-04-11 15:21:43,539 - Review.reviews.lc100_review - INFO - Adding PAB flag based on CDP temperature score...
2025-04-11 15:21:43,540 - Review.reviews.lc100_review - INFO - Calculating liquidity constraints for all companies...
2025-04-11 15:21:43,540 - Review.reviews.lc100_review - INFO - Total FFMC for all companies: 3314861822746.80
2025-04-11 15:21:43,541 - Review.reviews.lc100_review - INFO - Market cap based weights calculated for EU Taxonomy companies
2025-04-11 15:21:43,542 - Review.reviews.lc100_review - INFO - Liquidity caps for EU Taxonomy companies - Max: 5.9021%, Min: 0.6116%, Avg: 2.0346%
2025-04-11 15:21:43,542 - Review.reviews.lc100_review - INFO - Liquidity floors for EU Taxonomy companies - Max: 0.0000%, Min: 0.0000%, Avg: 0.0000%
2025-04-11 15:21:43,543 - Review.reviews.lc100_review - INFO - No liquidity issues found for EU Taxonomy companies
2025-04-11 15:21:43,545 - Review.reviews.lc100_review - INFO - Liquidity caps for Non-EU Taxonomy companies - Max: 10.0000%, Min: 0.2741%, Avg: 2.6909%
2025-04-11 15:21:43,545 - Review.reviews.lc100_review - INFO - Liquidity floors for Non-EU Taxonomy companies - Max: 1.6941%, Min: 0.0000%, Avg: 0.0529%
2025-04-11 15:21:43,546 - Review.reviews.lc100_review - INFO - No liquidity issues found for Non-EU Taxonomy companies
2025-04-11 15:21:43,549 - Review.reviews.lc100_review - INFO - Liquidity constraints have been calculated for all 100 companies
2025-04-11 15:21:43,549 - Review.reviews.lc100_review - INFO - Saving output files...
2025-04-11 15:21:44,050 - Review.reviews.lc100_review - INFO - Results saved to C:\Users\CSonneveld\OneDrive - Euronext\Documents\Projects\GUI + Reviews\output\LC100_review_20250411_152143.xlsx
2025-04-11 15:21:44,084 - werkzeug - INFO - 127.0.0.1 - - [11/Apr/2025 15:21:44] "POST /calculate HTTP/1.1" 200 -
2025-04-11 15:25:53,872 - werkzeug - INFO -  * Detected change in 'C:\\Users\\CSonneveld\\OneDrive - Euronext\\Documents\\Projects\\GUI + Reviews\\Review\\reviews\\lc100_review.py', reloading
