2025-12-10 10:23:18,844 - werkzeug - WARNING -  * Debugger is active!
2025-12-10 10:23:18,850 - werkzeug - INFO -  * Debugger PIN: 691-175-853
2025-12-10 10:23:25,268 - werkzeug - INFO - 127.0.0.1 - - [10/Dec/2025 10:23:25] "POST /calculate HTTP/1.1" 200 -
2025-12-10 10:23:25,278 - Review.reviews.ehni_review - INFO - Loading EOD data...
2025-12-10 10:23:25,278 - werkzeug - INFO - 127.0.0.1 - - [10/Dec/2025 10:23:25] "GET /task-status/7a71cc2c-9950-43e7-a54e-d669926e6d99 HTTP/1.1" 200 -
2025-12-10 10:23:27,284 - werkzeug - INFO - 127.0.0.1 - - [10/Dec/2025 10:23:27] "GET /task-status/7a71cc2c-9950-43e7-a54e-d669926e6d99 HTTP/1.1" 200 -
2025-12-10 10:23:29,283 - werkzeug - INFO - 127.0.0.1 - - [10/Dec/2025 10:23:29] "GET /task-status/7a71cc2c-9950-43e7-a54e-d669926e6d99 HTTP/1.1" 200 -
2025-12-10 10:23:29,444 - Review.reviews.ehni_review - INFO - Loading reference data...
2025-12-10 10:23:31,317 - werkzeug - INFO - 127.0.0.1 - - [10/Dec/2025 10:23:31] "GET /task-status/7a71cc2c-9950-43e7-a54e-d669926e6d99 HTTP/1.1" 200 -
2025-12-10 10:23:32,943 - Review.reviews.ehni_review - INFO - Merging Sustainalytics data...
2025-12-10 10:23:32,943 - Review.reviews.ehni_review - ERROR - Error during review calculation: 'ISIN'
2025-12-10 10:23:32,951 - Review.reviews.ehni_review - ERROR - Traceback (most recent call last):
  File "C:\Users\CSonneveld\OneDrive - Euronext\Documents\Projects\GUI + Reviews\Review\reviews\ehni_review.py", line 166, in run_ehni_review
    selection_df = selection_df.merge(
                   ^^^^^^^^^^^^^^^^^^^
  File "C:\Users\CSonneveld\AppData\Roaming\Python\Python312\site-packages\pandas\core\frame.py", line 10832, in merge
    return merge(
           ^^^^^^
  File "C:\Users\CSonneveld\AppData\Roaming\Python\Python312\site-packages\pandas\core\reshape\merge.py", line 170, in merge
    op = _MergeOperation(
         ^^^^^^^^^^^^^^^^
  File "C:\Users\CSonneveld\AppData\Roaming\Python\Python312\site-packages\pandas\core\reshape\merge.py", line 794, in __init__
    ) = self._get_merge_keys()
        ^^^^^^^^^^^^^^^^^^^^^^
  File "C:\Users\CSonneveld\AppData\Roaming\Python\Python312\site-packages\pandas\core\reshape\merge.py", line 1297, in _get_merge_keys
    right_keys.append(right._get_label_or_level_values(rk))
                      ^^^^^^^^^^^^^^^^^^^^^^^^^^^^^^^^^^^^
  File "C:\Users\CSonneveld\AppData\Roaming\Python\Python312\site-packages\pandas\core\generic.py", line 1911, in _get_label_or_level_values
    raise KeyError(key)
KeyError: 'ISIN'

2025-12-10 10:23:33,284 - werkzeug - INFO - 127.0.0.1 - - [10/Dec/2025 10:23:33] "GET /task-status/7a71cc2c-9950-43e7-a54e-d669926e6d99 HTTP/1.1" 200 -
2025-12-10 10:23:41,750 - werkzeug - INFO -  * Detected change in 'C:\\Users\\CSonneveld\\OneDrive - Euronext\\Documents\\Projects\\GUI + Reviews\\Review\\reviews\\ehni_review.py', reloading
2025-12-10 10:23:41,751 - werkzeug - INFO -  * Detected change in 'C:\\Users\\CSonneveld\\OneDrive - Euronext\\Documents\\Projects\\GUI + Reviews\\Review\\reviews\\ehni_review.py', reloading
