2025-02-04 15:56:22,334 - werkzeug - WARNING -  * Debugger is active!
2025-02-04 15:56:22,334 - werkzeug - INFO -  * Debugger PIN: 691-175-853
2025-02-04 15:56:22,370 - Review.reviews.aexew_review - INFO - Loading EOD data...
2025-02-04 15:56:23,132 - Review.reviews.aexew_review - INFO - Loading reference data...
2025-02-04 15:56:23,146 - werkzeug - INFO -  * Detected change in 'C:\\Users\\CSonneveld\\OneDrive - Euronext\\Documents\\Projects\\GUI + Reviews\\Review\\reviews\\aexew_review.py', reloading
2025-02-04 15:56:23,147 - werkzeug - INFO -  * Detected change in 'C:\\Users\\CSonneveld\\OneDrive - Euronext\\Documents\\Projects\\GUI + Reviews\\Review\\reviews\\aexew_review.py', reloading
2025-02-04 15:56:23,301 - Review.reviews.aexew_review - ERROR - Error during review calculation: 'ISIN'
2025-02-04 15:56:23,304 - Review.reviews.aexew_review - ERROR - Traceback (most recent call last):
  File "C:\Users\CSonneveld\AppData\Roaming\Python\Python312\site-packages\pandas\core\indexes\base.py", line 3805, in get_loc
    return self._engine.get_loc(casted_key)
           ^^^^^^^^^^^^^^^^^^^^^^^^^^^^^^^^
  File "index.pyx", line 167, in pandas._libs.index.IndexEngine.get_loc
  File "index.pyx", line 196, in pandas._libs.index.IndexEngine.get_loc
  File "pandas\\_libs\\hashtable_class_helper.pxi", line 7081, in pandas._libs.hashtable.PyObjectHashTable.get_item
  File "pandas\\_libs\\hashtable_class_helper.pxi", line 7089, in pandas._libs.hashtable.PyObjectHashTable.get_item
KeyError: 'ISIN'

The above exception was the direct cause of the following exception:

Traceback (most recent call last):
  File "C:\Users\CSonneveld\OneDrive - Euronext\Documents\Projects\GUI + Reviews\Review\reviews\aexew_review.py", line 109, in run_aexew_review
    analysis_results = inclusion_exclusion_analysis(
                       ^^^^^^^^^^^^^^^^^^^^^^^^^^^^^
  File "C:\Users\CSonneveld\OneDrive - Euronext\Documents\Projects\GUI + Reviews\utils\inclusion_exclusion.py", line 23, in inclusion_exclusion_analysis
    selection_df['Inclusion'] = selection_df[isin_column].apply(lambda x: x not in isin_set)
                                ~~~~~~~~~~~~^^^^^^^^^^^^^
  File "C:\Users\CSonneveld\AppData\Roaming\Python\Python312\site-packages\pandas\core\frame.py", line 4102, in __getitem__
    indexer = self.columns.get_loc(key)
              ^^^^^^^^^^^^^^^^^^^^^^^^^
  File "C:\Users\CSonneveld\AppData\Roaming\Python\Python312\site-packages\pandas\core\indexes\base.py", line 3812, in get_loc
    raise KeyError(key) from err
KeyError: 'ISIN'

2025-02-04 15:56:23,311 - werkzeug - INFO - 127.0.0.1 - - [04/Feb/2025 15:56:23] "POST /calculate HTTP/1.1" 200 -
2025-02-04 15:56:23,336 - werkzeug - INFO -  * Detected change in 'C:\\Users\\CSonneveld\\OneDrive - Euronext\\Documents\\Projects\\GUI + Reviews\\Review\\reviews\\aexew_review.py', reloading
