2025-07-22 14:46:22,499 - werkzeug - INFO - [31m[1mWARNING: This is a development server. Do not use it in a production deployment. Use a production WSGI server instead.[0m
 * Running on all addresses (0.0.0.0)
 * Running on http://127.0.0.1:5000
 * Running on http://10.199.43.197:5000
2025-07-22 14:46:22,499 - werkzeug - INFO - [33mPress CTRL+C to quit[0m
2025-07-22 14:46:22,511 - werkzeug - INFO -  * Restarting with watchdog (windowsapi)
2025-07-22 14:46:24,404 - werkzeug - INFO -  * Restarting with watchdog (windowsapi)
2025-07-22 14:46:32,349 - werkzeug - INFO -  * Restarting with watchdog (windowsapi)
2025-07-22 14:46:35,255 - werkzeug - INFO -  * Restarting with watchdog (windowsapi)
2025-07-22 14:46:38,676 - werkzeug - INFO -  * Restarting with watchdog (windowsapi)
2025-07-22 14:47:07,826 - werkzeug - INFO -  * Restarting with watchdog (windowsapi)
2025-07-22 14:47:31,963 - werkzeug - INFO -  * Restarting with watchdog (windowsapi)
2025-07-22 14:47:48,575 - werkzeug - INFO -  * Restarting with watchdog (windowsapi)
2025-07-22 14:47:53,437 - werkzeug - INFO -  * Restarting with watchdog (windowsapi)
2025-07-22 14:47:55,347 - werkzeug - INFO -  * Restarting with watchdog (windowsapi)
2025-07-22 14:48:25,126 - werkzeug - INFO -  * Restarting with watchdog (windowsapi)
2025-07-22 14:48:42,123 - werkzeug - INFO -  * Restarting with watchdog (windowsapi)
2025-07-22 14:48:59,173 - werkzeug - INFO -  * Restarting with watchdog (windowsapi)
2025-07-22 14:49:16,773 - werkzeug - INFO -  * Restarting with watchdog (windowsapi)
2025-07-22 14:49:18,660 - werkzeug - INFO -  * Restarting with watchdog (windowsapi)
2025-07-22 15:42:28,153 - werkzeug - INFO -  * Restarting with watchdog (windowsapi)
2025-07-22 16:44:49,925 - werkzeug - INFO -  * Restarting with watchdog (windowsapi)
2025-07-23 10:45:53,465 - werkzeug - INFO -  * Restarting with watchdog (windowsapi)
2025-07-23 10:50:20,010 - werkzeug - INFO -  * Restarting with watchdog (windowsapi)
2025-07-23 10:50:25,951 - werkzeug - INFO -  * Restarting with watchdog (windowsapi)
2025-07-23 10:50:32,052 - werkzeug - INFO -  * Restarting with watchdog (windowsapi)
2025-07-23 10:57:39,323 - werkzeug - INFO -  * Restarting with watchdog (windowsapi)
2025-07-23 10:57:42,559 - werkzeug - INFO -  * Restarting with watchdog (windowsapi)
2025-07-23 10:59:18,514 - werkzeug - INFO -  * Restarting with watchdog (windowsapi)
2025-07-23 11:01:26,801 - werkzeug - INFO -  * Restarting with watchdog (windowsapi)
