2025-01-23 15:35:54,910 - werkzeug - WARNING -  * Debugger is active!
2025-01-23 15:35:54,917 - werkzeug - INFO -  * Debugger PIN: 691-175-853
2025-01-23 15:35:54,939 - Review.reviews.f4rip_review - INFO - Loading EOD data...
2025-01-23 15:35:58,799 - Review.reviews.f4rip_review - INFO - Loading reference data...
2025-01-23 15:35:59,460 - Review.reviews.f4rip_review - ERROR - Error during review calculation: 'Close Prc CO'
2025-01-23 15:35:59,464 - Review.reviews.f4rip_review - ERROR - Traceback (most recent call last):
  File "C:\Users\CSonneveld\AppData\Roaming\Python\Python312\site-packages\pandas\core\indexes\base.py", line 3805, in get_loc
    return self._engine.get_loc(casted_key)
           ^^^^^^^^^^^^^^^^^^^^^^^^^^^^^^^^
  File "index.pyx", line 167, in pandas._libs.index.IndexEngine.get_loc
  File "index.pyx", line 196, in pandas._libs.index.IndexEngine.get_loc
  File "pandas\\_libs\\hashtable_class_helper.pxi", line 7081, in pandas._libs.hashtable.PyObjectHashTable.get_item
  File "pandas\\_libs\\hashtable_class_helper.pxi", line 7089, in pandas._libs.hashtable.PyObjectHashTable.get_item
KeyError: 'Close Prc CO'

The above exception was the direct cause of the following exception:

Traceback (most recent call last):
  File "C:\Users\CSonneveld\OneDrive - Euronext\Documents\Projects\GUI + Reviews\Review\reviews\f4rip_review.py", line 96, in run_f4rip_review
    PX1_df['FFMC CO'] = PX1_df['Preliminary Number of shares'] * PX1_df['Preliminary Free Float'] * PX1_df['Preliminary Capping Factor'] * PX1_df['Close Prc CO']
                                                                                                                                           ~~~~~~^^^^^^^^^^^^^^^^
  File "C:\Users\CSonneveld\AppData\Roaming\Python\Python312\site-packages\pandas\core\frame.py", line 4102, in __getitem__
    indexer = self.columns.get_loc(key)
              ^^^^^^^^^^^^^^^^^^^^^^^^^
  File "C:\Users\CSonneveld\AppData\Roaming\Python\Python312\site-packages\pandas\core\indexes\base.py", line 3812, in get_loc
    raise KeyError(key) from err
KeyError: 'Close Prc CO'

2025-01-23 15:35:59,478 - werkzeug - INFO - 127.0.0.1 - - [23/Jan/2025 15:35:59] "POST /calculate HTTP/1.1" 200 -
2025-01-23 15:36:01,116 - Review.reviews.f4rip_review - INFO - Loading EOD data...
2025-01-23 15:36:01,816 - Review.reviews.f4rip_review - INFO - Loading reference data...
2025-01-23 15:36:02,352 - Review.reviews.f4rip_review - ERROR - Error during review calculation: 'Close Prc CO'
2025-01-23 15:36:02,352 - Review.reviews.f4rip_review - ERROR - Traceback (most recent call last):
  File "C:\Users\CSonneveld\AppData\Roaming\Python\Python312\site-packages\pandas\core\indexes\base.py", line 3805, in get_loc
    return self._engine.get_loc(casted_key)
           ^^^^^^^^^^^^^^^^^^^^^^^^^^^^^^^^
  File "index.pyx", line 167, in pandas._libs.index.IndexEngine.get_loc
  File "index.pyx", line 196, in pandas._libs.index.IndexEngine.get_loc
  File "pandas\\_libs\\hashtable_class_helper.pxi", line 7081, in pandas._libs.hashtable.PyObjectHashTable.get_item
  File "pandas\\_libs\\hashtable_class_helper.pxi", line 7089, in pandas._libs.hashtable.PyObjectHashTable.get_item
KeyError: 'Close Prc CO'

The above exception was the direct cause of the following exception:

Traceback (most recent call last):
  File "C:\Users\CSonneveld\OneDrive - Euronext\Documents\Projects\GUI + Reviews\Review\reviews\f4rip_review.py", line 96, in run_f4rip_review
    PX1_df['FFMC CO'] = PX1_df['Preliminary Number of shares'] * PX1_df['Preliminary Free Float'] * PX1_df['Preliminary Capping Factor'] * PX1_df['Close Prc CO']
                                                                                                                                           ~~~~~~^^^^^^^^^^^^^^^^
  File "C:\Users\CSonneveld\AppData\Roaming\Python\Python312\site-packages\pandas\core\frame.py", line 4102, in __getitem__
    indexer = self.columns.get_loc(key)
              ^^^^^^^^^^^^^^^^^^^^^^^^^
  File "C:\Users\CSonneveld\AppData\Roaming\Python\Python312\site-packages\pandas\core\indexes\base.py", line 3812, in get_loc
    raise KeyError(key) from err
KeyError: 'Close Prc CO'

2025-01-23 15:36:02,370 - werkzeug - INFO - 127.0.0.1 - - [23/Jan/2025 15:36:02] "POST /calculate HTTP/1.1" 200 -
2025-01-23 15:36:42,528 - Review.reviews.f4rip_review - INFO - Loading EOD data...
2025-01-23 15:36:44,251 - Review.reviews.f4rip_review - INFO - Loading reference data...
2025-01-23 15:36:44,732 - Review.reviews.f4rip_review - ERROR - Error during review calculation: 'Close Prc CO'
2025-01-23 15:36:44,732 - Review.reviews.f4rip_review - ERROR - Traceback (most recent call last):
  File "C:\Users\CSonneveld\AppData\Roaming\Python\Python312\site-packages\pandas\core\indexes\base.py", line 3805, in get_loc
    return self._engine.get_loc(casted_key)
           ^^^^^^^^^^^^^^^^^^^^^^^^^^^^^^^^
  File "index.pyx", line 167, in pandas._libs.index.IndexEngine.get_loc
  File "index.pyx", line 196, in pandas._libs.index.IndexEngine.get_loc
  File "pandas\\_libs\\hashtable_class_helper.pxi", line 7081, in pandas._libs.hashtable.PyObjectHashTable.get_item
  File "pandas\\_libs\\hashtable_class_helper.pxi", line 7089, in pandas._libs.hashtable.PyObjectHashTable.get_item
KeyError: 'Close Prc CO'

The above exception was the direct cause of the following exception:

Traceback (most recent call last):
  File "C:\Users\CSonneveld\OneDrive - Euronext\Documents\Projects\GUI + Reviews\Review\reviews\f4rip_review.py", line 96, in run_f4rip_review
    PX1_df['FFMC CO'] = PX1_df['Preliminary Number of shares'] * PX1_df['Preliminary Free Float'] * PX1_df['Preliminary Capping Factor'] * PX1_df['Close Prc CO']
                                                                                                                                           ~~~~~~^^^^^^^^^^^^^^^^
  File "C:\Users\CSonneveld\AppData\Roaming\Python\Python312\site-packages\pandas\core\frame.py", line 4102, in __getitem__
    indexer = self.columns.get_loc(key)
              ^^^^^^^^^^^^^^^^^^^^^^^^^
  File "C:\Users\CSonneveld\AppData\Roaming\Python\Python312\site-packages\pandas\core\indexes\base.py", line 3812, in get_loc
    raise KeyError(key) from err
KeyError: 'Close Prc CO'

2025-01-23 15:36:44,748 - werkzeug - INFO - 127.0.0.1 - - [23/Jan/2025 15:36:44] "POST /calculate HTTP/1.1" 200 -
2025-01-23 15:37:44,172 - werkzeug - INFO -  * Detected change in 'C:\\Users\\CSonneveld\\OneDrive - Euronext\\Documents\\Projects\\GUI + Reviews\\Review\\reviews\\f4rip_review.py', reloading
2025-01-23 15:37:44,172 - werkzeug - INFO -  * Detected change in 'C:\\Users\\CSonneveld\\OneDrive - Euronext\\Documents\\Projects\\GUI + Reviews\\Review\\reviews\\f4rip_review.py', reloading
2025-01-23 15:37:44,172 - werkzeug - INFO -  * Detected change in 'C:\\Users\\CSonneveld\\OneDrive - Euronext\\Documents\\Projects\\GUI + Reviews\\Review\\reviews\\f4rip_review.py', reloading
