2025-12-05 15:53:54,517 - werkzeug - WARNING -  * Debugger is active!
2025-12-05 15:53:54,520 - werkzeug - INFO -  * Debugger PIN: 691-175-853
2025-12-05 15:53:54,546 - werkzeug - INFO - 127.0.0.1 - - [05/Dec/2025 15:53:54] "GET /task-status/be62c04a-b919-469d-ab25-de1a7c10f683 HTTP/1.1" 200 -
2025-12-05 15:53:59,408 - werkzeug - INFO - 127.0.0.1 - - [05/Dec/2025 15:53:59] "POST /calculate HTTP/1.1" 200 -
2025-12-05 15:53:59,411 - Review.reviews.sbf80_review - INFO - Loading EOD data...
2025-12-05 15:53:59,413 - werkzeug - INFO - 127.0.0.1 - - [05/Dec/2025 15:53:59] "GET /task-status/bed2c8af-b5b5-47d1-82bb-78333bdb41d1 HTTP/1.1" 200 -
2025-12-05 15:54:00,229 - Review.reviews.sbf80_review - INFO - Loading reference data...
2025-12-05 15:54:01,417 - werkzeug - INFO - 127.0.0.1 - - [05/Dec/2025 15:54:01] "GET /task-status/bed2c8af-b5b5-47d1-82bb-78333bdb41d1 HTTP/1.1" 200 -
2025-12-05 15:54:01,672 - Review.reviews.sbf80_review - ERROR - Error during review calculation: cannot reindex on an axis with duplicate labels
2025-12-05 15:54:01,672 - werkzeug - INFO -  * Detected change in 'C:\\Users\\CSonneveld\\OneDrive - Euronext\\Documents\\Projects\\GUI + Reviews\\Review\\reviews\\sbf80_review.py', reloading
2025-12-05 15:54:01,672 - werkzeug - INFO -  * Detected change in 'C:\\Users\\CSonneveld\\AppData\\Roaming\\Python\\Python312\\site-packages\\pandas\\core\\ops\\common.py', reloading
2025-12-05 15:54:01,672 - werkzeug - INFO -  * Detected change in 'C:\\Users\\CSonneveld\\AppData\\Roaming\\Python\\Python312\\site-packages\\pandas\\core\\arraylike.py', reloading
2025-12-05 15:54:01,679 - werkzeug - INFO -  * Detected change in 'C:\\Users\\CSonneveld\\AppData\\Roaming\\Python\\Python312\\site-packages\\pandas\\core\\frame.py', reloading
2025-12-05 15:54:01,682 - werkzeug - INFO -  * Detected change in 'C:\\Users\\CSonneveld\\AppData\\Roaming\\Python\\Python312\\site-packages\\pandas\\core\\generic.py', reloading
2025-12-05 15:54:01,684 - werkzeug - INFO -  * Detected change in 'C:\\Users\\CSonneveld\\AppData\\Roaming\\Python\\Python312\\site-packages\\pandas\\core\\internals\\managers.py', reloading
2025-12-05 15:54:01,685 - Review.reviews.sbf80_review - ERROR - Traceback (most recent call last):
  File "C:\Users\CSonneveld\OneDrive - Euronext\Documents\Projects\GUI + Reviews\Review\reviews\sbf80_review.py", line 164, in run_sbf80_review
    selection_df['Number of Shares'] *
  File "C:\Users\CSonneveld\AppData\Roaming\Python\Python312\site-packages\pandas\core\ops\common.py", line 76, in new_method
    return method(self, other)
           ^^^^^^^^^^^^^^^^^^^
  File "C:\Users\CSonneveld\AppData\Roaming\Python\Python312\site-packages\pandas\core\arraylike.py", line 206, in __rmul__
    return self._arith_method(other, roperator.rmul)
           ^^^^^^^^^^^^^^^^^^^^^^^^^^^^^^^^^^^^^^^^^
  File "C:\Users\CSonneveld\AppData\Roaming\Python\Python312\site-packages\pandas\core\frame.py", line 7910, in _arith_method
    self, other = self._align_for_op(other, axis, flex=True, level=None)
                  ^^^^^^^^^^^^^^^^^^^^^^^^^^^^^^^^^^^^^^^^^^^^^^^^^^^^^^
  File "C:\Users\CSonneveld\AppData\Roaming\Python\Python312\site-packages\pandas\core\frame.py", line 8211, in _align_for_op
    left, right = left.align(
                  ^^^^^^^^^^^
  File "C:\Users\CSonneveld\AppData\Roaming\Python\Python312\site-packages\pandas\core\generic.py", line 10447, in align
    left, _right, join_index = self._align_series(
                               ^^^^^^^^^^^^^^^^^^^
  File "C:\Users\CSonneveld\AppData\Roaming\Python\Python312\site-packages\pandas\core\generic.py", line 10590, in _align_series
    fdata = fdata.reindex_indexer(join_index, lidx, axis=bm_axis)
            ^^^^^^^^^^^^^^^^^^^^^^^^^^^^^^^^^^^^^^^^^^^^^^^^^^^^^
  File "C:\Users\CSonneveld\AppData\Roaming\Python\Python312\site-packages\pandas\core\internals\managers.py", line 674, in reindex_indexer
    self.axes[axis]._validate_can_reindex(indexer)
  File "C:\Users\CSonneveld\AppData\Roaming\Python\Python312\site-packages\pandas\core\indexes\base.py", line 4321, in _validate_can_reindex
    raise ValueError("cannot reindex on an axis with duplicate labels")
ValueError: cannot reindex on an axis with duplicate labels

