2025-07-25 12:06:35,495 - werkzeug - WARNING -  * Debugger is active!
2025-07-25 12:06:35,495 - werkzeug - INFO -  * Debugger PIN: 691-175-853
2025-07-25 12:06:38,537 - Review.reviews.eus5p_review - INFO - Loading EOD data...
2025-07-25 12:06:40,538 - Review.reviews.eus5p_review - INFO - Loading reference data...
2025-07-25 12:06:48,252 - Review.reviews.eus5p_review - ERROR - Error during review calculation: [Errno 13] Permission denied: 'debug_output.xlsx'
2025-07-25 12:06:48,262 - Review.reviews.eus5p_review - ERROR - Traceback (most recent call last):
  File "C:\Users\CSonneveld\OneDrive - Euronext\Documents\Projects\GUI + Reviews\Review\reviews\eus5p_review.py", line 34, in run_eus5p_review
    stock_eod_df.to_excel('debug_output.xlsx', index=False)
  File "C:\Users\CSonneveld\AppData\Roaming\Python\Python312\site-packages\pandas\util\_decorators.py", line 333, in wrapper
    return func(*args, **kwargs)
           ^^^^^^^^^^^^^^^^^^^^^
  File "C:\Users\CSonneveld\AppData\Roaming\Python\Python312\site-packages\pandas\core\generic.py", line 2417, in to_excel
    formatter.write(
  File "C:\Users\CSonneveld\AppData\Roaming\Python\Python312\site-packages\pandas\io\formats\excel.py", line 943, in write
    writer = ExcelWriter(
             ^^^^^^^^^^^^
  File "C:\Users\CSonneveld\AppData\Roaming\Python\Python312\site-packages\pandas\io\excel\_xlsxwriter.py", line 204, in __init__
    super().__init__(
  File "C:\Users\CSonneveld\AppData\Roaming\Python\Python312\site-packages\pandas\io\excel\_base.py", line 1246, in __init__
    self._handles = get_handle(
                    ^^^^^^^^^^^
  File "C:\Users\CSonneveld\AppData\Roaming\Python\Python312\site-packages\pandas\io\common.py", line 882, in get_handle
    handle = open(handle, ioargs.mode)
             ^^^^^^^^^^^^^^^^^^^^^^^^^
PermissionError: [Errno 13] Permission denied: 'debug_output.xlsx'

2025-07-25 12:06:48,285 - werkzeug - INFO - 127.0.0.1 - - [25/Jul/2025 12:06:48] "POST /calculate HTTP/1.1" 200 -
2025-07-25 12:06:53,651 - Review.reviews.eus5p_review - INFO - Loading EOD data...
2025-07-25 12:06:55,146 - Review.reviews.eus5p_review - INFO - Loading reference data...
2025-07-25 12:07:11,507 - Review.reviews.eus5p_review - INFO - Common columns (11): ['12 month aver. turnover EUR', '20 days aver. turn EUR', '3 months aver. Turnover USD', '6 month aver. turnover EUR', 'Currency', 'ISIN', 'NOSH', 'Name', 'Price', 'Rank', 'Ticker']
2025-07-25 12:07:11,507 - Review.reviews.eus5p_review - INFO - Eurozone-only columns (8): ['10 days aver. turn EUR', '100 days aver. turn EUR', '100 days volatility', '126 days volatility', '180 days volatility', '3 months aver. Turnover EUR', '5 days aver. turn EUR', 'MIC']
2025-07-25 12:07:11,507 - Review.reviews.eus5p_review - INFO - North America-only columns (3): ['3 month aver. turnover EUR', 'Exchange Name (VND)', 'Sec Market Value (EUR)']
2025-07-25 12:07:11,507 - Review.reviews.eus5p_review - INFO - Final column order will be: ['Rank', 'Ticker', 'Name', 'ISIN', 'MIC', 'NOSH', 'Price', 'Currency', '12 month aver. turnover EUR', '20 days aver. turn EUR', '10 days aver. turn EUR', '5 days aver. turn EUR', '6 month aver. turnover EUR', '126 days volatility', '100 days volatility', '100 days aver. turn EUR', '180 days volatility', '3 months aver. Turnover EUR', '3 months aver. Turnover USD', 'Exchange Name (VND)', 'Sec Market Value (EUR)', '3 month aver. turnover EUR']
2025-07-25 12:07:11,507 - Review.reviews.eus5p_review - INFO - Total columns in combined DataFrame: 22
2025-07-25 12:07:11,618 - Review.reviews.eus5p_review - INFO - Saving EUS5P output to: C:\Users\CSonneveld\OneDrive - Euronext\Documents\Projects\GUI + Reviews\output\EUS5P_df_20250725_120711.xlsx
2025-07-25 12:07:12,040 - werkzeug - INFO - 127.0.0.1 - - [25/Jul/2025 12:07:12] "POST /calculate HTTP/1.1" 200 -
2025-07-25 12:07:29,225 - werkzeug - INFO -  * Detected change in 'C:\\Users\\CSonneveld\\OneDrive - Euronext\\Documents\\Projects\\GUI + Reviews\\Review\\reviews\\eus5p_review.py', reloading
2025-07-25 12:07:29,251 - werkzeug - INFO -  * Detected change in 'C:\\Users\\CSonneveld\\OneDrive - Euronext\\Documents\\Projects\\GUI + Reviews\\Review\\reviews\\eus5p_review.py', reloading
