2025-12-03 14:45:27,573 - werkzeug - WARNING -  * Debugger is active!
2025-12-03 14:45:27,575 - werkzeug - INFO -  * Debugger PIN: 691-175-853
2025-12-03 14:45:28,016 - werkzeug - INFO - 127.0.0.1 - - [03/Dec/2025 14:45:28] "POST /calculate HTTP/1.1" 200 -
2025-12-03 14:45:28,016 - Review.reviews.ezsl_review - INFO - Starting EZSL review calculation
2025-12-03 14:45:28,026 - werkzeug - INFO - 127.0.0.1 - - [03/Dec/2025 14:45:28] "GET /task-status/eda39510-3d36-45ee-a3d9-94cef1b31c33 HTTP/1.1" 200 -
2025-12-03 14:45:30,032 - werkzeug - INFO - 127.0.0.1 - - [03/Dec/2025 14:45:30] "GET /task-status/eda39510-3d36-45ee-a3d9-94cef1b31c33 HTTP/1.1" 200 -
2025-12-03 14:45:30,345 - Review.reviews.ezsl_review - WARNING - Unmapped MICs found: ['FSME']
2025-12-03 14:45:30,345 - Review.reviews.ezsl_review - INFO - Found 353 existing companies in EZSL
2025-12-03 14:45:30,349 - Review.reviews.ezsl_review - INFO - 
EZSL Selection Summary by Country:
2025-12-03 14:45:30,355 - Review.reviews.ezsl_review - INFO - Austria: 12 total (12 existing, 0 new)
2025-12-03 14:45:30,357 - Review.reviews.ezsl_review - INFO - Belgium: 22 total (22 existing, 0 new)
2025-12-03 14:45:30,358 - Review.reviews.ezsl_review - INFO - Finland: 35 total (35 existing, 0 new)
2025-12-03 14:45:30,361 - Review.reviews.ezsl_review - INFO - France: 70 total (70 existing, 0 new)
2025-12-03 14:45:30,362 - Review.reviews.ezsl_review - INFO - Germany: 73 total (73 existing, 0 new)
2025-12-03 14:45:30,364 - Review.reviews.ezsl_review - INFO - Ireland: 7 total (7 existing, 0 new)
2025-12-03 14:45:30,366 - Review.reviews.ezsl_review - INFO - Italy: 60 total (60 existing, 0 new)
2025-12-03 14:45:30,368 - Review.reviews.ezsl_review - INFO - Netherlands: 35 total (34 existing, 1 new)
2025-12-03 14:45:30,370 - Review.reviews.ezsl_review - INFO - Portugal: 8 total (8 existing, 0 new)
2025-12-03 14:45:30,372 - Review.reviews.ezsl_review - INFO - Spain: 32 total (32 existing, 0 new)
2025-12-03 14:45:30,372 - Review.reviews.ezsl_review - INFO - 
Overall EZSL Selection Summary:
2025-12-03 14:45:30,372 - Review.reviews.ezsl_review - INFO - Total companies selected: 354
2025-12-03 14:45:30,373 - Review.reviews.ezsl_review - INFO -   - Existing companies selected: 353
2025-12-03 14:45:30,373 - Review.reviews.ezsl_review - INFO -   - New companies selected: 1
2025-12-03 14:45:30,374 - Review.reviews.ezsl_review - INFO - Total FFMC covered: 14.91%
2025-12-03 14:45:30,374 - Review.reviews.ezsl_review - INFO - 
Applying proportional capping
2025-12-03 14:45:30,374 - utils.capping_proportional - INFO - Starting proportional capping with max weight: 10.0%
2025-12-03 14:45:30,374 - utils.capping_proportional - INFO - Capping procedure converged after 0 iterations
2025-12-03 14:45:30,374 - utils.capping_proportional - INFO - Capping Summary:
2025-12-03 14:45:30,374 - utils.capping_proportional - INFO -   Total companies: 354
2025-12-03 14:45:30,374 - utils.capping_proportional - INFO -   Companies capped: 0
2025-12-03 14:45:30,374 - utils.capping_proportional - INFO -   Weight sum after capping: 1.000000
2025-12-03 14:45:30,374 - utils.capping_proportional - INFO -   Max weight after capping: 0.018289
2025-12-03 14:45:30,386 - Review.reviews.ezsl_review - INFO - 
EZSL Changes Summary:
2025-12-03 14:45:30,386 - Review.reviews.ezsl_review - INFO - Inclusions: 1
2025-12-03 14:45:30,386 - Review.reviews.ezsl_review - INFO - Exclusions: 0
2025-12-03 14:45:30,387 - Review.reviews.ezsl_review - INFO - Saving output to: C:\Users\CSonneveld\OneDrive - Euronext\Documents\Projects\GUI + Reviews\output\EZSL_Review_20251203_144530.xlsx
2025-12-03 14:45:30,559 - Review.reviews.ezsl_review - INFO - File successfully saved to: C:\Users\CSonneveld\OneDrive - Euronext\Documents\Projects\GUI + Reviews\output\EZSL_Review_20251203_144530.xlsx
2025-12-03 14:45:32,033 - werkzeug - INFO - 127.0.0.1 - - [03/Dec/2025 14:45:32] "GET /task-status/eda39510-3d36-45ee-a3d9-94cef1b31c33 HTTP/1.1" 200 -
2025-12-03 14:46:54,477 - werkzeug - INFO -  * Detected change in 'C:\\Users\\CSonneveld\\OneDrive - Euronext\\Documents\\Projects\\GUI + Reviews\\Review\\reviews\\ezsl_review.py', reloading
2025-12-03 14:46:54,477 - werkzeug - INFO -  * Detected change in 'C:\\Users\\CSonneveld\\OneDrive - Euronext\\Documents\\Projects\\GUI + Reviews\\Review\\reviews\\ezsl_review.py', reloading
