2025-04-11 14:44:44,933 - werkzeug - WARNING -  * Debugger is active!
2025-04-11 14:44:44,936 - werkzeug - INFO -  * Debugger PIN: 691-175-853
2025-04-11 14:44:46,231 - Review.reviews.lc3wp_review - INFO - Loading EOD data...
2025-04-11 14:44:48,972 - Review.reviews.lc3wp_review - INFO - Loading reference data...
2025-04-11 14:44:58,720 - Review.reviews.lc3wp_review - WARNING - Removed 18750 duplicate rows from cdp_climate_df
2025-04-11 14:44:58,723 - Review.reviews.lc3wp_review - INFO - Adding Free Float data...
2025-04-11 14:44:58,726 - Review.reviews.lc3wp_review - INFO - Adding ICB Subsector data...
2025-04-11 14:44:58,768 - Review.reviews.lc3wp_review - WARNING - Removed 9315 duplicate rows from ICB data
2025-04-11 14:44:58,938 - Review.reviews.lc3wp_review - INFO - Debug file saved to C:\Users\CSonneveld\OneDrive - Euronext\Documents\Projects\GUI + Reviews\debug\universe_df_after_nace_20250411_144458.xlsx
2025-04-11 14:44:58,939 - Review.reviews.lc3wp_review - INFO - Adding CDP Climate data...
2025-04-11 14:44:58,944 - Review.reviews.lc3wp_review - INFO - Adding Oekom Trust & Carbon data...
2025-04-11 14:44:58,947 - Review.reviews.lc3wp_review - INFO - Adding NACE data...
2025-04-11 14:44:58,950 - Review.reviews.lc3wp_review - INFO - Adding EU Taxonomy flag...
2025-04-11 14:44:58,951 - Review.reviews.lc3wp_review - INFO - Checking GAFI lists and Non-fiscally cooperative countries...
2025-04-11 14:44:58,952 - Review.reviews.lc3wp_review - INFO - Applying exclusion criteria...
2025-04-11 14:44:58,962 - Review.reviews.lc3wp_review - INFO - Marked 148 companies (10%) with worst SG scores for exclusion
2025-04-11 14:44:58,981 - Review.reviews.lc3wp_review - INFO - Calculating Climate Score for ranking...
2025-04-11 14:44:58,983 - Review.reviews.lc3wp_review - INFO - Selecting EU Taxonomy companies...
2025-04-11 14:44:58,984 - Review.reviews.lc3wp_review - INFO - Found 14 EU Taxonomy companies after exclusions
2025-04-11 14:44:58,986 - Review.reviews.lc3wp_review - INFO - Found 980 Non-EU Taxonomy eligible companies after exclusions
2025-04-11 14:44:58,987 - Review.reviews.lc3wp_review - INFO - STEP 4a: Determining target number of Non-EU Taxonomy companies per super-sector...
2025-04-11 14:44:58,987 - Review.reviews.lc3wp_review - INFO - Target number of Non-EU Taxonomy companies: 286
2025-04-11 14:44:58,988 - Review.reviews.lc3wp_review - INFO - Total eligible Non-EU Taxonomy companies: 980
2025-04-11 14:44:58,989 - Review.reviews.lc3wp_review - INFO - Total target after rounding: 295 (vs. target of 286)
2025-04-11 14:44:58,990 - Review.reviews.lc3wp_review - INFO - Need to remove 9 companies due to rounding up
2025-04-11 14:44:58,991 - Review.reviews.lc3wp_review - INFO - STEP 4b: Selecting Non-EU Taxonomy companies based on climate score...
2025-04-11 14:44:58,992 - Review.reviews.lc3wp_review - INFO - Selected 38 companies from super-sector 1010.0
2025-04-11 14:44:58,992 - Review.reviews.lc3wp_review - INFO - Selected 12 companies from super-sector 1510.0
2025-04-11 14:44:58,993 - Review.reviews.lc3wp_review - INFO - Selected 34 companies from super-sector 2010.0
2025-04-11 14:44:58,993 - Review.reviews.lc3wp_review - INFO - Selected 24 companies from super-sector 3010.0
2025-04-11 14:44:58,994 - Review.reviews.lc3wp_review - INFO - Selected 22 companies from super-sector 3020.0
2025-04-11 14:44:58,995 - Review.reviews.lc3wp_review - INFO - Selected 19 companies from super-sector 3030.0
2025-04-11 14:44:58,995 - Review.reviews.lc3wp_review - INFO - Selected 24 companies from super-sector 3510.0
2025-04-11 14:44:58,996 - Review.reviews.lc3wp_review - INFO - Selected 6 companies from super-sector 4010.0
2025-04-11 14:44:58,996 - Review.reviews.lc3wp_review - INFO - Selected 17 companies from super-sector 4020.0
2025-04-11 14:44:58,997 - Review.reviews.lc3wp_review - INFO - Selected 5 companies from super-sector 4030.0
2025-04-11 14:44:58,997 - Review.reviews.lc3wp_review - INFO - Selected 8 companies from super-sector 4040.0
2025-04-11 14:44:58,998 - Review.reviews.lc3wp_review - INFO - Selected 11 companies from super-sector 4050.0
2025-04-11 14:44:58,999 - Review.reviews.lc3wp_review - INFO - Selected 15 companies from super-sector 4510.0
2025-04-11 14:44:58,999 - Review.reviews.lc3wp_review - INFO - Selected 8 companies from super-sector 4520.0
2025-04-11 14:44:59,000 - Review.reviews.lc3wp_review - INFO - Selected 6 companies from super-sector 5010.0
2025-04-11 14:44:59,000 - Review.reviews.lc3wp_review - INFO - Selected 33 companies from super-sector 5020.0
2025-04-11 14:44:59,001 - Review.reviews.lc3wp_review - INFO - Selected 6 companies from super-sector 5510.0
2025-04-11 14:44:59,001 - Review.reviews.lc3wp_review - INFO - Selected 5 companies from super-sector 5520.0
2025-04-11 14:44:59,002 - Review.reviews.lc3wp_review - INFO - Selected 2 companies from super-sector 6510.0
2025-04-11 14:44:59,012 - Review.reviews.lc3wp_review - INFO - Initial selection has 295 companies, need to remove 9
2025-04-11 14:44:59,018 - Review.reviews.lc3wp_review - INFO - Removed company US0640581007 from supersector 3020.0 (Climate Score: 2.75)
2025-04-11 14:44:59,026 - Review.reviews.lc3wp_review - INFO - Removed company CA0641491075 from supersector 3010.0 (Climate Score: 2.75)
2025-04-11 14:44:59,035 - Review.reviews.lc3wp_review - INFO - Removed company CA0679011084 from supersector 5510.0 (Climate Score: 2.58973159003276)
2025-04-11 14:44:59,041 - Review.reviews.lc3wp_review - INFO - Removed company GB00BPQY8M80 from supersector 3030.0 (Climate Score: 2.519710481764205)
2025-04-11 14:44:59,047 - Review.reviews.lc3wp_review - INFO - Removed company US2538681030 from supersector 3510.0 (Climate Score: 2.41099033267267)
2025-04-11 14:44:59,051 - Review.reviews.lc3wp_review - INFO - Removed company SE0015961909 from supersector 1010.0 (Climate Score: 2.3720931393264597)
2025-04-11 14:44:59,057 - Review.reviews.lc3wp_review - INFO - Removed company JP3162770006 from supersector 5020.0 (Climate Score: 2.270191314014105)
2025-04-11 14:44:59,061 - Review.reviews.lc3wp_review - INFO - Removed company JP3705200008 from supersector 4050.0 (Climate Score: 2.24552928645429)
2025-04-11 14:44:59,065 - Review.reviews.lc3wp_review - INFO - Removed company JP3802300008 from supersector 4040.0 (Climate Score: 2.24343880229774)
2025-04-11 14:44:59,067 - Review.reviews.lc3wp_review - INFO - Final Non-EU Taxonomy selection has 286 companies
2025-04-11 14:44:59,068 - Review.reviews.lc3wp_review - INFO - Minimum companies per supersector: 2
2025-04-11 14:44:59,071 - Review.reviews.lc3wp_review - INFO - Final selection contains 300 companies
2025-04-11 14:44:59,072 - Review.reviews.lc3wp_review - INFO - - EU Taxonomy: 14
2025-04-11 14:44:59,072 - Review.reviews.lc3wp_review - INFO - - Non-EU Taxonomy: 286
2025-04-11 14:44:59,072 - Review.reviews.lc3wp_review - INFO - Adding PAB flag based on CDP temperature score...
2025-04-11 14:44:59,073 - Review.reviews.lc3wp_review - INFO - Calculating liquidity constraints for all companies...
2025-04-11 14:44:59,073 - Review.reviews.lc3wp_review - INFO - Total FFMC for all companies: 14283775019348.99
2025-04-11 14:44:59,074 - Review.reviews.lc3wp_review - INFO - Market cap based weights calculated for EU Taxonomy companies
2025-04-11 14:44:59,075 - Review.reviews.lc3wp_review - INFO - Liquidity caps for EU Taxonomy companies - Max: 4.6705%, Min: 0.5348%, Avg: 1.7391%
2025-04-11 14:44:59,076 - Review.reviews.lc3wp_review - INFO - Liquidity floors for EU Taxonomy companies - Max: 0.0000%, Min: 0.0000%, Avg: 0.0000%
2025-04-11 14:44:59,076 - Review.reviews.lc3wp_review - INFO - No liquidity issues found for EU Taxonomy companies
2025-04-11 14:44:59,080 - Review.reviews.lc3wp_review - INFO - Liquidity caps for Non-EU Taxonomy companies - Max: 10.0000%, Min: 0.1482%, Avg: 3.8623%
2025-04-11 14:44:59,080 - Review.reviews.lc3wp_review - INFO - Liquidity floors for Non-EU Taxonomy companies - Max: 0.0000%, Min: 0.0000%, Avg: 0.0000%
2025-04-11 14:44:59,081 - Review.reviews.lc3wp_review - INFO - No liquidity issues found for Non-EU Taxonomy companies
2025-04-11 14:44:59,083 - Review.reviews.lc3wp_review - INFO - Liquidity constraints have been calculated for all 300 companies
2025-04-11 14:44:59,083 - Review.reviews.lc3wp_review - INFO - Saving output files...
2025-04-11 14:45:00,524 - Review.reviews.lc3wp_review - INFO - Results saved to C:\Users\CSonneveld\OneDrive - Euronext\Documents\Projects\GUI + Reviews\output\LC3WP_review_20250411_144459.xlsx
2025-04-11 14:45:00,563 - werkzeug - INFO - 127.0.0.1 - - [11/Apr/2025 14:45:00] "POST /calculate HTTP/1.1" 200 -
2025-04-11 14:49:59,184 - werkzeug - INFO -  * Detected change in 'C:\\Users\\CSonneveld\\AppData\\Roaming\\Python\\Python312\\site-packages\\numpy\\_typing\\__init__.py', reloading
2025-04-11 14:49:59,191 - werkzeug - INFO -  * Detected change in 'C:\\Users\\CSonneveld\\AppData\\Roaming\\Python\\Python312\\site-packages\\numpy\\typing\\__init__.py', reloading
2025-04-11 14:49:59,194 - werkzeug - INFO -  * Detected change in 'C:\\Users\\CSonneveld\\AppData\\Roaming\\Python\\Python312\\site-packages\\numpy\\_typing\\_array_like.py', reloading
2025-04-11 14:49:59,198 - werkzeug - INFO -  * Detected change in 'C:\\Users\\CSonneveld\\AppData\\Roaming\\Python\\Python312\\site-packages\\numpy\\_typing\\_nested_sequence.py', reloading
2025-04-11 14:49:59,199 - werkzeug - INFO -  * Detected change in 'C:\\Users\\CSonneveld\\AppData\\Roaming\\Python\\Python312\\site-packages\\numpy\\_typing\\_dtype_like.py', reloading
2025-04-11 14:49:59,202 - werkzeug - INFO -  * Detected change in 'C:\\Users\\CSonneveld\\AppData\\Roaming\\Python\\Python312\\site-packages\\numpy\\_typing\\_shape.py', reloading
2025-04-11 14:49:59,204 - werkzeug - INFO -  * Detected change in 'C:\\Users\\CSonneveld\\AppData\\Roaming\\Python\\Python312\\site-packages\\numpy\\_typing\\_scalars.py', reloading
2025-04-11 14:49:59,217 - werkzeug - INFO -  * Detected change in 'C:\\Users\\CSonneveld\\AppData\\Roaming\\Python\\Python312\\site-packages\\numpy\\_utils\\__init__.py', reloading
2025-04-11 14:49:59,219 - werkzeug - INFO -  * Detected change in 'C:\\Users\\CSonneveld\\AppData\\Roaming\\Python\\Python312\\site-packages\\numpy\\_typing\\_nbit.py', reloading
