2025-02-05 11:14:32,413 - werkzeug - WARNING -  * Debugger is active!
2025-02-05 11:14:32,416 - werkzeug - INFO -  * Debugger PIN: 691-175-853
2025-02-05 11:15:18,914 - Review.reviews.sbf80_review - INFO - Loading EOD data...
2025-02-05 11:15:21,239 - Review.reviews.sbf80_review - INFO - Loading reference data...
2025-02-05 11:15:21,550 - Review.reviews.sbf80_review - ERROR - Error during review calculation: 'ISIN'
2025-02-05 11:15:21,554 - Review.reviews.sbf80_review - ERROR - Traceback (most recent call last):
  File "C:\Users\CSonneveld\OneDrive - Euronext\Documents\Projects\GUI + Reviews\Review\reviews\sbf80_review.py", line 50, in run_sbf80_review
    .merge(
     ^^^^^^
  File "C:\Users\CSonneveld\AppData\Roaming\Python\Python312\site-packages\pandas\core\frame.py", line 10832, in merge
    return merge(
           ^^^^^^
  File "C:\Users\CSonneveld\AppData\Roaming\Python\Python312\site-packages\pandas\core\reshape\merge.py", line 170, in merge
    op = _MergeOperation(
         ^^^^^^^^^^^^^^^^
  File "C:\Users\CSonneveld\AppData\Roaming\Python\Python312\site-packages\pandas\core\reshape\merge.py", line 794, in __init__
    ) = self._get_merge_keys()
        ^^^^^^^^^^^^^^^^^^^^^^
  File "C:\Users\CSonneveld\AppData\Roaming\Python\Python312\site-packages\pandas\core\reshape\merge.py", line 1310, in _get_merge_keys
    left_keys.append(left._get_label_or_level_values(lk))
                     ^^^^^^^^^^^^^^^^^^^^^^^^^^^^^^^^^^^
  File "C:\Users\CSonneveld\AppData\Roaming\Python\Python312\site-packages\pandas\core\generic.py", line 1911, in _get_label_or_level_values
    raise KeyError(key)
KeyError: 'ISIN'

2025-02-05 11:15:21,560 - werkzeug - INFO - 127.0.0.1 - - [05/Feb/2025 11:15:21] "POST /calculate HTTP/1.1" 200 -
2025-02-05 11:15:30,173 - werkzeug - INFO -  * Detected change in 'C:\\Users\\CSonneveld\\OneDrive - Euronext\\Documents\\Projects\\GUI + Reviews\\Review\\reviews\\sbf80_review.py', reloading
2025-02-05 11:15:30,177 - werkzeug - INFO -  * Detected change in 'C:\\Users\\CSonneveld\\OneDrive - Euronext\\Documents\\Projects\\GUI + Reviews\\Review\\reviews\\sbf80_review.py', reloading
2025-02-05 11:15:30,179 - werkzeug - INFO -  * Detected change in 'C:\\Users\\CSonneveld\\OneDrive - Euronext\\Documents\\Projects\\GUI + Reviews\\Review\\reviews\\sbf80_review.py', reloading
