2025-12-05 15:25:32,258 - werkzeug - INFO - [31m[1mWARNING: This is a development server. Do not use it in a production deployment. Use a production WSGI server instead.[0m
 * Running on all addresses (0.0.0.0)
 * Running on http://127.0.0.1:5000
 * Running on http://10.199.43.185:5000
2025-12-05 15:25:32,258 - werkzeug - INFO - [33mPress CTRL+C to quit[0m
2025-12-05 15:25:32,260 - werkzeug - INFO -  * Restarting with watchdog (windowsapi)
2025-12-05 15:26:17,953 - werkzeug - INFO -  * Restarting with watchdog (windowsapi)
2025-12-05 15:27:47,310 - werkzeug - INFO -  * Restarting with watchdog (windowsapi)
2025-12-05 15:53:53,056 - werkzeug - INFO -  * Restarting with watchdog (windowsapi)
2025-12-05 15:54:02,243 - werkzeug - INFO -  * Restarting with watchdog (windowsapi)
2025-12-05 16:01:07,020 - werkzeug - INFO -  * Restarting with watchdog (windowsapi)
2025-12-05 16:04:24,770 - werkzeug - INFO -  * Restarting with watchdog (windowsapi)
2025-12-05 16:13:17,651 - werkzeug - INFO -  * Restarting with watchdog (windowsapi)
2025-12-05 16:13:20,910 - werkzeug - INFO -  * Restarting with watchdog (windowsapi)
2025-12-05 16:13:30,969 - werkzeug - INFO -  * Restarting with watchdog (windowsapi)
2025-12-05 16:16:04,759 - werkzeug - INFO -  * Restarting with watchdog (windowsapi)
2025-12-05 16:16:16,539 - werkzeug - INFO -  * Restarting with watchdog (windowsapi)
2025-12-05 16:18:23,156 - werkzeug - INFO -  * Restarting with watchdog (windowsapi)
2025-12-05 16:21:07,861 - werkzeug - INFO -  * Restarting with watchdog (windowsapi)
2025-12-05 16:24:22,459 - werkzeug - INFO -  * Restarting with watchdog (windowsapi)
2025-12-05 16:24:24,637 - werkzeug - INFO -  * Restarting with watchdog (windowsapi)
2025-12-05 16:26:25,240 - werkzeug - INFO -  * Restarting with watchdog (windowsapi)
2025-12-05 16:26:34,142 - werkzeug - INFO -  * Restarting with watchdog (windowsapi)
2025-12-05 16:26:43,493 - werkzeug - INFO -  * Restarting with watchdog (windowsapi)
2025-12-05 16:28:20,347 - werkzeug - INFO -  * Restarting with watchdog (windowsapi)
2025-12-05 16:28:37,410 - werkzeug - INFO -  * Restarting with watchdog (windowsapi)
2025-12-05 16:30:28,803 - werkzeug - INFO -  * Restarting with watchdog (windowsapi)
2025-12-05 16:30:35,977 - werkzeug - INFO -  * Restarting with watchdog (windowsapi)
2025-12-05 16:30:39,206 - werkzeug - INFO -  * Restarting with watchdog (windowsapi)
2025-12-05 16:32:10,053 - werkzeug - INFO -  * Restarting with watchdog (windowsapi)
2025-12-05 16:32:39,579 - werkzeug - INFO -  * Restarting with watchdog (windowsapi)
2025-12-05 16:34:40,091 - werkzeug - INFO -  * Restarting with watchdog (windowsapi)
