2025-02-10 15:18:32,154 - werkzeug - WARNING -  * Debugger is active!
2025-02-10 15:18:32,156 - werkzeug - INFO -  * Debugger PIN: 691-175-853
2025-02-10 15:18:36,425 - Review.reviews.fri4p_review - INFO - Loading EOD data...
2025-02-10 15:18:38,763 - Review.reviews.fri4p_review - INFO - Loading reference data...
2025-02-10 15:18:46,465 - Review.reviews.fri4p_review - INFO - Processing sector: 1010.0, area: AS, group size: 45
2025-02-10 15:18:46,466 - Review.reviews.fri4p_review - INFO - Companies in group: 45, to exclude: 8
2025-02-10 15:18:46,467 - Review.reviews.fri4p_review - INFO - Processing sector: 1010.0, area: EU, group size: 20
2025-02-10 15:18:46,468 - Review.reviews.fri4p_review - INFO - Companies in group: 20, to exclude: 3
2025-02-10 15:18:46,468 - Review.reviews.fri4p_review - INFO - Processing sector: 1010.0, area: NA, group size: 72
2025-02-10 15:18:46,468 - Review.reviews.fri4p_review - INFO - Companies in group: 72, to exclude: 14
2025-02-10 15:18:46,468 - Review.reviews.fri4p_review - INFO - Processing sector: 1510.0, area: AS, group size: 12
2025-02-10 15:18:46,469 - Review.reviews.fri4p_review - INFO - Companies in group: 12, to exclude: 2
2025-02-10 15:18:46,469 - Review.reviews.fri4p_review - INFO - Processing sector: 1510.0, area: EU, group size: 17
2025-02-10 15:18:46,469 - Review.reviews.fri4p_review - INFO - Companies in group: 17, to exclude: 3
2025-02-10 15:18:46,469 - Review.reviews.fri4p_review - INFO - Processing sector: 1510.0, area: NA, group size: 10
2025-02-10 15:18:46,470 - Review.reviews.fri4p_review - INFO - Companies in group: 10, to exclude: 1
2025-02-10 15:18:46,470 - Review.reviews.fri4p_review - INFO - Processing sector: 2010.0, area: AS, group size: 31
2025-02-10 15:18:46,470 - Review.reviews.fri4p_review - INFO - Companies in group: 31, to exclude: 6
2025-02-10 15:18:46,470 - Review.reviews.fri4p_review - INFO - Processing sector: 2010.0, area: EU, group size: 47
2025-02-10 15:18:46,471 - Review.reviews.fri4p_review - INFO - Companies in group: 47, to exclude: 9
2025-02-10 15:18:46,471 - Review.reviews.fri4p_review - INFO - Processing sector: 2010.0, area: NA, group size: 48
2025-02-10 15:18:46,471 - Review.reviews.fri4p_review - INFO - Companies in group: 48, to exclude: 9
2025-02-10 15:18:46,471 - Review.reviews.fri4p_review - INFO - Processing sector: 3010.0, area: AS, group size: 29
2025-02-10 15:18:46,472 - Review.reviews.fri4p_review - INFO - Companies in group: 29, to exclude: 5
2025-02-10 15:18:46,472 - Review.reviews.fri4p_review - INFO - Processing sector: 3010.0, area: EU, group size: 40
2025-02-10 15:18:46,472 - Review.reviews.fri4p_review - INFO - Companies in group: 40, to exclude: 7
2025-02-10 15:18:46,472 - Review.reviews.fri4p_review - INFO - Processing sector: 3010.0, area: NA, group size: 21
2025-02-10 15:18:46,473 - Review.reviews.fri4p_review - INFO - Companies in group: 21, to exclude: 4
2025-02-10 15:18:46,473 - Review.reviews.fri4p_review - INFO - Processing sector: 3020.0, area: AS, group size: 15
2025-02-10 15:18:46,473 - Review.reviews.fri4p_review - INFO - Companies in group: 15, to exclude: 2
2025-02-10 15:18:46,473 - Review.reviews.fri4p_review - INFO - Processing sector: 3020.0, area: EU, group size: 30
2025-02-10 15:18:46,474 - Review.reviews.fri4p_review - INFO - Companies in group: 30, to exclude: 5
2025-02-10 15:18:46,474 - Review.reviews.fri4p_review - INFO - Processing sector: 3020.0, area: NA, group size: 32
2025-02-10 15:18:46,474 - Review.reviews.fri4p_review - INFO - Companies in group: 32, to exclude: 6
2025-02-10 15:18:46,474 - Review.reviews.fri4p_review - INFO - Processing sector: 3030.0, area: AS, group size: 14
2025-02-10 15:18:46,474 - Review.reviews.fri4p_review - INFO - Companies in group: 14, to exclude: 2
2025-02-10 15:18:46,475 - Review.reviews.fri4p_review - INFO - Processing sector: 3030.0, area: EU, group size: 30
2025-02-10 15:18:46,475 - Review.reviews.fri4p_review - INFO - Companies in group: 30, to exclude: 5
2025-02-10 15:18:46,475 - Review.reviews.fri4p_review - INFO - Processing sector: 3030.0, area: NA, group size: 23
2025-02-10 15:18:46,476 - Review.reviews.fri4p_review - INFO - Companies in group: 23, to exclude: 4
2025-02-10 15:18:46,476 - Review.reviews.fri4p_review - INFO - Processing sector: 3510.0, area: AS, group size: 47
2025-02-10 15:18:46,476 - Review.reviews.fri4p_review - INFO - Companies in group: 47, to exclude: 9
2025-02-10 15:18:46,477 - Review.reviews.fri4p_review - INFO - Processing sector: 3510.0, area: EU, group size: 21
2025-02-10 15:18:46,477 - Review.reviews.fri4p_review - INFO - Companies in group: 21, to exclude: 4
2025-02-10 15:18:46,478 - Review.reviews.fri4p_review - INFO - Processing sector: 3510.0, area: NA, group size: 22
2025-02-10 15:18:46,478 - Review.reviews.fri4p_review - INFO - Companies in group: 22, to exclude: 4
2025-02-10 15:18:46,479 - Review.reviews.fri4p_review - INFO - Processing sector: 4010.0, area: AS, group size: 15
2025-02-10 15:18:46,479 - Review.reviews.fri4p_review - INFO - Companies in group: 15, to exclude: 2
2025-02-10 15:18:46,479 - Review.reviews.fri4p_review - INFO - Processing sector: 4010.0, area: EU, group size: 12
2025-02-10 15:18:46,480 - Review.reviews.fri4p_review - INFO - Companies in group: 12, to exclude: 2
2025-02-10 15:18:46,480 - Review.reviews.fri4p_review - INFO - Processing sector: 4010.0, area: NA, group size: 4
2025-02-10 15:18:46,480 - Review.reviews.fri4p_review - INFO - Companies in group: 4, to exclude: 0
2025-02-10 15:18:46,481 - Review.reviews.fri4p_review - WARNING - No companies to exclude for sector 4010.0 and area NA
2025-02-10 15:18:46,481 - Review.reviews.fri4p_review - INFO - Processing sector: 4020.0, area: AS, group size: 28
2025-02-10 15:18:46,481 - Review.reviews.fri4p_review - INFO - Companies in group: 28, to exclude: 5
2025-02-10 15:18:46,482 - Review.reviews.fri4p_review - INFO - Processing sector: 4020.0, area: EU, group size: 22
2025-02-10 15:18:46,482 - Review.reviews.fri4p_review - INFO - Companies in group: 22, to exclude: 4
2025-02-10 15:18:46,482 - Review.reviews.fri4p_review - INFO - Processing sector: 4020.0, area: NA, group size: 16
2025-02-10 15:18:46,483 - Review.reviews.fri4p_review - INFO - Companies in group: 16, to exclude: 3
2025-02-10 15:18:46,483 - Review.reviews.fri4p_review - INFO - Processing sector: 4030.0, area: AS, group size: 7
2025-02-10 15:18:46,483 - Review.reviews.fri4p_review - INFO - Companies in group: 7, to exclude: 1
2025-02-10 15:18:46,483 - Review.reviews.fri4p_review - INFO - Processing sector: 4030.0, area: EU, group size: 8
2025-02-10 15:18:46,484 - Review.reviews.fri4p_review - INFO - Companies in group: 8, to exclude: 1
2025-02-10 15:18:46,484 - Review.reviews.fri4p_review - INFO - Processing sector: 4030.0, area: NA, group size: 7
2025-02-10 15:18:46,484 - Review.reviews.fri4p_review - INFO - Companies in group: 7, to exclude: 1
2025-02-10 15:18:46,484 - Review.reviews.fri4p_review - INFO - Processing sector: 4040.0, area: AS, group size: 14
2025-02-10 15:18:46,485 - Review.reviews.fri4p_review - INFO - Companies in group: 14, to exclude: 2
2025-02-10 15:18:46,485 - Review.reviews.fri4p_review - INFO - Processing sector: 4040.0, area: EU, group size: 10
2025-02-10 15:18:46,485 - Review.reviews.fri4p_review - INFO - Companies in group: 10, to exclude: 1
2025-02-10 15:18:46,485 - Review.reviews.fri4p_review - INFO - Processing sector: 4040.0, area: NA, group size: 18
2025-02-10 15:18:46,486 - Review.reviews.fri4p_review - INFO - Companies in group: 18, to exclude: 3
2025-02-10 15:18:46,486 - Review.reviews.fri4p_review - INFO - Processing sector: 4050.0, area: AS, group size: 19
2025-02-10 15:18:46,486 - Review.reviews.fri4p_review - INFO - Companies in group: 19, to exclude: 3
2025-02-10 15:18:46,487 - Review.reviews.fri4p_review - INFO - Processing sector: 4050.0, area: EU, group size: 13
2025-02-10 15:18:46,487 - Review.reviews.fri4p_review - INFO - Companies in group: 13, to exclude: 2
2025-02-10 15:18:46,487 - Review.reviews.fri4p_review - INFO - Processing sector: 4050.0, area: NA, group size: 21
2025-02-10 15:18:46,487 - Review.reviews.fri4p_review - INFO - Companies in group: 21, to exclude: 4
2025-02-10 15:18:46,487 - Review.reviews.fri4p_review - INFO - Processing sector: 4510.0, area: AS, group size: 24
2025-02-10 15:18:46,488 - Review.reviews.fri4p_review - INFO - Companies in group: 24, to exclude: 4
2025-02-10 15:18:46,488 - Review.reviews.fri4p_review - INFO - Processing sector: 4510.0, area: EU, group size: 27
2025-02-10 15:18:46,488 - Review.reviews.fri4p_review - INFO - Companies in group: 27, to exclude: 5
2025-02-10 15:18:46,488 - Review.reviews.fri4p_review - INFO - Processing sector: 4510.0, area: NA, group size: 16
2025-02-10 15:18:46,489 - Review.reviews.fri4p_review - INFO - Companies in group: 16, to exclude: 3
2025-02-10 15:18:46,489 - Review.reviews.fri4p_review - INFO - Processing sector: 4520.0, area: AS, group size: 14
2025-02-10 15:18:46,489 - Review.reviews.fri4p_review - INFO - Companies in group: 14, to exclude: 2
2025-02-10 15:18:46,489 - Review.reviews.fri4p_review - INFO - Processing sector: 4520.0, area: EU, group size: 13
2025-02-10 15:18:46,490 - Review.reviews.fri4p_review - INFO - Companies in group: 13, to exclude: 2
2025-02-10 15:18:46,490 - Review.reviews.fri4p_review - INFO - Processing sector: 4520.0, area: NA, group size: 12
2025-02-10 15:18:46,490 - Review.reviews.fri4p_review - INFO - Companies in group: 12, to exclude: 2
2025-02-10 15:18:46,490 - Review.reviews.fri4p_review - INFO - Processing sector: 5010.0, area: AS, group size: 18
2025-02-10 15:18:46,491 - Review.reviews.fri4p_review - INFO - Companies in group: 18, to exclude: 3
2025-02-10 15:18:46,491 - Review.reviews.fri4p_review - INFO - Processing sector: 5010.0, area: EU, group size: 24
2025-02-10 15:18:46,491 - Review.reviews.fri4p_review - INFO - Companies in group: 24, to exclude: 4
2025-02-10 15:18:46,492 - Review.reviews.fri4p_review - INFO - Processing sector: 5010.0, area: NA, group size: 14
2025-02-10 15:18:46,492 - Review.reviews.fri4p_review - INFO - Companies in group: 14, to exclude: 2
2025-02-10 15:18:46,492 - Review.reviews.fri4p_review - INFO - Processing sector: 5020.0, area: AS, group size: 100
2025-02-10 15:18:46,492 - Review.reviews.fri4p_review - INFO - Companies in group: 100, to exclude: 19
2025-02-10 15:18:46,493 - Review.reviews.fri4p_review - INFO - Processing sector: 5020.0, area: EU, group size: 91
2025-02-10 15:18:46,493 - Review.reviews.fri4p_review - INFO - Companies in group: 91, to exclude: 18
2025-02-10 15:18:46,493 - Review.reviews.fri4p_review - INFO - Processing sector: 5020.0, area: NA, group size: 81
2025-02-10 15:18:46,494 - Review.reviews.fri4p_review - INFO - Companies in group: 81, to exclude: 16
2025-02-10 15:18:46,494 - Review.reviews.fri4p_review - INFO - Processing sector: 5510.0, area: AS, group size: 18
2025-02-10 15:18:46,494 - Review.reviews.fri4p_review - INFO - Companies in group: 18, to exclude: 3
2025-02-10 15:18:46,495 - Review.reviews.fri4p_review - INFO - Processing sector: 5510.0, area: EU, group size: 13
2025-02-10 15:18:46,495 - Review.reviews.fri4p_review - INFO - Companies in group: 13, to exclude: 2
2025-02-10 15:18:46,495 - Review.reviews.fri4p_review - INFO - Processing sector: 5510.0, area: NA, group size: 12
2025-02-10 15:18:46,496 - Review.reviews.fri4p_review - INFO - Companies in group: 12, to exclude: 2
2025-02-10 15:18:46,496 - Review.reviews.fri4p_review - INFO - Processing sector: 5520.0, area: AS, group size: 18
2025-02-10 15:18:46,496 - Review.reviews.fri4p_review - INFO - Companies in group: 18, to exclude: 3
2025-02-10 15:18:46,497 - Review.reviews.fri4p_review - INFO - Processing sector: 5520.0, area: EU, group size: 16
2025-02-10 15:18:46,497 - Review.reviews.fri4p_review - INFO - Companies in group: 16, to exclude: 3
2025-02-10 15:18:46,497 - Review.reviews.fri4p_review - INFO - Processing sector: 5520.0, area: NA, group size: 6
2025-02-10 15:18:46,498 - Review.reviews.fri4p_review - INFO - Companies in group: 6, to exclude: 1
2025-02-10 15:18:46,498 - Review.reviews.fri4p_review - INFO - Processing sector: 6010.0, area: AS, group size: 10
2025-02-10 15:18:46,498 - Review.reviews.fri4p_review - INFO - Companies in group: 10, to exclude: 1
2025-02-10 15:18:46,498 - Review.reviews.fri4p_review - INFO - Processing sector: 6010.0, area: EU, group size: 20
2025-02-10 15:18:46,499 - Review.reviews.fri4p_review - INFO - Companies in group: 20, to exclude: 3
2025-02-10 15:18:46,499 - Review.reviews.fri4p_review - INFO - Processing sector: 6010.0, area: NA, group size: 34
2025-02-10 15:18:46,500 - Review.reviews.fri4p_review - INFO - Companies in group: 34, to exclude: 6
2025-02-10 15:18:46,500 - Review.reviews.fri4p_review - INFO - Processing sector: 6510.0, area: AS, group size: 22
2025-02-10 15:18:46,500 - Review.reviews.fri4p_review - INFO - Companies in group: 22, to exclude: 4
2025-02-10 15:18:46,500 - Review.reviews.fri4p_review - INFO - Processing sector: 6510.0, area: EU, group size: 26
2025-02-10 15:18:46,501 - Review.reviews.fri4p_review - INFO - Companies in group: 26, to exclude: 5
2025-02-10 15:18:46,501 - Review.reviews.fri4p_review - INFO - Processing sector: 6510.0, area: NA, group size: 31
2025-02-10 15:18:46,501 - Review.reviews.fri4p_review - INFO - Companies in group: 31, to exclude: 6
2025-02-10 15:18:49,060 - werkzeug - INFO -  * Detected change in 'C:\\Users\\CSonneveld\\OneDrive - Euronext\\Documents\\Projects\\GUI + Reviews\\Review\\reviews\\frd4p_review.py', reloading
2025-02-10 15:18:49,062 - werkzeug - INFO -  * Detected change in 'C:\\Users\\CSonneveld\\OneDrive - Euronext\\Documents\\Projects\\GUI + Reviews\\Review\\reviews\\frd4p_review.py', reloading
2025-02-10 15:18:59,695 - Review.reviews.fri4p_review - INFO - Checking IsinCode FRIX00003643 in index_eod_df
2025-02-10 15:18:59,696 - Review.reviews.fri4p_review - INFO - Found 1 matching rows
2025-02-10 15:18:59,707 - Review.reviews.fri4p_review - ERROR - Error during review calculation: "['Company'] not in index"
2025-02-10 15:18:59,712 - Review.reviews.fri4p_review - ERROR - Traceback (most recent call last):
  File "C:\Users\CSonneveld\OneDrive - Euronext\Documents\Projects\GUI + Reviews\Review\reviews\fri4p_review.py", line 489, in run_fri4p_review
    analysis_results = inclusion_exclusion_analysis(
                       ^^^^^^^^^^^^^^^^^^^^^^^^^^^^^
  File "C:\Users\CSonneveld\OneDrive - Euronext\Documents\Projects\GUI + Reviews\utils\inclusion_exclusion.py", line 26, in inclusion_exclusion_analysis
    inclusion_df = selection_df[selection_df['Inclusion']][[
                   ^^^^^^^^^^^^^^^^^^^^^^^^^^^^^^^^^^^^^^^^^
  File "C:\Users\CSonneveld\AppData\Roaming\Python\Python312\site-packages\pandas\core\frame.py", line 4108, in __getitem__
    indexer = self.columns._get_indexer_strict(key, "columns")[1]
              ^^^^^^^^^^^^^^^^^^^^^^^^^^^^^^^^^^^^^^^^^^^^^^^^
  File "C:\Users\CSonneveld\AppData\Roaming\Python\Python312\site-packages\pandas\core\indexes\base.py", line 6200, in _get_indexer_strict
    self._raise_if_missing(keyarr, indexer, axis_name)
  File "C:\Users\CSonneveld\AppData\Roaming\Python\Python312\site-packages\pandas\core\indexes\base.py", line 6252, in _raise_if_missing
    raise KeyError(f"{not_found} not in index")
KeyError: "['Company'] not in index"

2025-02-10 15:18:59,741 - werkzeug - INFO - 127.0.0.1 - - [10/Feb/2025 15:18:59] "POST /calculate HTTP/1.1" 200 -
