2025-12-10 11:13:03,102 - werkzeug - WARNING -  * Debugger is active!
2025-12-10 11:13:03,104 - werkzeug - INFO -  * Debugger PIN: 691-175-853
2025-12-10 11:14:08,399 - werkzeug - INFO - 127.0.0.1 - - [10/Dec/2025 11:14:08] "POST /calculate-batch HTTP/1.1" 200 -
2025-12-10 11:14:08,408 - Review.reviews.aetaw_review - INFO - Loading EOD data...
2025-12-10 11:14:08,408 - werkzeug - INFO - 127.0.0.1 - - [10/Dec/2025 11:14:08] "GET /task-status/3acdf5b3-1495-4b2d-96fc-13310bbf68fd HTTP/1.1" 200 -
2025-12-10 11:14:10,415 - werkzeug - INFO - 127.0.0.1 - - [10/Dec/2025 11:14:10] "GET /task-status/3acdf5b3-1495-4b2d-96fc-13310bbf68fd HTTP/1.1" 200 -
2025-12-10 11:14:12,414 - werkzeug - INFO - 127.0.0.1 - - [10/Dec/2025 11:14:12] "GET /task-status/3acdf5b3-1495-4b2d-96fc-13310bbf68fd HTTP/1.1" 200 -
2025-12-10 11:14:12,698 - Review.reviews.aetaw_review - INFO - Loading reference data...
2025-12-10 11:14:12,931 - Review.reviews.aetaw_review - INFO - Loaded 75 companies from AEX, AMX, and AScX
2025-12-10 11:14:12,971 - Review.reviews.aetaw_review - INFO - 
Initial weights calculated. Starting two-step capping process...
2025-12-10 11:14:12,971 - Review.reviews.aetaw_review - INFO - 
========== STEP 1: Cap all companies at 9% ==========
2025-12-10 11:14:12,971 - Review.reviews.aetaw_review - INFO - 
--- Step 1, Iteration 1 ---
2025-12-10 11:14:12,971 - Review.reviews.aetaw_review - INFO - Capped 3 companies at 9%
2025-12-10 11:14:12,971 - Review.reviews.aetaw_review - INFO - Excess weight: 23.99%
2025-12-10 11:14:12,980 - Review.reviews.aetaw_review - INFO - Redistributed to 72 companies below 9%
2025-12-10 11:14:12,980 - Review.reviews.aetaw_review - INFO -   WARNING: 1 companies now ABOVE 9% after redistribution
2025-12-10 11:14:12,981 - Review.reviews.aetaw_review - INFO - Max weight change: 15.1340%
2025-12-10 11:14:12,982 - Review.reviews.aetaw_review - INFO - 
--- Step 1, Iteration 2 ---
2025-12-10 11:14:12,983 - Review.reviews.aetaw_review - INFO - Capped 1 companies at 9%
2025-12-10 11:14:12,983 - Review.reviews.aetaw_review - INFO - Excess weight: 0.37%
2025-12-10 11:14:12,985 - Review.reviews.aetaw_review - INFO - Redistributed to 71 companies below 9%
2025-12-10 11:14:12,985 - Review.reviews.aetaw_review - INFO - Max weight change: 0.3677%
2025-12-10 11:14:12,985 - Review.reviews.aetaw_review - INFO - 
--- Step 1, Iteration 3 ---
2025-12-10 11:14:12,986 - Review.reviews.aetaw_review - INFO - Max weight change: 0.0000%
2025-12-10 11:14:12,986 - Review.reviews.aetaw_review - INFO - [SUCCESS] Step 1 converged after 3 iterations
2025-12-10 11:14:12,986 - Review.reviews.aetaw_review - INFO - 
Step 1 complete: 4 companies at 9%
2025-12-10 11:14:12,986 - Review.reviews.aetaw_review - INFO - 
========== STEP 2: Apply collective constraint (36% rule) ==========
2025-12-10 11:14:12,989 - Review.reviews.aetaw_review - INFO - Top 4 companies by initial market cap (protected at 9%):
2025-12-10 11:14:12,989 - Review.reviews.aetaw_review - INFO -   1. ASML HOLDING: Initial 24.13%, After Step 1: 9.00%
2025-12-10 11:14:12,989 - Review.reviews.aetaw_review - INFO -   2. SHELL PLC: Initial 15.27%, After Step 1: 9.00%
2025-12-10 11:14:12,989 - Review.reviews.aetaw_review - INFO -   3. UNILEVER: Initial 11.58%, After Step 1: 9.00%
2025-12-10 11:14:12,991 - Review.reviews.aetaw_review - INFO -   4. RELX: Initial 6.29%, After Step 1: 9.00%
2025-12-10 11:14:12,991 - Review.reviews.aetaw_review - INFO - 
--- Step 2, Iteration 1 ---
2025-12-10 11:14:12,992 - Review.reviews.aetaw_review - INFO - Capped 3 companies (outside top 4) to 4.5%
2025-12-10 11:14:12,992 - Review.reviews.aetaw_review - INFO - Total companies locked at 4.5%: 3
2025-12-10 11:14:12,992 - Review.reviews.aetaw_review - INFO - Excess weight: 8.81%
2025-12-10 11:14:12,993 - Review.reviews.aetaw_review - INFO - Redistributed to 68 companies (not locked at 4.5%)
2025-12-10 11:14:12,994 - Review.reviews.aetaw_review - INFO -   WARNING: 1 companies (outside top 4) now ABOVE 4.5% after redistribution
2025-12-10 11:14:12,994 - Review.reviews.aetaw_review - INFO - Max weight change: 4.4539%
2025-12-10 11:14:12,994 - Review.reviews.aetaw_review - INFO - 
--- Step 2, Iteration 2 ---
2025-12-10 11:14:12,995 - Review.reviews.aetaw_review - INFO - Capped 1 companies (outside top 4) to 4.5%
2025-12-10 11:14:12,995 - Review.reviews.aetaw_review - INFO - Total companies locked at 4.5%: 4
2025-12-10 11:14:12,996 - Review.reviews.aetaw_review - INFO - Excess weight: 0.14%
2025-12-10 11:14:12,996 - Review.reviews.aetaw_review - INFO - Redistributed to 67 companies (not locked at 4.5%)
2025-12-10 11:14:12,997 - Review.reviews.aetaw_review - INFO - Max weight change: 0.1378%
2025-12-10 11:14:12,997 - Review.reviews.aetaw_review - INFO - 
--- Step 2, Iteration 3 ---
2025-12-10 11:14:12,998 - Review.reviews.aetaw_review - INFO - Max weight change: 0.0000%
2025-12-10 11:14:12,998 - Review.reviews.aetaw_review - INFO - [SUCCESS] Step 2 converged after 3 iterations
2025-12-10 11:14:13,001 - Review.reviews.aetaw_review - INFO - 
========== Final Results ==========
2025-12-10 11:14:13,001 - Review.reviews.aetaw_review - INFO - Companies at 9.00%: 4
2025-12-10 11:14:13,001 - Review.reviews.aetaw_review - INFO - Companies locked at 4.50%: 4
2025-12-10 11:14:13,001 - Review.reviews.aetaw_review - INFO - Total weight OVER 4.5%: 36.00% (limit: 36.00%)
2025-12-10 11:14:13,001 - Review.reviews.aetaw_review - INFO - [SUCCESS] Collective cap satisfied
2025-12-10 11:14:13,001 - Review.reviews.aetaw_review - INFO - AETAW capping complete. Companies with CF < 1: 63
2025-12-10 11:14:13,006 - Review.reviews.aetaw_review - INFO - Saving AETAW output to: C:\Users\CSonneveld\OneDrive - Euronext\Documents\Projects\GUI + Reviews\output\AETAW_df_20251210_111413.xlsx
2025-12-10 11:14:13,205 - Review.reviews.aexat_review - INFO - Loading EOD data...
2025-12-10 11:14:14,081 - Review.reviews.aexat_review - INFO - Loading reference data...
2025-12-10 11:14:14,131 - Review.reviews.aexat_review - INFO - Loaded 75 companies from AEX, AMX, and AScX
2025-12-10 11:14:14,182 - Review.reviews.aexat_review - INFO - Applied 15% capping. Companies capped: 74
2025-12-10 11:14:14,182 - Review.reviews.aexat_review - INFO - Saving AEXAT output to: C:\Users\CSonneveld\OneDrive - Euronext\Documents\Projects\GUI + Reviews\output\AEXAT_df_20251210_111414.xlsx
2025-12-10 11:14:14,314 - Review.reviews.aexew_review - INFO - Loading EOD data...
2025-12-10 11:14:14,416 - werkzeug - INFO - 127.0.0.1 - - [10/Dec/2025 11:14:14] "GET /task-status/3acdf5b3-1495-4b2d-96fc-13310bbf68fd HTTP/1.1" 200 -
2025-12-10 11:14:15,136 - Review.reviews.aexew_review - INFO - Loading reference data...
2025-12-10 11:14:15,205 - Review.reviews.aexew_review - INFO - Saving AEXEW output to: C:\Users\CSonneveld\OneDrive - Euronext\Documents\Projects\GUI + Reviews\output\AEXEW_df_20251210_111415.xlsx
2025-12-10 11:14:15,347 - Review.reviews.be1p_review - INFO - Loading EOD data...
2025-12-10 11:14:16,307 - Review.reviews.be1p_review - INFO - Loading reference data...
2025-12-10 11:14:16,426 - werkzeug - INFO - 127.0.0.1 - - [10/Dec/2025 11:14:16] "GET /task-status/3acdf5b3-1495-4b2d-96fc-13310bbf68fd HTTP/1.1" 200 -
2025-12-10 11:14:18,419 - werkzeug - INFO - 127.0.0.1 - - [10/Dec/2025 11:14:18] "GET /task-status/3acdf5b3-1495-4b2d-96fc-13310bbf68fd HTTP/1.1" 200 -
