2025-12-11 15:43:02,067 - werkzeug - WARNING -  * Debugger is active!
2025-12-11 15:43:02,071 - werkzeug - INFO -  * Debugger PIN: 691-175-853
2025-12-11 15:43:02,096 - werkzeug - INFO - 127.0.0.1 - - [11/Dec/2025 15:43:02] "GET /task-status/39b381e5-8c59-4c2d-9e7b-665896cbb163 HTTP/1.1" 200 -
2025-12-11 15:43:03,210 - werkzeug - INFO - 127.0.0.1 - - [11/Dec/2025 15:43:03] "POST /calculate HTTP/1.1" 200 -
2025-12-11 15:43:03,210 - Review.reviews.frd4p_review - INFO - Loading EOD data...
2025-12-11 15:43:03,210 - werkzeug - INFO - 127.0.0.1 - - [11/Dec/2025 15:43:03] "GET /task-status/ee1500e9-dfaf-4897-b50c-6c2dee233027 HTTP/1.1" 200 -
2025-12-11 15:43:04,034 - Review.reviews.frd4p_review - INFO - Loading reference data...
2025-12-11 15:43:05,227 - werkzeug - INFO - 127.0.0.1 - - [11/Dec/2025 15:43:05] "GET /task-status/ee1500e9-dfaf-4897-b50c-6c2dee233027 HTTP/1.1" 200 -
2025-12-11 15:43:07,216 - werkzeug - INFO - 127.0.0.1 - - [11/Dec/2025 15:43:07] "GET /task-status/ee1500e9-dfaf-4897-b50c-6c2dee233027 HTTP/1.1" 200 -
2025-12-11 15:43:09,216 - werkzeug - INFO - 127.0.0.1 - - [11/Dec/2025 15:43:09] "GET /task-status/ee1500e9-dfaf-4897-b50c-6c2dee233027 HTTP/1.1" 200 -
2025-12-11 15:43:11,276 - werkzeug - INFO - 127.0.0.1 - - [11/Dec/2025 15:43:11] "GET /task-status/ee1500e9-dfaf-4897-b50c-6c2dee233027 HTTP/1.1" 200 -
2025-12-11 15:43:13,220 - werkzeug - INFO - 127.0.0.1 - - [11/Dec/2025 15:43:13] "GET /task-status/ee1500e9-dfaf-4897-b50c-6c2dee233027 HTTP/1.1" 200 -
2025-12-11 15:43:15,022 - Review.reviews.frd4p_review - INFO - Processing sector: 1010.0, area: AS, group size: 46
2025-12-11 15:43:15,022 - Review.reviews.frd4p_review - INFO - Companies in group: 46, to exclude: 9
2025-12-11 15:43:15,022 - Review.reviews.frd4p_review - INFO - Processing sector: 1010.0, area: EU, group size: 24
2025-12-11 15:43:15,022 - Review.reviews.frd4p_review - INFO - Companies in group: 24, to exclude: 4
2025-12-11 15:43:15,022 - Review.reviews.frd4p_review - INFO - Processing sector: 1010.0, area: NA, group size: 86
2025-12-11 15:43:15,022 - Review.reviews.frd4p_review - INFO - Companies in group: 86, to exclude: 17
2025-12-11 15:43:15,022 - Review.reviews.frd4p_review - INFO - Processing sector: 1510.0, area: AS, group size: 12
2025-12-11 15:43:15,022 - Review.reviews.frd4p_review - INFO - Companies in group: 12, to exclude: 2
2025-12-11 15:43:15,022 - Review.reviews.frd4p_review - INFO - Processing sector: 1510.0, area: EU, group size: 20
2025-12-11 15:43:15,022 - Review.reviews.frd4p_review - INFO - Companies in group: 20, to exclude: 3
2025-12-11 15:43:15,022 - Review.reviews.frd4p_review - INFO - Processing sector: 1510.0, area: NA, group size: 10
2025-12-11 15:43:15,022 - Review.reviews.frd4p_review - INFO - Companies in group: 10, to exclude: 1
2025-12-11 15:43:15,022 - Review.reviews.frd4p_review - INFO - Processing sector: 2010.0, area: AS, group size: 30
2025-12-11 15:43:15,030 - Review.reviews.frd4p_review - INFO - Companies in group: 30, to exclude: 5
2025-12-11 15:43:15,030 - Review.reviews.frd4p_review - INFO - Processing sector: 2010.0, area: EU, group size: 47
2025-12-11 15:43:15,030 - Review.reviews.frd4p_review - INFO - Companies in group: 47, to exclude: 9
2025-12-11 15:43:15,030 - Review.reviews.frd4p_review - INFO - Processing sector: 2010.0, area: NA, group size: 44
2025-12-11 15:43:15,030 - Review.reviews.frd4p_review - INFO - Companies in group: 44, to exclude: 8
2025-12-11 15:43:15,030 - Review.reviews.frd4p_review - INFO - Processing sector: 3010.0, area: AS, group size: 32
2025-12-11 15:43:15,032 - Review.reviews.frd4p_review - INFO - Companies in group: 32, to exclude: 6
2025-12-11 15:43:15,033 - Review.reviews.frd4p_review - INFO - Processing sector: 3010.0, area: EU, group size: 46
2025-12-11 15:43:15,033 - Review.reviews.frd4p_review - INFO - Companies in group: 46, to exclude: 9
2025-12-11 15:43:15,033 - Review.reviews.frd4p_review - INFO - Processing sector: 3010.0, area: NA, group size: 20
2025-12-11 15:43:15,034 - Review.reviews.frd4p_review - INFO - Companies in group: 20, to exclude: 3
2025-12-11 15:43:15,034 - Review.reviews.frd4p_review - INFO - Processing sector: 3020.0, area: AS, group size: 17
2025-12-11 15:43:15,034 - Review.reviews.frd4p_review - INFO - Companies in group: 17, to exclude: 3
2025-12-11 15:43:15,035 - Review.reviews.frd4p_review - INFO - Processing sector: 3020.0, area: EU, group size: 34
2025-12-11 15:43:15,035 - Review.reviews.frd4p_review - INFO - Companies in group: 34, to exclude: 6
2025-12-11 15:43:15,035 - Review.reviews.frd4p_review - INFO - Processing sector: 3020.0, area: NA, group size: 32
2025-12-11 15:43:15,036 - Review.reviews.frd4p_review - INFO - Companies in group: 32, to exclude: 6
2025-12-11 15:43:15,036 - Review.reviews.frd4p_review - INFO - Processing sector: 3030.0, area: AS, group size: 14
2025-12-11 15:43:15,036 - Review.reviews.frd4p_review - INFO - Companies in group: 14, to exclude: 2
2025-12-11 15:43:15,036 - Review.reviews.frd4p_review - INFO - Processing sector: 3030.0, area: EU, group size: 30
2025-12-11 15:43:15,037 - Review.reviews.frd4p_review - INFO - Companies in group: 30, to exclude: 5
2025-12-11 15:43:15,037 - Review.reviews.frd4p_review - INFO - Processing sector: 3030.0, area: NA, group size: 23
2025-12-11 15:43:15,038 - Review.reviews.frd4p_review - INFO - Companies in group: 23, to exclude: 4
2025-12-11 15:43:15,038 - Review.reviews.frd4p_review - INFO - Processing sector: 3510.0, area: AS, group size: 46
2025-12-11 15:43:15,038 - Review.reviews.frd4p_review - INFO - Companies in group: 46, to exclude: 9
2025-12-11 15:43:15,038 - Review.reviews.frd4p_review - INFO - Processing sector: 3510.0, area: EU, group size: 26
2025-12-11 15:43:15,039 - Review.reviews.frd4p_review - INFO - Companies in group: 26, to exclude: 5
2025-12-11 15:43:15,039 - Review.reviews.frd4p_review - INFO - Processing sector: 3510.0, area: NA, group size: 19
2025-12-11 15:43:15,039 - Review.reviews.frd4p_review - INFO - Companies in group: 19, to exclude: 3
2025-12-11 15:43:15,039 - Review.reviews.frd4p_review - INFO - Processing sector: 4010.0, area: AS, group size: 16
2025-12-11 15:43:15,040 - Review.reviews.frd4p_review - INFO - Companies in group: 16, to exclude: 3
2025-12-11 15:43:15,040 - Review.reviews.frd4p_review - INFO - Processing sector: 4010.0, area: EU, group size: 13
2025-12-11 15:43:15,040 - Review.reviews.frd4p_review - INFO - Companies in group: 13, to exclude: 2
2025-12-11 15:43:15,040 - Review.reviews.frd4p_review - INFO - Processing sector: 4010.0, area: NA, group size: 4
2025-12-11 15:43:15,041 - Review.reviews.frd4p_review - INFO - Companies in group: 4, to exclude: 0
2025-12-11 15:43:15,041 - Review.reviews.frd4p_review - WARNING - No companies to exclude for sector 4010.0 and area NA
2025-12-11 15:43:15,041 - Review.reviews.frd4p_review - INFO - Processing sector: 4020.0, area: AS, group size: 25
2025-12-11 15:43:15,041 - Review.reviews.frd4p_review - INFO - Companies in group: 25, to exclude: 4
2025-12-11 15:43:15,041 - Review.reviews.frd4p_review - INFO - Processing sector: 4020.0, area: EU, group size: 21
2025-12-11 15:43:15,042 - Review.reviews.frd4p_review - INFO - Companies in group: 21, to exclude: 4
2025-12-11 15:43:15,042 - Review.reviews.frd4p_review - INFO - Processing sector: 4020.0, area: NA, group size: 18
2025-12-11 15:43:15,042 - Review.reviews.frd4p_review - INFO - Companies in group: 18, to exclude: 3
2025-12-11 15:43:15,042 - Review.reviews.frd4p_review - INFO - Processing sector: 4030.0, area: AS, group size: 6
2025-12-11 15:43:15,043 - Review.reviews.frd4p_review - INFO - Companies in group: 6, to exclude: 1
2025-12-11 15:43:15,043 - Review.reviews.frd4p_review - INFO - Processing sector: 4030.0, area: EU, group size: 9
2025-12-11 15:43:15,043 - Review.reviews.frd4p_review - INFO - Companies in group: 9, to exclude: 1
2025-12-11 15:43:15,043 - Review.reviews.frd4p_review - INFO - Processing sector: 4030.0, area: NA, group size: 6
2025-12-11 15:43:15,043 - Review.reviews.frd4p_review - INFO - Companies in group: 6, to exclude: 1
2025-12-11 15:43:15,044 - Review.reviews.frd4p_review - INFO - Processing sector: 4040.0, area: AS, group size: 13
2025-12-11 15:43:15,044 - Review.reviews.frd4p_review - INFO - Companies in group: 13, to exclude: 2
2025-12-11 15:43:15,044 - Review.reviews.frd4p_review - INFO - Processing sector: 4040.0, area: EU, group size: 9
2025-12-11 15:43:15,044 - Review.reviews.frd4p_review - INFO - Companies in group: 9, to exclude: 1
2025-12-11 15:43:15,044 - Review.reviews.frd4p_review - INFO - Processing sector: 4040.0, area: NA, group size: 21
2025-12-11 15:43:15,045 - Review.reviews.frd4p_review - INFO - Companies in group: 21, to exclude: 4
2025-12-11 15:43:15,045 - Review.reviews.frd4p_review - INFO - Processing sector: 4050.0, area: AS, group size: 19
2025-12-11 15:43:15,045 - Review.reviews.frd4p_review - INFO - Companies in group: 19, to exclude: 3
2025-12-11 15:43:15,045 - Review.reviews.frd4p_review - INFO - Processing sector: 4050.0, area: EU, group size: 14
2025-12-11 15:43:15,046 - Review.reviews.frd4p_review - INFO - Companies in group: 14, to exclude: 2
2025-12-11 15:43:15,046 - Review.reviews.frd4p_review - INFO - Processing sector: 4050.0, area: NA, group size: 18
2025-12-11 15:43:15,046 - Review.reviews.frd4p_review - INFO - Companies in group: 18, to exclude: 3
2025-12-11 15:43:15,046 - Review.reviews.frd4p_review - INFO - Processing sector: 4510.0, area: AS, group size: 24
2025-12-11 15:43:15,046 - Review.reviews.frd4p_review - INFO - Companies in group: 24, to exclude: 4
2025-12-11 15:43:15,046 - Review.reviews.frd4p_review - INFO - Processing sector: 4510.0, area: EU, group size: 25
2025-12-11 15:43:15,047 - Review.reviews.frd4p_review - INFO - Companies in group: 25, to exclude: 4
2025-12-11 15:43:15,047 - Review.reviews.frd4p_review - INFO - Processing sector: 4510.0, area: NA, group size: 17
2025-12-11 15:43:15,047 - Review.reviews.frd4p_review - INFO - Companies in group: 17, to exclude: 3
2025-12-11 15:43:15,047 - Review.reviews.frd4p_review - INFO - Processing sector: 4520.0, area: AS, group size: 17
2025-12-11 15:43:15,048 - Review.reviews.frd4p_review - INFO - Companies in group: 17, to exclude: 3
2025-12-11 15:43:15,048 - Review.reviews.frd4p_review - INFO - Processing sector: 4520.0, area: EU, group size: 13
2025-12-11 15:43:15,048 - Review.reviews.frd4p_review - INFO - Companies in group: 13, to exclude: 2
2025-12-11 15:43:15,048 - Review.reviews.frd4p_review - INFO - Processing sector: 4520.0, area: NA, group size: 12
2025-12-11 15:43:15,048 - Review.reviews.frd4p_review - INFO - Companies in group: 12, to exclude: 2
2025-12-11 15:43:15,049 - Review.reviews.frd4p_review - INFO - Processing sector: 5010.0, area: AS, group size: 19
2025-12-11 15:43:15,049 - Review.reviews.frd4p_review - INFO - Companies in group: 19, to exclude: 3
2025-12-11 15:43:15,049 - Review.reviews.frd4p_review - INFO - Processing sector: 5010.0, area: EU, group size: 28
2025-12-11 15:43:15,049 - Review.reviews.frd4p_review - INFO - Companies in group: 28, to exclude: 5
2025-12-11 15:43:15,050 - Review.reviews.frd4p_review - INFO - Processing sector: 5010.0, area: NA, group size: 11
2025-12-11 15:43:15,050 - Review.reviews.frd4p_review - INFO - Companies in group: 11, to exclude: 2
2025-12-11 15:43:15,050 - Review.reviews.frd4p_review - INFO - Processing sector: 5020.0, area: AS, group size: 92
2025-12-11 15:43:15,050 - Review.reviews.frd4p_review - INFO - Companies in group: 92, to exclude: 18
2025-12-11 15:43:15,050 - Review.reviews.frd4p_review - INFO - Processing sector: 5020.0, area: EU, group size: 98
2025-12-11 15:43:15,053 - Review.reviews.frd4p_review - INFO - Companies in group: 98, to exclude: 19
2025-12-11 15:43:15,053 - Review.reviews.frd4p_review - INFO - Processing sector: 5020.0, area: NA, group size: 79
2025-12-11 15:43:15,053 - Review.reviews.frd4p_review - INFO - Companies in group: 79, to exclude: 15
2025-12-11 15:43:15,053 - Review.reviews.frd4p_review - INFO - Processing sector: 5510.0, area: AS, group size: 24
2025-12-11 15:43:15,054 - Review.reviews.frd4p_review - INFO - Companies in group: 24, to exclude: 4
2025-12-11 15:43:15,054 - Review.reviews.frd4p_review - INFO - Processing sector: 5510.0, area: EU, group size: 16
2025-12-11 15:43:15,054 - Review.reviews.frd4p_review - INFO - Companies in group: 16, to exclude: 3
2025-12-11 15:43:15,054 - Review.reviews.frd4p_review - INFO - Processing sector: 5510.0, area: NA, group size: 12
2025-12-11 15:43:15,055 - Review.reviews.frd4p_review - INFO - Companies in group: 12, to exclude: 2
2025-12-11 15:43:15,055 - Review.reviews.frd4p_review - INFO - Processing sector: 5520.0, area: AS, group size: 17
2025-12-11 15:43:15,055 - Review.reviews.frd4p_review - INFO - Companies in group: 17, to exclude: 3
2025-12-11 15:43:15,055 - Review.reviews.frd4p_review - INFO - Processing sector: 5520.0, area: EU, group size: 17
2025-12-11 15:43:15,056 - Review.reviews.frd4p_review - INFO - Companies in group: 17, to exclude: 3
2025-12-11 15:43:15,057 - Review.reviews.frd4p_review - INFO - Processing sector: 5520.0, area: NA, group size: 4
2025-12-11 15:43:15,057 - Review.reviews.frd4p_review - INFO - Companies in group: 4, to exclude: 0
2025-12-11 15:43:15,057 - Review.reviews.frd4p_review - WARNING - No companies to exclude for sector 5520.0 and area NA
2025-12-11 15:43:15,057 - Review.reviews.frd4p_review - INFO - Processing sector: 6010.0, area: AS, group size: 10
2025-12-11 15:43:15,058 - Review.reviews.frd4p_review - INFO - Companies in group: 10, to exclude: 1
2025-12-11 15:43:15,058 - Review.reviews.frd4p_review - INFO - Processing sector: 6010.0, area: EU, group size: 22
2025-12-11 15:43:15,058 - Review.reviews.frd4p_review - INFO - Companies in group: 22, to exclude: 4
2025-12-11 15:43:15,058 - Review.reviews.frd4p_review - INFO - Processing sector: 6010.0, area: NA, group size: 33
2025-12-11 15:43:15,058 - Review.reviews.frd4p_review - INFO - Companies in group: 33, to exclude: 6
2025-12-11 15:43:15,059 - Review.reviews.frd4p_review - INFO - Processing sector: 6510.0, area: AS, group size: 21
2025-12-11 15:43:15,059 - Review.reviews.frd4p_review - INFO - Companies in group: 21, to exclude: 4
2025-12-11 15:43:15,059 - Review.reviews.frd4p_review - INFO - Processing sector: 6510.0, area: EU, group size: 26
2025-12-11 15:43:15,059 - Review.reviews.frd4p_review - INFO - Companies in group: 26, to exclude: 5
2025-12-11 15:43:15,059 - Review.reviews.frd4p_review - INFO - Processing sector: 6510.0, area: NA, group size: 31
2025-12-11 15:43:15,059 - Review.reviews.frd4p_review - INFO - Companies in group: 31, to exclude: 6
2025-12-11 15:43:15,066 - Review.reviews.frd4p_review - INFO - Checking IsinCode FRIX00003031 in index_eod_df
2025-12-11 15:43:15,066 - Review.reviews.frd4p_review - INFO - Found 1 matching rows
2025-12-11 15:43:15,076 - Review.reviews.frd4p_review - INFO - Saving FRD4P output to: C:\Users\CSonneveld\OneDrive - Euronext\Documents\Projects\GUI + Reviews\output\FRD4P_df_20251211_154315.xlsx
2025-12-11 15:43:15,251 - werkzeug - INFO - 127.0.0.1 - - [11/Dec/2025 15:43:15] "GET /task-status/ee1500e9-dfaf-4897-b50c-6c2dee233027 HTTP/1.1" 200 -
2025-12-11 15:43:17,216 - werkzeug - INFO - 127.0.0.1 - - [11/Dec/2025 15:43:17] "GET /task-status/ee1500e9-dfaf-4897-b50c-6c2dee233027 HTTP/1.1" 200 -
2025-12-11 15:45:00,397 - werkzeug - INFO -  * Detected change in 'C:\\Users\\CSonneveld\\OneDrive - Euronext\\Documents\\Projects\\GUI + Reviews\\Review\\functions.py', reloading
