2025-12-16 11:04:17,124 - werkzeug - INFO - [31m[1mWARNING: This is a development server. Do not use it in a production deployment. Use a production WSGI server instead.[0m
 * Running on all addresses (0.0.0.0)
 * Running on http://127.0.0.1:5000
 * Running on http://10.199.43.185:5000
2025-12-16 11:04:17,124 - werkzeug - INFO - [33mPress CTRL+C to quit[0m
2025-12-16 11:04:17,143 - werkzeug - INFO -  * Restarting with watchdog (windowsapi)
2025-12-16 11:04:25,566 - werkzeug - INFO -  * Restarting with watchdog (windowsapi)
2025-12-16 11:10:26,068 - werkzeug - INFO -  * Restarting with watchdog (windowsapi)
2025-12-16 11:10:43,334 - werkzeug - INFO -  * Restarting with watchdog (windowsapi)
2025-12-16 11:16:21,936 - werkzeug - INFO -  * Restarting with watchdog (windowsapi)
2025-12-16 11:17:54,379 - werkzeug - INFO -  * Restarting with watchdog (windowsapi)
2025-12-16 11:19:04,715 - werkzeug - INFO -  * Restarting with watchdog (windowsapi)
2025-12-16 11:19:11,018 - werkzeug - INFO -  * Restarting with watchdog (windowsapi)
2025-12-16 11:19:15,448 - werkzeug - INFO -  * Restarting with watchdog (windowsapi)
2025-12-16 11:19:27,806 - werkzeug - INFO -  * Restarting with watchdog (windowsapi)
2025-12-16 11:23:22,588 - werkzeug - INFO -  * Restarting with watchdog (windowsapi)
2025-12-16 11:40:15,677 - werkzeug - INFO -  * Restarting with watchdog (windowsapi)
2025-12-16 11:41:10,364 - werkzeug - INFO -  * Restarting with watchdog (windowsapi)
2025-12-16 11:42:35,878 - werkzeug - INFO -  * Restarting with watchdog (windowsapi)
2025-12-16 11:44:53,382 - werkzeug - INFO -  * Restarting with watchdog (windowsapi)
2025-12-16 11:45:08,689 - werkzeug - INFO -  * Restarting with watchdog (windowsapi)
2025-12-16 11:47:06,416 - werkzeug - INFO -  * Restarting with watchdog (windowsapi)
2025-12-16 11:47:37,097 - werkzeug - INFO -  * Restarting with watchdog (windowsapi)
2025-12-16 11:54:46,574 - werkzeug - INFO -  * Restarting with watchdog (windowsapi)
2025-12-16 11:56:40,514 - werkzeug - INFO -  * Restarting with watchdog (windowsapi)
2025-12-16 11:56:46,222 - werkzeug - INFO -  * Restarting with watchdog (windowsapi)
2025-12-16 11:56:55,810 - werkzeug - INFO -  * Restarting with watchdog (windowsapi)
2025-12-16 11:57:16,437 - werkzeug - INFO -  * Restarting with watchdog (windowsapi)
2025-12-16 11:59:41,393 - werkzeug - INFO -  * Restarting with watchdog (windowsapi)
2025-12-16 12:00:04,181 - werkzeug - INFO -  * Restarting with watchdog (windowsapi)
2025-12-16 12:16:18,003 - werkzeug - INFO -  * Restarting with watchdog (windowsapi)
2025-12-16 12:25:42,847 - werkzeug - INFO -  * Restarting with watchdog (windowsapi)
2025-12-16 12:28:42,605 - werkzeug - INFO -  * Restarting with watchdog (windowsapi)
2025-12-16 12:31:23,780 - werkzeug - INFO -  * Restarting with watchdog (windowsapi)
2025-12-16 12:32:00,793 - werkzeug - INFO -  * Restarting with watchdog (windowsapi)
2025-12-16 12:32:07,239 - werkzeug - INFO -  * Restarting with watchdog (windowsapi)
2025-12-16 12:32:14,915 - werkzeug - INFO -  * Restarting with watchdog (windowsapi)
2025-12-16 12:32:36,473 - werkzeug - INFO -  * Restarting with watchdog (windowsapi)
2025-12-16 12:32:47,182 - werkzeug - INFO -  * Restarting with watchdog (windowsapi)
2025-12-16 12:33:41,318 - werkzeug - INFO -  * Restarting with watchdog (windowsapi)
2025-12-16 12:35:04,975 - werkzeug - INFO -  * Restarting with watchdog (windowsapi)
2025-12-16 12:40:13,784 - werkzeug - INFO -  * Restarting with watchdog (windowsapi)
2025-12-16 12:41:43,295 - werkzeug - INFO -  * Restarting with watchdog (windowsapi)
2025-12-16 12:43:50,898 - werkzeug - INFO -  * Restarting with watchdog (windowsapi)
2025-12-16 12:44:14,414 - werkzeug - INFO -  * Restarting with watchdog (windowsapi)
2025-12-16 12:50:13,813 - werkzeug - INFO -  * Restarting with watchdog (windowsapi)
2025-12-16 12:50:52,160 - werkzeug - INFO -  * Restarting with watchdog (windowsapi)
2025-12-16 13:17:12,389 - werkzeug - INFO -  * Restarting with watchdog (windowsapi)
2025-12-16 13:18:25,212 - werkzeug - INFO -  * Restarting with watchdog (windowsapi)
2025-12-16 13:36:49,988 - werkzeug - INFO -  * Restarting with watchdog (windowsapi)
2025-12-16 13:43:31,444 - werkzeug - INFO -  * Restarting with watchdog (windowsapi)
2025-12-16 13:43:34,744 - werkzeug - INFO -  * Restarting with watchdog (windowsapi)
2025-12-16 13:44:50,523 - werkzeug - INFO -  * Restarting with watchdog (windowsapi)
