2025-06-30 10:55:00,342 - werkzeug - WARNING -  * Debugger is active!
2025-06-30 10:55:00,344 - werkzeug - INFO -  * Debugger PIN: 691-175-853
2025-06-30 14:58:19,816 - werkzeug - INFO -  * Detected change in 'C:\\Users\\CSonneveld\\AppData\\Roaming\\Python\\Python312\\site-packages\\numpy\\_typing\\__init__.py', reloading
2025-06-30 14:58:19,817 - werkzeug - INFO -  * Detected change in 'C:\\Users\\CSonneveld\\AppData\\Roaming\\Python\\Python312\\site-packages\\numpy\\_utils\\__init__.py', reloading
2025-06-30 14:58:19,965 - werkzeug - INFO -  * Detected change in 'C:\\Users\\CSonneveld\\AppData\\Roaming\\Python\\Python312\\site-packages\\numpy\\typing\\__init__.py', reloading
2025-06-30 14:58:19,968 - werkzeug - INFO -  * Detected change in 'C:\\Users\\CSonneveld\\AppData\\Roaming\\Python\\Python312\\site-packages\\numpy\\_typing\\_array_like.py', reloading
2025-06-30 14:58:19,972 - werkzeug - INFO -  * Detected change in 'C:\\Users\\CSonneveld\\AppData\\Roaming\\Python\\Python312\\site-packages\\numpy\\_typing\\_nbit.py', reloading
2025-06-30 14:58:20,452 - werkzeug - INFO -  * Detected change in 'C:\\Program Files\\Python312\\Lib\\datetime.py', reloading
2025-06-30 14:58:20,456 - werkzeug - INFO -  * Detected change in 'C:\\Program Files\\Python312\\Lib\\_pydatetime.py', reloading
2025-06-30 14:58:20,475 - werkzeug - INFO -  * Detected change in 'C:\\Program Files\\Python312\\Lib\\glob.py', reloading
2025-06-30 14:58:20,490 - werkzeug - INFO -  * Detected change in 'C:\\Program Files\\Python312\\Lib\\traceback.py', reloading
2025-06-30 14:58:20,623 - werkzeug - INFO -  * Detected change in 'C:\\Program Files\\Python312\\Lib\\concurrent\\__init__.py', reloading
2025-06-30 14:58:20,623 - werkzeug - INFO -  * Detected change in 'C:\\Program Files\\Python312\\Lib\\idlelib\\__init__.py', reloading
2025-06-30 14:58:20,623 - werkzeug - INFO -  * Detected change in 'C:\\Program Files\\Python312\\Lib\\lib2to3\\__init__.py', reloading
2025-06-30 14:58:20,623 - werkzeug - INFO -  * Detected change in 'C:\\Program Files\\Python312\\Lib\\msilib\\__init__.py', reloading
2025-06-30 14:58:20,623 - werkzeug - INFO -  * Detected change in 'C:\\Program Files\\Python312\\Lib\\test\\__init__.py', reloading
2025-06-30 14:58:20,623 - werkzeug - INFO -  * Detected change in 'C:\\Program Files\\Python312\\Lib\\turtledemo\\__init__.py', reloading
2025-06-30 14:58:20,623 - werkzeug - INFO -  * Detected change in 'C:\\Program Files\\Python312\\Lib\\wsgiref\\__init__.py', reloading
2025-06-30 14:58:20,623 - werkzeug - INFO -  * Detected change in 'C:\\Program Files\\Python312\\Lib\\xmlrpc\\__init__.py', reloading
2025-06-30 14:58:20,623 - werkzeug - INFO -  * Detected change in 'C:\\Program Files\\Python312\\Lib\\__phello__\\__init__.py', reloading
2025-06-30 14:58:20,623 - werkzeug - INFO -  * Detected change in 'C:\\Users\\CSonneveld\\AppData\\Roaming\\Python\\Python312\\site-packages\\adodbapi\\__init__.py', reloading
2025-06-30 14:58:20,623 - werkzeug - INFO -  * Detected change in 'C:\\Users\\CSonneveld\\AppData\\Roaming\\Python\\Python312\\site-packages\\alembic\\__init__.py', reloading
