2025-11-21 14:48:27,915 - werkzeug - INFO - [31m[1mWARNING: This is a development server. Do not use it in a production deployment. Use a production WSGI server instead.[0m
 * Running on all addresses (0.0.0.0)
 * Running on http://127.0.0.1:5000
 * Running on http://10.199.43.185:5000
2025-11-21 14:48:27,915 - werkzeug - INFO - [33mPress CTRL+C to quit[0m
2025-11-21 14:48:27,929 - werkzeug - INFO -  * Restarting with watchdog (windowsapi)
2025-11-21 14:48:30,211 - werkzeug - INFO -  * Restarting with watchdog (windowsapi)
2025-11-21 14:48:39,607 - werkzeug - INFO -  * Restarting with watchdog (windowsapi)
2025-11-21 14:49:16,989 - werkzeug - INFO -  * Restarting with watchdog (windowsapi)
2025-11-21 14:50:06,164 - werkzeug - INFO -  * Restarting with watchdog (windowsapi)
2025-11-21 15:25:29,500 - werkzeug - INFO -  * Restarting with watchdog (windowsapi)
2025-11-21 15:41:06,235 - werkzeug - INFO -  * Restarting with watchdog (windowsapi)
2025-11-21 15:41:23,233 - werkzeug - INFO -  * Restarting with watchdog (windowsapi)
2025-11-21 15:46:01,682 - werkzeug - INFO -  * Restarting with watchdog (windowsapi)
2025-11-21 15:46:15,068 - werkzeug - INFO -  * Restarting with watchdog (windowsapi)
2025-11-21 15:48:35,653 - werkzeug - INFO -  * Restarting with watchdog (windowsapi)
2025-11-21 15:52:54,464 - werkzeug - INFO -  * Restarting with watchdog (windowsapi)
2025-11-21 15:54:03,538 - werkzeug - INFO -  * Restarting with watchdog (windowsapi)
2025-11-21 15:56:41,689 - werkzeug - INFO -  * Restarting with watchdog (windowsapi)
2025-11-21 15:56:45,949 - werkzeug - INFO -  * Restarting with watchdog (windowsapi)
2025-11-21 15:57:05,461 - werkzeug - INFO -  * Restarting with watchdog (windowsapi)
2025-11-21 16:16:14,554 - werkzeug - INFO -  * Restarting with watchdog (windowsapi)
2025-11-21 16:30:00,184 - werkzeug - INFO -  * Restarting with watchdog (windowsapi)
2025-11-21 16:30:17,920 - werkzeug - INFO -  * Restarting with watchdog (windowsapi)
2025-11-21 16:31:39,925 - werkzeug - INFO -  * Restarting with watchdog (windowsapi)
2025-11-21 16:31:58,945 - werkzeug - INFO -  * Restarting with watchdog (windowsapi)
2025-11-21 16:32:11,299 - werkzeug - INFO -  * Restarting with watchdog (windowsapi)
2025-11-21 16:32:21,539 - werkzeug - INFO -  * Restarting with watchdog (windowsapi)
2025-11-21 16:32:54,101 - werkzeug - INFO -  * Restarting with watchdog (windowsapi)
2025-11-21 16:33:19,567 - werkzeug - INFO -  * Restarting with watchdog (windowsapi)
2025-11-21 16:40:21,772 - werkzeug - INFO -  * Restarting with watchdog (windowsapi)
2025-11-21 16:40:47,032 - werkzeug - INFO -  * Restarting with watchdog (windowsapi)
2025-11-21 16:41:31,540 - werkzeug - INFO -  * Restarting with watchdog (windowsapi)
2025-11-21 16:41:55,040 - werkzeug - INFO -  * Restarting with watchdog (windowsapi)
2025-11-21 16:56:58,903 - werkzeug - INFO -  * Restarting with watchdog (windowsapi)
2025-11-21 16:57:16,830 - werkzeug - INFO -  * Restarting with watchdog (windowsapi)
2025-11-21 16:57:27,196 - werkzeug - INFO -  * Restarting with watchdog (windowsapi)
2025-11-21 16:57:31,509 - werkzeug - INFO -  * Restarting with watchdog (windowsapi)
2025-11-21 16:57:40,658 - werkzeug - INFO -  * Restarting with watchdog (windowsapi)
2025-11-21 16:59:38,257 - werkzeug - INFO -  * Restarting with watchdog (windowsapi)
2025-11-21 16:59:41,920 - werkzeug - INFO -  * Restarting with watchdog (windowsapi)
2025-11-21 16:59:49,202 - werkzeug - INFO -  * Restarting with watchdog (windowsapi)
2025-11-21 17:00:07,276 - werkzeug - INFO -  * Restarting with watchdog (windowsapi)
