2025-01-21 15:30:05,568 - werkzeug - WARNING -  * Debugger is active!
2025-01-21 15:30:05,571 - werkzeug - INFO -  * Debugger PIN: 691-175-853
2025-01-21 15:30:06,979 - Review.reviews.gicp_review - INFO - Loading EOD data...
2025-01-21 15:30:07,429 - Review.reviews.gicp_review - INFO - Loading reference data...
2025-01-21 15:30:14,486 - Review.reviews.gicp_review - INFO - Processing market data...
2025-01-21 15:30:14,578 - Review.reviews.gicp_review - INFO - Category_1 final weight: 14.5992%
2025-01-21 15:30:14,579 - Review.reviews.gicp_review - INFO - Category_2 final weight: 5.8397%
2025-01-21 15:30:14,580 - Review.reviews.gicp_review - INFO - Category_3 final weight: 11.4420%
2025-01-21 15:30:14,580 - Review.reviews.gicp_review - INFO - Category_4 final weight: 10.3673%
2025-01-21 15:30:14,580 - Review.reviews.gicp_review - INFO - Category_5 final weight: 12.6149%
2025-01-21 15:30:14,581 - Review.reviews.gicp_review - INFO - Category_6 final weight: 30.3445%
2025-01-21 15:30:14,581 - Review.reviews.gicp_review - INFO - Category_7 final weight: 14.7925%
2025-01-21 15:30:14,581 - Review.reviews.gicp_review - INFO - Maximum constituent weight: 4.8664%
2025-01-21 15:30:14,582 - Review.reviews.gicp_review - INFO - Saving GICP output to: C:\Users\CSonneveld\OneDrive - Euronext\Documents\Projects\GUI + Reviews\output\GICP_df_20250121_153014.xlsx
2025-01-21 15:30:14,929 - werkzeug - INFO - 127.0.0.1 - - [21/Jan/2025 15:30:14] "POST /calculate HTTP/1.1" 200 -
2025-01-21 15:37:42,752 - Review.reviews.gicp_review - INFO - Loading EOD data...
2025-01-21 15:37:44,319 - Review.reviews.gicp_review - INFO - Loading reference data...
2025-01-21 15:37:51,302 - Review.reviews.gicp_review - INFO - Processing market data...
2025-01-21 15:37:51,379 - Review.reviews.gicp_review - INFO - Category_1 final weight: 14.5992%
2025-01-21 15:37:51,380 - Review.reviews.gicp_review - INFO - Category_2 final weight: 5.8397%
2025-01-21 15:37:51,380 - Review.reviews.gicp_review - INFO - Category_3 final weight: 11.4420%
2025-01-21 15:37:51,380 - Review.reviews.gicp_review - INFO - Category_4 final weight: 10.3673%
2025-01-21 15:37:51,381 - Review.reviews.gicp_review - INFO - Category_5 final weight: 12.6149%
2025-01-21 15:37:51,381 - Review.reviews.gicp_review - INFO - Category_6 final weight: 30.3445%
2025-01-21 15:37:51,382 - Review.reviews.gicp_review - INFO - Category_7 final weight: 14.7925%
2025-01-21 15:37:51,382 - Review.reviews.gicp_review - INFO - Maximum constituent weight: 4.8664%
2025-01-21 15:37:51,384 - Review.reviews.gicp_review - INFO - Saving GICP output to: C:\Users\CSonneveld\OneDrive - Euronext\Documents\Projects\GUI + Reviews\output\GICP_df_20250121_153751.xlsx
2025-01-21 15:37:51,625 - werkzeug - INFO - 127.0.0.1 - - [21/Jan/2025 15:37:51] "POST /calculate HTTP/1.1" 200 -
2025-01-21 15:39:31,445 - werkzeug - INFO -  * Detected change in 'C:\\Users\\CSonneveld\\OneDrive - Euronext\\Documents\\Projects\\GUI + Reviews\\utils\\data_loader.py', reloading
2025-01-21 15:39:31,446 - werkzeug - INFO -  * Detected change in 'C:\\Users\\CSonneveld\\OneDrive - Euronext\\Documents\\Projects\\GUI + Reviews\\utils\\data_loader.py', reloading
