2025-12-03 13:25:03,428 - werkzeug - WARNING -  * Debugger is active!
2025-12-03 13:25:03,428 - werkzeug - INFO -  * Debugger PIN: 691-175-853
2025-12-03 13:25:04,286 - werkzeug - INFO - 127.0.0.1 - - [03/Dec/2025 13:25:04] "POST /calculate HTTP/1.1" 200 -
2025-12-03 13:25:04,286 - Review.reviews.ezsl_review - INFO - Starting EZSL review calculation
2025-12-03 13:25:04,296 - werkzeug - INFO - 127.0.0.1 - - [03/Dec/2025 13:25:04] "GET /task-status/da042273-cb16-498e-a380-e165f59471b7 HTTP/1.1" 200 -
2025-12-03 13:25:06,311 - werkzeug - INFO - 127.0.0.1 - - [03/Dec/2025 13:25:06] "GET /task-status/da042273-cb16-498e-a380-e165f59471b7 HTTP/1.1" 200 -
2025-12-03 13:25:06,402 - Review.reviews.ezsl_review - INFO - Found 0 existing companies in EZSL
2025-12-03 13:25:06,402 - Review.reviews.ezsl_review - INFO - 
EZSL Selection Summary:
2025-12-03 13:25:06,402 - Review.reviews.ezsl_review - INFO - Total companies selected: 191
2025-12-03 13:25:06,402 - Review.reviews.ezsl_review - INFO -   - Existing companies selected: 0
2025-12-03 13:25:06,402 - Review.reviews.ezsl_review - INFO -   - New companies selected: 191
2025-12-03 13:25:06,402 - Review.reviews.ezsl_review - INFO - Total FFMC covered: 13.00%
2025-12-03 13:25:06,414 - Review.reviews.ezsl_review - INFO - 
EZSL Changes Summary:
2025-12-03 13:25:06,414 - Review.reviews.ezsl_review - INFO - Inclusions: 191
2025-12-03 13:25:06,414 - Review.reviews.ezsl_review - INFO - Exclusions: 0
2025-12-03 13:25:06,414 - Review.reviews.ezsl_review - INFO - Saving output to: C:\Users\CSonneveld\OneDrive - Euronext\Documents\Projects\GUI + Reviews\output\EZSL_Review_20251203_132506.xlsx
2025-12-03 13:25:06,571 - Review.reviews.ezsl_review - INFO - File successfully saved to: C:\Users\CSonneveld\OneDrive - Euronext\Documents\Projects\GUI + Reviews\output\EZSL_Review_20251203_132506.xlsx
2025-12-03 13:25:08,303 - werkzeug - INFO - 127.0.0.1 - - [03/Dec/2025 13:25:08] "GET /task-status/da042273-cb16-498e-a380-e165f59471b7 HTTP/1.1" 200 -
2025-12-03 13:25:10,986 - werkzeug - INFO -  * Detected change in 'C:\\Users\\CSonneveld\\OneDrive - Euronext\\Documents\\Projects\\GUI + Reviews\\Review\\reviews\\ezsl_review.py', reloading
2025-12-03 13:25:10,986 - werkzeug - INFO -  * Detected change in 'C:\\Users\\CSonneveld\\OneDrive - Euronext\\Documents\\Projects\\GUI + Reviews\\Review\\reviews\\ezsl_review.py', reloading
