2025-04-10 19:28:38,210 - werkzeug - WARNING -  * Debugger is active!
2025-04-10 19:28:38,212 - werkzeug - INFO -  * Debugger PIN: 691-175-853
2025-04-10 19:28:38,745 - Review.reviews.lc100_review - INFO - Loading EOD data...
2025-04-10 19:28:42,454 - Review.reviews.lc100_review - INFO - Loading reference data...
2025-04-10 19:28:52,050 - Review.reviews.lc100_review - WARNING - Removed 18750 duplicate rows from cdp_climate_df
2025-04-10 19:28:52,052 - Review.reviews.lc100_review - INFO - Filtering universe for EU500 companies...
2025-04-10 19:28:52,053 - Review.reviews.lc100_review - INFO - Universe size after EU500 filter: 499
2025-04-10 19:28:52,054 - Review.reviews.lc100_review - INFO - Adding Free Float data...
2025-04-10 19:28:52,057 - Review.reviews.lc100_review - INFO - Adding ICB Subsector data...
2025-04-10 19:28:52,071 - Review.reviews.lc100_review - WARNING - Removed 9316 duplicate rows from ICB data
2025-04-10 19:28:52,159 - Review.reviews.lc100_review - INFO - Debug file saved to C:\Users\CSonneveld\OneDrive - Euronext\Documents\Projects\GUI + Reviews\debug\universe_df_after_nace_20250410_192852.xlsx
2025-04-10 19:28:52,159 - Review.reviews.lc100_review - INFO - Adding CDP Climate data...
2025-04-10 19:28:52,164 - Review.reviews.lc100_review - INFO - Adding Oekom Trust & Carbon data...
2025-04-10 19:28:52,167 - Review.reviews.lc100_review - INFO - Adding NACE data...
2025-04-10 19:28:52,169 - Review.reviews.lc100_review - INFO - Adding EU Taxonomy flag...
2025-04-10 19:28:52,169 - Review.reviews.lc100_review - INFO - Checking GAFI lists and Non-fiscally cooperative countries...
2025-04-10 19:28:52,171 - Review.reviews.lc100_review - INFO - Applying exclusion criteria...
2025-04-10 19:28:52,178 - Review.reviews.lc100_review - INFO - Marked 50 companies (10%) with worst SG scores for exclusion
2025-04-10 19:28:52,196 - Review.reviews.lc100_review - INFO - Calculating Climate Score for ranking...
2025-04-10 19:28:52,197 - Review.reviews.lc100_review - INFO - Selecting EU Taxonomy companies...
2025-04-10 19:28:52,199 - Review.reviews.lc100_review - INFO - Found 14 EU Taxonomy companies after exclusions
2025-04-10 19:28:52,200 - Review.reviews.lc100_review - INFO - Found 302 Non-EU Taxonomy eligible companies after exclusions
2025-04-10 19:28:52,200 - Review.reviews.lc100_review - INFO - STEP 4a: Determining target number of Non-EU Taxonomy companies per super-sector...
2025-04-10 19:28:52,200 - Review.reviews.lc100_review - INFO - Target number of Non-EU Taxonomy companies: 86
2025-04-10 19:28:52,201 - Review.reviews.lc100_review - INFO - Total eligible Non-EU Taxonomy companies: 302
2025-04-10 19:28:52,202 - Review.reviews.lc100_review - INFO - Total target after rounding: 96 (vs. target of 86)
2025-04-10 19:28:52,202 - Review.reviews.lc100_review - INFO - Need to remove 10 companies due to rounding up
2025-04-10 19:28:52,203 - Review.reviews.lc100_review - INFO - STEP 4b: Selecting Non-EU Taxonomy companies based on climate score...
2025-04-10 19:28:52,203 - Review.reviews.lc100_review - INFO - Selected 4 companies from super-sector 1010.0
2025-04-10 19:28:52,204 - Review.reviews.lc100_review - INFO - Selected 5 companies from super-sector 1510.0
2025-04-10 19:28:52,205 - Review.reviews.lc100_review - INFO - Selected 12 companies from super-sector 2010.0
2025-04-10 19:28:52,205 - Review.reviews.lc100_review - INFO - Selected 13 companies from super-sector 3010.0
2025-04-10 19:28:52,206 - Review.reviews.lc100_review - INFO - Selected 7 companies from super-sector 3020.0
2025-04-10 19:28:52,206 - Review.reviews.lc100_review - INFO - Selected 8 companies from super-sector 3030.0
2025-04-10 19:28:52,206 - Review.reviews.lc100_review - INFO - Selected 5 companies from super-sector 3510.0
2025-04-10 19:28:52,207 - Review.reviews.lc100_review - INFO - Selected 2 companies from super-sector 4010.0
2025-04-10 19:28:52,207 - Review.reviews.lc100_review - INFO - Selected 6 companies from super-sector 4020.0
2025-04-10 19:28:52,208 - Review.reviews.lc100_review - INFO - Selected 3 companies from super-sector 4030.0
2025-04-10 19:28:52,208 - Review.reviews.lc100_review - INFO - Selected 2 companies from super-sector 4040.0
2025-04-10 19:28:52,209 - Review.reviews.lc100_review - INFO - Selected 4 companies from super-sector 4050.0
2025-04-10 19:28:52,210 - Review.reviews.lc100_review - INFO - Selected 6 companies from super-sector 4510.0
2025-04-10 19:28:52,211 - Review.reviews.lc100_review - INFO - Selected 3 companies from super-sector 4520.0
2025-04-10 19:28:52,211 - Review.reviews.lc100_review - INFO - Selected 2 companies from super-sector 5010.0
2025-04-10 19:28:52,212 - Review.reviews.lc100_review - INFO - Selected 9 companies from super-sector 5020.0
2025-04-10 19:28:52,213 - Review.reviews.lc100_review - INFO - Selected 2 companies from super-sector 5510.0
2025-04-10 19:28:52,213 - Review.reviews.lc100_review - INFO - Selected 2 companies from super-sector 5520.0
2025-04-10 19:28:52,214 - Review.reviews.lc100_review - INFO - Selected 1 companies from super-sector 6510.0
2025-04-10 19:28:52,221 - Review.reviews.lc100_review - INFO - Initial selection has 96 companies, need to remove 10
2025-04-10 19:28:52,226 - Review.reviews.lc100_review - INFO - Removed company SE0012853455 from supersector 3020.0 (Climate Score: 2.9711404728789947)
2025-04-10 19:28:52,232 - Review.reviews.lc100_review - INFO - Removed company GB0005405286 from supersector 3010.0 (Climate Score: 2.6866666666666648)
2025-04-10 19:28:52,236 - Review.reviews.lc100_review - INFO - Removed company GB0004082847 from supersector 3010.0 (Climate Score: 2.585)
2025-04-10 19:28:52,241 - Review.reviews.lc100_review - INFO - Removed company GB00BPQY8M80 from supersector 3030.0 (Climate Score: 2.519710481764205)
2025-04-10 19:28:52,246 - Review.reviews.lc100_review - INFO - Removed company NO0003053605 from supersector 3030.0 (Climate Score: 2.45999707128425)
2025-04-10 19:28:52,251 - Review.reviews.lc100_review - INFO - Removed company GB00BM8PJY71 from supersector 3010.0 (Climate Score: 2.4596710826767954)
2025-04-10 19:28:52,257 - Review.reviews.lc100_review - INFO - Removed company GB00BYT1DJ19 from supersector 3020.0 (Climate Score: 2.458257086886375)
2025-04-10 19:28:52,262 - Review.reviews.lc100_review - INFO - Removed company GB00B0SWJX34 from supersector 3020.0 (Climate Score: 2.4582204139462247)
2025-04-10 19:28:52,268 - Review.reviews.lc100_review - INFO - Removed company GB0007099541 from supersector 3030.0 (Climate Score: 2.45)
2025-04-10 19:28:52,274 - Review.reviews.lc100_review - INFO - Removed company CH0011075394 from supersector 3030.0 (Climate Score: 2.39833333333333)
2025-04-10 19:28:52,276 - Review.reviews.lc100_review - INFO - Final Non-EU Taxonomy selection has 86 companies
2025-04-10 19:28:52,276 - Review.reviews.lc100_review - INFO - Minimum companies per supersector: 1
2025-04-10 19:28:52,277 - Review.reviews.lc100_review - WARNING - Some supersectors have fewer than 2 companies! Minimum is 1
2025-04-10 19:28:52,521 - Review.reviews.lc100_review - INFO - Detailed selection steps saved to C:\Users\CSonneveld\OneDrive - Euronext\Documents\Projects\GUI + Reviews\output\non_eu_taxonomy_selection_steps_20250410_192852.xlsx
2025-04-10 19:28:52,523 - Review.reviews.lc100_review - INFO - Final selection contains 100 companies
2025-04-10 19:28:52,523 - Review.reviews.lc100_review - INFO - - EU Taxonomy: 14
2025-04-10 19:28:52,523 - Review.reviews.lc100_review - INFO - - Non-EU Taxonomy: 86
2025-04-10 19:28:52,523 - Review.reviews.lc100_review - INFO - Initial weight allocations:
2025-04-10 19:28:52,523 - Review.reviews.lc100_review - INFO - - EU Taxonomy pocket: 10.00%
2025-04-10 19:28:52,524 - Review.reviews.lc100_review - INFO - - Non-EU Taxonomy pocket: 90.00%
2025-04-10 19:28:52,524 - Review.reviews.lc100_review - INFO - Saving output files...
2025-04-10 19:28:52,785 - Review.reviews.lc100_review - INFO - Results saved to C:\Users\CSonneveld\OneDrive - Euronext\Documents\Projects\GUI + Reviews\output\LC100_review_20250410_192852.xlsx
2025-04-10 19:28:52,816 - werkzeug - INFO - 127.0.0.1 - - [10/Apr/2025 19:28:52] "POST /calculate HTTP/1.1" 200 -
2025-04-10 20:15:00,900 - Review.reviews.lc100_review - INFO - Loading EOD data...
2025-04-10 20:15:10,536 - Review.reviews.lc100_review - INFO - Loading reference data...
2025-04-10 20:15:20,094 - Review.reviews.lc100_review - WARNING - Removed 18750 duplicate rows from cdp_climate_df
2025-04-10 20:15:20,096 - Review.reviews.lc100_review - INFO - Filtering universe for EU500 companies...
2025-04-10 20:15:20,097 - Review.reviews.lc100_review - INFO - Universe size after EU500 filter: 499
2025-04-10 20:15:20,098 - Review.reviews.lc100_review - INFO - Adding Free Float data...
2025-04-10 20:15:20,101 - Review.reviews.lc100_review - INFO - Adding ICB Subsector data...
2025-04-10 20:15:20,115 - Review.reviews.lc100_review - WARNING - Removed 9316 duplicate rows from ICB data
2025-04-10 20:15:20,194 - Review.reviews.lc100_review - INFO - Debug file saved to C:\Users\CSonneveld\OneDrive - Euronext\Documents\Projects\GUI + Reviews\debug\universe_df_after_nace_20250410_201520.xlsx
2025-04-10 20:15:20,195 - Review.reviews.lc100_review - INFO - Adding CDP Climate data...
2025-04-10 20:15:20,200 - Review.reviews.lc100_review - INFO - Adding Oekom Trust & Carbon data...
2025-04-10 20:15:20,202 - Review.reviews.lc100_review - INFO - Adding NACE data...
2025-04-10 20:15:20,204 - Review.reviews.lc100_review - INFO - Adding EU Taxonomy flag...
2025-04-10 20:15:20,204 - Review.reviews.lc100_review - INFO - Checking GAFI lists and Non-fiscally cooperative countries...
2025-04-10 20:15:20,205 - Review.reviews.lc100_review - INFO - Applying exclusion criteria...
2025-04-10 20:15:20,213 - Review.reviews.lc100_review - INFO - Marked 50 companies (10%) with worst SG scores for exclusion
2025-04-10 20:15:20,230 - Review.reviews.lc100_review - INFO - Calculating Climate Score for ranking...
2025-04-10 20:15:20,231 - Review.reviews.lc100_review - INFO - Selecting EU Taxonomy companies...
2025-04-10 20:15:20,232 - Review.reviews.lc100_review - INFO - Found 13 EU Taxonomy companies after exclusions
2025-04-10 20:15:20,233 - Review.reviews.lc100_review - INFO - Found 303 Non-EU Taxonomy eligible companies after exclusions
2025-04-10 20:15:20,234 - Review.reviews.lc100_review - INFO - STEP 4a: Determining target number of Non-EU Taxonomy companies per super-sector...
2025-04-10 20:15:20,234 - Review.reviews.lc100_review - INFO - Target number of Non-EU Taxonomy companies: 87
2025-04-10 20:15:20,235 - Review.reviews.lc100_review - INFO - Total eligible Non-EU Taxonomy companies: 303
2025-04-10 20:15:20,236 - Review.reviews.lc100_review - INFO - Total target after rounding: 98 (vs. target of 87)
2025-04-10 20:15:20,236 - Review.reviews.lc100_review - INFO - Need to remove 11 companies due to rounding up
2025-04-10 20:15:20,237 - Review.reviews.lc100_review - INFO - STEP 4b: Selecting Non-EU Taxonomy companies based on climate score...
2025-04-10 20:15:20,238 - Review.reviews.lc100_review - INFO - Selected 5 companies from super-sector 1010.0
2025-04-10 20:15:20,239 - Review.reviews.lc100_review - INFO - Selected 5 companies from super-sector 1510.0
2025-04-10 20:15:20,239 - Review.reviews.lc100_review - INFO - Selected 13 companies from super-sector 2010.0
2025-04-10 20:15:20,240 - Review.reviews.lc100_review - INFO - Selected 13 companies from super-sector 3010.0
2025-04-10 20:15:20,240 - Review.reviews.lc100_review - INFO - Selected 7 companies from super-sector 3020.0
2025-04-10 20:15:20,241 - Review.reviews.lc100_review - INFO - Selected 8 companies from super-sector 3030.0
2025-04-10 20:15:20,242 - Review.reviews.lc100_review - INFO - Selected 5 companies from super-sector 3510.0
2025-04-10 20:15:20,242 - Review.reviews.lc100_review - INFO - Selected 2 companies from super-sector 4010.0
2025-04-10 20:15:20,243 - Review.reviews.lc100_review - INFO - Selected 6 companies from super-sector 4020.0
2025-04-10 20:15:20,243 - Review.reviews.lc100_review - INFO - Selected 3 companies from super-sector 4030.0
2025-04-10 20:15:20,244 - Review.reviews.lc100_review - INFO - Selected 2 companies from super-sector 4040.0
2025-04-10 20:15:20,245 - Review.reviews.lc100_review - INFO - Selected 4 companies from super-sector 4050.0
2025-04-10 20:15:20,245 - Review.reviews.lc100_review - INFO - Selected 6 companies from super-sector 4510.0
2025-04-10 20:15:20,246 - Review.reviews.lc100_review - INFO - Selected 3 companies from super-sector 4520.0
2025-04-10 20:15:20,246 - Review.reviews.lc100_review - INFO - Selected 2 companies from super-sector 5010.0
2025-04-10 20:15:20,247 - Review.reviews.lc100_review - INFO - Selected 9 companies from super-sector 5020.0
2025-04-10 20:15:20,248 - Review.reviews.lc100_review - INFO - Selected 2 companies from super-sector 5510.0
2025-04-10 20:15:20,248 - Review.reviews.lc100_review - INFO - Selected 2 companies from super-sector 5520.0
2025-04-10 20:15:20,249 - Review.reviews.lc100_review - INFO - Selected 1 companies from super-sector 6510.0
2025-04-10 20:15:20,255 - Review.reviews.lc100_review - INFO - Initial selection has 98 companies, need to remove 11
2025-04-10 20:15:20,260 - Review.reviews.lc100_review - INFO - Removed company SE0012853455 from supersector 3020.0 (Climate Score: 2.9711404728789947)
2025-04-10 20:15:20,265 - Review.reviews.lc100_review - INFO - Removed company GB0005405286 from supersector 3010.0 (Climate Score: 2.6866666666666648)
2025-04-10 20:15:20,270 - Review.reviews.lc100_review - INFO - Removed company GB0004082847 from supersector 3010.0 (Climate Score: 2.585)
2025-04-10 20:15:20,275 - Review.reviews.lc100_review - INFO - Removed company GB00BPQY8M80 from supersector 3030.0 (Climate Score: 2.519710481764205)
2025-04-10 20:15:20,279 - Review.reviews.lc100_review - INFO - Removed company NO0003053605 from supersector 3030.0 (Climate Score: 2.45999707128425)
2025-04-10 20:15:20,284 - Review.reviews.lc100_review - INFO - Removed company GB00BM8PJY71 from supersector 3010.0 (Climate Score: 2.4596710826767954)
2025-04-10 20:15:20,288 - Review.reviews.lc100_review - INFO - Removed company GB00BYT1DJ19 from supersector 3020.0 (Climate Score: 2.458257086886375)
2025-04-10 20:15:20,293 - Review.reviews.lc100_review - INFO - Removed company GB00B0SWJX34 from supersector 3020.0 (Climate Score: 2.4582204139462247)
2025-04-10 20:15:20,298 - Review.reviews.lc100_review - INFO - Removed company GB0007099541 from supersector 3030.0 (Climate Score: 2.45)
2025-04-10 20:15:20,303 - Review.reviews.lc100_review - INFO - Removed company CH0011075394 from supersector 3030.0 (Climate Score: 2.39833333333333)
2025-04-10 20:15:20,307 - Review.reviews.lc100_review - INFO - Removed company FR0000121964 from supersector 3510.0 (Climate Score: 2.39735760225878)
2025-04-10 20:15:20,309 - Review.reviews.lc100_review - INFO - Final Non-EU Taxonomy selection has 87 companies
2025-04-10 20:15:20,310 - Review.reviews.lc100_review - INFO - Minimum companies per supersector: 1
2025-04-10 20:15:20,310 - Review.reviews.lc100_review - WARNING - Some supersectors have fewer than 2 companies! Minimum is 1
2025-04-10 20:15:20,522 - Review.reviews.lc100_review - INFO - Detailed selection steps saved to C:\Users\CSonneveld\OneDrive - Euronext\Documents\Projects\GUI + Reviews\output\non_eu_taxonomy_selection_steps_20250410_201520.xlsx
2025-04-10 20:15:20,524 - Review.reviews.lc100_review - INFO - Final selection contains 100 companies
2025-04-10 20:15:20,525 - Review.reviews.lc100_review - INFO - - EU Taxonomy: 13
2025-04-10 20:15:20,525 - Review.reviews.lc100_review - INFO - - Non-EU Taxonomy: 87
2025-04-10 20:15:20,525 - Review.reviews.lc100_review - INFO - Initial weight allocations:
2025-04-10 20:15:20,525 - Review.reviews.lc100_review - INFO - - EU Taxonomy pocket: 10.00%
2025-04-10 20:15:20,525 - Review.reviews.lc100_review - INFO - - Non-EU Taxonomy pocket: 90.00%
2025-04-10 20:15:20,526 - Review.reviews.lc100_review - INFO - Saving output files...
2025-04-10 20:15:20,803 - Review.reviews.lc100_review - INFO - Results saved to C:\Users\CSonneveld\OneDrive - Euronext\Documents\Projects\GUI + Reviews\output\LC100_review_20250410_201520.xlsx
2025-04-10 20:15:20,833 - werkzeug - INFO - 127.0.0.1 - - [10/Apr/2025 20:15:20] "POST /calculate HTTP/1.1" 200 -
2025-04-10 20:16:01,165 - werkzeug - INFO -  * Detected change in 'C:\\Users\\CSonneveld\\OneDrive - Euronext\\Documents\\Projects\\GUI + Reviews\\Review\\reviews\\lc100_review.py', reloading
2025-04-10 20:16:01,166 - werkzeug - INFO -  * Detected change in 'C:\\Users\\CSonneveld\\OneDrive - Euronext\\Documents\\Projects\\GUI + Reviews\\Review\\reviews\\lc100_review.py', reloading
2025-04-10 20:16:01,167 - werkzeug - INFO -  * Detected change in 'C:\\Users\\CSonneveld\\OneDrive - Euronext\\Documents\\Projects\\GUI + Reviews\\Review\\reviews\\lc100_review.py', reloading
2025-04-10 20:16:01,168 - werkzeug - INFO -  * Detected change in 'C:\\Users\\CSonneveld\\OneDrive - Euronext\\Documents\\Projects\\GUI + Reviews\\Review\\reviews\\lc100_review.py', reloading
