2025-12-11 15:33:18,932 - werkzeug - WARNING -  * Debugger is active!
2025-12-11 15:33:18,934 - werkzeug - INFO -  * Debugger PIN: 691-175-853
2025-12-11 15:33:23,320 - werkzeug - INFO - 127.0.0.1 - - [11/Dec/2025 15:33:23] "POST /calculate HTTP/1.1" 200 -
2025-12-11 15:33:23,320 - Review.reviews.frd4p_review - INFO - Loading EOD data...
2025-12-11 15:33:23,330 - werkzeug - INFO - 127.0.0.1 - - [11/Dec/2025 15:33:23] "GET /task-status/a60ccb0a-2ec0-493e-b48f-f056c3e266d1 HTTP/1.1" 200 -
2025-12-11 15:33:25,339 - werkzeug - INFO - 127.0.0.1 - - [11/Dec/2025 15:33:25] "GET /task-status/a60ccb0a-2ec0-493e-b48f-f056c3e266d1 HTTP/1.1" 200 -
2025-12-11 15:33:25,953 - Review.reviews.frd4p_review - INFO - Loading reference data...
2025-12-11 15:33:27,336 - werkzeug - INFO - 127.0.0.1 - - [11/Dec/2025 15:33:27] "GET /task-status/a60ccb0a-2ec0-493e-b48f-f056c3e266d1 HTTP/1.1" 200 -
2025-12-11 15:33:29,352 - werkzeug - INFO - 127.0.0.1 - - [11/Dec/2025 15:33:29] "GET /task-status/a60ccb0a-2ec0-493e-b48f-f056c3e266d1 HTTP/1.1" 200 -
2025-12-11 15:33:31,340 - werkzeug - INFO - 127.0.0.1 - - [11/Dec/2025 15:33:31] "GET /task-status/a60ccb0a-2ec0-493e-b48f-f056c3e266d1 HTTP/1.1" 200 -
2025-12-11 15:33:33,337 - werkzeug - INFO - 127.0.0.1 - - [11/Dec/2025 15:33:33] "GET /task-status/a60ccb0a-2ec0-493e-b48f-f056c3e266d1 HTTP/1.1" 200 -
2025-12-11 15:33:35,339 - werkzeug - INFO - 127.0.0.1 - - [11/Dec/2025 15:33:35] "GET /task-status/a60ccb0a-2ec0-493e-b48f-f056c3e266d1 HTTP/1.1" 200 -
2025-12-11 15:33:37,342 - werkzeug - INFO - 127.0.0.1 - - [11/Dec/2025 15:33:37] "GET /task-status/a60ccb0a-2ec0-493e-b48f-f056c3e266d1 HTTP/1.1" 200 -
2025-12-11 15:33:38,437 - Review.reviews.frd4p_review - INFO - Processing sector: 1010.0, area: AS, group size: 46
2025-12-11 15:33:38,438 - Review.reviews.frd4p_review - INFO - Companies in group: 46, to exclude: 9
2025-12-11 15:33:38,439 - Review.reviews.frd4p_review - INFO - Processing sector: 1010.0, area: EU, group size: 24
2025-12-11 15:33:38,440 - Review.reviews.frd4p_review - INFO - Companies in group: 24, to exclude: 4
2025-12-11 15:33:38,440 - Review.reviews.frd4p_review - INFO - Processing sector: 1010.0, area: NA, group size: 86
2025-12-11 15:33:38,441 - Review.reviews.frd4p_review - INFO - Companies in group: 86, to exclude: 17
2025-12-11 15:33:38,442 - Review.reviews.frd4p_review - INFO - Processing sector: 1510.0, area: AS, group size: 12
2025-12-11 15:33:38,442 - Review.reviews.frd4p_review - INFO - Companies in group: 12, to exclude: 2
2025-12-11 15:33:38,443 - Review.reviews.frd4p_review - INFO - Processing sector: 1510.0, area: EU, group size: 20
2025-12-11 15:33:38,443 - Review.reviews.frd4p_review - INFO - Companies in group: 20, to exclude: 3
2025-12-11 15:33:38,444 - Review.reviews.frd4p_review - INFO - Processing sector: 1510.0, area: NA, group size: 10
2025-12-11 15:33:38,444 - Review.reviews.frd4p_review - INFO - Companies in group: 10, to exclude: 1
2025-12-11 15:33:38,445 - Review.reviews.frd4p_review - INFO - Processing sector: 2010.0, area: AS, group size: 30
2025-12-11 15:33:38,446 - Review.reviews.frd4p_review - INFO - Companies in group: 30, to exclude: 5
2025-12-11 15:33:38,446 - Review.reviews.frd4p_review - INFO - Processing sector: 2010.0, area: EU, group size: 47
2025-12-11 15:33:38,447 - Review.reviews.frd4p_review - INFO - Companies in group: 47, to exclude: 9
2025-12-11 15:33:38,447 - Review.reviews.frd4p_review - INFO - Processing sector: 2010.0, area: NA, group size: 44
2025-12-11 15:33:38,448 - Review.reviews.frd4p_review - INFO - Companies in group: 44, to exclude: 8
2025-12-11 15:33:38,448 - Review.reviews.frd4p_review - INFO - Processing sector: 3010.0, area: AS, group size: 32
2025-12-11 15:33:38,449 - Review.reviews.frd4p_review - INFO - Companies in group: 32, to exclude: 6
2025-12-11 15:33:38,449 - Review.reviews.frd4p_review - INFO - Processing sector: 3010.0, area: EU, group size: 46
2025-12-11 15:33:38,450 - Review.reviews.frd4p_review - INFO - Companies in group: 46, to exclude: 9
2025-12-11 15:33:38,450 - Review.reviews.frd4p_review - INFO - Processing sector: 3010.0, area: NA, group size: 20
2025-12-11 15:33:38,451 - Review.reviews.frd4p_review - INFO - Companies in group: 20, to exclude: 3
2025-12-11 15:33:38,451 - Review.reviews.frd4p_review - INFO - Processing sector: 3020.0, area: AS, group size: 17
2025-12-11 15:33:38,452 - Review.reviews.frd4p_review - INFO - Companies in group: 17, to exclude: 3
2025-12-11 15:33:38,452 - Review.reviews.frd4p_review - INFO - Processing sector: 3020.0, area: EU, group size: 34
2025-12-11 15:33:38,454 - Review.reviews.frd4p_review - INFO - Companies in group: 34, to exclude: 6
2025-12-11 15:33:38,454 - Review.reviews.frd4p_review - INFO - Processing sector: 3020.0, area: NA, group size: 32
2025-12-11 15:33:38,456 - Review.reviews.frd4p_review - INFO - Companies in group: 32, to exclude: 6
2025-12-11 15:33:38,457 - Review.reviews.frd4p_review - INFO - Processing sector: 3030.0, area: AS, group size: 14
2025-12-11 15:33:38,459 - Review.reviews.frd4p_review - INFO - Companies in group: 14, to exclude: 2
2025-12-11 15:33:38,459 - Review.reviews.frd4p_review - INFO - Processing sector: 3030.0, area: EU, group size: 30
2025-12-11 15:33:38,460 - Review.reviews.frd4p_review - INFO - Companies in group: 30, to exclude: 5
2025-12-11 15:33:38,461 - Review.reviews.frd4p_review - INFO - Processing sector: 3030.0, area: NA, group size: 23
2025-12-11 15:33:38,461 - Review.reviews.frd4p_review - INFO - Companies in group: 23, to exclude: 4
2025-12-11 15:33:38,462 - Review.reviews.frd4p_review - INFO - Processing sector: 3510.0, area: AS, group size: 46
2025-12-11 15:33:38,462 - Review.reviews.frd4p_review - INFO - Companies in group: 46, to exclude: 9
2025-12-11 15:33:38,462 - Review.reviews.frd4p_review - INFO - Processing sector: 3510.0, area: EU, group size: 26
2025-12-11 15:33:38,463 - Review.reviews.frd4p_review - INFO - Companies in group: 26, to exclude: 5
2025-12-11 15:33:38,464 - Review.reviews.frd4p_review - INFO - Processing sector: 3510.0, area: NA, group size: 19
2025-12-11 15:33:38,464 - Review.reviews.frd4p_review - INFO - Companies in group: 19, to exclude: 3
2025-12-11 15:33:38,465 - Review.reviews.frd4p_review - INFO - Processing sector: 4010.0, area: AS, group size: 16
2025-12-11 15:33:38,465 - Review.reviews.frd4p_review - INFO - Companies in group: 16, to exclude: 3
2025-12-11 15:33:38,466 - Review.reviews.frd4p_review - INFO - Processing sector: 4010.0, area: EU, group size: 13
2025-12-11 15:33:38,466 - Review.reviews.frd4p_review - INFO - Companies in group: 13, to exclude: 2
2025-12-11 15:33:38,467 - Review.reviews.frd4p_review - INFO - Processing sector: 4010.0, area: NA, group size: 4
2025-12-11 15:33:38,467 - Review.reviews.frd4p_review - INFO - Companies in group: 4, to exclude: 0
2025-12-11 15:33:38,468 - Review.reviews.frd4p_review - WARNING - No companies to exclude for sector 4010.0 and area NA
2025-12-11 15:33:38,468 - Review.reviews.frd4p_review - INFO - Processing sector: 4020.0, area: AS, group size: 25
2025-12-11 15:33:38,468 - Review.reviews.frd4p_review - INFO - Companies in group: 25, to exclude: 4
2025-12-11 15:33:38,469 - Review.reviews.frd4p_review - INFO - Processing sector: 4020.0, area: EU, group size: 21
2025-12-11 15:33:38,469 - Review.reviews.frd4p_review - INFO - Companies in group: 21, to exclude: 4
2025-12-11 15:33:38,470 - Review.reviews.frd4p_review - INFO - Processing sector: 4020.0, area: NA, group size: 18
2025-12-11 15:33:38,471 - Review.reviews.frd4p_review - INFO - Companies in group: 18, to exclude: 3
2025-12-11 15:33:38,471 - Review.reviews.frd4p_review - INFO - Processing sector: 4030.0, area: AS, group size: 6
2025-12-11 15:33:38,471 - Review.reviews.frd4p_review - INFO - Companies in group: 6, to exclude: 1
2025-12-11 15:33:38,472 - Review.reviews.frd4p_review - INFO - Processing sector: 4030.0, area: EU, group size: 9
2025-12-11 15:33:38,472 - Review.reviews.frd4p_review - INFO - Companies in group: 9, to exclude: 1
2025-12-11 15:33:38,473 - Review.reviews.frd4p_review - INFO - Processing sector: 4030.0, area: NA, group size: 6
2025-12-11 15:33:38,474 - Review.reviews.frd4p_review - INFO - Companies in group: 6, to exclude: 1
2025-12-11 15:33:38,474 - Review.reviews.frd4p_review - INFO - Processing sector: 4040.0, area: AS, group size: 13
2025-12-11 15:33:38,474 - Review.reviews.frd4p_review - INFO - Companies in group: 13, to exclude: 2
2025-12-11 15:33:38,475 - Review.reviews.frd4p_review - INFO - Processing sector: 4040.0, area: EU, group size: 9
2025-12-11 15:33:38,476 - Review.reviews.frd4p_review - INFO - Companies in group: 9, to exclude: 1
2025-12-11 15:33:38,476 - Review.reviews.frd4p_review - INFO - Processing sector: 4040.0, area: NA, group size: 21
2025-12-11 15:33:38,476 - Review.reviews.frd4p_review - INFO - Companies in group: 21, to exclude: 4
2025-12-11 15:33:38,477 - Review.reviews.frd4p_review - INFO - Processing sector: 4050.0, area: AS, group size: 19
2025-12-11 15:33:38,477 - Review.reviews.frd4p_review - INFO - Companies in group: 19, to exclude: 3
2025-12-11 15:33:38,478 - Review.reviews.frd4p_review - INFO - Processing sector: 4050.0, area: EU, group size: 14
2025-12-11 15:33:38,478 - Review.reviews.frd4p_review - INFO - Companies in group: 14, to exclude: 2
2025-12-11 15:33:38,479 - Review.reviews.frd4p_review - INFO - Processing sector: 4050.0, area: NA, group size: 18
2025-12-11 15:33:38,479 - Review.reviews.frd4p_review - INFO - Companies in group: 18, to exclude: 3
2025-12-11 15:33:38,479 - Review.reviews.frd4p_review - INFO - Processing sector: 4510.0, area: AS, group size: 24
2025-12-11 15:33:38,480 - Review.reviews.frd4p_review - INFO - Companies in group: 24, to exclude: 4
2025-12-11 15:33:38,480 - Review.reviews.frd4p_review - INFO - Processing sector: 4510.0, area: EU, group size: 25
2025-12-11 15:33:38,481 - Review.reviews.frd4p_review - INFO - Companies in group: 25, to exclude: 4
2025-12-11 15:33:38,481 - Review.reviews.frd4p_review - INFO - Processing sector: 4510.0, area: NA, group size: 17
2025-12-11 15:33:38,482 - Review.reviews.frd4p_review - INFO - Companies in group: 17, to exclude: 3
2025-12-11 15:33:38,482 - Review.reviews.frd4p_review - INFO - Processing sector: 4520.0, area: AS, group size: 17
2025-12-11 15:33:38,483 - Review.reviews.frd4p_review - INFO - Companies in group: 17, to exclude: 3
2025-12-11 15:33:38,483 - Review.reviews.frd4p_review - INFO - Processing sector: 4520.0, area: EU, group size: 13
2025-12-11 15:33:38,484 - Review.reviews.frd4p_review - INFO - Companies in group: 13, to exclude: 2
2025-12-11 15:33:38,484 - Review.reviews.frd4p_review - INFO - Processing sector: 4520.0, area: NA, group size: 12
2025-12-11 15:33:38,485 - Review.reviews.frd4p_review - INFO - Companies in group: 12, to exclude: 2
2025-12-11 15:33:38,485 - Review.reviews.frd4p_review - INFO - Processing sector: 5010.0, area: AS, group size: 19
2025-12-11 15:33:38,486 - Review.reviews.frd4p_review - INFO - Companies in group: 19, to exclude: 3
2025-12-11 15:33:38,486 - Review.reviews.frd4p_review - INFO - Processing sector: 5010.0, area: EU, group size: 28
2025-12-11 15:33:38,487 - Review.reviews.frd4p_review - INFO - Companies in group: 28, to exclude: 5
2025-12-11 15:33:38,487 - Review.reviews.frd4p_review - INFO - Processing sector: 5010.0, area: NA, group size: 11
2025-12-11 15:33:38,489 - Review.reviews.frd4p_review - INFO - Companies in group: 11, to exclude: 2
2025-12-11 15:33:38,490 - Review.reviews.frd4p_review - INFO - Processing sector: 5020.0, area: AS, group size: 92
2025-12-11 15:33:38,491 - Review.reviews.frd4p_review - INFO - Companies in group: 92, to exclude: 18
2025-12-11 15:33:38,491 - Review.reviews.frd4p_review - INFO - Processing sector: 5020.0, area: EU, group size: 98
2025-12-11 15:33:38,492 - Review.reviews.frd4p_review - INFO - Companies in group: 98, to exclude: 19
2025-12-11 15:33:38,493 - Review.reviews.frd4p_review - INFO - Processing sector: 5020.0, area: NA, group size: 79
2025-12-11 15:33:38,494 - Review.reviews.frd4p_review - INFO - Companies in group: 79, to exclude: 15
2025-12-11 15:33:38,495 - Review.reviews.frd4p_review - INFO - Processing sector: 5510.0, area: AS, group size: 24
2025-12-11 15:33:38,496 - Review.reviews.frd4p_review - INFO - Companies in group: 24, to exclude: 4
2025-12-11 15:33:38,496 - Review.reviews.frd4p_review - INFO - Processing sector: 5510.0, area: EU, group size: 16
2025-12-11 15:33:38,497 - Review.reviews.frd4p_review - INFO - Companies in group: 16, to exclude: 3
2025-12-11 15:33:38,497 - Review.reviews.frd4p_review - INFO - Processing sector: 5510.0, area: NA, group size: 12
2025-12-11 15:33:38,498 - Review.reviews.frd4p_review - INFO - Companies in group: 12, to exclude: 2
2025-12-11 15:33:38,499 - Review.reviews.frd4p_review - INFO - Processing sector: 5520.0, area: AS, group size: 17
2025-12-11 15:33:38,499 - Review.reviews.frd4p_review - INFO - Companies in group: 17, to exclude: 3
2025-12-11 15:33:38,500 - Review.reviews.frd4p_review - INFO - Processing sector: 5520.0, area: EU, group size: 17
2025-12-11 15:33:38,501 - Review.reviews.frd4p_review - INFO - Companies in group: 17, to exclude: 3
2025-12-11 15:33:38,501 - Review.reviews.frd4p_review - INFO - Processing sector: 5520.0, area: NA, group size: 4
2025-12-11 15:33:38,501 - Review.reviews.frd4p_review - INFO - Companies in group: 4, to exclude: 0
2025-12-11 15:33:38,502 - Review.reviews.frd4p_review - WARNING - No companies to exclude for sector 5520.0 and area NA
2025-12-11 15:33:38,502 - Review.reviews.frd4p_review - INFO - Processing sector: 6010.0, area: AS, group size: 10
2025-12-11 15:33:38,503 - Review.reviews.frd4p_review - INFO - Companies in group: 10, to exclude: 1
2025-12-11 15:33:38,503 - Review.reviews.frd4p_review - INFO - Processing sector: 6010.0, area: EU, group size: 22
2025-12-11 15:33:38,504 - Review.reviews.frd4p_review - INFO - Companies in group: 22, to exclude: 4
2025-12-11 15:33:38,504 - Review.reviews.frd4p_review - INFO - Processing sector: 6010.0, area: NA, group size: 33
2025-12-11 15:33:38,505 - Review.reviews.frd4p_review - INFO - Companies in group: 33, to exclude: 6
2025-12-11 15:33:38,505 - Review.reviews.frd4p_review - INFO - Processing sector: 6510.0, area: AS, group size: 21
2025-12-11 15:33:38,506 - Review.reviews.frd4p_review - INFO - Companies in group: 21, to exclude: 4
2025-12-11 15:33:38,506 - Review.reviews.frd4p_review - INFO - Processing sector: 6510.0, area: EU, group size: 26
2025-12-11 15:33:38,507 - Review.reviews.frd4p_review - INFO - Companies in group: 26, to exclude: 5
2025-12-11 15:33:38,507 - Review.reviews.frd4p_review - INFO - Processing sector: 6510.0, area: NA, group size: 31
2025-12-11 15:33:38,508 - Review.reviews.frd4p_review - INFO - Companies in group: 31, to exclude: 6
2025-12-11 15:33:38,536 - Review.reviews.frd4p_review - INFO - Checking IsinCode FRIX00003031 in index_eod_df
2025-12-11 15:33:38,538 - Review.reviews.frd4p_review - INFO - Found 1 matching rows
2025-12-11 15:33:38,561 - Review.reviews.frd4p_review - INFO - Saving FRD4P output to: C:\Users\CSonneveld\OneDrive - Euronext\Documents\Projects\GUI + Reviews\output\FRD4P_df_20251211_153338.xlsx
2025-12-11 15:33:39,339 - werkzeug - INFO - 127.0.0.1 - - [11/Dec/2025 15:33:39] "GET /task-status/a60ccb0a-2ec0-493e-b48f-f056c3e266d1 HTTP/1.1" 200 -
2025-12-11 15:39:15,003 - werkzeug - INFO -  * Detected change in 'C:\\Users\\CSonneveld\\OneDrive - Euronext\\Documents\\Projects\\GUI + Reviews\\Review\\reviews\\frd4p_review.py', reloading
