2025-02-03 14:39:02,288 - werkzeug - WARNING -  * Debugger is active!
2025-02-03 14:39:02,290 - werkzeug - INFO -  * Debugger PIN: 691-175-853
2025-02-03 14:39:06,369 - Review.reviews.bnew_review - INFO - Loading EOD data...
2025-02-03 14:39:08,159 - Review.reviews.bnew_review - INFO - Loading reference data...
2025-02-03 14:39:09,079 - Review.reviews.bnew_review - ERROR - Error during review calculation: '#Symbol'
2025-02-03 14:39:09,083 - Review.reviews.bnew_review - ERROR - Traceback (most recent call last):
  File "C:\Users\CSonneveld\OneDrive - Euronext\Documents\Projects\GUI + Reviews\Review\reviews\bnew_review.py", line 92, in run_bnew_review
    aex_bel_df = aex_bel_df.merge(
                 ^^^^^^^^^^^^^^^^^
  File "C:\Users\CSonneveld\AppData\Roaming\Python\Python312\site-packages\pandas\core\frame.py", line 10832, in merge
    return merge(
           ^^^^^^
  File "C:\Users\CSonneveld\AppData\Roaming\Python\Python312\site-packages\pandas\core\reshape\merge.py", line 170, in merge
    op = _MergeOperation(
         ^^^^^^^^^^^^^^^^
  File "C:\Users\CSonneveld\AppData\Roaming\Python\Python312\site-packages\pandas\core\reshape\merge.py", line 794, in __init__
    ) = self._get_merge_keys()
        ^^^^^^^^^^^^^^^^^^^^^^
  File "C:\Users\CSonneveld\AppData\Roaming\Python\Python312\site-packages\pandas\core\reshape\merge.py", line 1310, in _get_merge_keys
    left_keys.append(left._get_label_or_level_values(lk))
                     ^^^^^^^^^^^^^^^^^^^^^^^^^^^^^^^^^^^
  File "C:\Users\CSonneveld\AppData\Roaming\Python\Python312\site-packages\pandas\core\generic.py", line 1911, in _get_label_or_level_values
    raise KeyError(key)
KeyError: '#Symbol'

2025-02-03 14:39:09,092 - werkzeug - INFO - 127.0.0.1 - - [03/Feb/2025 14:39:09] "POST /calculate HTTP/1.1" 200 -
2025-02-03 14:39:10,138 - Review.reviews.bnew_review - INFO - Loading EOD data...
2025-02-03 14:39:10,749 - Review.reviews.bnew_review - INFO - Loading reference data...
2025-02-03 14:39:11,518 - Review.reviews.bnew_review - ERROR - Error during review calculation: [Errno 13] Permission denied: 'debug_output.xlsx'
2025-02-03 14:39:11,520 - Review.reviews.bnew_review - ERROR - Traceback (most recent call last):
  File "C:\Users\CSonneveld\OneDrive - Euronext\Documents\Projects\GUI + Reviews\Review\reviews\bnew_review.py", line 70, in run_bnew_review
    stock_eod_filtered.to_excel('debug_output.xlsx', index=False)
  File "C:\Users\CSonneveld\AppData\Roaming\Python\Python312\site-packages\pandas\util\_decorators.py", line 333, in wrapper
    return func(*args, **kwargs)
           ^^^^^^^^^^^^^^^^^^^^^
  File "C:\Users\CSonneveld\AppData\Roaming\Python\Python312\site-packages\pandas\core\generic.py", line 2417, in to_excel
    formatter.write(
  File "C:\Users\CSonneveld\AppData\Roaming\Python\Python312\site-packages\pandas\io\formats\excel.py", line 943, in write
    writer = ExcelWriter(
             ^^^^^^^^^^^^
  File "C:\Users\CSonneveld\AppData\Roaming\Python\Python312\site-packages\pandas\io\excel\_xlsxwriter.py", line 204, in __init__
    super().__init__(
  File "C:\Users\CSonneveld\AppData\Roaming\Python\Python312\site-packages\pandas\io\excel\_base.py", line 1246, in __init__
    self._handles = get_handle(
                    ^^^^^^^^^^^
  File "C:\Users\CSonneveld\AppData\Roaming\Python\Python312\site-packages\pandas\io\common.py", line 882, in get_handle
    handle = open(handle, ioargs.mode)
             ^^^^^^^^^^^^^^^^^^^^^^^^^
PermissionError: [Errno 13] Permission denied: 'debug_output.xlsx'

2025-02-03 14:39:11,528 - werkzeug - INFO - 127.0.0.1 - - [03/Feb/2025 14:39:11] "POST /calculate HTTP/1.1" 200 -
2025-02-03 14:39:11,855 - werkzeug - INFO -  * Detected change in 'C:\\Users\\CSonneveld\\AppData\\Roaming\\Python\\Python312\\site-packages\\pandas\\core\\strings\\__init__.py', reloading
