2025-12-05 15:54:03,322 - werkzeug - WARNING -  * Debugger is active!
2025-12-05 15:54:03,325 - werkzeug - INFO -  * Debugger PIN: 691-175-853
2025-12-05 15:54:03,415 - werkzeug - INFO - 127.0.0.1 - - [05/Dec/2025 15:54:03] "GET /task-status/bed2c8af-b5b5-47d1-82bb-78333bdb41d1 HTTP/1.1" 200 -
2025-12-05 15:54:07,353 - werkzeug - INFO - 127.0.0.1 - - [05/Dec/2025 15:54:07] "POST /calculate HTTP/1.1" 200 -
2025-12-05 15:54:07,363 - Review.reviews.sbf80_review - INFO - Loading EOD data...
2025-12-05 15:54:07,363 - werkzeug - INFO - 127.0.0.1 - - [05/Dec/2025 15:54:07] "GET /task-status/83b9d4be-18ec-4149-8683-339d89631603 HTTP/1.1" 200 -
2025-12-05 15:54:08,270 - Review.reviews.sbf80_review - INFO - Loading reference data...
2025-12-05 15:54:09,383 - werkzeug - INFO - 127.0.0.1 - - [05/Dec/2025 15:54:09] "GET /task-status/83b9d4be-18ec-4149-8683-339d89631603 HTTP/1.1" 200 -
2025-12-05 15:54:09,629 - Review.reviews.sbf80_review - ERROR - Error during review calculation: cannot reindex on an axis with duplicate labels
2025-12-05 15:54:09,639 - Review.reviews.sbf80_review - ERROR - Traceback (most recent call last):
  File "C:\Users\CSonneveld\OneDrive - Euronext\Documents\Projects\GUI + Reviews\Review\reviews\sbf80_review.py", line 164, in run_sbf80_review
    selection_df['Number of Shares'] *
  File "C:\Users\CSonneveld\AppData\Roaming\Python\Python312\site-packages\pandas\core\ops\common.py", line 76, in new_method
    return method(self, other)
           ^^^^^^^^^^^^^^^^^^^
  File "C:\Users\CSonneveld\AppData\Roaming\Python\Python312\site-packages\pandas\core\arraylike.py", line 206, in __rmul__
    return self._arith_method(other, roperator.rmul)
           ^^^^^^^^^^^^^^^^^^^^^^^^^^^^^^^^^^^^^^^^^
  File "C:\Users\CSonneveld\AppData\Roaming\Python\Python312\site-packages\pandas\core\frame.py", line 7910, in _arith_method
    self, other = self._align_for_op(other, axis, flex=True, level=None)
                  ^^^^^^^^^^^^^^^^^^^^^^^^^^^^^^^^^^^^^^^^^^^^^^^^^^^^^^
  File "C:\Users\CSonneveld\AppData\Roaming\Python\Python312\site-packages\pandas\core\frame.py", line 8211, in _align_for_op
    left, right = left.align(
                  ^^^^^^^^^^^
  File "C:\Users\CSonneveld\AppData\Roaming\Python\Python312\site-packages\pandas\core\generic.py", line 10447, in align
    left, _right, join_index = self._align_series(
                               ^^^^^^^^^^^^^^^^^^^
  File "C:\Users\CSonneveld\AppData\Roaming\Python\Python312\site-packages\pandas\core\generic.py", line 10590, in _align_series
    fdata = fdata.reindex_indexer(join_index, lidx, axis=bm_axis)
            ^^^^^^^^^^^^^^^^^^^^^^^^^^^^^^^^^^^^^^^^^^^^^^^^^^^^^
  File "C:\Users\CSonneveld\AppData\Roaming\Python\Python312\site-packages\pandas\core\internals\managers.py", line 674, in reindex_indexer
    self.axes[axis]._validate_can_reindex(indexer)
  File "C:\Users\CSonneveld\AppData\Roaming\Python\Python312\site-packages\pandas\core\indexes\base.py", line 4321, in _validate_can_reindex
    raise ValueError("cannot reindex on an axis with duplicate labels")
ValueError: cannot reindex on an axis with duplicate labels

2025-12-05 15:54:11,374 - werkzeug - INFO - 127.0.0.1 - - [05/Dec/2025 15:54:11] "GET /task-status/83b9d4be-18ec-4149-8683-339d89631603 HTTP/1.1" 200 -
2025-12-05 16:01:06,300 - werkzeug - INFO -  * Detected change in 'C:\\Users\\CSonneveld\\OneDrive - Euronext\\Documents\\Projects\\GUI + Reviews\\Review\\reviews\\tcamp_review.py', reloading
2025-12-05 16:01:06,822 - werkzeug - INFO -  * Detected change in 'C:\\Users\\CSonneveld\\OneDrive - Euronext\\Documents\\Projects\\GUI + Reviews\\Review\\reviews\\sectorial_review.py', reloading
