2025-02-03 14:11:42,480 - werkzeug - WARNING -  * Debugger is active!
2025-02-03 14:11:42,482 - werkzeug - INFO -  * Debugger PIN: 691-175-853
2025-02-03 14:11:43,571 - Review.reviews.bnew_review - INFO - Loading EOD data...
2025-02-03 14:11:44,205 - Review.reviews.bnew_review - INFO - Loading reference data...
2025-02-03 14:11:44,951 - Review.reviews.bnew_review - ERROR - Error during review calculation: "['Isin Code', 'Currency'] not in index"
2025-02-03 14:11:44,954 - werkzeug - INFO -  * Detected change in 'C:\\Users\\CSonneveld\\AppData\\Roaming\\Python\\Python312\\site-packages\\pandas\\core\\frame.py', reloading
2025-02-03 14:11:44,955 - Review.reviews.bnew_review - ERROR - Traceback (most recent call last):
  File "C:\Users\CSonneveld\OneDrive - Euronext\Documents\Projects\GUI + Reviews\Review\reviews\bnew_review.py", line 85, in run_bnew_review
    index_eod_df[['Isin Code', 'MIC', 'Currency']],
    ~~~~~~~~~~~~^^^^^^^^^^^^^^^^^^^^^^^^^^^^^^^^^^
  File "C:\Users\CSonneveld\AppData\Roaming\Python\Python312\site-packages\pandas\core\frame.py", line 4108, in __getitem__
    indexer = self.columns._get_indexer_strict(key, "columns")[1]
              ^^^^^^^^^^^^^^^^^^^^^^^^^^^^^^^^^^^^^^^^^^^^^^^^
  File "C:\Users\CSonneveld\AppData\Roaming\Python\Python312\site-packages\pandas\core\indexes\base.py", line 6200, in _get_indexer_strict
    self._raise_if_missing(keyarr, indexer, axis_name)
  File "C:\Users\CSonneveld\AppData\Roaming\Python\Python312\site-packages\pandas\core\indexes\base.py", line 6252, in _raise_if_missing
    raise KeyError(f"{not_found} not in index")
KeyError: "['Isin Code', 'Currency'] not in index"

2025-02-03 14:11:44,956 - werkzeug - INFO -  * Detected change in 'C:\\Users\\CSonneveld\\AppData\\Roaming\\Python\\Python312\\site-packages\\pandas\\core\\indexes\\base.py', reloading
2025-02-03 14:11:44,962 - werkzeug - INFO - 127.0.0.1 - - [03/Feb/2025 14:11:44] "POST /calculate HTTP/1.1" 200 -
