2025-11-05 14:01:37,847 - werkzeug - INFO - [31m[1mWARNING: This is a development server. Do not use it in a production deployment. Use a production WSGI server instead.[0m
 * Running on all addresses (0.0.0.0)
 * Running on http://127.0.0.1:5000
 * Running on http://10.199.43.185:5000
2025-11-05 14:01:37,847 - werkzeug - INFO - [33mPress CTRL+C to quit[0m
2025-11-05 14:01:37,859 - werkzeug - INFO -  * Restarting with watchdog (windowsapi)
2025-11-05 14:01:40,917 - werkzeug - INFO -  * Restarting with watchdog (windowsapi)
2025-11-05 14:01:47,061 - werkzeug - INFO -  * Restarting with watchdog (windowsapi)
2025-11-05 14:02:01,381 - werkzeug - INFO -  * Restarting with watchdog (windowsapi)
2025-11-05 14:02:35,093 - werkzeug - INFO -  * Restarting with watchdog (windowsapi)
2025-11-05 14:02:37,260 - werkzeug - INFO -  * Restarting with watchdog (windowsapi)
2025-11-05 14:02:45,509 - werkzeug - INFO -  * Restarting with watchdog (windowsapi)
2025-11-05 14:03:35,290 - werkzeug - INFO -  * Restarting with watchdog (windowsapi)
2025-11-05 14:03:45,514 - werkzeug - INFO -  * Restarting with watchdog (windowsapi)
2025-11-05 14:04:27,135 - werkzeug - INFO -  * Restarting with watchdog (windowsapi)
2025-11-05 14:04:41,532 - werkzeug - INFO -  * Restarting with watchdog (windowsapi)
2025-11-05 14:04:44,719 - werkzeug - INFO -  * Restarting with watchdog (windowsapi)
2025-11-05 14:06:21,987 - werkzeug - INFO -  * Restarting with watchdog (windowsapi)
2025-11-05 14:07:36,235 - werkzeug - INFO -  * Restarting with watchdog (windowsapi)
2025-11-05 14:07:38,458 - werkzeug - INFO -  * Restarting with watchdog (windowsapi)
2025-11-05 14:10:02,525 - werkzeug - INFO -  * Restarting with watchdog (windowsapi)
2025-11-05 16:17:51,809 - werkzeug - INFO -  * Restarting with watchdog (windowsapi)
2025-11-05 16:22:06,174 - werkzeug - INFO -  * Restarting with watchdog (windowsapi)
2025-11-05 16:23:14,064 - werkzeug - INFO -  * Restarting with watchdog (windowsapi)
2025-11-05 16:23:22,324 - werkzeug - INFO -  * Restarting with watchdog (windowsapi)
2025-11-05 16:29:57,433 - werkzeug - INFO -  * Restarting with watchdog (windowsapi)
2025-11-05 16:29:59,540 - werkzeug - INFO -  * Restarting with watchdog (windowsapi)
2025-11-05 16:30:12,857 - werkzeug - INFO -  * Restarting with watchdog (windowsapi)
2025-11-05 16:30:35,292 - werkzeug - INFO -  * Restarting with watchdog (windowsapi)
2025-11-05 16:30:49,702 - werkzeug - INFO -  * Restarting with watchdog (windowsapi)
2025-11-05 16:33:36,766 - werkzeug - INFO -  * Restarting with watchdog (windowsapi)
2025-11-05 16:33:55,058 - werkzeug - INFO -  * Restarting with watchdog (windowsapi)
2025-11-05 16:33:57,207 - werkzeug - INFO -  * Restarting with watchdog (windowsapi)
2025-11-05 16:37:41,310 - werkzeug - INFO -  * Restarting with watchdog (windowsapi)
2025-11-05 16:54:20,317 - werkzeug - INFO -  * Restarting with watchdog (windowsapi)
2025-11-05 16:54:55,988 - werkzeug - INFO -  * Restarting with watchdog (windowsapi)
2025-11-05 16:55:08,534 - werkzeug - INFO -  * Restarting with watchdog (windowsapi)
2025-11-05 16:55:46,050 - werkzeug - INFO -  * Restarting with watchdog (windowsapi)
2025-11-05 16:55:57,184 - werkzeug - INFO -  * Restarting with watchdog (windowsapi)
2025-11-05 17:15:16,585 - werkzeug - INFO -  * Restarting with watchdog (windowsapi)
2025-11-05 17:15:21,053 - werkzeug - INFO -  * Restarting with watchdog (windowsapi)
2025-11-05 17:15:23,156 - werkzeug - INFO -  * Restarting with watchdog (windowsapi)
2025-11-05 17:15:49,530 - werkzeug - INFO -  * Restarting with watchdog (windowsapi)
2025-11-05 17:16:14,883 - werkzeug - INFO -  * Restarting with watchdog (windowsapi)
2025-11-05 17:16:46,345 - werkzeug - INFO -  * Restarting with watchdog (windowsapi)
2025-11-05 17:17:00,575 - werkzeug - INFO -  * Restarting with watchdog (windowsapi)
2025-11-05 17:17:32,021 - werkzeug - INFO -  * Restarting with watchdog (windowsapi)
2025-11-05 17:17:44,221 - werkzeug - INFO -  * Restarting with watchdog (windowsapi)
2025-11-05 17:18:03,537 - werkzeug - INFO -  * Restarting with watchdog (windowsapi)
2025-11-05 17:18:15,827 - werkzeug - INFO -  * Restarting with watchdog (windowsapi)
2025-11-05 17:18:18,988 - werkzeug - INFO -  * Restarting with watchdog (windowsapi)
2025-11-05 17:18:25,191 - werkzeug - INFO -  * Restarting with watchdog (windowsapi)
2025-11-05 17:18:29,347 - werkzeug - INFO -  * Restarting with watchdog (windowsapi)
2025-11-05 17:23:48,609 - werkzeug - INFO -  * Restarting with watchdog (windowsapi)
2025-11-05 17:23:59,325 - werkzeug - INFO -  * Restarting with watchdog (windowsapi)
2025-11-05 17:24:05,608 - werkzeug - INFO -  * Restarting with watchdog (windowsapi)
2025-11-05 17:24:32,071 - werkzeug - INFO -  * Restarting with watchdog (windowsapi)
2025-11-05 17:24:34,242 - werkzeug - INFO -  * Restarting with watchdog (windowsapi)
2025-11-05 17:30:56,512 - werkzeug - INFO -  * Restarting with watchdog (windowsapi)
2025-11-05 17:31:12,111 - werkzeug - INFO -  * Restarting with watchdog (windowsapi)
2025-11-05 17:31:17,436 - werkzeug - INFO -  * Restarting with watchdog (windowsapi)
2025-11-06 08:38:19,052 - werkzeug - INFO -  * Restarting with watchdog (windowsapi)
2025-11-06 08:44:59,143 - werkzeug - INFO -  * Restarting with watchdog (windowsapi)
2025-11-06 09:56:55,373 - werkzeug - INFO -  * Restarting with watchdog (windowsapi)
