2025-05-09 16:43:53,004 - werkzeug - WARNING -  * Debugger is active!
2025-05-09 16:43:53,004 - werkzeug - INFO -  * Debugger PIN: 691-175-853
2025-05-09 16:43:53,064 - werkzeug - INFO -  * Detected change in 'C:\\Users\\CSonneveld\\AppData\\Roaming\\Python\\Python312\\site-packages\\sqlalchemy\\engine\\cursor.py', reloading
2025-05-09 16:43:53,065 - werkzeug - INFO -  * Detected change in 'C:\\Users\\CSonneveld\\AppData\\Roaming\\Python\\Python312\\site-packages\\sqlalchemy\\engine\\reflection.py', reloading
2025-05-09 16:43:53,065 - werkzeug - INFO -  * Detected change in 'C:\\Users\\CSonneveld\\AppData\\Roaming\\Python\\Python312\\site-packages\\sqlalchemy\\engine\\url.py', reloading
2025-05-09 16:43:53,079 - werkzeug - INFO -  * Detected change in 'C:\\Users\\CSonneveld\\AppData\\Roaming\\Python\\Python312\\site-packages\\sqlalchemy\\inspection.py', reloading
2025-05-09 16:43:53,082 - werkzeug - INFO -  * Detected change in 'C:\\Users\\CSonneveld\\AppData\\Roaming\\Python\\Python312\\site-packages\\sqlalchemy\\pool\\__init__.py', reloading
2025-05-09 16:43:53,083 - werkzeug - INFO -  * Detected change in 'C:\\Users\\CSonneveld\\AppData\\Roaming\\Python\\Python312\\site-packages\\sqlalchemy\\pool\\impl.py', reloading
2025-05-09 16:43:53,085 - werkzeug - INFO -  * Detected change in 'C:\\Users\\CSonneveld\\AppData\\Roaming\\Python\\Python312\\site-packages\\sqlalchemy\\pool\\base.py', reloading
2025-05-09 16:43:53,086 - werkzeug - INFO -  * Detected change in 'C:\\Users\\CSonneveld\\AppData\\Roaming\\Python\\Python312\\site-packages\\sqlalchemy\\schema.py', reloading
2025-05-09 16:43:53,090 - werkzeug - INFO -  * Detected change in 'C:\\Users\\CSonneveld\\AppData\\Roaming\\Python\\Python312\\site-packages\\sqlalchemy\\sql\\ddl.py', reloading
2025-05-09 16:43:53,094 - werkzeug - INFO -  * Detected change in 'C:\\Users\\CSonneveld\\AppData\\Roaming\\Python\\Python312\\site-packages\\sqlalchemy\\sql\\schema.py', reloading
2025-05-09 16:43:53,102 - werkzeug - INFO -  * Detected change in 'C:\\Users\\CSonneveld\\AppData\\Roaming\\Python\\Python312\\site-packages\\sqlalchemy\\sql\\__init__.py', reloading
2025-05-09 16:43:53,103 - werkzeug - INFO -  * Detected change in 'C:\\Users\\CSonneveld\\AppData\\Roaming\\Python\\Python312\\site-packages\\sqlalchemy\\sql\\_typing.py', reloading
2025-05-09 16:43:53,104 - werkzeug - INFO -  * Detected change in 'C:\\Users\\CSonneveld\\AppData\\Roaming\\Python\\Python312\\site-packages\\sqlalchemy\\sql\\expression.py', reloading
2025-05-09 16:43:53,104 - werkzeug - INFO -  * Detected change in 'C:\\Users\\CSonneveld\\AppData\\Roaming\\Python\\Python312\\site-packages\\sqlalchemy\\sql\\selectable.py', reloading
2025-05-09 16:43:53,118 - werkzeug - INFO -  * Detected change in 'C:\\Users\\CSonneveld\\AppData\\Roaming\\Python\\Python312\\site-packages\\sqlalchemy\\sql\\_selectable_constructors.py', reloading
2025-05-09 16:43:53,121 - werkzeug - INFO -  * Detected change in 'C:\\Users\\CSonneveld\\AppData\\Roaming\\Python\\Python312\\site-packages\\sqlalchemy\\sql\\_elements_constructors.py', reloading
2025-05-09 16:43:53,124 - werkzeug - INFO -  * Detected change in 'C:\\Users\\CSonneveld\\AppData\\Roaming\\Python\\Python312\\site-packages\\sqlalchemy\\sql\\elements.py', reloading
2025-05-09 16:43:53,133 - werkzeug - INFO -  * Detected change in 'C:\\Users\\CSonneveld\\AppData\\Roaming\\Python\\Python312\\site-packages\\sqlalchemy\\sql\\cache_key.py', reloading
2025-05-09 16:43:53,137 - werkzeug - INFO -  * Detected change in 'C:\\Users\\CSonneveld\\AppData\\Roaming\\Python\\Python312\\site-packages\\sqlalchemy\\sql\\base.py', reloading
2025-05-09 16:43:53,143 - werkzeug - INFO -  * Detected change in 'C:\\Users\\CSonneveld\\AppData\\Roaming\\Python\\Python312\\site-packages\\sqlalchemy\\sql\\operators.py', reloading
2025-05-09 16:43:53,146 - werkzeug - INFO -  * Detected change in 'C:\\Users\\CSonneveld\\AppData\\Roaming\\Python\\Python312\\site-packages\\sqlalchemy\\sql\\dml.py', reloading
2025-05-09 16:43:53,149 - werkzeug - INFO -  * Detected change in 'C:\\Users\\CSonneveld\\AppData\\Roaming\\Python\\Python312\\site-packages\\sqlalchemy\\sql\\_dml_constructors.py', reloading
2025-05-09 16:43:53,149 - werkzeug - INFO -  * Detected change in 'C:\\Users\\CSonneveld\\AppData\\Roaming\\Python\\Python312\\site-packages\\sqlalchemy\\sql\\functions.py', reloading
2025-05-09 16:43:53,155 - werkzeug - INFO -  * Detected change in 'C:\\Users\\CSonneveld\\AppData\\Roaming\\Python\\Python312\\site-packages\\sqlalchemy\\sql\\lambdas.py', reloading
2025-05-09 16:43:53,158 - werkzeug - INFO -  * Detected change in 'C:\\Users\\CSonneveld\\AppData\\Roaming\\Python\\Python312\\site-packages\\sqlalchemy\\sql\\visitors.py', reloading
2025-05-09 16:43:53,163 - werkzeug - INFO -  * Detected change in 'C:\\Users\\CSonneveld\\AppData\\Roaming\\Python\\Python312\\site-packages\\sqlalchemy\\types.py', reloading
2025-05-09 16:43:53,166 - werkzeug - INFO -  * Detected change in 'C:\\Users\\CSonneveld\\AppData\\Roaming\\Python\\Python312\\site-packages\\sqlalchemy\\sql\\sqltypes.py', reloading
2025-05-09 16:43:53,166 - werkzeug - INFO -  * Detected change in 'C:\\Users\\CSonneveld\\AppData\\Roaming\\Python\\Python312\\site-packages\\sqlalchemy\\sql\\type_api.py', reloading
2025-05-09 16:43:53,174 - werkzeug - INFO -  * Detected change in 'C:\\Users\\CSonneveld\\AppData\\Roaming\\Python\\Python312\\site-packages\\stack_data\\__init__.py', reloading
2025-05-09 16:43:53,179 - werkzeug - INFO -  * Detected change in 'C:\\Users\\CSonneveld\\AppData\\Roaming\\Python\\Python312\\site-packages\\traitlets\\__init__.py', reloading
2025-05-09 16:43:53,183 - werkzeug - INFO -  * Detected change in 'C:\\Users\\CSonneveld\\AppData\\Roaming\\Python\\Python312\\site-packages\\traitlets\\traitlets.py', reloading
2025-05-09 16:43:53,187 - werkzeug - INFO -  * Detected change in 'C:\\Users\\CSonneveld\\AppData\\Roaming\\Python\\Python312\\site-packages\\traitlets\\_version.py', reloading
2025-05-09 16:43:53,187 - werkzeug - INFO -  * Detected change in 'C:\\Users\\CSonneveld\\AppData\\Roaming\\Python\\Python312\\site-packages\\traitlets\\utils\\bunch.py', reloading
2025-05-09 16:43:53,193 - werkzeug - INFO -  * Detected change in 'C:\\Users\\CSonneveld\\AppData\\Roaming\\Python\\Python312\\site-packages\\traitlets\\utils\\decorators.py', reloading
2025-05-09 16:43:53,194 - werkzeug - INFO -  * Detected change in 'C:\\Users\\CSonneveld\\AppData\\Roaming\\Python\\Python312\\site-packages\\traitlets\\utils\\importstring.py', reloading
2025-05-09 16:43:53,198 - werkzeug - INFO -  * Detected change in 'C:\\Users\\CSonneveld\\AppData\\Roaming\\Python\\Python312\\site-packages\\tzdata\\__init__.py', reloading
2025-05-09 16:43:53,199 - werkzeug - INFO -  * Detected change in 'C:\\Users\\CSonneveld\\AppData\\Roaming\\Python\\Python312\\site-packages\\urllib3\\__init__.py', reloading
2025-05-09 16:43:53,204 - werkzeug - INFO -  * Detected change in 'C:\\Users\\CSonneveld\\AppData\\Roaming\\Python\\Python312\\site-packages\\urllib3\\_collections.py', reloading
2025-05-09 16:43:53,206 - werkzeug - INFO -  * Detected change in 'C:\\Users\\CSonneveld\\AppData\\Roaming\\Python\\Python312\\site-packages\\urllib3\\connectionpool.py', reloading
2025-05-09 16:43:53,209 - werkzeug - INFO -  * Detected change in 'C:\\Users\\CSonneveld\\AppData\\Roaming\\Python\\Python312\\site-packages\\urllib3\\filepost.py', reloading
2025-05-09 16:43:53,210 - werkzeug - INFO -  * Detected change in 'C:\\Users\\CSonneveld\\AppData\\Roaming\\Python\\Python312\\site-packages\\urllib3\\poolmanager.py', reloading
2025-05-09 16:43:53,212 - werkzeug - INFO -  * Detected change in 'C:\\Users\\CSonneveld\\AppData\\Roaming\\Python\\Python312\\site-packages\\urllib3\\response.py', reloading
2025-05-09 16:43:53,216 - werkzeug - INFO -  * Detected change in 'C:\\Users\\CSonneveld\\AppData\\Roaming\\Python\\Python312\\site-packages\\urllib3\\util\\request.py', reloading
2025-05-09 16:43:53,218 - werkzeug - INFO -  * Detected change in 'C:\\Users\\CSonneveld\\AppData\\Roaming\\Python\\Python312\\site-packages\\urllib3\\util\\retry.py', reloading
2025-05-09 16:43:53,220 - werkzeug - INFO -  * Detected change in 'C:\\Users\\CSonneveld\\AppData\\Roaming\\Python\\Python312\\site-packages\\urllib3\\util\\timeout.py', reloading
2025-05-09 16:43:53,220 - werkzeug - INFO -  * Detected change in 'C:\\Users\\CSonneveld\\AppData\\Roaming\\Python\\Python312\\site-packages\\uvicorn\\__init__.py', reloading
2025-05-09 16:43:53,224 - werkzeug - INFO -  * Detected change in 'C:\\Users\\CSonneveld\\AppData\\Roaming\\Python\\Python312\\site-packages\\uvicorn\\config.py', reloading
2025-05-09 16:43:53,228 - werkzeug - INFO -  * Detected change in 'C:\\Users\\CSonneveld\\AppData\\Roaming\\Python\\Python312\\site-packages\\uvicorn\\main.py', reloading
2025-05-09 16:43:53,234 - werkzeug - INFO -  * Detected change in 'C:\\Users\\CSonneveld\\AppData\\Roaming\\Python\\Python312\\site-packages\\uvicorn\\server.py', reloading
2025-05-09 16:43:53,236 - werkzeug - INFO -  * Detected change in 'C:\\Users\\CSonneveld\\AppData\\Roaming\\Python\\Python312\\site-packages\\wcwidth\\__init__.py', reloading
2025-05-09 16:43:53,236 - werkzeug - INFO -  * Detected change in 'C:\\Users\\CSonneveld\\AppData\\Roaming\\Python\\Python312\\site-packages\\wcwidth\\wcwidth.py', reloading
2025-05-09 16:43:53,242 - werkzeug - INFO -  * Detected change in 'C:\\Users\\CSonneveld\\AppData\\Roaming\\Python\\Python312\\site-packages\\wcwidth\\unicode_versions.py', reloading
2025-05-09 16:43:53,242 - werkzeug - INFO -  * Detected change in 'C:\\Users\\CSonneveld\\AppData\\Roaming\\Python\\Python312\\site-packages\\werkzeug\\__init__.py', reloading
2025-05-09 16:43:53,243 - werkzeug - INFO -  * Detected change in 'C:\\Users\\CSonneveld\\AppData\\Roaming\\Python\\Python312\\site-packages\\werkzeug\\serving.py', reloading
2025-05-09 16:43:53,249 - werkzeug - INFO -  * Detected change in 'C:\\Users\\CSonneveld\\AppData\\Roaming\\Python\\Python312\\site-packages\\werkzeug\\test.py', reloading
2025-05-09 16:43:53,251 - werkzeug - INFO -  * Detected change in 'C:\\Users\\CSonneveld\\AppData\\Roaming\\Python\\Python312\\site-packages\\werkzeug\\wrappers\\__init__.py', reloading
2025-05-09 16:43:53,252 - werkzeug - INFO -  * Detected change in 'C:\\Users\\CSonneveld\\AppData\\Roaming\\Python\\Python312\\site-packages\\werkzeug\\wrappers\\request.py', reloading
2025-05-09 16:43:53,252 - werkzeug - INFO -  * Detected change in 'C:\\Users\\CSonneveld\\AppData\\Roaming\\Python\\Python312\\site-packages\\werkzeug\\wrappers\\response.py', reloading
2025-05-09 16:43:53,252 - werkzeug - INFO -  * Detected change in 'C:\\Users\\CSonneveld\\AppData\\Roaming\\Python\\Python312\\site-packages\\win32ctypes\\__init__.py', reloading
2025-05-09 16:43:53,252 - werkzeug - INFO -  * Detected change in 'C:\\Users\\CSonneveld\\AppData\\Roaming\\Python\\Python312\\site-packages\\xlsxwriter\\__init__.py', reloading
2025-05-09 16:43:53,263 - werkzeug - INFO -  * Detected change in 'C:\\Users\\CSonneveld\\AppData\\Roaming\\Python\\Python312\\site-packages\\zmq\\constants.py', reloading
2025-05-09 16:43:53,267 - werkzeug - INFO -  * Detected change in 'C:\\Users\\CSonneveld\\AppData\\Roaming\\Python\\Python312\\site-packages\\zmq\\error.py', reloading
2025-05-09 16:43:53,270 - werkzeug - INFO -  * Detected change in 'C:\\Users\\CSonneveld\\AppData\\Roaming\\Python\\Python312\\site-packages\\zmq\\sugar\\context.py', reloading
2025-05-09 16:43:53,272 - werkzeug - INFO -  * Detected change in 'C:\\Users\\CSonneveld\\AppData\\Roaming\\Python\\Python312\\site-packages\\zmq\\sugar\\frame.py', reloading
2025-05-09 16:43:53,274 - werkzeug - INFO -  * Detected change in 'C:\\Users\\CSonneveld\\AppData\\Roaming\\Python\\Python312\\site-packages\\zmq\\sugar\\poll.py', reloading
2025-05-09 16:43:53,274 - werkzeug - INFO -  * Detected change in 'C:\\Users\\CSonneveld\\AppData\\Roaming\\Python\\Python312\\site-packages\\zmq\\sugar\\socket.py', reloading
2025-05-09 16:43:53,274 - werkzeug - INFO -  * Detected change in 'C:\\Users\\CSonneveld\\AppData\\Roaming\\Python\\Python312\\site-packages\\zmq\\sugar\\tracker.py', reloading
2025-05-09 16:43:53,274 - werkzeug - INFO -  * Detected change in 'C:\\Users\\CSonneveld\\AppData\\Roaming\\Python\\Python312\\site-packages\\zmq\\sugar\\version.py', reloading
2025-05-09 16:43:53,285 - werkzeug - INFO -  * Detected change in 'C:\\Users\\CSonneveld\\AppData\\Roaming\\Python\\Python312\\site-packages\\pythonwin\\pywin\\__init__.py', reloading
