2025-07-22 14:48:59,994 - werkzeug - WARNING -  * Debugger is active!
2025-07-22 14:48:59,994 - werkzeug - INFO -  * Debugger PIN: 691-175-853
2025-07-22 14:49:00,027 - Review.reviews.frn4p_review - INFO - Loading EOD data...
2025-07-22 14:49:01,990 - Review.reviews.frn4p_review - INFO - Loading reference data...
2025-07-22 14:49:03,562 - Review.reviews.frn4p_review - ERROR - Error during review calculation: 'Capping'
2025-07-22 14:49:03,564 - Review.reviews.frn4p_review - ERROR - Traceback (most recent call last):
  File "C:\Users\CSonneveld\AppData\Roaming\Python\Python312\site-packages\pandas\core\indexes\base.py", line 3805, in get_loc
    return self._engine.get_loc(casted_key)
           ^^^^^^^^^^^^^^^^^^^^^^^^^^^^^^^^
  File "index.pyx", line 167, in pandas._libs.index.IndexEngine.get_loc
  File "index.pyx", line 196, in pandas._libs.index.IndexEngine.get_loc
  File "pandas\\_libs\\hashtable_class_helper.pxi", line 7081, in pandas._libs.hashtable.PyObjectHashTable.get_item
  File "pandas\\_libs\\hashtable_class_helper.pxi", line 7089, in pandas._libs.hashtable.PyObjectHashTable.get_item
KeyError: 'Capping'

The above exception was the direct cause of the following exception:

Traceback (most recent call last):
  File "C:\Users\CSonneveld\OneDrive - Euronext\Documents\Projects\GUI + Reviews\Review\reviews\frn4p_review.py", line 105, in run_frn4p_review
    selection_df['FFMC'] = selection_df['Capping'] * selection_df['Number of issued shares'] * selection_df['Free Float'] * selection_df['Close Prc_CO']
                           ~~~~~~~~~~~~^^^^^^^^^^^
  File "C:\Users\CSonneveld\AppData\Roaming\Python\Python312\site-packages\pandas\core\frame.py", line 4102, in __getitem__
    indexer = self.columns.get_loc(key)
              ^^^^^^^^^^^^^^^^^^^^^^^^^
  File "C:\Users\CSonneveld\AppData\Roaming\Python\Python312\site-packages\pandas\core\indexes\base.py", line 3812, in get_loc
    raise KeyError(key) from err
KeyError: 'Capping'

2025-07-22 14:49:03,570 - werkzeug - INFO - 127.0.0.1 - - [22/Jul/2025 14:49:03] "POST /calculate HTTP/1.1" 200 -
2025-07-22 14:49:16,579 - werkzeug - INFO -  * Detected change in 'C:\\Users\\CSonneveld\\OneDrive - Euronext\\Documents\\Projects\\GUI + Reviews\\Review\\reviews\\frn4p_review.py', reloading
2025-07-22 14:49:16,582 - werkzeug - INFO -  * Detected change in 'C:\\Users\\CSonneveld\\OneDrive - Euronext\\Documents\\Projects\\GUI + Reviews\\Review\\reviews\\frn4p_review.py', reloading
