2025-11-06 14:30:17,426 - werkzeug - WARNING -  * Debugger is active!
2025-11-06 14:30:17,428 - werkzeug - INFO -  * Debugger PIN: 691-175-853
2025-11-06 14:30:18,154 - werkzeug - INFO - 127.0.0.1 - - [06/Nov/2025 14:30:18] "GET /task-status/af949059-5077-4a1c-b613-646d29a7ca07 HTTP/1.1" 200 -
2025-11-06 14:30:19,942 - werkzeug - INFO - 127.0.0.1 - - [06/Nov/2025 14:30:19] "POST /calculate HTTP/1.1" 200 -
2025-11-06 14:30:19,942 - Review.reviews.aetaw_review - INFO - Loading EOD data...
2025-11-06 14:30:19,942 - werkzeug - INFO - 127.0.0.1 - - [06/Nov/2025 14:30:19] "GET /task-status/21968c3d-9328-44e0-beab-fd61ad265611 HTTP/1.1" 200 -
2025-11-06 14:30:21,954 - werkzeug - INFO - 127.0.0.1 - - [06/Nov/2025 14:30:21] "GET /task-status/21968c3d-9328-44e0-beab-fd61ad265611 HTTP/1.1" 200 -
2025-11-06 14:30:22,437 - Review.reviews.aetaw_review - INFO - Loading reference data...
2025-11-06 14:30:22,653 - Review.reviews.aetaw_review - INFO - Loaded 75 companies from AEX, AMX, and AScX
2025-11-06 14:30:22,696 - utils.capping_2_step - INFO - 
--- Iteration 1 ---
2025-11-06 14:30:22,703 - utils.capping_2_step - INFO - Companies at 9%: 3
2025-11-06 14:30:22,703 - utils.capping_2_step - INFO - Collective budget used: 42.33% / 36.00%
2025-11-06 14:30:22,703 - utils.capping_2_step - INFO - Excess weight to redistribute: 26.35%
2025-11-06 14:30:22,703 - utils.capping_2_step - INFO - 
--- Iteration 2 ---
2025-11-06 14:30:22,705 - utils.capping_2_step - INFO - Companies at 9%: 3
2025-11-06 14:30:22,705 - utils.capping_2_step - INFO - Collective budget used: 42.33% / 36.00%
2025-11-06 14:30:22,705 - utils.capping_2_step - INFO - Excess weight to redistribute: 26.35%
2025-11-06 14:30:22,705 - utils.capping_2_step - INFO - 
--- Iteration 3 ---
2025-11-06 14:30:22,706 - utils.capping_2_step - INFO - Companies at 9%: 3
2025-11-06 14:30:22,706 - utils.capping_2_step - INFO - Collective budget used: 42.33% / 36.00%
2025-11-06 14:30:22,706 - utils.capping_2_step - INFO - Excess weight to redistribute: 26.35%
2025-11-06 14:30:22,706 - utils.capping_2_step - INFO - 
--- Iteration 4 ---
2025-11-06 14:30:22,707 - utils.capping_2_step - INFO - Companies at 9%: 3
2025-11-06 14:30:22,707 - utils.capping_2_step - INFO - Collective budget used: 42.33% / 36.00%
2025-11-06 14:30:22,707 - utils.capping_2_step - INFO - Excess weight to redistribute: 26.35%
2025-11-06 14:30:22,707 - utils.capping_2_step - INFO - 
--- Iteration 5 ---
2025-11-06 14:30:22,708 - utils.capping_2_step - INFO - Companies at 9%: 3
2025-11-06 14:30:22,708 - utils.capping_2_step - INFO - Collective budget used: 42.33% / 36.00%
2025-11-06 14:30:22,708 - utils.capping_2_step - INFO - Excess weight to redistribute: 26.35%
2025-11-06 14:30:22,709 - utils.capping_2_step - INFO - 
--- Iteration 6 ---
2025-11-06 14:30:22,709 - utils.capping_2_step - INFO - Companies at 9%: 3
2025-11-06 14:30:22,709 - utils.capping_2_step - INFO - Collective budget used: 42.33% / 36.00%
2025-11-06 14:30:22,709 - utils.capping_2_step - INFO - Excess weight to redistribute: 26.35%
2025-11-06 14:30:22,709 - utils.capping_2_step - INFO - 
--- Iteration 7 ---
2025-11-06 14:30:22,710 - utils.capping_2_step - INFO - Companies at 9%: 3
2025-11-06 14:30:22,710 - utils.capping_2_step - INFO - Collective budget used: 42.33% / 36.00%
2025-11-06 14:30:22,710 - utils.capping_2_step - INFO - Excess weight to redistribute: 26.35%
2025-11-06 14:30:22,710 - utils.capping_2_step - INFO - 
--- Iteration 8 ---
2025-11-06 14:30:22,710 - utils.capping_2_step - INFO - Companies at 9%: 3
2025-11-06 14:30:22,710 - utils.capping_2_step - INFO - Collective budget used: 42.33% / 36.00%
2025-11-06 14:30:22,711 - utils.capping_2_step - INFO - Excess weight to redistribute: 26.35%
2025-11-06 14:30:22,711 - utils.capping_2_step - INFO - 
--- Iteration 9 ---
2025-11-06 14:30:22,711 - utils.capping_2_step - INFO - Companies at 9%: 3
2025-11-06 14:30:22,711 - utils.capping_2_step - INFO - Collective budget used: 42.33% / 36.00%
2025-11-06 14:30:22,711 - utils.capping_2_step - INFO - Excess weight to redistribute: 26.35%
2025-11-06 14:30:22,711 - utils.capping_2_step - INFO - 
--- Iteration 10 ---
2025-11-06 14:30:22,712 - utils.capping_2_step - INFO - Companies at 9%: 3
2025-11-06 14:30:22,712 - utils.capping_2_step - INFO - Collective budget used: 42.33% / 36.00%
2025-11-06 14:30:22,712 - utils.capping_2_step - INFO - Excess weight to redistribute: 26.35%
2025-11-06 14:30:22,712 - utils.capping_2_step - INFO - 
--- Iteration 11 ---
2025-11-06 14:30:22,713 - utils.capping_2_step - INFO - Companies at 9%: 3
2025-11-06 14:30:22,713 - utils.capping_2_step - INFO - Collective budget used: 42.33% / 36.00%
2025-11-06 14:30:22,713 - utils.capping_2_step - INFO - Excess weight to redistribute: 26.35%
2025-11-06 14:30:22,713 - utils.capping_2_step - INFO - 
--- Iteration 12 ---
2025-11-06 14:30:22,714 - utils.capping_2_step - INFO - Companies at 9%: 3
2025-11-06 14:30:22,714 - utils.capping_2_step - INFO - Collective budget used: 42.33% / 36.00%
2025-11-06 14:30:22,714 - utils.capping_2_step - INFO - Excess weight to redistribute: 26.35%
2025-11-06 14:30:22,714 - utils.capping_2_step - INFO - 
--- Iteration 13 ---
2025-11-06 14:30:22,714 - utils.capping_2_step - INFO - Companies at 9%: 3
2025-11-06 14:30:22,714 - utils.capping_2_step - INFO - Collective budget used: 42.33% / 36.00%
2025-11-06 14:30:22,715 - utils.capping_2_step - INFO - Excess weight to redistribute: 26.35%
2025-11-06 14:30:22,715 - utils.capping_2_step - INFO - 
--- Iteration 14 ---
2025-11-06 14:30:22,715 - utils.capping_2_step - INFO - Companies at 9%: 3
2025-11-06 14:30:22,715 - utils.capping_2_step - INFO - Collective budget used: 42.33% / 36.00%
2025-11-06 14:30:22,715 - utils.capping_2_step - INFO - Excess weight to redistribute: 26.35%
2025-11-06 14:30:22,715 - utils.capping_2_step - INFO - 
--- Iteration 15 ---
2025-11-06 14:30:22,716 - utils.capping_2_step - INFO - Companies at 9%: 3
2025-11-06 14:30:22,716 - utils.capping_2_step - INFO - Collective budget used: 42.33% / 36.00%
2025-11-06 14:30:22,716 - utils.capping_2_step - INFO - Excess weight to redistribute: 26.35%
2025-11-06 14:30:22,716 - utils.capping_2_step - INFO - 
--- Iteration 16 ---
2025-11-06 14:30:22,716 - utils.capping_2_step - INFO - Companies at 9%: 3
2025-11-06 14:30:22,716 - utils.capping_2_step - INFO - Collective budget used: 42.33% / 36.00%
2025-11-06 14:30:22,716 - utils.capping_2_step - INFO - Excess weight to redistribute: 26.35%
2025-11-06 14:30:22,718 - utils.capping_2_step - INFO - 
--- Iteration 17 ---
2025-11-06 14:30:22,718 - utils.capping_2_step - INFO - Companies at 9%: 3
2025-11-06 14:30:22,718 - utils.capping_2_step - INFO - Collective budget used: 42.33% / 36.00%
2025-11-06 14:30:22,718 - utils.capping_2_step - INFO - Excess weight to redistribute: 26.35%
2025-11-06 14:30:22,718 - utils.capping_2_step - INFO - 
--- Iteration 18 ---
2025-11-06 14:30:22,719 - utils.capping_2_step - INFO - Companies at 9%: 3
2025-11-06 14:30:22,719 - utils.capping_2_step - INFO - Collective budget used: 42.33% / 36.00%
2025-11-06 14:30:22,719 - utils.capping_2_step - INFO - Excess weight to redistribute: 26.35%
2025-11-06 14:30:22,719 - utils.capping_2_step - INFO - 
--- Iteration 19 ---
2025-11-06 14:30:22,719 - utils.capping_2_step - INFO - Companies at 9%: 3
2025-11-06 14:30:22,719 - utils.capping_2_step - INFO - Collective budget used: 42.33% / 36.00%
2025-11-06 14:30:22,720 - utils.capping_2_step - INFO - Excess weight to redistribute: 26.35%
2025-11-06 14:30:22,720 - utils.capping_2_step - INFO - 
--- Iteration 20 ---
2025-11-06 14:30:22,720 - utils.capping_2_step - INFO - Companies at 9%: 3
2025-11-06 14:30:22,720 - utils.capping_2_step - INFO - Collective budget used: 42.33% / 36.00%
2025-11-06 14:30:22,720 - utils.capping_2_step - INFO - Excess weight to redistribute: 26.35%
2025-11-06 14:30:22,721 - utils.capping_2_step - INFO - 
--- Iteration 21 ---
2025-11-06 14:30:22,721 - utils.capping_2_step - INFO - Companies at 9%: 3
2025-11-06 14:30:22,721 - utils.capping_2_step - INFO - Collective budget used: 42.33% / 36.00%
2025-11-06 14:30:22,721 - utils.capping_2_step - INFO - Excess weight to redistribute: 26.35%
2025-11-06 14:30:22,722 - utils.capping_2_step - INFO - 
--- Iteration 22 ---
2025-11-06 14:30:22,722 - utils.capping_2_step - INFO - Companies at 9%: 3
2025-11-06 14:30:22,722 - utils.capping_2_step - INFO - Collective budget used: 42.33% / 36.00%
2025-11-06 14:30:22,722 - utils.capping_2_step - INFO - Excess weight to redistribute: 26.35%
2025-11-06 14:30:22,722 - utils.capping_2_step - INFO - 
--- Iteration 23 ---
2025-11-06 14:30:22,722 - utils.capping_2_step - INFO - Companies at 9%: 3
2025-11-06 14:30:22,722 - utils.capping_2_step - INFO - Collective budget used: 42.33% / 36.00%
2025-11-06 14:30:22,722 - utils.capping_2_step - INFO - Excess weight to redistribute: 26.35%
2025-11-06 14:30:22,724 - utils.capping_2_step - INFO - 
--- Iteration 24 ---
2025-11-06 14:30:22,724 - utils.capping_2_step - INFO - Companies at 9%: 3
2025-11-06 14:30:22,724 - utils.capping_2_step - INFO - Collective budget used: 42.33% / 36.00%
2025-11-06 14:30:22,724 - utils.capping_2_step - INFO - Excess weight to redistribute: 26.35%
2025-11-06 14:30:22,724 - utils.capping_2_step - INFO - 
--- Iteration 25 ---
2025-11-06 14:30:22,725 - utils.capping_2_step - INFO - Companies at 9%: 3
2025-11-06 14:30:22,725 - utils.capping_2_step - INFO - Collective budget used: 42.33% / 36.00%
2025-11-06 14:30:22,725 - utils.capping_2_step - INFO - Excess weight to redistribute: 26.35%
2025-11-06 14:30:22,725 - utils.capping_2_step - INFO - 
--- Iteration 26 ---
2025-11-06 14:30:22,726 - utils.capping_2_step - INFO - Companies at 9%: 3
2025-11-06 14:30:22,726 - utils.capping_2_step - INFO - Collective budget used: 42.33% / 36.00%
2025-11-06 14:30:22,726 - utils.capping_2_step - INFO - Excess weight to redistribute: 26.35%
2025-11-06 14:30:22,726 - utils.capping_2_step - INFO - 
--- Iteration 27 ---
2025-11-06 14:30:22,726 - utils.capping_2_step - INFO - Companies at 9%: 3
2025-11-06 14:30:22,726 - utils.capping_2_step - INFO - Collective budget used: 42.33% / 36.00%
2025-11-06 14:30:22,727 - utils.capping_2_step - INFO - Excess weight to redistribute: 26.35%
2025-11-06 14:30:22,727 - utils.capping_2_step - INFO - 
--- Iteration 28 ---
2025-11-06 14:30:22,728 - utils.capping_2_step - INFO - Companies at 9%: 3
2025-11-06 14:30:22,728 - utils.capping_2_step - INFO - Collective budget used: 42.33% / 36.00%
2025-11-06 14:30:22,728 - utils.capping_2_step - INFO - Excess weight to redistribute: 26.35%
2025-11-06 14:30:22,728 - utils.capping_2_step - INFO - 
--- Iteration 29 ---
2025-11-06 14:30:22,728 - utils.capping_2_step - INFO - Companies at 9%: 3
2025-11-06 14:30:22,728 - utils.capping_2_step - INFO - Collective budget used: 42.33% / 36.00%
2025-11-06 14:30:22,728 - utils.capping_2_step - INFO - Excess weight to redistribute: 26.35%
2025-11-06 14:30:22,728 - utils.capping_2_step - INFO - 
--- Iteration 30 ---
2025-11-06 14:30:22,730 - utils.capping_2_step - INFO - Companies at 9%: 3
2025-11-06 14:30:22,730 - utils.capping_2_step - INFO - Collective budget used: 42.33% / 36.00%
2025-11-06 14:30:22,730 - utils.capping_2_step - INFO - Excess weight to redistribute: 26.35%
2025-11-06 14:30:22,730 - utils.capping_2_step - INFO - 
--- Iteration 31 ---
2025-11-06 14:30:22,730 - utils.capping_2_step - INFO - Companies at 9%: 3
2025-11-06 14:30:22,730 - utils.capping_2_step - INFO - Collective budget used: 42.33% / 36.00%
2025-11-06 14:30:22,730 - utils.capping_2_step - INFO - Excess weight to redistribute: 26.35%
2025-11-06 14:30:22,730 - utils.capping_2_step - INFO - 
--- Iteration 32 ---
2025-11-06 14:30:22,730 - utils.capping_2_step - INFO - Companies at 9%: 3
2025-11-06 14:30:22,730 - utils.capping_2_step - INFO - Collective budget used: 42.33% / 36.00%
2025-11-06 14:30:22,730 - utils.capping_2_step - INFO - Excess weight to redistribute: 26.35%
2025-11-06 14:30:22,730 - utils.capping_2_step - INFO - 
--- Iteration 33 ---
2025-11-06 14:30:22,730 - utils.capping_2_step - INFO - Companies at 9%: 3
2025-11-06 14:30:22,730 - utils.capping_2_step - INFO - Collective budget used: 42.33% / 36.00%
2025-11-06 14:30:22,730 - utils.capping_2_step - INFO - Excess weight to redistribute: 26.35%
2025-11-06 14:30:22,730 - utils.capping_2_step - INFO - 
--- Iteration 34 ---
2025-11-06 14:30:22,730 - utils.capping_2_step - INFO - Companies at 9%: 3
2025-11-06 14:30:22,730 - utils.capping_2_step - INFO - Collective budget used: 42.33% / 36.00%
2025-11-06 14:30:22,733 - utils.capping_2_step - INFO - Excess weight to redistribute: 26.35%
2025-11-06 14:30:22,733 - utils.capping_2_step - INFO - 
--- Iteration 35 ---
2025-11-06 14:30:22,733 - utils.capping_2_step - INFO - Companies at 9%: 3
2025-11-06 14:30:22,733 - utils.capping_2_step - INFO - Collective budget used: 42.33% / 36.00%
2025-11-06 14:30:22,733 - utils.capping_2_step - INFO - Excess weight to redistribute: 26.35%
2025-11-06 14:30:22,734 - utils.capping_2_step - INFO - 
--- Iteration 36 ---
2025-11-06 14:30:22,734 - utils.capping_2_step - INFO - Companies at 9%: 3
2025-11-06 14:30:22,734 - utils.capping_2_step - INFO - Collective budget used: 42.33% / 36.00%
2025-11-06 14:30:22,734 - utils.capping_2_step - INFO - Excess weight to redistribute: 26.35%
2025-11-06 14:30:22,734 - utils.capping_2_step - INFO - 
--- Iteration 37 ---
2025-11-06 14:30:22,735 - utils.capping_2_step - INFO - Companies at 9%: 3
2025-11-06 14:30:22,735 - utils.capping_2_step - INFO - Collective budget used: 42.33% / 36.00%
2025-11-06 14:30:22,735 - utils.capping_2_step - INFO - Excess weight to redistribute: 26.35%
2025-11-06 14:30:22,735 - utils.capping_2_step - INFO - 
--- Iteration 38 ---
2025-11-06 14:30:22,735 - utils.capping_2_step - INFO - Companies at 9%: 3
2025-11-06 14:30:22,735 - utils.capping_2_step - INFO - Collective budget used: 42.33% / 36.00%
2025-11-06 14:30:22,735 - utils.capping_2_step - INFO - Excess weight to redistribute: 26.35%
2025-11-06 14:30:22,736 - utils.capping_2_step - INFO - 
--- Iteration 39 ---
2025-11-06 14:30:22,736 - utils.capping_2_step - INFO - Companies at 9%: 3
2025-11-06 14:30:22,736 - utils.capping_2_step - INFO - Collective budget used: 42.33% / 36.00%
2025-11-06 14:30:22,736 - utils.capping_2_step - INFO - Excess weight to redistribute: 26.35%
2025-11-06 14:30:22,736 - utils.capping_2_step - INFO - 
--- Iteration 40 ---
2025-11-06 14:30:22,737 - utils.capping_2_step - INFO - Companies at 9%: 3
2025-11-06 14:30:22,737 - utils.capping_2_step - INFO - Collective budget used: 42.33% / 36.00%
2025-11-06 14:30:22,737 - utils.capping_2_step - INFO - Excess weight to redistribute: 26.35%
2025-11-06 14:30:22,737 - utils.capping_2_step - INFO - 
--- Iteration 41 ---
2025-11-06 14:30:22,739 - utils.capping_2_step - INFO - Companies at 9%: 3
2025-11-06 14:30:22,739 - utils.capping_2_step - INFO - Collective budget used: 42.33% / 36.00%
2025-11-06 14:30:22,739 - utils.capping_2_step - INFO - Excess weight to redistribute: 26.35%
2025-11-06 14:30:22,739 - utils.capping_2_step - INFO - 
--- Iteration 42 ---
2025-11-06 14:30:22,740 - utils.capping_2_step - INFO - Companies at 9%: 3
2025-11-06 14:30:22,740 - utils.capping_2_step - INFO - Collective budget used: 42.33% / 36.00%
2025-11-06 14:30:22,740 - utils.capping_2_step - INFO - Excess weight to redistribute: 26.35%
2025-11-06 14:30:22,740 - utils.capping_2_step - INFO - 
--- Iteration 43 ---
2025-11-06 14:30:22,741 - utils.capping_2_step - INFO - Companies at 9%: 3
2025-11-06 14:30:22,741 - utils.capping_2_step - INFO - Collective budget used: 42.33% / 36.00%
2025-11-06 14:30:22,741 - utils.capping_2_step - INFO - Excess weight to redistribute: 26.35%
2025-11-06 14:30:22,741 - utils.capping_2_step - INFO - 
--- Iteration 44 ---
2025-11-06 14:30:22,742 - utils.capping_2_step - INFO - Companies at 9%: 3
2025-11-06 14:30:22,742 - utils.capping_2_step - INFO - Collective budget used: 42.33% / 36.00%
2025-11-06 14:30:22,742 - utils.capping_2_step - INFO - Excess weight to redistribute: 26.35%
2025-11-06 14:30:22,742 - utils.capping_2_step - INFO - 
--- Iteration 45 ---
2025-11-06 14:30:22,742 - utils.capping_2_step - INFO - Companies at 9%: 3
2025-11-06 14:30:22,742 - utils.capping_2_step - INFO - Collective budget used: 42.33% / 36.00%
2025-11-06 14:30:22,743 - utils.capping_2_step - INFO - Excess weight to redistribute: 26.35%
2025-11-06 14:30:22,743 - utils.capping_2_step - INFO - 
--- Iteration 46 ---
2025-11-06 14:30:22,743 - utils.capping_2_step - INFO - Companies at 9%: 3
2025-11-06 14:30:22,744 - utils.capping_2_step - INFO - Collective budget used: 42.33% / 36.00%
2025-11-06 14:30:22,744 - utils.capping_2_step - INFO - Excess weight to redistribute: 26.35%
2025-11-06 14:30:22,744 - utils.capping_2_step - INFO - 
--- Iteration 47 ---
2025-11-06 14:30:22,745 - utils.capping_2_step - INFO - Companies at 9%: 3
2025-11-06 14:30:22,745 - utils.capping_2_step - INFO - Collective budget used: 42.33% / 36.00%
2025-11-06 14:30:22,745 - utils.capping_2_step - INFO - Excess weight to redistribute: 26.35%
2025-11-06 14:30:22,745 - utils.capping_2_step - INFO - 
--- Iteration 48 ---
2025-11-06 14:30:22,746 - utils.capping_2_step - INFO - Companies at 9%: 3
2025-11-06 14:30:22,746 - utils.capping_2_step - INFO - Collective budget used: 42.33% / 36.00%
2025-11-06 14:30:22,746 - utils.capping_2_step - INFO - Excess weight to redistribute: 26.35%
2025-11-06 14:30:22,746 - utils.capping_2_step - INFO - 
--- Iteration 49 ---
2025-11-06 14:30:22,746 - utils.capping_2_step - INFO - Companies at 9%: 3
2025-11-06 14:30:22,746 - utils.capping_2_step - INFO - Collective budget used: 42.33% / 36.00%
2025-11-06 14:30:22,746 - utils.capping_2_step - INFO - Excess weight to redistribute: 26.35%
2025-11-06 14:30:22,746 - utils.capping_2_step - INFO - 
--- Iteration 50 ---
2025-11-06 14:30:22,746 - utils.capping_2_step - INFO - Companies at 9%: 3
2025-11-06 14:30:22,746 - utils.capping_2_step - INFO - Collective budget used: 42.33% / 36.00%
2025-11-06 14:30:22,746 - utils.capping_2_step - INFO - Excess weight to redistribute: 26.35%
2025-11-06 14:30:22,746 - utils.capping_2_step - INFO - 
--- Iteration 51 ---
2025-11-06 14:30:22,749 - utils.capping_2_step - INFO - Companies at 9%: 3
2025-11-06 14:30:22,749 - utils.capping_2_step - INFO - Collective budget used: 42.33% / 36.00%
2025-11-06 14:30:22,749 - utils.capping_2_step - INFO - Excess weight to redistribute: 26.35%
2025-11-06 14:30:22,749 - utils.capping_2_step - INFO - 
--- Iteration 52 ---
2025-11-06 14:30:22,750 - utils.capping_2_step - INFO - Companies at 9%: 3
2025-11-06 14:30:22,750 - utils.capping_2_step - INFO - Collective budget used: 42.33% / 36.00%
2025-11-06 14:30:22,750 - utils.capping_2_step - INFO - Excess weight to redistribute: 26.35%
2025-11-06 14:30:22,750 - utils.capping_2_step - INFO - 
--- Iteration 53 ---
2025-11-06 14:30:22,751 - utils.capping_2_step - INFO - Companies at 9%: 3
2025-11-06 14:30:22,751 - utils.capping_2_step - INFO - Collective budget used: 42.33% / 36.00%
2025-11-06 14:30:22,751 - utils.capping_2_step - INFO - Excess weight to redistribute: 26.35%
2025-11-06 14:30:22,751 - utils.capping_2_step - INFO - 
--- Iteration 54 ---
2025-11-06 14:30:22,751 - utils.capping_2_step - INFO - Companies at 9%: 3
2025-11-06 14:30:22,751 - utils.capping_2_step - INFO - Collective budget used: 42.33% / 36.00%
2025-11-06 14:30:22,752 - utils.capping_2_step - INFO - Excess weight to redistribute: 26.35%
2025-11-06 14:30:22,752 - utils.capping_2_step - INFO - 
--- Iteration 55 ---
2025-11-06 14:30:22,752 - utils.capping_2_step - INFO - Companies at 9%: 3
2025-11-06 14:30:22,752 - utils.capping_2_step - INFO - Collective budget used: 42.33% / 36.00%
2025-11-06 14:30:22,752 - utils.capping_2_step - INFO - Excess weight to redistribute: 26.35%
2025-11-06 14:30:22,752 - utils.capping_2_step - INFO - 
--- Iteration 56 ---
2025-11-06 14:30:22,753 - utils.capping_2_step - INFO - Companies at 9%: 3
2025-11-06 14:30:22,753 - utils.capping_2_step - INFO - Collective budget used: 42.33% / 36.00%
2025-11-06 14:30:22,753 - utils.capping_2_step - INFO - Excess weight to redistribute: 26.35%
2025-11-06 14:30:22,753 - utils.capping_2_step - INFO - 
--- Iteration 57 ---
2025-11-06 14:30:22,754 - utils.capping_2_step - INFO - Companies at 9%: 3
2025-11-06 14:30:22,754 - utils.capping_2_step - INFO - Collective budget used: 42.33% / 36.00%
2025-11-06 14:30:22,754 - utils.capping_2_step - INFO - Excess weight to redistribute: 26.35%
2025-11-06 14:30:22,754 - utils.capping_2_step - INFO - 
--- Iteration 58 ---
2025-11-06 14:30:22,755 - utils.capping_2_step - INFO - Companies at 9%: 3
2025-11-06 14:30:22,755 - utils.capping_2_step - INFO - Collective budget used: 42.33% / 36.00%
2025-11-06 14:30:22,755 - utils.capping_2_step - INFO - Excess weight to redistribute: 26.35%
2025-11-06 14:30:22,755 - utils.capping_2_step - INFO - 
--- Iteration 59 ---
2025-11-06 14:30:22,755 - utils.capping_2_step - INFO - Companies at 9%: 3
2025-11-06 14:30:22,755 - utils.capping_2_step - INFO - Collective budget used: 42.33% / 36.00%
2025-11-06 14:30:22,755 - utils.capping_2_step - INFO - Excess weight to redistribute: 26.35%
2025-11-06 14:30:22,755 - utils.capping_2_step - INFO - 
--- Iteration 60 ---
2025-11-06 14:30:22,755 - utils.capping_2_step - INFO - Companies at 9%: 3
2025-11-06 14:30:22,755 - utils.capping_2_step - INFO - Collective budget used: 42.33% / 36.00%
2025-11-06 14:30:22,755 - utils.capping_2_step - INFO - Excess weight to redistribute: 26.35%
2025-11-06 14:30:22,755 - utils.capping_2_step - INFO - 
--- Iteration 61 ---
2025-11-06 14:30:22,755 - utils.capping_2_step - INFO - Companies at 9%: 3
2025-11-06 14:30:22,755 - utils.capping_2_step - INFO - Collective budget used: 42.33% / 36.00%
2025-11-06 14:30:22,758 - utils.capping_2_step - INFO - Excess weight to redistribute: 26.35%
2025-11-06 14:30:22,758 - utils.capping_2_step - INFO - 
--- Iteration 62 ---
2025-11-06 14:30:22,758 - utils.capping_2_step - INFO - Companies at 9%: 3
2025-11-06 14:30:22,759 - utils.capping_2_step - INFO - Collective budget used: 42.33% / 36.00%
2025-11-06 14:30:22,759 - utils.capping_2_step - INFO - Excess weight to redistribute: 26.35%
2025-11-06 14:30:22,760 - utils.capping_2_step - INFO - 
--- Iteration 63 ---
2025-11-06 14:30:22,760 - utils.capping_2_step - INFO - Companies at 9%: 3
2025-11-06 14:30:22,760 - utils.capping_2_step - INFO - Collective budget used: 42.33% / 36.00%
2025-11-06 14:30:22,760 - utils.capping_2_step - INFO - Excess weight to redistribute: 26.35%
2025-11-06 14:30:22,760 - utils.capping_2_step - INFO - 
--- Iteration 64 ---
2025-11-06 14:30:22,761 - utils.capping_2_step - INFO - Companies at 9%: 3
2025-11-06 14:30:22,761 - utils.capping_2_step - INFO - Collective budget used: 42.33% / 36.00%
2025-11-06 14:30:22,761 - utils.capping_2_step - INFO - Excess weight to redistribute: 26.35%
2025-11-06 14:30:22,761 - utils.capping_2_step - INFO - 
--- Iteration 65 ---
2025-11-06 14:30:22,762 - utils.capping_2_step - INFO - Companies at 9%: 3
2025-11-06 14:30:22,762 - utils.capping_2_step - INFO - Collective budget used: 42.33% / 36.00%
2025-11-06 14:30:22,762 - utils.capping_2_step - INFO - Excess weight to redistribute: 26.35%
2025-11-06 14:30:22,762 - utils.capping_2_step - INFO - 
--- Iteration 66 ---
2025-11-06 14:30:22,762 - utils.capping_2_step - INFO - Companies at 9%: 3
2025-11-06 14:30:22,763 - utils.capping_2_step - INFO - Collective budget used: 42.33% / 36.00%
2025-11-06 14:30:22,763 - utils.capping_2_step - INFO - Excess weight to redistribute: 26.35%
2025-11-06 14:30:22,763 - utils.capping_2_step - INFO - 
--- Iteration 67 ---
2025-11-06 14:30:22,763 - utils.capping_2_step - INFO - Companies at 9%: 3
2025-11-06 14:30:22,763 - utils.capping_2_step - INFO - Collective budget used: 42.33% / 36.00%
2025-11-06 14:30:22,763 - utils.capping_2_step - INFO - Excess weight to redistribute: 26.35%
2025-11-06 14:30:22,763 - utils.capping_2_step - INFO - 
--- Iteration 68 ---
2025-11-06 14:30:22,763 - utils.capping_2_step - INFO - Companies at 9%: 3
2025-11-06 14:30:22,763 - utils.capping_2_step - INFO - Collective budget used: 42.33% / 36.00%
2025-11-06 14:30:22,763 - utils.capping_2_step - INFO - Excess weight to redistribute: 26.35%
2025-11-06 14:30:22,763 - utils.capping_2_step - INFO - 
--- Iteration 69 ---
2025-11-06 14:30:22,763 - utils.capping_2_step - INFO - Companies at 9%: 3
2025-11-06 14:30:22,763 - utils.capping_2_step - INFO - Collective budget used: 42.33% / 36.00%
2025-11-06 14:30:22,763 - utils.capping_2_step - INFO - Excess weight to redistribute: 26.35%
2025-11-06 14:30:22,763 - utils.capping_2_step - INFO - 
--- Iteration 70 ---
2025-11-06 14:30:22,763 - utils.capping_2_step - INFO - Companies at 9%: 3
2025-11-06 14:30:22,763 - utils.capping_2_step - INFO - Collective budget used: 42.33% / 36.00%
2025-11-06 14:30:22,763 - utils.capping_2_step - INFO - Excess weight to redistribute: 26.35%
2025-11-06 14:30:22,763 - utils.capping_2_step - INFO - 
--- Iteration 71 ---
2025-11-06 14:30:22,763 - utils.capping_2_step - INFO - Companies at 9%: 3
2025-11-06 14:30:22,763 - utils.capping_2_step - INFO - Collective budget used: 42.33% / 36.00%
2025-11-06 14:30:22,763 - utils.capping_2_step - INFO - Excess weight to redistribute: 26.35%
2025-11-06 14:30:22,768 - utils.capping_2_step - INFO - 
--- Iteration 72 ---
2025-11-06 14:30:22,768 - utils.capping_2_step - INFO - Companies at 9%: 3
2025-11-06 14:30:22,768 - utils.capping_2_step - INFO - Collective budget used: 42.33% / 36.00%
2025-11-06 14:30:22,768 - utils.capping_2_step - INFO - Excess weight to redistribute: 26.35%
2025-11-06 14:30:22,768 - utils.capping_2_step - INFO - 
--- Iteration 73 ---
2025-11-06 14:30:22,769 - utils.capping_2_step - INFO - Companies at 9%: 3
2025-11-06 14:30:22,769 - utils.capping_2_step - INFO - Collective budget used: 42.33% / 36.00%
2025-11-06 14:30:22,770 - utils.capping_2_step - INFO - Excess weight to redistribute: 26.35%
2025-11-06 14:30:22,770 - utils.capping_2_step - INFO - 
--- Iteration 74 ---
2025-11-06 14:30:22,771 - utils.capping_2_step - INFO - Companies at 9%: 3
2025-11-06 14:30:22,771 - utils.capping_2_step - INFO - Collective budget used: 42.33% / 36.00%
2025-11-06 14:30:22,772 - utils.capping_2_step - INFO - Excess weight to redistribute: 26.35%
2025-11-06 14:30:22,772 - utils.capping_2_step - INFO - 
--- Iteration 75 ---
2025-11-06 14:30:22,772 - utils.capping_2_step - INFO - Companies at 9%: 3
2025-11-06 14:30:22,773 - utils.capping_2_step - INFO - Collective budget used: 42.33% / 36.00%
2025-11-06 14:30:22,773 - utils.capping_2_step - INFO - Excess weight to redistribute: 26.35%
2025-11-06 14:30:22,773 - utils.capping_2_step - INFO - 
--- Iteration 76 ---
2025-11-06 14:30:22,773 - utils.capping_2_step - INFO - Companies at 9%: 3
2025-11-06 14:30:22,773 - utils.capping_2_step - INFO - Collective budget used: 42.33% / 36.00%
2025-11-06 14:30:22,774 - utils.capping_2_step - INFO - Excess weight to redistribute: 26.35%
2025-11-06 14:30:22,774 - utils.capping_2_step - INFO - 
--- Iteration 77 ---
2025-11-06 14:30:22,775 - utils.capping_2_step - INFO - Companies at 9%: 3
2025-11-06 14:30:22,775 - utils.capping_2_step - INFO - Collective budget used: 42.33% / 36.00%
2025-11-06 14:30:22,775 - utils.capping_2_step - INFO - Excess weight to redistribute: 26.35%
2025-11-06 14:30:22,775 - utils.capping_2_step - INFO - 
--- Iteration 78 ---
2025-11-06 14:30:22,775 - utils.capping_2_step - INFO - Companies at 9%: 3
2025-11-06 14:30:22,776 - utils.capping_2_step - INFO - Collective budget used: 42.33% / 36.00%
2025-11-06 14:30:22,776 - utils.capping_2_step - INFO - Excess weight to redistribute: 26.35%
2025-11-06 14:30:22,776 - utils.capping_2_step - INFO - 
--- Iteration 79 ---
2025-11-06 14:30:22,776 - utils.capping_2_step - INFO - Companies at 9%: 3
2025-11-06 14:30:22,776 - utils.capping_2_step - INFO - Collective budget used: 42.33% / 36.00%
2025-11-06 14:30:22,777 - utils.capping_2_step - INFO - Excess weight to redistribute: 26.35%
2025-11-06 14:30:22,777 - utils.capping_2_step - INFO - 
--- Iteration 80 ---
2025-11-06 14:30:22,778 - utils.capping_2_step - INFO - Companies at 9%: 3
2025-11-06 14:30:22,778 - utils.capping_2_step - INFO - Collective budget used: 42.33% / 36.00%
2025-11-06 14:30:22,778 - utils.capping_2_step - INFO - Excess weight to redistribute: 26.35%
2025-11-06 14:30:22,778 - utils.capping_2_step - INFO - 
--- Iteration 81 ---
2025-11-06 14:30:22,778 - utils.capping_2_step - INFO - Companies at 9%: 3
2025-11-06 14:30:22,778 - utils.capping_2_step - INFO - Collective budget used: 42.33% / 36.00%
2025-11-06 14:30:22,778 - utils.capping_2_step - INFO - Excess weight to redistribute: 26.35%
2025-11-06 14:30:22,778 - utils.capping_2_step - INFO - 
--- Iteration 82 ---
2025-11-06 14:30:22,779 - utils.capping_2_step - INFO - Companies at 9%: 3
2025-11-06 14:30:22,779 - utils.capping_2_step - INFO - Collective budget used: 42.33% / 36.00%
2025-11-06 14:30:22,779 - utils.capping_2_step - INFO - Excess weight to redistribute: 26.35%
2025-11-06 14:30:22,779 - utils.capping_2_step - INFO - 
--- Iteration 83 ---
2025-11-06 14:30:22,779 - utils.capping_2_step - INFO - Companies at 9%: 3
2025-11-06 14:30:22,779 - utils.capping_2_step - INFO - Collective budget used: 42.33% / 36.00%
2025-11-06 14:30:22,779 - utils.capping_2_step - INFO - Excess weight to redistribute: 26.35%
2025-11-06 14:30:22,779 - utils.capping_2_step - INFO - 
--- Iteration 84 ---
2025-11-06 14:30:22,779 - utils.capping_2_step - INFO - Companies at 9%: 3
2025-11-06 14:30:22,779 - utils.capping_2_step - INFO - Collective budget used: 42.33% / 36.00%
2025-11-06 14:30:22,779 - utils.capping_2_step - INFO - Excess weight to redistribute: 26.35%
2025-11-06 14:30:22,779 - utils.capping_2_step - INFO - 
--- Iteration 85 ---
2025-11-06 14:30:22,779 - utils.capping_2_step - INFO - Companies at 9%: 3
2025-11-06 14:30:22,779 - utils.capping_2_step - INFO - Collective budget used: 42.33% / 36.00%
2025-11-06 14:30:22,779 - utils.capping_2_step - INFO - Excess weight to redistribute: 26.35%
2025-11-06 14:30:22,779 - utils.capping_2_step - INFO - 
--- Iteration 86 ---
2025-11-06 14:30:22,779 - utils.capping_2_step - INFO - Companies at 9%: 3
2025-11-06 14:30:22,779 - utils.capping_2_step - INFO - Collective budget used: 42.33% / 36.00%
2025-11-06 14:30:22,783 - utils.capping_2_step - INFO - Excess weight to redistribute: 26.35%
2025-11-06 14:30:22,783 - utils.capping_2_step - INFO - 
--- Iteration 87 ---
2025-11-06 14:30:22,783 - utils.capping_2_step - INFO - Companies at 9%: 3
2025-11-06 14:30:22,784 - utils.capping_2_step - INFO - Collective budget used: 42.33% / 36.00%
2025-11-06 14:30:22,784 - utils.capping_2_step - INFO - Excess weight to redistribute: 26.35%
2025-11-06 14:30:22,784 - utils.capping_2_step - INFO - 
--- Iteration 88 ---
2025-11-06 14:30:22,784 - utils.capping_2_step - INFO - Companies at 9%: 3
2025-11-06 14:30:22,784 - utils.capping_2_step - INFO - Collective budget used: 42.33% / 36.00%
2025-11-06 14:30:22,784 - utils.capping_2_step - INFO - Excess weight to redistribute: 26.35%
2025-11-06 14:30:22,784 - utils.capping_2_step - INFO - 
--- Iteration 89 ---
2025-11-06 14:30:22,785 - utils.capping_2_step - INFO - Companies at 9%: 3
2025-11-06 14:30:22,785 - utils.capping_2_step - INFO - Collective budget used: 42.33% / 36.00%
2025-11-06 14:30:22,785 - utils.capping_2_step - INFO - Excess weight to redistribute: 26.35%
2025-11-06 14:30:22,785 - utils.capping_2_step - INFO - 
--- Iteration 90 ---
2025-11-06 14:30:22,785 - utils.capping_2_step - INFO - Companies at 9%: 3
2025-11-06 14:30:22,785 - utils.capping_2_step - INFO - Collective budget used: 42.33% / 36.00%
2025-11-06 14:30:22,786 - utils.capping_2_step - INFO - Excess weight to redistribute: 26.35%
2025-11-06 14:30:22,786 - utils.capping_2_step - INFO - 
--- Iteration 91 ---
2025-11-06 14:30:22,786 - utils.capping_2_step - INFO - Companies at 9%: 3
2025-11-06 14:30:22,786 - utils.capping_2_step - INFO - Collective budget used: 42.33% / 36.00%
2025-11-06 14:30:22,786 - utils.capping_2_step - INFO - Excess weight to redistribute: 26.35%
2025-11-06 14:30:22,786 - utils.capping_2_step - INFO - 
--- Iteration 92 ---
2025-11-06 14:30:22,787 - utils.capping_2_step - INFO - Companies at 9%: 3
2025-11-06 14:30:22,787 - utils.capping_2_step - INFO - Collective budget used: 42.33% / 36.00%
2025-11-06 14:30:22,787 - utils.capping_2_step - INFO - Excess weight to redistribute: 26.35%
2025-11-06 14:30:22,787 - utils.capping_2_step - INFO - 
--- Iteration 93 ---
2025-11-06 14:30:22,788 - utils.capping_2_step - INFO - Companies at 9%: 3
2025-11-06 14:30:22,788 - utils.capping_2_step - INFO - Collective budget used: 42.33% / 36.00%
2025-11-06 14:30:22,788 - utils.capping_2_step - INFO - Excess weight to redistribute: 26.35%
2025-11-06 14:30:22,788 - utils.capping_2_step - INFO - 
--- Iteration 94 ---
2025-11-06 14:30:22,788 - utils.capping_2_step - INFO - Companies at 9%: 3
2025-11-06 14:30:22,790 - utils.capping_2_step - INFO - Collective budget used: 42.33% / 36.00%
2025-11-06 14:30:22,790 - utils.capping_2_step - INFO - Excess weight to redistribute: 26.35%
2025-11-06 14:30:22,790 - utils.capping_2_step - INFO - 
--- Iteration 95 ---
2025-11-06 14:30:22,790 - utils.capping_2_step - INFO - Companies at 9%: 3
2025-11-06 14:30:22,790 - utils.capping_2_step - INFO - Collective budget used: 42.33% / 36.00%
2025-11-06 14:30:22,790 - utils.capping_2_step - INFO - Excess weight to redistribute: 26.35%
2025-11-06 14:30:22,790 - utils.capping_2_step - INFO - 
--- Iteration 96 ---
2025-11-06 14:30:22,790 - utils.capping_2_step - INFO - Companies at 9%: 3
2025-11-06 14:30:22,790 - utils.capping_2_step - INFO - Collective budget used: 42.33% / 36.00%
2025-11-06 14:30:22,790 - utils.capping_2_step - INFO - Excess weight to redistribute: 26.35%
2025-11-06 14:30:22,790 - utils.capping_2_step - INFO - 
--- Iteration 97 ---
2025-11-06 14:30:22,790 - utils.capping_2_step - INFO - Companies at 9%: 3
2025-11-06 14:30:22,790 - utils.capping_2_step - INFO - Collective budget used: 42.33% / 36.00%
2025-11-06 14:30:22,790 - utils.capping_2_step - INFO - Excess weight to redistribute: 26.35%
2025-11-06 14:30:22,790 - utils.capping_2_step - INFO - 
--- Iteration 98 ---
2025-11-06 14:30:22,790 - utils.capping_2_step - INFO - Companies at 9%: 3
2025-11-06 14:30:22,790 - utils.capping_2_step - INFO - Collective budget used: 42.33% / 36.00%
2025-11-06 14:30:22,790 - utils.capping_2_step - INFO - Excess weight to redistribute: 26.35%
2025-11-06 14:30:22,790 - utils.capping_2_step - INFO - 
--- Iteration 99 ---
2025-11-06 14:30:22,790 - utils.capping_2_step - INFO - Companies at 9%: 3
2025-11-06 14:30:22,790 - utils.capping_2_step - INFO - Collective budget used: 42.33% / 36.00%
2025-11-06 14:30:22,790 - utils.capping_2_step - INFO - Excess weight to redistribute: 26.35%
2025-11-06 14:30:22,793 - utils.capping_2_step - INFO - 
--- Iteration 100 ---
2025-11-06 14:30:22,793 - utils.capping_2_step - INFO - Companies at 9%: 3
2025-11-06 14:30:22,793 - utils.capping_2_step - INFO - Collective budget used: 42.33% / 36.00%
2025-11-06 14:30:22,793 - utils.capping_2_step - INFO - Excess weight to redistribute: 26.35%
2025-11-06 14:30:22,793 - Review.reviews.aetaw_review - ERROR - Error during review calculation: unsupported operand type(s) for /: 'NoneType' and 'float'
2025-11-06 14:30:22,797 - werkzeug - INFO -  * Detected change in 'C:\\Users\\CSonneveld\\OneDrive - Euronext\\Documents\\Projects\\GUI + Reviews\\Review\\reviews\\aetaw_review.py', reloading
2025-11-06 14:30:22,798 - werkzeug - INFO -  * Detected change in 'C:\\Users\\CSonneveld\\AppData\\Roaming\\Python\\Python312\\site-packages\\pandas\\core\\ops\\common.py', reloading
2025-11-06 14:30:22,799 - werkzeug - INFO -  * Detected change in 'C:\\Users\\CSonneveld\\AppData\\Roaming\\Python\\Python312\\site-packages\\pandas\\core\\arraylike.py', reloading
2025-11-06 14:30:22,801 - werkzeug - INFO -  * Detected change in 'C:\\Users\\CSonneveld\\AppData\\Roaming\\Python\\Python312\\site-packages\\pandas\\core\\series.py', reloading
2025-11-06 14:30:22,802 - werkzeug - INFO -  * Detected change in 'C:\\Users\\CSonneveld\\AppData\\Roaming\\Python\\Python312\\site-packages\\pandas\\core\\base.py', reloading
2025-11-06 14:30:22,802 - werkzeug - INFO -  * Detected change in 'C:\\Users\\CSonneveld\\AppData\\Roaming\\Python\\Python312\\site-packages\\pandas\\core\\ops\\array_ops.py', reloading
2025-11-06 14:30:22,803 - werkzeug - INFO -  * Detected change in 'C:\\Users\\CSonneveld\\AppData\\Roaming\\Python\\Python312\\site-packages\\pandas\\core\\computation\\expressions.py', reloading
2025-11-06 14:30:22,805 - Review.reviews.aetaw_review - ERROR - Traceback (most recent call last):
  File "C:\Users\CSonneveld\OneDrive - Euronext\Documents\Projects\GUI + Reviews\Review\reviews\aetaw_review.py", line 144, in run_aetaw_review
    selection_df['Capping Factor'] = capped_weights / selection_df['Uncapped Weight']
                                     ~~~~~~~~~~~~~~~^~~~~~~~~~~~~~~~~~~~~~~~~~~~~~~~~
  File "C:\Users\CSonneveld\AppData\Roaming\Python\Python312\site-packages\pandas\core\ops\common.py", line 76, in new_method
    return method(self, other)
           ^^^^^^^^^^^^^^^^^^^
  File "C:\Users\CSonneveld\AppData\Roaming\Python\Python312\site-packages\pandas\core\arraylike.py", line 214, in __rtruediv__
    return self._arith_method(other, roperator.rtruediv)
           ^^^^^^^^^^^^^^^^^^^^^^^^^^^^^^^^^^^^^^^^^^^^^
  File "C:\Users\CSonneveld\AppData\Roaming\Python\Python312\site-packages\pandas\core\series.py", line 6135, in _arith_method
    return base.IndexOpsMixin._arith_method(self, other, op)
           ^^^^^^^^^^^^^^^^^^^^^^^^^^^^^^^^^^^^^^^^^^^^^^^^^
  File "C:\Users\CSonneveld\AppData\Roaming\Python\Python312\site-packages\pandas\core\base.py", line 1382, in _arith_method
    result = ops.arithmetic_op(lvalues, rvalues, op)
             ^^^^^^^^^^^^^^^^^^^^^^^^^^^^^^^^^^^^^^^
  File "C:\Users\CSonneveld\AppData\Roaming\Python\Python312\site-packages\pandas\core\ops\array_ops.py", line 283, in arithmetic_op
    res_values = _na_arithmetic_op(left, right, op)  # type: ignore[arg-type]
                 ^^^^^^^^^^^^^^^^^^^^^^^^^^^^^^^^^^
  File "C:\Users\CSonneveld\AppData\Roaming\Python\Python312\site-packages\pandas\core\ops\array_ops.py", line 218, in _na_arithmetic_op
    result = func(left, right)
             ^^^^^^^^^^^^^^^^^
  File "C:\Users\CSonneveld\AppData\Roaming\Python\Python312\site-packages\pandas\core\computation\expressions.py", line 242, in evaluate
    return _evaluate(op, op_str, a, b)  # type: ignore[misc]
           ^^^^^^^^^^^^^^^^^^^^^^^^^^^
  File "C:\Users\CSonneveld\AppData\Roaming\Python\Python312\site-packages\pandas\core\computation\expressions.py", line 73, in _evaluate_standard
    return op(a, b)
           ^^^^^^^^
  File "C:\Users\CSonneveld\AppData\Roaming\Python\Python312\site-packages\pandas\core\roperator.py", line 27, in rtruediv
    return right / left
           ~~~~~~^~~~~~
TypeError: unsupported operand type(s) for /: 'NoneType' and 'float'

2025-11-06 14:30:22,805 - werkzeug - INFO -  * Detected change in 'C:\\Users\\CSonneveld\\AppData\\Roaming\\Python\\Python312\\site-packages\\pandas\\core\\roperator.py', reloading
