2025-04-14 15:45:34,746 - werkzeug - WARNING -  * Debugger is active!
2025-04-14 15:45:34,746 - werkzeug - INFO -  * Debugger PIN: 691-175-853
2025-04-14 15:45:36,328 - Review.reviews.lc3wp_review - INFO - Loading EOD data...
2025-04-14 15:45:39,940 - Review.reviews.lc3wp_review - INFO - Loading reference data...
2025-04-14 15:45:49,743 - Review.reviews.lc3wp_review - WARNING - Removed 18750 duplicate rows from cdp_climate_df
2025-04-14 15:45:49,743 - Review.reviews.lc3wp_review - INFO - Adding Free Float data...
2025-04-14 15:45:49,775 - Review.reviews.lc3wp_review - INFO - Adding ICB Subsector data...
2025-04-14 15:45:49,791 - Review.reviews.lc3wp_review - WARNING - Removed 9315 duplicate rows from ICB data
2025-04-14 15:45:50,010 - Review.reviews.lc3wp_review - INFO - Debug file saved to C:\Users\CSonneveld\OneDrive - Euronext\Documents\Projects\GUI + Reviews\debug\universe_df_after_nace_20250414_154549.xlsx
2025-04-14 15:45:50,010 - Review.reviews.lc3wp_review - INFO - Adding CDP Climate data...
2025-04-14 15:45:50,020 - Review.reviews.lc3wp_review - INFO - Adding Oekom Trust & Carbon data...
2025-04-14 15:45:50,026 - Review.reviews.lc3wp_review - INFO - Adding NACE data...
2025-04-14 15:45:50,029 - Review.reviews.lc3wp_review - INFO - Adding EU Taxonomy flag...
2025-04-14 15:45:50,030 - Review.reviews.lc3wp_review - INFO - Checking GAFI lists and Non-fiscally cooperative countries...
2025-04-14 15:45:50,030 - Review.reviews.lc3wp_review - INFO - Applying exclusion criteria...
2025-04-14 15:45:50,043 - Review.reviews.lc3wp_review - INFO - Marked 149 companies (10%) with worst SG scores for exclusion
2025-04-14 15:45:50,057 - Review.reviews.lc3wp_review - INFO - Calculating Climate Score for ranking...
2025-04-14 15:45:50,064 - Review.reviews.lc3wp_review - INFO - Selecting EU Taxonomy companies...
2025-04-14 15:45:50,065 - Review.reviews.lc3wp_review - INFO - Found 14 EU Taxonomy companies after exclusions
2025-04-14 15:45:50,067 - Review.reviews.lc3wp_review - INFO - Found 979 Non-EU Taxonomy eligible companies after exclusions
2025-04-14 15:45:50,067 - Review.reviews.lc3wp_review - INFO - STEP 4a: Determining target number of Non-EU Taxonomy companies per super-sector...
2025-04-14 15:45:50,067 - Review.reviews.lc3wp_review - INFO - Target number of Non-EU Taxonomy companies: 286
2025-04-14 15:45:50,068 - Review.reviews.lc3wp_review - INFO - Total eligible Non-EU Taxonomy companies: 979
2025-04-14 15:45:50,069 - Review.reviews.lc3wp_review - INFO - Total target after rounding: 295 (vs. target of 286)
2025-04-14 15:45:50,069 - Review.reviews.lc3wp_review - INFO - Need to remove 9 companies due to rounding up
2025-04-14 15:45:50,070 - Review.reviews.lc3wp_review - INFO - STEP 4b: Selecting Non-EU Taxonomy companies based on climate score...
2025-04-14 15:45:50,071 - Review.reviews.lc3wp_review - INFO - Selected 39 companies from super-sector 1010.0
2025-04-14 15:45:50,073 - Review.reviews.lc3wp_review - INFO - Selected 12 companies from super-sector 1510.0
2025-04-14 15:45:50,074 - Review.reviews.lc3wp_review - INFO - Selected 34 companies from super-sector 2010.0
2025-04-14 15:45:50,076 - Review.reviews.lc3wp_review - INFO - Selected 24 companies from super-sector 3010.0
2025-04-14 15:45:50,077 - Review.reviews.lc3wp_review - INFO - Selected 21 companies from super-sector 3020.0
2025-04-14 15:45:50,077 - Review.reviews.lc3wp_review - INFO - Selected 19 companies from super-sector 3030.0
2025-04-14 15:45:50,078 - Review.reviews.lc3wp_review - INFO - Selected 24 companies from super-sector 3510.0
2025-04-14 15:45:50,079 - Review.reviews.lc3wp_review - INFO - Selected 6 companies from super-sector 4010.0
2025-04-14 15:45:50,080 - Review.reviews.lc3wp_review - INFO - Selected 17 companies from super-sector 4020.0
2025-04-14 15:45:50,081 - Review.reviews.lc3wp_review - INFO - Selected 5 companies from super-sector 4030.0
2025-04-14 15:45:50,082 - Review.reviews.lc3wp_review - INFO - Selected 8 companies from super-sector 4040.0
2025-04-14 15:45:50,082 - Review.reviews.lc3wp_review - INFO - Selected 11 companies from super-sector 4050.0
2025-04-14 15:45:50,083 - Review.reviews.lc3wp_review - INFO - Selected 15 companies from super-sector 4510.0
2025-04-14 15:45:50,084 - Review.reviews.lc3wp_review - INFO - Selected 8 companies from super-sector 4520.0
2025-04-14 15:45:50,085 - Review.reviews.lc3wp_review - INFO - Selected 6 companies from super-sector 5010.0
2025-04-14 15:45:50,086 - Review.reviews.lc3wp_review - INFO - Selected 33 companies from super-sector 5020.0
2025-04-14 15:45:50,087 - Review.reviews.lc3wp_review - INFO - Selected 6 companies from super-sector 5510.0
2025-04-14 15:45:50,087 - Review.reviews.lc3wp_review - INFO - Selected 5 companies from super-sector 5520.0
2025-04-14 15:45:50,087 - Review.reviews.lc3wp_review - INFO - Selected 2 companies from super-sector 6510.0
2025-04-14 15:45:50,093 - Review.reviews.lc3wp_review - INFO - Initial selection has 295 companies, need to remove 9
2025-04-14 15:45:50,118 - Review.reviews.lc3wp_review - INFO - Removed company US38141G1040 from supersector 3020.0 (Climate Score: 2.75)
2025-04-14 15:45:50,124 - Review.reviews.lc3wp_review - INFO - Removed company AU000000ANZ3 from supersector 3010.0 (Climate Score: 2.75)
2025-04-14 15:45:50,131 - Review.reviews.lc3wp_review - INFO - Removed company CA0679011084 from supersector 5510.0 (Climate Score: 2.58973159003276)
2025-04-14 15:45:50,132 - Review.reviews.lc3wp_review - INFO - Removed company JP3539220008 from supersector 3030.0 (Climate Score: 2.5)
2025-04-14 15:45:50,143 - Review.reviews.lc3wp_review - INFO - Removed company US7475251036 from supersector 1010.0 (Climate Score: 2.30023900135313)
2025-04-14 15:45:50,148 - Review.reviews.lc3wp_review - INFO - Removed company US2538681030 from supersector 3510.0 (Climate Score: 2.26099033267267)
2025-04-14 15:45:50,149 - Review.reviews.lc3wp_review - INFO - Removed company JP3705200008 from supersector 4050.0 (Climate Score: 2.24552928645429)
2025-04-14 15:45:50,160 - Review.reviews.lc3wp_review - INFO - Removed company DE0005552004 from supersector 5020.0 (Climate Score: 2.220375488488155)
2025-04-14 15:45:50,160 - Review.reviews.lc3wp_review - INFO - Removed company US4595061015 from supersector 5520.0 (Climate Score: 2.2099302264427454)
2025-04-14 15:45:50,167 - Review.reviews.lc3wp_review - INFO - Final Non-EU Taxonomy selection has 286 companies
2025-04-14 15:45:50,168 - Review.reviews.lc3wp_review - INFO - Minimum companies per supersector: 2
2025-04-14 15:45:50,172 - Review.reviews.lc3wp_review - INFO - Final selection contains 300 companies
2025-04-14 15:45:50,172 - Review.reviews.lc3wp_review - INFO - - EU Taxonomy: 14
2025-04-14 15:45:50,172 - Review.reviews.lc3wp_review - INFO - - Non-EU Taxonomy: 286
2025-04-14 15:45:50,173 - Review.reviews.lc3wp_review - INFO - Adding PAB flag based on CDP temperature score...
2025-04-14 15:45:50,174 - Review.reviews.lc3wp_review - INFO - Calculating liquidity constraints for all companies...
2025-04-14 15:45:50,174 - Review.reviews.lc3wp_review - INFO - Total FFMC for all companies: 12226522934395.22
2025-04-14 15:45:50,176 - Review.reviews.lc3wp_review - INFO - Market cap based weights calculated for EU Taxonomy companies
2025-04-14 15:45:50,177 - Review.reviews.lc3wp_review - INFO - Liquidity caps for EU Taxonomy companies - Max: 4.5158%, Min: 0.5387%, Avg: 1.7199%
2025-04-14 15:45:50,177 - Review.reviews.lc3wp_review - INFO - Liquidity floors for EU Taxonomy companies - Max: 0.0000%, Min: 0.0000%, Avg: 0.0000%
2025-04-14 15:45:50,177 - Review.reviews.lc3wp_review - INFO - No liquidity issues found for EU Taxonomy companies
2025-04-14 15:45:50,178 - Review.reviews.lc3wp_review - INFO - Liquidity caps for Non-EU Taxonomy companies - Max: 10.0000%, Min: 0.1507%, Avg: 3.7598%
2025-04-14 15:45:50,178 - Review.reviews.lc3wp_review - INFO - Liquidity floors for Non-EU Taxonomy companies - Max: 0.0000%, Min: 0.0000%, Avg: 0.0000%
2025-04-14 15:45:50,178 - Review.reviews.lc3wp_review - INFO - No liquidity issues found for Non-EU Taxonomy companies
2025-04-14 15:45:50,186 - Review.reviews.lc3wp_review - INFO - Liquidity constraints have been calculated for all 300 companies
2025-04-14 15:45:50,186 - Review.reviews.lc3wp_review - INFO - Saving output files...
2025-04-14 15:45:51,680 - Review.reviews.lc3wp_review - INFO - Results saved to C:\Users\CSonneveld\OneDrive - Euronext\Documents\Projects\GUI + Reviews\output\LC3WP_review_20250414_154550.xlsx
2025-04-14 15:45:51,729 - werkzeug - INFO - 127.0.0.1 - - [14/Apr/2025 15:45:51] "POST /calculate HTTP/1.1" 200 -
2025-04-14 15:49:46,067 - werkzeug - INFO -  * Detected change in 'C:\\Users\\CSonneveld\\OneDrive - Euronext\\Documents\\Projects\\GUI + Reviews\\Review\\reviews\\lc3wp_review.py', reloading
2025-04-14 15:49:46,073 - werkzeug - INFO -  * Detected change in 'C:\\Users\\CSonneveld\\OneDrive - Euronext\\Documents\\Projects\\GUI + Reviews\\Review\\reviews\\lc3wp_review.py', reloading
2025-04-14 15:49:46,074 - werkzeug - INFO -  * Detected change in 'C:\\Users\\CSonneveld\\OneDrive - Euronext\\Documents\\Projects\\GUI + Reviews\\Review\\reviews\\lc3wp_review.py', reloading
