2025-07-23 13:14:46,974 - werkzeug - INFO - [31m[1mWARNING: This is a development server. Do not use it in a production deployment. Use a production WSGI server instead.[0m
 * Running on all addresses (0.0.0.0)
 * Running on http://127.0.0.1:5000
 * Running on http://10.199.43.197:5000
2025-07-23 13:14:46,974 - werkzeug - INFO - [33mPress CTRL+C to quit[0m
2025-07-23 13:14:46,991 - werkzeug - INFO -  * Restarting with watchdog (windowsapi)
2025-07-23 13:15:01,017 - werkzeug - INFO -  * Restarting with watchdog (windowsapi)
2025-07-23 13:15:09,991 - werkzeug - INFO -  * Restarting with watchdog (windowsapi)
2025-07-23 13:15:14,029 - werkzeug - INFO -  * Restarting with watchdog (windowsapi)
2025-07-23 13:15:22,961 - werkzeug - INFO -  * Restarting with watchdog (windowsapi)
2025-07-23 13:15:29,971 - werkzeug - INFO -  * Restarting with watchdog (windowsapi)
2025-07-23 13:15:44,799 - werkzeug - INFO -  * Restarting with watchdog (windowsapi)
2025-07-23 13:15:46,661 - werkzeug - INFO -  * Restarting with watchdog (windowsapi)
2025-07-23 13:15:57,449 - werkzeug - INFO -  * Restarting with watchdog (windowsapi)
2025-07-23 13:18:02,926 - werkzeug - INFO -  * Restarting with watchdog (windowsapi)
2025-07-23 13:19:01,424 - werkzeug - INFO -  * Restarting with watchdog (windowsapi)
2025-07-23 13:19:05,142 - werkzeug - INFO -  * Restarting with watchdog (windowsapi)
2025-07-23 13:20:32,061 - werkzeug - INFO -  * Restarting with watchdog (windowsapi)
2025-07-23 13:20:44,630 - werkzeug - INFO -  * Restarting with watchdog (windowsapi)
2025-07-23 13:20:50,572 - werkzeug - INFO -  * Restarting with watchdog (windowsapi)
2025-07-23 13:22:35,466 - werkzeug - INFO -  * Restarting with watchdog (windowsapi)
2025-07-23 13:22:37,490 - werkzeug - INFO -  * Restarting with watchdog (windowsapi)
2025-07-23 13:24:31,186 - werkzeug - INFO -  * Restarting with watchdog (windowsapi)
2025-07-23 13:24:33,116 - werkzeug - INFO -  * Restarting with watchdog (windowsapi)
2025-07-23 13:25:34,355 - werkzeug - INFO -  * Restarting with watchdog (windowsapi)
