2025-03-19 17:14:27,964 - werkzeug - WARNING -  * Debugger is active!
2025-03-19 17:14:27,966 - werkzeug - INFO -  * Debugger PIN: 691-175-853
2025-03-19 17:18:15,383 - Review.reviews.frd4p_review - INFO - Loading EOD data...
2025-03-19 17:18:18,453 - Review.reviews.frd4p_review - INFO - Loading reference data...
2025-03-19 17:18:26,519 - Review.reviews.frd4p_review - INFO - Processing sector: 1010.0, area: AS, group size: 46
2025-03-19 17:18:26,519 - Review.reviews.frd4p_review - INFO - Companies in group: 46, to exclude: 9
2025-03-19 17:18:26,519 - Review.reviews.frd4p_review - INFO - Processing sector: 1010.0, area: EU, group size: 22
2025-03-19 17:18:26,519 - Review.reviews.frd4p_review - INFO - Companies in group: 22, to exclude: 4
2025-03-19 17:18:26,519 - Review.reviews.frd4p_review - INFO - Processing sector: 1010.0, area: NA, group size: 83
2025-03-19 17:18:26,519 - Review.reviews.frd4p_review - INFO - Companies in group: 83, to exclude: 16
2025-03-19 17:18:26,519 - Review.reviews.frd4p_review - INFO - Processing sector: 1510.0, area: AS, group size: 12
2025-03-19 17:18:26,519 - Review.reviews.frd4p_review - INFO - Companies in group: 12, to exclude: 2
2025-03-19 17:18:26,519 - Review.reviews.frd4p_review - INFO - Processing sector: 1510.0, area: EU, group size: 18
2025-03-19 17:18:26,519 - Review.reviews.frd4p_review - INFO - Companies in group: 18, to exclude: 3
2025-03-19 17:18:26,519 - Review.reviews.frd4p_review - INFO - Processing sector: 1510.0, area: NA, group size: 10
2025-03-19 17:18:26,519 - Review.reviews.frd4p_review - INFO - Companies in group: 10, to exclude: 1
2025-03-19 17:18:26,519 - Review.reviews.frd4p_review - INFO - Processing sector: 2010.0, area: AS, group size: 30
2025-03-19 17:18:26,519 - Review.reviews.frd4p_review - INFO - Companies in group: 30, to exclude: 5
2025-03-19 17:18:26,519 - Review.reviews.frd4p_review - INFO - Processing sector: 2010.0, area: EU, group size: 44
2025-03-19 17:18:26,519 - Review.reviews.frd4p_review - INFO - Companies in group: 44, to exclude: 8
2025-03-19 17:18:26,519 - Review.reviews.frd4p_review - INFO - Processing sector: 2010.0, area: NA, group size: 46
2025-03-19 17:18:26,519 - Review.reviews.frd4p_review - INFO - Companies in group: 46, to exclude: 9
2025-03-19 17:18:26,529 - Review.reviews.frd4p_review - INFO - Processing sector: 3010.0, area: AS, group size: 30
2025-03-19 17:18:26,529 - Review.reviews.frd4p_review - INFO - Companies in group: 30, to exclude: 5
2025-03-19 17:18:26,530 - Review.reviews.frd4p_review - INFO - Processing sector: 3010.0, area: EU, group size: 45
2025-03-19 17:18:26,530 - Review.reviews.frd4p_review - INFO - Companies in group: 45, to exclude: 8
2025-03-19 17:18:26,530 - Review.reviews.frd4p_review - INFO - Processing sector: 3010.0, area: NA, group size: 21
2025-03-19 17:18:26,530 - Review.reviews.frd4p_review - INFO - Companies in group: 21, to exclude: 4
2025-03-19 17:18:26,530 - Review.reviews.frd4p_review - INFO - Processing sector: 3020.0, area: AS, group size: 17
2025-03-19 17:18:26,531 - Review.reviews.frd4p_review - INFO - Companies in group: 17, to exclude: 3
2025-03-19 17:18:26,531 - Review.reviews.frd4p_review - INFO - Processing sector: 3020.0, area: EU, group size: 34
2025-03-19 17:18:26,532 - Review.reviews.frd4p_review - INFO - Companies in group: 34, to exclude: 6
2025-03-19 17:18:26,532 - Review.reviews.frd4p_review - INFO - Processing sector: 3020.0, area: NA, group size: 32
2025-03-19 17:18:26,533 - Review.reviews.frd4p_review - INFO - Companies in group: 32, to exclude: 6
2025-03-19 17:18:26,534 - Review.reviews.frd4p_review - INFO - Processing sector: 3030.0, area: AS, group size: 13
2025-03-19 17:18:26,535 - Review.reviews.frd4p_review - INFO - Companies in group: 13, to exclude: 2
2025-03-19 17:18:26,536 - Review.reviews.frd4p_review - INFO - Processing sector: 3030.0, area: EU, group size: 30
2025-03-19 17:18:26,537 - Review.reviews.frd4p_review - INFO - Companies in group: 30, to exclude: 5
2025-03-19 17:18:26,537 - Review.reviews.frd4p_review - INFO - Processing sector: 3030.0, area: NA, group size: 23
2025-03-19 17:18:26,538 - Review.reviews.frd4p_review - INFO - Companies in group: 23, to exclude: 4
2025-03-19 17:18:26,538 - Review.reviews.frd4p_review - INFO - Processing sector: 3510.0, area: AS, group size: 48
2025-03-19 17:18:26,538 - Review.reviews.frd4p_review - INFO - Companies in group: 48, to exclude: 9
2025-03-19 17:18:26,539 - Review.reviews.frd4p_review - INFO - Processing sector: 3510.0, area: EU, group size: 21
2025-03-19 17:18:26,539 - Review.reviews.frd4p_review - INFO - Companies in group: 21, to exclude: 4
2025-03-19 17:18:26,540 - Review.reviews.frd4p_review - INFO - Processing sector: 3510.0, area: NA, group size: 22
2025-03-19 17:18:26,540 - Review.reviews.frd4p_review - INFO - Companies in group: 22, to exclude: 4
2025-03-19 17:18:26,540 - Review.reviews.frd4p_review - INFO - Processing sector: 4010.0, area: AS, group size: 15
2025-03-19 17:18:26,540 - Review.reviews.frd4p_review - INFO - Companies in group: 15, to exclude: 2
2025-03-19 17:18:26,540 - Review.reviews.frd4p_review - INFO - Processing sector: 4010.0, area: EU, group size: 12
2025-03-19 17:18:26,540 - Review.reviews.frd4p_review - INFO - Companies in group: 12, to exclude: 2
2025-03-19 17:18:26,540 - Review.reviews.frd4p_review - INFO - Processing sector: 4010.0, area: NA, group size: 4
2025-03-19 17:18:26,543 - Review.reviews.frd4p_review - INFO - Companies in group: 4, to exclude: 0
2025-03-19 17:18:26,543 - Review.reviews.frd4p_review - WARNING - No companies to exclude for sector 4010.0 and area NA
2025-03-19 17:18:26,544 - Review.reviews.frd4p_review - INFO - Processing sector: 4020.0, area: AS, group size: 29
2025-03-19 17:18:26,544 - Review.reviews.frd4p_review - INFO - Companies in group: 29, to exclude: 5
2025-03-19 17:18:26,545 - Review.reviews.frd4p_review - INFO - Processing sector: 4020.0, area: EU, group size: 22
2025-03-19 17:18:26,545 - Review.reviews.frd4p_review - INFO - Companies in group: 22, to exclude: 4
2025-03-19 17:18:26,546 - Review.reviews.frd4p_review - INFO - Processing sector: 4020.0, area: NA, group size: 17
2025-03-19 17:18:26,546 - Review.reviews.frd4p_review - INFO - Companies in group: 17, to exclude: 3
2025-03-19 17:18:26,547 - Review.reviews.frd4p_review - INFO - Processing sector: 4030.0, area: AS, group size: 6
2025-03-19 17:18:26,548 - Review.reviews.frd4p_review - INFO - Companies in group: 6, to exclude: 1
2025-03-19 17:18:26,548 - Review.reviews.frd4p_review - INFO - Processing sector: 4030.0, area: EU, group size: 9
2025-03-19 17:18:26,549 - Review.reviews.frd4p_review - INFO - Companies in group: 9, to exclude: 1
2025-03-19 17:18:26,550 - Review.reviews.frd4p_review - INFO - Processing sector: 4030.0, area: NA, group size: 6
2025-03-19 17:18:26,550 - Review.reviews.frd4p_review - INFO - Companies in group: 6, to exclude: 1
2025-03-19 17:18:26,550 - Review.reviews.frd4p_review - INFO - Processing sector: 4040.0, area: AS, group size: 13
2025-03-19 17:18:26,550 - Review.reviews.frd4p_review - INFO - Companies in group: 13, to exclude: 2
2025-03-19 17:18:26,550 - Review.reviews.frd4p_review - INFO - Processing sector: 4040.0, area: EU, group size: 9
2025-03-19 17:18:26,550 - Review.reviews.frd4p_review - INFO - Companies in group: 9, to exclude: 1
2025-03-19 17:18:26,550 - Review.reviews.frd4p_review - INFO - Processing sector: 4040.0, area: NA, group size: 20
2025-03-19 17:18:26,554 - Review.reviews.frd4p_review - INFO - Companies in group: 20, to exclude: 3
2025-03-19 17:18:26,555 - Review.reviews.frd4p_review - INFO - Processing sector: 4050.0, area: AS, group size: 19
2025-03-19 17:18:26,555 - Review.reviews.frd4p_review - INFO - Companies in group: 19, to exclude: 3
2025-03-19 17:18:26,556 - Review.reviews.frd4p_review - INFO - Processing sector: 4050.0, area: EU, group size: 12
2025-03-19 17:18:26,556 - Review.reviews.frd4p_review - INFO - Companies in group: 12, to exclude: 2
2025-03-19 17:18:26,556 - Review.reviews.frd4p_review - INFO - Processing sector: 4050.0, area: NA, group size: 19
2025-03-19 17:18:26,557 - Review.reviews.frd4p_review - INFO - Companies in group: 19, to exclude: 3
2025-03-19 17:18:26,557 - Review.reviews.frd4p_review - INFO - Processing sector: 4510.0, area: AS, group size: 25
2025-03-19 17:18:26,558 - Review.reviews.frd4p_review - INFO - Companies in group: 25, to exclude: 4
2025-03-19 17:18:26,558 - Review.reviews.frd4p_review - INFO - Processing sector: 4510.0, area: EU, group size: 23
2025-03-19 17:18:26,559 - Review.reviews.frd4p_review - INFO - Companies in group: 23, to exclude: 4
2025-03-19 17:18:26,559 - Review.reviews.frd4p_review - INFO - Processing sector: 4510.0, area: NA, group size: 17
2025-03-19 17:18:26,560 - Review.reviews.frd4p_review - INFO - Companies in group: 17, to exclude: 3
2025-03-19 17:18:26,560 - Review.reviews.frd4p_review - INFO - Processing sector: 4520.0, area: AS, group size: 16
2025-03-19 17:18:26,561 - Review.reviews.frd4p_review - INFO - Companies in group: 16, to exclude: 3
2025-03-19 17:18:26,561 - Review.reviews.frd4p_review - INFO - Processing sector: 4520.0, area: EU, group size: 12
2025-03-19 17:18:26,561 - Review.reviews.frd4p_review - INFO - Companies in group: 12, to exclude: 2
2025-03-19 17:18:26,561 - Review.reviews.frd4p_review - INFO - Processing sector: 4520.0, area: NA, group size: 12
2025-03-19 17:18:26,562 - Review.reviews.frd4p_review - INFO - Companies in group: 12, to exclude: 2
2025-03-19 17:18:26,562 - Review.reviews.frd4p_review - INFO - Processing sector: 5010.0, area: AS, group size: 17
2025-03-19 17:18:26,562 - Review.reviews.frd4p_review - INFO - Companies in group: 17, to exclude: 3
2025-03-19 17:18:26,563 - Review.reviews.frd4p_review - INFO - Processing sector: 5010.0, area: EU, group size: 25
2025-03-19 17:18:26,563 - Review.reviews.frd4p_review - INFO - Companies in group: 25, to exclude: 4
2025-03-19 17:18:26,563 - Review.reviews.frd4p_review - INFO - Processing sector: 5010.0, area: NA, group size: 10
2025-03-19 17:18:26,564 - Review.reviews.frd4p_review - INFO - Companies in group: 10, to exclude: 1
2025-03-19 17:18:26,564 - Review.reviews.frd4p_review - INFO - Processing sector: 5020.0, area: AS, group size: 95
2025-03-19 17:18:26,564 - Review.reviews.frd4p_review - INFO - Companies in group: 95, to exclude: 18
2025-03-19 17:18:26,565 - Review.reviews.frd4p_review - INFO - Processing sector: 5020.0, area: EU, group size: 91
2025-03-19 17:18:26,565 - Review.reviews.frd4p_review - INFO - Companies in group: 91, to exclude: 18
2025-03-19 17:18:26,566 - Review.reviews.frd4p_review - INFO - Processing sector: 5020.0, area: NA, group size: 75
2025-03-19 17:18:26,567 - Review.reviews.frd4p_review - INFO - Companies in group: 75, to exclude: 14
2025-03-19 17:18:26,567 - Review.reviews.frd4p_review - INFO - Processing sector: 5510.0, area: AS, group size: 20
2025-03-19 17:18:26,567 - Review.reviews.frd4p_review - INFO - Companies in group: 20, to exclude: 3
2025-03-19 17:18:26,567 - Review.reviews.frd4p_review - INFO - Processing sector: 5510.0, area: EU, group size: 14
2025-03-19 17:18:26,567 - Review.reviews.frd4p_review - INFO - Companies in group: 14, to exclude: 2
2025-03-19 17:18:26,567 - Review.reviews.frd4p_review - INFO - Processing sector: 5510.0, area: NA, group size: 12
2025-03-19 17:18:26,567 - Review.reviews.frd4p_review - INFO - Companies in group: 12, to exclude: 2
2025-03-19 17:18:26,567 - Review.reviews.frd4p_review - INFO - Processing sector: 5520.0, area: AS, group size: 17
2025-03-19 17:18:26,570 - Review.reviews.frd4p_review - INFO - Companies in group: 17, to exclude: 3
2025-03-19 17:18:26,570 - Review.reviews.frd4p_review - INFO - Processing sector: 5520.0, area: EU, group size: 14
2025-03-19 17:18:26,570 - Review.reviews.frd4p_review - INFO - Companies in group: 14, to exclude: 2
2025-03-19 17:18:26,571 - Review.reviews.frd4p_review - INFO - Processing sector: 5520.0, area: NA, group size: 6
2025-03-19 17:18:26,571 - Review.reviews.frd4p_review - INFO - Companies in group: 6, to exclude: 1
2025-03-19 17:18:26,571 - Review.reviews.frd4p_review - INFO - Processing sector: 6010.0, area: AS, group size: 10
2025-03-19 17:18:26,572 - Review.reviews.frd4p_review - INFO - Companies in group: 10, to exclude: 1
2025-03-19 17:18:26,572 - Review.reviews.frd4p_review - INFO - Processing sector: 6010.0, area: EU, group size: 19
2025-03-19 17:18:26,573 - Review.reviews.frd4p_review - INFO - Companies in group: 19, to exclude: 3
2025-03-19 17:18:26,573 - Review.reviews.frd4p_review - INFO - Processing sector: 6010.0, area: NA, group size: 34
2025-03-19 17:18:26,573 - Review.reviews.frd4p_review - INFO - Companies in group: 34, to exclude: 6
2025-03-19 17:18:26,573 - Review.reviews.frd4p_review - INFO - Processing sector: 6510.0, area: AS, group size: 22
2025-03-19 17:18:26,574 - Review.reviews.frd4p_review - INFO - Companies in group: 22, to exclude: 4
2025-03-19 17:18:26,574 - Review.reviews.frd4p_review - INFO - Processing sector: 6510.0, area: EU, group size: 23
2025-03-19 17:18:26,574 - Review.reviews.frd4p_review - INFO - Companies in group: 23, to exclude: 4
2025-03-19 17:18:26,574 - Review.reviews.frd4p_review - INFO - Processing sector: 6510.0, area: NA, group size: 31
2025-03-19 17:18:26,574 - Review.reviews.frd4p_review - INFO - Companies in group: 31, to exclude: 6
2025-03-19 17:18:38,830 - Review.reviews.frd4p_review - INFO - Checking IsinCode FRIX00003031 in index_eod_df
2025-03-19 17:18:38,831 - Review.reviews.frd4p_review - INFO - Found 1 matching rows
2025-03-19 17:18:38,844 - Review.reviews.frd4p_review - INFO - Saving FRD4P output to: C:\Users\CSonneveld\OneDrive - Euronext\Documents\Projects\GUI + Reviews\output\FRD4P_df_20250319_171838.xlsx
2025-03-19 17:18:39,271 - werkzeug - INFO - 127.0.0.1 - - [19/Mar/2025 17:18:39] "POST /calculate HTTP/1.1" 200 -
2025-03-19 17:23:35,706 - werkzeug - INFO -  * Detected change in 'C:\\Users\\CSonneveld\\OneDrive - Euronext\\Documents\\Projects\\GUI + Reviews\\Review\\reviews\\frd4p_review.py', reloading
2025-03-19 17:23:35,706 - werkzeug - INFO -  * Detected change in 'C:\\Users\\CSonneveld\\OneDrive - Euronext\\Documents\\Projects\\GUI + Reviews\\Review\\reviews\\frd4p_review.py', reloading
