2025-11-25 13:51:34,272 - werkzeug - INFO - [31m[1mWARNING: This is a development server. Do not use it in a production deployment. Use a production WSGI server instead.[0m
 * Running on all addresses (0.0.0.0)
 * Running on http://127.0.0.1:5000
 * Running on http://10.199.43.185:5000
2025-11-25 13:51:34,272 - werkzeug - INFO - [33mPress CTRL+C to quit[0m
2025-11-25 13:51:34,275 - werkzeug - INFO -  * Restarting with watchdog (windowsapi)
2025-11-25 13:51:37,408 - werkzeug - INFO -  * Restarting with watchdog (windowsapi)
2025-11-25 13:51:43,737 - werkzeug - INFO -  * Restarting with watchdog (windowsapi)
2025-11-25 13:51:50,106 - werkzeug - INFO -  * Restarting with watchdog (windowsapi)
2025-11-25 13:52:42,515 - werkzeug - INFO -  * Restarting with watchdog (windowsapi)
2025-11-25 13:58:20,522 - werkzeug - INFO -  * Restarting with watchdog (windowsapi)
2025-11-25 13:58:22,806 - werkzeug - INFO -  * Restarting with watchdog (windowsapi)
2025-11-25 14:14:37,508 - werkzeug - INFO -  * Restarting with watchdog (windowsapi)
2025-11-25 14:15:04,289 - werkzeug - INFO -  * Restarting with watchdog (windowsapi)
2025-11-25 14:15:14,455 - werkzeug - INFO -  * Restarting with watchdog (windowsapi)
2025-11-25 14:15:46,772 - werkzeug - INFO -  * Restarting with watchdog (windowsapi)
2025-11-25 14:15:58,376 - werkzeug - INFO -  * Restarting with watchdog (windowsapi)
2025-11-25 14:16:03,670 - werkzeug - INFO -  * Restarting with watchdog (windowsapi)
2025-11-25 14:16:45,116 - werkzeug - INFO -  * Restarting with watchdog (windowsapi)
2025-11-25 14:16:57,605 - werkzeug - INFO -  * Restarting with watchdog (windowsapi)
2025-11-25 14:18:05,985 - werkzeug - INFO -  * Restarting with watchdog (windowsapi)
2025-11-25 14:53:56,698 - werkzeug - INFO -  * Restarting with watchdog (windowsapi)
2025-11-25 14:54:09,783 - werkzeug - INFO -  * Restarting with watchdog (windowsapi)
2025-11-25 15:39:50,324 - werkzeug - INFO -  * Restarting with watchdog (windowsapi)
2025-11-25 15:41:23,062 - werkzeug - INFO -  * Restarting with watchdog (windowsapi)
2025-11-25 15:41:25,787 - werkzeug - INFO -  * Restarting with watchdog (windowsapi)
2025-11-25 15:42:10,404 - werkzeug - INFO -  * Restarting with watchdog (windowsapi)
2025-11-25 15:46:36,210 - werkzeug - INFO -  * Restarting with watchdog (windowsapi)
2025-11-25 15:57:20,054 - werkzeug - INFO -  * Restarting with watchdog (windowsapi)
2025-11-25 16:19:34,859 - werkzeug - INFO -  * Restarting with watchdog (windowsapi)
2025-11-25 16:19:38,156 - werkzeug - INFO -  * Restarting with watchdog (windowsapi)
2025-11-25 16:33:10,974 - werkzeug - INFO -  * Restarting with watchdog (windowsapi)
2025-11-25 16:37:00,509 - werkzeug - INFO -  * Restarting with watchdog (windowsapi)
2025-11-25 16:37:03,795 - werkzeug - INFO -  * Restarting with watchdog (windowsapi)
2025-11-25 16:37:08,976 - werkzeug - INFO -  * Restarting with watchdog (windowsapi)
2025-11-25 16:37:31,356 - werkzeug - INFO -  * Restarting with watchdog (windowsapi)
2025-11-25 16:39:51,087 - werkzeug - INFO -  * Restarting with watchdog (windowsapi)
2025-11-25 16:49:15,842 - werkzeug - INFO -  * Restarting with watchdog (windowsapi)
2025-11-25 16:49:18,195 - werkzeug - INFO -  * Restarting with watchdog (windowsapi)
2025-11-25 17:02:48,332 - werkzeug - INFO -  * Restarting with watchdog (windowsapi)
2025-11-25 17:03:05,312 - werkzeug - INFO -  * Restarting with watchdog (windowsapi)
2025-11-25 17:08:02,953 - werkzeug - INFO -  * Restarting with watchdog (windowsapi)
2025-11-25 17:08:11,320 - werkzeug - INFO -  * Restarting with watchdog (windowsapi)
2025-11-25 17:22:15,811 - werkzeug - INFO -  * Restarting with watchdog (windowsapi)
2025-11-25 17:22:29,438 - werkzeug - INFO -  * Restarting with watchdog (windowsapi)
