2025-01-23 14:56:32,389 - werkzeug - WARNING -  * Debugger is active!
2025-01-23 14:56:32,392 - werkzeug - INFO -  * Debugger PIN: 691-175-853
2025-01-23 14:56:36,180 - Review.reviews.f4rip_review - INFO - Loading EOD data...
2025-01-23 14:56:36,811 - Review.reviews.f4rip_review - INFO - Loading reference data...
2025-01-23 14:56:37,416 - Review.reviews.f4rip_review - ERROR - Error during review calculation: 'Isin Code'
2025-01-23 14:56:37,419 - Review.reviews.f4rip_review - ERROR - Traceback (most recent call last):
  File "C:\Users\CSonneveld\AppData\Roaming\Python\Python312\site-packages\pandas\core\indexes\base.py", line 3805, in get_loc
    return self._engine.get_loc(casted_key)
           ^^^^^^^^^^^^^^^^^^^^^^^^^^^^^^^^
  File "index.pyx", line 167, in pandas._libs.index.IndexEngine.get_loc
  File "index.pyx", line 196, in pandas._libs.index.IndexEngine.get_loc
  File "pandas\\_libs\\hashtable_class_helper.pxi", line 7081, in pandas._libs.hashtable.PyObjectHashTable.get_item
  File "pandas\\_libs\\hashtable_class_helper.pxi", line 7089, in pandas._libs.hashtable.PyObjectHashTable.get_item
KeyError: 'Isin Code'

The above exception was the direct cause of the following exception:

Traceback (most recent call last):
  File "C:\Users\CSonneveld\OneDrive - Euronext\Documents\Projects\GUI + Reviews\Review\reviews\f4rip_review.py", line 94, in run_f4rip_review
    index_mcap = index_eod_df.loc[index_eod_df['Isin Code'] == 'FR0013376209', 'Mkt Cap'].iloc[0]
                                  ~~~~~~~~~~~~^^^^^^^^^^^^^
  File "C:\Users\CSonneveld\AppData\Roaming\Python\Python312\site-packages\pandas\core\frame.py", line 4102, in __getitem__
    indexer = self.columns.get_loc(key)
              ^^^^^^^^^^^^^^^^^^^^^^^^^
  File "C:\Users\CSonneveld\AppData\Roaming\Python\Python312\site-packages\pandas\core\indexes\base.py", line 3812, in get_loc
    raise KeyError(key) from err
KeyError: 'Isin Code'

2025-01-23 14:56:37,426 - werkzeug - INFO - 127.0.0.1 - - [23/Jan/2025 14:56:37] "POST /calculate HTTP/1.1" 200 -
2025-01-23 14:56:49,587 - werkzeug - INFO -  * Detected change in 'C:\\Users\\CSonneveld\\OneDrive - Euronext\\Documents\\Projects\\GUI + Reviews\\Review\\reviews\\f4rip_review.py', reloading
2025-01-23 14:56:49,587 - werkzeug - INFO -  * Detected change in 'C:\\Users\\CSonneveld\\OneDrive - Euronext\\Documents\\Projects\\GUI + Reviews\\Review\\reviews\\f4rip_review.py', reloading
