2025-12-04 09:33:29,958 - werkzeug - INFO - [31m[1mWARNING: This is a development server. Do not use it in a production deployment. Use a production WSGI server instead.[0m
 * Running on all addresses (0.0.0.0)
 * Running on http://127.0.0.1:5000
 * Running on http://10.199.43.185:5000
2025-12-04 09:33:29,958 - werkzeug - INFO - [33mPress CTRL+C to quit[0m
2025-12-04 09:33:29,965 - werkzeug - INFO -  * Restarting with watchdog (windowsapi)
2025-12-04 09:33:32,302 - werkzeug - INFO -  * Restarting with watchdog (windowsapi)
2025-12-04 09:34:13,382 - werkzeug - INFO -  * Restarting with watchdog (windowsapi)
2025-12-04 09:34:17,748 - werkzeug - INFO -  * Restarting with watchdog (windowsapi)
2025-12-04 09:39:45,761 - werkzeug - INFO -  * Restarting with watchdog (windowsapi)
2025-12-04 09:48:19,586 - werkzeug - INFO -  * Restarting with watchdog (windowsapi)
2025-12-04 09:48:35,038 - werkzeug - INFO -  * Restarting with watchdog (windowsapi)
2025-12-04 09:54:15,712 - werkzeug - INFO -  * Restarting with watchdog (windowsapi)
2025-12-04 09:54:24,074 - werkzeug - INFO -  * Restarting with watchdog (windowsapi)
2025-12-04 09:57:11,207 - werkzeug - INFO -  * Restarting with watchdog (windowsapi)
2025-12-04 09:57:31,647 - werkzeug - INFO -  * Restarting with watchdog (windowsapi)
2025-12-04 09:58:16,347 - werkzeug - INFO -  * Restarting with watchdog (windowsapi)
2025-12-04 09:59:29,432 - werkzeug - INFO -  * Restarting with watchdog (windowsapi)
2025-12-04 09:59:46,867 - werkzeug - INFO -  * Restarting with watchdog (windowsapi)
2025-12-04 10:00:14,516 - werkzeug - INFO -  * Restarting with watchdog (windowsapi)
2025-12-04 10:00:22,914 - werkzeug - INFO -  * Restarting with watchdog (windowsapi)
2025-12-04 10:04:02,610 - werkzeug - INFO -  * Restarting with watchdog (windowsapi)
2025-12-04 10:13:12,611 - werkzeug - INFO -  * Restarting with watchdog (windowsapi)
2025-12-04 10:13:24,083 - werkzeug - INFO -  * Restarting with watchdog (windowsapi)
2025-12-04 10:14:55,035 - werkzeug - INFO -  * Restarting with watchdog (windowsapi)
2025-12-04 10:15:04,358 - werkzeug - INFO -  * Restarting with watchdog (windowsapi)
2025-12-04 10:17:06,935 - werkzeug - INFO -  * Restarting with watchdog (windowsapi)
2025-12-04 10:17:42,962 - werkzeug - INFO -  * Restarting with watchdog (windowsapi)
2025-12-04 10:17:50,302 - werkzeug - INFO -  * Restarting with watchdog (windowsapi)
2025-12-04 10:17:59,588 - werkzeug - INFO -  * Restarting with watchdog (windowsapi)
2025-12-04 10:18:25,138 - werkzeug - INFO -  * Restarting with watchdog (windowsapi)
