2025-06-18 11:27:14,694 - werkzeug - WARNING -  * Debugger is active!
2025-06-18 11:27:14,694 - werkzeug - INFO -  * Debugger PIN: 691-175-853
2025-06-18 11:27:15,749 - Review.reviews.frd4p_review - INFO - Loading EOD data...
2025-06-18 11:27:16,346 - Review.reviews.frd4p_review - INFO - Loading reference data...
2025-06-18 11:27:24,810 - Review.reviews.frd4p_review - INFO - Processing sector: 1010.0, area: AS, group size: 45
2025-06-18 11:27:24,810 - Review.reviews.frd4p_review - INFO - Companies in group: 45, to exclude: 8
2025-06-18 11:27:24,810 - Review.reviews.frd4p_review - INFO - Processing sector: 1010.0, area: EU, group size: 27
2025-06-18 11:27:24,810 - Review.reviews.frd4p_review - INFO - Companies in group: 27, to exclude: 5
2025-06-18 11:27:24,810 - Review.reviews.frd4p_review - INFO - Processing sector: 1010.0, area: NA, group size: 83
2025-06-18 11:27:24,810 - Review.reviews.frd4p_review - INFO - Companies in group: 83, to exclude: 16
2025-06-18 11:27:24,810 - Review.reviews.frd4p_review - INFO - Processing sector: 1510.0, area: AS, group size: 12
2025-06-18 11:27:24,810 - Review.reviews.frd4p_review - INFO - Companies in group: 12, to exclude: 2
2025-06-18 11:27:24,810 - Review.reviews.frd4p_review - INFO - Processing sector: 1510.0, area: EU, group size: 18
2025-06-18 11:27:24,810 - Review.reviews.frd4p_review - INFO - Companies in group: 18, to exclude: 3
2025-06-18 11:27:24,810 - Review.reviews.frd4p_review - INFO - Processing sector: 1510.0, area: NA, group size: 10
2025-06-18 11:27:24,820 - Review.reviews.frd4p_review - INFO - Companies in group: 10, to exclude: 1
2025-06-18 11:27:24,821 - Review.reviews.frd4p_review - INFO - Processing sector: 2010.0, area: AS, group size: 29
2025-06-18 11:27:24,821 - Review.reviews.frd4p_review - INFO - Companies in group: 29, to exclude: 5
2025-06-18 11:27:24,822 - Review.reviews.frd4p_review - INFO - Processing sector: 2010.0, area: EU, group size: 46
2025-06-18 11:27:24,823 - Review.reviews.frd4p_review - INFO - Companies in group: 46, to exclude: 9
2025-06-18 11:27:24,823 - Review.reviews.frd4p_review - INFO - Processing sector: 2010.0, area: NA, group size: 44
2025-06-18 11:27:24,824 - Review.reviews.frd4p_review - INFO - Companies in group: 44, to exclude: 8
2025-06-18 11:27:24,824 - Review.reviews.frd4p_review - INFO - Processing sector: 3010.0, area: AS, group size: 29
2025-06-18 11:27:24,825 - Review.reviews.frd4p_review - INFO - Companies in group: 29, to exclude: 5
2025-06-18 11:27:24,825 - Review.reviews.frd4p_review - INFO - Processing sector: 3010.0, area: EU, group size: 46
2025-06-18 11:27:24,825 - Review.reviews.frd4p_review - INFO - Companies in group: 46, to exclude: 9
2025-06-18 11:27:24,825 - Review.reviews.frd4p_review - INFO - Processing sector: 3010.0, area: NA, group size: 20
2025-06-18 11:27:24,825 - Review.reviews.frd4p_review - INFO - Companies in group: 20, to exclude: 3
2025-06-18 11:27:24,825 - Review.reviews.frd4p_review - INFO - Processing sector: 3020.0, area: AS, group size: 15
2025-06-18 11:27:24,825 - Review.reviews.frd4p_review - INFO - Companies in group: 15, to exclude: 2
2025-06-18 11:27:24,825 - Review.reviews.frd4p_review - INFO - Processing sector: 3020.0, area: EU, group size: 35
2025-06-18 11:27:24,825 - Review.reviews.frd4p_review - INFO - Companies in group: 35, to exclude: 6
2025-06-18 11:27:24,825 - Review.reviews.frd4p_review - INFO - Processing sector: 3020.0, area: NA, group size: 32
2025-06-18 11:27:24,825 - Review.reviews.frd4p_review - INFO - Companies in group: 32, to exclude: 6
2025-06-18 11:27:24,831 - Review.reviews.frd4p_review - INFO - Processing sector: 3030.0, area: AS, group size: 15
2025-06-18 11:27:24,831 - Review.reviews.frd4p_review - INFO - Companies in group: 15, to exclude: 2
2025-06-18 11:27:24,831 - Review.reviews.frd4p_review - INFO - Processing sector: 3030.0, area: EU, group size: 31
2025-06-18 11:27:24,832 - Review.reviews.frd4p_review - INFO - Companies in group: 31, to exclude: 6
2025-06-18 11:27:24,832 - Review.reviews.frd4p_review - INFO - Processing sector: 3030.0, area: NA, group size: 23
2025-06-18 11:27:24,833 - Review.reviews.frd4p_review - INFO - Companies in group: 23, to exclude: 4
2025-06-18 11:27:24,833 - Review.reviews.frd4p_review - INFO - Processing sector: 3510.0, area: AS, group size: 49
2025-06-18 11:27:24,834 - Review.reviews.frd4p_review - INFO - Companies in group: 49, to exclude: 9
2025-06-18 11:27:24,835 - Review.reviews.frd4p_review - INFO - Processing sector: 3510.0, area: EU, group size: 25
2025-06-18 11:27:24,835 - Review.reviews.frd4p_review - INFO - Companies in group: 25, to exclude: 4
2025-06-18 11:27:24,836 - Review.reviews.frd4p_review - INFO - Processing sector: 3510.0, area: NA, group size: 22
2025-06-18 11:27:24,836 - Review.reviews.frd4p_review - INFO - Companies in group: 22, to exclude: 4
2025-06-18 11:27:24,837 - Review.reviews.frd4p_review - INFO - Processing sector: 4010.0, area: AS, group size: 16
2025-06-18 11:27:24,837 - Review.reviews.frd4p_review - INFO - Companies in group: 16, to exclude: 3
2025-06-18 11:27:24,838 - Review.reviews.frd4p_review - INFO - Processing sector: 4010.0, area: EU, group size: 13
2025-06-18 11:27:24,838 - Review.reviews.frd4p_review - INFO - Companies in group: 13, to exclude: 2
2025-06-18 11:27:24,839 - Review.reviews.frd4p_review - INFO - Processing sector: 4010.0, area: NA, group size: 4
2025-06-18 11:27:24,839 - Review.reviews.frd4p_review - INFO - Companies in group: 4, to exclude: 0
2025-06-18 11:27:24,839 - Review.reviews.frd4p_review - WARNING - No companies to exclude for sector 4010.0 and area NA
2025-06-18 11:27:24,840 - Review.reviews.frd4p_review - INFO - Processing sector: 4020.0, area: AS, group size: 26
2025-06-18 11:27:24,841 - Review.reviews.frd4p_review - INFO - Companies in group: 26, to exclude: 5
2025-06-18 11:27:24,841 - Review.reviews.frd4p_review - INFO - Processing sector: 4020.0, area: EU, group size: 23
2025-06-18 11:27:24,841 - Review.reviews.frd4p_review - INFO - Companies in group: 23, to exclude: 4
2025-06-18 11:27:24,842 - Review.reviews.frd4p_review - INFO - Processing sector: 4020.0, area: NA, group size: 17
2025-06-18 11:27:24,842 - Review.reviews.frd4p_review - INFO - Companies in group: 17, to exclude: 3
2025-06-18 11:27:24,842 - Review.reviews.frd4p_review - INFO - Processing sector: 4030.0, area: AS, group size: 7
2025-06-18 11:27:24,843 - Review.reviews.frd4p_review - INFO - Companies in group: 7, to exclude: 1
2025-06-18 11:27:24,843 - Review.reviews.frd4p_review - INFO - Processing sector: 4030.0, area: EU, group size: 10
2025-06-18 11:27:24,843 - Review.reviews.frd4p_review - INFO - Companies in group: 10, to exclude: 1
2025-06-18 11:27:24,843 - Review.reviews.frd4p_review - INFO - Processing sector: 4030.0, area: NA, group size: 6
2025-06-18 11:27:24,843 - Review.reviews.frd4p_review - INFO - Companies in group: 6, to exclude: 1
2025-06-18 11:27:24,843 - Review.reviews.frd4p_review - INFO - Processing sector: 4040.0, area: AS, group size: 13
2025-06-18 11:27:24,843 - Review.reviews.frd4p_review - INFO - Companies in group: 13, to exclude: 2
2025-06-18 11:27:24,843 - Review.reviews.frd4p_review - INFO - Processing sector: 4040.0, area: EU, group size: 10
2025-06-18 11:27:24,846 - Review.reviews.frd4p_review - INFO - Companies in group: 10, to exclude: 1
2025-06-18 11:27:24,846 - Review.reviews.frd4p_review - INFO - Processing sector: 4040.0, area: NA, group size: 19
2025-06-18 11:27:24,847 - Review.reviews.frd4p_review - INFO - Companies in group: 19, to exclude: 3
2025-06-18 11:27:24,847 - Review.reviews.frd4p_review - INFO - Processing sector: 4050.0, area: AS, group size: 20
2025-06-18 11:27:24,847 - Review.reviews.frd4p_review - INFO - Companies in group: 20, to exclude: 3
2025-06-18 11:27:24,848 - Review.reviews.frd4p_review - INFO - Processing sector: 4050.0, area: EU, group size: 14
2025-06-18 11:27:24,848 - Review.reviews.frd4p_review - INFO - Companies in group: 14, to exclude: 2
2025-06-18 11:27:24,848 - Review.reviews.frd4p_review - INFO - Processing sector: 4050.0, area: NA, group size: 18
2025-06-18 11:27:24,849 - Review.reviews.frd4p_review - INFO - Companies in group: 18, to exclude: 3
2025-06-18 11:27:24,849 - Review.reviews.frd4p_review - INFO - Processing sector: 4510.0, area: AS, group size: 25
2025-06-18 11:27:24,850 - Review.reviews.frd4p_review - INFO - Companies in group: 25, to exclude: 4
2025-06-18 11:27:24,850 - Review.reviews.frd4p_review - INFO - Processing sector: 4510.0, area: EU, group size: 26
2025-06-18 11:27:24,851 - Review.reviews.frd4p_review - INFO - Companies in group: 26, to exclude: 5
2025-06-18 11:27:24,851 - Review.reviews.frd4p_review - INFO - Processing sector: 4510.0, area: NA, group size: 17
2025-06-18 11:27:24,852 - Review.reviews.frd4p_review - INFO - Companies in group: 17, to exclude: 3
2025-06-18 11:27:24,852 - Review.reviews.frd4p_review - INFO - Processing sector: 4520.0, area: AS, group size: 17
2025-06-18 11:27:24,853 - Review.reviews.frd4p_review - INFO - Companies in group: 17, to exclude: 3
2025-06-18 11:27:24,853 - Review.reviews.frd4p_review - INFO - Processing sector: 4520.0, area: EU, group size: 12
2025-06-18 11:27:24,854 - Review.reviews.frd4p_review - INFO - Companies in group: 12, to exclude: 2
2025-06-18 11:27:24,854 - Review.reviews.frd4p_review - INFO - Processing sector: 4520.0, area: NA, group size: 14
2025-06-18 11:27:24,855 - Review.reviews.frd4p_review - INFO - Companies in group: 14, to exclude: 2
2025-06-18 11:27:24,856 - Review.reviews.frd4p_review - INFO - Processing sector: 5010.0, area: AS, group size: 17
2025-06-18 11:27:24,856 - Review.reviews.frd4p_review - INFO - Companies in group: 17, to exclude: 3
2025-06-18 11:27:24,856 - Review.reviews.frd4p_review - INFO - Processing sector: 5010.0, area: EU, group size: 27
2025-06-18 11:27:24,857 - Review.reviews.frd4p_review - INFO - Companies in group: 27, to exclude: 5
2025-06-18 11:27:24,857 - Review.reviews.frd4p_review - INFO - Processing sector: 5010.0, area: NA, group size: 11
2025-06-18 11:27:24,857 - Review.reviews.frd4p_review - INFO - Companies in group: 11, to exclude: 2
2025-06-18 11:27:24,857 - Review.reviews.frd4p_review - INFO - Processing sector: 5020.0, area: AS, group size: 93
2025-06-18 11:27:24,857 - Review.reviews.frd4p_review - INFO - Companies in group: 93, to exclude: 18
2025-06-18 11:27:24,857 - Review.reviews.frd4p_review - INFO - Processing sector: 5020.0, area: EU, group size: 97
2025-06-18 11:27:24,857 - Review.reviews.frd4p_review - INFO - Companies in group: 97, to exclude: 19
2025-06-18 11:27:24,857 - Review.reviews.frd4p_review - INFO - Processing sector: 5020.0, area: NA, group size: 76
2025-06-18 11:27:24,857 - Review.reviews.frd4p_review - INFO - Companies in group: 76, to exclude: 15
2025-06-18 11:27:24,860 - Review.reviews.frd4p_review - INFO - Processing sector: 5510.0, area: AS, group size: 23
2025-06-18 11:27:24,860 - Review.reviews.frd4p_review - INFO - Companies in group: 23, to exclude: 4
2025-06-18 11:27:24,860 - Review.reviews.frd4p_review - INFO - Processing sector: 5510.0, area: EU, group size: 15
2025-06-18 11:27:24,861 - Review.reviews.frd4p_review - INFO - Companies in group: 15, to exclude: 2
2025-06-18 11:27:24,861 - Review.reviews.frd4p_review - INFO - Processing sector: 5510.0, area: NA, group size: 13
2025-06-18 11:27:24,861 - Review.reviews.frd4p_review - INFO - Companies in group: 13, to exclude: 2
2025-06-18 11:27:24,862 - Review.reviews.frd4p_review - INFO - Processing sector: 5520.0, area: AS, group size: 17
2025-06-18 11:27:24,862 - Review.reviews.frd4p_review - INFO - Companies in group: 17, to exclude: 3
2025-06-18 11:27:24,862 - Review.reviews.frd4p_review - INFO - Processing sector: 5520.0, area: EU, group size: 18
2025-06-18 11:27:24,863 - Review.reviews.frd4p_review - INFO - Companies in group: 18, to exclude: 3
2025-06-18 11:27:24,863 - Review.reviews.frd4p_review - INFO - Processing sector: 5520.0, area: NA, group size: 5
2025-06-18 11:27:24,864 - Review.reviews.frd4p_review - INFO - Companies in group: 5, to exclude: 0
2025-06-18 11:27:24,864 - Review.reviews.frd4p_review - WARNING - No companies to exclude for sector 5520.0 and area NA
2025-06-18 11:27:24,864 - Review.reviews.frd4p_review - INFO - Processing sector: 6010.0, area: AS, group size: 10
2025-06-18 11:27:24,865 - Review.reviews.frd4p_review - INFO - Companies in group: 10, to exclude: 1
2025-06-18 11:27:24,865 - Review.reviews.frd4p_review - INFO - Processing sector: 6010.0, area: EU, group size: 22
2025-06-18 11:27:24,865 - Review.reviews.frd4p_review - INFO - Companies in group: 22, to exclude: 4
2025-06-18 11:27:24,866 - Review.reviews.frd4p_review - INFO - Processing sector: 6010.0, area: NA, group size: 35
2025-06-18 11:27:24,866 - Review.reviews.frd4p_review - INFO - Companies in group: 35, to exclude: 6
2025-06-18 11:27:24,867 - Review.reviews.frd4p_review - INFO - Processing sector: 6510.0, area: AS, group size: 22
2025-06-18 11:27:24,868 - Review.reviews.frd4p_review - INFO - Companies in group: 22, to exclude: 4
2025-06-18 11:27:24,868 - Review.reviews.frd4p_review - INFO - Processing sector: 6510.0, area: EU, group size: 26
2025-06-18 11:27:24,868 - Review.reviews.frd4p_review - INFO - Companies in group: 26, to exclude: 5
2025-06-18 11:27:24,869 - Review.reviews.frd4p_review - INFO - Processing sector: 6510.0, area: NA, group size: 31
2025-06-18 11:27:24,870 - Review.reviews.frd4p_review - INFO - Companies in group: 31, to exclude: 6
2025-06-18 11:27:37,351 - Review.reviews.frd4p_review - INFO - Checking IsinCode FRIX00003031 in index_eod_df
2025-06-18 11:27:37,351 - Review.reviews.frd4p_review - INFO - Found 1 matching rows
2025-06-18 11:27:37,364 - Review.reviews.frd4p_review - INFO - Saving FRD4P output to: C:\Users\CSonneveld\OneDrive - Euronext\Documents\Projects\GUI + Reviews\output\FRD4P_df_20250618_112737.xlsx
2025-06-18 11:27:37,832 - werkzeug - INFO - 127.0.0.1 - - [18/Jun/2025 11:27:37] "POST /calculate HTTP/1.1" 200 -
