2025-07-25 10:19:53,038 - werkzeug - INFO - [31m[1mWARNING: This is a development server. Do not use it in a production deployment. Use a production WSGI server instead.[0m
 * Running on all addresses (0.0.0.0)
 * Running on http://127.0.0.1:5000
 * Running on http://10.199.43.197:5000
2025-07-25 10:19:53,039 - werkzeug - INFO - [33mPress CTRL+C to quit[0m
2025-07-25 10:19:53,042 - werkzeug - INFO -  * Restarting with watchdog (windowsapi)
2025-07-25 10:20:06,906 - werkzeug - INFO -  * Restarting with watchdog (windowsapi)
2025-07-25 10:27:03,799 - werkzeug - INFO -  * Restarting with watchdog (windowsapi)
2025-07-25 10:29:03,069 - werkzeug - INFO -  * Restarting with watchdog (windowsapi)
2025-07-25 10:31:36,881 - werkzeug - INFO -  * Restarting with watchdog (windowsapi)
2025-07-25 10:32:06,094 - werkzeug - INFO -  * Restarting with watchdog (windowsapi)
2025-07-25 10:32:07,906 - werkzeug - INFO -  * Restarting with watchdog (windowsapi)
2025-07-25 10:32:21,089 - werkzeug - INFO -  * Restarting with watchdog (windowsapi)
2025-07-25 10:32:32,092 - werkzeug - INFO -  * Restarting with watchdog (windowsapi)
2025-07-25 10:33:51,791 - werkzeug - INFO -  * Restarting with watchdog (windowsapi)
2025-07-25 10:34:04,740 - werkzeug - INFO -  * Restarting with watchdog (windowsapi)
2025-07-25 10:40:04,177 - werkzeug - INFO -  * Restarting with watchdog (windowsapi)
2025-07-25 10:40:30,531 - werkzeug - INFO -  * Restarting with watchdog (windowsapi)
2025-07-25 10:40:44,388 - werkzeug - INFO -  * Restarting with watchdog (windowsapi)
2025-07-25 10:55:06,031 - werkzeug - INFO -  * Restarting with watchdog (windowsapi)
2025-07-25 11:01:26,116 - werkzeug - INFO -  * Restarting with watchdog (windowsapi)
2025-07-25 11:01:36,993 - werkzeug - INFO -  * Restarting with watchdog (windowsapi)
2025-07-25 11:02:37,352 - werkzeug - INFO -  * Restarting with watchdog (windowsapi)
2025-07-25 11:02:39,232 - werkzeug - INFO -  * Restarting with watchdog (windowsapi)
2025-07-25 11:07:21,214 - werkzeug - INFO -  * Restarting with watchdog (windowsapi)
2025-07-25 11:07:29,293 - werkzeug - INFO -  * Restarting with watchdog (windowsapi)
2025-07-25 11:07:37,745 - werkzeug - INFO -  * Restarting with watchdog (windowsapi)
2025-07-25 11:08:42,449 - werkzeug - INFO -  * Restarting with watchdog (windowsapi)
2025-07-25 11:08:46,348 - werkzeug - INFO -  * Restarting with watchdog (windowsapi)
2025-07-25 11:08:53,245 - werkzeug - INFO -  * Restarting with watchdog (windowsapi)
2025-07-25 11:09:05,212 - werkzeug - INFO -  * Restarting with watchdog (windowsapi)
2025-07-25 11:09:17,151 - werkzeug - INFO -  * Restarting with watchdog (windowsapi)
2025-07-25 11:10:36,940 - werkzeug - INFO -  * Restarting with watchdog (windowsapi)
2025-07-25 11:12:28,115 - werkzeug - INFO -  * Restarting with watchdog (windowsapi)
2025-07-25 11:12:30,004 - werkzeug - INFO -  * Restarting with watchdog (windowsapi)
2025-07-25 11:12:52,964 - werkzeug - INFO -  * Restarting with watchdog (windowsapi)
2025-07-25 11:13:13,986 - werkzeug - INFO -  * Restarting with watchdog (windowsapi)
2025-07-25 11:13:15,852 - werkzeug - INFO -  * Restarting with watchdog (windowsapi)
2025-07-25 11:15:31,782 - werkzeug - INFO -  * Restarting with watchdog (windowsapi)
2025-07-25 11:17:22,956 - werkzeug - INFO -  * Restarting with watchdog (windowsapi)
2025-07-25 11:17:24,806 - werkzeug - INFO -  * Restarting with watchdog (windowsapi)
2025-07-25 11:18:22,438 - werkzeug - INFO -  * Restarting with watchdog (windowsapi)
2025-07-25 11:20:14,131 - werkzeug - INFO -  * Restarting with watchdog (windowsapi)
2025-07-25 11:32:53,664 - werkzeug - INFO -  * Restarting with watchdog (windowsapi)
2025-07-25 11:33:05,630 - werkzeug - INFO -  * Restarting with watchdog (windowsapi)
2025-07-25 11:40:02,161 - werkzeug - INFO -  * Restarting with watchdog (windowsapi)
2025-07-25 11:40:04,056 - werkzeug - INFO -  * Restarting with watchdog (windowsapi)
2025-07-25 11:42:35,195 - werkzeug - INFO -  * Restarting with watchdog (windowsapi)
2025-07-25 11:44:44,270 - werkzeug - INFO -  * Restarting with watchdog (windowsapi)
2025-07-25 11:59:15,893 - werkzeug - INFO -  * Restarting with watchdog (windowsapi)
2025-07-25 12:00:01,337 - werkzeug - INFO -  * Restarting with watchdog (windowsapi)
2025-07-25 12:01:25,473 - werkzeug - INFO -  * Restarting with watchdog (windowsapi)
2025-07-25 12:01:27,332 - werkzeug - INFO -  * Restarting with watchdog (windowsapi)
2025-07-25 12:02:32,897 - werkzeug - INFO -  * Restarting with watchdog (windowsapi)
2025-07-25 12:02:39,771 - werkzeug - INFO -  * Restarting with watchdog (windowsapi)
2025-07-25 12:02:41,717 - werkzeug - INFO -  * Restarting with watchdog (windowsapi)
2025-07-25 12:03:01,511 - werkzeug - INFO -  * Restarting with watchdog (windowsapi)
2025-07-25 12:03:59,412 - werkzeug - INFO -  * Restarting with watchdog (windowsapi)
2025-07-25 12:04:13,743 - werkzeug - INFO -  * Restarting with watchdog (windowsapi)
2025-07-25 12:06:34,745 - werkzeug - INFO -  * Restarting with watchdog (windowsapi)
2025-07-25 12:07:29,546 - werkzeug - INFO -  * Restarting with watchdog (windowsapi)
2025-07-25 12:07:42,693 - werkzeug - INFO -  * Restarting with watchdog (windowsapi)
2025-07-25 13:02:50,282 - werkzeug - INFO -  * Restarting with watchdog (windowsapi)
2025-07-25 13:20:25,307 - werkzeug - INFO -  * Restarting with watchdog (windowsapi)
2025-07-25 13:20:26,338 - werkzeug - INFO -  * Restarting with watchdog (windowsapi)
2025-07-25 13:20:28,283 - werkzeug - INFO -  * Restarting with watchdog (windowsapi)
2025-07-25 13:20:35,131 - werkzeug - INFO -  * Restarting with watchdog (windowsapi)
2025-07-25 13:31:16,211 - werkzeug - INFO -  * Restarting with watchdog (windowsapi)
2025-07-25 13:31:30,131 - werkzeug - INFO -  * Restarting with watchdog (windowsapi)
2025-07-25 13:31:51,180 - werkzeug - INFO -  * Restarting with watchdog (windowsapi)
2025-07-25 13:38:28,028 - werkzeug - INFO -  * Restarting with watchdog (windowsapi)
2025-07-25 13:38:32,979 - werkzeug - INFO -  * Restarting with watchdog (windowsapi)
2025-07-25 13:40:08,061 - werkzeug - INFO -  * Restarting with watchdog (windowsapi)
2025-07-25 13:40:09,873 - werkzeug - INFO -  * Restarting with watchdog (windowsapi)
2025-07-25 13:41:43,703 - werkzeug - INFO -  * Restarting with watchdog (windowsapi)
2025-07-25 13:41:45,540 - werkzeug - INFO -  * Restarting with watchdog (windowsapi)
2025-07-25 13:42:46,228 - werkzeug - INFO -  * Restarting with watchdog (windowsapi)
2025-07-25 13:42:50,187 - werkzeug - INFO -  * Restarting with watchdog (windowsapi)
