2025-12-04 10:17:51,465 - werkzeug - WARNING -  * Debugger is active!
2025-12-04 10:17:51,466 - werkzeug - INFO -  * Debugger PIN: 691-175-853
2025-12-04 10:17:54,138 - werkzeug - INFO - 127.0.0.1 - - [04/Dec/2025 10:17:54] "POST /calculate HTTP/1.1" 200 -
2025-12-04 10:17:54,151 - Review.reviews.ewsl_review - INFO - Starting EWSL review calculation
2025-12-04 10:17:54,152 - werkzeug - INFO - 127.0.0.1 - - [04/Dec/2025 10:17:54] "GET /task-status/4de58a0f-1348-457b-9f15-a2d49991ced5 HTTP/1.1" 200 -
2025-12-04 10:17:56,155 - werkzeug - INFO - 127.0.0.1 - - [04/Dec/2025 10:17:56] "GET /task-status/4de58a0f-1348-457b-9f15-a2d49991ced5 HTTP/1.1" 200 -
2025-12-04 10:17:56,441 - Review.reviews.ewsl_review - INFO - Found 0 existing companies in EWSL
2025-12-04 10:17:56,454 - Review.reviews.ewsl_review - INFO - 
EWSL Selection Summary by Country:
2025-12-04 10:17:56,465 - Review.reviews.ewsl_review - INFO - Australia: 214 total (0 existing, 214 new)
2025-12-04 10:17:56,470 - Review.reviews.ewsl_review - INFO - Austria: 12 total (0 existing, 12 new)
2025-12-04 10:17:56,473 - Review.reviews.ewsl_review - INFO - Belgium: 21 total (0 existing, 21 new)
2025-12-04 10:17:56,476 - Review.reviews.ewsl_review - INFO - Canada: 0 total (0 existing, 0 new)
2025-12-04 10:17:56,479 - Review.reviews.ewsl_review - INFO - Denmark: 22 total (0 existing, 22 new)
2025-12-04 10:17:56,483 - Review.reviews.ewsl_review - INFO - Finland: 36 total (0 existing, 36 new)
2025-12-04 10:17:56,486 - Review.reviews.ewsl_review - INFO - France: 66 total (0 existing, 66 new)
2025-12-04 10:17:56,489 - Review.reviews.ewsl_review - INFO - Germany: 70 total (0 existing, 70 new)
2025-12-04 10:17:56,493 - Review.reviews.ewsl_review - INFO - Great Britain: 199 total (0 existing, 199 new)
2025-12-04 10:17:56,496 - Review.reviews.ewsl_review - INFO - Hong Kong: 62 total (0 existing, 62 new)
2025-12-04 10:17:56,499 - Review.reviews.ewsl_review - INFO - Ireland: 8 total (0 existing, 8 new)
2025-12-04 10:17:56,503 - Review.reviews.ewsl_review - INFO - Israel: 52 total (0 existing, 52 new)
2025-12-04 10:17:56,506 - Review.reviews.ewsl_review - INFO - Italy: 56 total (0 existing, 56 new)
2025-12-04 10:17:56,509 - Review.reviews.ewsl_review - INFO - Japan: 1066 total (0 existing, 1066 new)
2025-12-04 10:17:56,512 - Review.reviews.ewsl_review - INFO - Netherlands: 33 total (0 existing, 33 new)
2025-12-04 10:17:56,517 - Review.reviews.ewsl_review - INFO - New Zealand: 22 total (0 existing, 22 new)
2025-12-04 10:17:56,520 - Review.reviews.ewsl_review - INFO - Norway: 74 total (0 existing, 74 new)
2025-12-04 10:17:56,523 - Review.reviews.ewsl_review - INFO - Portugal: 8 total (0 existing, 8 new)
2025-12-04 10:17:56,526 - Review.reviews.ewsl_review - INFO - Singapore: 50 total (0 existing, 50 new)
2025-12-04 10:17:56,526 - Review.reviews.ewsl_review - INFO - Spain: 31 total (0 existing, 31 new)
2025-12-04 10:17:56,532 - Review.reviews.ewsl_review - INFO - Sweden: 154 total (0 existing, 154 new)
2025-12-04 10:17:56,537 - Review.reviews.ewsl_review - INFO - Switzerland: 67 total (0 existing, 67 new)
2025-12-04 10:17:56,541 - Review.reviews.ewsl_review - INFO - United States: 5 total (0 existing, 5 new)
2025-12-04 10:17:56,541 - Review.reviews.ewsl_review - INFO - 
Overall EWSL Selection Summary:
2025-12-04 10:17:56,541 - Review.reviews.ewsl_review - INFO - Total companies selected: 2328
2025-12-04 10:17:56,542 - Review.reviews.ewsl_review - INFO -   - Existing companies selected: 0
2025-12-04 10:17:56,542 - Review.reviews.ewsl_review - INFO -   - New companies selected: 2328
2025-12-04 10:17:56,543 - Review.reviews.ewsl_review - INFO - Total FFMC covered: 13.78%
2025-12-04 10:17:56,543 - Review.reviews.ewsl_review - INFO - 
Applying proportional capping
2025-12-04 10:17:56,544 - utils.capping_proportional - INFO - Starting proportional capping with max weight: 10.0%
2025-12-04 10:17:56,546 - utils.capping_proportional - INFO - Capping procedure converged after 0 iterations
2025-12-04 10:17:56,547 - utils.capping_proportional - INFO - Capping Summary:
2025-12-04 10:17:56,547 - utils.capping_proportional - INFO -   Total companies: 2328
2025-12-04 10:17:56,547 - utils.capping_proportional - INFO -   Companies capped: 0
2025-12-04 10:17:56,547 - utils.capping_proportional - INFO -   Weight sum after capping: 1.000000
2025-12-04 10:17:56,548 - utils.capping_proportional - INFO -   Max weight after capping: 0.017979
2025-12-04 10:17:56,557 - Review.reviews.ewsl_review - INFO - 
EWSL Changes Summary:
2025-12-04 10:17:56,557 - Review.reviews.ewsl_review - INFO - Inclusions: 2328
2025-12-04 10:17:56,557 - Review.reviews.ewsl_review - INFO - Exclusions: 0
2025-12-04 10:17:56,557 - Review.reviews.ewsl_review - INFO - Saving output to: C:\Users\CSonneveld\OneDrive - Euronext\Documents\Projects\GUI + Reviews\output\EWSL_Review_20251204_101756.xlsx
2025-12-04 10:17:57,534 - Review.reviews.ewsl_review - INFO - File successfully saved to: C:\Users\CSonneveld\OneDrive - Euronext\Documents\Projects\GUI + Reviews\output\EWSL_Review_20251204_101756.xlsx
2025-12-04 10:17:58,153 - werkzeug - INFO - 127.0.0.1 - - [04/Dec/2025 10:17:58] "GET /task-status/4de58a0f-1348-457b-9f15-a2d49991ced5 HTTP/1.1" 200 -
2025-12-04 10:17:58,720 - werkzeug - INFO -  * Detected change in 'C:\\Users\\CSonneveld\\OneDrive - Euronext\\Documents\\Projects\\GUI + Reviews\\Review\\reviews\\eusl_review.py', reloading
2025-12-04 10:17:58,720 - werkzeug - INFO -  * Detected change in 'C:\\Users\\CSonneveld\\OneDrive - Euronext\\Documents\\Projects\\GUI + Reviews\\Review\\reviews\\eusl_review.py', reloading
