2025-12-10 10:18:02,652 - werkzeug - WARNING -  * Debugger is active!
2025-12-10 10:18:02,652 - werkzeug - INFO -  * Debugger PIN: 691-175-853
2025-12-10 10:18:09,497 - werkzeug - INFO -  * Detected change in 'C:\\Users\\CSonneveld\\AppData\\Roaming\\Python\\Python312\\site-packages\\flask\\__init__.py', reloading
2025-12-10 10:18:09,506 - werkzeug - INFO -  * Detected change in 'C:\\Users\\CSonneveld\\AppData\\Roaming\\Python\\Python312\\site-packages\\flask\\app.py', reloading
2025-12-10 10:18:09,525 - werkzeug - INFO -  * Detected change in 'C:\\Users\\CSonneveld\\AppData\\Roaming\\Python\\Python312\\site-packages\\flask\\sansio\\app.py', reloading
2025-12-10 10:18:09,535 - werkzeug - INFO -  * Detected change in 'C:\\Users\\CSonneveld\\AppData\\Roaming\\Python\\Python312\\site-packages\\flask\\sansio\\scaffold.py', reloading
2025-12-10 10:18:09,551 - werkzeug - INFO -  * Detected change in 'C:\\Users\\CSonneveld\\AppData\\Roaming\\Python\\Python312\\site-packages\\flask\\templating.py', reloading
2025-12-10 10:18:09,557 - werkzeug - INFO -  * Detected change in 'C:\\Users\\CSonneveld\\AppData\\Roaming\\Python\\Python312\\site-packages\\jinja2\\__init__.py', reloading
2025-12-10 10:18:09,557 - werkzeug - INFO -  * Detected change in 'C:\\Users\\CSonneveld\\AppData\\Roaming\\Python\\Python312\\site-packages\\jinja2\\environment.py', reloading
2025-12-10 10:18:09,585 - werkzeug - INFO -  * Detected change in 'C:\\Users\\CSonneveld\\AppData\\Roaming\\Python\\Python312\\site-packages\\flask\\globals.py', reloading
2025-12-10 10:18:09,585 - werkzeug - INFO -  * Detected change in 'C:\\Users\\CSonneveld\\AppData\\Roaming\\Python\\Python312\\site-packages\\flask\\wrappers.py', reloading
2025-12-10 10:18:09,585 - werkzeug - INFO -  * Detected change in 'C:\\Users\\CSonneveld\\AppData\\Roaming\\Python\\Python312\\site-packages\\werkzeug\\wrappers\\__init__.py', reloading
2025-12-10 10:18:09,596 - werkzeug - INFO -  * Detected change in 'C:\\Users\\CSonneveld\\AppData\\Roaming\\Python\\Python312\\site-packages\\werkzeug\\wrappers\\request.py', reloading
2025-12-10 10:18:09,600 - werkzeug - INFO -  * Detected change in 'C:\\Users\\CSonneveld\\AppData\\Roaming\\Python\\Python312\\site-packages\\werkzeug\\sansio\\request.py', reloading
2025-12-10 10:18:09,604 - werkzeug - INFO -  * Detected change in 'C:\\Users\\CSonneveld\\AppData\\Roaming\\Python\\Python312\\site-packages\\flask\\json\\__init__.py', reloading
2025-12-10 10:18:09,607 - werkzeug - INFO -  * Detected change in 'C:\\Users\\CSonneveld\\AppData\\Roaming\\Python\\Python312\\site-packages\\werkzeug\\wrappers\\response.py', reloading
2025-12-10 10:18:09,614 - werkzeug - INFO -  * Detected change in 'C:\\Users\\CSonneveld\\AppData\\Roaming\\Python\\Python312\\site-packages\\werkzeug\\sansio\\response.py', reloading
2025-12-10 10:18:09,641 - werkzeug - INFO -  * Detected change in 'C:\\Users\\CSonneveld\\AppData\\Roaming\\Python\\Python312\\site-packages\\flask\\config.py', reloading
2025-12-10 10:18:09,641 - werkzeug - INFO -  * Detected change in 'C:\\Users\\CSonneveld\\AppData\\Roaming\\Python\\Python312\\site-packages\\flask\\typing.py', reloading
2025-12-10 10:18:09,652 - werkzeug - INFO -  * Detected change in 'C:\\Users\\CSonneveld\\AppData\\Roaming\\Python\\Python312\\site-packages\\werkzeug\\datastructures\\__init__.py', reloading
2025-12-10 10:18:09,654 - werkzeug - INFO -  * Detected change in 'C:\\Users\\CSonneveld\\AppData\\Roaming\\Python\\Python312\\site-packages\\werkzeug\\datastructures\\headers.py', reloading
2025-12-10 10:18:09,701 - werkzeug - INFO -  * Detected change in 'C:\\Users\\CSonneveld\\AppData\\Roaming\\Python\\Python312\\site-packages\\werkzeug\\utils.py', reloading
2025-12-10 10:18:09,706 - werkzeug - INFO -  * Detected change in 'C:\\Users\\CSonneveld\\AppData\\Roaming\\Python\\Python312\\site-packages\\werkzeug\\_internal.py', reloading
2025-12-10 10:18:09,714 - werkzeug - INFO -  * Detected change in 'C:\\Users\\CSonneveld\\AppData\\Roaming\\Python\\Python312\\site-packages\\werkzeug\\datastructures\\structures.py', reloading
2025-12-10 10:18:09,729 - werkzeug - INFO -  * Detected change in 'C:\\Users\\CSonneveld\\AppData\\Roaming\\Python\\Python312\\site-packages\\werkzeug\\datastructures\\mixins.py', reloading
