2025-07-25 13:59:05,145 - werkzeug - WARNING -  * Debugger is active!
2025-07-25 13:59:05,145 - werkzeug - INFO -  * Debugger PIN: 691-175-853
2025-07-25 14:08:16,343 - Review.reviews.edefp_review - INFO - Loading EOD data...
2025-07-25 14:08:20,243 - Review.reviews.edefp_review - INFO - Loading reference data...
2025-07-25 14:08:21,186 - Review.reviews.edefp_review - ERROR - Error during review calculation: 'Number of Shares'
2025-07-25 14:08:21,202 - werkzeug - INFO -  * Detected change in 'C:\\Users\\CSonneveld\\AppData\\Roaming\\Python\\Python312\\site-packages\\pandas\\core\\indexes\\base.py', reloading
2025-07-25 14:08:21,202 - Review.reviews.edefp_review - ERROR - Traceback (most recent call last):
  File "C:\Users\CSonneveld\AppData\Roaming\Python\Python312\site-packages\pandas\core\indexes\base.py", line 3805, in get_loc
    return self._engine.get_loc(casted_key)
           ^^^^^^^^^^^^^^^^^^^^^^^^^^^^^^^^
  File "index.pyx", line 167, in pandas._libs.index.IndexEngine.get_loc
  File "index.pyx", line 196, in pandas._libs.index.IndexEngine.get_loc
  File "pandas\\_libs\\hashtable_class_helper.pxi", line 7081, in pandas._libs.hashtable.PyObjectHashTable.get_item
  File "pandas\\_libs\\hashtable_class_helper.pxi", line 7089, in pandas._libs.hashtable.PyObjectHashTable.get_item
KeyError: 'Number of Shares'

The above exception was the direct cause of the following exception:

Traceback (most recent call last):
  File "C:\Users\CSonneveld\OneDrive - Euronext\Documents\Projects\GUI + Reviews\Review\reviews\edefp_review.py", line 117, in run_edefp_review
    selection_df['FFMC'] = selection_df['Capping Factor'] * selection_df['Number of Shares'] * selection_df['Free Float'] * selection_df['Close Prc_CO'] * selection_df['FX/Index Ccy']
                                                            ~~~~~~~~~~~~^^^^^^^^^^^^^^^^^^^^
  File "C:\Users\CSonneveld\AppData\Roaming\Python\Python312\site-packages\pandas\core\frame.py", line 4102, in __getitem__
    indexer = self.columns.get_loc(key)
              ^^^^^^^^^^^^^^^^^^^^^^^^^
  File "C:\Users\CSonneveld\AppData\Roaming\Python\Python312\site-packages\pandas\core\indexes\base.py", line 3812, in get_loc
    raise KeyError(key) from err
KeyError: 'Number of Shares'

2025-07-25 14:08:21,206 - werkzeug - INFO - 127.0.0.1 - - [25/Jul/2025 14:08:21] "POST /calculate HTTP/1.1" 200 -
