2025-12-10 10:50:38,682 - werkzeug - WARNING -  * Debugger is active!
2025-12-10 10:50:38,682 - werkzeug - INFO -  * Debugger PIN: 691-175-853
2025-12-10 10:50:39,733 - werkzeug - INFO - 127.0.0.1 - - [10/Dec/2025 10:50:39] "POST /calculate HTTP/1.1" 200 -
2025-12-10 10:50:39,738 - Review.reviews.ehni_review - INFO - Loading EOD data...
2025-12-10 10:50:39,738 - werkzeug - INFO - 127.0.0.1 - - [10/Dec/2025 10:50:39] "GET /task-status/caa83ad1-e643-4c4f-aa4d-d360b8dd36ee HTTP/1.1" 200 -
2025-12-10 10:50:40,561 - Review.reviews.ehni_review - INFO - Loading reference data...
2025-12-10 10:50:41,767 - werkzeug - INFO - 127.0.0.1 - - [10/Dec/2025 10:50:41] "GET /task-status/caa83ad1-e643-4c4f-aa4d-d360b8dd36ee HTTP/1.1" 200 -
2025-12-10 10:50:43,616 - Review.reviews.ehni_review - INFO - Merging Sustainalytics data...
2025-12-10 10:50:43,616 - Review.reviews.ehni_review - INFO - First row (codes) sample after conversion: {'EntityId': '101011112999', 'EntityName': '101011122899', 'ISIN': '101211112999', 'Adult Entertainment Distribution-Level of Involvement Id': '171213112999', 'Adult Entertainment Production-Level of Involvement Id': '171211112999', 'Animal Testing Non-pharmaceutical products-Category of Involvement Id': '171415102999', 'Animal Testing Pharmaceutical products-Category of Involvement Id': '171411102999', 'Anti-Personnel Mines-Evidence of Activity': '211111113499', 'Arctic Oil & Gas Exploration Extraction-Category of Involvement Id': '173111102999', 'Arctic Oil & Gas Exploration Extraction-Level of Involvement Id': '173111112999'}
2025-12-10 10:50:43,616 - Review.reviews.ehni_review - INFO - Found matching code: 171613102999 in column 'Controversial Weapons Non tailor-made or non essential-Category of Involvement Id'
2025-12-10 10:50:43,616 - Review.reviews.ehni_review - INFO - Found matching code: 171611102999 in column 'Controversial Weapons Tailor-made and essential-Category of Involvement Id'
2025-12-10 10:50:43,616 - Review.reviews.ehni_review - INFO - Found matching code: 171114201199 in column 'Oil & Gas Production-Exploration and Production Natural Gas Revenue Percentage'
2025-12-10 10:50:43,616 - Review.reviews.ehni_review - INFO - Found matching code: 171114221199 in column 'Oil & Gas Production-Exploration and Production Oil Revenue Percentage'
2025-12-10 10:50:43,616 - Review.reviews.ehni_review - INFO - Found matching code: 171114241199 in column 'Oil & Gas Production-Refining Natural Gas Revenue Percentage'
2025-12-10 10:50:43,616 - Review.reviews.ehni_review - INFO - Found matching code: 171114261199 in column 'Oil & Gas Production-Refining Oil Revenue Percentage'
2025-12-10 10:50:43,616 - Review.reviews.ehni_review - INFO - Found matching code: 171114281199 in column 'Oil & Gas Production-Transportation and Storage Natural Gas Revenue Percentage'
2025-12-10 10:50:43,616 - Review.reviews.ehni_review - INFO - Found matching code: 171114301199 in column 'Oil & Gas Production-Transportation and Storage Oil Revenue Percentage'
2025-12-10 10:50:43,616 - Review.reviews.ehni_review - INFO - Found matching code: 173012171899 in column 'Oil Sands Extraction-Revenue Level of Involvement Id'
2025-12-10 10:50:43,616 - Review.reviews.ehni_review - INFO - Found matching code: 231112111799 in column 'Overall Global Compact Compliance Status'
2025-12-10 10:50:43,616 - Review.reviews.ehni_review - INFO - Found matching code: 173211112999 in column 'Shale Energy Extraction-Level of Involvement Id'
2025-12-10 10:50:43,616 - Review.reviews.ehni_review - INFO - Found matching code: 171025111199 in column 'Thermal Coal Extraction-Revenue Percentage'
2025-12-10 10:50:43,616 - Review.reviews.ehni_review - INFO - Found matching code: 171025141199 in column 'Thermal Coal Power Generation-Revenue Percentage'
2025-12-10 10:50:43,616 - Review.reviews.ehni_review - INFO - Found matching code: 172911112999 in column 'Tobacco Products Production-Level of Involvement Id'
2025-12-10 10:50:43,616 - Review.reviews.ehni_review - INFO - Found matching code: 172915112999 in column 'Tobacco Products Retail-Level of Involvement Id'
2025-12-10 10:50:43,616 - Review.reviews.ehni_review - INFO - Found matching code: 171114141199 in column 'Oil & Gas Generation-Revenue Percentage'
2025-12-10 10:50:43,628 - Review.reviews.ehni_review - INFO - Found matching code: 211010122999 in column 'Controversial Weapons-Type of Weapon Id'
2025-12-10 10:50:43,628 - Review.reviews.ehni_review - INFO - Total columns to keep: 18 (including ISIN)
2025-12-10 10:50:43,629 - Review.reviews.ehni_review - INFO - Renamed columns: ['ISIN', '171613102999', '171611102999', '171114201199', '171114221199', '171114241199', '171114261199', '171114281199', '171114301199', '173012171899', '231112111799', '173211112999', '171025111199', '171025141199', '172911112999', '172915112999', '171114141199', '211010122999']
2025-12-10 10:50:43,631 - Review.reviews.ehni_review - INFO - Sustainalytics merge completed. Added 17 columns.
2025-12-10 10:50:43,633 - Review.reviews.ehni_review - INFO - Saving EHNI output to: C:\Users\CSonneveld\OneDrive - Euronext\Documents\Projects\GUI + Reviews\output\EHNI_df_20251210_105043.xlsx
2025-12-10 10:50:43,751 - werkzeug - INFO - 127.0.0.1 - - [10/Dec/2025 10:50:43] "GET /task-status/caa83ad1-e643-4c4f-aa4d-d360b8dd36ee HTTP/1.1" 200 -
2025-12-10 10:56:10,149 - werkzeug - INFO -  * Detected change in 'C:\\Users\\CSonneveld\\OneDrive - Euronext\\Documents\\Projects\\GUI + Reviews\\Review\\reviews\\ehni_review.py', reloading
2025-12-10 10:56:10,150 - werkzeug - INFO -  * Detected change in 'C:\\Users\\CSonneveld\\OneDrive - Euronext\\Documents\\Projects\\GUI + Reviews\\Review\\reviews\\ehni_review.py', reloading
2025-12-10 10:56:10,151 - werkzeug - INFO -  * Detected change in 'C:\\Users\\CSonneveld\\OneDrive - Euronext\\Documents\\Projects\\GUI + Reviews\\Review\\reviews\\ehni_review.py', reloading
