2025-12-05 15:06:14,041 - werkzeug - WARNING -  * Debugger is active!
2025-12-05 15:06:14,043 - werkzeug - INFO -  * Debugger PIN: 691-175-853
2025-12-05 15:06:14,077 - werkzeug - INFO - 127.0.0.1 - - [05/Dec/2025 15:06:14] "POST /calculate HTTP/1.1" 200 -
2025-12-05 15:06:14,078 - Review.reviews.tcamp_review - INFO - Loading EOD data...
2025-12-05 15:06:14,078 - werkzeug - INFO - 127.0.0.1 - - [05/Dec/2025 15:06:14] "GET /task-status/48ebb275-edda-424b-a562-4cb020be7508 HTTP/1.1" 200 -
2025-12-05 15:06:16,091 - werkzeug - INFO - 127.0.0.1 - - [05/Dec/2025 15:06:16] "GET /task-status/48ebb275-edda-424b-a562-4cb020be7508 HTTP/1.1" 200 -
2025-12-05 15:06:16,122 - Review.reviews.tcamp_review - INFO - Loading reference data...
2025-12-05 15:06:16,123 - Review.reviews.tcamp_review - INFO - Creating selection_df from TCAMP constituents...
2025-12-05 15:06:16,123 - Review.reviews.tcamp_review - INFO - Found 2 TCAMP constituents
2025-12-05 15:06:16,123 - Review.reviews.tcamp_review - ERROR - Error during review calculation: "['Capping Factor'] not in index"
2025-12-05 15:06:16,131 - Review.reviews.tcamp_review - ERROR - Traceback (most recent call last):
  File "C:\Users\CSonneveld\OneDrive - Euronext\Documents\Projects\GUI + Reviews\Review\reviews\tcamp_review.py", line 84, in run_tcamp_review
    selection_df[
  File "C:\Users\CSonneveld\AppData\Roaming\Python\Python312\site-packages\pandas\core\frame.py", line 4108, in __getitem__
    indexer = self.columns._get_indexer_strict(key, "columns")[1]
              ^^^^^^^^^^^^^^^^^^^^^^^^^^^^^^^^^^^^^^^^^^^^^^^^
  File "C:\Users\CSonneveld\AppData\Roaming\Python\Python312\site-packages\pandas\core\indexes\base.py", line 6200, in _get_indexer_strict
    self._raise_if_missing(keyarr, indexer, axis_name)
  File "C:\Users\CSonneveld\AppData\Roaming\Python\Python312\site-packages\pandas\core\indexes\base.py", line 6252, in _raise_if_missing
    raise KeyError(f"{not_found} not in index")
KeyError: "['Capping Factor'] not in index"

2025-12-05 15:06:18,085 - werkzeug - INFO - 127.0.0.1 - - [05/Dec/2025 15:06:18] "GET /task-status/48ebb275-edda-424b-a562-4cb020be7508 HTTP/1.1" 200 -
2025-12-05 15:06:28,768 - werkzeug - INFO -  * Detected change in 'C:\\Users\\CSonneveld\\OneDrive - Euronext\\Documents\\Projects\\GUI + Reviews\\Review\\reviews\\tcamp_review.py', reloading
2025-12-05 15:06:28,784 - werkzeug - INFO -  * Detected change in 'C:\\Users\\CSonneveld\\OneDrive - Euronext\\Documents\\Projects\\GUI + Reviews\\Review\\reviews\\tcamp_review.py', reloading
