2025-12-11 14:35:11,999 - werkzeug - INFO - [31m[1mWARNING: This is a development server. Do not use it in a production deployment. Use a production WSGI server instead.[0m
 * Running on all addresses (0.0.0.0)
 * Running on http://127.0.0.1:5000
 * Running on http://10.199.43.185:5000
2025-12-11 14:35:11,999 - werkzeug - INFO - [33mPress CTRL+C to quit[0m
2025-12-11 14:35:12,022 - werkzeug - INFO -  * Restarting with watchdog (windowsapi)
2025-12-11 14:35:15,082 - werkzeug - INFO -  * Restarting with watchdog (windowsapi)
2025-12-11 14:35:27,649 - werkzeug - INFO -  * Restarting with watchdog (windowsapi)
2025-12-11 14:35:39,239 - werkzeug - INFO -  * Restarting with watchdog (windowsapi)
2025-12-11 14:36:04,025 - werkzeug - INFO -  * Restarting with watchdog (windowsapi)
2025-12-11 14:37:20,544 - werkzeug - INFO -  * Restarting with watchdog (windowsapi)
2025-12-11 14:37:40,106 - werkzeug - INFO -  * Restarting with watchdog (windowsapi)
2025-12-11 14:37:49,901 - werkzeug - INFO -  * Restarting with watchdog (windowsapi)
2025-12-11 14:37:52,670 - werkzeug - INFO -  * Restarting with watchdog (windowsapi)
2025-12-11 14:38:44,700 - werkzeug - INFO -  * Restarting with watchdog (windowsapi)
2025-12-11 14:39:16,500 - werkzeug - INFO -  * Restarting with watchdog (windowsapi)
2025-12-11 14:39:39,210 - werkzeug - INFO -  * Restarting with watchdog (windowsapi)
2025-12-11 14:39:57,882 - werkzeug - INFO -  * Restarting with watchdog (windowsapi)
2025-12-11 14:40:03,211 - werkzeug - INFO -  * Restarting with watchdog (windowsapi)
2025-12-11 14:40:11,678 - werkzeug - INFO -  * Restarting with watchdog (windowsapi)
2025-12-11 14:42:03,351 - werkzeug - INFO -  * Restarting with watchdog (windowsapi)
2025-12-11 14:42:10,840 - werkzeug - INFO -  * Restarting with watchdog (windowsapi)
2025-12-11 14:42:13,584 - werkzeug - INFO -  * Restarting with watchdog (windowsapi)
2025-12-11 14:42:42,351 - werkzeug - INFO -  * Restarting with watchdog (windowsapi)
2025-12-11 14:43:55,851 - werkzeug - INFO -  * Restarting with watchdog (windowsapi)
2025-12-11 14:44:17,663 - werkzeug - INFO -  * Restarting with watchdog (windowsapi)
2025-12-11 14:44:24,083 - werkzeug - INFO -  * Restarting with watchdog (windowsapi)
2025-12-11 14:44:47,675 - werkzeug - INFO -  * Restarting with watchdog (windowsapi)
2025-12-11 14:46:22,973 - werkzeug - INFO -  * Restarting with watchdog (windowsapi)
2025-12-11 14:46:42,898 - werkzeug - INFO -  * Restarting with watchdog (windowsapi)
2025-12-11 14:47:26,755 - werkzeug - INFO -  * Restarting with watchdog (windowsapi)
2025-12-11 14:47:51,489 - werkzeug - INFO -  * Restarting with watchdog (windowsapi)
2025-12-11 14:47:58,981 - werkzeug - INFO -  * Restarting with watchdog (windowsapi)
2025-12-11 14:48:15,722 - werkzeug - INFO -  * Restarting with watchdog (windowsapi)
2025-12-11 14:48:23,290 - werkzeug - INFO -  * Restarting with watchdog (windowsapi)
2025-12-11 14:48:30,666 - werkzeug - INFO -  * Restarting with watchdog (windowsapi)
2025-12-11 14:48:33,197 - werkzeug - INFO -  * Restarting with watchdog (windowsapi)
2025-12-11 14:49:27,558 - werkzeug - INFO -  * Restarting with watchdog (windowsapi)
2025-12-11 14:50:05,582 - werkzeug - INFO -  * Restarting with watchdog (windowsapi)
2025-12-11 14:50:58,813 - werkzeug - INFO -  * Restarting with watchdog (windowsapi)
2025-12-11 14:51:07,380 - werkzeug - INFO -  * Restarting with watchdog (windowsapi)
2025-12-11 14:51:20,968 - werkzeug - INFO -  * Restarting with watchdog (windowsapi)
2025-12-11 14:51:32,632 - werkzeug - INFO -  * Restarting with watchdog (windowsapi)
2025-12-11 14:51:40,229 - werkzeug - INFO -  * Restarting with watchdog (windowsapi)
2025-12-11 14:51:57,916 - werkzeug - INFO -  * Restarting with watchdog (windowsapi)
2025-12-11 14:52:05,485 - werkzeug - INFO -  * Restarting with watchdog (windowsapi)
2025-12-11 14:52:11,949 - werkzeug - INFO -  * Restarting with watchdog (windowsapi)
2025-12-11 14:52:19,507 - werkzeug - INFO -  * Restarting with watchdog (windowsapi)
2025-12-11 14:52:37,193 - werkzeug - INFO -  * Restarting with watchdog (windowsapi)
2025-12-11 14:52:44,656 - werkzeug - INFO -  * Restarting with watchdog (windowsapi)
2025-12-11 15:02:02,923 - werkzeug - INFO -  * Restarting with watchdog (windowsapi)
2025-12-11 15:02:33,382 - werkzeug - INFO -  * Restarting with watchdog (windowsapi)
2025-12-11 15:03:32,518 - werkzeug - INFO -  * Restarting with watchdog (windowsapi)
2025-12-11 15:04:20,071 - werkzeug - INFO -  * Restarting with watchdog (windowsapi)
2025-12-11 15:04:25,601 - werkzeug - INFO -  * Restarting with watchdog (windowsapi)
2025-12-11 15:04:27,941 - werkzeug - INFO -  * Restarting with watchdog (windowsapi)
2025-12-11 15:14:42,892 - werkzeug - INFO -  * Restarting with watchdog (windowsapi)
2025-12-11 15:14:49,946 - werkzeug - INFO -  * Restarting with watchdog (windowsapi)
2025-12-11 15:15:20,683 - werkzeug - INFO -  * Restarting with watchdog (windowsapi)
2025-12-11 15:15:28,272 - werkzeug - INFO -  * Restarting with watchdog (windowsapi)
2025-12-11 15:15:47,967 - werkzeug - INFO -  * Restarting with watchdog (windowsapi)
2025-12-11 15:16:04,537 - werkzeug - INFO -  * Restarting with watchdog (windowsapi)
2025-12-11 15:16:11,007 - werkzeug - INFO -  * Restarting with watchdog (windowsapi)
2025-12-11 15:16:29,482 - werkzeug - INFO -  * Restarting with watchdog (windowsapi)
2025-12-11 15:19:16,052 - werkzeug - INFO -  * Restarting with watchdog (windowsapi)
2025-12-11 15:19:31,655 - werkzeug - INFO -  * Restarting with watchdog (windowsapi)
2025-12-11 15:22:30,171 - werkzeug - INFO -  * Restarting with watchdog (windowsapi)
2025-12-11 15:23:54,305 - werkzeug - INFO -  * Restarting with watchdog (windowsapi)
2025-12-11 15:24:33,129 - werkzeug - INFO -  * Restarting with watchdog (windowsapi)
2025-12-11 15:24:53,388 - werkzeug - INFO -  * Restarting with watchdog (windowsapi)
2025-12-11 15:25:10,109 - werkzeug - INFO -  * Restarting with watchdog (windowsapi)
2025-12-11 15:25:44,598 - werkzeug - INFO -  * Restarting with watchdog (windowsapi)
2025-12-11 15:26:02,672 - werkzeug - INFO -  * Restarting with watchdog (windowsapi)
