2025-08-15 10:04:04,912 - werkzeug - INFO - [31m[1mWARNING: This is a development server. Do not use it in a production deployment. Use a production WSGI server instead.[0m
 * Running on all addresses (0.0.0.0)
 * Running on http://127.0.0.1:5000
 * Running on http://10.199.43.197:5000
2025-08-15 10:04:04,912 - werkzeug - INFO - [33mPress CTRL+C to quit[0m
2025-08-15 10:04:04,920 - werkzeug - INFO -  * Restarting with watchdog (windowsapi)
2025-08-15 10:04:10,881 - werkzeug - INFO -  * Restarting with watchdog (windowsapi)
2025-08-15 10:04:26,998 - werkzeug - INFO -  * Restarting with watchdog (windowsapi)
2025-08-15 10:04:32,927 - werkzeug - INFO -  * Restarting with watchdog (windowsapi)
2025-08-15 10:04:37,962 - werkzeug - INFO -  * Restarting with watchdog (windowsapi)
2025-08-15 10:04:55,184 - werkzeug - INFO -  * Restarting with watchdog (windowsapi)
2025-08-15 10:07:48,091 - werkzeug - INFO -  * Restarting with watchdog (windowsapi)
2025-08-15 10:08:07,588 - werkzeug - INFO -  * Restarting with watchdog (windowsapi)
2025-08-15 11:02:45,009 - werkzeug - INFO -  * Restarting with watchdog (windowsapi)
2025-08-15 11:04:54,550 - werkzeug - INFO -  * Restarting with watchdog (windowsapi)
2025-08-15 11:06:50,979 - werkzeug - INFO -  * Restarting with watchdog (windowsapi)
2025-08-15 11:06:54,963 - werkzeug - INFO -  * Restarting with watchdog (windowsapi)
2025-08-15 11:07:03,087 - werkzeug - INFO -  * Restarting with watchdog (windowsapi)
2025-08-15 11:07:14,364 - werkzeug - INFO -  * Restarting with watchdog (windowsapi)
2025-08-15 11:07:28,571 - werkzeug - INFO -  * Restarting with watchdog (windowsapi)
2025-08-15 11:12:04,898 - werkzeug - INFO -  * Restarting with watchdog (windowsapi)
2025-08-15 11:13:57,495 - werkzeug - INFO -  * Restarting with watchdog (windowsapi)
2025-08-15 11:16:11,019 - werkzeug - INFO -  * Restarting with watchdog (windowsapi)
2025-08-15 11:16:24,357 - werkzeug - INFO -  * Restarting with watchdog (windowsapi)
2025-08-15 11:16:35,751 - werkzeug - INFO -  * Restarting with watchdog (windowsapi)
2025-08-15 11:20:10,105 - werkzeug - INFO -  * Restarting with watchdog (windowsapi)
2025-08-15 11:20:12,136 - werkzeug - INFO -  * Restarting with watchdog (windowsapi)
2025-08-15 11:20:41,725 - werkzeug - INFO -  * Restarting with watchdog (windowsapi)
2025-08-15 11:21:44,416 - werkzeug - INFO -  * Restarting with watchdog (windowsapi)
2025-08-15 11:26:06,273 - werkzeug - INFO -  * Restarting with watchdog (windowsapi)
2025-08-15 11:27:12,809 - werkzeug - INFO -  * Restarting with watchdog (windowsapi)
2025-08-15 11:33:39,554 - werkzeug - INFO -  * Restarting with watchdog (windowsapi)
2025-08-15 11:34:00,339 - werkzeug - INFO -  * Restarting with watchdog (windowsapi)
2025-08-15 11:34:17,680 - werkzeug - INFO -  * Restarting with watchdog (windowsapi)
2025-08-15 11:34:24,883 - werkzeug - INFO -  * Restarting with watchdog (windowsapi)
2025-08-15 11:34:46,683 - werkzeug - INFO -  * Restarting with watchdog (windowsapi)
2025-08-15 11:35:16,230 - werkzeug - INFO -  * Restarting with watchdog (windowsapi)
2025-08-15 11:35:18,399 - werkzeug - INFO -  * Restarting with watchdog (windowsapi)
2025-08-15 11:36:03,953 - werkzeug - INFO -  * Restarting with watchdog (windowsapi)
2025-08-15 11:36:50,426 - werkzeug - INFO -  * Restarting with watchdog (windowsapi)
2025-08-15 12:01:08,262 - werkzeug - INFO -  * Restarting with watchdog (windowsapi)
2025-08-15 12:01:10,557 - werkzeug - INFO -  * Restarting with watchdog (windowsapi)
2025-08-15 13:07:33,052 - werkzeug - INFO -  * Restarting with watchdog (windowsapi)
2025-08-15 13:10:57,591 - werkzeug - INFO -  * Restarting with watchdog (windowsapi)
2025-08-15 13:11:07,651 - werkzeug - INFO -  * Restarting with watchdog (windowsapi)
2025-08-15 13:11:11,641 - werkzeug - INFO -  * Restarting with watchdog (windowsapi)
2025-08-15 13:11:13,608 - werkzeug - INFO -  * Restarting with watchdog (windowsapi)
2025-08-15 13:11:16,603 - werkzeug - INFO -  * Restarting with watchdog (windowsapi)
2025-08-15 13:11:18,561 - werkzeug - INFO -  * Restarting with watchdog (windowsapi)
2025-08-15 13:11:20,475 - werkzeug - INFO -  * Restarting with watchdog (windowsapi)
2025-08-15 13:11:29,558 - werkzeug - INFO -  * Restarting with watchdog (windowsapi)
2025-08-15 13:12:37,309 - werkzeug - INFO -  * Restarting with watchdog (windowsapi)
2025-08-15 13:16:36,102 - werkzeug - INFO -  * Restarting with watchdog (windowsapi)
2025-08-15 13:16:44,125 - werkzeug - INFO -  * Restarting with watchdog (windowsapi)
2025-08-15 13:16:55,160 - werkzeug - INFO -  * Restarting with watchdog (windowsapi)
2025-08-15 13:17:03,702 - werkzeug - INFO -  * Restarting with watchdog (windowsapi)
2025-08-15 13:17:19,351 - werkzeug - INFO -  * Restarting with watchdog (windowsapi)
2025-08-15 13:17:46,524 - werkzeug - INFO -  * Restarting with watchdog (windowsapi)
2025-08-15 13:37:11,370 - werkzeug - INFO -  * Restarting with watchdog (windowsapi)
2025-08-15 13:43:02,843 - werkzeug - INFO -  * Restarting with watchdog (windowsapi)
2025-08-15 13:43:14,655 - werkzeug - INFO -  * Restarting with watchdog (windowsapi)
2025-08-15 13:44:00,076 - werkzeug - INFO -  * Restarting with watchdog (windowsapi)
2025-08-15 13:45:02,786 - werkzeug - INFO -  * Restarting with watchdog (windowsapi)
2025-08-15 13:45:12,793 - werkzeug - INFO -  * Restarting with watchdog (windowsapi)
2025-08-15 13:45:18,804 - werkzeug - INFO -  * Restarting with watchdog (windowsapi)
2025-08-15 13:45:22,801 - werkzeug - INFO -  * Restarting with watchdog (windowsapi)
2025-08-15 13:45:24,886 - werkzeug - INFO -  * Restarting with watchdog (windowsapi)
2025-08-15 13:45:26,869 - werkzeug - INFO -  * Restarting with watchdog (windowsapi)
2025-08-15 13:45:37,921 - werkzeug - INFO -  * Restarting with watchdog (windowsapi)
2025-08-15 13:45:39,859 - werkzeug - INFO -  * Restarting with watchdog (windowsapi)
2025-08-15 13:46:11,886 - werkzeug - INFO -  * Restarting with watchdog (windowsapi)
2025-08-15 13:46:26,044 - werkzeug - INFO -  * Restarting with watchdog (windowsapi)
2025-08-15 13:49:46,279 - werkzeug - INFO -  * Restarting with watchdog (windowsapi)
2025-08-15 13:49:48,318 - werkzeug - INFO -  * Restarting with watchdog (windowsapi)
2025-08-15 13:49:51,257 - werkzeug - INFO -  * Restarting with watchdog (windowsapi)
2025-08-15 13:50:09,362 - werkzeug - INFO -  * Restarting with watchdog (windowsapi)
2025-08-15 13:50:27,142 - werkzeug - INFO -  * Restarting with watchdog (windowsapi)
2025-08-15 13:54:49,399 - werkzeug - INFO -  * Restarting with watchdog (windowsapi)
2025-08-15 13:58:43,492 - werkzeug - INFO -  * Restarting with watchdog (windowsapi)
2025-08-15 13:58:56,543 - werkzeug - INFO -  * Restarting with watchdog (windowsapi)
2025-08-15 14:00:08,855 - werkzeug - INFO -  * Restarting with watchdog (windowsapi)
2025-08-15 14:00:32,377 - werkzeug - INFO -  * Restarting with watchdog (windowsapi)
2025-08-15 14:10:43,245 - werkzeug - INFO -  * Restarting with watchdog (windowsapi)
2025-08-15 14:11:00,875 - werkzeug - INFO -  * Restarting with watchdog (windowsapi)
2025-08-15 14:11:19,090 - werkzeug - INFO -  * Restarting with watchdog (windowsapi)
2025-08-15 14:16:00,629 - werkzeug - INFO -  * Restarting with watchdog (windowsapi)
2025-08-15 14:16:25,831 - werkzeug - INFO -  * Restarting with watchdog (windowsapi)
2025-08-15 14:16:43,563 - werkzeug - INFO -  * Restarting with watchdog (windowsapi)
2025-08-15 14:17:44,228 - werkzeug - INFO -  * Restarting with watchdog (windowsapi)
2025-08-15 14:17:46,315 - werkzeug - INFO -  * Restarting with watchdog (windowsapi)
2025-08-15 14:17:50,310 - werkzeug - INFO -  * Restarting with watchdog (windowsapi)
2025-08-15 14:19:53,494 - werkzeug - INFO -  * Restarting with watchdog (windowsapi)
2025-08-15 14:19:55,427 - werkzeug - INFO -  * Restarting with watchdog (windowsapi)
2025-08-15 14:20:35,711 - werkzeug - INFO -  * Restarting with watchdog (windowsapi)
2025-08-15 14:20:37,625 - werkzeug - INFO -  * Restarting with watchdog (windowsapi)
2025-08-15 14:21:10,819 - werkzeug - INFO -  * Restarting with watchdog (windowsapi)
2025-08-15 14:21:12,869 - werkzeug - INFO -  * Restarting with watchdog (windowsapi)
2025-08-15 14:21:23,844 - werkzeug - INFO -  * Restarting with watchdog (windowsapi)
2025-08-15 14:46:03,521 - werkzeug - INFO -  * Restarting with watchdog (windowsapi)
2025-08-15 14:51:12,559 - werkzeug - INFO -  * Restarting with watchdog (windowsapi)
2025-08-15 14:51:18,609 - werkzeug - INFO -  * Restarting with watchdog (windowsapi)
2025-08-15 14:51:24,636 - werkzeug - INFO -  * Restarting with watchdog (windowsapi)
2025-08-15 14:51:31,804 - werkzeug - INFO -  * Restarting with watchdog (windowsapi)
2025-08-15 14:51:41,888 - werkzeug - INFO -  * Restarting with watchdog (windowsapi)
2025-08-15 14:51:43,951 - werkzeug - INFO -  * Restarting with watchdog (windowsapi)
2025-08-15 14:51:45,884 - werkzeug - INFO -  * Restarting with watchdog (windowsapi)
2025-08-15 14:51:55,905 - werkzeug - INFO -  * Restarting with watchdog (windowsapi)
2025-08-15 14:52:48,423 - werkzeug - INFO -  * Restarting with watchdog (windowsapi)
2025-08-15 14:52:52,405 - werkzeug - INFO -  * Restarting with watchdog (windowsapi)
2025-08-15 14:52:54,297 - werkzeug - INFO -  * Restarting with watchdog (windowsapi)
2025-08-15 14:53:04,295 - werkzeug - INFO -  * Restarting with watchdog (windowsapi)
2025-08-15 14:53:09,273 - werkzeug - INFO -  * Restarting with watchdog (windowsapi)
2025-08-15 14:53:18,332 - werkzeug - INFO -  * Restarting with watchdog (windowsapi)
2025-08-15 14:53:20,200 - werkzeug - INFO -  * Restarting with watchdog (windowsapi)
2025-08-15 14:55:17,431 - werkzeug - INFO -  * Restarting with watchdog (windowsapi)
2025-08-15 14:55:33,552 - werkzeug - INFO -  * Restarting with watchdog (windowsapi)
2025-08-15 14:55:46,675 - werkzeug - INFO -  * Restarting with watchdog (windowsapi)
2025-08-15 14:55:48,613 - werkzeug - INFO -  * Restarting with watchdog (windowsapi)
2025-08-15 14:55:59,619 - werkzeug - INFO -  * Restarting with watchdog (windowsapi)
2025-08-15 14:56:16,808 - werkzeug - INFO -  * Restarting with watchdog (windowsapi)
2025-08-15 14:56:27,868 - werkzeug - INFO -  * Restarting with watchdog (windowsapi)
2025-08-15 14:56:29,882 - werkzeug - INFO -  * Restarting with watchdog (windowsapi)
2025-08-15 14:56:31,753 - werkzeug - INFO -  * Restarting with watchdog (windowsapi)
2025-08-15 14:56:47,859 - werkzeug - INFO -  * Restarting with watchdog (windowsapi)
2025-08-15 14:56:49,872 - werkzeug - INFO -  * Restarting with watchdog (windowsapi)
2025-08-15 14:58:23,302 - werkzeug - INFO -  * Restarting with watchdog (windowsapi)
2025-08-15 14:58:25,351 - werkzeug - INFO -  * Restarting with watchdog (windowsapi)
2025-08-15 14:58:50,678 - werkzeug - INFO -  * Restarting with watchdog (windowsapi)
2025-08-15 14:59:00,836 - werkzeug - INFO -  * Restarting with watchdog (windowsapi)
2025-08-15 14:59:02,745 - werkzeug - INFO -  * Restarting with watchdog (windowsapi)
2025-08-15 15:00:12,505 - werkzeug - INFO -  * Restarting with watchdog (windowsapi)
2025-08-15 15:00:16,431 - werkzeug - INFO -  * Restarting with watchdog (windowsapi)
2025-08-15 15:00:47,684 - werkzeug - INFO -  * Restarting with watchdog (windowsapi)
2025-08-15 15:01:25,003 - werkzeug - INFO -  * Restarting with watchdog (windowsapi)
2025-08-15 15:01:26,923 - werkzeug - INFO -  * Restarting with watchdog (windowsapi)
2025-08-15 15:02:20,657 - werkzeug - INFO -  * Restarting with watchdog (windowsapi)
2025-08-15 15:02:25,611 - werkzeug - INFO -  * Restarting with watchdog (windowsapi)
2025-08-15 15:02:27,551 - werkzeug - INFO -  * Restarting with watchdog (windowsapi)
2025-08-15 15:02:49,603 - werkzeug - INFO -  * Restarting with watchdog (windowsapi)
