2025-03-19 20:28:56,716 - werkzeug - WARNING -  * Debugger is active!
2025-03-19 20:28:56,719 - werkzeug - INFO -  * Debugger PIN: 691-175-853
2025-03-19 20:29:08,079 - Review.reviews.fri4p_review - INFO - Loading EOD data...
2025-03-19 20:29:09,206 - Review.reviews.fri4p_review - INFO - Loading reference data...
2025-03-19 20:29:17,485 - Review.reviews.fri4p_review - INFO - Processing sector: 1010.0, area: AS, group size: 46
2025-03-19 20:29:17,486 - Review.reviews.fri4p_review - INFO - Companies in group: 46, to exclude: 9
2025-03-19 20:29:17,486 - Review.reviews.fri4p_review - INFO - Processing sector: 1010.0, area: EU, group size: 25
2025-03-19 20:29:17,493 - Review.reviews.fri4p_review - INFO - Companies in group: 25, to exclude: 5
2025-03-19 20:29:17,493 - Review.reviews.fri4p_review - INFO - Processing sector: 1010.0, area: NA, group size: 83
2025-03-19 20:29:17,494 - Review.reviews.fri4p_review - INFO - Companies in group: 83, to exclude: 16
2025-03-19 20:29:17,494 - Review.reviews.fri4p_review - INFO - Processing sector: 1510.0, area: AS, group size: 12
2025-03-19 20:29:17,495 - Review.reviews.fri4p_review - INFO - Companies in group: 12, to exclude: 2
2025-03-19 20:29:17,495 - Review.reviews.fri4p_review - INFO - Processing sector: 1510.0, area: EU, group size: 19
2025-03-19 20:29:17,495 - Review.reviews.fri4p_review - INFO - Companies in group: 19, to exclude: 3
2025-03-19 20:29:17,496 - Review.reviews.fri4p_review - INFO - Processing sector: 1510.0, area: NA, group size: 10
2025-03-19 20:29:17,496 - Review.reviews.fri4p_review - INFO - Companies in group: 10, to exclude: 2
2025-03-19 20:29:17,496 - Review.reviews.fri4p_review - INFO - Processing sector: 2010.0, area: AS, group size: 30
2025-03-19 20:29:17,497 - Review.reviews.fri4p_review - INFO - Companies in group: 30, to exclude: 6
2025-03-19 20:29:17,497 - Review.reviews.fri4p_review - INFO - Processing sector: 2010.0, area: EU, group size: 48
2025-03-19 20:29:17,497 - Review.reviews.fri4p_review - INFO - Companies in group: 48, to exclude: 9
2025-03-19 20:29:17,497 - Review.reviews.fri4p_review - INFO - Processing sector: 2010.0, area: NA, group size: 46
2025-03-19 20:29:17,498 - Review.reviews.fri4p_review - INFO - Companies in group: 46, to exclude: 9
2025-03-19 20:29:17,498 - Review.reviews.fri4p_review - INFO - Processing sector: 3010.0, area: AS, group size: 30
2025-03-19 20:29:17,499 - Review.reviews.fri4p_review - INFO - Companies in group: 30, to exclude: 6
2025-03-19 20:29:17,499 - Review.reviews.fri4p_review - INFO - Processing sector: 3010.0, area: EU, group size: 46
2025-03-19 20:29:17,499 - Review.reviews.fri4p_review - INFO - Companies in group: 46, to exclude: 9
2025-03-19 20:29:17,499 - Review.reviews.fri4p_review - INFO - Processing sector: 3010.0, area: NA, group size: 21
2025-03-19 20:29:17,500 - Review.reviews.fri4p_review - INFO - Companies in group: 21, to exclude: 4
2025-03-19 20:29:17,500 - Review.reviews.fri4p_review - INFO - Processing sector: 3020.0, area: AS, group size: 17
2025-03-19 20:29:17,501 - Review.reviews.fri4p_review - INFO - Companies in group: 17, to exclude: 3
2025-03-19 20:29:17,501 - Review.reviews.fri4p_review - INFO - Processing sector: 3020.0, area: EU, group size: 36
2025-03-19 20:29:17,502 - Review.reviews.fri4p_review - INFO - Companies in group: 36, to exclude: 7
2025-03-19 20:29:17,502 - Review.reviews.fri4p_review - INFO - Processing sector: 3020.0, area: NA, group size: 32
2025-03-19 20:29:17,503 - Review.reviews.fri4p_review - INFO - Companies in group: 32, to exclude: 6
2025-03-19 20:29:17,503 - Review.reviews.fri4p_review - INFO - Processing sector: 3030.0, area: AS, group size: 13
2025-03-19 20:29:17,504 - Review.reviews.fri4p_review - INFO - Companies in group: 13, to exclude: 2
2025-03-19 20:29:17,504 - Review.reviews.fri4p_review - INFO - Processing sector: 3030.0, area: EU, group size: 32
2025-03-19 20:29:17,505 - Review.reviews.fri4p_review - INFO - Companies in group: 32, to exclude: 6
2025-03-19 20:29:17,505 - Review.reviews.fri4p_review - INFO - Processing sector: 3030.0, area: NA, group size: 23
2025-03-19 20:29:17,506 - Review.reviews.fri4p_review - INFO - Companies in group: 23, to exclude: 4
2025-03-19 20:29:17,506 - Review.reviews.fri4p_review - INFO - Processing sector: 3510.0, area: AS, group size: 48
2025-03-19 20:29:17,507 - Review.reviews.fri4p_review - INFO - Companies in group: 48, to exclude: 9
2025-03-19 20:29:17,507 - Review.reviews.fri4p_review - INFO - Processing sector: 3510.0, area: EU, group size: 25
2025-03-19 20:29:17,508 - Review.reviews.fri4p_review - INFO - Companies in group: 25, to exclude: 5
2025-03-19 20:29:17,508 - Review.reviews.fri4p_review - INFO - Processing sector: 3510.0, area: NA, group size: 22
2025-03-19 20:29:17,509 - Review.reviews.fri4p_review - INFO - Companies in group: 22, to exclude: 4
2025-03-19 20:29:17,509 - Review.reviews.fri4p_review - INFO - Processing sector: 4010.0, area: AS, group size: 15
2025-03-19 20:29:17,510 - Review.reviews.fri4p_review - INFO - Companies in group: 15, to exclude: 3
2025-03-19 20:29:17,510 - Review.reviews.fri4p_review - INFO - Processing sector: 4010.0, area: EU, group size: 13
2025-03-19 20:29:17,510 - Review.reviews.fri4p_review - INFO - Companies in group: 13, to exclude: 2
2025-03-19 20:29:17,511 - Review.reviews.fri4p_review - INFO - Processing sector: 4010.0, area: NA, group size: 4
2025-03-19 20:29:17,511 - Review.reviews.fri4p_review - INFO - Companies in group: 4, to exclude: 0
2025-03-19 20:29:17,511 - Review.reviews.fri4p_review - WARNING - No companies to exclude for sector 4010.0 and area NA
2025-03-19 20:29:17,511 - Review.reviews.fri4p_review - INFO - Processing sector: 4020.0, area: AS, group size: 29
2025-03-19 20:29:17,512 - Review.reviews.fri4p_review - INFO - Companies in group: 29, to exclude: 5
2025-03-19 20:29:17,512 - Review.reviews.fri4p_review - INFO - Processing sector: 4020.0, area: EU, group size: 26
2025-03-19 20:29:17,512 - Review.reviews.fri4p_review - INFO - Companies in group: 26, to exclude: 5
2025-03-19 20:29:17,513 - Review.reviews.fri4p_review - INFO - Processing sector: 4020.0, area: NA, group size: 17
2025-03-19 20:29:17,513 - Review.reviews.fri4p_review - INFO - Companies in group: 17, to exclude: 3
2025-03-19 20:29:17,514 - Review.reviews.fri4p_review - INFO - Processing sector: 4030.0, area: AS, group size: 6
2025-03-19 20:29:17,514 - Review.reviews.fri4p_review - INFO - Companies in group: 6, to exclude: 1
2025-03-19 20:29:17,514 - Review.reviews.fri4p_review - INFO - Processing sector: 4030.0, area: EU, group size: 10
2025-03-19 20:29:17,515 - Review.reviews.fri4p_review - INFO - Companies in group: 10, to exclude: 2
2025-03-19 20:29:17,515 - Review.reviews.fri4p_review - INFO - Processing sector: 4030.0, area: NA, group size: 6
2025-03-19 20:29:17,515 - Review.reviews.fri4p_review - INFO - Companies in group: 6, to exclude: 1
2025-03-19 20:29:17,516 - Review.reviews.fri4p_review - INFO - Processing sector: 4040.0, area: AS, group size: 13
2025-03-19 20:29:17,516 - Review.reviews.fri4p_review - INFO - Companies in group: 13, to exclude: 2
2025-03-19 20:29:17,516 - Review.reviews.fri4p_review - INFO - Processing sector: 4040.0, area: EU, group size: 11
2025-03-19 20:29:17,517 - Review.reviews.fri4p_review - INFO - Companies in group: 11, to exclude: 2
2025-03-19 20:29:17,518 - Review.reviews.fri4p_review - INFO - Processing sector: 4040.0, area: NA, group size: 20
2025-03-19 20:29:17,518 - Review.reviews.fri4p_review - INFO - Companies in group: 20, to exclude: 4
2025-03-19 20:29:17,519 - Review.reviews.fri4p_review - INFO - Processing sector: 4050.0, area: AS, group size: 19
2025-03-19 20:29:17,519 - Review.reviews.fri4p_review - INFO - Companies in group: 19, to exclude: 3
2025-03-19 20:29:17,519 - Review.reviews.fri4p_review - INFO - Processing sector: 4050.0, area: EU, group size: 13
2025-03-19 20:29:17,520 - Review.reviews.fri4p_review - INFO - Companies in group: 13, to exclude: 2
2025-03-19 20:29:17,520 - Review.reviews.fri4p_review - INFO - Processing sector: 4050.0, area: NA, group size: 19
2025-03-19 20:29:17,521 - Review.reviews.fri4p_review - INFO - Companies in group: 19, to exclude: 3
2025-03-19 20:29:17,521 - Review.reviews.fri4p_review - INFO - Processing sector: 4510.0, area: AS, group size: 25
2025-03-19 20:29:17,521 - Review.reviews.fri4p_review - INFO - Companies in group: 25, to exclude: 5
2025-03-19 20:29:17,522 - Review.reviews.fri4p_review - INFO - Processing sector: 4510.0, area: EU, group size: 26
2025-03-19 20:29:17,522 - Review.reviews.fri4p_review - INFO - Companies in group: 26, to exclude: 5
2025-03-19 20:29:17,523 - Review.reviews.fri4p_review - INFO - Processing sector: 4510.0, area: NA, group size: 17
2025-03-19 20:29:17,523 - Review.reviews.fri4p_review - INFO - Companies in group: 17, to exclude: 3
2025-03-19 20:29:17,524 - Review.reviews.fri4p_review - INFO - Processing sector: 4520.0, area: AS, group size: 16
2025-03-19 20:29:17,524 - Review.reviews.fri4p_review - INFO - Companies in group: 16, to exclude: 3
2025-03-19 20:29:17,525 - Review.reviews.fri4p_review - INFO - Processing sector: 4520.0, area: EU, group size: 12
2025-03-19 20:29:17,525 - Review.reviews.fri4p_review - INFO - Companies in group: 12, to exclude: 2
2025-03-19 20:29:17,526 - Review.reviews.fri4p_review - INFO - Processing sector: 4520.0, area: NA, group size: 12
2025-03-19 20:29:17,526 - Review.reviews.fri4p_review - INFO - Companies in group: 12, to exclude: 2
2025-03-19 20:29:17,527 - Review.reviews.fri4p_review - INFO - Processing sector: 5010.0, area: AS, group size: 17
2025-03-19 20:29:17,527 - Review.reviews.fri4p_review - INFO - Companies in group: 17, to exclude: 3
2025-03-19 20:29:17,527 - Review.reviews.fri4p_review - INFO - Processing sector: 5010.0, area: EU, group size: 27
2025-03-19 20:29:17,528 - Review.reviews.fri4p_review - INFO - Companies in group: 27, to exclude: 5
2025-03-19 20:29:17,528 - Review.reviews.fri4p_review - INFO - Processing sector: 5010.0, area: NA, group size: 10
2025-03-19 20:29:17,529 - Review.reviews.fri4p_review - INFO - Companies in group: 10, to exclude: 2
2025-03-19 20:29:17,529 - Review.reviews.fri4p_review - INFO - Processing sector: 5020.0, area: AS, group size: 95
2025-03-19 20:29:17,529 - Review.reviews.fri4p_review - INFO - Companies in group: 95, to exclude: 19
2025-03-19 20:29:17,530 - Review.reviews.fri4p_review - INFO - Processing sector: 5020.0, area: EU, group size: 97
2025-03-19 20:29:17,530 - Review.reviews.fri4p_review - INFO - Companies in group: 97, to exclude: 19
2025-03-19 20:29:17,530 - Review.reviews.fri4p_review - INFO - Processing sector: 5020.0, area: NA, group size: 75
2025-03-19 20:29:17,531 - Review.reviews.fri4p_review - INFO - Companies in group: 75, to exclude: 15
2025-03-19 20:29:17,531 - Review.reviews.fri4p_review - INFO - Processing sector: 5510.0, area: AS, group size: 20
2025-03-19 20:29:17,531 - Review.reviews.fri4p_review - INFO - Companies in group: 20, to exclude: 4
2025-03-19 20:29:17,532 - Review.reviews.fri4p_review - INFO - Processing sector: 5510.0, area: EU, group size: 16
2025-03-19 20:29:17,532 - Review.reviews.fri4p_review - INFO - Companies in group: 16, to exclude: 3
2025-03-19 20:29:17,532 - Review.reviews.fri4p_review - INFO - Processing sector: 5510.0, area: NA, group size: 12
2025-03-19 20:29:17,533 - Review.reviews.fri4p_review - INFO - Companies in group: 12, to exclude: 2
2025-03-19 20:29:17,533 - Review.reviews.fri4p_review - INFO - Processing sector: 5520.0, area: AS, group size: 17
2025-03-19 20:29:17,534 - Review.reviews.fri4p_review - INFO - Companies in group: 17, to exclude: 3
2025-03-19 20:29:17,534 - Review.reviews.fri4p_review - INFO - Processing sector: 5520.0, area: EU, group size: 18
2025-03-19 20:29:17,535 - Review.reviews.fri4p_review - INFO - Companies in group: 18, to exclude: 3
2025-03-19 20:29:17,535 - Review.reviews.fri4p_review - INFO - Processing sector: 5520.0, area: NA, group size: 6
2025-03-19 20:29:17,536 - Review.reviews.fri4p_review - INFO - Companies in group: 6, to exclude: 1
2025-03-19 20:29:17,536 - Review.reviews.fri4p_review - INFO - Processing sector: 6010.0, area: AS, group size: 10
2025-03-19 20:29:17,536 - Review.reviews.fri4p_review - INFO - Companies in group: 10, to exclude: 2
2025-03-19 20:29:17,537 - Review.reviews.fri4p_review - INFO - Processing sector: 6010.0, area: EU, group size: 21
2025-03-19 20:29:17,537 - Review.reviews.fri4p_review - INFO - Companies in group: 21, to exclude: 4
2025-03-19 20:29:17,538 - Review.reviews.fri4p_review - INFO - Processing sector: 6010.0, area: NA, group size: 34
2025-03-19 20:29:17,538 - Review.reviews.fri4p_review - INFO - Companies in group: 34, to exclude: 6
2025-03-19 20:29:17,538 - Review.reviews.fri4p_review - INFO - Processing sector: 6510.0, area: AS, group size: 22
2025-03-19 20:29:17,539 - Review.reviews.fri4p_review - INFO - Companies in group: 22, to exclude: 4
2025-03-19 20:29:17,539 - Review.reviews.fri4p_review - INFO - Processing sector: 6510.0, area: EU, group size: 25
2025-03-19 20:29:17,540 - Review.reviews.fri4p_review - INFO - Companies in group: 25, to exclude: 5
2025-03-19 20:29:17,540 - Review.reviews.fri4p_review - INFO - Processing sector: 6510.0, area: NA, group size: 31
2025-03-19 20:29:17,540 - Review.reviews.fri4p_review - INFO - Companies in group: 31, to exclude: 6
2025-03-19 20:29:30,138 - Review.reviews.fri4p_review - INFO - Checking IsinCode FRIX00003643 in index_eod_df
2025-03-19 20:29:30,139 - Review.reviews.fri4p_review - INFO - Found 1 matching rows
2025-03-19 20:29:30,150 - Review.reviews.fri4p_review - INFO - Saving FRI4P output to: C:\Users\CSonneveld\OneDrive - Euronext\Documents\Projects\GUI + Reviews\output\FRI4P_df_20250319_202930.xlsx
2025-03-19 20:29:30,927 - werkzeug - INFO - 127.0.0.1 - - [19/Mar/2025 20:29:30] "POST /calculate HTTP/1.1" 200 -
2025-03-19 20:30:43,440 - werkzeug - INFO -  * Detected change in 'C:\\Users\\CSonneveld\\OneDrive - Euronext\\Documents\\Projects\\GUI + Reviews\\Review\\reviews\\fri4p_review.py', reloading
2025-03-19 20:30:43,446 - werkzeug - INFO -  * Detected change in 'C:\\Users\\CSonneveld\\OneDrive - Euronext\\Documents\\Projects\\GUI + Reviews\\Review\\reviews\\fri4p_review.py', reloading
2025-03-19 20:30:43,446 - werkzeug - INFO -  * Detected change in 'C:\\Users\\CSonneveld\\OneDrive - Euronext\\Documents\\Projects\\GUI + Reviews\\Review\\reviews\\fri4p_review.py', reloading
