2025-12-04 10:41:14,502 - werkzeug - WARNING -  * Debugger is active!
2025-12-04 10:41:14,507 - werkzeug - INFO -  * Debugger PIN: 691-175-853
2025-12-04 10:41:14,543 - werkzeug - INFO - 127.0.0.1 - - [04/Dec/2025 10:41:14] "GET /task-status/1ac4dad6-03d1-492a-ba9d-773ab44c9c3f HTTP/1.1" 200 -
2025-12-04 10:41:21,989 - werkzeug - INFO - 127.0.0.1 - - [04/Dec/2025 10:41:21] "POST /calculate-batch HTTP/1.1" 200 -
2025-12-04 10:41:21,989 - Review.reviews.ezsl_review - INFO - Starting EZSL review calculation
2025-12-04 10:41:21,989 - werkzeug - INFO - 127.0.0.1 - - [04/Dec/2025 10:41:21] "GET /task-status/ec1b1d68-74bc-4b16-ba06-d0df33aedb9d HTTP/1.1" 200 -
2025-12-04 10:41:23,887 - Review.reviews.ezsl_review - INFO - Found 0 existing companies in EZSL
2025-12-04 10:41:23,889 - Review.reviews.ezsl_review - INFO - 
Overall EZSL Selection Summary:
2025-12-04 10:41:23,889 - Review.reviews.ezsl_review - INFO - Total companies selected: 347
2025-12-04 10:41:23,889 - Review.reviews.ezsl_review - INFO -   - Existing companies selected: 0
2025-12-04 10:41:23,889 - Review.reviews.ezsl_review - INFO -   - New companies selected: 347
2025-12-04 10:41:23,889 - Review.reviews.ezsl_review - INFO - Total FFMC covered: 13.73%
2025-12-04 10:41:23,889 - Review.reviews.ezsl_review - INFO - 
Applying proportional capping
2025-12-04 10:41:23,895 - utils.capping_proportional - INFO - Starting proportional capping with max weight: 10.0%
2025-12-04 10:41:23,896 - utils.capping_proportional - INFO - Capping procedure converged after 0 iterations
2025-12-04 10:41:23,896 - utils.capping_proportional - INFO - Capping Summary:
2025-12-04 10:41:23,897 - utils.capping_proportional - INFO -   Total companies: 347
2025-12-04 10:41:23,897 - utils.capping_proportional - INFO -   Companies capped: 0
2025-12-04 10:41:23,897 - utils.capping_proportional - INFO -   Weight sum after capping: 1.000000
2025-12-04 10:41:23,897 - utils.capping_proportional - INFO -   Max weight after capping: 0.016915
2025-12-04 10:41:23,900 - Review.reviews.ezsl_review - INFO - 
EZSL Changes Summary:
2025-12-04 10:41:23,900 - Review.reviews.ezsl_review - INFO - Inclusions: 347
2025-12-04 10:41:23,900 - Review.reviews.ezsl_review - INFO - Exclusions: 0
2025-12-04 10:41:23,900 - Review.reviews.ezsl_review - INFO - Saving output to: C:\Users\CSonneveld\OneDrive - Euronext\Documents\Projects\GUI + Reviews\output\EZSL_Review_20251204_104123.xlsx
2025-12-04 10:41:24,004 - werkzeug - INFO - 127.0.0.1 - - [04/Dec/2025 10:41:24] "GET /task-status/ec1b1d68-74bc-4b16-ba06-d0df33aedb9d HTTP/1.1" 200 -
2025-12-04 10:41:24,057 - Review.reviews.ezsl_review - INFO - File successfully saved to: C:\Users\CSonneveld\OneDrive - Euronext\Documents\Projects\GUI + Reviews\output\EZSL_Review_20251204_104123.xlsx
2025-12-04 10:41:24,169 - Review.reviews.ezms_review - INFO - Starting EZMS review calculation
2025-12-04 10:41:25,371 - Review.reviews.ezms_review - INFO - Found 0 existing companies in EZMS
2025-12-04 10:41:25,372 - Review.reviews.ezms_review - INFO - 
EZMS Selection Summary by Country:
2025-12-04 10:41:25,379 - Review.reviews.ezms_review - INFO - Austria: 15 total (0 existing, 15 new)
2025-12-04 10:41:25,380 - Review.reviews.ezms_review - INFO - Belgium: 29 total (0 existing, 29 new)
2025-12-04 10:41:25,382 - Review.reviews.ezms_review - INFO - Finland: 42 total (0 existing, 42 new)
2025-12-04 10:41:25,386 - Review.reviews.ezms_review - INFO - France: 83 total (0 existing, 83 new)
2025-12-04 10:41:25,387 - Review.reviews.ezms_review - INFO - Germany: 87 total (0 existing, 87 new)
2025-12-04 10:41:25,390 - Review.reviews.ezms_review - INFO - Ireland: 9 total (0 existing, 9 new)
2025-12-04 10:41:25,392 - Review.reviews.ezms_review - INFO - Italy: 69 total (0 existing, 69 new)
2025-12-04 10:41:25,393 - Review.reviews.ezms_review - INFO - Netherlands: 41 total (0 existing, 41 new)
2025-12-04 10:41:25,395 - Review.reviews.ezms_review - INFO - Portugal: 9 total (0 existing, 9 new)
2025-12-04 10:41:25,396 - Review.reviews.ezms_review - INFO - Spain: 37 total (0 existing, 37 new)
2025-12-04 10:41:25,397 - Review.reviews.ezms_review - INFO - 
Overall EZMS Selection Summary:
2025-12-04 10:41:25,397 - Review.reviews.ezms_review - INFO - Total companies selected: 421
2025-12-04 10:41:25,397 - Review.reviews.ezms_review - INFO -   - Existing companies selected: 0
2025-12-04 10:41:25,397 - Review.reviews.ezms_review - INFO -   - New companies selected: 421
2025-12-04 10:41:25,398 - Review.reviews.ezms_review - INFO - Total FFMC covered: 29.37%
2025-12-04 10:41:25,398 - Review.reviews.ezms_review - INFO - 
Applying proportional capping
2025-12-04 10:41:25,399 - utils.capping_proportional - INFO - Starting proportional capping with max weight: 10.0%
2025-12-04 10:41:25,400 - utils.capping_proportional - INFO - Capping procedure converged after 0 iterations
2025-12-04 10:41:25,400 - utils.capping_proportional - INFO - Capping Summary:
2025-12-04 10:41:25,400 - utils.capping_proportional - INFO -   Total companies: 421
2025-12-04 10:41:25,400 - utils.capping_proportional - INFO -   Companies capped: 0
2025-12-04 10:41:25,400 - utils.capping_proportional - INFO -   Weight sum after capping: 1.000000
2025-12-04 10:41:25,400 - utils.capping_proportional - INFO -   Max weight after capping: 0.020465
2025-12-04 10:41:25,407 - Review.reviews.ezms_review - INFO - 
EZMS Changes Summary:
2025-12-04 10:41:25,407 - Review.reviews.ezms_review - INFO - Inclusions: 421
2025-12-04 10:41:25,407 - Review.reviews.ezms_review - INFO - Exclusions: 0
2025-12-04 10:41:25,407 - Review.reviews.ezms_review - INFO - Saving output to: C:\Users\CSonneveld\OneDrive - Euronext\Documents\Projects\GUI + Reviews\output\EZMS_Review_20251204_104125.xlsx
2025-12-04 10:41:25,527 - Review.reviews.ezms_review - INFO - File successfully saved to: C:\Users\CSonneveld\OneDrive - Euronext\Documents\Projects\GUI + Reviews\output\EZMS_Review_20251204_104125.xlsx
2025-12-04 10:41:25,594 - Review.reviews.ewsl_review - INFO - Starting EWSL review calculation
2025-12-04 10:41:26,006 - werkzeug - INFO - 127.0.0.1 - - [04/Dec/2025 10:41:26] "GET /task-status/ec1b1d68-74bc-4b16-ba06-d0df33aedb9d HTTP/1.1" 200 -
2025-12-04 10:41:27,738 - Review.reviews.ewsl_review - INFO - Found 0 existing companies in EWSL
2025-12-04 10:41:27,755 - Review.reviews.ewsl_review - INFO - 
Overall EWSL Selection Summary:
2025-12-04 10:41:27,755 - Review.reviews.ewsl_review - INFO - Total companies selected: 3981
2025-12-04 10:41:27,755 - Review.reviews.ewsl_review - INFO -   - Existing companies selected: 0
2025-12-04 10:41:27,762 - Review.reviews.ewsl_review - INFO -   - New companies selected: 3981
2025-12-04 10:41:27,765 - Review.reviews.ewsl_review - INFO - Total FFMC covered: 13.12%
2025-12-04 10:41:27,765 - Review.reviews.ewsl_review - INFO - 
Applying proportional capping
2025-12-04 10:41:27,767 - utils.capping_proportional - INFO - Starting proportional capping with max weight: 10.0%
2025-12-04 10:41:27,768 - utils.capping_proportional - INFO - Capping procedure converged after 0 iterations
2025-12-04 10:41:27,768 - utils.capping_proportional - INFO - Capping Summary:
2025-12-04 10:41:27,768 - utils.capping_proportional - INFO -   Total companies: 3981
2025-12-04 10:41:27,768 - utils.capping_proportional - INFO -   Companies capped: 0
2025-12-04 10:41:27,768 - utils.capping_proportional - INFO -   Weight sum after capping: 1.000000
2025-12-04 10:41:27,769 - utils.capping_proportional - INFO -   Max weight after capping: 0.002125
2025-12-04 10:41:27,773 - Review.reviews.ewsl_review - INFO - 
EWSL Changes Summary:
2025-12-04 10:41:27,773 - Review.reviews.ewsl_review - INFO - Inclusions: 3981
2025-12-04 10:41:27,773 - Review.reviews.ewsl_review - INFO - Exclusions: 0
2025-12-04 10:41:27,773 - Review.reviews.ewsl_review - INFO - Saving output to: C:\Users\CSonneveld\OneDrive - Euronext\Documents\Projects\GUI + Reviews\output\EWSL_Review_20251204_104127.xlsx
2025-12-04 10:41:28,054 - werkzeug - INFO - 127.0.0.1 - - [04/Dec/2025 10:41:28] "GET /task-status/ec1b1d68-74bc-4b16-ba06-d0df33aedb9d HTTP/1.1" 200 -
2025-12-04 10:41:29,189 - Review.reviews.ewsl_review - INFO - File successfully saved to: C:\Users\CSonneveld\OneDrive - Euronext\Documents\Projects\GUI + Reviews\output\EWSL_Review_20251204_104127.xlsx
2025-12-04 10:41:29,274 - Review.reviews.ewms_review - INFO - Starting EWMS review calculation
2025-12-04 10:41:30,007 - werkzeug - INFO - 127.0.0.1 - - [04/Dec/2025 10:41:30] "GET /task-status/ec1b1d68-74bc-4b16-ba06-d0df33aedb9d HTTP/1.1" 200 -
2025-12-04 10:41:31,188 - Review.reviews.ewms_review - INFO - Found 0 existing companies in EWMS
2025-12-04 10:41:31,189 - Review.reviews.ewms_review - INFO - 
EWMS Selection Summary by Country:
2025-12-04 10:41:31,199 - Review.reviews.ewms_review - INFO - Australia: 257 total (0 existing, 257 new)
2025-12-04 10:41:31,202 - Review.reviews.ewms_review - INFO - Austria: 15 total (0 existing, 15 new)
2025-12-04 10:41:31,208 - Review.reviews.ewms_review - INFO - Belgium: 29 total (0 existing, 29 new)
2025-12-04 10:41:31,212 - Review.reviews.ewms_review - INFO - Canada: 187 total (0 existing, 187 new)
2025-12-04 10:41:31,216 - Review.reviews.ewms_review - INFO - Denmark: 30 total (0 existing, 30 new)
2025-12-04 10:41:31,220 - Review.reviews.ewms_review - INFO - Finland: 42 total (0 existing, 42 new)
2025-12-04 10:41:31,226 - Review.reviews.ewms_review - INFO - France: 80 total (0 existing, 80 new)
2025-12-04 10:41:31,230 - Review.reviews.ewms_review - INFO - Germany: 86 total (0 existing, 86 new)
2025-12-04 10:41:31,233 - Review.reviews.ewms_review - INFO - Great Britain: 246 total (0 existing, 246 new)
2025-12-04 10:41:31,236 - Review.reviews.ewms_review - INFO - Hong Kong: 75 total (0 existing, 75 new)
2025-12-04 10:41:31,240 - Review.reviews.ewms_review - INFO - Ireland: 9 total (0 existing, 9 new)
2025-12-04 10:41:31,244 - Review.reviews.ewms_review - INFO - Israel: 134 total (0 existing, 134 new)
2025-12-04 10:41:31,249 - Review.reviews.ewms_review - INFO - Italy: 69 total (0 existing, 69 new)
2025-12-04 10:41:31,253 - Review.reviews.ewms_review - INFO - Japan: 1274 total (0 existing, 1274 new)
2025-12-04 10:41:31,257 - Review.reviews.ewms_review - INFO - Netherlands: 40 total (0 existing, 40 new)
2025-12-04 10:41:31,261 - Review.reviews.ewms_review - INFO - New Zealand: 28 total (0 existing, 28 new)
2025-12-04 10:41:31,265 - Review.reviews.ewms_review - INFO - Norway: 93 total (0 existing, 93 new)
2025-12-04 10:41:31,272 - Review.reviews.ewms_review - INFO - Portugal: 9 total (0 existing, 9 new)
2025-12-04 10:41:31,278 - Review.reviews.ewms_review - INFO - Singapore: 64 total (0 existing, 64 new)
2025-12-04 10:41:31,285 - Review.reviews.ewms_review - INFO - Spain: 36 total (0 existing, 36 new)
2025-12-04 10:41:31,291 - Review.reviews.ewms_review - INFO - Sweden: 193 total (0 existing, 193 new)
2025-12-04 10:41:31,297 - Review.reviews.ewms_review - INFO - Switzerland: 81 total (0 existing, 81 new)
2025-12-04 10:41:31,311 - Review.reviews.ewms_review - INFO - United States: 1706 total (0 existing, 1706 new)
2025-12-04 10:41:31,311 - Review.reviews.ewms_review - INFO - 
Overall EWMS Selection Summary:
2025-12-04 10:41:31,311 - Review.reviews.ewms_review - INFO - Total companies selected: 4783
2025-12-04 10:41:31,311 - Review.reviews.ewms_review - INFO -   - Existing companies selected: 0
2025-12-04 10:41:31,314 - Review.reviews.ewms_review - INFO -   - New companies selected: 4783
2025-12-04 10:41:31,315 - Review.reviews.ewms_review - INFO - Total FFMC covered: 28.29%
2025-12-04 10:41:31,315 - Review.reviews.ewms_review - INFO - 
Applying proportional capping
2025-12-04 10:41:31,317 - utils.capping_proportional - INFO - Starting proportional capping with max weight: 10.0%
2025-12-04 10:41:31,323 - utils.capping_proportional - INFO - Capping procedure converged after 0 iterations
2025-12-04 10:41:31,324 - utils.capping_proportional - INFO - Capping Summary:
2025-12-04 10:41:31,324 - utils.capping_proportional - INFO -   Total companies: 4783
2025-12-04 10:41:31,324 - utils.capping_proportional - INFO -   Companies capped: 0
2025-12-04 10:41:31,324 - utils.capping_proportional - INFO -   Weight sum after capping: 1.000000
2025-12-04 10:41:31,325 - utils.capping_proportional - INFO -   Max weight after capping: 0.003131
2025-12-04 10:41:31,348 - Review.reviews.ewms_review - INFO - 
EWMS Changes Summary:
2025-12-04 10:41:31,348 - Review.reviews.ewms_review - INFO - Inclusions: 4783
2025-12-04 10:41:31,348 - Review.reviews.ewms_review - INFO - Exclusions: 0
2025-12-04 10:41:31,348 - Review.reviews.ewms_review - INFO - Saving output to: C:\Users\CSonneveld\OneDrive - Euronext\Documents\Projects\GUI + Reviews\output\EWMS_Review_20251204_104131.xlsx
2025-12-04 10:41:32,072 - werkzeug - INFO - 127.0.0.1 - - [04/Dec/2025 10:41:32] "GET /task-status/ec1b1d68-74bc-4b16-ba06-d0df33aedb9d HTTP/1.1" 200 -
2025-12-04 10:41:32,772 - Review.reviews.ewms_review - INFO - File successfully saved to: C:\Users\CSonneveld\OneDrive - Euronext\Documents\Projects\GUI + Reviews\output\EWMS_Review_20251204_104131.xlsx
2025-12-04 10:41:32,841 - Review.reviews.eusl_review - INFO - Starting EUSL review calculation
2025-12-04 10:41:34,022 - werkzeug - INFO - 127.0.0.1 - - [04/Dec/2025 10:41:34] "GET /task-status/ec1b1d68-74bc-4b16-ba06-d0df33aedb9d HTTP/1.1" 200 -
2025-12-04 10:41:34,689 - Review.reviews.eusl_review - INFO - Found 0 existing companies in EUSL
2025-12-04 10:41:34,689 - Review.reviews.eusl_review - INFO - 
EUSL Selection Summary by Country:
2025-12-04 10:41:34,699 - Review.reviews.eusl_review - INFO - United States: 1048 total (0 existing, 1048 new)
2025-12-04 10:41:34,699 - Review.reviews.eusl_review - INFO - 
Overall EUSL Selection Summary:
2025-12-04 10:41:34,699 - Review.reviews.eusl_review - INFO - Total companies selected: 1048
2025-12-04 10:41:34,699 - Review.reviews.eusl_review - INFO -   - Existing companies selected: 0
2025-12-04 10:41:34,700 - Review.reviews.eusl_review - INFO -   - New companies selected: 1048
2025-12-04 10:41:34,701 - Review.reviews.eusl_review - INFO - Total FFMC covered: 13.03%
2025-12-04 10:41:34,701 - Review.reviews.eusl_review - INFO - 
Applying proportional capping
2025-12-04 10:41:34,702 - utils.capping_proportional - INFO - Starting proportional capping with max weight: 10.0%
2025-12-04 10:41:34,703 - utils.capping_proportional - INFO - Capping procedure converged after 0 iterations
2025-12-04 10:41:34,704 - utils.capping_proportional - INFO - Capping Summary:
2025-12-04 10:41:34,704 - utils.capping_proportional - INFO -   Total companies: 1048
2025-12-04 10:41:34,704 - utils.capping_proportional - INFO -   Companies capped: 0
2025-12-04 10:41:34,704 - utils.capping_proportional - INFO -   Weight sum after capping: 1.000000
2025-12-04 10:41:34,704 - utils.capping_proportional - INFO -   Max weight after capping: 0.002926
2025-12-04 10:41:34,712 - Review.reviews.eusl_review - INFO - 
EUSL Changes Summary:
2025-12-04 10:41:34,712 - Review.reviews.eusl_review - INFO - Inclusions: 1048
2025-12-04 10:41:34,712 - Review.reviews.eusl_review - INFO - Exclusions: 0
2025-12-04 10:41:34,712 - Review.reviews.eusl_review - INFO - Saving output to: C:\Users\CSonneveld\OneDrive - Euronext\Documents\Projects\GUI + Reviews\output\EUSL_Review_20251204_104134.xlsx
2025-12-04 10:41:35,089 - Review.reviews.eusl_review - INFO - File successfully saved to: C:\Users\CSonneveld\OneDrive - Euronext\Documents\Projects\GUI + Reviews\output\EUSL_Review_20251204_104134.xlsx
2025-12-04 10:41:35,166 - Review.reviews.eemsc_review - INFO - Starting EEMSC review calculation
2025-12-04 10:41:36,007 - werkzeug - INFO - 127.0.0.1 - - [04/Dec/2025 10:41:36] "GET /task-status/ec1b1d68-74bc-4b16-ba06-d0df33aedb9d HTTP/1.1" 200 -
2025-12-04 10:41:36,889 - Review.reviews.eemsc_review - INFO - Found 0 existing companies in EEMSC
2025-12-04 10:41:36,889 - Review.reviews.eemsc_review - INFO - 
EEMSC Selection Summary by Country:
2025-12-04 10:41:36,905 - Review.reviews.eemsc_review - INFO - Austria: 15 total (0 existing, 15 new)
2025-12-04 10:41:36,907 - Review.reviews.eemsc_review - INFO - Belgium: 29 total (0 existing, 29 new)
2025-12-04 10:41:36,909 - Review.reviews.eemsc_review - INFO - Denmark: 31 total (0 existing, 31 new)
2025-12-04 10:41:36,912 - Review.reviews.eemsc_review - INFO - Finland: 42 total (0 existing, 42 new)
2025-12-04 10:41:36,914 - Review.reviews.eemsc_review - INFO - France: 94 total (0 existing, 94 new)
2025-12-04 10:41:36,916 - Review.reviews.eemsc_review - INFO - Germany: 104 total (0 existing, 104 new)
2025-12-04 10:41:36,919 - Review.reviews.eemsc_review - INFO - Great Britain: 246 total (0 existing, 246 new)
2025-12-04 10:41:36,921 - Review.reviews.eemsc_review - INFO - Ireland: 9 total (0 existing, 9 new)
2025-12-04 10:41:36,923 - Review.reviews.eemsc_review - INFO - Italy: 69 total (0 existing, 69 new)
2025-12-04 10:41:36,925 - Review.reviews.eemsc_review - INFO - Netherlands: 45 total (0 existing, 45 new)
2025-12-04 10:41:36,928 - Review.reviews.eemsc_review - INFO - Norway: 93 total (0 existing, 93 new)
2025-12-04 10:41:36,930 - Review.reviews.eemsc_review - INFO - Portugal: 9 total (0 existing, 9 new)
2025-12-04 10:41:36,933 - Review.reviews.eemsc_review - INFO - Spain: 41 total (0 existing, 41 new)
2025-12-04 10:41:36,935 - Review.reviews.eemsc_review - INFO - Sweden: 193 total (0 existing, 193 new)
2025-12-04 10:41:36,936 - Review.reviews.eemsc_review - INFO - Switzerland: 87 total (0 existing, 87 new)
2025-12-04 10:41:36,936 - Review.reviews.eemsc_review - INFO - 
Overall EEMSC Selection Summary:
2025-12-04 10:41:36,936 - Review.reviews.eemsc_review - INFO - Total companies selected: 1107
2025-12-04 10:41:36,936 - Review.reviews.eemsc_review - INFO -   - Existing companies selected: 0
2025-12-04 10:41:36,936 - Review.reviews.eemsc_review - INFO -   - New companies selected: 1107
2025-12-04 10:41:36,939 - Review.reviews.eemsc_review - INFO - Total FFMC covered: 28.76%
2025-12-04 10:41:36,939 - Review.reviews.eemsc_review - INFO - 
Applying proportional capping
2025-12-04 10:41:36,939 - utils.capping_proportional - INFO - Starting proportional capping with max weight: 10.0%
2025-12-04 10:41:36,941 - utils.capping_proportional - INFO - Capping procedure converged after 0 iterations
2025-12-04 10:41:36,941 - utils.capping_proportional - INFO - Capping Summary:
2025-12-04 10:41:36,941 - utils.capping_proportional - INFO -   Total companies: 1107
2025-12-04 10:41:36,941 - utils.capping_proportional - INFO -   Companies capped: 0
2025-12-04 10:41:36,941 - utils.capping_proportional - INFO -   Weight sum after capping: 1.000000
2025-12-04 10:41:36,941 - utils.capping_proportional - INFO -   Max weight after capping: 0.013732
2025-12-04 10:41:36,949 - Review.reviews.eemsc_review - INFO - 
EEMSC Changes Summary:
2025-12-04 10:41:36,949 - Review.reviews.eemsc_review - INFO - Inclusions: 1107
2025-12-04 10:41:36,949 - Review.reviews.eemsc_review - INFO - Exclusions: 0
2025-12-04 10:41:36,949 - Review.reviews.eemsc_review - INFO - Saving output to: C:\Users\CSonneveld\OneDrive - Euronext\Documents\Projects\GUI + Reviews\output\EEMSC_Review_20251204_104136.xlsx
2025-12-04 10:41:37,239 - Review.reviews.eemsc_review - INFO - File successfully saved to: C:\Users\CSonneveld\OneDrive - Euronext\Documents\Projects\GUI + Reviews\output\EEMSC_Review_20251204_104136.xlsx
2025-12-04 10:41:37,329 - Review.reviews.eums_review - INFO - Starting EUMS review calculation
2025-12-04 10:41:38,005 - werkzeug - INFO - 127.0.0.1 - - [04/Dec/2025 10:41:38] "GET /task-status/ec1b1d68-74bc-4b16-ba06-d0df33aedb9d HTTP/1.1" 200 -
2025-12-04 10:41:39,206 - Review.reviews.eums_review - INFO - Found 0 existing companies in EUMS
2025-12-04 10:41:39,210 - Review.reviews.eums_review - INFO - 
EUMS Selection Summary by Country:
2025-12-04 10:41:39,211 - Review.reviews.eums_review - INFO - United States: 1272 total (0 existing, 1272 new)
2025-12-04 10:41:39,212 - Review.reviews.eums_review - INFO - 
Overall EUMS Selection Summary:
2025-12-04 10:41:39,212 - Review.reviews.eums_review - INFO - Total companies selected: 1272
2025-12-04 10:41:39,212 - Review.reviews.eums_review - INFO -   - Existing companies selected: 0
2025-12-04 10:41:39,213 - Review.reviews.eums_review - INFO -   - New companies selected: 1272
2025-12-04 10:41:39,213 - Review.reviews.eums_review - INFO - Total FFMC covered: 28.08%
2025-12-04 10:41:39,213 - Review.reviews.eums_review - INFO - 
Applying proportional capping
2025-12-04 10:41:39,214 - Review.reviews.eums_review - INFO - 
=== SELECTION DEBUGGING ===
2025-12-04 10:41:39,214 - Review.reviews.eums_review - INFO - Total universe size: 1418
2025-12-04 10:41:39,214 - Review.reviews.eums_review - INFO - Companies with EUMS_selection == 1: 1272
2025-12-04 10:41:39,214 - Review.reviews.eums_review - INFO - Companies with Is_Existing == 1: 0
2025-12-04 10:41:39,215 - Review.reviews.eums_review - INFO - 
Existing companies meeting 68% threshold: 0
2025-12-04 10:41:39,215 - Review.reviews.eums_review - INFO - New companies meeting 72% threshold: 1272
2025-12-04 10:41:39,215 - Review.reviews.eums_review - INFO - 
NaN values in key columns:
2025-12-04 10:41:39,215 - Review.reviews.eums_review - INFO -   Country: 0
2025-12-04 10:41:39,215 - Review.reviews.eums_review - INFO -   Mcap in EUR: 0
2025-12-04 10:41:39,215 - Review.reviews.eums_review - INFO -   Country_Cumulative_Percentage: 0
2025-12-04 10:41:39,215 - Review.reviews.eums_review - INFO - 
Sample of selection logic:
2025-12-04 10:41:39,217 - Review.reviews.eums_review - INFO - 
                   Company        Country  Is_Existing   Mcap in EUR  Country_Cumulative_Percentage  EUMS_selection
933            NVIDIA CORP  United States            0  3.127089e+12                       6.977338               0
855         MICROSOFT CORP  United States            0  2.714774e+12                      13.034696               0
96                   APPLE  United States            0  2.433759e+12                      18.465036               0
59                  AMAZON  United States            0  1.581563e+12                      21.993910               0
847       META PLTFORM ORD  United States            0  1.178781e+12                      24.624072               0
214          BROADCOM INC.  United States            0  9.956822e+11                      26.845695               0
56        ALPHABET CLASS A  United States            0  8.631987e+11                      28.771713               0
57        ALPHABET INC - C  United States            0  7.678226e+11                      30.484922               0
1238             TESLA INC  United States            0  6.712056e+11                      31.982554               0
723   JP MORGAN CHASE & CO  United States            0  5.865328e+11                      33.291260               0
174   BERKSHIRE HATHAWAY B  United States            0  4.728103e+11                      34.346221               0
1343              VISA INC  United States            0  4.281389e+11                      35.301508               0
451       ELI LILLY AND CO  United States            0  4.122487e+11                      36.221341               0
899           NETFLIX INC.  United States            0  3.685781e+11                      37.043734               0
827         MASTERCARD INC  United States            0  3.482735e+11                      37.820821               0
500            EXXON MOBIL  United States            0  3.415958e+11                      38.583009               0
720      JOHNSON & JOHNSON  United States            0  3.109055e+11                      39.276719               0
359   COSTCO WHOLES. CORP.  United States            0  3.060809e+11                      39.959664               0
1355           WALMART INC  United States            0  3.060224e+11                      40.642478               0
645         HOME DEPOT INC  United States            0  2.957166e+11                      41.302298               0
2025-12-04 10:41:39,218 - utils.capping_proportional - INFO - Starting proportional capping with max weight: 10.0%
2025-12-04 10:41:39,219 - utils.capping_proportional - INFO - Capping procedure converged after 0 iterations
2025-12-04 10:41:39,219 - utils.capping_proportional - INFO - Capping Summary:
2025-12-04 10:41:39,219 - utils.capping_proportional - INFO -   Total companies: 1272
2025-12-04 10:41:39,219 - utils.capping_proportional - INFO -   Companies capped: 0
2025-12-04 10:41:39,219 - utils.capping_proportional - INFO -   Weight sum after capping: 1.000000
2025-12-04 10:41:39,220 - utils.capping_proportional - INFO -   Max weight after capping: 0.004299
2025-12-04 10:41:39,228 - Review.reviews.eums_review - INFO - 
EUMS Changes Summary:
2025-12-04 10:41:39,228 - Review.reviews.eums_review - INFO - Inclusions: 1272
2025-12-04 10:41:39,228 - Review.reviews.eums_review - INFO - Exclusions: 0
2025-12-04 10:41:39,229 - Review.reviews.eums_review - INFO - Saving output to: C:\Users\CSonneveld\OneDrive - Euronext\Documents\Projects\GUI + Reviews\output\EUMS_Review_20251204_104139.xlsx
2025-12-04 10:41:39,573 - Review.reviews.eums_review - INFO - File successfully saved to: C:\Users\CSonneveld\OneDrive - Euronext\Documents\Projects\GUI + Reviews\output\EUMS_Review_20251204_104139.xlsx
2025-12-04 10:41:39,694 - Review.reviews.eesl_review - INFO - Starting EESL review calculation
2025-12-04 10:41:40,008 - werkzeug - INFO - 127.0.0.1 - - [04/Dec/2025 10:41:40] "GET /task-status/ec1b1d68-74bc-4b16-ba06-d0df33aedb9d HTTP/1.1" 200 -
2025-12-04 10:41:41,509 - Review.reviews.eesl_review - INFO - Found 0 existing companies in EESL
2025-12-04 10:41:41,523 - Review.reviews.eesl_review - INFO - 
Overall EESL Selection Summary:
2025-12-04 10:41:41,523 - Review.reviews.eesl_review - INFO - Total companies selected: 904
2025-12-04 10:41:41,523 - Review.reviews.eesl_review - INFO -   - Existing companies selected: 0
2025-12-04 10:41:41,523 - Review.reviews.eesl_review - INFO -   - New companies selected: 904
2025-12-04 10:41:41,523 - Review.reviews.eesl_review - INFO - Total FFMC covered: 13.39%
2025-12-04 10:41:41,523 - Review.reviews.eesl_review - INFO - 
Applying proportional capping
2025-12-04 10:41:41,527 - utils.capping_proportional - INFO - Starting proportional capping with max weight: 10.0%
2025-12-04 10:41:41,528 - utils.capping_proportional - INFO - Capping procedure converged after 0 iterations
2025-12-04 10:41:41,528 - utils.capping_proportional - INFO - Capping Summary:
2025-12-04 10:41:41,528 - utils.capping_proportional - INFO -   Total companies: 904
2025-12-04 10:41:41,528 - utils.capping_proportional - INFO -   Companies capped: 0
2025-12-04 10:41:41,528 - utils.capping_proportional - INFO -   Weight sum after capping: 1.000000
2025-12-04 10:41:41,528 - utils.capping_proportional - INFO -   Max weight after capping: 0.013324
2025-12-04 10:41:41,542 - Review.reviews.eesl_review - INFO - 
EESL Changes Summary:
2025-12-04 10:41:41,542 - Review.reviews.eesl_review - INFO - Inclusions: 904
2025-12-04 10:41:41,542 - Review.reviews.eesl_review - INFO - Exclusions: 0
2025-12-04 10:41:41,543 - Review.reviews.eesl_review - INFO - Saving output to: C:\Users\CSonneveld\OneDrive - Euronext\Documents\Projects\GUI + Reviews\output\EESL_Review_20251204_104141.xlsx
2025-12-04 10:41:41,829 - Review.reviews.eesl_review - INFO - File successfully saved to: C:\Users\CSonneveld\OneDrive - Euronext\Documents\Projects\GUI + Reviews\output\EESL_Review_20251204_104141.xlsx
2025-12-04 10:41:42,005 - werkzeug - INFO - 127.0.0.1 - - [04/Dec/2025 10:41:42] "GET /task-status/ec1b1d68-74bc-4b16-ba06-d0df33aedb9d HTTP/1.1" 200 -
2025-12-04 10:41:53,823 - werkzeug - INFO -  * Detected change in 'C:\\Users\\CSonneveld\\OneDrive - Euronext\\Documents\\Projects\\GUI + Reviews\\Review\\reviews\\eemsc_review.py', reloading
2025-12-04 10:41:53,826 - werkzeug - INFO -  * Detected change in 'C:\\Users\\CSonneveld\\OneDrive - Euronext\\Documents\\Projects\\GUI + Reviews\\Review\\reviews\\eemsc_review.py', reloading
