2025-02-05 14:50:33,084 - werkzeug - WARNING -  * Debugger is active!
2025-02-05 14:50:33,086 - werkzeug - INFO -  * Debugger PIN: 691-175-853
2025-02-05 14:50:33,113 - Review.reviews.sbf80_review - INFO - Loading EOD data...
2025-02-05 14:50:36,252 - Review.reviews.sbf80_review - INFO - Loading reference data...
2025-02-05 14:50:37,022 - Review.reviews.sbf80_review - INFO - Total companies selected: 80
2025-02-05 14:50:37,023 - Review.reviews.sbf80_review - INFO - Buffer zone selections:
2025-02-05 14:50:37,023 - Review.reviews.sbf80_review - INFO - Rank 76.0: SOITEC - Current Constituent: True - Selected
2025-02-05 14:50:37,024 - Review.reviews.sbf80_review - INFO - Rank 77.0: VALEO - Current Constituent: True - Selected
2025-02-05 14:50:37,024 - Review.reviews.sbf80_review - INFO - Rank 78.0: PLUXEE - Current Constituent: True - Selected
2025-02-05 14:50:37,025 - Review.reviews.sbf80_review - INFO - Rank 80.0: IPSOS - Current Constituent: True - Selected
2025-02-05 14:50:37,025 - Review.reviews.sbf80_review - INFO - Rank 84.0: WORLDLINE - Current Constituent: True - Selected
2025-02-05 14:50:37,026 - Review.reviews.sbf80_review - INFO - Rank 79.0: COFACE - Current Constituent: False - Not Selected
2025-02-05 14:50:37,026 - Review.reviews.sbf80_review - INFO - Rank 81.0: AYVENS - Current Constituent: False - Not Selected
2025-02-05 14:50:37,026 - Review.reviews.sbf80_review - INFO - Rank 82.0: VIRBAC - Current Constituent: False - Not Selected
2025-02-05 14:50:37,026 - Review.reviews.sbf80_review - INFO - Rank 83.0: FORVIA - Current Constituent: False - Not Selected
2025-02-05 14:50:37,027 - Review.reviews.sbf80_review - INFO - Rank 85.0: REMY COINTREAU - Current Constituent: False - Not Selected
2025-02-05 14:50:37,035 - Review.reviews.sbf80_review - INFO - Saving SBF80 output to: C:\Users\CSonneveld\OneDrive - Euronext\Documents\Projects\GUI + Reviews\output\SBF80_df_20250205_145037.xlsx
2025-02-05 14:50:37,177 - werkzeug - INFO - 127.0.0.1 - - [05/Feb/2025 14:50:37] "POST /calculate HTTP/1.1" 200 -
2025-02-05 14:50:46,798 - werkzeug - INFO -  * Detected change in 'C:\\Users\\CSonneveld\\OneDrive - Euronext\\Documents\\Projects\\GUI + Reviews\\Review\\reviews\\sbf80_review.py', reloading
2025-02-05 14:50:46,799 - werkzeug - INFO -  * Detected change in 'C:\\Users\\CSonneveld\\OneDrive - Euronext\\Documents\\Projects\\GUI + Reviews\\Review\\reviews\\sbf80_review.py', reloading
2025-02-05 14:50:46,800 - werkzeug - INFO -  * Detected change in 'C:\\Users\\CSonneveld\\OneDrive - Euronext\\Documents\\Projects\\GUI + Reviews\\Review\\reviews\\sbf80_review.py', reloading
