2025-09-02 11:25:56,210 - werkzeug - WARNING -  * Debugger is active!
2025-09-02 11:25:56,214 - werkzeug - INFO -  * Debugger PIN: 691-175-853
2025-09-02 11:26:42,043 - Review.reviews.etpfb_review - INFO - Loading EOD data...
2025-09-02 11:26:43,805 - Review.reviews.etpfb_review - INFO - Loading reference data...
2025-09-02 11:26:44,809 - Review.reviews.etpfb_review - INFO - Saving ETPFB output to: C:\Users\CSonneveld\OneDrive - Euronext\Documents\Projects\GUI + Reviews\output\ETPFB_df_20250902_112644.xlsx
2025-09-02 11:26:44,959 - werkzeug - INFO - 127.0.0.1 - - [02/Sep/2025 11:26:44] "POST /calculate-batch HTTP/1.1" 200 -
2025-09-02 11:26:59,607 - Review.reviews.etsep_review - INFO - Loading EOD data...
2025-09-02 11:27:02,109 - Review.reviews.etsep_review - INFO - Loading reference data...
2025-09-02 11:27:03,134 - Review.reviews.etsep_review - ERROR - Error during review calculation: single positional indexer is out-of-bounds
2025-09-02 11:27:03,134 - Review.reviews.etsep_review - ERROR - Traceback (most recent call last):
  File "C:\Users\CSonneveld\OneDrive - Euronext\Documents\Projects\GUI + Reviews\Review\reviews\etsep_review.py", line 113, in run_etsep_review
    index_mcap = index_eod_df.loc[index_eod_df['#Symbol'] == isin, 'Mkt Cap'].iloc[0]
                 ~~~~~~~~~~~~~~~~~~~~~~~~~~~~~~~~~~~~~~~~~~~~~~~~~~~~~~~~~~~~~~~~~^^^
  File "C:\Users\CSonneveld\AppData\Roaming\Python\Python312\site-packages\pandas\core\indexing.py", line 1191, in __getitem__
    return self._getitem_axis(maybe_callable, axis=axis)
           ^^^^^^^^^^^^^^^^^^^^^^^^^^^^^^^^^^^^^^^^^^^^^
  File "C:\Users\CSonneveld\AppData\Roaming\Python\Python312\site-packages\pandas\core\indexing.py", line 1752, in _getitem_axis
    self._validate_integer(key, axis)
  File "C:\Users\CSonneveld\AppData\Roaming\Python\Python312\site-packages\pandas\core\indexing.py", line 1685, in _validate_integer
    raise IndexError("single positional indexer is out-of-bounds")
IndexError: single positional indexer is out-of-bounds

2025-09-02 11:27:03,134 - werkzeug - INFO - 127.0.0.1 - - [02/Sep/2025 11:27:03] "POST /calculate HTTP/1.1" 200 -
2025-09-02 11:27:04,045 - Review.reviews.etsep_review - INFO - Loading EOD data...
2025-09-02 11:27:04,743 - Review.reviews.etsep_review - INFO - Loading reference data...
2025-09-02 11:27:05,757 - Review.reviews.etsep_review - ERROR - Error during review calculation: single positional indexer is out-of-bounds
2025-09-02 11:27:05,760 - Review.reviews.etsep_review - ERROR - Traceback (most recent call last):
  File "C:\Users\CSonneveld\OneDrive - Euronext\Documents\Projects\GUI + Reviews\Review\reviews\etsep_review.py", line 113, in run_etsep_review
    index_mcap = index_eod_df.loc[index_eod_df['#Symbol'] == isin, 'Mkt Cap'].iloc[0]
                 ~~~~~~~~~~~~~~~~~~~~~~~~~~~~~~~~~~~~~~~~~~~~~~~~~~~~~~~~~~~~~~~~~^^^
  File "C:\Users\CSonneveld\AppData\Roaming\Python\Python312\site-packages\pandas\core\indexing.py", line 1191, in __getitem__
    return self._getitem_axis(maybe_callable, axis=axis)
           ^^^^^^^^^^^^^^^^^^^^^^^^^^^^^^^^^^^^^^^^^^^^^
  File "C:\Users\CSonneveld\AppData\Roaming\Python\Python312\site-packages\pandas\core\indexing.py", line 1752, in _getitem_axis
    self._validate_integer(key, axis)
  File "C:\Users\CSonneveld\AppData\Roaming\Python\Python312\site-packages\pandas\core\indexing.py", line 1685, in _validate_integer
    raise IndexError("single positional indexer is out-of-bounds")
IndexError: single positional indexer is out-of-bounds

2025-09-02 11:27:05,764 - werkzeug - INFO - 127.0.0.1 - - [02/Sep/2025 11:27:05] "POST /calculate HTTP/1.1" 200 -
2025-09-02 11:27:06,754 - Review.reviews.etsep_review - INFO - Loading EOD data...
2025-09-02 11:27:07,448 - Review.reviews.etsep_review - INFO - Loading reference data...
2025-09-02 11:27:08,400 - Review.reviews.etsep_review - ERROR - Error during review calculation: single positional indexer is out-of-bounds
2025-09-02 11:27:08,401 - Review.reviews.etsep_review - ERROR - Traceback (most recent call last):
  File "C:\Users\CSonneveld\OneDrive - Euronext\Documents\Projects\GUI + Reviews\Review\reviews\etsep_review.py", line 113, in run_etsep_review
    index_mcap = index_eod_df.loc[index_eod_df['#Symbol'] == isin, 'Mkt Cap'].iloc[0]
                 ~~~~~~~~~~~~~~~~~~~~~~~~~~~~~~~~~~~~~~~~~~~~~~~~~~~~~~~~~~~~~~~~~^^^
  File "C:\Users\CSonneveld\AppData\Roaming\Python\Python312\site-packages\pandas\core\indexing.py", line 1191, in __getitem__
    return self._getitem_axis(maybe_callable, axis=axis)
           ^^^^^^^^^^^^^^^^^^^^^^^^^^^^^^^^^^^^^^^^^^^^^
  File "C:\Users\CSonneveld\AppData\Roaming\Python\Python312\site-packages\pandas\core\indexing.py", line 1752, in _getitem_axis
    self._validate_integer(key, axis)
  File "C:\Users\CSonneveld\AppData\Roaming\Python\Python312\site-packages\pandas\core\indexing.py", line 1685, in _validate_integer
    raise IndexError("single positional indexer is out-of-bounds")
IndexError: single positional indexer is out-of-bounds

2025-09-02 11:27:08,406 - werkzeug - INFO - 127.0.0.1 - - [02/Sep/2025 11:27:08] "POST /calculate HTTP/1.1" 200 -
2025-09-02 11:27:22,529 - werkzeug - INFO -  * Detected change in 'C:\\Users\\CSonneveld\\OneDrive - Euronext\\Documents\\Projects\\GUI + Reviews\\Review\\reviews\\lc3wp_review.py', reloading
