2025-08-05 16:58:39,964 - werkzeug - WARNING -  * Debugger is active!
2025-08-05 16:58:39,964 - werkzeug - INFO -  * Debugger PIN: 691-175-853
2025-08-05 16:58:45,712 - Review.reviews.sectorial_review - INFO - Loading EOD data...
2025-08-05 16:58:47,451 - Review.reviews.sectorial_review - INFO - Loading reference data...
2025-08-05 16:58:55,296 - Review.reviews.sectorial_review - INFO - Processing all 30 sectorial indices...
2025-08-05 16:58:55,296 - Review.reviews.sectorial_review - INFO - Processing TECHP...
2025-08-05 16:58:55,314 - Review.reviews.sectorial_review - ERROR - Error processing TECHP: "['Capping Factor', 'Currency'] not in index"
2025-08-05 16:58:55,314 - Review.reviews.sectorial_review - WARNING - Failed to process TECHP
2025-08-05 16:58:55,314 - Review.reviews.sectorial_review - INFO - Processing ENRGP...
2025-08-05 16:58:55,318 - Review.reviews.sectorial_review - ERROR - Error processing ENRGP: "['Capping Factor', 'Currency'] not in index"
2025-08-05 16:58:55,318 - Review.reviews.sectorial_review - WARNING - Failed to process ENRGP
2025-08-05 16:58:55,318 - Review.reviews.sectorial_review - INFO - Processing UTIL...
2025-08-05 16:58:55,320 - Review.reviews.sectorial_review - ERROR - Error processing UTIL: "['Capping Factor', 'Currency'] not in index"
2025-08-05 16:58:55,320 - Review.reviews.sectorial_review - WARNING - Failed to process UTIL
2025-08-05 16:58:55,321 - Review.reviews.sectorial_review - INFO - Processing BASM...
2025-08-05 16:58:55,323 - Review.reviews.sectorial_review - ERROR - Error processing BASM: "['Capping Factor', 'Currency'] not in index"
2025-08-05 16:58:55,323 - Review.reviews.sectorial_review - WARNING - Failed to process BASM
2025-08-05 16:58:55,323 - Review.reviews.sectorial_review - INFO - Processing FINA...
2025-08-05 16:58:55,325 - Review.reviews.sectorial_review - ERROR - Error processing FINA: "['Capping Factor', 'Currency'] not in index"
2025-08-05 16:58:55,325 - Review.reviews.sectorial_review - WARNING - Failed to process FINA
2025-08-05 16:58:55,325 - Review.reviews.sectorial_review - INFO - Processing CSTA...
2025-08-05 16:58:55,326 - Review.reviews.sectorial_review - ERROR - Error processing CSTA: "['Capping Factor', 'Currency'] not in index"
2025-08-05 16:58:55,327 - Review.reviews.sectorial_review - WARNING - Failed to process CSTA
2025-08-05 16:58:55,327 - Review.reviews.sectorial_review - INFO - Processing TELEP...
2025-08-05 16:58:55,328 - Review.reviews.sectorial_review - ERROR - Error processing TELEP: "['Capping Factor', 'Currency'] not in index"
2025-08-05 16:58:55,328 - Review.reviews.sectorial_review - WARNING - Failed to process TELEP
2025-08-05 16:58:55,328 - Review.reviews.sectorial_review - INFO - Processing HEAC...
2025-08-05 16:58:55,331 - Review.reviews.sectorial_review - ERROR - Error processing HEAC: "['Capping Factor', 'Currency'] not in index"
2025-08-05 16:58:55,331 - Review.reviews.sectorial_review - WARNING - Failed to process HEAC
2025-08-05 16:58:55,332 - Review.reviews.sectorial_review - INFO - Processing INDU...
2025-08-05 16:58:55,333 - Review.reviews.sectorial_review - ERROR - Error processing INDU: "['Capping Factor', 'Currency'] not in index"
2025-08-05 16:58:55,334 - Review.reviews.sectorial_review - WARNING - Failed to process INDU
2025-08-05 16:58:55,334 - Review.reviews.sectorial_review - INFO - Processing CDIS...
2025-08-05 16:58:55,335 - Review.reviews.sectorial_review - ERROR - Error processing CDIS: "['Capping Factor', 'Currency'] not in index"
2025-08-05 16:58:55,335 - Review.reviews.sectorial_review - WARNING - Failed to process CDIS
2025-08-05 16:58:55,335 - Review.reviews.sectorial_review - INFO - Processing TBMA...
2025-08-05 16:58:55,335 - Review.reviews.sectorial_review - ERROR - Error processing TBMA: "['Capping Factor', 'Currency'] not in index"
2025-08-05 16:58:55,335 - Review.reviews.sectorial_review - WARNING - Failed to process TBMA
2025-08-05 16:58:55,335 - Review.reviews.sectorial_review - INFO - Processing TCDI...
2025-08-05 16:58:55,335 - Review.reviews.sectorial_review - ERROR - Error processing TCDI: "['Capping Factor', 'Currency'] not in index"
2025-08-05 16:58:55,335 - Review.reviews.sectorial_review - WARNING - Failed to process TCDI
2025-08-05 16:58:55,335 - Review.reviews.sectorial_review - INFO - Processing TCST...
2025-08-05 16:58:55,342 - Review.reviews.sectorial_review - ERROR - Error processing TCST: "['Capping Factor', 'Currency'] not in index"
2025-08-05 16:58:55,342 - Review.reviews.sectorial_review - WARNING - Failed to process TCST
2025-08-05 16:58:55,342 - Review.reviews.sectorial_review - INFO - Processing TENR...
2025-08-05 16:58:55,344 - Review.reviews.sectorial_review - ERROR - Error processing TENR: "['Capping Factor', 'Currency'] not in index"
2025-08-05 16:58:55,344 - Review.reviews.sectorial_review - WARNING - Failed to process TENR
2025-08-05 16:58:55,344 - Review.reviews.sectorial_review - INFO - Processing TFINP...
2025-08-05 16:58:55,347 - Review.reviews.sectorial_review - ERROR - Error processing TFINP: "['Capping Factor', 'Currency'] not in index"
2025-08-05 16:58:55,347 - Review.reviews.sectorial_review - WARNING - Failed to process TFINP
2025-08-05 16:58:55,348 - Review.reviews.sectorial_review - INFO - Processing THEC...
2025-08-05 16:58:55,350 - Review.reviews.sectorial_review - ERROR - Error processing THEC: "['Capping Factor', 'Currency'] not in index"
2025-08-05 16:58:55,350 - Review.reviews.sectorial_review - WARNING - Failed to process THEC
2025-08-05 16:58:55,350 - Review.reviews.sectorial_review - INFO - Processing TIND...
2025-08-05 16:58:55,352 - Review.reviews.sectorial_review - ERROR - Error processing TIND: "['Capping Factor', 'Currency'] not in index"
2025-08-05 16:58:55,352 - Review.reviews.sectorial_review - WARNING - Failed to process TIND
2025-08-05 16:58:55,352 - Review.reviews.sectorial_review - INFO - Processing TTEC...
2025-08-05 16:58:55,353 - Review.reviews.sectorial_review - ERROR - Error processing TTEC: "['Capping Factor', 'Currency'] not in index"
2025-08-05 16:58:55,354 - Review.reviews.sectorial_review - WARNING - Failed to process TTEC
2025-08-05 16:58:55,354 - Review.reviews.sectorial_review - INFO - Processing TTEL...
2025-08-05 16:58:55,354 - Review.reviews.sectorial_review - ERROR - Error processing TTEL: "['Capping Factor', 'Currency'] not in index"
2025-08-05 16:58:55,354 - Review.reviews.sectorial_review - WARNING - Failed to process TTEL
2025-08-05 16:58:55,354 - Review.reviews.sectorial_review - INFO - Processing TUTI...
2025-08-05 16:58:55,354 - Review.reviews.sectorial_review - ERROR - Error processing TUTI: "['Capping Factor', 'Currency'] not in index"
2025-08-05 16:58:55,354 - Review.reviews.sectorial_review - WARNING - Failed to process TUTI
2025-08-05 16:58:55,354 - Review.reviews.sectorial_review - INFO - Processing UUTI...
2025-08-05 16:58:55,359 - Review.reviews.sectorial_review - ERROR - Error processing UUTI: "['Capping Factor', 'Currency'] not in index"
2025-08-05 16:58:55,360 - Review.reviews.sectorial_review - WARNING - Failed to process UUTI
2025-08-05 16:58:55,360 - Review.reviews.sectorial_review - INFO - Processing UTEL...
2025-08-05 16:58:55,361 - Review.reviews.sectorial_review - ERROR - Error processing UTEL: "['Capping Factor', 'Currency'] not in index"
2025-08-05 16:58:55,362 - Review.reviews.sectorial_review - WARNING - Failed to process UTEL
2025-08-05 16:58:55,362 - Review.reviews.sectorial_review - INFO - Processing UTEC...
2025-08-05 16:58:55,364 - Review.reviews.sectorial_review - ERROR - Error processing UTEC: "['Capping Factor', 'Currency'] not in index"
2025-08-05 16:58:55,364 - Review.reviews.sectorial_review - WARNING - Failed to process UTEC
2025-08-05 16:58:55,364 - Review.reviews.sectorial_review - INFO - Processing UIND...
2025-08-05 16:58:55,366 - Review.reviews.sectorial_review - ERROR - Error processing UIND: "['Capping Factor', 'Currency'] not in index"
2025-08-05 16:58:55,367 - Review.reviews.sectorial_review - WARNING - Failed to process UIND
2025-08-05 16:58:55,367 - Review.reviews.sectorial_review - INFO - Processing UHEC...
2025-08-05 16:58:55,368 - Review.reviews.sectorial_review - ERROR - Error processing UHEC: "['Capping Factor', 'Currency'] not in index"
2025-08-05 16:58:55,368 - Review.reviews.sectorial_review - WARNING - Failed to process UHEC
2025-08-05 16:58:55,368 - Review.reviews.sectorial_review - INFO - Processing UFIN...
2025-08-05 16:58:55,370 - Review.reviews.sectorial_review - ERROR - Error processing UFIN: "['Capping Factor', 'Currency'] not in index"
2025-08-05 16:58:55,370 - Review.reviews.sectorial_review - WARNING - Failed to process UFIN
2025-08-05 16:58:55,370 - Review.reviews.sectorial_review - INFO - Processing UENR...
2025-08-05 16:58:55,370 - Review.reviews.sectorial_review - ERROR - Error processing UENR: "['Capping Factor', 'Currency'] not in index"
2025-08-05 16:58:55,370 - Review.reviews.sectorial_review - WARNING - Failed to process UENR
2025-08-05 16:58:55,370 - Review.reviews.sectorial_review - INFO - Processing UCST...
2025-08-05 16:58:55,370 - Review.reviews.sectorial_review - ERROR - Error processing UCST: "['Capping Factor', 'Currency'] not in index"
2025-08-05 16:58:55,374 - Review.reviews.sectorial_review - WARNING - Failed to process UCST
2025-08-05 16:58:55,374 - Review.reviews.sectorial_review - INFO - Processing UCDI...
2025-08-05 16:58:55,374 - Review.reviews.sectorial_review - ERROR - Error processing UCDI: "['Capping Factor', 'Currency'] not in index"
2025-08-05 16:58:55,374 - Review.reviews.sectorial_review - WARNING - Failed to process UCDI
2025-08-05 16:58:55,374 - Review.reviews.sectorial_review - INFO - Processing UBMA...
2025-08-05 16:58:55,377 - Review.reviews.sectorial_review - ERROR - Error processing UBMA: "['Capping Factor', 'Currency'] not in index"
2025-08-05 16:58:55,377 - Review.reviews.sectorial_review - WARNING - Failed to process UBMA
2025-08-05 16:58:55,377 - Review.reviews.sectorial_review - INFO - Creating summary file: C:\Users\CSonneveld\OneDrive - Euronext\Documents\Projects\GUI + Reviews\output\All_Sectorial_Summary_20250805_165855.xlsx
2025-08-05 16:58:55,405 - werkzeug - INFO - 127.0.0.1 - - [05/Aug/2025 16:58:55] "POST /calculate HTTP/1.1" 200 -
2025-08-05 17:00:42,467 - werkzeug - INFO -  * Detected change in 'C:\\Users\\CSonneveld\\OneDrive - Euronext\\Documents\\Projects\\GUI + Reviews\\Review\\reviews\\sectorial_review.py', reloading
2025-08-05 17:00:42,473 - werkzeug - INFO -  * Detected change in 'C:\\Users\\CSonneveld\\OneDrive - Euronext\\Documents\\Projects\\GUI + Reviews\\Review\\reviews\\sectorial_review.py', reloading
