2025-12-15 13:16:25,507 - werkzeug - WARNING -  * Debugger is active!
2025-12-15 13:16:25,507 - werkzeug - INFO -  * Debugger PIN: 691-175-853
2025-12-15 13:16:25,534 - werkzeug - INFO - 127.0.0.1 - - [15/Dec/2025 13:16:25] "GET /task-status/6ca7a5de-6954-471c-a316-bfe93fcb7473 HTTP/1.1" 200 -
2025-12-15 13:16:30,308 - werkzeug - INFO - 127.0.0.1 - - [15/Dec/2025 13:16:30] "POST /calculate HTTP/1.1" 200 -
2025-12-15 13:16:30,314 - Review.reviews.gicp_review - INFO - Loading EOD data...
2025-12-15 13:16:30,316 - werkzeug - INFO - 127.0.0.1 - - [15/Dec/2025 13:16:30] "GET /task-status/5fe66a9d-8d5a-44b2-bef3-fa0ee0e1512c HTTP/1.1" 200 -
2025-12-15 13:16:30,766 - Review.reviews.gicp_review - INFO - Loading reference data...
2025-12-15 13:16:32,326 - werkzeug - INFO - 127.0.0.1 - - [15/Dec/2025 13:16:32] "GET /task-status/5fe66a9d-8d5a-44b2-bef3-fa0ee0e1512c HTTP/1.1" 200 -
2025-12-15 13:16:34,319 - werkzeug - INFO - 127.0.0.1 - - [15/Dec/2025 13:16:34] "GET /task-status/5fe66a9d-8d5a-44b2-bef3-fa0ee0e1512c HTTP/1.1" 200 -
2025-12-15 13:16:36,317 - werkzeug - INFO - 127.0.0.1 - - [15/Dec/2025 13:16:36] "GET /task-status/5fe66a9d-8d5a-44b2-bef3-fa0ee0e1512c HTTP/1.1" 200 -
2025-12-15 13:16:38,314 - werkzeug - INFO - 127.0.0.1 - - [15/Dec/2025 13:16:38] "GET /task-status/5fe66a9d-8d5a-44b2-bef3-fa0ee0e1512c HTTP/1.1" 200 -
2025-12-15 13:16:38,650 - Review.reviews.gicp_review - INFO - Processing market data...
2025-12-15 13:16:38,699 - Review.reviews.gicp_review - INFO - Selected 15 companies from Group 1 (EZ300)
2025-12-15 13:16:38,699 - Review.reviews.gicp_review - INFO - Selected 15 companies from Group 2 (NA500)
2025-12-15 13:16:38,700 - Review.reviews.gicp_review - INFO - Total selected: 30 companies
2025-12-15 13:16:38,767 - Review.reviews.gicp_review - INFO - Applying group-based weighting with capping...
2025-12-15 13:16:38,768 - Review.reviews.gicp_review - INFO - Processing Group 1 (EZ300) with 15 companies...
2025-12-15 13:16:38,769 - Review.reviews.gicp_review - INFO - Group 1 max initial weight (before capping): 17.9684%
2025-12-15 13:16:38,769 - Review.reviews.gicp_review - INFO - Group 1 max allowed weight within group: 16.6700%
2025-12-15 13:16:38,769 - Review.reviews.gicp_review - INFO - Capping needed for Group 1
2025-12-15 13:16:38,769 - utils.capping_proportional - INFO - Starting proportional capping with max weight: 16.669999999999998%
2025-12-15 13:16:38,771 - utils.capping_proportional - INFO - Capping procedure converged after 1 iterations
2025-12-15 13:16:38,771 - utils.capping_proportional - INFO - Capping Summary:
2025-12-15 13:16:38,771 - utils.capping_proportional - INFO -   Total companies: 15
2025-12-15 13:16:38,771 - utils.capping_proportional - INFO -   Companies capped: 1
2025-12-15 13:16:38,771 - utils.capping_proportional - INFO -   Weight sum after capping: 1.000000
2025-12-15 13:16:38,771 - utils.capping_proportional - INFO -   Max weight after capping: 0.166700
2025-12-15 13:16:38,772 - Review.reviews.gicp_review - INFO - Group 1 (EZ300) total weight: 100.0000% (target: 60.00%)
2025-12-15 13:16:38,772 - Review.reviews.gicp_review - INFO - Group 1 max weight: 16.6700% (max allowed: 10.00%)
2025-12-15 13:16:38,772 - Review.reviews.gicp_review - INFO - Processing Group 2 (NA500) with 15 companies...
2025-12-15 13:16:38,773 - Review.reviews.gicp_review - INFO - Group 2 max initial weight (before capping): 18.3185%
2025-12-15 13:16:38,773 - Review.reviews.gicp_review - INFO - Group 2 max allowed weight within group: 25.0000%
2025-12-15 13:16:38,774 - Review.reviews.gicp_review - INFO - No capping needed for Group 2 - all weights below threshold
2025-12-15 13:16:38,774 - Review.reviews.gicp_review - INFO - Group 2 (NA500) total weight: 100.0000% (target: 40.00%)
2025-12-15 13:16:38,774 - Review.reviews.gicp_review - INFO - Group 2 max weight: 18.3185% (max allowed: 10.00%)
2025-12-15 13:16:38,776 - Review.reviews.gicp_review - INFO - 
Final Weight Verification:
2025-12-15 13:16:38,776 - Review.reviews.gicp_review - INFO - Total portfolio weight: 2.000000 (target: 1.000000)
2025-12-15 13:16:38,776 - Review.reviews.gicp_review - INFO - Maximum constituent weight: 18.3185% (max allowed: 10.00%)
2025-12-15 13:16:38,776 - Review.reviews.gicp_review - INFO - Maximum capping factor before normalization: 11.218667
2025-12-15 13:16:38,781 - Review.reviews.gicp_review - INFO - Saving GICP output to: C:\Users\CSonneveld\OneDrive - Euronext\Documents\Projects\GUI + Reviews\output\GICP_df_20251215_131638.xlsx
2025-12-15 13:16:40,314 - werkzeug - INFO - 127.0.0.1 - - [15/Dec/2025 13:16:40] "GET /task-status/5fe66a9d-8d5a-44b2-bef3-fa0ee0e1512c HTTP/1.1" 200 -
2025-12-15 13:18:34,057 - werkzeug - INFO -  * Detected change in 'C:\\Users\\CSonneveld\\OneDrive - Euronext\\Documents\\Projects\\GUI + Reviews\\Review\\reviews\\gicp_review.py', reloading
2025-12-15 13:18:34,058 - werkzeug - INFO -  * Detected change in 'C:\\Users\\CSonneveld\\OneDrive - Euronext\\Documents\\Projects\\GUI + Reviews\\Review\\reviews\\gicp_review.py', reloading
2025-12-15 13:18:34,064 - werkzeug - INFO -  * Detected change in 'C:\\Users\\CSonneveld\\OneDrive - Euronext\\Documents\\Projects\\GUI + Reviews\\Review\\reviews\\gicp_review.py', reloading
