2025-12-10 11:14:23,314 - werkzeug - INFO - [31m[1mWARNING: This is a development server. Do not use it in a production deployment. Use a production WSGI server instead.[0m
 * Running on all addresses (0.0.0.0)
 * Running on http://127.0.0.1:5000
 * Running on http://10.199.43.185:5000
2025-12-10 11:14:23,314 - werkzeug - INFO - [33mPress CTRL+C to quit[0m
2025-12-10 11:14:23,331 - werkzeug - INFO -  * Restarting with watchdog (windowsapi)
2025-12-10 13:02:05,117 - werkzeug - INFO -  * Restarting with watchdog (windowsapi)
2025-12-10 13:19:45,278 - werkzeug - INFO -  * Restarting with watchdog (windowsapi)
2025-12-10 13:20:04,995 - werkzeug - INFO -  * Restarting with watchdog (windowsapi)
2025-12-10 13:21:52,648 - werkzeug - INFO -  * Restarting with watchdog (windowsapi)
2025-12-10 13:25:14,396 - werkzeug - INFO -  * Restarting with watchdog (windowsapi)
2025-12-10 13:25:22,927 - werkzeug - INFO -  * Restarting with watchdog (windowsapi)
2025-12-10 13:25:35,361 - werkzeug - INFO -  * Restarting with watchdog (windowsapi)
2025-12-10 13:26:23,291 - werkzeug - INFO -  * Restarting with watchdog (windowsapi)
2025-12-10 13:26:38,779 - werkzeug - INFO -  * Restarting with watchdog (windowsapi)
2025-12-10 13:33:43,176 - werkzeug - INFO -  * Restarting with watchdog (windowsapi)
2025-12-10 13:34:07,748 - werkzeug - INFO -  * Restarting with watchdog (windowsapi)
2025-12-10 13:36:26,559 - werkzeug - INFO -  * Restarting with watchdog (windowsapi)
2025-12-10 13:39:15,490 - werkzeug - INFO -  * Restarting with watchdog (windowsapi)
2025-12-10 13:40:02,591 - werkzeug - INFO -  * Restarting with watchdog (windowsapi)
2025-12-10 13:48:48,332 - werkzeug - INFO -  * Restarting with watchdog (windowsapi)
