2025-08-15 15:46:26,324 - werkzeug - WARNING -  * Debugger is active!
2025-08-15 15:46:26,324 - werkzeug - INFO -  * Debugger PIN: 691-175-853
2025-08-15 15:46:27,345 - Review.reviews.gsfbp_review - INFO - Loading EOD data...
2025-08-15 15:46:31,584 - Review.reviews.gsfbp_review - INFO - Loading reference data...
2025-08-15 15:46:32,649 - Review.reviews.gsfbp_review - ERROR - Error during review calculation: 'ISIN'
2025-08-15 15:46:32,649 - werkzeug - INFO -  * Detected change in 'C:\\Users\\CSonneveld\\AppData\\Roaming\\Python\\Python312\\site-packages\\pandas\\core\\reshape\\merge.py', reloading
2025-08-15 15:46:32,649 - Review.reviews.gsfbp_review - ERROR - Traceback (most recent call last):
  File "C:\Users\CSonneveld\OneDrive - Euronext\Documents\Projects\GUI + Reviews\Review\reviews\gsfbp_review.py", line 72, in run_gsfbp_review
    .merge(
     ^^^^^^
  File "C:\Users\CSonneveld\AppData\Roaming\Python\Python312\site-packages\pandas\core\frame.py", line 10832, in merge
    return merge(
           ^^^^^^
  File "C:\Users\CSonneveld\AppData\Roaming\Python\Python312\site-packages\pandas\core\reshape\merge.py", line 170, in merge
    op = _MergeOperation(
         ^^^^^^^^^^^^^^^^
  File "C:\Users\CSonneveld\AppData\Roaming\Python\Python312\site-packages\pandas\core\reshape\merge.py", line 794, in __init__
    ) = self._get_merge_keys()
        ^^^^^^^^^^^^^^^^^^^^^^
  File "C:\Users\CSonneveld\AppData\Roaming\Python\Python312\site-packages\pandas\core\reshape\merge.py", line 1310, in _get_merge_keys
    left_keys.append(left._get_label_or_level_values(lk))
                     ^^^^^^^^^^^^^^^^^^^^^^^^^^^^^^^^^^^
  File "C:\Users\CSonneveld\AppData\Roaming\Python\Python312\site-packages\pandas\core\generic.py", line 1911, in _get_label_or_level_values
    raise KeyError(key)
KeyError: 'ISIN'

2025-08-15 15:46:32,649 - werkzeug - INFO -  * Detected change in 'C:\\Users\\CSonneveld\\AppData\\Roaming\\Python\\Python312\\site-packages\\pandas\\core\\generic.py', reloading
2025-08-15 15:46:32,660 - werkzeug - INFO - 127.0.0.1 - - [15/Aug/2025 15:46:32] "POST /calculate HTTP/1.1" 200 -
