2025-07-23 14:30:26,442 - werkzeug - INFO - [31m[1mWARNING: This is a development server. Do not use it in a production deployment. Use a production WSGI server instead.[0m
 * Running on all addresses (0.0.0.0)
 * Running on http://127.0.0.1:5000
 * Running on http://10.199.43.197:5000
2025-07-23 14:30:26,442 - werkzeug - INFO - [33mPress CTRL+C to quit[0m
2025-07-23 14:30:26,448 - werkzeug - INFO -  * Restarting with watchdog (windowsapi)
2025-07-23 14:30:27,335 - werkzeug - WARNING -  * Debugger is active!
2025-07-23 14:30:27,337 - werkzeug - INFO -  * Debugger PIN: 691-175-853
2025-07-23 14:30:27,364 - Review.reviews.ez15p_review - INFO - Loading EOD data...
2025-07-23 14:30:29,653 - Review.reviews.ez15p_review - INFO - Loading reference data...
2025-07-23 14:30:30,717 - Review.reviews.ez15p_review - INFO - Initial universe size: 300 companies
2025-07-23 14:30:30,719 - Review.reviews.ez15p_review - INFO - After turnover filter (>= 10M EUR): 232 companies remaining (68 excluded)
2025-07-23 14:30:30,719 - Review.reviews.ez15p_review - INFO - Selecting top 150 companies with highest FFMC...
2025-07-23 14:30:30,719 - Review.reviews.ez15p_review - INFO - Saving EZ15P output to: C:\Users\CSonneveld\OneDrive - Euronext\Documents\Projects\GUI + Reviews\output\EZ15P_df_20250723_143030.xlsx
2025-07-23 14:30:30,910 - werkzeug - INFO - 127.0.0.1 - - [23/Jul/2025 14:30:30] "POST /calculate HTTP/1.1" 200 -
2025-07-23 14:31:27,071 - werkzeug - INFO -  * Detected change in 'C:\\Users\\CSonneveld\\OneDrive - Euronext\\Documents\\Projects\\GUI + Reviews\\Review\\reviews\\ez15p_review.py', reloading
2025-07-23 14:31:27,071 - werkzeug - INFO -  * Detected change in 'C:\\Users\\CSonneveld\\OneDrive - Euronext\\Documents\\Projects\\GUI + Reviews\\Review\\reviews\\ez15p_review.py', reloading
2025-07-23 14:31:27,578 - werkzeug - INFO -  * Restarting with watchdog (windowsapi)
2025-07-23 14:31:41,147 - werkzeug - INFO -  * Restarting with watchdog (windowsapi)
2025-07-23 15:10:02,927 - werkzeug - INFO -  * Restarting with watchdog (windowsapi)
2025-07-23 15:11:03,284 - werkzeug - INFO -  * Restarting with watchdog (windowsapi)
2025-07-23 15:11:38,580 - werkzeug - INFO -  * Restarting with watchdog (windowsapi)
2025-07-23 15:11:49,711 - werkzeug - INFO -  * Restarting with watchdog (windowsapi)
2025-07-23 15:11:53,787 - werkzeug - INFO -  * Restarting with watchdog (windowsapi)
2025-07-23 15:12:02,811 - werkzeug - INFO -  * Restarting with watchdog (windowsapi)
2025-07-23 15:12:13,049 - werkzeug - INFO -  * Restarting with watchdog (windowsapi)
2025-07-23 15:17:00,097 - werkzeug - INFO -  * Restarting with watchdog (windowsapi)
2025-07-23 15:17:36,434 - werkzeug - INFO -  * Restarting with watchdog (windowsapi)
2025-07-23 15:18:12,707 - werkzeug - INFO -  * Restarting with watchdog (windowsapi)
2025-07-23 15:18:17,666 - werkzeug - INFO -  * Restarting with watchdog (windowsapi)
2025-07-23 15:18:20,568 - werkzeug - INFO -  * Restarting with watchdog (windowsapi)
2025-07-23 15:18:26,678 - werkzeug - INFO -  * Restarting with watchdog (windowsapi)
2025-07-23 15:18:38,662 - werkzeug - INFO -  * Restarting with watchdog (windowsapi)
2025-07-23 15:20:20,982 - werkzeug - INFO -  * Restarting with watchdog (windowsapi)
2025-07-23 15:20:23,123 - werkzeug - INFO -  * Restarting with watchdog (windowsapi)
2025-07-23 15:20:39,848 - werkzeug - INFO -  * Restarting with watchdog (windowsapi)
2025-07-23 15:20:52,886 - werkzeug - INFO -  * Restarting with watchdog (windowsapi)
2025-07-23 15:26:12,387 - werkzeug - INFO -  * Restarting with watchdog (windowsapi)
2025-07-23 15:26:14,392 - werkzeug - INFO -  * Restarting with watchdog (windowsapi)
2025-07-23 15:27:32,127 - werkzeug - INFO -  * Restarting with watchdog (windowsapi)
2025-07-23 15:27:35,261 - werkzeug - INFO -  * Restarting with watchdog (windowsapi)
2025-07-23 15:27:40,213 - werkzeug - INFO -  * Restarting with watchdog (windowsapi)
2025-07-23 15:28:18,943 - werkzeug - INFO -  * Restarting with watchdog (windowsapi)
2025-07-23 15:28:20,868 - werkzeug - INFO -  * Restarting with watchdog (windowsapi)
2025-07-23 15:28:29,936 - werkzeug - INFO -  * Restarting with watchdog (windowsapi)
2025-07-23 15:28:35,986 - werkzeug - INFO -  * Restarting with watchdog (windowsapi)
2025-07-23 15:28:38,996 - werkzeug - INFO -  * Restarting with watchdog (windowsapi)
2025-07-23 15:28:58,174 - werkzeug - INFO -  * Restarting with watchdog (windowsapi)
2025-07-23 15:30:21,905 - werkzeug - INFO -  * Restarting with watchdog (windowsapi)
