2025-04-11 14:43:54,019 - werkzeug - WARNING -  * Debugger is active!
2025-04-11 14:43:54,021 - werkzeug - INFO -  * Debugger PIN: 691-175-853
2025-04-11 14:43:54,050 - Review.reviews.lc3wp_review - INFO - Loading EOD data...
2025-04-11 14:43:56,810 - Review.reviews.lc3wp_review - INFO - Loading reference data...
2025-04-11 14:44:06,394 - Review.reviews.lc3wp_review - WARNING - Removed 18750 duplicate rows from cdp_climate_df
2025-04-11 14:44:06,396 - Review.reviews.lc3wp_review - INFO - Adding Free Float data...
2025-04-11 14:44:06,400 - Review.reviews.lc3wp_review - INFO - Adding ICB Subsector data...
2025-04-11 14:44:06,414 - Review.reviews.lc3wp_review - WARNING - Removed 9315 duplicate rows from ICB data
2025-04-11 14:44:06,589 - Review.reviews.lc3wp_review - INFO - Debug file saved to C:\Users\CSonneveld\OneDrive - Euronext\Documents\Projects\GUI + Reviews\debug\universe_df_after_nace_20250411_144406.xlsx
2025-04-11 14:44:06,589 - Review.reviews.lc3wp_review - INFO - Adding CDP Climate data...
2025-04-11 14:44:06,595 - Review.reviews.lc3wp_review - INFO - Adding Oekom Trust & Carbon data...
2025-04-11 14:44:06,598 - Review.reviews.lc3wp_review - INFO - Adding NACE data...
2025-04-11 14:44:06,601 - Review.reviews.lc3wp_review - INFO - Adding EU Taxonomy flag...
2025-04-11 14:44:06,601 - Review.reviews.lc3wp_review - INFO - Checking GAFI lists and Non-fiscally cooperative countries...
2025-04-11 14:44:06,604 - Review.reviews.lc3wp_review - INFO - Applying exclusion criteria...
2025-04-11 14:44:06,613 - Review.reviews.lc3wp_review - INFO - Marked 148 companies (10%) with worst SG scores for exclusion
2025-04-11 14:44:06,632 - Review.reviews.lc3wp_review - INFO - Calculating Climate Score for ranking...
2025-04-11 14:44:06,634 - Review.reviews.lc3wp_review - INFO - Selecting EU Taxonomy companies...
2025-04-11 14:44:06,635 - Review.reviews.lc3wp_review - INFO - Found 14 EU Taxonomy companies after exclusions
2025-04-11 14:44:06,637 - Review.reviews.lc3wp_review - INFO - Found 980 Non-EU Taxonomy eligible companies after exclusions
2025-04-11 14:44:06,637 - Review.reviews.lc3wp_review - INFO - STEP 4a: Determining target number of Non-EU Taxonomy companies per super-sector...
2025-04-11 14:44:06,638 - Review.reviews.lc3wp_review - INFO - Target number of Non-EU Taxonomy companies: 86
2025-04-11 14:44:06,639 - Review.reviews.lc3wp_review - INFO - Total eligible Non-EU Taxonomy companies: 980
2025-04-11 14:44:06,640 - Review.reviews.lc3wp_review - INFO - Total target after rounding: 97 (vs. target of 86)
2025-04-11 14:44:06,640 - Review.reviews.lc3wp_review - INFO - Need to remove 11 companies due to rounding up
2025-04-11 14:44:06,641 - Review.reviews.lc3wp_review - INFO - STEP 4b: Selecting Non-EU Taxonomy companies based on climate score...
2025-04-11 14:44:06,642 - Review.reviews.lc3wp_review - INFO - Selected 12 companies from super-sector 1010.0
2025-04-11 14:44:06,643 - Review.reviews.lc3wp_review - INFO - Selected 4 companies from super-sector 1510.0
2025-04-11 14:44:06,644 - Review.reviews.lc3wp_review - INFO - Selected 11 companies from super-sector 2010.0
2025-04-11 14:44:06,644 - Review.reviews.lc3wp_review - INFO - Selected 8 companies from super-sector 3010.0
2025-04-11 14:44:06,645 - Review.reviews.lc3wp_review - INFO - Selected 7 companies from super-sector 3020.0
2025-04-11 14:44:06,645 - Review.reviews.lc3wp_review - INFO - Selected 6 companies from super-sector 3030.0
2025-04-11 14:44:06,646 - Review.reviews.lc3wp_review - INFO - Selected 7 companies from super-sector 3510.0
2025-04-11 14:44:06,647 - Review.reviews.lc3wp_review - INFO - Selected 2 companies from super-sector 4010.0
2025-04-11 14:44:06,647 - Review.reviews.lc3wp_review - INFO - Selected 6 companies from super-sector 4020.0
2025-04-11 14:44:06,648 - Review.reviews.lc3wp_review - INFO - Selected 2 companies from super-sector 4030.0
2025-04-11 14:44:06,648 - Review.reviews.lc3wp_review - INFO - Selected 3 companies from super-sector 4040.0
2025-04-11 14:44:06,649 - Review.reviews.lc3wp_review - INFO - Selected 4 companies from super-sector 4050.0
2025-04-11 14:44:06,650 - Review.reviews.lc3wp_review - INFO - Selected 5 companies from super-sector 4510.0
2025-04-11 14:44:06,650 - Review.reviews.lc3wp_review - INFO - Selected 3 companies from super-sector 4520.0
2025-04-11 14:44:06,651 - Review.reviews.lc3wp_review - INFO - Selected 2 companies from super-sector 5010.0
2025-04-11 14:44:06,651 - Review.reviews.lc3wp_review - INFO - Selected 10 companies from super-sector 5020.0
2025-04-11 14:44:06,652 - Review.reviews.lc3wp_review - INFO - Selected 2 companies from super-sector 5510.0
2025-04-11 14:44:06,652 - Review.reviews.lc3wp_review - INFO - Selected 2 companies from super-sector 5520.0
2025-04-11 14:44:06,653 - Review.reviews.lc3wp_review - INFO - Selected 1 companies from super-sector 6510.0
2025-04-11 14:44:06,660 - Review.reviews.lc3wp_review - INFO - Initial selection has 97 companies, need to remove 11
2025-04-11 14:44:06,665 - Review.reviews.lc3wp_review - INFO - Removed company JP3502200003 from supersector 3020.0 (Climate Score: 2.285)
2025-04-11 14:44:06,670 - Review.reviews.lc3wp_review - INFO - Removed company HK0000069689 from supersector 3030.0 (Climate Score: 2.193640485704785)
2025-04-11 14:44:06,675 - Review.reviews.lc3wp_review - INFO - Removed company AU000000NAB4 from supersector 3010.0 (Climate Score: 2.1500000000000004)
2025-04-11 14:44:06,679 - Review.reviews.lc3wp_review - INFO - Removed company JP3830000000 from supersector 1010.0 (Climate Score: 1.9454126859625)
2025-04-11 14:44:06,682 - Review.reviews.lc3wp_review - INFO - Removed company US12504L1098 from supersector 3510.0 (Climate Score: 1.8298333712826802)
2025-04-11 14:44:06,686 - Review.reviews.lc3wp_review - INFO - Removed company FI0009000459 from supersector 5020.0 (Climate Score: 1.625021555628305)
2025-04-11 14:44:06,689 - Review.reviews.lc3wp_review - INFO - Removed company GB0032089863 from supersector 4040.0 (Climate Score: 1.56434943275497)
2025-04-11 14:44:06,693 - Review.reviews.lc3wp_review - INFO - Removed company BE0003739530 from supersector 2010.0 (Climate Score: 1.515782118075755)
2025-04-11 14:44:06,696 - Review.reviews.lc3wp_review - INFO - Removed company US9100471096 from supersector 4050.0 (Climate Score: 1.502401977137495)
2025-04-11 14:44:06,699 - Review.reviews.lc3wp_review - INFO - Removed company JP3657400002 from supersector 4020.0 (Climate Score: 1.422402876989645)
2025-04-11 14:44:06,701 - Review.reviews.lc3wp_review - INFO - Removed company DE0005200000 from supersector 4520.0 (Climate Score: 1.3825067409816)
2025-04-11 14:44:06,703 - Review.reviews.lc3wp_review - INFO - Final Non-EU Taxonomy selection has 86 companies
2025-04-11 14:44:06,703 - Review.reviews.lc3wp_review - INFO - Minimum companies per supersector: 1
2025-04-11 14:44:06,703 - Review.reviews.lc3wp_review - WARNING - Some supersectors have fewer than 2 companies! Minimum is 1
2025-04-11 14:44:06,706 - Review.reviews.lc3wp_review - INFO - Final selection contains 100 companies
2025-04-11 14:44:06,706 - Review.reviews.lc3wp_review - INFO - - EU Taxonomy: 14
2025-04-11 14:44:06,706 - Review.reviews.lc3wp_review - INFO - - Non-EU Taxonomy: 86
2025-04-11 14:44:06,706 - Review.reviews.lc3wp_review - INFO - Adding PAB flag based on CDP temperature score...
2025-04-11 14:44:06,707 - Review.reviews.lc3wp_review - INFO - Calculating liquidity constraints for all companies...
2025-04-11 14:44:06,707 - Review.reviews.lc3wp_review - INFO - Total FFMC for all companies: 4936304968623.01
2025-04-11 14:44:06,709 - Review.reviews.lc3wp_review - INFO - Market cap based weights calculated for EU Taxonomy companies
2025-04-11 14:44:06,710 - Review.reviews.lc3wp_review - INFO - Liquidity caps for EU Taxonomy companies - Max: 5.3753%, Min: 0.5787%, Avg: 1.9082%
2025-04-11 14:44:06,710 - Review.reviews.lc3wp_review - INFO - Liquidity floors for EU Taxonomy companies - Max: 0.0000%, Min: 0.0000%, Avg: 0.0000%
2025-04-11 14:44:06,710 - Review.reviews.lc3wp_review - INFO - No liquidity issues found for EU Taxonomy companies
2025-04-11 14:44:06,713 - Review.reviews.lc3wp_review - INFO - Liquidity caps for Non-EU Taxonomy companies - Max: 10.0000%, Min: 0.3479%, Avg: 4.5338%
2025-04-11 14:44:06,713 - Review.reviews.lc3wp_review - INFO - Liquidity floors for Non-EU Taxonomy companies - Max: 0.8010%, Min: 0.0000%, Avg: 0.0093%
2025-04-11 14:44:06,713 - Review.reviews.lc3wp_review - INFO - No liquidity issues found for Non-EU Taxonomy companies
2025-04-11 14:44:06,716 - Review.reviews.lc3wp_review - INFO - Liquidity constraints have been calculated for all 100 companies
2025-04-11 14:44:06,716 - Review.reviews.lc3wp_review - INFO - Saving output files...
2025-04-11 14:44:07,937 - Review.reviews.lc3wp_review - INFO - Results saved to C:\Users\CSonneveld\OneDrive - Euronext\Documents\Projects\GUI + Reviews\output\LC3WP_review_20250411_144406.xlsx
2025-04-11 14:44:07,977 - werkzeug - INFO - 127.0.0.1 - - [11/Apr/2025 14:44:07] "POST /calculate HTTP/1.1" 200 -
2025-04-11 14:44:20,333 - werkzeug - INFO -  * Detected change in 'C:\\Users\\CSonneveld\\OneDrive - Euronext\\Documents\\Projects\\GUI + Reviews\\Review\\reviews\\lc1ep_review.py', reloading
2025-04-11 14:44:20,335 - werkzeug - INFO -  * Detected change in 'C:\\Users\\CSonneveld\\OneDrive - Euronext\\Documents\\Projects\\GUI + Reviews\\Review\\reviews\\lc1ep_review.py', reloading
2025-04-11 14:44:20,337 - werkzeug - INFO -  * Detected change in 'C:\\Users\\CSonneveld\\OneDrive - Euronext\\Documents\\Projects\\GUI + Reviews\\Review\\reviews\\lc1ep_review.py', reloading
