2025-12-04 10:18:55,236 - werkzeug - WARNING -  * Debugger is active!
2025-12-04 10:18:55,236 - werkzeug - INFO -  * Debugger PIN: 691-175-853
2025-12-04 10:19:19,737 - werkzeug - INFO - 127.0.0.1 - - [04/Dec/2025 10:19:19] "POST /calculate HTTP/1.1" 200 -
2025-12-04 10:19:19,737 - Review.reviews.eemsc_review - INFO - Starting EEMSC review calculation
2025-12-04 10:19:19,742 - werkzeug - INFO - 127.0.0.1 - - [04/Dec/2025 10:19:19] "GET /task-status/0f11a4fb-0241-4c07-974f-bd5321876129 HTTP/1.1" 200 -
2025-12-04 10:19:21,757 - werkzeug - INFO - 127.0.0.1 - - [04/Dec/2025 10:19:21] "GET /task-status/0f11a4fb-0241-4c07-974f-bd5321876129 HTTP/1.1" 200 -
2025-12-04 10:19:22,572 - Review.reviews.eemsc_review - INFO - Found 0 existing companies in EEMSC
2025-12-04 10:19:22,576 - Review.reviews.eemsc_review - INFO - 
EEMSC Selection Summary by Country:
2025-12-04 10:19:22,584 - Review.reviews.eemsc_review - INFO - Austria: 15 total (0 existing, 15 new)
2025-12-04 10:19:22,587 - Review.reviews.eemsc_review - INFO - Belgium: 29 total (0 existing, 29 new)
2025-12-04 10:19:22,591 - Review.reviews.eemsc_review - INFO - Denmark: 31 total (0 existing, 31 new)
2025-12-04 10:19:22,594 - Review.reviews.eemsc_review - INFO - Finland: 42 total (0 existing, 42 new)
2025-12-04 10:19:22,596 - Review.reviews.eemsc_review - INFO - France: 94 total (0 existing, 94 new)
2025-12-04 10:19:22,599 - Review.reviews.eemsc_review - INFO - Germany: 104 total (0 existing, 104 new)
2025-12-04 10:19:22,602 - Review.reviews.eemsc_review - INFO - Great Britain: 246 total (0 existing, 246 new)
2025-12-04 10:19:22,607 - Review.reviews.eemsc_review - INFO - Ireland: 9 total (0 existing, 9 new)
2025-12-04 10:19:22,609 - Review.reviews.eemsc_review - INFO - Italy: 69 total (0 existing, 69 new)
2025-12-04 10:19:22,611 - Review.reviews.eemsc_review - INFO - Netherlands: 45 total (0 existing, 45 new)
2025-12-04 10:19:22,611 - Review.reviews.eemsc_review - INFO - Norway: 93 total (0 existing, 93 new)
2025-12-04 10:19:22,616 - Review.reviews.eemsc_review - INFO - Portugal: 9 total (0 existing, 9 new)
2025-12-04 10:19:22,619 - Review.reviews.eemsc_review - INFO - Spain: 41 total (0 existing, 41 new)
2025-12-04 10:19:22,623 - Review.reviews.eemsc_review - INFO - Sweden: 193 total (0 existing, 193 new)
2025-12-04 10:19:22,625 - Review.reviews.eemsc_review - INFO - Switzerland: 87 total (0 existing, 87 new)
2025-12-04 10:19:22,626 - Review.reviews.eemsc_review - INFO - 
Overall EEMSC Selection Summary:
2025-12-04 10:19:22,626 - Review.reviews.eemsc_review - INFO - Total companies selected: 1107
2025-12-04 10:19:22,626 - Review.reviews.eemsc_review - INFO -   - Existing companies selected: 0
2025-12-04 10:19:22,627 - Review.reviews.eemsc_review - INFO -   - New companies selected: 1107
2025-12-04 10:19:22,628 - Review.reviews.eemsc_review - INFO - Total FFMC covered: 28.76%
2025-12-04 10:19:22,628 - Review.reviews.eemsc_review - INFO - 
Applying proportional capping
2025-12-04 10:19:22,629 - utils.capping_proportional - INFO - Starting proportional capping with max weight: 10.0%
2025-12-04 10:19:22,629 - utils.capping_proportional - INFO - Capping procedure converged after 0 iterations
2025-12-04 10:19:22,629 - utils.capping_proportional - INFO - Capping Summary:
2025-12-04 10:19:22,629 - utils.capping_proportional - INFO -   Total companies: 1107
2025-12-04 10:19:22,629 - utils.capping_proportional - INFO -   Companies capped: 0
2025-12-04 10:19:22,629 - utils.capping_proportional - INFO -   Weight sum after capping: 1.000000
2025-12-04 10:19:22,629 - utils.capping_proportional - INFO -   Max weight after capping: 0.013732
2025-12-04 10:19:22,640 - Review.reviews.eemsc_review - INFO - 
EEMSC Changes Summary:
2025-12-04 10:19:22,640 - Review.reviews.eemsc_review - INFO - Inclusions: 1107
2025-12-04 10:19:22,640 - Review.reviews.eemsc_review - INFO - Exclusions: 0
2025-12-04 10:19:22,641 - Review.reviews.eemsc_review - INFO - Saving output to: C:\Users\CSonneveld\OneDrive - Euronext\Documents\Projects\GUI + Reviews\output\EEMSC_Review_20251204_101922.xlsx
2025-12-04 10:19:23,010 - Review.reviews.eemsc_review - INFO - File successfully saved to: C:\Users\CSonneveld\OneDrive - Euronext\Documents\Projects\GUI + Reviews\output\EEMSC_Review_20251204_101922.xlsx
2025-12-04 10:19:23,757 - werkzeug - INFO - 127.0.0.1 - - [04/Dec/2025 10:19:23] "GET /task-status/0f11a4fb-0241-4c07-974f-bd5321876129 HTTP/1.1" 200 -
2025-12-04 10:19:29,496 - werkzeug - INFO -  * Detected change in 'C:\\Users\\CSonneveld\\OneDrive - Euronext\\Documents\\Projects\\GUI + Reviews\\Review\\reviews\\eemsc_review.py', reloading
2025-12-04 10:19:29,498 - werkzeug - INFO -  * Detected change in 'C:\\Users\\CSonneveld\\OneDrive - Euronext\\Documents\\Projects\\GUI + Reviews\\Review\\reviews\\eemsc_review.py', reloading
