2025-12-23 14:58:31,298 - werkzeug - INFO - [31m[1mWARNING: This is a development server. Do not use it in a production deployment. Use a production WSGI server instead.[0m
 * Running on all addresses (0.0.0.0)
 * Running on http://127.0.0.1:5000
 * Running on http://10.199.43.185:5000
2025-12-23 14:58:31,299 - werkzeug - INFO - [33mPress CTRL+C to quit[0m
2025-12-23 14:58:31,309 - werkzeug - INFO -  * Restarting with watchdog (windowsapi)
2025-12-23 14:58:33,662 - werkzeug - INFO -  * Restarting with watchdog (windowsapi)
2025-12-23 15:01:13,692 - werkzeug - INFO -  * Restarting with watchdog (windowsapi)
2025-12-23 15:01:17,103 - werkzeug - INFO -  * Restarting with watchdog (windowsapi)
2025-12-23 15:01:21,681 - werkzeug - INFO -  * Restarting with watchdog (windowsapi)
2025-12-23 15:01:26,222 - werkzeug - INFO -  * Restarting with watchdog (windowsapi)
2025-12-23 15:03:49,564 - werkzeug - INFO -  * Restarting with watchdog (windowsapi)
2025-12-23 15:03:59,064 - werkzeug - INFO -  * Restarting with watchdog (windowsapi)
2025-12-23 15:04:05,557 - werkzeug - INFO -  * Restarting with watchdog (windowsapi)
2025-12-23 15:04:30,092 - werkzeug - INFO -  * Restarting with watchdog (windowsapi)
2025-12-23 15:04:36,476 - werkzeug - INFO -  * Restarting with watchdog (windowsapi)
2025-12-23 15:04:45,935 - werkzeug - INFO -  * Restarting with watchdog (windowsapi)
2025-12-23 15:07:20,474 - werkzeug - INFO -  * Restarting with watchdog (windowsapi)
2025-12-23 15:07:37,693 - werkzeug - INFO -  * Restarting with watchdog (windowsapi)
2025-12-23 15:07:49,389 - werkzeug - INFO -  * Restarting with watchdog (windowsapi)
2025-12-23 15:07:59,555 - werkzeug - INFO -  * Restarting with watchdog (windowsapi)
2025-12-23 15:08:33,313 - werkzeug - INFO -  * Restarting with watchdog (windowsapi)
2025-12-23 15:09:37,623 - werkzeug - INFO -  * Restarting with watchdog (windowsapi)
2025-12-23 15:09:41,236 - werkzeug - INFO -  * Restarting with watchdog (windowsapi)
2025-12-23 15:10:30,124 - werkzeug - INFO -  * Restarting with watchdog (windowsapi)
2025-12-23 15:10:37,535 - werkzeug - INFO -  * Restarting with watchdog (windowsapi)
2025-12-23 15:10:52,974 - werkzeug - INFO -  * Restarting with watchdog (windowsapi)
2025-12-23 15:11:05,386 - werkzeug - INFO -  * Restarting with watchdog (windowsapi)
2025-12-23 15:11:13,764 - werkzeug - INFO -  * Restarting with watchdog (windowsapi)
2025-12-23 15:12:23,474 - werkzeug - INFO -  * Restarting with watchdog (windowsapi)
2025-12-23 15:12:30,898 - werkzeug - INFO -  * Restarting with watchdog (windowsapi)
2025-12-23 15:12:39,590 - werkzeug - INFO -  * Restarting with watchdog (windowsapi)
2025-12-23 15:13:03,133 - werkzeug - INFO -  * Restarting with watchdog (windowsapi)
2025-12-23 15:28:45,694 - werkzeug - INFO -  * Restarting with watchdog (windowsapi)
2025-12-23 15:28:54,111 - werkzeug - INFO -  * Restarting with watchdog (windowsapi)
2025-12-23 15:32:37,878 - werkzeug - INFO -  * Restarting with watchdog (windowsapi)
2025-12-23 15:33:05,661 - werkzeug - INFO -  * Restarting with watchdog (windowsapi)
2025-12-23 15:34:15,855 - werkzeug - INFO -  * Restarting with watchdog (windowsapi)
2025-12-23 15:41:04,280 - werkzeug - INFO -  * Restarting with watchdog (windowsapi)
2025-12-23 15:41:42,157 - werkzeug - INFO -  * Restarting with watchdog (windowsapi)
2025-12-23 15:41:50,636 - werkzeug - INFO -  * Restarting with watchdog (windowsapi)
2025-12-23 15:42:44,130 - werkzeug - INFO -  * Restarting with watchdog (windowsapi)
2025-12-23 16:25:56,067 - werkzeug - INFO -  * Restarting with watchdog (windowsapi)
2025-12-23 16:25:58,494 - werkzeug - INFO -  * Restarting with watchdog (windowsapi)
2025-12-23 16:26:00,683 - werkzeug - INFO -  * Restarting with watchdog (windowsapi)
2025-12-23 16:26:02,840 - werkzeug - INFO -  * Restarting with watchdog (windowsapi)
2025-12-23 16:26:06,135 - werkzeug - INFO -  * Restarting with watchdog (windowsapi)
2025-12-23 16:26:08,262 - werkzeug - INFO -  * Restarting with watchdog (windowsapi)
2025-12-23 16:26:12,500 - werkzeug - INFO -  * Restarting with watchdog (windowsapi)
2025-12-23 16:26:14,685 - werkzeug - INFO -  * Restarting with watchdog (windowsapi)
2025-12-23 16:26:16,902 - werkzeug - INFO -  * Restarting with watchdog (windowsapi)
2025-12-23 16:26:20,036 - werkzeug - INFO -  * Restarting with watchdog (windowsapi)
2025-12-23 16:26:22,160 - werkzeug - INFO -  * Restarting with watchdog (windowsapi)
2025-12-23 16:26:24,330 - werkzeug - INFO -  * Restarting with watchdog (windowsapi)
2025-12-23 16:26:26,499 - werkzeug - INFO -  * Restarting with watchdog (windowsapi)
2025-12-23 16:26:28,718 - werkzeug - INFO -  * Restarting with watchdog (windowsapi)
2025-12-23 16:26:30,866 - werkzeug - INFO -  * Restarting with watchdog (windowsapi)
2025-12-23 16:26:33,002 - werkzeug - INFO -  * Restarting with watchdog (windowsapi)
2025-12-23 16:26:35,212 - werkzeug - INFO -  * Restarting with watchdog (windowsapi)
2025-12-23 16:26:37,440 - werkzeug - INFO -  * Restarting with watchdog (windowsapi)
2025-12-23 16:26:39,570 - werkzeug - INFO -  * Restarting with watchdog (windowsapi)
2025-12-23 16:26:41,671 - werkzeug - INFO -  * Restarting with watchdog (windowsapi)
2025-12-23 16:26:43,741 - werkzeug - INFO -  * Restarting with watchdog (windowsapi)
2025-12-23 16:26:46,862 - werkzeug - INFO -  * Restarting with watchdog (windowsapi)
2025-12-23 16:26:50,052 - werkzeug - INFO -  * Restarting with watchdog (windowsapi)
2025-12-23 16:26:52,477 - werkzeug - INFO -  * Restarting with watchdog (windowsapi)
2025-12-23 16:26:54,616 - werkzeug - INFO -  * Restarting with watchdog (windowsapi)
2025-12-23 16:26:57,805 - werkzeug - INFO -  * Restarting with watchdog (windowsapi)
2025-12-23 16:26:59,926 - werkzeug - INFO -  * Restarting with watchdog (windowsapi)
2025-12-23 16:27:02,181 - werkzeug - INFO -  * Restarting with watchdog (windowsapi)
2025-12-23 16:27:04,278 - werkzeug - INFO -  * Restarting with watchdog (windowsapi)
2025-12-23 16:29:32,170 - werkzeug - INFO -  * Restarting with watchdog (windowsapi)
2025-12-23 16:29:37,314 - werkzeug - INFO -  * Restarting with watchdog (windowsapi)
2025-12-23 16:31:23,588 - werkzeug - INFO -  * Restarting with watchdog (windowsapi)
2025-12-23 17:38:13,139 - werkzeug - INFO -  * Restarting with watchdog (windowsapi)
2025-12-23 17:51:57,806 - werkzeug - INFO -  * Restarting with watchdog (windowsapi)
2025-12-23 18:14:18,759 - werkzeug - INFO -  * Restarting with watchdog (windowsapi)
2025-12-23 18:41:31,452 - werkzeug - INFO -  * Restarting with watchdog (windowsapi)
