2025-07-25 16:07:13,143 - werkzeug - WARNING -  * Debugger is active!
2025-07-25 16:07:13,145 - werkzeug - INFO -  * Debugger PIN: 691-175-853
2025-07-25 16:11:27,206 - werkzeug - INFO - 127.0.0.1 - - [25/Jul/2025 16:11:27] "[33mGET /.well-known/appspecific/com.chrome.devtools.json HTTP/1.1[0m" 404 -
2025-07-25 16:12:38,800 - Review.reviews.aerdp_review - INFO - Loading EOD data...
2025-07-25 16:12:38,800 - Review.reviews.aexew_review - INFO - Loading EOD data...
2025-07-25 16:12:38,800 - Review.reviews.be1p_review - INFO - Loading EOD data...
2025-07-25 16:12:43,527 - Review.reviews.aerdp_review - INFO - Loading reference data...
2025-07-25 16:12:43,556 - Review.reviews.be1p_review - INFO - Loading reference data...
2025-07-25 16:12:43,590 - Review.reviews.aexew_review - INFO - Loading reference data...
2025-07-25 16:12:44,145 - Review.reviews.aexew_review - INFO - Saving AEXEW output to: C:\Users\CSonneveld\OneDrive - Euronext\Documents\Projects\GUI + Reviews\output\AEXEW_df_20250725_161244.xlsx
2025-07-25 16:12:45,733 - Review.reviews.bnew_review - INFO - Loading EOD data...
2025-07-25 16:12:50,016 - Review.reviews.bnew_review - INFO - Loading reference data...
2025-07-25 16:12:55,334 - Review.reviews.bnew_review - INFO - Saving BNEW output to: C:\Users\CSonneveld\OneDrive - Euronext\Documents\Projects\GUI + Reviews\output\BNEW_df_20250725_161255.xlsx
2025-07-25 16:12:56,050 - Review.reviews.cacew_review - INFO - Loading EOD data...
2025-07-25 16:12:59,183 - Review.reviews.cacew_review - INFO - Loading reference data...
2025-07-25 16:12:59,650 - Review.reviews.cacew_review - INFO - Saving CACEW output to: C:\Users\CSonneveld\OneDrive - Euronext\Documents\Projects\GUI + Reviews\output\CACEW_df_20250725_161259.xlsx
2025-07-25 16:13:00,446 - Review.reviews.clew_review - INFO - Loading EOD data...
2025-07-25 16:13:03,008 - Review.reviews.be1p_review - INFO - Total universe: 300 companies
2025-07-25 16:13:03,008 - Review.reviews.be1p_review - INFO - Excluded by MIC filter: 91 companies
2025-07-25 16:13:03,008 - Review.reviews.be1p_review - INFO - Excluded by ICB subsector filter: 272 companies
2025-07-25 16:13:03,015 - Review.reviews.be1p_review - INFO - Excluded by turnover filter: 44 companies
2025-07-25 16:13:03,016 - Review.reviews.be1p_review - INFO - Total excluded (any criteria): 282 companies
2025-07-25 16:13:03,018 - Review.reviews.be1p_review - INFO - Eligible for selection: 18 companies
2025-07-25 16:13:03,023 - Review.reviews.be1p_review - INFO - Selecting top 10 companies with highest FFMC from eligible companies...
2025-07-25 16:13:03,032 - Review.reviews.be1p_review - INFO - Saving BE1P output to: C:\Users\CSonneveld\OneDrive - Euronext\Documents\Projects\GUI + Reviews\output\BE1P_df_20250725_161303.xlsx
2025-07-25 16:13:03,220 - Review.reviews.aerdp_review - INFO - Saving AERDP output to: C:\Users\CSonneveld\OneDrive - Euronext\Documents\Projects\GUI + Reviews\output\AERDP_df_20250725_161303.xlsx
2025-07-25 16:13:03,483 - Review.reviews.edefp_review - INFO - Loading EOD data...
2025-07-25 16:13:03,577 - Review.reviews.clew_review - INFO - Loading reference data...
2025-07-25 16:13:03,604 - Review.reviews.edwp_review - INFO - Starting EDWP review calculation
2025-07-25 16:13:03,670 - Review.reviews.clew_review - INFO - Saving CLEW output to: C:\Users\CSonneveld\OneDrive - Euronext\Documents\Projects\GUI + Reviews\output\CLEW_df_20250725_161303.xlsx
2025-07-25 16:13:03,732 - Review.reviews.edwpt_review - INFO - Starting EDWPT review calculation
2025-07-25 16:13:04,399 - Review.reviews.edefp_review - INFO - Loading reference data...
2025-07-25 16:13:06,799 - Review.reviews.edefp_review - INFO - Saving EDEFP output to: C:\Users\CSonneveld\OneDrive - Euronext\Documents\Projects\GUI + Reviews\output\EDEFP_df_20250725_161306.xlsx
2025-07-25 16:13:13,883 - Review.reviews.edwp_review - INFO - 
EDWP Selection Summary:
2025-07-25 16:13:13,899 - Review.reviews.edwp_review - INFO - Total companies selected: 1543
2025-07-25 16:13:13,899 - Review.reviews.edwp_review - INFO - Total FFMC covered: 88.81%
2025-07-25 16:13:13,950 - Review.reviews.edwp_review - INFO - 
DEUP Selection Summary:
2025-07-25 16:13:13,950 - Review.reviews.edwp_review - INFO - Total companies selected: 437
2025-07-25 16:13:13,968 - Review.reviews.edwp_review - INFO - Total FFMC covered: 88.79%
2025-07-25 16:13:14,004 - Review.reviews.edwp_review - INFO - 
DEZP Selection Summary:
2025-07-25 16:13:14,004 - Review.reviews.edwp_review - INFO - Total companies selected: 180
2025-07-25 16:13:14,004 - Review.reviews.edwp_review - INFO - Total FFMC covered: 88.26%
2025-07-25 16:13:14,021 - Review.reviews.edwpt_review - INFO - 
EDWPT Selection Summary:
2025-07-25 16:13:14,023 - Review.reviews.edwpt_review - INFO - Total companies selected: 5296
2025-07-25 16:13:14,023 - Review.reviews.edwpt_review - INFO - Total FFMC covered: 98.83%
2025-07-25 16:13:14,050 - Review.reviews.edwp_review - INFO - 
DAPPR Selection Summary:
2025-07-25 16:13:14,053 - Review.reviews.edwp_review - INFO - Total companies selected: 491
2025-07-25 16:13:14,058 - Review.reviews.edwp_review - INFO - Total FFMC covered: 85.82%
2025-07-25 16:13:14,073 - Review.reviews.edwpt_review - INFO - 
DEUPT Selection Summary:
2025-07-25 16:13:14,077 - Review.reviews.edwpt_review - INFO - Total companies selected: 1283
2025-07-25 16:13:14,079 - Review.reviews.edwpt_review - INFO - Total FFMC covered: 98.67%
2025-07-25 16:13:14,089 - Review.reviews.edwp_review - INFO - 
DNAP Selection Summary:
2025-07-25 16:13:14,089 - Review.reviews.edwp_review - INFO - Total companies selected: 452
2025-07-25 16:13:14,089 - Review.reviews.edwp_review - INFO - Total FFMC covered: 85.69%
2025-07-25 16:13:14,103 - Review.reviews.edwpt_review - INFO - 
DEZPT Selection Summary:
2025-07-25 16:13:14,110 - Review.reviews.edwpt_review - INFO - Total companies selected: 497
2025-07-25 16:13:14,111 - Review.reviews.edwpt_review - INFO - Total FFMC covered: 98.51%
2025-07-25 16:13:14,123 - Review.reviews.edwp_review - INFO - 
DASP Selection Summary:
2025-07-25 16:13:14,133 - Review.reviews.edwp_review - INFO - Total companies selected: 391
2025-07-25 16:13:14,137 - Review.reviews.edwp_review - INFO - Total FFMC covered: 85.48%
2025-07-25 16:13:14,139 - Review.reviews.edwpt_review - INFO - 
DAPPT Selection Summary:
2025-07-25 16:13:14,139 - Review.reviews.edwpt_review - INFO - Total companies selected: 1903
2025-07-25 16:13:14,152 - Review.reviews.edwp_review - INFO - 
DPAP Selection Summary:
2025-07-25 16:13:14,153 - Review.reviews.edwp_review - INFO - Total companies selected: 93
2025-07-25 16:13:14,154 - Review.reviews.edwpt_review - INFO - Total FFMC covered: 98.14%
2025-07-25 16:13:14,155 - Review.reviews.edwp_review - INFO - Total FFMC covered: 85.98%
2025-07-25 16:13:14,173 - Review.reviews.edwp_review - INFO - 
EUSP Selection Summary:
2025-07-25 16:13:14,176 - Review.reviews.edwp_review - INFO - Total companies selected: 363
2025-07-25 16:13:14,177 - Review.reviews.edwpt_review - INFO - 
DNAPT Selection Summary:
2025-07-25 16:13:14,178 - Review.reviews.edwp_review - INFO - Total FFMC covered: 85.00%
2025-07-25 16:13:14,180 - Review.reviews.edwpt_review - INFO - Total companies selected: 1657
2025-07-25 16:13:14,182 - Review.reviews.edwpt_review - INFO - Total FFMC covered: 98.16%
2025-07-25 16:13:14,200 - Review.reviews.edwp_review - INFO - 
EJPP Selection Summary:
2025-07-25 16:13:14,202 - Review.reviews.edwp_review - INFO - Total companies selected: 338
2025-07-25 16:13:14,204 - Review.reviews.edwp_review - INFO - Total FFMC covered: 85.02%
2025-07-25 16:13:14,212 - Review.reviews.edwp_review - INFO - 
ECHP Selection Summary:
2025-07-25 16:13:14,217 - Review.reviews.edwp_review - INFO - Total companies selected: 25
2025-07-25 16:13:14,217 - Review.reviews.edwpt_review - INFO - 
DASPT Selection Summary:
2025-07-25 16:13:14,217 - Review.reviews.edwp_review - INFO - Total FFMC covered: 85.59%
2025-07-25 16:13:14,220 - Review.reviews.edwpt_review - INFO - Total companies selected: 1561
2025-07-25 16:13:14,225 - Review.reviews.edwpt_review - INFO - Total FFMC covered: 98.08%
2025-07-25 16:13:14,232 - Review.reviews.edwp_review - INFO - 
EUKP Selection Summary:
2025-07-25 16:13:14,233 - Review.reviews.edwp_review - INFO - Total companies selected: 82
2025-07-25 16:13:14,235 - Review.reviews.edwp_review - INFO - Total FFMC covered: 85.16%
2025-07-25 16:13:14,239 - Review.reviews.edwpt_review - INFO - 
DPAPT Selection Summary:
2025-07-25 16:13:14,247 - Review.reviews.edwpt_review - INFO - Total companies selected: 316
2025-07-25 16:13:14,250 - Review.reviews.edwp_review - INFO - 
CANP Selection Summary:
2025-07-25 16:13:14,250 - Review.reviews.edwp_review - INFO - Total companies selected: 70
2025-07-25 16:13:14,250 - Review.reviews.edwp_review - INFO - Total FFMC covered: 85.03%
2025-07-25 16:13:14,253 - Review.reviews.edwpt_review - INFO - Total FFMC covered: 98.06%
2025-07-25 16:13:14,267 - Review.reviews.edwp_review - INFO - 
Global Selection Summary:
2025-07-25 16:13:14,268 - Review.reviews.edwp_review - INFO - Total companies selected: 1543
2025-07-25 16:13:14,271 - Review.reviews.edwp_review - INFO - Total FFMC covered: 88.81%
2025-07-25 16:13:14,274 - Review.reviews.edwp_review - INFO - 
MIC-level Summary:
2025-07-25 16:13:14,274 - Review.reviews.edwpt_review - INFO - 
EUSPT Selection Summary:
2025-07-25 16:13:14,274 - Review.reviews.edwp_review - INFO -       ISIN          FFMC  EDWP_selection
MIC                                     
ALXP     1  9.511262e+08               0
BATS     1  2.137557e+10               1
MERK     2  1.978810e+08               0
MTAA   236  6.038823e+11              27
NEOE     1  4.727061e+07               0
WBAH    28  6.580410e+10               8
XAMS    81  1.178277e+12              18
XASX   883  1.433442e+12              74
XBRU    64  2.101693e+11              15
XCSE    99  4.205086e+11              12
XESM     2  1.651506e+09               0
XETR   227  1.833541e+12              32
XHEL   134  2.182358e+11              16
XHKG   245  4.615411e+11              22
XLIS    16  3.591813e+10               5
XLON   833  2.369042e+12              82
XMAD    96  5.998798e+11              13
XMSM    13  5.991251e+10               4
XNGM    56  1.209690e+09               0
XNGS  2665  2.517485e+13             175
XNYS  1721  2.495432e+13             365
XNZE    53  5.806349e+10              15
XOSL   228  1.778157e+11              38
XPAR   345  1.894325e+12              30
XSES   130  2.924063e+11              23
XSTO   623  6.989421e+11              72
XSWX   160  1.691898e+12              28
XTAE   281  1.782428e+11              60
XTKS  3667  5.008343e+12             338
XTSE   490  2.238620e+12              70
2025-07-25 16:13:14,284 - Review.reviews.edwpt_review - INFO - Total companies selected: 1394
2025-07-25 16:13:14,289 - Review.reviews.edwpt_review - INFO - Total FFMC covered: 98.00%
2025-07-25 16:13:14,298 - Review.reviews.edwp_review - INFO - Saving output to: C:\Users\CSonneveld\OneDrive - Euronext\Documents\Projects\GUI + Reviews\output\EDWP_df_20250725_161314.xlsx
2025-07-25 16:13:14,399 - Review.reviews.edwp_review - INFO - 
EDWP Changes Summary:
2025-07-25 16:13:14,399 - Review.reviews.edwp_review - INFO - Inclusions: 64
2025-07-25 16:13:14,399 - Review.reviews.edwp_review - INFO - Exclusions: 63
2025-07-25 16:13:14,434 - Review.reviews.edwp_review - INFO - 
DEUP Changes Summary:
2025-07-25 16:13:14,435 - Review.reviews.edwp_review - INFO - Inclusions: 29
2025-07-25 16:13:14,435 - Review.reviews.edwp_review - INFO - Exclusions: 21
2025-07-25 16:13:14,439 - Review.reviews.edwp_review - INFO - 
DEZP Changes Summary:
2025-07-25 16:13:14,439 - Review.reviews.edwp_review - INFO - Inclusions: 14
2025-07-25 16:13:14,439 - Review.reviews.edwp_review - INFO - Exclusions: 12
2025-07-25 16:13:14,472 - Review.reviews.edwp_review - INFO - 
DAPPR Changes Summary:
2025-07-25 16:13:14,472 - Review.reviews.edwp_review - INFO - Inclusions: 15
2025-07-25 16:13:14,472 - Review.reviews.edwp_review - INFO - Exclusions: 16
2025-07-25 16:13:14,489 - Review.reviews.edwp_review - INFO - 
DNAP Changes Summary:
2025-07-25 16:13:14,489 - Review.reviews.edwp_review - INFO - Inclusions: 15
2025-07-25 16:13:14,489 - Review.reviews.edwp_review - INFO - Exclusions: 22
2025-07-25 16:13:14,507 - Review.reviews.edwp_review - INFO - 
DASP Changes Summary:
2025-07-25 16:13:14,516 - Review.reviews.edwp_review - INFO - Inclusions: 13
2025-07-25 16:13:14,516 - Review.reviews.edwp_review - INFO - Exclusions: 15
2025-07-25 16:13:14,520 - Review.reviews.edwp_review - INFO - 
DPAP Changes Summary:
2025-07-25 16:13:14,520 - Review.reviews.edwp_review - INFO - Inclusions: 3
2025-07-25 16:13:14,526 - Review.reviews.edwp_review - INFO - Exclusions: 5
2025-07-25 16:13:14,527 - Review.reviews.edwpt_review - INFO - 
EJPPT Selection Summary:
2025-07-25 16:13:14,539 - Review.reviews.edwp_review - INFO - 
EUSP Changes Summary:
2025-07-25 16:13:14,539 - Review.reviews.edwp_review - INFO - Inclusions: 9
2025-07-25 16:13:14,539 - Review.reviews.edwp_review - INFO - Exclusions: 16
2025-07-25 16:13:14,551 - Review.reviews.edwp_review - INFO - 
EJPP Changes Summary:
2025-07-25 16:13:14,551 - Review.reviews.edwp_review - INFO - Inclusions: 12
2025-07-25 16:13:14,551 - Review.reviews.edwp_review - INFO - Exclusions: 10
2025-07-25 16:13:14,567 - Review.reviews.edwp_review - INFO - 
ECHP Changes Summary:
2025-07-25 16:13:14,567 - Review.reviews.edwp_review - INFO - Inclusions: 3
2025-07-25 16:13:14,567 - Review.reviews.edwp_review - INFO - Exclusions: 2
2025-07-25 16:13:14,567 - Review.reviews.edwpt_review - INFO - Total companies selected: 1402
2025-07-25 16:13:14,581 - Review.reviews.edwp_review - INFO - 
EUKP Changes Summary:
2025-07-25 16:13:14,581 - Review.reviews.edwp_review - INFO - Inclusions: 4
2025-07-25 16:13:14,581 - Review.reviews.edwp_review - INFO - Exclusions: 5
2025-07-25 16:13:14,584 - Review.reviews.edwp_review - INFO - 
CANP Changes Summary:
2025-07-25 16:13:14,584 - Review.reviews.edwp_review - INFO - Inclusions: 3
2025-07-25 16:13:14,584 - Review.reviews.edwp_review - INFO - Exclusions: 2
2025-07-25 16:13:14,714 - Review.reviews.edwpt_review - INFO - Total FFMC covered: 98.00%
2025-07-25 16:13:14,916 - Review.reviews.edwpt_review - INFO - 
ECHPT Selection Summary:
2025-07-25 16:13:14,982 - Review.reviews.edwpt_review - INFO - Total companies selected: 78
2025-07-25 16:13:15,049 - Review.reviews.edwpt_review - INFO - Total FFMC covered: 98.08%
2025-07-25 16:13:15,814 - Review.reviews.edwpt_review - INFO - 
EUKPT Selection Summary:
2025-07-25 16:13:16,021 - Review.reviews.edwpt_review - INFO - Total companies selected: 284
2025-07-25 16:13:16,131 - Review.reviews.edwpt_review - INFO - Total FFMC covered: 98.00%
2025-07-25 16:13:16,715 - Review.reviews.edwpt_review - INFO - 
CANPT Selection Summary:
2025-07-25 16:13:16,832 - Review.reviews.edwpt_review - INFO - Total companies selected: 217
2025-07-25 16:13:17,131 - Review.reviews.edwpt_review - INFO - Total FFMC covered: 98.01%
2025-07-25 16:13:17,552 - Review.reviews.edwpt_review - INFO - 
Global Selection Summary:
2025-07-25 16:13:17,552 - Review.reviews.edwpt_review - INFO - Total companies selected: 5296
2025-07-25 16:13:17,552 - Review.reviews.edwpt_review - INFO - Total FFMC covered: 98.83%
2025-07-25 16:13:17,566 - Review.reviews.edwpt_review - INFO - 
MIC-level Summary:
2025-07-25 16:13:17,566 - Review.reviews.edwpt_review - INFO -       ISIN          FFMC  EDWPT_selection
MIC                                      
ALXP     1  9.511262e+08                1
BATS     1  2.137557e+10                1
MERK     2  1.978810e+08                2
MTAA   236  6.038823e+11               80
NEOE     1  4.727061e+07                0
WBAH    28  6.580410e+10               20
XAMS    81  1.178277e+12               48
XASX   883  1.433442e+12              278
XBRU    64  2.101693e+11               35
XCSE    99  4.205086e+11               35
XESM     2  1.651506e+09                2
XETR   227  1.833541e+12              105
XHEL   134  2.182358e+11               50
XHKG   245  4.615411e+11               76
XLIS    16  3.591813e+10               12
XLON   833  2.369042e+12              284
XMAD    96  5.998798e+11               43
XMSM    13  5.991251e+10                9
XNGM    56  1.209690e+09                3
XNGS  2665  2.517485e+13              736
XNYS  1721  2.495432e+13             1089
XNZE    53  5.806349e+10               35
XOSL   228  1.778157e+11              110
XPAR   345  1.894325e+12               92
XSES   130  2.924063e+11               63
XSTO   623  6.989421e+11              215
XSWX   160  1.691898e+12               88
XTAE   281  1.782428e+11              165
XTKS  3667  5.008343e+12             1402
XTSE   490  2.238620e+12              217
2025-07-25 16:13:17,617 - Review.reviews.edwpt_review - INFO - Saving main output to: C:\Users\CSonneveld\OneDrive - Euronext\Documents\Projects\GUI + Reviews\output\EDWPT_df_20250725_161317.xlsx
2025-07-25 16:13:17,835 - Review.reviews.edwpt_review - INFO - 
EDWPT Changes Summary:
2025-07-25 16:13:17,835 - Review.reviews.edwpt_review - INFO - Inclusions: 199
2025-07-25 16:13:17,835 - Review.reviews.edwpt_review - INFO - Exclusions: 196
2025-07-25 16:13:17,900 - Review.reviews.edwpt_review - INFO - 
DEUPT Changes Summary:
2025-07-25 16:13:17,916 - Review.reviews.edwpt_review - INFO - Inclusions: 75
2025-07-25 16:13:17,916 - Review.reviews.edwpt_review - INFO - Exclusions: 43
2025-07-25 16:13:17,937 - Review.reviews.edwpt_review - INFO - 
DEZPT Changes Summary:
2025-07-25 16:13:17,937 - Review.reviews.edwpt_review - INFO - Inclusions: 31
2025-07-25 16:13:17,937 - Review.reviews.edwpt_review - INFO - Exclusions: 16
2025-07-25 16:13:18,031 - Review.reviews.edwpt_review - INFO - 
DAPPT Changes Summary:
2025-07-25 16:13:18,031 - Review.reviews.edwpt_review - INFO - Inclusions: 63
2025-07-25 16:13:18,031 - Review.reviews.edwpt_review - INFO - Exclusions: 68
2025-07-25 16:13:18,100 - Review.reviews.edwpt_review - INFO - 
DNAPT Changes Summary:
2025-07-25 16:13:18,100 - Review.reviews.edwpt_review - INFO - Inclusions: 45
2025-07-25 16:13:18,100 - Review.reviews.edwpt_review - INFO - Exclusions: 72
2025-07-25 16:13:18,249 - Review.reviews.edwpt_review - INFO - 
DASPT Changes Summary:
2025-07-25 16:13:18,249 - Review.reviews.edwpt_review - INFO - Inclusions: 54
2025-07-25 16:13:18,249 - Review.reviews.edwpt_review - INFO - Exclusions: 51
2025-07-25 16:13:18,324 - Review.reviews.edwpt_review - INFO - 
DPAPT Changes Summary:
2025-07-25 16:13:18,332 - Review.reviews.edwpt_review - INFO - Inclusions: 6
2025-07-25 16:13:18,333 - Review.reviews.edwpt_review - INFO - Exclusions: 11
2025-07-25 16:13:18,404 - Review.reviews.edwpt_review - INFO - 
EUSPT Changes Summary:
2025-07-25 16:13:18,404 - Review.reviews.edwpt_review - INFO - Inclusions: 28
2025-07-25 16:13:18,404 - Review.reviews.edwpt_review - INFO - Exclusions: 55
2025-07-25 16:13:18,470 - Review.reviews.edwpt_review - INFO - 
EJPPT Changes Summary:
2025-07-25 16:13:18,470 - Review.reviews.edwpt_review - INFO - Inclusions: 41
2025-07-25 16:13:18,470 - Review.reviews.edwpt_review - INFO - Exclusions: 38
2025-07-25 16:13:18,500 - Review.reviews.edwpt_review - INFO - 
ECHPT Changes Summary:
2025-07-25 16:13:18,504 - Review.reviews.edwpt_review - INFO - Inclusions: 3
2025-07-25 16:13:18,513 - Review.reviews.edwpt_review - INFO - Exclusions: 0
2025-07-25 16:13:18,535 - Review.reviews.edwpt_review - INFO - 
EUKPT Changes Summary:
2025-07-25 16:13:18,535 - Review.reviews.edwpt_review - INFO - Inclusions: 9
2025-07-25 16:13:18,535 - Review.reviews.edwpt_review - INFO - Exclusions: 13
2025-07-25 16:13:18,567 - Review.reviews.edwpt_review - INFO - 
CANPT Changes Summary:
2025-07-25 16:13:18,567 - Review.reviews.edwpt_review - INFO - Inclusions: 8
2025-07-25 16:13:18,582 - Review.reviews.edwpt_review - INFO - Exclusions: 7
2025-07-25 16:13:23,485 - Review.reviews.edwp_review - INFO - Saving individual composition file for EDWP to: C:\Users\CSonneveld\OneDrive - Euronext\Documents\Projects\GUI + Reviews\output\EDWP_Composition_20250725_161314.xlsx
2025-07-25 16:13:23,599 - Review.reviews.edwp_review - INFO - Saving individual composition file for DEUP to: C:\Users\CSonneveld\OneDrive - Euronext\Documents\Projects\GUI + Reviews\output\DEUP_Composition_20250725_161314.xlsx
2025-07-25 16:13:23,639 - Review.reviews.edwp_review - INFO - Saving individual composition file for DEZP to: C:\Users\CSonneveld\OneDrive - Euronext\Documents\Projects\GUI + Reviews\output\DEZP_Composition_20250725_161314.xlsx
2025-07-25 16:13:23,662 - Review.reviews.edwp_review - INFO - Saving individual composition file for DAPPR to: C:\Users\CSonneveld\OneDrive - Euronext\Documents\Projects\GUI + Reviews\output\DAPPR_Composition_20250725_161314.xlsx
2025-07-25 16:13:23,700 - Review.reviews.edwp_review - INFO - Saving individual composition file for DNAP to: C:\Users\CSonneveld\OneDrive - Euronext\Documents\Projects\GUI + Reviews\output\DNAP_Composition_20250725_161314.xlsx
2025-07-25 16:13:23,745 - Review.reviews.edwp_review - INFO - Saving individual composition file for DASP to: C:\Users\CSonneveld\OneDrive - Euronext\Documents\Projects\GUI + Reviews\output\DASP_Composition_20250725_161314.xlsx
2025-07-25 16:13:23,783 - Review.reviews.edwp_review - INFO - Saving individual composition file for DPAP to: C:\Users\CSonneveld\OneDrive - Euronext\Documents\Projects\GUI + Reviews\output\DPAP_Composition_20250725_161314.xlsx
2025-07-25 16:13:23,806 - Review.reviews.edwp_review - INFO - Saving individual composition file for EUSP to: C:\Users\CSonneveld\OneDrive - Euronext\Documents\Projects\GUI + Reviews\output\EUSP_Composition_20250725_161314.xlsx
2025-07-25 16:13:23,851 - Review.reviews.edwp_review - INFO - Saving individual composition file for EJPP to: C:\Users\CSonneveld\OneDrive - Euronext\Documents\Projects\GUI + Reviews\output\EJPP_Composition_20250725_161314.xlsx
2025-07-25 16:13:23,912 - Review.reviews.edwp_review - INFO - Saving individual composition file for ECHP to: C:\Users\CSonneveld\OneDrive - Euronext\Documents\Projects\GUI + Reviews\output\ECHP_Composition_20250725_161314.xlsx
2025-07-25 16:13:23,929 - Review.reviews.edwp_review - INFO - Saving individual composition file for EUKP to: C:\Users\CSonneveld\OneDrive - Euronext\Documents\Projects\GUI + Reviews\output\EUKP_Composition_20250725_161314.xlsx
2025-07-25 16:13:23,935 - Review.reviews.edwp_review - INFO - Saving individual composition file for CANP to: C:\Users\CSonneveld\OneDrive - Euronext\Documents\Projects\GUI + Reviews\output\CANP_Composition_20250725_161314.xlsx
2025-07-25 16:13:23,955 - Review.reviews.edwpt_review - INFO - Saving individual composition file for EDWPT to: C:\Users\CSonneveld\OneDrive - Euronext\Documents\Projects\GUI + Reviews\output\EDWPT_Composition_20250725_161317.xlsx
2025-07-25 16:13:24,215 - Review.reviews.edwp_review - INFO - Individual composition files saved: 12
2025-07-25 16:13:24,304 - Review.reviews.edwpt_review - INFO - Saving individual composition file for DEUPT to: C:\Users\CSonneveld\OneDrive - Euronext\Documents\Projects\GUI + Reviews\output\DEUPT_Composition_20250725_161317.xlsx
2025-07-25 16:13:24,389 - Review.reviews.edwpt_review - INFO - Saving individual composition file for DEZPT to: C:\Users\CSonneveld\OneDrive - Euronext\Documents\Projects\GUI + Reviews\output\DEZPT_Composition_20250725_161317.xlsx
2025-07-25 16:13:24,434 - Review.reviews.edwpt_review - INFO - Saving individual composition file for DAPPT to: C:\Users\CSonneveld\OneDrive - Euronext\Documents\Projects\GUI + Reviews\output\DAPPT_Composition_20250725_161317.xlsx
2025-07-25 16:13:24,575 - Review.reviews.edwpt_review - INFO - Saving individual composition file for DNAPT to: C:\Users\CSonneveld\OneDrive - Euronext\Documents\Projects\GUI + Reviews\output\DNAPT_Composition_20250725_161317.xlsx
2025-07-25 16:13:24,698 - Review.reviews.edwpt_review - INFO - Saving individual composition file for DASPT to: C:\Users\CSonneveld\OneDrive - Euronext\Documents\Projects\GUI + Reviews\output\DASPT_Composition_20250725_161317.xlsx
2025-07-25 16:13:24,795 - Review.reviews.edwpt_review - INFO - Saving individual composition file for DPAPT to: C:\Users\CSonneveld\OneDrive - Euronext\Documents\Projects\GUI + Reviews\output\DPAPT_Composition_20250725_161317.xlsx
2025-07-25 16:13:24,832 - Review.reviews.edwpt_review - INFO - Saving individual composition file for EUSPT to: C:\Users\CSonneveld\OneDrive - Euronext\Documents\Projects\GUI + Reviews\output\EUSPT_Composition_20250725_161317.xlsx
2025-07-25 16:13:24,934 - Review.reviews.edwpt_review - INFO - Saving individual composition file for EJPPT to: C:\Users\CSonneveld\OneDrive - Euronext\Documents\Projects\GUI + Reviews\output\EJPPT_Composition_20250725_161317.xlsx
2025-07-25 16:13:25,049 - Review.reviews.edwpt_review - INFO - Saving individual composition file for ECHPT to: C:\Users\CSonneveld\OneDrive - Euronext\Documents\Projects\GUI + Reviews\output\ECHPT_Composition_20250725_161317.xlsx
2025-07-25 16:13:25,073 - Review.reviews.edwpt_review - INFO - Saving individual composition file for EUKPT to: C:\Users\CSonneveld\OneDrive - Euronext\Documents\Projects\GUI + Reviews\output\EUKPT_Composition_20250725_161317.xlsx
2025-07-25 16:13:25,107 - Review.reviews.edwpt_review - INFO - Saving individual composition file for CANPT to: C:\Users\CSonneveld\OneDrive - Euronext\Documents\Projects\GUI + Reviews\output\CANPT_Composition_20250725_161317.xlsx
2025-07-25 16:13:25,145 - Review.reviews.edwpt_review - INFO - Main file successfully saved to: C:\Users\CSonneveld\OneDrive - Euronext\Documents\Projects\GUI + Reviews\output\EDWPT_df_20250725_161317.xlsx
2025-07-25 16:13:25,145 - Review.reviews.edwpt_review - INFO - Individual composition files saved: 12
2025-07-25 16:13:25,173 - werkzeug - INFO - 127.0.0.1 - - [25/Jul/2025 16:13:25] "POST /calculate-batch HTTP/1.1" 200 -
2025-07-25 16:15:50,066 - werkzeug - INFO -  * Detected change in 'C:\\Users\\CSonneveld\\OneDrive - Euronext\\Documents\\Projects\\GUI + Reviews\\batch_processor.py', reloading
2025-07-25 16:15:50,066 - werkzeug - INFO -  * Detected change in 'C:\\Users\\CSonneveld\\OneDrive - Euronext\\Documents\\Projects\\GUI + Reviews\\batch_processor.py', reloading
2025-07-25 16:15:50,066 - werkzeug - INFO -  * Detected change in 'C:\\Users\\CSonneveld\\OneDrive - Euronext\\Documents\\Projects\\GUI + Reviews\\batch_processor.py', reloading
2025-07-25 16:15:50,066 - werkzeug - INFO -  * Detected change in 'C:\\Users\\CSonneveld\\OneDrive - Euronext\\Documents\\Projects\\GUI + Reviews\\batch_processor.py', reloading
