2025-07-29 17:07:56,031 - werkzeug - WARNING -  * Debugger is active!
2025-07-29 17:07:56,048 - werkzeug - INFO -  * Debugger PIN: 691-175-853
2025-07-29 17:07:58,600 - Review.reviews.frd4p_review - INFO - Loading EOD data...
2025-07-29 17:08:00,148 - Review.reviews.frd4p_review - INFO - Loading reference data...
2025-07-29 17:08:09,298 - Review.reviews.frd4p_review - INFO - Processing sector: 1010.0, area: AS, group size: 45
2025-07-29 17:08:09,298 - Review.reviews.frd4p_review - INFO - Companies in group: 45, to exclude: 8
2025-07-29 17:08:09,298 - Review.reviews.frd4p_review - INFO - Processing sector: 1010.0, area: EU, group size: 27
2025-07-29 17:08:09,298 - Review.reviews.frd4p_review - INFO - Companies in group: 27, to exclude: 5
2025-07-29 17:08:09,298 - Review.reviews.frd4p_review - INFO - Processing sector: 1010.0, area: NA, group size: 83
2025-07-29 17:08:09,298 - Review.reviews.frd4p_review - INFO - Companies in group: 83, to exclude: 16
2025-07-29 17:08:09,298 - Review.reviews.frd4p_review - INFO - Processing sector: 1510.0, area: AS, group size: 12
2025-07-29 17:08:09,298 - Review.reviews.frd4p_review - INFO - Companies in group: 12, to exclude: 2
2025-07-29 17:08:09,298 - Review.reviews.frd4p_review - INFO - Processing sector: 1510.0, area: EU, group size: 18
2025-07-29 17:08:09,298 - Review.reviews.frd4p_review - INFO - Companies in group: 18, to exclude: 3
2025-07-29 17:08:09,298 - Review.reviews.frd4p_review - INFO - Processing sector: 1510.0, area: NA, group size: 10
2025-07-29 17:08:09,298 - Review.reviews.frd4p_review - INFO - Companies in group: 10, to exclude: 1
2025-07-29 17:08:09,298 - Review.reviews.frd4p_review - INFO - Processing sector: 2010.0, area: AS, group size: 29
2025-07-29 17:08:09,298 - Review.reviews.frd4p_review - INFO - Companies in group: 29, to exclude: 5
2025-07-29 17:08:09,298 - Review.reviews.frd4p_review - INFO - Processing sector: 2010.0, area: EU, group size: 46
2025-07-29 17:08:09,298 - Review.reviews.frd4p_review - INFO - Companies in group: 46, to exclude: 9
2025-07-29 17:08:09,298 - Review.reviews.frd4p_review - INFO - Processing sector: 2010.0, area: NA, group size: 44
2025-07-29 17:08:09,298 - Review.reviews.frd4p_review - INFO - Companies in group: 44, to exclude: 8
2025-07-29 17:08:09,311 - Review.reviews.frd4p_review - INFO - Processing sector: 3010.0, area: AS, group size: 29
2025-07-29 17:08:09,311 - Review.reviews.frd4p_review - INFO - Companies in group: 29, to exclude: 5
2025-07-29 17:08:09,311 - Review.reviews.frd4p_review - INFO - Processing sector: 3010.0, area: EU, group size: 46
2025-07-29 17:08:09,312 - Review.reviews.frd4p_review - INFO - Companies in group: 46, to exclude: 9
2025-07-29 17:08:09,312 - Review.reviews.frd4p_review - INFO - Processing sector: 3010.0, area: NA, group size: 20
2025-07-29 17:08:09,312 - Review.reviews.frd4p_review - INFO - Companies in group: 20, to exclude: 3
2025-07-29 17:08:09,312 - Review.reviews.frd4p_review - INFO - Processing sector: 3020.0, area: AS, group size: 15
2025-07-29 17:08:09,313 - Review.reviews.frd4p_review - INFO - Companies in group: 15, to exclude: 2
2025-07-29 17:08:09,313 - Review.reviews.frd4p_review - INFO - Processing sector: 3020.0, area: EU, group size: 35
2025-07-29 17:08:09,313 - Review.reviews.frd4p_review - INFO - Companies in group: 35, to exclude: 6
2025-07-29 17:08:09,314 - Review.reviews.frd4p_review - INFO - Processing sector: 3020.0, area: NA, group size: 32
2025-07-29 17:08:09,314 - Review.reviews.frd4p_review - INFO - Companies in group: 32, to exclude: 6
2025-07-29 17:08:09,314 - Review.reviews.frd4p_review - INFO - Processing sector: 3030.0, area: AS, group size: 15
2025-07-29 17:08:09,315 - Review.reviews.frd4p_review - INFO - Companies in group: 15, to exclude: 2
2025-07-29 17:08:09,316 - Review.reviews.frd4p_review - INFO - Processing sector: 3030.0, area: EU, group size: 31
2025-07-29 17:08:09,316 - Review.reviews.frd4p_review - INFO - Companies in group: 31, to exclude: 6
2025-07-29 17:08:09,316 - Review.reviews.frd4p_review - INFO - Processing sector: 3030.0, area: NA, group size: 23
2025-07-29 17:08:09,317 - Review.reviews.frd4p_review - INFO - Companies in group: 23, to exclude: 4
2025-07-29 17:08:09,317 - Review.reviews.frd4p_review - INFO - Processing sector: 3510.0, area: AS, group size: 49
2025-07-29 17:08:09,318 - Review.reviews.frd4p_review - INFO - Companies in group: 49, to exclude: 9
2025-07-29 17:08:09,318 - Review.reviews.frd4p_review - INFO - Processing sector: 3510.0, area: EU, group size: 25
2025-07-29 17:08:09,318 - Review.reviews.frd4p_review - INFO - Companies in group: 25, to exclude: 4
2025-07-29 17:08:09,318 - Review.reviews.frd4p_review - INFO - Processing sector: 3510.0, area: NA, group size: 22
2025-07-29 17:08:09,319 - Review.reviews.frd4p_review - INFO - Companies in group: 22, to exclude: 4
2025-07-29 17:08:09,319 - Review.reviews.frd4p_review - INFO - Processing sector: 4010.0, area: AS, group size: 16
2025-07-29 17:08:09,319 - Review.reviews.frd4p_review - INFO - Companies in group: 16, to exclude: 3
2025-07-29 17:08:09,319 - Review.reviews.frd4p_review - INFO - Processing sector: 4010.0, area: EU, group size: 13
2025-07-29 17:08:09,320 - Review.reviews.frd4p_review - INFO - Companies in group: 13, to exclude: 2
2025-07-29 17:08:09,321 - Review.reviews.frd4p_review - INFO - Processing sector: 4010.0, area: NA, group size: 4
2025-07-29 17:08:09,321 - Review.reviews.frd4p_review - INFO - Companies in group: 4, to exclude: 0
2025-07-29 17:08:09,321 - Review.reviews.frd4p_review - WARNING - No companies to exclude for sector 4010.0 and area NA
2025-07-29 17:08:09,321 - Review.reviews.frd4p_review - INFO - Processing sector: 4020.0, area: AS, group size: 26
2025-07-29 17:08:09,321 - Review.reviews.frd4p_review - INFO - Companies in group: 26, to exclude: 5
2025-07-29 17:08:09,322 - Review.reviews.frd4p_review - INFO - Processing sector: 4020.0, area: EU, group size: 23
2025-07-29 17:08:09,322 - Review.reviews.frd4p_review - INFO - Companies in group: 23, to exclude: 4
2025-07-29 17:08:09,322 - Review.reviews.frd4p_review - INFO - Processing sector: 4020.0, area: NA, group size: 17
2025-07-29 17:08:09,323 - Review.reviews.frd4p_review - INFO - Companies in group: 17, to exclude: 3
2025-07-29 17:08:09,323 - Review.reviews.frd4p_review - INFO - Processing sector: 4030.0, area: AS, group size: 7
2025-07-29 17:08:09,323 - Review.reviews.frd4p_review - INFO - Companies in group: 7, to exclude: 1
2025-07-29 17:08:09,323 - Review.reviews.frd4p_review - INFO - Processing sector: 4030.0, area: EU, group size: 10
2025-07-29 17:08:09,324 - Review.reviews.frd4p_review - INFO - Companies in group: 10, to exclude: 1
2025-07-29 17:08:09,324 - Review.reviews.frd4p_review - INFO - Processing sector: 4030.0, area: NA, group size: 6
2025-07-29 17:08:09,324 - Review.reviews.frd4p_review - INFO - Companies in group: 6, to exclude: 1
2025-07-29 17:08:09,324 - Review.reviews.frd4p_review - INFO - Processing sector: 4040.0, area: AS, group size: 13
2025-07-29 17:08:09,324 - Review.reviews.frd4p_review - INFO - Companies in group: 13, to exclude: 2
2025-07-29 17:08:09,324 - Review.reviews.frd4p_review - INFO - Processing sector: 4040.0, area: EU, group size: 10
2025-07-29 17:08:09,325 - Review.reviews.frd4p_review - INFO - Companies in group: 10, to exclude: 1
2025-07-29 17:08:09,325 - Review.reviews.frd4p_review - INFO - Processing sector: 4040.0, area: NA, group size: 19
2025-07-29 17:08:09,325 - Review.reviews.frd4p_review - INFO - Companies in group: 19, to exclude: 3
2025-07-29 17:08:09,325 - Review.reviews.frd4p_review - INFO - Processing sector: 4050.0, area: AS, group size: 20
2025-07-29 17:08:09,326 - Review.reviews.frd4p_review - INFO - Companies in group: 20, to exclude: 3
2025-07-29 17:08:09,326 - Review.reviews.frd4p_review - INFO - Processing sector: 4050.0, area: EU, group size: 14
2025-07-29 17:08:09,326 - Review.reviews.frd4p_review - INFO - Companies in group: 14, to exclude: 2
2025-07-29 17:08:09,326 - Review.reviews.frd4p_review - INFO - Processing sector: 4050.0, area: NA, group size: 18
2025-07-29 17:08:09,326 - Review.reviews.frd4p_review - INFO - Companies in group: 18, to exclude: 3
2025-07-29 17:08:09,327 - Review.reviews.frd4p_review - INFO - Processing sector: 4510.0, area: AS, group size: 25
2025-07-29 17:08:09,327 - Review.reviews.frd4p_review - INFO - Companies in group: 25, to exclude: 4
2025-07-29 17:08:09,327 - Review.reviews.frd4p_review - INFO - Processing sector: 4510.0, area: EU, group size: 26
2025-07-29 17:08:09,327 - Review.reviews.frd4p_review - INFO - Companies in group: 26, to exclude: 5
2025-07-29 17:08:09,327 - Review.reviews.frd4p_review - INFO - Processing sector: 4510.0, area: NA, group size: 17
2025-07-29 17:08:09,328 - Review.reviews.frd4p_review - INFO - Companies in group: 17, to exclude: 3
2025-07-29 17:08:09,328 - Review.reviews.frd4p_review - INFO - Processing sector: 4520.0, area: AS, group size: 17
2025-07-29 17:08:09,328 - Review.reviews.frd4p_review - INFO - Companies in group: 17, to exclude: 3
2025-07-29 17:08:09,328 - Review.reviews.frd4p_review - INFO - Processing sector: 4520.0, area: EU, group size: 12
2025-07-29 17:08:09,328 - Review.reviews.frd4p_review - INFO - Companies in group: 12, to exclude: 2
2025-07-29 17:08:09,329 - Review.reviews.frd4p_review - INFO - Processing sector: 4520.0, area: NA, group size: 14
2025-07-29 17:08:09,329 - Review.reviews.frd4p_review - INFO - Companies in group: 14, to exclude: 2
2025-07-29 17:08:09,329 - Review.reviews.frd4p_review - INFO - Processing sector: 5010.0, area: AS, group size: 17
2025-07-29 17:08:09,330 - Review.reviews.frd4p_review - INFO - Companies in group: 17, to exclude: 3
2025-07-29 17:08:09,330 - Review.reviews.frd4p_review - INFO - Processing sector: 5010.0, area: EU, group size: 27
2025-07-29 17:08:09,330 - Review.reviews.frd4p_review - INFO - Companies in group: 27, to exclude: 5
2025-07-29 17:08:09,330 - Review.reviews.frd4p_review - INFO - Processing sector: 5010.0, area: NA, group size: 11
2025-07-29 17:08:09,331 - Review.reviews.frd4p_review - INFO - Companies in group: 11, to exclude: 2
2025-07-29 17:08:09,331 - Review.reviews.frd4p_review - INFO - Processing sector: 5020.0, area: AS, group size: 93
2025-07-29 17:08:09,332 - Review.reviews.frd4p_review - INFO - Companies in group: 93, to exclude: 18
2025-07-29 17:08:09,332 - Review.reviews.frd4p_review - INFO - Processing sector: 5020.0, area: EU, group size: 97
2025-07-29 17:08:09,332 - Review.reviews.frd4p_review - INFO - Companies in group: 97, to exclude: 19
2025-07-29 17:08:09,332 - Review.reviews.frd4p_review - INFO - Processing sector: 5020.0, area: NA, group size: 76
2025-07-29 17:08:09,332 - Review.reviews.frd4p_review - INFO - Companies in group: 76, to exclude: 15
2025-07-29 17:08:09,332 - Review.reviews.frd4p_review - INFO - Processing sector: 5510.0, area: AS, group size: 23
2025-07-29 17:08:09,332 - Review.reviews.frd4p_review - INFO - Companies in group: 23, to exclude: 4
2025-07-29 17:08:09,332 - Review.reviews.frd4p_review - INFO - Processing sector: 5510.0, area: EU, group size: 15
2025-07-29 17:08:09,332 - Review.reviews.frd4p_review - INFO - Companies in group: 15, to exclude: 2
2025-07-29 17:08:09,332 - Review.reviews.frd4p_review - INFO - Processing sector: 5510.0, area: NA, group size: 13
2025-07-29 17:08:09,332 - Review.reviews.frd4p_review - INFO - Companies in group: 13, to exclude: 2
2025-07-29 17:08:09,332 - Review.reviews.frd4p_review - INFO - Processing sector: 5520.0, area: AS, group size: 17
2025-07-29 17:08:09,332 - Review.reviews.frd4p_review - INFO - Companies in group: 17, to exclude: 3
2025-07-29 17:08:09,332 - Review.reviews.frd4p_review - INFO - Processing sector: 5520.0, area: EU, group size: 18
2025-07-29 17:08:09,332 - Review.reviews.frd4p_review - INFO - Companies in group: 18, to exclude: 3
2025-07-29 17:08:09,336 - Review.reviews.frd4p_review - INFO - Processing sector: 5520.0, area: NA, group size: 5
2025-07-29 17:08:09,336 - Review.reviews.frd4p_review - INFO - Companies in group: 5, to exclude: 0
2025-07-29 17:08:09,336 - Review.reviews.frd4p_review - WARNING - No companies to exclude for sector 5520.0 and area NA
2025-07-29 17:08:09,336 - Review.reviews.frd4p_review - INFO - Processing sector: 6010.0, area: AS, group size: 10
2025-07-29 17:08:09,337 - Review.reviews.frd4p_review - INFO - Companies in group: 10, to exclude: 1
2025-07-29 17:08:09,337 - Review.reviews.frd4p_review - INFO - Processing sector: 6010.0, area: EU, group size: 22
2025-07-29 17:08:09,337 - Review.reviews.frd4p_review - INFO - Companies in group: 22, to exclude: 4
2025-07-29 17:08:09,337 - Review.reviews.frd4p_review - INFO - Processing sector: 6010.0, area: NA, group size: 35
2025-07-29 17:08:09,338 - Review.reviews.frd4p_review - INFO - Companies in group: 35, to exclude: 6
2025-07-29 17:08:09,338 - Review.reviews.frd4p_review - INFO - Processing sector: 6510.0, area: AS, group size: 22
2025-07-29 17:08:09,338 - Review.reviews.frd4p_review - INFO - Companies in group: 22, to exclude: 4
2025-07-29 17:08:09,339 - Review.reviews.frd4p_review - INFO - Processing sector: 6510.0, area: EU, group size: 26
2025-07-29 17:08:09,339 - Review.reviews.frd4p_review - INFO - Companies in group: 26, to exclude: 5
2025-07-29 17:08:09,339 - Review.reviews.frd4p_review - INFO - Processing sector: 6510.0, area: NA, group size: 31
2025-07-29 17:08:09,339 - Review.reviews.frd4p_review - INFO - Companies in group: 31, to exclude: 6
2025-07-29 17:08:22,965 - Review.reviews.frd4p_review - INFO - Checking IsinCode FRIX00003031 in index_eod_df
2025-07-29 17:08:22,965 - Review.reviews.frd4p_review - INFO - Found 1 matching rows
2025-07-29 17:08:22,976 - Review.reviews.frd4p_review - INFO - Saving FRD4P output to: C:\Users\CSonneveld\OneDrive - Euronext\Documents\Projects\GUI + Reviews\output\FRD4P_df_20250729_170822.xlsx
2025-07-29 17:08:23,409 - werkzeug - INFO - 127.0.0.1 - - [29/Jul/2025 17:08:23] "POST /calculate HTTP/1.1" 200 -
2025-07-29 17:11:17,399 - werkzeug - INFO -  * Detected change in 'C:\\Users\\CSonneveld\\OneDrive - Euronext\\Documents\\Projects\\GUI + Reviews\\Review\\reviews\\frd4p_review.py', reloading
2025-07-29 17:11:17,401 - werkzeug - INFO -  * Detected change in 'C:\\Users\\CSonneveld\\OneDrive - Euronext\\Documents\\Projects\\GUI + Reviews\\Review\\reviews\\frd4p_review.py', reloading
2025-07-29 17:11:17,402 - werkzeug - INFO -  * Detected change in 'C:\\Users\\CSonneveld\\OneDrive - Euronext\\Documents\\Projects\\GUI + Reviews\\Review\\reviews\\frd4p_review.py', reloading
