2025-12-15 18:42:42,523 - werkzeug - WARNING -  * Debugger is active!
2025-12-15 18:42:42,523 - werkzeug - INFO -  * Debugger PIN: 691-175-853
2025-12-15 18:42:42,558 - werkzeug - INFO - 127.0.0.1 - - [15/Dec/2025 18:42:42] "GET /task-status/de002048-7524-4165-9d3e-6fa4e0a115fc HTTP/1.1" 200 -
2025-12-15 18:42:44,360 - werkzeug - INFO - 127.0.0.1 - - [15/Dec/2025 18:42:44] "POST /calculate HTTP/1.1" 200 -
2025-12-15 18:42:44,362 - Review.reviews.wifrp_review - INFO - Loading EOD data...
2025-12-15 18:42:44,364 - werkzeug - INFO - 127.0.0.1 - - [15/Dec/2025 18:42:44] "GET /task-status/efbfe2a4-35ae-4b1e-84c5-cdfd2986bcb9 HTTP/1.1" 200 -
2025-12-15 18:42:45,054 - Review.reviews.wifrp_review - INFO - Loading reference data...
2025-12-15 18:42:46,388 - werkzeug - INFO - 127.0.0.1 - - [15/Dec/2025 18:42:46] "GET /task-status/efbfe2a4-35ae-4b1e-84c5-cdfd2986bcb9 HTTP/1.1" 200 -
2025-12-15 18:42:48,393 - werkzeug - INFO - 127.0.0.1 - - [15/Dec/2025 18:42:48] "GET /task-status/efbfe2a4-35ae-4b1e-84c5-cdfd2986bcb9 HTTP/1.1" 200 -
2025-12-15 18:42:50,391 - werkzeug - INFO - 127.0.0.1 - - [15/Dec/2025 18:42:50] "GET /task-status/efbfe2a4-35ae-4b1e-84c5-cdfd2986bcb9 HTTP/1.1" 200 -
2025-12-15 18:42:52,372 - werkzeug - INFO - 127.0.0.1 - - [15/Dec/2025 18:42:52] "GET /task-status/efbfe2a4-35ae-4b1e-84c5-cdfd2986bcb9 HTTP/1.1" 200 -
2025-12-15 18:42:54,377 - werkzeug - INFO - 127.0.0.1 - - [15/Dec/2025 18:42:54] "GET /task-status/efbfe2a4-35ae-4b1e-84c5-cdfd2986bcb9 HTTP/1.1" 200 -
2025-12-15 18:42:56,388 - werkzeug - INFO - 127.0.0.1 - - [15/Dec/2025 18:42:56] "GET /task-status/efbfe2a4-35ae-4b1e-84c5-cdfd2986bcb9 HTTP/1.1" 200 -
2025-12-15 18:42:58,372 - werkzeug - INFO - 127.0.0.1 - - [15/Dec/2025 18:42:58] "GET /task-status/efbfe2a4-35ae-4b1e-84c5-cdfd2986bcb9 HTTP/1.1" 200 -
2025-12-15 18:42:59,155 - Review.reviews.wifrp_review - INFO - Filtering universe to exclude Euronext Paris (XPAR) listings...
2025-12-15 18:42:59,171 - Review.reviews.wifrp_review - INFO - Merging all reference data points early...
2025-12-15 18:42:59,171 - Review.reviews.wifrp_review - INFO - Deduplicating reference dataframes...
2025-12-15 18:42:59,193 - Review.reviews.wifrp_review - INFO - Merging Oekom data...
2025-12-15 18:42:59,200 - Review.reviews.wifrp_review - INFO - Merging ICB data...
2025-12-15 18:42:59,219 - Review.reviews.wifrp_review - INFO - Merging SesamM data...
2025-12-15 18:42:59,224 - Review.reviews.wifrp_review - INFO - Converting numeric columns...
2025-12-15 18:42:59,227 - Review.reviews.wifrp_review - INFO - Staff Rating distribution: Min=1.091, Max=4.0
2025-12-15 18:42:59,227 - Review.reviews.wifrp_review - INFO - Companies with staff rating = 4 (Missing or Not Collected): 43
2025-12-15 18:42:59,228 - Review.reviews.wifrp_review - INFO - All reference data merged successfully
2025-12-15 18:42:59,228 - Review.reviews.wifrp_review - INFO - Universe size after merges: 1465 companies
2025-12-15 18:42:59,229 - Review.reviews.wifrp_review - INFO - All reference data merged successfully
2025-12-15 18:42:59,229 - Review.reviews.wifrp_review - INFO - Universe size after merges: 1465 companies
2025-12-15 18:42:59,229 - Review.reviews.wifrp_review - INFO - Calculating percentiles and rankings for staff rating and layoff score...
2025-12-15 18:42:59,275 - Review.reviews.wifrp_review - INFO - Applying SesamM data availability exclusion...
2025-12-15 18:42:59,275 - Review.reviews.wifrp_review - INFO - SesamM data unavailable exclusions: 1215
2025-12-15 18:42:59,275 - Review.reviews.wifrp_review - INFO - Applying turnover exclusion...
2025-12-15 18:42:59,275 - Review.reviews.wifrp_review - INFO - Turnover exclusions: 172
2025-12-15 18:42:59,275 - Review.reviews.wifrp_review - INFO - Applying NBR Overall Flag exclusion...
2025-12-15 18:42:59,288 - Review.reviews.wifrp_review - INFO - NBR Overall Flag exclusions: 1
2025-12-15 18:42:59,288 - Review.reviews.wifrp_review - INFO - Applying controversial weapons exclusions...
2025-12-15 18:42:59,290 - Review.reviews.wifrp_review - INFO - BiologicalWeapons exclusions: 0
2025-12-15 18:42:59,291 - Review.reviews.wifrp_review - INFO - ChemicalWeapons exclusions: 0
2025-12-15 18:42:59,291 - Review.reviews.wifrp_review - INFO - NuclearWeapons exclusions: 35
2025-12-15 18:42:59,292 - Review.reviews.wifrp_review - INFO - NuclearWeaponsNonNPT exclusions: 0
2025-12-15 18:42:59,293 - Review.reviews.wifrp_review - INFO - ClusterMunitions exclusions: 5
2025-12-15 18:42:59,293 - Review.reviews.wifrp_review - INFO - DepletedUranium exclusions: 7
2025-12-15 18:42:59,295 - Review.reviews.wifrp_review - INFO - APMines exclusions: 4
2025-12-15 18:42:59,295 - Review.reviews.wifrp_review - INFO - WhitePhosphorus exclusions: 7
2025-12-15 18:42:59,296 - Review.reviews.wifrp_review - INFO - Applying animal welfare exclusions...
2025-12-15 18:42:59,297 - Review.reviews.wifrp_review - INFO - Animal Welfare exclusions: 248
2025-12-15 18:42:59,298 - Review.reviews.wifrp_review - INFO - Animal Testing exclusions: 224
2025-12-15 18:42:59,298 - Review.reviews.wifrp_review - INFO - Applying energy screening exclusions...
2025-12-15 18:42:59,299 - Review.reviews.wifrp_review - INFO - Coal Mining exclusions: 91
2025-12-15 18:42:59,300 - Review.reviews.wifrp_review - INFO - Fossil Fuel exclusions: 308
2025-12-15 18:42:59,300 - Review.reviews.wifrp_review - INFO - Thermal Power exclusions: 112
2025-12-15 18:42:59,300 - Review.reviews.wifrp_review - INFO - Applying tobacco screening exclusions...
2025-12-15 18:42:59,300 - Review.reviews.wifrp_review - INFO - Tobacco Production exclusions: 0
2025-12-15 18:42:59,300 - Review.reviews.wifrp_review - INFO - Tobacco Distribution exclusions: 0
2025-12-15 18:42:59,300 - Review.reviews.wifrp_review - INFO - Applying layoff screening exclusion...
2025-12-15 18:42:59,305 - Review.reviews.wifrp_review - INFO - Layoff exclusions: 1219
2025-12-15 18:42:59,305 - Review.reviews.wifrp_review - INFO - Applying staff rating exclusion...
2025-12-15 18:42:59,326 - Review.reviews.wifrp_review - INFO - Staff Rating exclusions: 256
2025-12-15 18:42:59,356 - Review.reviews.wifrp_review - INFO - Companies remaining after exclusions: 91
2025-12-15 18:42:59,356 - Review.reviews.wifrp_review - INFO - Calculating FFMC for ranking...
2025-12-15 18:42:59,356 - Review.reviews.wifrp_review - INFO - Selecting top 40 companies by FFMC...
2025-12-15 18:42:59,356 - Review.reviews.wifrp_review - INFO - Applying 10% capping using most recent pricing data...
2025-12-15 18:42:59,367 - utils.capping_proportional - INFO - Starting proportional capping with max weight: 10.0%
2025-12-15 18:42:59,367 - utils.capping_proportional - INFO - Capping procedure converged after 1 iterations
2025-12-15 18:42:59,367 - utils.capping_proportional - INFO - Capping Summary:
2025-12-15 18:42:59,367 - utils.capping_proportional - INFO -   Total companies: 40
2025-12-15 18:42:59,367 - utils.capping_proportional - INFO -   Companies capped: 2
2025-12-15 18:42:59,367 - utils.capping_proportional - INFO -   Weight sum after capping: 1.000000
2025-12-15 18:42:59,367 - utils.capping_proportional - INFO -   Max weight after capping: 0.100000
2025-12-15 18:42:59,367 - Review.reviews.wifrp_review - INFO - Total weight after capping: 1.000000
2025-12-15 18:42:59,367 - Review.reviews.wifrp_review - INFO - Max weight after capping: 0.100000
2025-12-15 18:42:59,367 - Review.reviews.wifrp_review - INFO - Companies capped: 2
2025-12-15 18:42:59,376 - Review.reviews.wifrp_review - INFO - Saving WIFRP output to: C:\Users\CSonneveld\OneDrive - Euronext\Documents\Projects\GUI + Reviews\output\WIFRP_df_20251215_184259.xlsx
2025-12-15 18:43:00,372 - werkzeug - INFO - 127.0.0.1 - - [15/Dec/2025 18:43:00] "GET /task-status/efbfe2a4-35ae-4b1e-84c5-cdfd2986bcb9 HTTP/1.1" 200 -
2025-12-15 18:45:02,191 - werkzeug - INFO -  * Detected change in 'C:\\Users\\CSonneveld\\OneDrive - Euronext\\Documents\\Projects\\GUI + Reviews\\Review\\reviews\\wifrp_review.py', reloading
2025-12-15 18:45:02,191 - werkzeug - INFO -  * Detected change in 'C:\\Users\\CSonneveld\\OneDrive - Euronext\\Documents\\Projects\\GUI + Reviews\\Review\\reviews\\wifrp_review.py', reloading
