2025-12-15 18:05:48,659 - werkzeug - WARNING -  * Debugger is active!
2025-12-15 18:05:48,659 - werkzeug - INFO -  * Debugger PIN: 691-175-853
2025-12-15 18:05:48,703 - werkzeug - INFO - 127.0.0.1 - - [15/Dec/2025 18:05:48] "POST /calculate HTTP/1.1" 200 -
2025-12-15 18:05:48,704 - Review.reviews.wifrp_review - INFO - Loading EOD data...
2025-12-15 18:05:48,706 - werkzeug - INFO - 127.0.0.1 - - [15/Dec/2025 18:05:48] "GET /task-status/402a04cc-7743-4742-88ef-732e168bb71b HTTP/1.1" 200 -
2025-12-15 18:05:49,180 - Review.reviews.wifrp_review - INFO - Loading reference data...
2025-12-15 18:05:50,716 - werkzeug - INFO - 127.0.0.1 - - [15/Dec/2025 18:05:50] "GET /task-status/402a04cc-7743-4742-88ef-732e168bb71b HTTP/1.1" 200 -
2025-12-15 18:05:52,737 - werkzeug - INFO - 127.0.0.1 - - [15/Dec/2025 18:05:52] "GET /task-status/402a04cc-7743-4742-88ef-732e168bb71b HTTP/1.1" 200 -
2025-12-15 18:05:54,709 - werkzeug - INFO - 127.0.0.1 - - [15/Dec/2025 18:05:54] "GET /task-status/402a04cc-7743-4742-88ef-732e168bb71b HTTP/1.1" 200 -
2025-12-15 18:05:56,720 - werkzeug - INFO - 127.0.0.1 - - [15/Dec/2025 18:05:56] "GET /task-status/402a04cc-7743-4742-88ef-732e168bb71b HTTP/1.1" 200 -
2025-12-15 18:05:58,710 - werkzeug - INFO - 127.0.0.1 - - [15/Dec/2025 18:05:58] "GET /task-status/402a04cc-7743-4742-88ef-732e168bb71b HTTP/1.1" 200 -
2025-12-15 18:06:00,710 - werkzeug - INFO - 127.0.0.1 - - [15/Dec/2025 18:06:00] "GET /task-status/402a04cc-7743-4742-88ef-732e168bb71b HTTP/1.1" 200 -
2025-12-15 18:06:01,304 - Review.reviews.wifrp_review - INFO - Filtering universe to exclude Euronext Paris (XPAR) listings...
2025-12-15 18:06:01,304 - Review.reviews.wifrp_review - INFO - Merging all reference data points early...
2025-12-15 18:06:01,304 - Review.reviews.wifrp_review - INFO - Deduplicating reference dataframes...
2025-12-15 18:06:01,348 - Review.reviews.wifrp_review - INFO - Merging Oekom data...
2025-12-15 18:06:01,348 - Review.reviews.wifrp_review - INFO - Merging ICB data...
2025-12-15 18:06:01,377 - Review.reviews.wifrp_review - INFO - Merging SesamM data...
2025-12-15 18:06:01,378 - Review.reviews.wifrp_review - INFO - Converting numeric columns...
2025-12-15 18:06:01,378 - Review.reviews.wifrp_review - INFO - All reference data merged successfully
2025-12-15 18:06:01,378 - Review.reviews.wifrp_review - INFO - Universe size after merges: 1465 companies
2025-12-15 18:06:01,378 - Review.reviews.wifrp_review - INFO - Calculating percentiles and rankings for staff rating and layoff score...
2025-12-15 18:06:01,444 - Review.reviews.wifrp_review - ERROR - Error during review calculation: Cannot convert non-finite values (NA or inf) to integer
2025-12-15 18:06:01,448 - werkzeug - INFO -  * Detected change in 'C:\\Users\\CSonneveld\\AppData\\Roaming\\Python\\Python312\\site-packages\\pandas\\core\\generic.py', reloading
2025-12-15 18:06:01,452 - werkzeug - INFO -  * Detected change in 'C:\\Users\\CSonneveld\\AppData\\Roaming\\Python\\Python312\\site-packages\\pandas\\core\\internals\\managers.py', reloading
2025-12-15 18:06:01,453 - werkzeug - INFO -  * Detected change in 'C:\\Users\\CSonneveld\\AppData\\Roaming\\Python\\Python312\\site-packages\\pandas\\core\\internals\\blocks.py', reloading
2025-12-15 18:06:01,454 - Review.reviews.wifrp_review - ERROR - Traceback (most recent call last):
  File "C:\Users\CSonneveld\OneDrive - Euronext\Documents\Projects\GUI + Reviews\Review\reviews\wifrp_review.py", line 303, in run_wifrp_review
    ).astype(int)
      ^^^^^^^^^^^
  File "C:\Users\CSonneveld\AppData\Roaming\Python\Python312\site-packages\pandas\core\generic.py", line 6643, in astype
    new_data = self._mgr.astype(dtype=dtype, copy=copy, errors=errors)
               ^^^^^^^^^^^^^^^^^^^^^^^^^^^^^^^^^^^^^^^^^^^^^^^^^^^^^^^
  File "C:\Users\CSonneveld\AppData\Roaming\Python\Python312\site-packages\pandas\core\internals\managers.py", line 430, in astype
    return self.apply(
           ^^^^^^^^^^^
  File "C:\Users\CSonneveld\AppData\Roaming\Python\Python312\site-packages\pandas\core\internals\managers.py", line 363, in apply
    applied = getattr(b, f)(**kwargs)
              ^^^^^^^^^^^^^^^^^^^^^^^
  File "C:\Users\CSonneveld\AppData\Roaming\Python\Python312\site-packages\pandas\core\internals\blocks.py", line 758, in astype
    new_values = astype_array_safe(values, dtype, copy=copy, errors=errors)
                 ^^^^^^^^^^^^^^^^^^^^^^^^^^^^^^^^^^^^^^^^^^^^^^^^^^^^^^^^^^
  File "C:\Users\CSonneveld\AppData\Roaming\Python\Python312\site-packages\pandas\core\dtypes\astype.py", line 237, in astype_array_safe
    new_values = astype_array(values, dtype, copy=copy)
                 ^^^^^^^^^^^^^^^^^^^^^^^^^^^^^^^^^^^^^^
  File "C:\Users\CSonneveld\AppData\Roaming\Python\Python312\site-packages\pandas\core\dtypes\astype.py", line 182, in astype_array
    values = _astype_nansafe(values, dtype, copy=copy)
             ^^^^^^^^^^^^^^^^^^^^^^^^^^^^^^^^^^^^^^^^^
  File "C:\Users\CSonneveld\AppData\Roaming\Python\Python312\site-packages\pandas\core\dtypes\astype.py", line 101, in _astype_nansafe
    return _astype_float_to_int_nansafe(arr, dtype, copy)
           ^^^^^^^^^^^^^^^^^^^^^^^^^^^^^^^^^^^^^^^^^^^^^^
  File "C:\Users\CSonneveld\AppData\Roaming\Python\Python312\site-packages\pandas\core\dtypes\astype.py", line 145, in _astype_float_to_int_nansafe
    raise IntCastingNaNError(
pandas.errors.IntCastingNaNError: Cannot convert non-finite values (NA or inf) to integer

2025-12-15 18:06:01,454 - werkzeug - INFO -  * Detected change in 'C:\\Users\\CSonneveld\\AppData\\Roaming\\Python\\Python312\\site-packages\\pandas\\core\\dtypes\\astype.py', reloading
