2025-12-04 10:39:55,676 - werkzeug - INFO - [31m[1mWARNING: This is a development server. Do not use it in a production deployment. Use a production WSGI server instead.[0m
 * Running on all addresses (0.0.0.0)
 * Running on http://127.0.0.1:5000
 * Running on http://10.199.43.185:5000
2025-12-04 10:39:55,677 - werkzeug - INFO - [33mPress CTRL+C to quit[0m
2025-12-04 10:39:55,678 - werkzeug - INFO -  * Restarting with watchdog (windowsapi)
2025-12-04 10:40:12,738 - werkzeug - INFO -  * Restarting with watchdog (windowsapi)
2025-12-04 10:40:16,123 - werkzeug - INFO -  * Restarting with watchdog (windowsapi)
2025-12-04 10:40:21,391 - werkzeug - INFO -  * Restarting with watchdog (windowsapi)
2025-12-04 10:40:31,714 - werkzeug - INFO -  * Restarting with watchdog (windowsapi)
2025-12-04 10:40:56,081 - werkzeug - INFO -  * Restarting with watchdog (windowsapi)
2025-12-04 10:41:03,622 - werkzeug - INFO -  * Restarting with watchdog (windowsapi)
2025-12-04 10:41:13,222 - werkzeug - INFO -  * Restarting with watchdog (windowsapi)
2025-12-04 10:41:54,775 - werkzeug - INFO -  * Restarting with watchdog (windowsapi)
2025-12-04 10:42:04,166 - werkzeug - INFO -  * Restarting with watchdog (windowsapi)
2025-12-04 10:42:10,490 - werkzeug - INFO -  * Restarting with watchdog (windowsapi)
2025-12-04 10:42:18,845 - werkzeug - INFO -  * Restarting with watchdog (windowsapi)
2025-12-04 10:42:24,207 - werkzeug - INFO -  * Restarting with watchdog (windowsapi)
2025-12-04 10:42:35,554 - werkzeug - INFO -  * Restarting with watchdog (windowsapi)
2025-12-04 11:07:25,556 - werkzeug - INFO -  * Restarting with watchdog (windowsapi)
2025-12-04 11:07:28,463 - werkzeug - INFO -  * Restarting with watchdog (windowsapi)
2025-12-04 11:10:22,114 - werkzeug - INFO -  * Restarting with watchdog (windowsapi)
2025-12-04 11:12:08,641 - werkzeug - INFO -  * Restarting with watchdog (windowsapi)
2025-12-04 11:12:47,426 - werkzeug - INFO -  * Restarting with watchdog (windowsapi)
2025-12-04 11:13:14,952 - werkzeug - INFO -  * Restarting with watchdog (windowsapi)
2025-12-04 11:13:23,264 - werkzeug - INFO -  * Restarting with watchdog (windowsapi)
2025-12-04 11:13:32,868 - werkzeug - INFO -  * Restarting with watchdog (windowsapi)
