2025-12-12 14:08:53,965 - werkzeug - WARNING -  * Debugger is active!
2025-12-12 14:08:53,965 - werkzeug - INFO -  * Debugger PIN: 691-175-853
2025-12-12 14:09:00,529 - werkzeug - INFO - 127.0.0.1 - - [12/Dec/2025 14:09:00] "POST /calculate-batch HTTP/1.1" 200 -
2025-12-12 14:09:00,533 - Review.reviews.aetaw_review - INFO - Loading EOD data...
2025-12-12 14:09:00,539 - werkzeug - INFO - 127.0.0.1 - - [12/Dec/2025 14:09:00] "GET /task-status/44698ec7-e630-444f-ba67-c6c8e2e8f111 HTTP/1.1" 200 -
2025-12-12 14:09:02,550 - werkzeug - INFO - 127.0.0.1 - - [12/Dec/2025 14:09:02] "GET /task-status/44698ec7-e630-444f-ba67-c6c8e2e8f111 HTTP/1.1" 200 -
2025-12-12 14:09:03,087 - Review.reviews.aetaw_review - INFO - Loading reference data...
2025-12-12 14:09:03,301 - werkzeug - INFO -  * Detected change in 'C:\\Users\\CSonneveld\\OneDrive - Euronext\\Documents\\Projects\\GUI + Reviews\\Review\\reviews\\ewms_review.py', reloading
2025-12-12 14:09:03,301 - werkzeug - INFO -  * Detected change in 'C:\\Users\\CSonneveld\\OneDrive - Euronext\\Documents\\Projects\\GUI + Reviews\\Review\\reviews\\ewms_review.py', reloading
2025-12-12 14:09:03,355 - Review.reviews.aetaw_review - INFO - Loaded 75 companies from AEX, AMX, and AScX
2025-12-12 14:09:03,402 - Review.reviews.aetaw_review - INFO - 
Initial weights calculated. Starting two-step capping process...
2025-12-12 14:09:03,402 - Review.reviews.aetaw_review - INFO - 
========== STEP 1: Cap all companies at 9% ==========
2025-12-12 14:09:03,402 - Review.reviews.aetaw_review - INFO - 
--- Step 1, Iteration 1 ---
2025-12-12 14:09:03,402 - Review.reviews.aetaw_review - INFO - Capped 2 companies at 9%
2025-12-12 14:09:03,402 - Review.reviews.aetaw_review - INFO - Excess weight: 30.75%
2025-12-12 14:09:03,402 - Review.reviews.aetaw_review - INFO - Redistributed to 72 companies below 9%
2025-12-12 14:09:03,402 - Review.reviews.aetaw_review - INFO -   WARNING: 3 companies now ABOVE 9% after redistribution
2025-12-12 14:09:03,402 - Review.reviews.aetaw_review - INFO - Max weight change: 23.4948%
2025-12-12 14:09:03,402 - Review.reviews.aetaw_review - INFO - 
--- Step 1, Iteration 2 ---
2025-12-12 14:09:03,402 - Review.reviews.aetaw_review - INFO - Capped 3 companies at 9%
2025-12-12 14:09:03,402 - Review.reviews.aetaw_review - INFO - Excess weight: 1.87%
2025-12-12 14:09:03,402 - Review.reviews.aetaw_review - INFO - Redistributed to 69 companies below 9%
2025-12-12 14:09:03,402 - Review.reviews.aetaw_review - INFO - Max weight change: 0.9606%
2025-12-12 14:09:03,402 - Review.reviews.aetaw_review - INFO - 
--- Step 1, Iteration 3 ---
2025-12-12 14:09:03,410 - Review.reviews.aetaw_review - INFO - Max weight change: 0.0000%
2025-12-12 14:09:03,410 - Review.reviews.aetaw_review - INFO - [SUCCESS] Step 1 converged after 3 iterations
2025-12-12 14:09:03,410 - Review.reviews.aetaw_review - INFO - 
Step 1 complete: 5 companies at 9%
2025-12-12 14:09:03,411 - Review.reviews.aetaw_review - INFO - 
========== STEP 2: Apply collective constraint (36% rule) ==========
2025-12-12 14:09:03,411 - Review.reviews.aetaw_review - INFO - Top 4 companies by initial market cap (protected at 9%):
2025-12-12 14:09:03,412 - Review.reviews.aetaw_review - INFO -   1. ASML HOLDING: Initial 32.49%, After Step 1: 9.00%
2025-12-12 14:09:03,412 - Review.reviews.aetaw_review - INFO -   2. SHELL PLC: Initial 16.26%, After Step 1: 9.00%
2025-12-12 14:09:03,412 - Review.reviews.aetaw_review - INFO -   3. ING GROEP N.V.: Initial 6.23%, After Step 1: 9.00%
2025-12-12 14:09:03,412 - Review.reviews.aetaw_review - INFO -   4. PROSUS: Initial 6.09%, After Step 1: 9.00%
2025-12-12 14:09:03,412 - Review.reviews.aetaw_review - INFO - 
--- Step 2, Iteration 1 ---
2025-12-12 14:09:03,413 - Review.reviews.aetaw_review - INFO - Capped 3 companies (outside top 4) to 4.5%
2025-12-12 14:09:03,413 - Review.reviews.aetaw_review - INFO - Total companies locked at 4.5%: 3
2025-12-12 14:09:03,413 - Review.reviews.aetaw_review - INFO - Excess weight: 6.19%
2025-12-12 14:09:03,414 - Review.reviews.aetaw_review - INFO - Redistributed to 67 companies (not locked at 4.5%)
2025-12-12 14:09:03,415 - Review.reviews.aetaw_review - INFO - Max weight change: 4.5000%
2025-12-12 14:09:03,415 - Review.reviews.aetaw_review - INFO - 
--- Step 2, Iteration 2 ---
2025-12-12 14:09:03,416 - Review.reviews.aetaw_review - INFO - Max weight change: 0.0000%
2025-12-12 14:09:03,416 - Review.reviews.aetaw_review - INFO - [SUCCESS] Step 2 converged after 2 iterations
2025-12-12 14:09:03,417 - Review.reviews.aetaw_review - INFO - 
========== Final Results ==========
2025-12-12 14:09:03,417 - Review.reviews.aetaw_review - INFO - Companies at 9.00%: 4
2025-12-12 14:09:03,417 - Review.reviews.aetaw_review - INFO - Companies locked at 4.50%: 3
2025-12-12 14:09:03,418 - Review.reviews.aetaw_review - INFO - Total weight OVER 4.5%: 36.00% (limit: 36.00%)
2025-12-12 14:09:03,418 - Review.reviews.aetaw_review - INFO - [SUCCESS] Collective cap satisfied
2025-12-12 14:09:03,418 - Review.reviews.aetaw_review - INFO - AETAW capping complete. Companies with CF < 1: 72
2025-12-12 14:09:03,424 - Review.reviews.aetaw_review - INFO - Saving AETAW output to: C:\Users\CSonneveld\OneDrive - Euronext\Documents\Projects\GUI + Reviews\output\AETAW_df_20251212_140903.xlsx
2025-12-12 14:09:03,502 - Review.reviews.aexat_review - INFO - Loading EOD data...
