2025-03-19 21:58:56,570 - werkzeug - WARNING -  * Debugger is active!
2025-03-19 21:58:56,572 - werkzeug - INFO -  * Debugger PIN: 691-175-853
2025-03-19 21:58:56,658 - Review.reviews.f4rip_review - INFO - Loading EOD data...
2025-03-19 21:58:59,041 - Review.reviews.f4rip_review - INFO - Loading reference data...
2025-03-19 21:59:00,238 - Review.reviews.f4rip_review - INFO - Saving F4RIP output to: C:\Users\CSonneveld\OneDrive - Euronext\Documents\Projects\GUI + Reviews\output\F4RIP_df_20250319_215900.xlsx
2025-03-19 21:59:00,379 - werkzeug - INFO - 127.0.0.1 - - [19/Mar/2025 21:59:00] "POST /calculate HTTP/1.1" 200 -
2025-03-19 21:59:33,087 - Review.reviews.fri4p_review - INFO - Loading EOD data...
2025-03-19 21:59:35,879 - Review.reviews.fri4p_review - INFO - Loading reference data...
2025-03-19 21:59:43,983 - Review.reviews.fri4p_review - INFO - Processing sector: 1010.0, area: AS, group size: 46
2025-03-19 21:59:43,984 - Review.reviews.fri4p_review - INFO - Companies in group: 46, to exclude: 9
2025-03-19 21:59:43,984 - Review.reviews.fri4p_review - INFO - Processing sector: 1010.0, area: EU, group size: 25
2025-03-19 21:59:43,984 - Review.reviews.fri4p_review - INFO - Companies in group: 25, to exclude: 4
2025-03-19 21:59:43,985 - Review.reviews.fri4p_review - INFO - Processing sector: 1010.0, area: NA, group size: 83
2025-03-19 21:59:43,985 - Review.reviews.fri4p_review - INFO - Companies in group: 83, to exclude: 16
2025-03-19 21:59:43,985 - Review.reviews.fri4p_review - INFO - Processing sector: 1510.0, area: AS, group size: 12
2025-03-19 21:59:43,986 - Review.reviews.fri4p_review - INFO - Companies in group: 12, to exclude: 2
2025-03-19 21:59:43,986 - Review.reviews.fri4p_review - INFO - Processing sector: 1510.0, area: EU, group size: 19
2025-03-19 21:59:43,986 - Review.reviews.fri4p_review - INFO - Companies in group: 19, to exclude: 3
2025-03-19 21:59:43,986 - Review.reviews.fri4p_review - INFO - Processing sector: 1510.0, area: NA, group size: 10
2025-03-19 21:59:43,987 - Review.reviews.fri4p_review - INFO - Companies in group: 10, to exclude: 1
2025-03-19 21:59:43,987 - Review.reviews.fri4p_review - INFO - Processing sector: 2010.0, area: AS, group size: 30
2025-03-19 21:59:43,987 - Review.reviews.fri4p_review - INFO - Companies in group: 30, to exclude: 5
2025-03-19 21:59:43,987 - Review.reviews.fri4p_review - INFO - Processing sector: 2010.0, area: EU, group size: 48
2025-03-19 21:59:43,988 - Review.reviews.fri4p_review - INFO - Companies in group: 48, to exclude: 9
2025-03-19 21:59:43,988 - Review.reviews.fri4p_review - INFO - Processing sector: 2010.0, area: NA, group size: 46
2025-03-19 21:59:43,988 - Review.reviews.fri4p_review - INFO - Companies in group: 46, to exclude: 9
2025-03-19 21:59:43,989 - Review.reviews.fri4p_review - INFO - Processing sector: 3010.0, area: AS, group size: 30
2025-03-19 21:59:43,989 - Review.reviews.fri4p_review - INFO - Companies in group: 30, to exclude: 5
2025-03-19 21:59:43,989 - Review.reviews.fri4p_review - INFO - Processing sector: 3010.0, area: EU, group size: 46
2025-03-19 21:59:43,990 - Review.reviews.fri4p_review - INFO - Companies in group: 46, to exclude: 9
2025-03-19 21:59:43,990 - Review.reviews.fri4p_review - INFO - Processing sector: 3010.0, area: NA, group size: 21
2025-03-19 21:59:43,991 - Review.reviews.fri4p_review - INFO - Companies in group: 21, to exclude: 4
2025-03-19 21:59:43,991 - Review.reviews.fri4p_review - INFO - Processing sector: 3020.0, area: AS, group size: 17
2025-03-19 21:59:43,991 - Review.reviews.fri4p_review - INFO - Companies in group: 17, to exclude: 3
2025-03-19 21:59:43,991 - Review.reviews.fri4p_review - INFO - Processing sector: 3020.0, area: EU, group size: 35
2025-03-19 21:59:43,992 - Review.reviews.fri4p_review - INFO - Companies in group: 35, to exclude: 6
2025-03-19 21:59:43,992 - Review.reviews.fri4p_review - INFO - Processing sector: 3020.0, area: NA, group size: 32
2025-03-19 21:59:43,992 - Review.reviews.fri4p_review - INFO - Companies in group: 32, to exclude: 6
2025-03-19 21:59:43,992 - Review.reviews.fri4p_review - INFO - Processing sector: 3030.0, area: AS, group size: 13
2025-03-19 21:59:43,993 - Review.reviews.fri4p_review - INFO - Companies in group: 13, to exclude: 2
2025-03-19 21:59:43,993 - Review.reviews.fri4p_review - INFO - Processing sector: 3030.0, area: EU, group size: 32
2025-03-19 21:59:43,993 - Review.reviews.fri4p_review - INFO - Companies in group: 32, to exclude: 6
2025-03-19 21:59:43,994 - Review.reviews.fri4p_review - INFO - Processing sector: 3030.0, area: NA, group size: 23
2025-03-19 21:59:43,994 - Review.reviews.fri4p_review - INFO - Companies in group: 23, to exclude: 4
2025-03-19 21:59:43,994 - Review.reviews.fri4p_review - INFO - Processing sector: 3510.0, area: AS, group size: 48
2025-03-19 21:59:43,995 - Review.reviews.fri4p_review - INFO - Companies in group: 48, to exclude: 9
2025-03-19 21:59:43,995 - Review.reviews.fri4p_review - INFO - Processing sector: 3510.0, area: EU, group size: 25
2025-03-19 21:59:43,995 - Review.reviews.fri4p_review - INFO - Companies in group: 25, to exclude: 4
2025-03-19 21:59:43,995 - Review.reviews.fri4p_review - INFO - Processing sector: 3510.0, area: NA, group size: 22
2025-03-19 21:59:43,996 - Review.reviews.fri4p_review - INFO - Companies in group: 22, to exclude: 4
2025-03-19 21:59:43,996 - Review.reviews.fri4p_review - INFO - Processing sector: 4010.0, area: AS, group size: 15
2025-03-19 21:59:43,996 - Review.reviews.fri4p_review - INFO - Companies in group: 15, to exclude: 2
2025-03-19 21:59:43,997 - Review.reviews.fri4p_review - INFO - Processing sector: 4010.0, area: EU, group size: 13
2025-03-19 21:59:43,997 - Review.reviews.fri4p_review - INFO - Companies in group: 13, to exclude: 2
2025-03-19 21:59:43,997 - Review.reviews.fri4p_review - INFO - Processing sector: 4010.0, area: NA, group size: 4
2025-03-19 21:59:43,998 - Review.reviews.fri4p_review - INFO - Companies in group: 4, to exclude: 0
2025-03-19 21:59:43,998 - Review.reviews.fri4p_review - WARNING - No companies to exclude for sector 4010.0 and area NA
2025-03-19 21:59:43,998 - Review.reviews.fri4p_review - INFO - Processing sector: 4020.0, area: AS, group size: 29
2025-03-19 21:59:43,998 - Review.reviews.fri4p_review - INFO - Companies in group: 29, to exclude: 5
2025-03-19 21:59:43,999 - Review.reviews.fri4p_review - INFO - Processing sector: 4020.0, area: EU, group size: 26
2025-03-19 21:59:43,999 - Review.reviews.fri4p_review - INFO - Companies in group: 26, to exclude: 5
2025-03-19 21:59:43,999 - Review.reviews.fri4p_review - INFO - Processing sector: 4020.0, area: NA, group size: 17
2025-03-19 21:59:44,000 - Review.reviews.fri4p_review - INFO - Companies in group: 17, to exclude: 3
2025-03-19 21:59:44,000 - Review.reviews.fri4p_review - INFO - Processing sector: 4030.0, area: AS, group size: 6
2025-03-19 21:59:44,001 - Review.reviews.fri4p_review - INFO - Companies in group: 6, to exclude: 1
2025-03-19 21:59:44,001 - Review.reviews.fri4p_review - INFO - Processing sector: 4030.0, area: EU, group size: 10
2025-03-19 21:59:44,001 - Review.reviews.fri4p_review - INFO - Companies in group: 10, to exclude: 1
2025-03-19 21:59:44,002 - Review.reviews.fri4p_review - INFO - Processing sector: 4030.0, area: NA, group size: 6
2025-03-19 21:59:44,002 - Review.reviews.fri4p_review - INFO - Companies in group: 6, to exclude: 1
2025-03-19 21:59:44,002 - Review.reviews.fri4p_review - INFO - Processing sector: 4040.0, area: AS, group size: 13
2025-03-19 21:59:44,003 - Review.reviews.fri4p_review - INFO - Companies in group: 13, to exclude: 2
2025-03-19 21:59:44,003 - Review.reviews.fri4p_review - INFO - Processing sector: 4040.0, area: EU, group size: 11
2025-03-19 21:59:44,004 - Review.reviews.fri4p_review - INFO - Companies in group: 11, to exclude: 2
2025-03-19 21:59:44,004 - Review.reviews.fri4p_review - INFO - Processing sector: 4040.0, area: NA, group size: 20
2025-03-19 21:59:44,005 - Review.reviews.fri4p_review - INFO - Companies in group: 20, to exclude: 3
2025-03-19 21:59:44,005 - Review.reviews.fri4p_review - INFO - Processing sector: 4050.0, area: AS, group size: 19
2025-03-19 21:59:44,005 - Review.reviews.fri4p_review - INFO - Companies in group: 19, to exclude: 3
2025-03-19 21:59:44,006 - Review.reviews.fri4p_review - INFO - Processing sector: 4050.0, area: EU, group size: 13
2025-03-19 21:59:44,006 - Review.reviews.fri4p_review - INFO - Companies in group: 13, to exclude: 2
2025-03-19 21:59:44,006 - Review.reviews.fri4p_review - INFO - Processing sector: 4050.0, area: NA, group size: 19
2025-03-19 21:59:44,007 - Review.reviews.fri4p_review - INFO - Companies in group: 19, to exclude: 3
2025-03-19 21:59:44,007 - Review.reviews.fri4p_review - INFO - Processing sector: 4510.0, area: AS, group size: 25
2025-03-19 21:59:44,007 - Review.reviews.fri4p_review - INFO - Companies in group: 25, to exclude: 4
2025-03-19 21:59:44,008 - Review.reviews.fri4p_review - INFO - Processing sector: 4510.0, area: EU, group size: 26
2025-03-19 21:59:44,008 - Review.reviews.fri4p_review - INFO - Companies in group: 26, to exclude: 5
2025-03-19 21:59:44,008 - Review.reviews.fri4p_review - INFO - Processing sector: 4510.0, area: NA, group size: 17
2025-03-19 21:59:44,009 - Review.reviews.fri4p_review - INFO - Companies in group: 17, to exclude: 3
2025-03-19 21:59:44,009 - Review.reviews.fri4p_review - INFO - Processing sector: 4520.0, area: AS, group size: 16
2025-03-19 21:59:44,009 - Review.reviews.fri4p_review - INFO - Companies in group: 16, to exclude: 3
2025-03-19 21:59:44,009 - Review.reviews.fri4p_review - INFO - Processing sector: 4520.0, area: EU, group size: 12
2025-03-19 21:59:44,010 - Review.reviews.fri4p_review - INFO - Companies in group: 12, to exclude: 2
2025-03-19 21:59:44,010 - Review.reviews.fri4p_review - INFO - Processing sector: 4520.0, area: NA, group size: 12
2025-03-19 21:59:44,010 - Review.reviews.fri4p_review - INFO - Companies in group: 12, to exclude: 2
2025-03-19 21:59:44,010 - Review.reviews.fri4p_review - INFO - Processing sector: 5010.0, area: AS, group size: 17
2025-03-19 21:59:44,011 - Review.reviews.fri4p_review - INFO - Companies in group: 17, to exclude: 3
2025-03-19 21:59:44,011 - Review.reviews.fri4p_review - INFO - Processing sector: 5010.0, area: EU, group size: 27
2025-03-19 21:59:44,011 - Review.reviews.fri4p_review - INFO - Companies in group: 27, to exclude: 5
2025-03-19 21:59:44,011 - Review.reviews.fri4p_review - INFO - Processing sector: 5010.0, area: NA, group size: 10
2025-03-19 21:59:44,012 - Review.reviews.fri4p_review - INFO - Companies in group: 10, to exclude: 1
2025-03-19 21:59:44,012 - Review.reviews.fri4p_review - INFO - Processing sector: 5020.0, area: AS, group size: 95
2025-03-19 21:59:44,012 - Review.reviews.fri4p_review - INFO - Companies in group: 95, to exclude: 18
2025-03-19 21:59:44,012 - Review.reviews.fri4p_review - INFO - Processing sector: 5020.0, area: EU, group size: 97
2025-03-19 21:59:44,013 - Review.reviews.fri4p_review - INFO - Companies in group: 97, to exclude: 19
2025-03-19 21:59:44,013 - Review.reviews.fri4p_review - INFO - Processing sector: 5020.0, area: NA, group size: 75
2025-03-19 21:59:44,013 - Review.reviews.fri4p_review - INFO - Companies in group: 75, to exclude: 14
2025-03-19 21:59:44,014 - Review.reviews.fri4p_review - INFO - Processing sector: 5510.0, area: AS, group size: 20
2025-03-19 21:59:44,014 - Review.reviews.fri4p_review - INFO - Companies in group: 20, to exclude: 3
2025-03-19 21:59:44,014 - Review.reviews.fri4p_review - INFO - Processing sector: 5510.0, area: EU, group size: 16
2025-03-19 21:59:44,015 - Review.reviews.fri4p_review - INFO - Companies in group: 16, to exclude: 3
2025-03-19 21:59:44,015 - Review.reviews.fri4p_review - INFO - Processing sector: 5510.0, area: NA, group size: 12
2025-03-19 21:59:44,015 - Review.reviews.fri4p_review - INFO - Companies in group: 12, to exclude: 2
2025-03-19 21:59:44,015 - Review.reviews.fri4p_review - INFO - Processing sector: 5520.0, area: AS, group size: 17
2025-03-19 21:59:44,016 - Review.reviews.fri4p_review - INFO - Companies in group: 17, to exclude: 3
2025-03-19 21:59:44,016 - Review.reviews.fri4p_review - INFO - Processing sector: 5520.0, area: EU, group size: 19
2025-03-19 21:59:44,016 - Review.reviews.fri4p_review - INFO - Companies in group: 19, to exclude: 3
2025-03-19 21:59:44,017 - Review.reviews.fri4p_review - INFO - Processing sector: 5520.0, area: NA, group size: 6
2025-03-19 21:59:44,017 - Review.reviews.fri4p_review - INFO - Companies in group: 6, to exclude: 1
2025-03-19 21:59:44,018 - Review.reviews.fri4p_review - INFO - Processing sector: 6010.0, area: AS, group size: 10
2025-03-19 21:59:44,018 - Review.reviews.fri4p_review - INFO - Companies in group: 10, to exclude: 1
2025-03-19 21:59:44,019 - Review.reviews.fri4p_review - INFO - Processing sector: 6010.0, area: EU, group size: 21
2025-03-19 21:59:44,019 - Review.reviews.fri4p_review - INFO - Companies in group: 21, to exclude: 4
2025-03-19 21:59:44,019 - Review.reviews.fri4p_review - INFO - Processing sector: 6010.0, area: NA, group size: 34
2025-03-19 21:59:44,020 - Review.reviews.fri4p_review - INFO - Companies in group: 34, to exclude: 6
2025-03-19 21:59:44,020 - Review.reviews.fri4p_review - INFO - Processing sector: 6510.0, area: AS, group size: 22
2025-03-19 21:59:44,020 - Review.reviews.fri4p_review - INFO - Companies in group: 22, to exclude: 4
2025-03-19 21:59:44,021 - Review.reviews.fri4p_review - INFO - Processing sector: 6510.0, area: EU, group size: 25
2025-03-19 21:59:44,021 - Review.reviews.fri4p_review - INFO - Companies in group: 25, to exclude: 4
2025-03-19 21:59:44,027 - Review.reviews.fri4p_review - INFO - Processing sector: 6510.0, area: NA, group size: 31
2025-03-19 21:59:44,028 - Review.reviews.fri4p_review - INFO - Companies in group: 31, to exclude: 6
2025-03-19 21:59:56,766 - Review.reviews.fri4p_review - INFO - Checking IsinCode FRIX00003643 in index_eod_df
2025-03-19 21:59:56,766 - Review.reviews.fri4p_review - INFO - Found 1 matching rows
2025-03-19 21:59:56,779 - Review.reviews.fri4p_review - INFO - Saving FRI4P output to: C:\Users\CSonneveld\OneDrive - Euronext\Documents\Projects\GUI + Reviews\output\FRI4P_df_20250319_215956.xlsx
2025-03-19 21:59:57,109 - werkzeug - INFO - 127.0.0.1 - - [19/Mar/2025 21:59:57] "POST /calculate HTTP/1.1" 200 -
