2025-12-04 10:18:43,668 - werkzeug - WARNING -  * Debugger is active!
2025-12-04 10:18:43,669 - werkzeug - INFO -  * Debugger PIN: 691-175-853
2025-12-04 10:18:44,788 - werkzeug - INFO - 127.0.0.1 - - [04/Dec/2025 10:18:44] "POST /calculate HTTP/1.1" 200 -
2025-12-04 10:18:44,790 - Review.reviews.ezsl_review - INFO - Starting EZSL review calculation
2025-12-04 10:18:44,792 - werkzeug - INFO - 127.0.0.1 - - [04/Dec/2025 10:18:44] "GET /task-status/00bc0eb6-4661-44a1-9dab-b98966f6b2df HTTP/1.1" 200 -
2025-12-04 10:18:46,801 - werkzeug - INFO - 127.0.0.1 - - [04/Dec/2025 10:18:46] "GET /task-status/00bc0eb6-4661-44a1-9dab-b98966f6b2df HTTP/1.1" 200 -
2025-12-04 10:18:47,935 - Review.reviews.ezsl_review - WARNING - Unmapped MICs found: ['FSME']
2025-12-04 10:18:47,935 - Review.reviews.ezsl_review - INFO - Found 0 existing companies in EZSL
2025-12-04 10:18:47,948 - Review.reviews.ezsl_review - INFO - 
EZSL Selection Summary by Country:
2025-12-04 10:18:47,952 - Review.reviews.ezsl_review - INFO - Austria: 12 total (0 existing, 12 new)
2025-12-04 10:18:47,954 - Review.reviews.ezsl_review - INFO - Belgium: 21 total (0 existing, 21 new)
2025-12-04 10:18:47,955 - Review.reviews.ezsl_review - INFO - Finland: 34 total (0 existing, 34 new)
2025-12-04 10:18:47,955 - Review.reviews.ezsl_review - INFO - France: 69 total (0 existing, 69 new)
2025-12-04 10:18:47,961 - Review.reviews.ezsl_review - INFO - Germany: 71 total (0 existing, 71 new)
2025-12-04 10:18:47,963 - Review.reviews.ezsl_review - INFO - Ireland: 8 total (0 existing, 8 new)
2025-12-04 10:18:47,964 - Review.reviews.ezsl_review - INFO - Italy: 56 total (0 existing, 56 new)
2025-12-04 10:18:47,967 - Review.reviews.ezsl_review - INFO - Netherlands: 34 total (0 existing, 34 new)
2025-12-04 10:18:47,969 - Review.reviews.ezsl_review - INFO - Portugal: 8 total (0 existing, 8 new)
2025-12-04 10:18:47,971 - Review.reviews.ezsl_review - INFO - Spain: 32 total (0 existing, 32 new)
2025-12-04 10:18:47,971 - Review.reviews.ezsl_review - INFO - 
Overall EZSL Selection Summary:
2025-12-04 10:18:47,972 - Review.reviews.ezsl_review - INFO - Total companies selected: 345
2025-12-04 10:18:47,972 - Review.reviews.ezsl_review - INFO -   - Existing companies selected: 0
2025-12-04 10:18:47,972 - Review.reviews.ezsl_review - INFO -   - New companies selected: 345
2025-12-04 10:18:47,973 - Review.reviews.ezsl_review - INFO - Total FFMC covered: 13.73%
2025-12-04 10:18:47,973 - Review.reviews.ezsl_review - INFO - 
Applying proportional capping
2025-12-04 10:18:47,974 - utils.capping_proportional - INFO - Starting proportional capping with max weight: 10.0%
2025-12-04 10:18:47,975 - utils.capping_proportional - INFO - Capping procedure converged after 0 iterations
2025-12-04 10:18:47,975 - utils.capping_proportional - INFO - Capping Summary:
2025-12-04 10:18:47,976 - utils.capping_proportional - INFO -   Total companies: 345
2025-12-04 10:18:47,976 - utils.capping_proportional - INFO -   Companies capped: 0
2025-12-04 10:18:47,976 - utils.capping_proportional - INFO -   Weight sum after capping: 1.000000
2025-12-04 10:18:47,976 - utils.capping_proportional - INFO -   Max weight after capping: 0.016923
2025-12-04 10:18:47,977 - Review.reviews.ezsl_review - INFO - 
EZSL Changes Summary:
2025-12-04 10:18:47,977 - Review.reviews.ezsl_review - INFO - Inclusions: 345
2025-12-04 10:18:47,977 - Review.reviews.ezsl_review - INFO - Exclusions: 0
2025-12-04 10:18:47,977 - Review.reviews.ezsl_review - INFO - Saving output to: C:\Users\CSonneveld\OneDrive - Euronext\Documents\Projects\GUI + Reviews\output\EZSL_Review_20251204_101847.xlsx
2025-12-04 10:18:48,120 - Review.reviews.ezsl_review - INFO - File successfully saved to: C:\Users\CSonneveld\OneDrive - Euronext\Documents\Projects\GUI + Reviews\output\EZSL_Review_20251204_101847.xlsx
2025-12-04 10:18:48,804 - werkzeug - INFO - 127.0.0.1 - - [04/Dec/2025 10:18:48] "GET /task-status/00bc0eb6-4661-44a1-9dab-b98966f6b2df HTTP/1.1" 200 -
2025-12-04 10:18:53,711 - werkzeug - INFO -  * Detected change in 'C:\\Users\\CSonneveld\\OneDrive - Euronext\\Documents\\Projects\\GUI + Reviews\\Review\\reviews\\ezsl_review.py', reloading
