2025-12-04 09:34:18,908 - werkzeug - WARNING -  * Debugger is active!
2025-12-04 09:34:18,908 - werkzeug - INFO -  * Debugger PIN: 691-175-853
2025-12-04 09:34:18,938 - werkzeug - INFO - 127.0.0.1 - - [04/Dec/2025 09:34:18] "GET /task-status/9cdbf152-6b3e-434f-ac77-5ae9489886f0 HTTP/1.1" 200 -
2025-12-04 09:34:20,287 - werkzeug - INFO - 127.0.0.1 - - [04/Dec/2025 09:34:20] "POST /calculate-batch HTTP/1.1" 200 -
2025-12-04 09:34:20,287 - Review.reviews.ewms_review - INFO - Starting EWMS review calculation
2025-12-04 09:34:20,287 - werkzeug - INFO - 127.0.0.1 - - [04/Dec/2025 09:34:20] "GET /task-status/283cc24c-d2d0-470a-aaaf-8cb469c71abd HTTP/1.1" 200 -
2025-12-04 09:34:21,835 - Review.reviews.ewms_review - WARNING - Unmapped MICs found: ['XNGS' 'XOSL' 'XLON' 'XNYS' 'XTSE' 'XTKS' 'XNMS' 'XASX' 'XHKG' 'XSTO'
 'XSWX' 'XTAE' 'FSME' 'XSES' 'XNZE' 'XCSE' 'XNCM' 'BATS' 'SSME' 'MERK'
 'XASE']
2025-12-04 09:34:21,839 - Review.reviews.ewms_review - INFO - Found 0 existing companies in EWMS
2025-12-04 09:34:21,851 - Review.reviews.ewms_review - INFO - 
EWMS Selection Summary by Country:
2025-12-04 09:34:21,856 - Review.reviews.ewms_review - INFO - Austria: 15 total (0 existing, 15 new)
2025-12-04 09:34:21,859 - Review.reviews.ewms_review - INFO - Belgium: 29 total (0 existing, 29 new)
2025-12-04 09:34:21,862 - Review.reviews.ewms_review - INFO - Finland: 40 total (0 existing, 40 new)
2025-12-04 09:34:21,866 - Review.reviews.ewms_review - INFO - France: 80 total (0 existing, 80 new)
2025-12-04 09:34:21,872 - Review.reviews.ewms_review - INFO - Germany: 86 total (0 existing, 86 new)
2025-12-04 09:34:21,875 - Review.reviews.ewms_review - INFO - Ireland: 9 total (0 existing, 9 new)
2025-12-04 09:34:21,876 - Review.reviews.ewms_review - INFO - Italy: 69 total (0 existing, 69 new)
2025-12-04 09:34:21,880 - Review.reviews.ewms_review - INFO - Netherlands: 44 total (0 existing, 44 new)
2025-12-04 09:34:21,884 - Review.reviews.ewms_review - INFO - Portugal: 9 total (0 existing, 9 new)
2025-12-04 09:34:21,888 - Review.reviews.ewms_review - INFO - Spain: 36 total (0 existing, 36 new)
2025-12-04 09:34:21,889 - Review.reviews.ewms_review - INFO - 
Overall EWMS Selection Summary:
2025-12-04 09:34:21,889 - Review.reviews.ewms_review - INFO - Total companies selected: 417
2025-12-04 09:34:21,889 - Review.reviews.ewms_review - INFO -   - Existing companies selected: 0
2025-12-04 09:34:21,889 - Review.reviews.ewms_review - INFO -   - New companies selected: 417
2025-12-04 09:34:21,890 - Review.reviews.ewms_review - INFO - Total FFMC covered: 20.07%
2025-12-04 09:34:21,890 - Review.reviews.ewms_review - INFO - 
Applying proportional capping
2025-12-04 09:34:21,891 - utils.capping_proportional - INFO - Starting proportional capping with max weight: 10.0%
2025-12-04 09:34:21,893 - utils.capping_proportional - INFO - Capping procedure converged after 0 iterations
2025-12-04 09:34:21,893 - utils.capping_proportional - INFO - Capping Summary:
2025-12-04 09:34:21,894 - utils.capping_proportional - INFO -   Total companies: 417
2025-12-04 09:34:21,894 - utils.capping_proportional - INFO -   Companies capped: 0
2025-12-04 09:34:21,894 - utils.capping_proportional - INFO -   Weight sum after capping: 1.000000
2025-12-04 09:34:21,894 - utils.capping_proportional - INFO -   Max weight after capping: 0.020521
2025-12-04 09:34:21,901 - Review.reviews.ewms_review - INFO - 
EWMS Changes Summary:
2025-12-04 09:34:21,901 - Review.reviews.ewms_review - INFO - Inclusions: 417
2025-12-04 09:34:21,901 - Review.reviews.ewms_review - INFO - Exclusions: 0
2025-12-04 09:34:21,902 - Review.reviews.ewms_review - INFO - Saving output to: C:\Users\CSonneveld\OneDrive - Euronext\Documents\Projects\GUI + Reviews\output\EWMS_Review_20251204_093421.xlsx
2025-12-04 09:34:22,365 - werkzeug - INFO - 127.0.0.1 - - [04/Dec/2025 09:34:22] "GET /task-status/283cc24c-d2d0-470a-aaaf-8cb469c71abd HTTP/1.1" 200 -
2025-12-04 09:34:22,665 - Review.reviews.ewms_review - INFO - File successfully saved to: C:\Users\CSonneveld\OneDrive - Euronext\Documents\Projects\GUI + Reviews\output\EWMS_Review_20251204_093421.xlsx
2025-12-04 09:34:22,849 - Review.reviews.eusl_review - INFO - Starting EUSL review calculation
2025-12-04 09:34:24,307 - werkzeug - INFO - 127.0.0.1 - - [04/Dec/2025 09:34:24] "GET /task-status/283cc24c-d2d0-470a-aaaf-8cb469c71abd HTTP/1.1" 200 -
2025-12-04 09:34:24,450 - Review.reviews.eusl_review - WARNING - Unmapped MICs found: ['XNYS' 'XNGS' 'XNMS' 'XNCM' 'BATS' 'XASE']
2025-12-04 09:34:24,450 - Review.reviews.eusl_review - INFO - Found 0 existing companies in EUSL
2025-12-04 09:34:24,469 - Review.reviews.eusl_review - INFO - 
EUSL Selection Summary by Country:
2025-12-04 09:34:24,470 - Review.reviews.eusl_review - INFO - 
Overall EUSL Selection Summary:
2025-12-04 09:34:24,471 - Review.reviews.eusl_review - INFO - Total companies selected: 0
2025-12-04 09:34:24,471 - Review.reviews.eusl_review - INFO -   - Existing companies selected: 0
2025-12-04 09:34:24,473 - Review.reviews.eusl_review - INFO -   - New companies selected: 0
2025-12-04 09:34:24,475 - Review.reviews.eusl_review - INFO - Total FFMC covered: 0.00%
2025-12-04 09:34:24,475 - Review.reviews.eusl_review - INFO - 
Applying proportional capping
2025-12-04 09:34:24,478 - Review.reviews.eusl_review - ERROR - Error during review calculation: DataFrame is empty or all market cap values are NaN
2025-12-04 09:34:24,482 - Review.reviews.eusl_review - ERROR - Traceback (most recent call last):
  File "C:\Users\CSonneveld\OneDrive - Euronext\Documents\Projects\GUI + Reviews\Review\reviews\eusl_review.py", line 210, in run_eusl_review
    capped_df = apply_proportional_capping(
                ^^^^^^^^^^^^^^^^^^^^^^^^^^^
  File "C:\Users\CSonneveld\OneDrive - Euronext\Documents\Projects\GUI + Reviews\utils\capping_proportional.py", line 43, in apply_proportional_capping
    raise ValueError("DataFrame is empty or all market cap values are NaN")
ValueError: DataFrame is empty or all market cap values are NaN

2025-12-04 09:34:24,491 - Review.reviews.ewsl_review - INFO - Starting EWSL review calculation
2025-12-04 09:34:26,300 - werkzeug - INFO - 127.0.0.1 - - [04/Dec/2025 09:34:26] "GET /task-status/283cc24c-d2d0-470a-aaaf-8cb469c71abd HTTP/1.1" 200 -
2025-12-04 09:34:26,499 - Review.reviews.ewsl_review - WARNING - Unmapped MICs found: ['XNGS' 'XOSL' 'XLON' 'XNYS' 'XTSE' 'XTKS' 'XNMS' 'XASX' 'XHKG' 'XSTO'
 'XSWX' 'XTAE' 'FSME' 'XSES' 'XNZE' 'XCSE' 'XNCM' 'BATS' 'SSME' 'MERK'
 'XASE']
2025-12-04 09:34:26,500 - Review.reviews.ewsl_review - INFO - Found 0 existing companies in EWSL
2025-12-04 09:34:26,504 - Review.reviews.ewsl_review - INFO - 
EWSL Selection Summary by Country:
2025-12-04 09:34:26,508 - Review.reviews.ewsl_review - INFO - Austria: 12 total (0 existing, 12 new)
2025-12-04 09:34:26,511 - Review.reviews.ewsl_review - INFO - Belgium: 21 total (0 existing, 21 new)
2025-12-04 09:34:26,515 - Review.reviews.ewsl_review - INFO - Finland: 34 total (0 existing, 34 new)
2025-12-04 09:34:26,518 - Review.reviews.ewsl_review - INFO - France: 66 total (0 existing, 66 new)
2025-12-04 09:34:26,521 - Review.reviews.ewsl_review - INFO - Germany: 70 total (0 existing, 70 new)
2025-12-04 09:34:26,524 - Review.reviews.ewsl_review - INFO - Ireland: 8 total (0 existing, 8 new)
2025-12-04 09:34:26,525 - Review.reviews.ewsl_review - INFO - Italy: 56 total (0 existing, 56 new)
2025-12-04 09:34:26,530 - Review.reviews.ewsl_review - INFO - Netherlands: 37 total (0 existing, 37 new)
2025-12-04 09:34:26,533 - Review.reviews.ewsl_review - INFO - Portugal: 8 total (0 existing, 8 new)
2025-12-04 09:34:26,537 - Review.reviews.ewsl_review - INFO - Spain: 31 total (0 existing, 31 new)
2025-12-04 09:34:26,537 - Review.reviews.ewsl_review - INFO - 
Overall EWSL Selection Summary:
2025-12-04 09:34:26,538 - Review.reviews.ewsl_review - INFO - Total companies selected: 343
2025-12-04 09:34:26,538 - Review.reviews.ewsl_review - INFO -   - Existing companies selected: 0
2025-12-04 09:34:26,539 - Review.reviews.ewsl_review - INFO -   - New companies selected: 343
2025-12-04 09:34:26,539 - Review.reviews.ewsl_review - INFO - Total FFMC covered: 9.35%
2025-12-04 09:34:26,540 - Review.reviews.ewsl_review - INFO - 
Applying proportional capping
2025-12-04 09:34:26,540 - utils.capping_proportional - INFO - Starting proportional capping with max weight: 10.0%
2025-12-04 09:34:26,541 - utils.capping_proportional - INFO - Capping procedure converged after 0 iterations
2025-12-04 09:34:26,541 - utils.capping_proportional - INFO - Capping Summary:
2025-12-04 09:34:26,542 - utils.capping_proportional - INFO -   Total companies: 343
2025-12-04 09:34:26,542 - utils.capping_proportional - INFO -   Companies capped: 0
2025-12-04 09:34:26,542 - utils.capping_proportional - INFO -   Weight sum after capping: 1.000000
2025-12-04 09:34:26,542 - utils.capping_proportional - INFO -   Max weight after capping: 0.017015
2025-12-04 09:34:26,548 - Review.reviews.ewsl_review - INFO - 
EWSL Changes Summary:
2025-12-04 09:34:26,548 - Review.reviews.ewsl_review - INFO - Inclusions: 343
2025-12-04 09:34:26,548 - Review.reviews.ewsl_review - INFO - Exclusions: 0
2025-12-04 09:34:26,549 - Review.reviews.ewsl_review - INFO - Saving output to: C:\Users\CSonneveld\OneDrive - Euronext\Documents\Projects\GUI + Reviews\output\EWSL_Review_20251204_093426.xlsx
2025-12-04 09:34:27,292 - Review.reviews.ewsl_review - INFO - File successfully saved to: C:\Users\CSonneveld\OneDrive - Euronext\Documents\Projects\GUI + Reviews\output\EWSL_Review_20251204_093426.xlsx
2025-12-04 09:34:27,362 - Review.reviews.eemsc_review - INFO - Starting EEMSC review calculation
2025-12-04 09:34:28,315 - werkzeug - INFO - 127.0.0.1 - - [04/Dec/2025 09:34:28] "GET /task-status/283cc24c-d2d0-470a-aaaf-8cb469c71abd HTTP/1.1" 200 -
2025-12-04 09:34:28,599 - Review.reviews.eemsc_review - WARNING - Unmapped MICs found: ['XOSL' 'XLON' 'XSTO' 'XSWX' 'FSME' 'XCSE' 'SSME' 'MERK']
2025-12-04 09:34:28,599 - Review.reviews.eemsc_review - INFO - Found 0 existing companies in EEMSC
2025-12-04 09:34:28,599 - Review.reviews.eemsc_review - INFO - 
EEMSC Selection Summary by Country:
2025-12-04 09:34:28,615 - Review.reviews.eemsc_review - INFO - Austria: 15 total (0 existing, 15 new)
2025-12-04 09:34:28,617 - Review.reviews.eemsc_review - INFO - Belgium: 29 total (0 existing, 29 new)
2025-12-04 09:34:28,620 - Review.reviews.eemsc_review - INFO - Finland: 40 total (0 existing, 40 new)
2025-12-04 09:34:28,622 - Review.reviews.eemsc_review - INFO - France: 94 total (0 existing, 94 new)
2025-12-04 09:34:28,625 - Review.reviews.eemsc_review - INFO - Germany: 104 total (0 existing, 104 new)
2025-12-04 09:34:28,627 - Review.reviews.eemsc_review - INFO - Ireland: 9 total (0 existing, 9 new)
2025-12-04 09:34:28,630 - Review.reviews.eemsc_review - INFO - Italy: 69 total (0 existing, 69 new)
2025-12-04 09:34:28,633 - Review.reviews.eemsc_review - INFO - Netherlands: 49 total (0 existing, 49 new)
2025-12-04 09:34:28,635 - Review.reviews.eemsc_review - INFO - Portugal: 9 total (0 existing, 9 new)
2025-12-04 09:34:28,638 - Review.reviews.eemsc_review - INFO - Spain: 41 total (0 existing, 41 new)
2025-12-04 09:34:28,638 - Review.reviews.eemsc_review - INFO - 
Overall EEMSC Selection Summary:
2025-12-04 09:34:28,638 - Review.reviews.eemsc_review - INFO - Total companies selected: 459
2025-12-04 09:34:28,639 - Review.reviews.eemsc_review - INFO -   - Existing companies selected: 0
2025-12-04 09:34:28,639 - Review.reviews.eemsc_review - INFO -   - New companies selected: 459
2025-12-04 09:34:28,640 - Review.reviews.eemsc_review - INFO - Total FFMC covered: 22.31%
2025-12-04 09:34:28,640 - Review.reviews.eemsc_review - INFO - 
Applying proportional capping
2025-12-04 09:34:28,641 - utils.capping_proportional - INFO - Starting proportional capping with max weight: 10.0%
2025-12-04 09:34:28,641 - utils.capping_proportional - INFO - Capping procedure converged after 0 iterations
2025-12-04 09:34:28,643 - utils.capping_proportional - INFO - Capping Summary:
2025-12-04 09:34:28,643 - utils.capping_proportional - INFO -   Total companies: 459
2025-12-04 09:34:28,643 - utils.capping_proportional - INFO -   Companies capped: 0
2025-12-04 09:34:28,643 - utils.capping_proportional - INFO -   Weight sum after capping: 1.000000
2025-12-04 09:34:28,643 - utils.capping_proportional - INFO -   Max weight after capping: 0.017703
2025-12-04 09:34:28,648 - Review.reviews.eemsc_review - INFO - 
EEMSC Changes Summary:
2025-12-04 09:34:28,648 - Review.reviews.eemsc_review - INFO - Inclusions: 459
2025-12-04 09:34:28,648 - Review.reviews.eemsc_review - INFO - Exclusions: 0
2025-12-04 09:34:28,649 - Review.reviews.eemsc_review - INFO - Saving output to: C:\Users\CSonneveld\OneDrive - Euronext\Documents\Projects\GUI + Reviews\output\EEMSC_Review_20251204_093428.xlsx
2025-12-04 09:34:28,872 - Review.reviews.eemsc_review - INFO - File successfully saved to: C:\Users\CSonneveld\OneDrive - Euronext\Documents\Projects\GUI + Reviews\output\EEMSC_Review_20251204_093428.xlsx
2025-12-04 09:34:28,943 - Review.reviews.ezms_review - INFO - Starting EZMS review calculation
2025-12-04 09:34:30,284 - Review.reviews.ezms_review - WARNING - Unmapped MICs found: ['FSME']
2025-12-04 09:34:30,288 - Review.reviews.ezms_review - INFO - Found 0 existing companies in EZMS
2025-12-04 09:34:30,288 - Review.reviews.ezms_review - INFO - 
EZMS Selection Summary by Country:
2025-12-04 09:34:30,300 - Review.reviews.ezms_review - INFO - Austria: 15 total (0 existing, 15 new)
2025-12-04 09:34:30,306 - werkzeug - INFO - 127.0.0.1 - - [04/Dec/2025 09:34:30] "GET /task-status/283cc24c-d2d0-470a-aaaf-8cb469c71abd HTTP/1.1" 200 -
2025-12-04 09:34:30,308 - Review.reviews.ezms_review - INFO - Belgium: 29 total (0 existing, 29 new)
2025-12-04 09:34:30,313 - Review.reviews.ezms_review - INFO - Finland: 40 total (0 existing, 40 new)
2025-12-04 09:34:30,317 - Review.reviews.ezms_review - INFO - France: 83 total (0 existing, 83 new)
2025-12-04 09:34:30,324 - Review.reviews.ezms_review - INFO - Germany: 87 total (0 existing, 87 new)
2025-12-04 09:34:30,326 - Review.reviews.ezms_review - INFO - Ireland: 9 total (0 existing, 9 new)
2025-12-04 09:34:30,334 - Review.reviews.ezms_review - INFO - Italy: 69 total (0 existing, 69 new)
2025-12-04 09:34:30,340 - Review.reviews.ezms_review - INFO - Netherlands: 41 total (0 existing, 41 new)
2025-12-04 09:34:30,346 - Review.reviews.ezms_review - INFO - Portugal: 9 total (0 existing, 9 new)
2025-12-04 09:34:30,352 - Review.reviews.ezms_review - INFO - Spain: 37 total (0 existing, 37 new)
2025-12-04 09:34:30,352 - Review.reviews.ezms_review - INFO - 
Overall EZMS Selection Summary:
2025-12-04 09:34:30,352 - Review.reviews.ezms_review - INFO - Total companies selected: 419
2025-12-04 09:34:30,354 - Review.reviews.ezms_review - INFO -   - Existing companies selected: 0
2025-12-04 09:34:30,356 - Review.reviews.ezms_review - INFO -   - New companies selected: 419
2025-12-04 09:34:30,357 - Review.reviews.ezms_review - INFO - Total FFMC covered: 29.36%
2025-12-04 09:34:30,357 - Review.reviews.ezms_review - INFO - 
Applying proportional capping
2025-12-04 09:34:30,358 - utils.capping_proportional - INFO - Starting proportional capping with max weight: 10.0%
2025-12-04 09:34:30,359 - utils.capping_proportional - INFO - Capping procedure converged after 0 iterations
2025-12-04 09:34:30,359 - utils.capping_proportional - INFO - Capping Summary:
2025-12-04 09:34:30,359 - utils.capping_proportional - INFO -   Total companies: 419
2025-12-04 09:34:30,360 - utils.capping_proportional - INFO -   Companies capped: 0
2025-12-04 09:34:30,360 - utils.capping_proportional - INFO -   Weight sum after capping: 1.000000
2025-12-04 09:34:30,360 - utils.capping_proportional - INFO -   Max weight after capping: 0.020469
2025-12-04 09:34:30,373 - Review.reviews.ezms_review - INFO - 
EZMS Changes Summary:
2025-12-04 09:34:30,374 - Review.reviews.ezms_review - INFO - Inclusions: 419
2025-12-04 09:34:30,374 - Review.reviews.ezms_review - INFO - Exclusions: 0
2025-12-04 09:34:30,375 - Review.reviews.ezms_review - INFO - Saving output to: C:\Users\CSonneveld\OneDrive - Euronext\Documents\Projects\GUI + Reviews\output\EZMS_Review_20251204_093430.xlsx
2025-12-04 09:34:30,569 - Review.reviews.ezms_review - INFO - File successfully saved to: C:\Users\CSonneveld\OneDrive - Euronext\Documents\Projects\GUI + Reviews\output\EZMS_Review_20251204_093430.xlsx
2025-12-04 09:34:30,684 - Review.reviews.eesl_review - INFO - Starting EESL review calculation
2025-12-04 09:34:32,065 - Review.reviews.eesl_review - WARNING - Unmapped MICs found: ['XOSL' 'XLON' 'XSTO' 'XSWX' 'FSME' 'XCSE' 'SSME' 'MERK']
2025-12-04 09:34:32,065 - Review.reviews.eesl_review - INFO - Found 0 existing companies in EESL
2025-12-04 09:34:32,082 - Review.reviews.eesl_review - INFO - 
EESL Selection Summary by Country:
2025-12-04 09:34:32,091 - Review.reviews.eesl_review - INFO - Austria: 12 total (0 existing, 12 new)
2025-12-04 09:34:32,094 - Review.reviews.eesl_review - INFO - Belgium: 21 total (0 existing, 21 new)
2025-12-04 09:34:32,097 - Review.reviews.eesl_review - INFO - Finland: 34 total (0 existing, 34 new)
2025-12-04 09:34:32,100 - Review.reviews.eesl_review - INFO - France: 80 total (0 existing, 80 new)
2025-12-04 09:34:32,102 - Review.reviews.eesl_review - INFO - Germany: 88 total (0 existing, 88 new)
2025-12-04 09:34:32,106 - Review.reviews.eesl_review - INFO - Ireland: 8 total (0 existing, 8 new)
2025-12-04 09:34:32,108 - Review.reviews.eesl_review - INFO - Italy: 56 total (0 existing, 56 new)
2025-12-04 09:34:32,109 - Review.reviews.eesl_review - INFO - Netherlands: 41 total (0 existing, 41 new)
2025-12-04 09:34:32,113 - Review.reviews.eesl_review - INFO - Portugal: 8 total (0 existing, 8 new)
2025-12-04 09:34:32,117 - Review.reviews.eesl_review - INFO - Spain: 35 total (0 existing, 35 new)
2025-12-04 09:34:32,117 - Review.reviews.eesl_review - INFO - 
Overall EESL Selection Summary:
2025-12-04 09:34:32,117 - Review.reviews.eesl_review - INFO - Total companies selected: 383
2025-12-04 09:34:32,118 - Review.reviews.eesl_review - INFO -   - Existing companies selected: 0
2025-12-04 09:34:32,119 - Review.reviews.eesl_review - INFO -   - New companies selected: 383
2025-12-04 09:34:32,119 - Review.reviews.eesl_review - INFO - Total FFMC covered: 10.39%
2025-12-04 09:34:32,120 - Review.reviews.eesl_review - INFO - 
Applying proportional capping
2025-12-04 09:34:32,120 - utils.capping_proportional - INFO - Starting proportional capping with max weight: 10.0%
2025-12-04 09:34:32,121 - utils.capping_proportional - INFO - Capping procedure converged after 0 iterations
2025-12-04 09:34:32,121 - utils.capping_proportional - INFO - Capping Summary:
2025-12-04 09:34:32,121 - utils.capping_proportional - INFO -   Total companies: 383
2025-12-04 09:34:32,121 - utils.capping_proportional - INFO -   Companies capped: 0
2025-12-04 09:34:32,122 - utils.capping_proportional - INFO -   Weight sum after capping: 1.000000
2025-12-04 09:34:32,122 - utils.capping_proportional - INFO -   Max weight after capping: 0.017173
2025-12-04 09:34:32,125 - Review.reviews.eesl_review - INFO - 
EESL Changes Summary:
2025-12-04 09:34:32,125 - Review.reviews.eesl_review - INFO - Inclusions: 383
2025-12-04 09:34:32,125 - Review.reviews.eesl_review - INFO - Exclusions: 0
2025-12-04 09:34:32,125 - Review.reviews.eesl_review - INFO - Saving output to: C:\Users\CSonneveld\OneDrive - Euronext\Documents\Projects\GUI + Reviews\output\EESL_Review_20251204_093432.xlsx
2025-12-04 09:34:32,302 - werkzeug - INFO - 127.0.0.1 - - [04/Dec/2025 09:34:32] "GET /task-status/283cc24c-d2d0-470a-aaaf-8cb469c71abd HTTP/1.1" 200 -
2025-12-04 09:34:32,369 - Review.reviews.eesl_review - INFO - File successfully saved to: C:\Users\CSonneveld\OneDrive - Euronext\Documents\Projects\GUI + Reviews\output\EESL_Review_20251204_093432.xlsx
2025-12-04 09:34:32,435 - Review.reviews.eesf_review - INFO - Loading EOD data...
2025-12-04 09:34:34,032 - Review.reviews.eesf_review - INFO - Loading reference data...
2025-12-04 09:34:34,304 - werkzeug - INFO - 127.0.0.1 - - [04/Dec/2025 09:34:34] "GET /task-status/283cc24c-d2d0-470a-aaaf-8cb469c71abd HTTP/1.1" 200 -
2025-12-04 09:34:34,954 - Review.reviews.eesf_review - INFO - Saving EESF output to: C:\Users\CSonneveld\OneDrive - Euronext\Documents\Projects\GUI + Reviews\output\EESF_df_20251204_093434.xlsx
2025-12-04 09:34:35,077 - Review.reviews.eums_review - INFO - Starting EUMS review calculation
2025-12-04 09:34:36,326 - werkzeug - INFO - 127.0.0.1 - - [04/Dec/2025 09:34:36] "GET /task-status/283cc24c-d2d0-470a-aaaf-8cb469c71abd HTTP/1.1" 200 -
2025-12-04 09:34:36,517 - Review.reviews.eums_review - WARNING - Unmapped MICs found: ['XNYS' 'XNGS' 'XNMS' 'XNCM' 'BATS' 'XASE']
2025-12-04 09:34:36,517 - Review.reviews.eums_review - INFO - Found 0 existing companies in EUMS
2025-12-04 09:34:36,517 - Review.reviews.eums_review - INFO - 
EUMS Selection Summary by Country:
2025-12-04 09:34:36,517 - Review.reviews.eums_review - INFO - 
Overall EUMS Selection Summary:
2025-12-04 09:34:36,517 - Review.reviews.eums_review - INFO - Total companies selected: 0
2025-12-04 09:34:36,528 - Review.reviews.eums_review - INFO -   - Existing companies selected: 0
2025-12-04 09:34:36,528 - Review.reviews.eums_review - INFO -   - New companies selected: 0
2025-12-04 09:34:36,530 - Review.reviews.eums_review - INFO - Total FFMC covered: 0.00%
2025-12-04 09:34:36,530 - Review.reviews.eums_review - INFO - 
Applying proportional capping
2025-12-04 09:34:36,531 - Review.reviews.eums_review - ERROR - Error during review calculation: DataFrame is empty or all market cap values are NaN
2025-12-04 09:34:36,533 - Review.reviews.eums_review - ERROR - Traceback (most recent call last):
  File "C:\Users\CSonneveld\OneDrive - Euronext\Documents\Projects\GUI + Reviews\Review\reviews\eums_review.py", line 210, in run_eums_review
    capped_df = apply_proportional_capping(
                ^^^^^^^^^^^^^^^^^^^^^^^^^^^
  File "C:\Users\CSonneveld\OneDrive - Euronext\Documents\Projects\GUI + Reviews\utils\capping_proportional.py", line 43, in apply_proportional_capping
    raise ValueError("DataFrame is empty or all market cap values are NaN")
ValueError: DataFrame is empty or all market cap values are NaN

2025-12-04 09:34:38,301 - werkzeug - INFO - 127.0.0.1 - - [04/Dec/2025 09:34:38] "GET /task-status/283cc24c-d2d0-470a-aaaf-8cb469c71abd HTTP/1.1" 200 -
2025-12-04 09:38:19,221 - werkzeug - INFO - 127.0.0.1 - - [04/Dec/2025 09:38:19] "POST /calculate HTTP/1.1" 200 -
2025-12-04 09:38:19,222 - Review.reviews.eums_review - INFO - Starting EUMS review calculation
2025-12-04 09:38:19,225 - werkzeug - INFO - 127.0.0.1 - - [04/Dec/2025 09:38:19] "GET /task-status/b9cc5fad-7af2-46cc-9a48-e44bc39ceb12 HTTP/1.1" 200 -
2025-12-04 09:38:21,222 - Review.reviews.eums_review - WARNING - Unmapped MICs found: ['XNYS' 'XNGS' 'XNMS' 'XNCM' 'BATS' 'XASE']
2025-12-04 09:38:21,223 - Review.reviews.eums_review - INFO - Found 0 existing companies in EUMS
2025-12-04 09:38:21,226 - Review.reviews.eums_review - INFO - 
EUMS Selection Summary by Country:
2025-12-04 09:38:21,226 - Review.reviews.eums_review - INFO - 
Overall EUMS Selection Summary:
2025-12-04 09:38:21,226 - Review.reviews.eums_review - INFO - Total companies selected: 0
2025-12-04 09:38:21,227 - Review.reviews.eums_review - INFO -   - Existing companies selected: 0
2025-12-04 09:38:21,227 - Review.reviews.eums_review - INFO -   - New companies selected: 0
2025-12-04 09:38:21,227 - Review.reviews.eums_review - INFO - Total FFMC covered: 0.00%
2025-12-04 09:38:21,228 - Review.reviews.eums_review - INFO - 
Applying proportional capping
2025-12-04 09:38:21,228 - Review.reviews.eums_review - ERROR - Error during review calculation: DataFrame is empty or all market cap values are NaN
2025-12-04 09:38:21,229 - Review.reviews.eums_review - ERROR - Traceback (most recent call last):
  File "C:\Users\CSonneveld\OneDrive - Euronext\Documents\Projects\GUI + Reviews\Review\reviews\eums_review.py", line 210, in run_eums_review
    capped_df = apply_proportional_capping(
                ^^^^^^^^^^^^^^^^^^^^^^^^^^^
  File "C:\Users\CSonneveld\OneDrive - Euronext\Documents\Projects\GUI + Reviews\utils\capping_proportional.py", line 43, in apply_proportional_capping
    raise ValueError("DataFrame is empty or all market cap values are NaN")
ValueError: DataFrame is empty or all market cap values are NaN

2025-12-04 09:38:21,240 - werkzeug - INFO - 127.0.0.1 - - [04/Dec/2025 09:38:21] "GET /task-status/b9cc5fad-7af2-46cc-9a48-e44bc39ceb12 HTTP/1.1" 200 -
2025-12-04 09:39:45,532 - werkzeug - INFO -  * Detected change in 'C:\\Users\\CSonneveld\\OneDrive - Euronext\\Documents\\Projects\\GUI + Reviews\\Review\\reviews\\eums_review.py', reloading
2025-12-04 09:39:45,533 - werkzeug - INFO -  * Detected change in 'C:\\Users\\CSonneveld\\OneDrive - Euronext\\Documents\\Projects\\GUI + Reviews\\Review\\reviews\\eums_review.py', reloading
2025-12-04 09:39:45,533 - werkzeug - INFO -  * Detected change in 'C:\\Users\\CSonneveld\\OneDrive - Euronext\\Documents\\Projects\\GUI + Reviews\\Review\\reviews\\eums_review.py', reloading
