2025-04-15 15:24:16,166 - werkzeug - WARNING -  * Debugger is active!
2025-04-15 15:24:16,169 - werkzeug - INFO -  * Debugger PIN: 691-175-853
2025-04-15 15:24:26,643 - Review.reviews.lc3wp_review - INFO - Loading EOD data...
2025-04-15 15:24:28,327 - Review.reviews.lc3wp_review - INFO - Loading reference data...
2025-04-15 15:24:37,931 - Review.reviews.lc3wp_review - WARNING - Removed 18750 duplicate rows from cdp_climate_df
2025-04-15 15:24:37,934 - Review.reviews.lc3wp_review - INFO - Adding Free Float data...
2025-04-15 15:24:37,969 - Review.reviews.lc3wp_review - INFO - Adding ICB Subsector data...
2025-04-15 15:24:37,990 - Review.reviews.lc3wp_review - WARNING - Removed 9315 duplicate rows from ICB data
2025-04-15 15:24:38,186 - Review.reviews.lc3wp_review - INFO - Debug file saved to C:\Users\CSonneveld\OneDrive - Euronext\Documents\Projects\GUI + Reviews\debug\universe_df_after_nace_20250415_152438.xlsx
2025-04-15 15:24:38,186 - Review.reviews.lc3wp_review - INFO - Adding CDP Climate data...
2025-04-15 15:24:38,191 - Review.reviews.lc3wp_review - INFO - Adding Oekom Trust & Carbon data...
2025-04-15 15:24:38,194 - Review.reviews.lc3wp_review - INFO - Adding NACE data...
2025-04-15 15:24:38,197 - Review.reviews.lc3wp_review - INFO - Adding EU Taxonomy flag...
2025-04-15 15:24:38,197 - Review.reviews.lc3wp_review - INFO - Checking GAFI lists and Non-fiscally cooperative countries...
2025-04-15 15:24:38,199 - Review.reviews.lc3wp_review - INFO - Applying exclusion criteria...
2025-04-15 15:24:38,211 - Review.reviews.lc3wp_review - INFO - Marked 149 companies (10%) with worst SG scores for exclusion
2025-04-15 15:24:38,228 - Review.reviews.lc3wp_review - INFO - Calculating Climate Score for ranking...
2025-04-15 15:24:38,230 - Review.reviews.lc3wp_review - ERROR - Error during review calculation: 'CDP_climate_score'
2025-04-15 15:24:38,234 - Review.reviews.lc3wp_review - ERROR - Traceback (most recent call last):
  File "C:\Users\CSonneveld\AppData\Roaming\Python\Python312\site-packages\pandas\core\indexes\base.py", line 3805, in get_loc
    return self._engine.get_loc(casted_key)
           ^^^^^^^^^^^^^^^^^^^^^^^^^^^^^^^^
  File "index.pyx", line 167, in pandas._libs.index.IndexEngine.get_loc
  File "index.pyx", line 196, in pandas._libs.index.IndexEngine.get_loc
  File "pandas\\_libs\\hashtable_class_helper.pxi", line 7081, in pandas._libs.hashtable.PyObjectHashTable.get_item
  File "pandas\\_libs\\hashtable_class_helper.pxi", line 7089, in pandas._libs.hashtable.PyObjectHashTable.get_item
KeyError: 'CDP_climate_score'

The above exception was the direct cause of the following exception:

Traceback (most recent call last):
  File "C:\Users\CSonneveld\OneDrive - Euronext\Documents\Projects\GUI + Reviews\Review\reviews\lc3wp_review.py", line 580, in run_lc3wp_review
    universe_df['bonus_malus'] = universe_df['CDP_climate_score'].apply(map_to_bonus_malus)
                                 ~~~~~~~~~~~^^^^^^^^^^^^^^^^^^^^^
  File "C:\Users\CSonneveld\AppData\Roaming\Python\Python312\site-packages\pandas\core\frame.py", line 4102, in __getitem__
    indexer = self.columns.get_loc(key)
              ^^^^^^^^^^^^^^^^^^^^^^^^^
  File "C:\Users\CSonneveld\AppData\Roaming\Python\Python312\site-packages\pandas\core\indexes\base.py", line 3812, in get_loc
    raise KeyError(key) from err
KeyError: 'CDP_climate_score'

2025-04-15 15:24:38,264 - werkzeug - INFO - 10.199.43.197 - - [15/Apr/2025 15:24:38] "POST /calculate HTTP/1.1" 200 -
2025-04-15 15:25:53,638 - werkzeug - INFO -  * Detected change in 'C:\\Users\\CSonneveld\\OneDrive - Euronext\\Documents\\Projects\\GUI + Reviews\\Review\\reviews\\lc3wp_review.py', reloading
2025-04-15 15:25:53,640 - werkzeug - INFO -  * Detected change in 'C:\\Users\\CSonneveld\\OneDrive - Euronext\\Documents\\Projects\\GUI + Reviews\\Review\\reviews\\lc3wp_review.py', reloading
2025-04-15 15:25:53,640 - werkzeug - INFO -  * Detected change in 'C:\\Users\\CSonneveld\\OneDrive - Euronext\\Documents\\Projects\\GUI + Reviews\\Review\\reviews\\lc3wp_review.py', reloading
