2025-12-03 13:22:07,568 - werkzeug - WARNING -  * Debugger is active!
2025-12-03 13:22:07,568 - werkzeug - INFO -  * Debugger PIN: 691-175-853
2025-12-03 13:23:09,401 - werkzeug - INFO - 127.0.0.1 - - [03/Dec/2025 13:23:09] "POST /calculate HTTP/1.1" 200 -
2025-12-03 13:23:09,401 - Review.reviews.ezsl_review - INFO - Starting EZSL review calculation
2025-12-03 13:23:09,408 - werkzeug - INFO - 127.0.0.1 - - [03/Dec/2025 13:23:09] "GET /task-status/6ccd71c7-2994-41f9-ac1c-59c82d3c45ca HTTP/1.1" 200 -
2025-12-03 13:23:11,414 - werkzeug - INFO - 127.0.0.1 - - [03/Dec/2025 13:23:11] "GET /task-status/6ccd71c7-2994-41f9-ac1c-59c82d3c45ca HTTP/1.1" 200 -
2025-12-03 13:23:12,201 - Review.reviews.ezsl_review - ERROR - Error during review calculation: 'ISIN'
2025-12-03 13:23:12,211 - Review.reviews.ezsl_review - ERROR - Traceback (most recent call last):
  File "C:\Users\CSonneveld\OneDrive - Euronext\Documents\Projects\GUI + Reviews\Review\reviews\ezsl_review.py", line 87, in run_ezsl_review
    .merge(
     ^^^^^^
  File "C:\Users\CSonneveld\AppData\Roaming\Python\Python312\site-packages\pandas\core\frame.py", line 10832, in merge
    return merge(
           ^^^^^^
  File "C:\Users\CSonneveld\AppData\Roaming\Python\Python312\site-packages\pandas\core\reshape\merge.py", line 170, in merge
    op = _MergeOperation(
         ^^^^^^^^^^^^^^^^
  File "C:\Users\CSonneveld\AppData\Roaming\Python\Python312\site-packages\pandas\core\reshape\merge.py", line 794, in __init__
    ) = self._get_merge_keys()
        ^^^^^^^^^^^^^^^^^^^^^^
  File "C:\Users\CSonneveld\AppData\Roaming\Python\Python312\site-packages\pandas\core\reshape\merge.py", line 1297, in _get_merge_keys
    right_keys.append(right._get_label_or_level_values(rk))
                      ^^^^^^^^^^^^^^^^^^^^^^^^^^^^^^^^^^^^
  File "C:\Users\CSonneveld\AppData\Roaming\Python\Python312\site-packages\pandas\core\generic.py", line 1911, in _get_label_or_level_values
    raise KeyError(key)
KeyError: 'ISIN'

2025-12-03 13:23:13,417 - werkzeug - INFO - 127.0.0.1 - - [03/Dec/2025 13:23:13] "GET /task-status/6ccd71c7-2994-41f9-ac1c-59c82d3c45ca HTTP/1.1" 200 -
2025-12-03 13:23:33,712 - werkzeug - INFO -  * Detected change in 'C:\\Users\\CSonneveld\\OneDrive - Euronext\\Documents\\Projects\\GUI + Reviews\\Review\\reviews\\ezsl_review.py', reloading
2025-12-03 13:23:33,714 - werkzeug - INFO -  * Detected change in 'C:\\Users\\CSonneveld\\OneDrive - Euronext\\Documents\\Projects\\GUI + Reviews\\Review\\reviews\\ezsl_review.py', reloading
