2025-02-04 11:19:01,187 - werkzeug - INFO - [31m[1mWARNING: This is a development server. Do not use it in a production deployment. Use a production WSGI server instead.[0m
 * Running on http://127.0.0.1:5000
2025-02-04 11:19:01,188 - werkzeug - INFO - [33mPress CTRL+C to quit[0m
2025-02-04 11:19:01,201 - werkzeug - INFO -  * Restarting with watchdog (windowsapi)
2025-02-04 11:19:01,670 - werkzeug - WARNING -  * Debugger is active!
2025-02-04 11:19:01,673 - werkzeug - INFO -  * Debugger PIN: 691-175-853
2025-02-04 11:19:01,703 - werkzeug - INFO -  * Detected change in 'C:\\Program Files\\Python312\\Lib\\encodings\\unicode_escape.py', reloading
2025-02-04 11:19:01,705 - werkzeug - INFO - 127.0.0.1 - - [04/Feb/2025 11:19:01] "GET / HTTP/1.1" 200 -
2025-02-04 11:19:01,747 - werkzeug - INFO - 127.0.0.1 - - [04/Feb/2025 11:19:01] "[36mGET /static/images/Euronext_Logo-RGB_black.png HTTP/1.1[0m" 304 -
2025-02-04 11:19:02,783 - werkzeug - INFO -  * Restarting with watchdog (windowsapi)
2025-02-04 11:19:17,641 - werkzeug - INFO -  * Restarting with watchdog (windowsapi)
2025-02-04 11:19:20,237 - werkzeug - INFO -  * Restarting with watchdog (windowsapi)
2025-02-04 11:19:21,821 - werkzeug - INFO -  * Restarting with watchdog (windowsapi)
2025-02-04 11:19:24,427 - werkzeug - INFO -  * Restarting with watchdog (windowsapi)
2025-02-04 11:20:40,525 - werkzeug - INFO -  * Restarting with watchdog (windowsapi)
2025-02-04 11:21:15,781 - werkzeug - INFO -  * Restarting with watchdog (windowsapi)
2025-02-04 11:21:17,395 - werkzeug - INFO -  * Restarting with watchdog (windowsapi)
2025-02-04 11:21:19,027 - werkzeug - INFO -  * Restarting with watchdog (windowsapi)
2025-02-04 11:22:11,483 - werkzeug - INFO -  * Restarting with watchdog (windowsapi)
2025-02-04 13:20:46,098 - werkzeug - INFO -  * Restarting with watchdog (windowsapi)
2025-02-04 13:23:40,538 - werkzeug - INFO -  * Restarting with watchdog (windowsapi)
2025-02-04 13:23:47,195 - werkzeug - INFO -  * Restarting with watchdog (windowsapi)
2025-02-04 13:24:17,349 - werkzeug - INFO -  * Restarting with watchdog (windowsapi)
2025-02-04 13:24:31,130 - werkzeug - INFO -  * Restarting with watchdog (windowsapi)
2025-02-04 13:25:20,482 - werkzeug - INFO -  * Restarting with watchdog (windowsapi)
2025-02-04 13:25:22,145 - werkzeug - INFO -  * Restarting with watchdog (windowsapi)
2025-02-04 13:25:23,809 - werkzeug - INFO -  * Restarting with watchdog (windowsapi)
2025-02-04 13:25:26,512 - werkzeug - INFO -  * Restarting with watchdog (windowsapi)
2025-02-04 15:06:07,821 - werkzeug - INFO -  * Restarting with watchdog (windowsapi)
2025-02-04 15:06:09,440 - werkzeug - INFO -  * Restarting with watchdog (windowsapi)
2025-02-04 15:06:57,899 - werkzeug - INFO -  * Restarting with watchdog (windowsapi)
2025-02-04 15:07:05,604 - werkzeug - INFO -  * Restarting with watchdog (windowsapi)
