2025-12-10 10:17:23,458 - werkzeug - INFO - [31m[1mWARNING: This is a development server. Do not use it in a production deployment. Use a production WSGI server instead.[0m
 * Running on all addresses (0.0.0.0)
 * Running on http://127.0.0.1:5000
 * Running on http://10.199.43.185:5000
2025-12-10 10:17:23,459 - werkzeug - INFO - [33mPress CTRL+C to quit[0m
2025-12-10 10:17:23,469 - werkzeug - INFO -  * Restarting with watchdog (windowsapi)
2025-12-10 10:17:32,985 - werkzeug - INFO -  * Restarting with watchdog (windowsapi)
2025-12-10 10:17:45,340 - werkzeug - INFO -  * Restarting with watchdog (windowsapi)
2025-12-10 10:17:48,906 - werkzeug - INFO -  * Restarting with watchdog (windowsapi)
2025-12-10 10:18:01,461 - werkzeug - INFO -  * Restarting with watchdog (windowsapi)
2025-12-10 10:18:09,918 - werkzeug - INFO -  * Restarting with watchdog (windowsapi)
2025-12-10 10:18:16,222 - werkzeug - INFO -  * Restarting with watchdog (windowsapi)
2025-12-10 10:18:24,601 - werkzeug - INFO -  * Restarting with watchdog (windowsapi)
2025-12-10 10:18:27,918 - werkzeug - INFO -  * Restarting with watchdog (windowsapi)
2025-12-10 10:18:36,226 - werkzeug - INFO -  * Restarting with watchdog (windowsapi)
2025-12-10 10:18:46,539 - werkzeug - INFO -  * Restarting with watchdog (windowsapi)
2025-12-10 10:19:33,218 - werkzeug - INFO -  * Restarting with watchdog (windowsapi)
2025-12-10 10:20:53,618 - werkzeug - INFO -  * Restarting with watchdog (windowsapi)
2025-12-10 10:22:11,940 - werkzeug - INFO -  * Restarting with watchdog (windowsapi)
2025-12-10 10:23:13,919 - werkzeug - INFO -  * Restarting with watchdog (windowsapi)
2025-12-10 10:23:17,311 - werkzeug - INFO -  * Restarting with watchdog (windowsapi)
2025-12-10 10:23:42,093 - werkzeug - INFO -  * Restarting with watchdog (windowsapi)
2025-12-10 10:24:40,992 - werkzeug - INFO -  * Restarting with watchdog (windowsapi)
2025-12-10 10:26:50,743 - werkzeug - INFO -  * Restarting with watchdog (windowsapi)
2025-12-10 10:27:13,684 - werkzeug - INFO -  * Restarting with watchdog (windowsapi)
2025-12-10 10:30:55,365 - werkzeug - INFO -  * Restarting with watchdog (windowsapi)
2025-12-10 10:32:07,550 - werkzeug - INFO -  * Restarting with watchdog (windowsapi)
2025-12-10 10:50:23,216 - werkzeug - INFO -  * Restarting with watchdog (windowsapi)
2025-12-10 10:50:27,768 - werkzeug - INFO -  * Restarting with watchdog (windowsapi)
2025-12-10 10:50:34,240 - werkzeug - INFO -  * Restarting with watchdog (windowsapi)
2025-12-10 10:50:37,653 - werkzeug - INFO -  * Restarting with watchdog (windowsapi)
2025-12-10 10:56:10,780 - werkzeug - INFO -  * Restarting with watchdog (windowsapi)
2025-12-10 11:03:12,070 - werkzeug - INFO -  * Restarting with watchdog (windowsapi)
2025-12-10 11:03:32,655 - werkzeug - INFO -  * Restarting with watchdog (windowsapi)
2025-12-10 11:07:12,269 - werkzeug - INFO -  * Restarting with watchdog (windowsapi)
2025-12-10 11:07:25,297 - werkzeug - INFO -  * Restarting with watchdog (windowsapi)
2025-12-10 11:09:49,398 - werkzeug - INFO -  * Restarting with watchdog (windowsapi)
2025-12-10 11:11:03,690 - werkzeug - INFO -  * Restarting with watchdog (windowsapi)
2025-12-10 11:11:22,282 - werkzeug - INFO -  * Restarting with watchdog (windowsapi)
2025-12-10 11:13:01,820 - werkzeug - INFO -  * Restarting with watchdog (windowsapi)
