2025-08-15 15:46:17,579 - werkzeug - INFO - [31m[1mWARNING: This is a development server. Do not use it in a production deployment. Use a production WSGI server instead.[0m
 * Running on all addresses (0.0.0.0)
 * Running on http://127.0.0.1:5000
 * Running on http://10.199.43.197:5000
2025-08-15 15:46:17,579 - werkzeug - INFO - [33mPress CTRL+C to quit[0m
2025-08-15 15:46:17,599 - werkzeug - INFO -  * Restarting with watchdog (windowsapi)
2025-08-15 15:46:25,573 - werkzeug - INFO -  * Restarting with watchdog (windowsapi)
2025-08-15 15:46:33,776 - werkzeug - INFO -  * Restarting with watchdog (windowsapi)
2025-08-15 15:47:07,092 - werkzeug - INFO -  * Restarting with watchdog (windowsapi)
2025-08-15 15:47:18,842 - werkzeug - INFO -  * Restarting with watchdog (windowsapi)
2025-08-15 15:47:28,207 - werkzeug - INFO -  * Restarting with watchdog (windowsapi)
2025-08-15 15:47:32,002 - werkzeug - INFO -  * Restarting with watchdog (windowsapi)
2025-08-15 15:47:39,295 - werkzeug - INFO -  * Restarting with watchdog (windowsapi)
2025-08-15 15:47:51,285 - werkzeug - INFO -  * Restarting with watchdog (windowsapi)
2025-08-15 15:47:57,037 - werkzeug - INFO -  * Restarting with watchdog (windowsapi)
2025-08-15 15:48:07,027 - werkzeug - INFO -  * Restarting with watchdog (windowsapi)
2025-08-15 15:48:21,379 - werkzeug - INFO -  * Restarting with watchdog (windowsapi)
2025-08-15 15:49:36,105 - werkzeug - INFO -  * Restarting with watchdog (windowsapi)
2025-08-15 15:49:46,023 - werkzeug - INFO -  * Restarting with watchdog (windowsapi)
2025-08-15 15:52:41,003 - werkzeug - INFO -  * Restarting with watchdog (windowsapi)
2025-08-15 15:56:04,276 - werkzeug - INFO -  * Restarting with watchdog (windowsapi)
2025-08-15 15:56:12,440 - werkzeug - INFO -  * Restarting with watchdog (windowsapi)
2025-08-15 15:56:53,752 - werkzeug - INFO -  * Restarting with watchdog (windowsapi)
2025-08-15 15:56:58,743 - werkzeug - INFO -  * Restarting with watchdog (windowsapi)
2025-08-15 15:57:21,978 - werkzeug - INFO -  * Restarting with watchdog (windowsapi)
2025-08-15 15:57:23,952 - werkzeug - INFO -  * Restarting with watchdog (windowsapi)
2025-08-15 15:57:39,964 - werkzeug - INFO -  * Restarting with watchdog (windowsapi)
2025-08-15 15:57:41,883 - werkzeug - INFO -  * Restarting with watchdog (windowsapi)
2025-08-15 15:57:59,917 - werkzeug - INFO -  * Restarting with watchdog (windowsapi)
2025-08-15 15:58:08,869 - werkzeug - INFO -  * Restarting with watchdog (windowsapi)
2025-08-15 15:58:20,397 - werkzeug - INFO -  * Restarting with watchdog (windowsapi)
2025-08-15 15:59:03,634 - werkzeug - INFO -  * Restarting with watchdog (windowsapi)
2025-08-15 15:59:05,696 - werkzeug - INFO -  * Restarting with watchdog (windowsapi)
2025-08-15 16:00:39,296 - werkzeug - INFO -  * Restarting with watchdog (windowsapi)
2025-08-15 16:00:41,272 - werkzeug - INFO -  * Restarting with watchdog (windowsapi)
2025-08-15 16:04:16,138 - werkzeug - INFO -  * Restarting with watchdog (windowsapi)
2025-08-15 16:04:20,186 - werkzeug - INFO -  * Restarting with watchdog (windowsapi)
2025-08-15 16:04:21,998 - werkzeug - INFO -  * Restarting with watchdog (windowsapi)
2025-08-15 16:05:32,682 - werkzeug - INFO -  * Restarting with watchdog (windowsapi)
2025-08-15 16:06:30,280 - werkzeug - INFO -  * Restarting with watchdog (windowsapi)
