2025-12-10 14:48:20,803 - werkzeug - INFO - [31m[1mWARNING: This is a development server. Do not use it in a production deployment. Use a production WSGI server instead.[0m
 * Running on all addresses (0.0.0.0)
 * Running on http://127.0.0.1:5000
 * Running on http://10.199.43.185:5000
2025-12-10 14:48:20,803 - werkzeug - INFO - [33mPress CTRL+C to quit[0m
2025-12-10 14:48:20,803 - werkzeug - INFO -  * Restarting with watchdog (windowsapi)
2025-12-10 14:49:53,171 - werkzeug - INFO -  * Restarting with watchdog (windowsapi)
2025-12-10 14:51:47,244 - werkzeug - INFO -  * Restarting with watchdog (windowsapi)
2025-12-10 14:52:36,341 - werkzeug - INFO -  * Restarting with watchdog (windowsapi)
2025-12-10 14:52:57,943 - werkzeug - INFO -  * Restarting with watchdog (windowsapi)
2025-12-10 14:53:12,381 - werkzeug - INFO -  * Restarting with watchdog (windowsapi)
2025-12-10 14:53:33,824 - werkzeug - INFO -  * Restarting with watchdog (windowsapi)
2025-12-10 14:53:44,167 - werkzeug - INFO -  * Restarting with watchdog (windowsapi)
2025-12-10 14:54:16,901 - werkzeug - INFO -  * Restarting with watchdog (windowsapi)
2025-12-10 15:03:34,872 - werkzeug - INFO -  * Restarting with watchdog (windowsapi)
2025-12-10 15:03:39,945 - werkzeug - INFO -  * Restarting with watchdog (windowsapi)
2025-12-10 15:03:43,254 - werkzeug - INFO -  * Restarting with watchdog (windowsapi)
2025-12-10 15:04:26,274 - werkzeug - INFO -  * Restarting with watchdog (windowsapi)
2025-12-10 15:04:45,772 - werkzeug - INFO -  * Restarting with watchdog (windowsapi)
2025-12-10 15:05:16,407 - werkzeug - INFO -  * Restarting with watchdog (windowsapi)
2025-12-10 15:05:32,808 - werkzeug - INFO -  * Restarting with watchdog (windowsapi)
2025-12-10 15:05:47,223 - werkzeug - INFO -  * Restarting with watchdog (windowsapi)
2025-12-10 15:05:58,574 - werkzeug - INFO -  * Restarting with watchdog (windowsapi)
2025-12-10 15:06:04,916 - werkzeug - INFO -  * Restarting with watchdog (windowsapi)
2025-12-10 15:06:08,328 - werkzeug - INFO -  * Restarting with watchdog (windowsapi)
2025-12-10 15:35:07,832 - werkzeug - INFO -  * Restarting with watchdog (windowsapi)
2025-12-10 15:35:14,526 - werkzeug - INFO -  * Restarting with watchdog (windowsapi)
2025-12-10 15:35:19,507 - werkzeug - INFO -  * Restarting with watchdog (windowsapi)
