2025-12-15 16:35:29,863 - werkzeug - WARNING -  * Debugger is active!
2025-12-15 16:35:29,866 - werkzeug - INFO -  * Debugger PIN: 691-175-853
2025-12-15 16:35:36,712 - werkzeug - INFO - 127.0.0.1 - - [15/Dec/2025 16:35:36] "POST /calculate HTTP/1.1" 200 -
2025-12-15 16:35:36,714 - Review.reviews.frd4p_review - INFO - Loading EOD data...
2025-12-15 16:35:36,718 - werkzeug - INFO - 127.0.0.1 - - [15/Dec/2025 16:35:36] "GET /task-status/1da752b2-2ebe-40ad-bed1-d1903dbe8a84 HTTP/1.1" 200 -
2025-12-15 16:35:37,251 - Review.reviews.frd4p_review - INFO - Loading reference data...
2025-12-15 16:35:38,721 - werkzeug - INFO - 127.0.0.1 - - [15/Dec/2025 16:35:38] "GET /task-status/1da752b2-2ebe-40ad-bed1-d1903dbe8a84 HTTP/1.1" 200 -
2025-12-15 16:35:40,734 - werkzeug - INFO - 127.0.0.1 - - [15/Dec/2025 16:35:40] "GET /task-status/1da752b2-2ebe-40ad-bed1-d1903dbe8a84 HTTP/1.1" 200 -
2025-12-15 16:35:42,761 - werkzeug - INFO - 127.0.0.1 - - [15/Dec/2025 16:35:42] "GET /task-status/1da752b2-2ebe-40ad-bed1-d1903dbe8a84 HTTP/1.1" 200 -
2025-12-15 16:35:44,734 - werkzeug - INFO - 127.0.0.1 - - [15/Dec/2025 16:35:44] "GET /task-status/1da752b2-2ebe-40ad-bed1-d1903dbe8a84 HTTP/1.1" 200 -
2025-12-15 16:35:46,801 - werkzeug - INFO - 127.0.0.1 - - [15/Dec/2025 16:35:46] "GET /task-status/1da752b2-2ebe-40ad-bed1-d1903dbe8a84 HTTP/1.1" 200 -
2025-12-15 16:35:48,730 - werkzeug - INFO - 127.0.0.1 - - [15/Dec/2025 16:35:48] "GET /task-status/1da752b2-2ebe-40ad-bed1-d1903dbe8a84 HTTP/1.1" 200 -
2025-12-15 16:35:50,727 - werkzeug - INFO - 127.0.0.1 - - [15/Dec/2025 16:35:50] "GET /task-status/1da752b2-2ebe-40ad-bed1-d1903dbe8a84 HTTP/1.1" 200 -
2025-12-15 16:35:51,575 - Review.reviews.frd4p_review - INFO - Processing sector: 1010.0, area: AS, group size: 47
2025-12-15 16:35:51,575 - Review.reviews.frd4p_review - INFO - Companies in group: 47, to exclude: 9
2025-12-15 16:35:51,575 - Review.reviews.frd4p_review - INFO - Processing sector: 1010.0, area: EU, group size: 24
2025-12-15 16:35:51,578 - Review.reviews.frd4p_review - INFO - Companies in group: 24, to exclude: 4
2025-12-15 16:35:51,578 - Review.reviews.frd4p_review - INFO - Processing sector: 1010.0, area: NA, group size: 81
2025-12-15 16:35:51,579 - Review.reviews.frd4p_review - INFO - Companies in group: 81, to exclude: 16
2025-12-15 16:35:51,579 - Review.reviews.frd4p_review - INFO - Processing sector: 1510.0, area: AS, group size: 10
2025-12-15 16:35:51,579 - Review.reviews.frd4p_review - INFO - Companies in group: 10, to exclude: 1
2025-12-15 16:35:51,579 - Review.reviews.frd4p_review - INFO - Processing sector: 1510.0, area: EU, group size: 19
2025-12-15 16:35:51,579 - Review.reviews.frd4p_review - INFO - Companies in group: 19, to exclude: 3
2025-12-15 16:35:51,579 - Review.reviews.frd4p_review - INFO - Processing sector: 1510.0, area: NA, group size: 11
2025-12-15 16:35:51,579 - Review.reviews.frd4p_review - INFO - Companies in group: 11, to exclude: 2
2025-12-15 16:35:51,579 - Review.reviews.frd4p_review - INFO - Processing sector: 2010.0, area: AS, group size: 29
2025-12-15 16:35:51,579 - Review.reviews.frd4p_review - INFO - Companies in group: 29, to exclude: 5
2025-12-15 16:35:51,579 - Review.reviews.frd4p_review - INFO - Processing sector: 2010.0, area: EU, group size: 45
2025-12-15 16:35:51,579 - Review.reviews.frd4p_review - INFO - Companies in group: 45, to exclude: 8
2025-12-15 16:35:51,579 - Review.reviews.frd4p_review - INFO - Processing sector: 2010.0, area: NA, group size: 48
2025-12-15 16:35:51,579 - Review.reviews.frd4p_review - INFO - Companies in group: 48, to exclude: 9
2025-12-15 16:35:51,579 - Review.reviews.frd4p_review - INFO - Processing sector: 3010.0, area: AS, group size: 32
2025-12-15 16:35:51,584 - Review.reviews.frd4p_review - INFO - Companies in group: 32, to exclude: 6
2025-12-15 16:35:51,584 - Review.reviews.frd4p_review - INFO - Processing sector: 3010.0, area: EU, group size: 48
2025-12-15 16:35:51,585 - Review.reviews.frd4p_review - INFO - Companies in group: 48, to exclude: 9
2025-12-15 16:35:51,585 - Review.reviews.frd4p_review - INFO - Processing sector: 3010.0, area: NA, group size: 19
2025-12-15 16:35:51,585 - Review.reviews.frd4p_review - INFO - Companies in group: 19, to exclude: 3
2025-12-15 16:35:51,585 - Review.reviews.frd4p_review - INFO - Processing sector: 3020.0, area: AS, group size: 16
2025-12-15 16:35:51,585 - Review.reviews.frd4p_review - INFO - Companies in group: 16, to exclude: 3
2025-12-15 16:35:51,585 - Review.reviews.frd4p_review - INFO - Processing sector: 3020.0, area: EU, group size: 34
2025-12-15 16:35:51,585 - Review.reviews.frd4p_review - INFO - Companies in group: 34, to exclude: 6
2025-12-15 16:35:51,585 - Review.reviews.frd4p_review - INFO - Processing sector: 3020.0, area: NA, group size: 31
2025-12-15 16:35:51,585 - Review.reviews.frd4p_review - INFO - Companies in group: 31, to exclude: 6
2025-12-15 16:35:51,585 - Review.reviews.frd4p_review - INFO - Processing sector: 3030.0, area: AS, group size: 16
2025-12-15 16:35:51,585 - Review.reviews.frd4p_review - INFO - Companies in group: 16, to exclude: 3
2025-12-15 16:35:51,585 - Review.reviews.frd4p_review - INFO - Processing sector: 3030.0, area: EU, group size: 28
2025-12-15 16:35:51,585 - Review.reviews.frd4p_review - INFO - Companies in group: 28, to exclude: 5
2025-12-15 16:35:51,585 - Review.reviews.frd4p_review - INFO - Processing sector: 3030.0, area: NA, group size: 24
2025-12-15 16:35:51,585 - Review.reviews.frd4p_review - INFO - Companies in group: 24, to exclude: 4
2025-12-15 16:35:51,585 - Review.reviews.frd4p_review - INFO - Processing sector: 3510.0, area: AS, group size: 46
2025-12-15 16:35:51,585 - Review.reviews.frd4p_review - INFO - Companies in group: 46, to exclude: 9
2025-12-15 16:35:51,585 - Review.reviews.frd4p_review - INFO - Processing sector: 3510.0, area: EU, group size: 26
2025-12-15 16:35:51,585 - Review.reviews.frd4p_review - INFO - Companies in group: 26, to exclude: 5
2025-12-15 16:35:51,585 - Review.reviews.frd4p_review - INFO - Processing sector: 3510.0, area: NA, group size: 18
2025-12-15 16:35:51,585 - Review.reviews.frd4p_review - INFO - Companies in group: 18, to exclude: 3
2025-12-15 16:35:51,585 - Review.reviews.frd4p_review - INFO - Processing sector: 4010.0, area: AS, group size: 16
2025-12-15 16:35:51,585 - Review.reviews.frd4p_review - INFO - Companies in group: 16, to exclude: 3
2025-12-15 16:35:51,585 - Review.reviews.frd4p_review - INFO - Processing sector: 4010.0, area: EU, group size: 15
2025-12-15 16:35:51,585 - Review.reviews.frd4p_review - INFO - Companies in group: 15, to exclude: 2
2025-12-15 16:35:51,585 - Review.reviews.frd4p_review - INFO - Processing sector: 4010.0, area: NA, group size: 4
2025-12-15 16:35:51,585 - Review.reviews.frd4p_review - INFO - Companies in group: 4, to exclude: 0
2025-12-15 16:35:51,585 - Review.reviews.frd4p_review - WARNING - No companies to exclude for sector 4010.0 and area NA
2025-12-15 16:35:51,585 - Review.reviews.frd4p_review - INFO - Processing sector: 4020.0, area: AS, group size: 26
2025-12-15 16:35:51,585 - Review.reviews.frd4p_review - INFO - Companies in group: 26, to exclude: 5
2025-12-15 16:35:51,585 - Review.reviews.frd4p_review - INFO - Processing sector: 4020.0, area: EU, group size: 22
2025-12-15 16:35:51,585 - Review.reviews.frd4p_review - INFO - Companies in group: 22, to exclude: 4
2025-12-15 16:35:51,585 - Review.reviews.frd4p_review - INFO - Processing sector: 4020.0, area: NA, group size: 18
2025-12-15 16:35:51,585 - Review.reviews.frd4p_review - INFO - Companies in group: 18, to exclude: 3
2025-12-15 16:35:51,585 - Review.reviews.frd4p_review - INFO - Processing sector: 4030.0, area: AS, group size: 5
2025-12-15 16:35:51,585 - Review.reviews.frd4p_review - INFO - Companies in group: 5, to exclude: 0
2025-12-15 16:35:51,585 - Review.reviews.frd4p_review - WARNING - No companies to exclude for sector 4030.0 and area AS
2025-12-15 16:35:51,585 - Review.reviews.frd4p_review - INFO - Processing sector: 4030.0, area: EU, group size: 8
2025-12-15 16:35:51,585 - Review.reviews.frd4p_review - INFO - Companies in group: 8, to exclude: 1
2025-12-15 16:35:51,594 - Review.reviews.frd4p_review - INFO - Processing sector: 4030.0, area: NA, group size: 6
2025-12-15 16:35:51,594 - Review.reviews.frd4p_review - INFO - Companies in group: 6, to exclude: 1
2025-12-15 16:35:51,594 - Review.reviews.frd4p_review - INFO - Processing sector: 4040.0, area: AS, group size: 15
2025-12-15 16:35:51,594 - Review.reviews.frd4p_review - INFO - Companies in group: 15, to exclude: 2
2025-12-15 16:35:51,594 - Review.reviews.frd4p_review - INFO - Processing sector: 4040.0, area: EU, group size: 9
2025-12-15 16:35:51,594 - Review.reviews.frd4p_review - INFO - Companies in group: 9, to exclude: 1
2025-12-15 16:35:51,594 - Review.reviews.frd4p_review - INFO - Processing sector: 4040.0, area: NA, group size: 21
2025-12-15 16:35:51,594 - Review.reviews.frd4p_review - INFO - Companies in group: 21, to exclude: 4
2025-12-15 16:35:51,594 - Review.reviews.frd4p_review - INFO - Processing sector: 4050.0, area: AS, group size: 19
2025-12-15 16:35:51,594 - Review.reviews.frd4p_review - INFO - Companies in group: 19, to exclude: 3
2025-12-15 16:35:51,594 - Review.reviews.frd4p_review - INFO - Processing sector: 4050.0, area: EU, group size: 13
2025-12-15 16:35:51,594 - Review.reviews.frd4p_review - INFO - Companies in group: 13, to exclude: 2
2025-12-15 16:35:51,594 - Review.reviews.frd4p_review - INFO - Processing sector: 4050.0, area: NA, group size: 19
2025-12-15 16:35:51,594 - Review.reviews.frd4p_review - INFO - Companies in group: 19, to exclude: 3
2025-12-15 16:35:51,594 - Review.reviews.frd4p_review - INFO - Processing sector: 4510.0, area: AS, group size: 24
2025-12-15 16:35:51,594 - Review.reviews.frd4p_review - INFO - Companies in group: 24, to exclude: 4
2025-12-15 16:35:51,594 - Review.reviews.frd4p_review - INFO - Processing sector: 4510.0, area: EU, group size: 25
2025-12-15 16:35:51,594 - Review.reviews.frd4p_review - INFO - Companies in group: 25, to exclude: 4
2025-12-15 16:35:51,594 - Review.reviews.frd4p_review - INFO - Processing sector: 4510.0, area: NA, group size: 15
2025-12-15 16:35:51,594 - Review.reviews.frd4p_review - INFO - Companies in group: 15, to exclude: 2
2025-12-15 16:35:51,594 - Review.reviews.frd4p_review - INFO - Processing sector: 4520.0, area: AS, group size: 15
2025-12-15 16:35:51,594 - Review.reviews.frd4p_review - INFO - Companies in group: 15, to exclude: 2
2025-12-15 16:35:51,594 - Review.reviews.frd4p_review - INFO - Processing sector: 4520.0, area: EU, group size: 11
2025-12-15 16:35:51,594 - Review.reviews.frd4p_review - INFO - Companies in group: 11, to exclude: 2
2025-12-15 16:35:51,600 - Review.reviews.frd4p_review - INFO - Processing sector: 4520.0, area: NA, group size: 12
2025-12-15 16:35:51,600 - Review.reviews.frd4p_review - INFO - Companies in group: 12, to exclude: 2
2025-12-15 16:35:51,600 - Review.reviews.frd4p_review - INFO - Processing sector: 5010.0, area: AS, group size: 21
2025-12-15 16:35:51,602 - Review.reviews.frd4p_review - INFO - Companies in group: 21, to exclude: 4
2025-12-15 16:35:51,602 - Review.reviews.frd4p_review - INFO - Processing sector: 5010.0, area: EU, group size: 30
2025-12-15 16:35:51,602 - Review.reviews.frd4p_review - INFO - Companies in group: 30, to exclude: 5
2025-12-15 16:35:51,602 - Review.reviews.frd4p_review - INFO - Processing sector: 5010.0, area: NA, group size: 10
2025-12-15 16:35:51,602 - Review.reviews.frd4p_review - INFO - Companies in group: 10, to exclude: 1
2025-12-15 16:35:51,602 - Review.reviews.frd4p_review - INFO - Processing sector: 5020.0, area: AS, group size: 89
2025-12-15 16:35:51,602 - Review.reviews.frd4p_review - INFO - Companies in group: 89, to exclude: 17
2025-12-15 16:35:51,602 - Review.reviews.frd4p_review - INFO - Processing sector: 5020.0, area: EU, group size: 95
2025-12-15 16:35:51,602 - Review.reviews.frd4p_review - INFO - Companies in group: 95, to exclude: 18
2025-12-15 16:35:51,602 - Review.reviews.frd4p_review - INFO - Processing sector: 5020.0, area: NA, group size: 78
2025-12-15 16:35:51,602 - Review.reviews.frd4p_review - INFO - Companies in group: 78, to exclude: 15
2025-12-15 16:35:51,602 - Review.reviews.frd4p_review - INFO - Processing sector: 5510.0, area: AS, group size: 27
2025-12-15 16:35:51,602 - Review.reviews.frd4p_review - INFO - Companies in group: 27, to exclude: 5
2025-12-15 16:35:51,602 - Review.reviews.frd4p_review - INFO - Processing sector: 5510.0, area: EU, group size: 17
2025-12-15 16:35:51,602 - Review.reviews.frd4p_review - INFO - Companies in group: 17, to exclude: 3
2025-12-15 16:35:51,602 - Review.reviews.frd4p_review - INFO - Processing sector: 5510.0, area: NA, group size: 13
2025-12-15 16:35:51,602 - Review.reviews.frd4p_review - INFO - Companies in group: 13, to exclude: 2
2025-12-15 16:35:51,602 - Review.reviews.frd4p_review - INFO - Processing sector: 5520.0, area: AS, group size: 17
2025-12-15 16:35:51,602 - Review.reviews.frd4p_review - INFO - Companies in group: 17, to exclude: 3
2025-12-15 16:35:51,602 - Review.reviews.frd4p_review - INFO - Processing sector: 5520.0, area: EU, group size: 17
2025-12-15 16:35:51,602 - Review.reviews.frd4p_review - INFO - Companies in group: 17, to exclude: 3
2025-12-15 16:35:51,602 - Review.reviews.frd4p_review - INFO - Processing sector: 5520.0, area: NA, group size: 5
2025-12-15 16:35:51,602 - Review.reviews.frd4p_review - INFO - Companies in group: 5, to exclude: 0
2025-12-15 16:35:51,602 - Review.reviews.frd4p_review - WARNING - No companies to exclude for sector 5520.0 and area NA
2025-12-15 16:35:51,602 - Review.reviews.frd4p_review - INFO - Processing sector: 6010.0, area: AS, group size: 11
2025-12-15 16:35:51,602 - Review.reviews.frd4p_review - INFO - Companies in group: 11, to exclude: 2
2025-12-15 16:35:51,602 - Review.reviews.frd4p_review - INFO - Processing sector: 6010.0, area: EU, group size: 22
2025-12-15 16:35:51,602 - Review.reviews.frd4p_review - INFO - Companies in group: 22, to exclude: 4
2025-12-15 16:35:51,602 - Review.reviews.frd4p_review - INFO - Processing sector: 6010.0, area: NA, group size: 34
2025-12-15 16:35:51,602 - Review.reviews.frd4p_review - INFO - Companies in group: 34, to exclude: 6
2025-12-15 16:35:51,602 - Review.reviews.frd4p_review - INFO - Processing sector: 6510.0, area: AS, group size: 19
2025-12-15 16:35:51,602 - Review.reviews.frd4p_review - INFO - Companies in group: 19, to exclude: 3
2025-12-15 16:35:51,602 - Review.reviews.frd4p_review - INFO - Processing sector: 6510.0, area: EU, group size: 26
2025-12-15 16:35:51,610 - Review.reviews.frd4p_review - INFO - Companies in group: 26, to exclude: 5
2025-12-15 16:35:51,610 - Review.reviews.frd4p_review - INFO - Processing sector: 6510.0, area: NA, group size: 33
2025-12-15 16:35:51,610 - Review.reviews.frd4p_review - INFO - Companies in group: 33, to exclude: 6
2025-12-15 16:35:51,635 - Review.reviews.frd4p_review - INFO - Checking IsinCode FRIX00003031 in index_eod_df
2025-12-15 16:35:51,635 - Review.reviews.frd4p_review - INFO - Found 1 matching rows
2025-12-15 16:35:51,651 - Review.reviews.frd4p_review - INFO - Saving FRD4P output to: C:\Users\CSonneveld\OneDrive - Euronext\Documents\Projects\GUI + Reviews\output\FRD4P_df_20251215_163551.xlsx
2025-12-15 16:35:52,717 - werkzeug - INFO - 127.0.0.1 - - [15/Dec/2025 16:35:52] "GET /task-status/1da752b2-2ebe-40ad-bed1-d1903dbe8a84 HTTP/1.1" 200 -
2025-12-15 16:47:30,014 - werkzeug - INFO - 127.0.0.1 - - [15/Dec/2025 16:47:30] "POST /calculate HTTP/1.1" 200 -
2025-12-15 16:47:30,014 - Review.reviews.frd4p_review - INFO - Loading EOD data...
2025-12-15 16:47:30,014 - werkzeug - INFO - 127.0.0.1 - - [15/Dec/2025 16:47:30] "GET /task-status/4afd7c2e-e4b6-4026-b0af-9ffc8423cfc5 HTTP/1.1" 200 -
2025-12-15 16:47:30,563 - Review.reviews.frd4p_review - INFO - Loading reference data...
2025-12-15 16:47:32,038 - werkzeug - INFO - 127.0.0.1 - - [15/Dec/2025 16:47:32] "GET /task-status/4afd7c2e-e4b6-4026-b0af-9ffc8423cfc5 HTTP/1.1" 200 -
2025-12-15 16:47:34,042 - werkzeug - INFO - 127.0.0.1 - - [15/Dec/2025 16:47:34] "GET /task-status/4afd7c2e-e4b6-4026-b0af-9ffc8423cfc5 HTTP/1.1" 200 -
2025-12-15 16:47:36,030 - werkzeug - INFO - 127.0.0.1 - - [15/Dec/2025 16:47:36] "GET /task-status/4afd7c2e-e4b6-4026-b0af-9ffc8423cfc5 HTTP/1.1" 200 -
2025-12-15 16:47:38,084 - werkzeug - INFO - 127.0.0.1 - - [15/Dec/2025 16:47:38] "GET /task-status/4afd7c2e-e4b6-4026-b0af-9ffc8423cfc5 HTTP/1.1" 200 -
2025-12-15 16:47:40,037 - werkzeug - INFO - 127.0.0.1 - - [15/Dec/2025 16:47:40] "GET /task-status/4afd7c2e-e4b6-4026-b0af-9ffc8423cfc5 HTTP/1.1" 200 -
2025-12-15 16:47:42,033 - werkzeug - INFO - 127.0.0.1 - - [15/Dec/2025 16:47:42] "GET /task-status/4afd7c2e-e4b6-4026-b0af-9ffc8423cfc5 HTTP/1.1" 200 -
2025-12-15 16:47:44,030 - werkzeug - INFO - 127.0.0.1 - - [15/Dec/2025 16:47:44] "GET /task-status/4afd7c2e-e4b6-4026-b0af-9ffc8423cfc5 HTTP/1.1" 200 -
2025-12-15 16:47:45,673 - Review.reviews.frd4p_review - INFO - Processing sector: 1010.0, area: AS, group size: 47
2025-12-15 16:47:45,673 - Review.reviews.frd4p_review - INFO - Companies in group: 47, to exclude: 9
2025-12-15 16:47:45,673 - Review.reviews.frd4p_review - INFO - Processing sector: 1010.0, area: EU, group size: 24
2025-12-15 16:47:45,673 - Review.reviews.frd4p_review - INFO - Companies in group: 24, to exclude: 4
2025-12-15 16:47:45,673 - Review.reviews.frd4p_review - INFO - Processing sector: 1010.0, area: NA, group size: 81
2025-12-15 16:47:45,673 - Review.reviews.frd4p_review - INFO - Companies in group: 81, to exclude: 16
2025-12-15 16:47:45,673 - Review.reviews.frd4p_review - INFO - Processing sector: 1510.0, area: AS, group size: 10
2025-12-15 16:47:45,673 - Review.reviews.frd4p_review - INFO - Companies in group: 10, to exclude: 1
2025-12-15 16:47:45,673 - Review.reviews.frd4p_review - INFO - Processing sector: 1510.0, area: EU, group size: 19
2025-12-15 16:47:45,673 - Review.reviews.frd4p_review - INFO - Companies in group: 19, to exclude: 3
2025-12-15 16:47:45,673 - Review.reviews.frd4p_review - INFO - Processing sector: 1510.0, area: NA, group size: 11
2025-12-15 16:47:45,673 - Review.reviews.frd4p_review - INFO - Companies in group: 11, to exclude: 2
2025-12-15 16:47:45,673 - Review.reviews.frd4p_review - INFO - Processing sector: 2010.0, area: AS, group size: 29
2025-12-15 16:47:45,673 - Review.reviews.frd4p_review - INFO - Companies in group: 29, to exclude: 5
2025-12-15 16:47:45,673 - Review.reviews.frd4p_review - INFO - Processing sector: 2010.0, area: EU, group size: 45
2025-12-15 16:47:45,679 - Review.reviews.frd4p_review - INFO - Companies in group: 45, to exclude: 8
2025-12-15 16:47:45,680 - Review.reviews.frd4p_review - INFO - Processing sector: 2010.0, area: NA, group size: 48
2025-12-15 16:47:45,680 - Review.reviews.frd4p_review - INFO - Companies in group: 48, to exclude: 9
2025-12-15 16:47:45,680 - Review.reviews.frd4p_review - INFO - Processing sector: 3010.0, area: AS, group size: 32
2025-12-15 16:47:45,680 - Review.reviews.frd4p_review - INFO - Companies in group: 32, to exclude: 6
2025-12-15 16:47:45,680 - Review.reviews.frd4p_review - INFO - Processing sector: 3010.0, area: EU, group size: 48
2025-12-15 16:47:45,680 - Review.reviews.frd4p_review - INFO - Companies in group: 48, to exclude: 9
2025-12-15 16:47:45,680 - Review.reviews.frd4p_review - INFO - Processing sector: 3010.0, area: NA, group size: 19
2025-12-15 16:47:45,680 - Review.reviews.frd4p_review - INFO - Companies in group: 19, to exclude: 3
2025-12-15 16:47:45,680 - Review.reviews.frd4p_review - INFO - Processing sector: 3020.0, area: AS, group size: 16
2025-12-15 16:47:45,680 - Review.reviews.frd4p_review - INFO - Companies in group: 16, to exclude: 3
2025-12-15 16:47:45,680 - Review.reviews.frd4p_review - INFO - Processing sector: 3020.0, area: EU, group size: 34
2025-12-15 16:47:45,680 - Review.reviews.frd4p_review - INFO - Companies in group: 34, to exclude: 6
2025-12-15 16:47:45,680 - Review.reviews.frd4p_review - INFO - Processing sector: 3020.0, area: NA, group size: 31
2025-12-15 16:47:45,680 - Review.reviews.frd4p_review - INFO - Companies in group: 31, to exclude: 6
2025-12-15 16:47:45,680 - Review.reviews.frd4p_review - INFO - Processing sector: 3030.0, area: AS, group size: 16
2025-12-15 16:47:45,680 - Review.reviews.frd4p_review - INFO - Companies in group: 16, to exclude: 3
2025-12-15 16:47:45,680 - Review.reviews.frd4p_review - INFO - Processing sector: 3030.0, area: EU, group size: 28
2025-12-15 16:47:45,680 - Review.reviews.frd4p_review - INFO - Companies in group: 28, to exclude: 5
2025-12-15 16:47:45,680 - Review.reviews.frd4p_review - INFO - Processing sector: 3030.0, area: NA, group size: 24
2025-12-15 16:47:45,680 - Review.reviews.frd4p_review - INFO - Companies in group: 24, to exclude: 4
2025-12-15 16:47:45,680 - Review.reviews.frd4p_review - INFO - Processing sector: 3510.0, area: AS, group size: 46
2025-12-15 16:47:45,680 - Review.reviews.frd4p_review - INFO - Companies in group: 46, to exclude: 9
2025-12-15 16:47:45,680 - Review.reviews.frd4p_review - INFO - Processing sector: 3510.0, area: EU, group size: 26
2025-12-15 16:47:45,680 - Review.reviews.frd4p_review - INFO - Companies in group: 26, to exclude: 5
2025-12-15 16:47:45,680 - Review.reviews.frd4p_review - INFO - Processing sector: 3510.0, area: NA, group size: 18
2025-12-15 16:47:45,680 - Review.reviews.frd4p_review - INFO - Companies in group: 18, to exclude: 3
2025-12-15 16:47:45,680 - Review.reviews.frd4p_review - INFO - Processing sector: 4010.0, area: AS, group size: 16
2025-12-15 16:47:45,680 - Review.reviews.frd4p_review - INFO - Companies in group: 16, to exclude: 3
2025-12-15 16:47:45,680 - Review.reviews.frd4p_review - INFO - Processing sector: 4010.0, area: EU, group size: 15
2025-12-15 16:47:45,680 - Review.reviews.frd4p_review - INFO - Companies in group: 15, to exclude: 2
2025-12-15 16:47:45,680 - Review.reviews.frd4p_review - INFO - Processing sector: 4010.0, area: NA, group size: 4
2025-12-15 16:47:45,680 - Review.reviews.frd4p_review - INFO - Companies in group: 4, to exclude: 0
2025-12-15 16:47:45,680 - Review.reviews.frd4p_review - WARNING - No companies to exclude for sector 4010.0 and area NA
2025-12-15 16:47:45,680 - Review.reviews.frd4p_review - INFO - Processing sector: 4020.0, area: AS, group size: 26
2025-12-15 16:47:45,680 - Review.reviews.frd4p_review - INFO - Companies in group: 26, to exclude: 5
2025-12-15 16:47:45,680 - Review.reviews.frd4p_review - INFO - Processing sector: 4020.0, area: EU, group size: 22
2025-12-15 16:47:45,680 - Review.reviews.frd4p_review - INFO - Companies in group: 22, to exclude: 4
2025-12-15 16:47:45,680 - Review.reviews.frd4p_review - INFO - Processing sector: 4020.0, area: NA, group size: 18
2025-12-15 16:47:45,680 - Review.reviews.frd4p_review - INFO - Companies in group: 18, to exclude: 3
2025-12-15 16:47:45,680 - Review.reviews.frd4p_review - INFO - Processing sector: 4030.0, area: AS, group size: 5
2025-12-15 16:47:45,680 - Review.reviews.frd4p_review - INFO - Companies in group: 5, to exclude: 0
2025-12-15 16:47:45,680 - Review.reviews.frd4p_review - WARNING - No companies to exclude for sector 4030.0 and area AS
2025-12-15 16:47:45,680 - Review.reviews.frd4p_review - INFO - Processing sector: 4030.0, area: EU, group size: 8
2025-12-15 16:47:45,680 - Review.reviews.frd4p_review - INFO - Companies in group: 8, to exclude: 1
2025-12-15 16:47:45,680 - Review.reviews.frd4p_review - INFO - Processing sector: 4030.0, area: NA, group size: 6
2025-12-15 16:47:45,680 - Review.reviews.frd4p_review - INFO - Companies in group: 6, to exclude: 1
2025-12-15 16:47:45,680 - Review.reviews.frd4p_review - INFO - Processing sector: 4040.0, area: AS, group size: 15
2025-12-15 16:47:45,680 - Review.reviews.frd4p_review - INFO - Companies in group: 15, to exclude: 2
2025-12-15 16:47:45,680 - Review.reviews.frd4p_review - INFO - Processing sector: 4040.0, area: EU, group size: 9
2025-12-15 16:47:45,680 - Review.reviews.frd4p_review - INFO - Companies in group: 9, to exclude: 1
2025-12-15 16:47:45,680 - Review.reviews.frd4p_review - INFO - Processing sector: 4040.0, area: NA, group size: 21
2025-12-15 16:47:45,696 - Review.reviews.frd4p_review - INFO - Companies in group: 21, to exclude: 4
2025-12-15 16:47:45,696 - Review.reviews.frd4p_review - INFO - Processing sector: 4050.0, area: AS, group size: 19
2025-12-15 16:47:45,697 - Review.reviews.frd4p_review - INFO - Companies in group: 19, to exclude: 3
2025-12-15 16:47:45,697 - Review.reviews.frd4p_review - INFO - Processing sector: 4050.0, area: EU, group size: 13
2025-12-15 16:47:45,697 - Review.reviews.frd4p_review - INFO - Companies in group: 13, to exclude: 2
2025-12-15 16:47:45,698 - Review.reviews.frd4p_review - INFO - Processing sector: 4050.0, area: NA, group size: 19
2025-12-15 16:47:45,698 - Review.reviews.frd4p_review - INFO - Companies in group: 19, to exclude: 3
2025-12-15 16:47:45,698 - Review.reviews.frd4p_review - INFO - Processing sector: 4510.0, area: AS, group size: 24
2025-12-15 16:47:45,698 - Review.reviews.frd4p_review - INFO - Companies in group: 24, to exclude: 4
2025-12-15 16:47:45,698 - Review.reviews.frd4p_review - INFO - Processing sector: 4510.0, area: EU, group size: 25
2025-12-15 16:47:45,698 - Review.reviews.frd4p_review - INFO - Companies in group: 25, to exclude: 4
2025-12-15 16:47:45,698 - Review.reviews.frd4p_review - INFO - Processing sector: 4510.0, area: NA, group size: 15
2025-12-15 16:47:45,698 - Review.reviews.frd4p_review - INFO - Companies in group: 15, to exclude: 2
2025-12-15 16:47:45,698 - Review.reviews.frd4p_review - INFO - Processing sector: 4520.0, area: AS, group size: 15
2025-12-15 16:47:45,698 - Review.reviews.frd4p_review - INFO - Companies in group: 15, to exclude: 2
2025-12-15 16:47:45,698 - Review.reviews.frd4p_review - INFO - Processing sector: 4520.0, area: EU, group size: 11
2025-12-15 16:47:45,698 - Review.reviews.frd4p_review - INFO - Companies in group: 11, to exclude: 2
2025-12-15 16:47:45,698 - Review.reviews.frd4p_review - INFO - Processing sector: 4520.0, area: NA, group size: 12
2025-12-15 16:47:45,698 - Review.reviews.frd4p_review - INFO - Companies in group: 12, to exclude: 2
2025-12-15 16:47:45,698 - Review.reviews.frd4p_review - INFO - Processing sector: 5010.0, area: AS, group size: 21
2025-12-15 16:47:45,698 - Review.reviews.frd4p_review - INFO - Companies in group: 21, to exclude: 4
2025-12-15 16:47:45,698 - Review.reviews.frd4p_review - INFO - Processing sector: 5010.0, area: EU, group size: 30
2025-12-15 16:47:45,698 - Review.reviews.frd4p_review - INFO - Companies in group: 30, to exclude: 5
2025-12-15 16:47:45,698 - Review.reviews.frd4p_review - INFO - Processing sector: 5010.0, area: NA, group size: 10
2025-12-15 16:47:45,698 - Review.reviews.frd4p_review - INFO - Companies in group: 10, to exclude: 1
2025-12-15 16:47:45,698 - Review.reviews.frd4p_review - INFO - Processing sector: 5020.0, area: AS, group size: 89
2025-12-15 16:47:45,698 - Review.reviews.frd4p_review - INFO - Companies in group: 89, to exclude: 17
2025-12-15 16:47:45,698 - Review.reviews.frd4p_review - INFO - Processing sector: 5020.0, area: EU, group size: 95
2025-12-15 16:47:45,698 - Review.reviews.frd4p_review - INFO - Companies in group: 95, to exclude: 18
2025-12-15 16:47:45,698 - Review.reviews.frd4p_review - INFO - Processing sector: 5020.0, area: NA, group size: 78
2025-12-15 16:47:45,698 - Review.reviews.frd4p_review - INFO - Companies in group: 78, to exclude: 15
2025-12-15 16:47:45,698 - Review.reviews.frd4p_review - INFO - Processing sector: 5510.0, area: AS, group size: 27
2025-12-15 16:47:45,698 - Review.reviews.frd4p_review - INFO - Companies in group: 27, to exclude: 5
2025-12-15 16:47:45,698 - Review.reviews.frd4p_review - INFO - Processing sector: 5510.0, area: EU, group size: 17
2025-12-15 16:47:45,698 - Review.reviews.frd4p_review - INFO - Companies in group: 17, to exclude: 3
2025-12-15 16:47:45,698 - Review.reviews.frd4p_review - INFO - Processing sector: 5510.0, area: NA, group size: 13
2025-12-15 16:47:45,698 - Review.reviews.frd4p_review - INFO - Companies in group: 13, to exclude: 2
2025-12-15 16:47:45,698 - Review.reviews.frd4p_review - INFO - Processing sector: 5520.0, area: AS, group size: 17
2025-12-15 16:47:45,698 - Review.reviews.frd4p_review - INFO - Companies in group: 17, to exclude: 3
2025-12-15 16:47:45,698 - Review.reviews.frd4p_review - INFO - Processing sector: 5520.0, area: EU, group size: 17
2025-12-15 16:47:45,698 - Review.reviews.frd4p_review - INFO - Companies in group: 17, to exclude: 3
2025-12-15 16:47:45,698 - Review.reviews.frd4p_review - INFO - Processing sector: 5520.0, area: NA, group size: 5
2025-12-15 16:47:45,698 - Review.reviews.frd4p_review - INFO - Companies in group: 5, to exclude: 0
2025-12-15 16:47:45,698 - Review.reviews.frd4p_review - WARNING - No companies to exclude for sector 5520.0 and area NA
2025-12-15 16:47:45,698 - Review.reviews.frd4p_review - INFO - Processing sector: 6010.0, area: AS, group size: 11
2025-12-15 16:47:45,698 - Review.reviews.frd4p_review - INFO - Companies in group: 11, to exclude: 2
2025-12-15 16:47:45,698 - Review.reviews.frd4p_review - INFO - Processing sector: 6010.0, area: EU, group size: 22
2025-12-15 16:47:45,698 - Review.reviews.frd4p_review - INFO - Companies in group: 22, to exclude: 4
2025-12-15 16:47:45,698 - Review.reviews.frd4p_review - INFO - Processing sector: 6010.0, area: NA, group size: 34
2025-12-15 16:47:45,698 - Review.reviews.frd4p_review - INFO - Companies in group: 34, to exclude: 6
2025-12-15 16:47:45,698 - Review.reviews.frd4p_review - INFO - Processing sector: 6510.0, area: AS, group size: 19
2025-12-15 16:47:45,698 - Review.reviews.frd4p_review - INFO - Companies in group: 19, to exclude: 3
2025-12-15 16:47:45,698 - Review.reviews.frd4p_review - INFO - Processing sector: 6510.0, area: EU, group size: 26
2025-12-15 16:47:45,698 - Review.reviews.frd4p_review - INFO - Companies in group: 26, to exclude: 5
2025-12-15 16:47:45,698 - Review.reviews.frd4p_review - INFO - Processing sector: 6510.0, area: NA, group size: 33
2025-12-15 16:47:45,698 - Review.reviews.frd4p_review - INFO - Companies in group: 33, to exclude: 6
2025-12-15 16:47:45,748 - Review.reviews.frd4p_review - INFO - Checking IsinCode FRIX00003031 in index_eod_df
2025-12-15 16:47:45,748 - Review.reviews.frd4p_review - INFO - Found 1 matching rows
2025-12-15 16:47:45,765 - Review.reviews.frd4p_review - INFO - Saving FRD4P output to: C:\Users\CSonneveld\OneDrive - Euronext\Documents\Projects\GUI + Reviews\output\FRD4P_df_20251215_164745.xlsx
2025-12-15 16:47:46,096 - werkzeug - INFO - 127.0.0.1 - - [15/Dec/2025 16:47:46] "GET /task-status/4afd7c2e-e4b6-4026-b0af-9ffc8423cfc5 HTTP/1.1" 200 -
2025-12-15 16:47:48,032 - werkzeug - INFO - 127.0.0.1 - - [15/Dec/2025 16:47:48] "GET /task-status/4afd7c2e-e4b6-4026-b0af-9ffc8423cfc5 HTTP/1.1" 200 -
2025-12-15 16:56:52,140 - werkzeug - INFO -  * Detected change in 'C:\\Users\\CSonneveld\\OneDrive - Euronext\\Documents\\Projects\\GUI + Reviews\\Review\\reviews\\frd4p_review.py', reloading
2025-12-15 16:56:52,140 - werkzeug - INFO -  * Detected change in 'C:\\Users\\CSonneveld\\OneDrive - Euronext\\Documents\\Projects\\GUI + Reviews\\Review\\reviews\\frd4p_review.py', reloading
