2025-07-23 16:28:18,553 - werkzeug - WARNING -  * Debugger is active!
2025-07-23 16:28:18,553 - werkzeug - INFO -  * Debugger PIN: 691-175-853
2025-07-23 16:28:19,339 - Review.reviews.eri5p_review - INFO - Loading EOD data...
2025-07-23 16:28:20,035 - Review.reviews.eri5p_review - INFO - Loading reference data...
2025-07-23 16:28:21,384 - Review.reviews.eri5p_review - INFO - Total universe: 300 companies
2025-07-23 16:28:21,384 - Review.reviews.eri5p_review - INFO - Total excluded: 168 companies
2025-07-23 16:28:21,384 - Review.reviews.eri5p_review - INFO - Eligible for selection: 132 companies
2025-07-23 16:28:21,384 - Review.reviews.eri5p_review - INFO - Selecting top 50 companies ranked by Sustainability Score (with FFMC as tiebreaker) from eligible companies...
2025-07-23 16:28:21,393 - Review.reviews.eri5p_review - INFO - Saving ERI5P output to: C:\Users\CSonneveld\OneDrive - Euronext\Documents\Projects\GUI + Reviews\output\ERI5P_df_20250723_162821.xlsx
2025-07-23 16:28:21,640 - werkzeug - INFO - 127.0.0.1 - - [23/Jul/2025 16:28:21] "POST /calculate HTTP/1.1" 200 -
2025-07-23 16:31:30,356 - Review.reviews.eri5p_review - INFO - Loading EOD data...
2025-07-23 16:31:33,574 - Review.reviews.eri5p_review - INFO - Loading reference data...
2025-07-23 16:31:34,773 - Review.reviews.eri5p_review - INFO - Total universe: 300 companies
2025-07-23 16:31:34,773 - Review.reviews.eri5p_review - INFO - Total excluded: 168 companies
2025-07-23 16:31:34,773 - Review.reviews.eri5p_review - INFO - Eligible for selection: 132 companies
2025-07-23 16:31:34,773 - Review.reviews.eri5p_review - INFO - Selecting top 50 companies ranked by Sustainability Score (with FFMC as tiebreaker) from eligible companies...
2025-07-23 16:31:34,773 - Review.reviews.eri5p_review - INFO - Saving ERI5P output to: C:\Users\CSonneveld\OneDrive - Euronext\Documents\Projects\GUI + Reviews\output\ERI5P_df_20250723_163134.xlsx
2025-07-23 16:31:34,950 - werkzeug - INFO - 127.0.0.1 - - [23/Jul/2025 16:31:34] "POST /calculate HTTP/1.1" 200 -
2025-07-23 16:37:04,273 - werkzeug - INFO -  * Detected change in 'C:\\Users\\CSonneveld\\OneDrive - Euronext\\Documents\\Projects\\GUI + Reviews\\Review\\reviews\\eri5p_review.py', reloading
2025-07-23 16:37:04,273 - werkzeug - INFO -  * Detected change in 'C:\\Users\\CSonneveld\\OneDrive - Euronext\\Documents\\Projects\\GUI + Reviews\\Review\\reviews\\eri5p_review.py', reloading
2025-07-23 16:37:04,273 - werkzeug - INFO -  * Detected change in 'C:\\Users\\CSonneveld\\OneDrive - Euronext\\Documents\\Projects\\GUI + Reviews\\Review\\reviews\\eri5p_review.py', reloading
