2025-01-21 14:20:45,846 - werkzeug - WARNING -  * Debugger is active!
2025-01-21 14:20:45,848 - werkzeug - INFO -  * Debugger PIN: 691-175-853
2025-01-21 14:20:49,731 - Review.reviews.edwpt_review - INFO - Starting EDWPT review calculation
2025-01-21 14:20:49,733 - Review.reviews.edwpt_review - ERROR - Error during review calculation: [Errno 2] No such file or directory: 'C:\\Users\\CSonneveld\\OneDrive - Euronext\\Documents\\Projects\\GUI + Reviews\\202401\\FF.xlsx'
2025-01-21 14:20:49,735 - Review.reviews.edwpt_review - ERROR - Traceback (most recent call last):
  File "C:\Users\CSonneveld\OneDrive - Euronext\Documents\Projects\GUI + Reviews\Review\reviews\edwpt_review.py", line 68, in run_edwpt_review
    ff_df = pd.read_excel(os.path.join(current_data_folder, "FF.xlsx"))
            ^^^^^^^^^^^^^^^^^^^^^^^^^^^^^^^^^^^^^^^^^^^^^^^^^^^^^^^^^^^
  File "C:\Users\CSonneveld\AppData\Roaming\Python\Python312\site-packages\pandas\io\excel\_base.py", line 495, in read_excel
    io = ExcelFile(
         ^^^^^^^^^^
  File "C:\Users\CSonneveld\AppData\Roaming\Python\Python312\site-packages\pandas\io\excel\_base.py", line 1550, in __init__
    ext = inspect_excel_format(
          ^^^^^^^^^^^^^^^^^^^^^
  File "C:\Users\CSonneveld\AppData\Roaming\Python\Python312\site-packages\pandas\io\excel\_base.py", line 1402, in inspect_excel_format
    with get_handle(
         ^^^^^^^^^^^
  File "C:\Users\CSonneveld\AppData\Roaming\Python\Python312\site-packages\pandas\io\common.py", line 882, in get_handle
    handle = open(handle, ioargs.mode)
             ^^^^^^^^^^^^^^^^^^^^^^^^^
FileNotFoundError: [Errno 2] No such file or directory: 'C:\\Users\\CSonneveld\\OneDrive - Euronext\\Documents\\Projects\\GUI + Reviews\\202401\\FF.xlsx'

2025-01-21 14:20:49,739 - werkzeug - INFO - 127.0.0.1 - - [21/Jan/2025 14:20:49] "POST /calculate HTTP/1.1" 200 -
2025-01-21 14:20:50,435 - Review.reviews.edwpt_review - INFO - Starting EDWPT review calculation
2025-01-21 14:20:50,436 - Review.reviews.edwpt_review - ERROR - Error during review calculation: [Errno 2] No such file or directory: 'C:\\Users\\CSonneveld\\OneDrive - Euronext\\Documents\\Projects\\GUI + Reviews\\202401\\FF.xlsx'
2025-01-21 14:20:50,438 - Review.reviews.edwpt_review - ERROR - Traceback (most recent call last):
  File "C:\Users\CSonneveld\OneDrive - Euronext\Documents\Projects\GUI + Reviews\Review\reviews\edwpt_review.py", line 68, in run_edwpt_review
    ff_df = pd.read_excel(os.path.join(current_data_folder, "FF.xlsx"))
            ^^^^^^^^^^^^^^^^^^^^^^^^^^^^^^^^^^^^^^^^^^^^^^^^^^^^^^^^^^^
  File "C:\Users\CSonneveld\AppData\Roaming\Python\Python312\site-packages\pandas\io\excel\_base.py", line 495, in read_excel
    io = ExcelFile(
         ^^^^^^^^^^
  File "C:\Users\CSonneveld\AppData\Roaming\Python\Python312\site-packages\pandas\io\excel\_base.py", line 1550, in __init__
    ext = inspect_excel_format(
          ^^^^^^^^^^^^^^^^^^^^^
  File "C:\Users\CSonneveld\AppData\Roaming\Python\Python312\site-packages\pandas\io\excel\_base.py", line 1402, in inspect_excel_format
    with get_handle(
         ^^^^^^^^^^^
  File "C:\Users\CSonneveld\AppData\Roaming\Python\Python312\site-packages\pandas\io\common.py", line 882, in get_handle
    handle = open(handle, ioargs.mode)
             ^^^^^^^^^^^^^^^^^^^^^^^^^
FileNotFoundError: [Errno 2] No such file or directory: 'C:\\Users\\CSonneveld\\OneDrive - Euronext\\Documents\\Projects\\GUI + Reviews\\202401\\FF.xlsx'

2025-01-21 14:20:50,440 - werkzeug - INFO - 127.0.0.1 - - [21/Jan/2025 14:20:50] "POST /calculate HTTP/1.1" 200 -
2025-01-21 14:20:55,486 - Review.reviews.edwpt_review - INFO - Starting EDWPT review calculation
2025-01-21 14:20:55,531 - werkzeug - INFO -  * Detected change in 'C:\\Program Files\\Python312\\Lib\\xml\\etree\\__init__.py', reloading
2025-01-21 14:20:55,541 - werkzeug - INFO -  * Detected change in 'C:\\Program Files\\Python312\\Lib\\xml\\etree\\ElementTree.py', reloading
2025-01-21 14:20:55,544 - werkzeug - INFO -  * Detected change in 'C:\\Program Files\\Python312\\Lib\\xml\\etree\\ElementPath.py', reloading
2025-01-21 14:20:55,856 - Review.reviews.edwpt_review - ERROR - Error during review calculation: [Errno 13] Permission denied: 'C:\\Users\\CSonneveld\\OneDrive - Euronext\\Documents\\Projects\\GUI + Reviews\\202501\\98% Universe.xlsx'
2025-01-21 14:20:55,857 - Review.reviews.edwpt_review - ERROR - Traceback (most recent call last):
  File "C:\Users\CSonneveld\OneDrive - Euronext\Documents\Projects\GUI + Reviews\Review\reviews\edwpt_review.py", line 70, in run_edwpt_review
    full_universe_df = pd.read_excel(
                       ^^^^^^^^^^^^^^
  File "C:\Users\CSonneveld\AppData\Roaming\Python\Python312\site-packages\pandas\io\excel\_base.py", line 495, in read_excel
    io = ExcelFile(
         ^^^^^^^^^^
  File "C:\Users\CSonneveld\AppData\Roaming\Python\Python312\site-packages\pandas\io\excel\_base.py", line 1550, in __init__
    ext = inspect_excel_format(
          ^^^^^^^^^^^^^^^^^^^^^
  File "C:\Users\CSonneveld\AppData\Roaming\Python\Python312\site-packages\pandas\io\excel\_base.py", line 1402, in inspect_excel_format
    with get_handle(
         ^^^^^^^^^^^
  File "C:\Users\CSonneveld\AppData\Roaming\Python\Python312\site-packages\pandas\io\common.py", line 882, in get_handle
    handle = open(handle, ioargs.mode)
             ^^^^^^^^^^^^^^^^^^^^^^^^^
PermissionError: [Errno 13] Permission denied: 'C:\\Users\\CSonneveld\\OneDrive - Euronext\\Documents\\Projects\\GUI + Reviews\\202501\\98% Universe.xlsx'

2025-01-21 14:20:55,860 - werkzeug - INFO - 127.0.0.1 - - [21/Jan/2025 14:20:55] "POST /calculate HTTP/1.1" 200 -
