2025-07-22 13:36:33,245 - werkzeug - INFO - [31m[1mWARNING: This is a development server. Do not use it in a production deployment. Use a production WSGI server instead.[0m
 * Running on all addresses (0.0.0.0)
 * Running on http://127.0.0.1:5000
 * Running on http://10.199.43.197:5000
2025-07-22 13:36:33,245 - werkzeug - INFO - [33mPress CTRL+C to quit[0m
2025-07-22 13:36:33,288 - werkzeug - INFO -  * Restarting with watchdog (windowsapi)
2025-07-22 13:36:36,212 - werkzeug - INFO -  * Restarting with watchdog (windowsapi)
2025-07-22 13:36:42,172 - werkzeug - INFO -  * Restarting with watchdog (windowsapi)
2025-07-22 13:36:48,201 - werkzeug - INFO -  * Restarting with watchdog (windowsapi)
2025-07-22 13:38:24,738 - werkzeug - INFO -  * Restarting with watchdog (windowsapi)
2025-07-22 13:38:26,614 - werkzeug - INFO -  * Restarting with watchdog (windowsapi)
2025-07-22 13:38:33,056 - werkzeug - INFO -  * Restarting with watchdog (windowsapi)
2025-07-22 13:38:46,022 - werkzeug - INFO -  * Restarting with watchdog (windowsapi)
2025-07-22 13:38:59,950 - werkzeug - INFO -  * Restarting with watchdog (windowsapi)
2025-07-22 13:39:29,050 - werkzeug - INFO -  * Restarting with watchdog (windowsapi)
2025-07-22 13:39:58,309 - werkzeug - INFO -  * Restarting with watchdog (windowsapi)
2025-07-22 13:41:54,506 - werkzeug - INFO -  * Restarting with watchdog (windowsapi)
2025-07-22 13:57:21,945 - werkzeug - INFO -  * Restarting with watchdog (windowsapi)
2025-07-22 13:59:25,496 - werkzeug - INFO -  * Restarting with watchdog (windowsapi)
2025-07-22 13:59:28,368 - werkzeug - INFO -  * Restarting with watchdog (windowsapi)
2025-07-22 13:59:36,339 - werkzeug - INFO -  * Restarting with watchdog (windowsapi)
2025-07-22 13:59:53,375 - werkzeug - INFO -  * Restarting with watchdog (windowsapi)
2025-07-22 14:00:48,807 - werkzeug - INFO -  * Restarting with watchdog (windowsapi)
