2025-02-10 15:22:44,394 - werkzeug - INFO - [31m[1mWARNING: This is a development server. Do not use it in a production deployment. Use a production WSGI server instead.[0m
 * Running on http://127.0.0.1:5000
2025-02-10 15:22:44,395 - werkzeug - INFO - [33mPress CTRL+C to quit[0m
2025-02-10 15:22:44,403 - werkzeug - INFO -  * Restarting with watchdog (windowsapi)
2025-02-10 15:22:44,895 - werkzeug - WARNING -  * Debugger is active!
2025-02-10 15:22:44,898 - werkzeug - INFO -  * Debugger PIN: 691-175-853
2025-02-10 15:22:45,122 - Review.reviews.fri4p_review - INFO - Loading EOD data...
2025-02-10 15:22:47,392 - Review.reviews.fri4p_review - INFO - Loading reference data...
2025-02-10 15:22:55,804 - Review.reviews.fri4p_review - INFO - Processing sector: 1010.0, area: AS, group size: 45
2025-02-10 15:22:55,805 - Review.reviews.fri4p_review - INFO - Companies in group: 45, to exclude: 8
2025-02-10 15:22:55,806 - Review.reviews.fri4p_review - INFO - Processing sector: 1010.0, area: EU, group size: 20
2025-02-10 15:22:55,806 - Review.reviews.fri4p_review - INFO - Companies in group: 20, to exclude: 3
2025-02-10 15:22:55,806 - Review.reviews.fri4p_review - INFO - Processing sector: 1010.0, area: NA, group size: 72
2025-02-10 15:22:55,807 - Review.reviews.fri4p_review - INFO - Companies in group: 72, to exclude: 14
2025-02-10 15:22:55,807 - Review.reviews.fri4p_review - INFO - Processing sector: 1510.0, area: AS, group size: 12
2025-02-10 15:22:55,808 - Review.reviews.fri4p_review - INFO - Companies in group: 12, to exclude: 2
2025-02-10 15:22:55,808 - Review.reviews.fri4p_review - INFO - Processing sector: 1510.0, area: EU, group size: 17
2025-02-10 15:22:55,808 - Review.reviews.fri4p_review - INFO - Companies in group: 17, to exclude: 3
2025-02-10 15:22:55,808 - Review.reviews.fri4p_review - INFO - Processing sector: 1510.0, area: NA, group size: 10
2025-02-10 15:22:55,808 - Review.reviews.fri4p_review - INFO - Companies in group: 10, to exclude: 1
2025-02-10 15:22:55,809 - Review.reviews.fri4p_review - INFO - Processing sector: 2010.0, area: AS, group size: 31
2025-02-10 15:22:55,809 - Review.reviews.fri4p_review - INFO - Companies in group: 31, to exclude: 6
2025-02-10 15:22:55,809 - Review.reviews.fri4p_review - INFO - Processing sector: 2010.0, area: EU, group size: 47
2025-02-10 15:22:55,809 - Review.reviews.fri4p_review - INFO - Companies in group: 47, to exclude: 9
2025-02-10 15:22:55,810 - Review.reviews.fri4p_review - INFO - Processing sector: 2010.0, area: NA, group size: 48
2025-02-10 15:22:55,810 - Review.reviews.fri4p_review - INFO - Companies in group: 48, to exclude: 9
2025-02-10 15:22:55,810 - Review.reviews.fri4p_review - INFO - Processing sector: 3010.0, area: AS, group size: 29
2025-02-10 15:22:55,811 - Review.reviews.fri4p_review - INFO - Companies in group: 29, to exclude: 5
2025-02-10 15:22:55,811 - Review.reviews.fri4p_review - INFO - Processing sector: 3010.0, area: EU, group size: 40
2025-02-10 15:22:55,811 - Review.reviews.fri4p_review - INFO - Companies in group: 40, to exclude: 7
2025-02-10 15:22:55,811 - Review.reviews.fri4p_review - INFO - Processing sector: 3010.0, area: NA, group size: 21
2025-02-10 15:22:55,812 - Review.reviews.fri4p_review - INFO - Companies in group: 21, to exclude: 4
2025-02-10 15:22:55,812 - Review.reviews.fri4p_review - INFO - Processing sector: 3020.0, area: AS, group size: 15
2025-02-10 15:22:55,812 - Review.reviews.fri4p_review - INFO - Companies in group: 15, to exclude: 2
2025-02-10 15:22:55,812 - Review.reviews.fri4p_review - INFO - Processing sector: 3020.0, area: EU, group size: 30
2025-02-10 15:22:55,813 - Review.reviews.fri4p_review - INFO - Companies in group: 30, to exclude: 5
2025-02-10 15:22:55,813 - Review.reviews.fri4p_review - INFO - Processing sector: 3020.0, area: NA, group size: 32
2025-02-10 15:22:55,813 - Review.reviews.fri4p_review - INFO - Companies in group: 32, to exclude: 6
2025-02-10 15:22:55,813 - Review.reviews.fri4p_review - INFO - Processing sector: 3030.0, area: AS, group size: 14
2025-02-10 15:22:55,813 - Review.reviews.fri4p_review - INFO - Companies in group: 14, to exclude: 2
2025-02-10 15:22:55,814 - Review.reviews.fri4p_review - INFO - Processing sector: 3030.0, area: EU, group size: 30
2025-02-10 15:22:55,814 - Review.reviews.fri4p_review - INFO - Companies in group: 30, to exclude: 5
2025-02-10 15:22:55,814 - Review.reviews.fri4p_review - INFO - Processing sector: 3030.0, area: NA, group size: 23
2025-02-10 15:22:55,815 - Review.reviews.fri4p_review - INFO - Companies in group: 23, to exclude: 4
2025-02-10 15:22:55,815 - Review.reviews.fri4p_review - INFO - Processing sector: 3510.0, area: AS, group size: 47
2025-02-10 15:22:55,816 - Review.reviews.fri4p_review - INFO - Companies in group: 47, to exclude: 9
2025-02-10 15:22:55,816 - Review.reviews.fri4p_review - INFO - Processing sector: 3510.0, area: EU, group size: 21
2025-02-10 15:22:55,817 - Review.reviews.fri4p_review - INFO - Companies in group: 21, to exclude: 4
2025-02-10 15:22:55,817 - Review.reviews.fri4p_review - INFO - Processing sector: 3510.0, area: NA, group size: 22
2025-02-10 15:22:55,818 - Review.reviews.fri4p_review - INFO - Companies in group: 22, to exclude: 4
2025-02-10 15:22:55,818 - Review.reviews.fri4p_review - INFO - Processing sector: 4010.0, area: AS, group size: 15
2025-02-10 15:22:55,819 - Review.reviews.fri4p_review - INFO - Companies in group: 15, to exclude: 2
2025-02-10 15:22:55,819 - Review.reviews.fri4p_review - INFO - Processing sector: 4010.0, area: EU, group size: 12
2025-02-10 15:22:55,820 - Review.reviews.fri4p_review - INFO - Companies in group: 12, to exclude: 2
2025-02-10 15:22:55,820 - Review.reviews.fri4p_review - INFO - Processing sector: 4010.0, area: NA, group size: 4
2025-02-10 15:22:55,820 - Review.reviews.fri4p_review - INFO - Companies in group: 4, to exclude: 0
2025-02-10 15:22:55,820 - Review.reviews.fri4p_review - WARNING - No companies to exclude for sector 4010.0 and area NA
2025-02-10 15:22:55,821 - Review.reviews.fri4p_review - INFO - Processing sector: 4020.0, area: AS, group size: 28
2025-02-10 15:22:55,821 - Review.reviews.fri4p_review - INFO - Companies in group: 28, to exclude: 5
2025-02-10 15:22:55,821 - Review.reviews.fri4p_review - INFO - Processing sector: 4020.0, area: EU, group size: 22
2025-02-10 15:22:55,822 - Review.reviews.fri4p_review - INFO - Companies in group: 22, to exclude: 4
2025-02-10 15:22:55,822 - Review.reviews.fri4p_review - INFO - Processing sector: 4020.0, area: NA, group size: 16
2025-02-10 15:22:55,822 - Review.reviews.fri4p_review - INFO - Companies in group: 16, to exclude: 3
2025-02-10 15:22:55,822 - Review.reviews.fri4p_review - INFO - Processing sector: 4030.0, area: AS, group size: 7
2025-02-10 15:22:55,823 - Review.reviews.fri4p_review - INFO - Companies in group: 7, to exclude: 1
2025-02-10 15:22:55,823 - Review.reviews.fri4p_review - INFO - Processing sector: 4030.0, area: EU, group size: 8
2025-02-10 15:22:55,823 - Review.reviews.fri4p_review - INFO - Companies in group: 8, to exclude: 1
2025-02-10 15:22:55,823 - Review.reviews.fri4p_review - INFO - Processing sector: 4030.0, area: NA, group size: 7
2025-02-10 15:22:55,824 - Review.reviews.fri4p_review - INFO - Companies in group: 7, to exclude: 1
2025-02-10 15:22:55,824 - Review.reviews.fri4p_review - INFO - Processing sector: 4040.0, area: AS, group size: 14
2025-02-10 15:22:55,824 - Review.reviews.fri4p_review - INFO - Companies in group: 14, to exclude: 2
2025-02-10 15:22:55,824 - Review.reviews.fri4p_review - INFO - Processing sector: 4040.0, area: EU, group size: 10
2025-02-10 15:22:55,825 - Review.reviews.fri4p_review - INFO - Companies in group: 10, to exclude: 1
2025-02-10 15:22:55,825 - Review.reviews.fri4p_review - INFO - Processing sector: 4040.0, area: NA, group size: 18
2025-02-10 15:22:55,825 - Review.reviews.fri4p_review - INFO - Companies in group: 18, to exclude: 3
2025-02-10 15:22:55,825 - Review.reviews.fri4p_review - INFO - Processing sector: 4050.0, area: AS, group size: 19
2025-02-10 15:22:55,826 - Review.reviews.fri4p_review - INFO - Companies in group: 19, to exclude: 3
2025-02-10 15:22:55,826 - Review.reviews.fri4p_review - INFO - Processing sector: 4050.0, area: EU, group size: 13
2025-02-10 15:22:55,826 - Review.reviews.fri4p_review - INFO - Companies in group: 13, to exclude: 2
2025-02-10 15:22:55,826 - Review.reviews.fri4p_review - INFO - Processing sector: 4050.0, area: NA, group size: 21
2025-02-10 15:22:55,827 - Review.reviews.fri4p_review - INFO - Companies in group: 21, to exclude: 4
2025-02-10 15:22:55,827 - Review.reviews.fri4p_review - INFO - Processing sector: 4510.0, area: AS, group size: 24
2025-02-10 15:22:55,827 - Review.reviews.fri4p_review - INFO - Companies in group: 24, to exclude: 4
2025-02-10 15:22:55,827 - Review.reviews.fri4p_review - INFO - Processing sector: 4510.0, area: EU, group size: 27
2025-02-10 15:22:55,828 - Review.reviews.fri4p_review - INFO - Companies in group: 27, to exclude: 5
2025-02-10 15:22:55,828 - Review.reviews.fri4p_review - INFO - Processing sector: 4510.0, area: NA, group size: 16
2025-02-10 15:22:55,828 - Review.reviews.fri4p_review - INFO - Companies in group: 16, to exclude: 3
2025-02-10 15:22:55,828 - Review.reviews.fri4p_review - INFO - Processing sector: 4520.0, area: AS, group size: 14
2025-02-10 15:22:55,829 - Review.reviews.fri4p_review - INFO - Companies in group: 14, to exclude: 2
2025-02-10 15:22:55,829 - Review.reviews.fri4p_review - INFO - Processing sector: 4520.0, area: EU, group size: 13
2025-02-10 15:22:55,829 - Review.reviews.fri4p_review - INFO - Companies in group: 13, to exclude: 2
2025-02-10 15:22:55,829 - Review.reviews.fri4p_review - INFO - Processing sector: 4520.0, area: NA, group size: 12
2025-02-10 15:22:55,829 - Review.reviews.fri4p_review - INFO - Companies in group: 12, to exclude: 2
2025-02-10 15:22:55,830 - Review.reviews.fri4p_review - INFO - Processing sector: 5010.0, area: AS, group size: 18
2025-02-10 15:22:55,830 - Review.reviews.fri4p_review - INFO - Companies in group: 18, to exclude: 3
2025-02-10 15:22:55,830 - Review.reviews.fri4p_review - INFO - Processing sector: 5010.0, area: EU, group size: 24
2025-02-10 15:22:55,830 - Review.reviews.fri4p_review - INFO - Companies in group: 24, to exclude: 4
2025-02-10 15:22:55,831 - Review.reviews.fri4p_review - INFO - Processing sector: 5010.0, area: NA, group size: 14
2025-02-10 15:22:55,831 - Review.reviews.fri4p_review - INFO - Companies in group: 14, to exclude: 2
2025-02-10 15:22:55,832 - Review.reviews.fri4p_review - INFO - Processing sector: 5020.0, area: AS, group size: 100
2025-02-10 15:22:55,832 - Review.reviews.fri4p_review - INFO - Companies in group: 100, to exclude: 19
2025-02-10 15:22:55,833 - Review.reviews.fri4p_review - INFO - Processing sector: 5020.0, area: EU, group size: 91
2025-02-10 15:22:55,833 - Review.reviews.fri4p_review - INFO - Companies in group: 91, to exclude: 18
2025-02-10 15:22:55,834 - Review.reviews.fri4p_review - INFO - Processing sector: 5020.0, area: NA, group size: 81
2025-02-10 15:22:55,834 - Review.reviews.fri4p_review - INFO - Companies in group: 81, to exclude: 16
2025-02-10 15:22:55,834 - Review.reviews.fri4p_review - INFO - Processing sector: 5510.0, area: AS, group size: 18
2025-02-10 15:22:55,835 - Review.reviews.fri4p_review - INFO - Companies in group: 18, to exclude: 3
2025-02-10 15:22:55,835 - Review.reviews.fri4p_review - INFO - Processing sector: 5510.0, area: EU, group size: 13
2025-02-10 15:22:55,835 - Review.reviews.fri4p_review - INFO - Companies in group: 13, to exclude: 2
2025-02-10 15:22:55,836 - Review.reviews.fri4p_review - INFO - Processing sector: 5510.0, area: NA, group size: 12
2025-02-10 15:22:55,836 - Review.reviews.fri4p_review - INFO - Companies in group: 12, to exclude: 2
2025-02-10 15:22:55,836 - Review.reviews.fri4p_review - INFO - Processing sector: 5520.0, area: AS, group size: 18
2025-02-10 15:22:55,837 - Review.reviews.fri4p_review - INFO - Companies in group: 18, to exclude: 3
2025-02-10 15:22:55,837 - Review.reviews.fri4p_review - INFO - Processing sector: 5520.0, area: EU, group size: 16
2025-02-10 15:22:55,837 - Review.reviews.fri4p_review - INFO - Companies in group: 16, to exclude: 3
2025-02-10 15:22:55,838 - Review.reviews.fri4p_review - INFO - Processing sector: 5520.0, area: NA, group size: 6
2025-02-10 15:22:55,838 - Review.reviews.fri4p_review - INFO - Companies in group: 6, to exclude: 1
2025-02-10 15:22:55,838 - Review.reviews.fri4p_review - INFO - Processing sector: 6010.0, area: AS, group size: 10
2025-02-10 15:22:55,839 - Review.reviews.fri4p_review - INFO - Companies in group: 10, to exclude: 1
2025-02-10 15:22:55,839 - Review.reviews.fri4p_review - INFO - Processing sector: 6010.0, area: EU, group size: 20
2025-02-10 15:22:55,839 - Review.reviews.fri4p_review - INFO - Companies in group: 20, to exclude: 3
2025-02-10 15:22:55,839 - Review.reviews.fri4p_review - INFO - Processing sector: 6010.0, area: NA, group size: 34
2025-02-10 15:22:55,840 - Review.reviews.fri4p_review - INFO - Companies in group: 34, to exclude: 6
2025-02-10 15:22:55,840 - Review.reviews.fri4p_review - INFO - Processing sector: 6510.0, area: AS, group size: 22
2025-02-10 15:22:55,841 - Review.reviews.fri4p_review - INFO - Companies in group: 22, to exclude: 4
2025-02-10 15:22:55,841 - Review.reviews.fri4p_review - INFO - Processing sector: 6510.0, area: EU, group size: 26
2025-02-10 15:22:55,841 - Review.reviews.fri4p_review - INFO - Companies in group: 26, to exclude: 5
2025-02-10 15:22:55,841 - Review.reviews.fri4p_review - INFO - Processing sector: 6510.0, area: NA, group size: 31
2025-02-10 15:22:55,842 - Review.reviews.fri4p_review - INFO - Companies in group: 31, to exclude: 6
2025-02-10 15:23:08,835 - Review.reviews.fri4p_review - INFO - Checking IsinCode FRIX00003643 in index_eod_df
2025-02-10 15:23:08,836 - Review.reviews.fri4p_review - INFO - Found 1 matching rows
2025-02-10 15:23:08,849 - Review.reviews.fri4p_review - INFO - Saving FRI4P output to: C:\Users\CSonneveld\OneDrive - Euronext\Documents\Projects\GUI + Reviews\output\FRI4P_df_20250210_152308.xlsx
2025-02-10 15:23:09,262 - werkzeug - INFO - 127.0.0.1 - - [10/Feb/2025 15:23:09] "POST /calculate HTTP/1.1" 200 -
2025-02-10 15:23:39,276 - Review.reviews.gicp_review - INFO - Loading EOD data...
2025-02-10 15:23:41,017 - Review.reviews.gicp_review - INFO - Loading reference data...
2025-02-10 15:23:47,913 - Review.reviews.gicp_review - INFO - Processing market data...
2025-02-10 15:23:48,011 - Review.reviews.gicp_review - INFO - Category_1 weight: 12.0000% (target: 12.0000%)
2025-02-10 15:23:48,012 - Review.reviews.gicp_review - INFO - Category_2 weight: 12.0000% (target: 12.0000%)
2025-02-10 15:23:48,013 - Review.reviews.gicp_review - INFO - Category_3 weight: 12.0000% (target: 12.0000%)
2025-02-10 15:23:48,013 - Review.reviews.gicp_review - INFO - Category_4 weight: 12.0000% (target: 12.0000%)
2025-02-10 15:23:48,014 - Review.reviews.gicp_review - INFO - Category_5 weight: 12.0000% (target: 12.0000%)
2025-02-10 15:23:48,014 - Review.reviews.gicp_review - INFO - Category_6 weight: 20.0000% (target: 20.0000%)
2025-02-10 15:23:48,015 - Review.reviews.gicp_review - INFO - Category_7 weight: 20.0000% (target: 20.0000%)
2025-02-10 15:23:48,015 - Review.reviews.gicp_review - INFO - 
Final Weight Verification:
2025-02-10 15:23:48,016 - Review.reviews.gicp_review - INFO - Category_1 final weight: 12.0000%
2025-02-10 15:23:48,016 - Review.reviews.gicp_review - INFO - Category_2 final weight: 12.0000%
2025-02-10 15:23:48,017 - Review.reviews.gicp_review - INFO - Category_3 final weight: 12.0000%
2025-02-10 15:23:48,017 - Review.reviews.gicp_review - INFO - Category_4 final weight: 12.0000%
2025-02-10 15:23:48,018 - Review.reviews.gicp_review - INFO - Category_5 final weight: 12.0000%
2025-02-10 15:23:48,018 - Review.reviews.gicp_review - INFO - Category_6 final weight: 20.0000%
2025-02-10 15:23:48,019 - Review.reviews.gicp_review - INFO - Category_7 final weight: 20.0000%
2025-02-10 15:23:48,020 - Review.reviews.gicp_review - INFO - Maximum constituent weight: 10.0000%
2025-02-10 15:23:48,024 - Review.reviews.gicp_review - INFO - Saving GICP output to: C:\Users\CSonneveld\OneDrive - Euronext\Documents\Projects\GUI + Reviews\output\GICP_df_20250210_152348.xlsx
2025-02-10 15:23:48,277 - werkzeug - INFO - 127.0.0.1 - - [10/Feb/2025 15:23:48] "POST /calculate HTTP/1.1" 200 -
2025-02-10 15:23:53,663 - Review.reviews.sbf80_review - INFO - Loading EOD data...
2025-02-10 15:23:55,947 - Review.reviews.sbf80_review - INFO - Loading reference data...
2025-02-10 15:23:56,626 - Review.reviews.sbf80_review - INFO - Total companies selected: 80
2025-02-10 15:23:56,626 - Review.reviews.sbf80_review - INFO - Buffer zone selections:
2025-02-10 15:23:56,628 - Review.reviews.sbf80_review - INFO - Rank 76.0: SOITEC - Current Constituent: True - Selected
2025-02-10 15:23:56,629 - Review.reviews.sbf80_review - INFO - Rank 77.0: VALEO - Current Constituent: True - Selected
2025-02-10 15:23:56,629 - Review.reviews.sbf80_review - INFO - Rank 78.0: PLUXEE - Current Constituent: True - Selected
2025-02-10 15:23:56,629 - Review.reviews.sbf80_review - INFO - Rank 80.0: IPSOS - Current Constituent: True - Selected
2025-02-10 15:23:56,630 - Review.reviews.sbf80_review - INFO - Rank 84.0: WORLDLINE - Current Constituent: True - Selected
2025-02-10 15:23:56,630 - Review.reviews.sbf80_review - INFO - Rank 79.0: COFACE - Current Constituent: False - Not Selected
2025-02-10 15:23:56,630 - Review.reviews.sbf80_review - INFO - Rank 81.0: AYVENS - Current Constituent: False - Not Selected
2025-02-10 15:23:56,630 - Review.reviews.sbf80_review - INFO - Rank 82.0: VIRBAC - Current Constituent: False - Not Selected
2025-02-10 15:23:56,631 - Review.reviews.sbf80_review - INFO - Rank 83.0: FORVIA - Current Constituent: False - Not Selected
2025-02-10 15:23:56,631 - Review.reviews.sbf80_review - INFO - Rank 85.0: REMY COINTREAU - Current Constituent: False - Not Selected
2025-02-10 15:23:56,638 - Review.reviews.sbf80_review - INFO - Saving SBF80 output to: C:\Users\CSonneveld\OneDrive - Euronext\Documents\Projects\GUI + Reviews\output\SBF80_df_20250210_152356.xlsx
2025-02-10 15:23:56,704 - werkzeug - INFO - 127.0.0.1 - - [10/Feb/2025 15:23:56] "POST /calculate HTTP/1.1" 200 -
2025-02-10 15:24:03,413 - Review.reviews.ses5p_review - INFO - Loading EOD data...
2025-02-10 15:24:04,163 - Review.reviews.ses5p_review - INFO - Loading reference data...
2025-02-10 15:24:11,616 - Review.reviews.ses5p_review - INFO - Saving SES5P output to: C:\Users\CSonneveld\OneDrive - Euronext\Documents\Projects\GUI + Reviews\output\SES5P_df_20250210_152411.xlsx
2025-02-10 15:24:11,741 - werkzeug - INFO - 127.0.0.1 - - [10/Feb/2025 15:24:11] "POST /calculate HTTP/1.1" 200 -
2025-02-10 15:27:19,824 - werkzeug - INFO -  * Detected change in 'C:\\Users\\CSonneveld\\OneDrive - Euronext\\Documents\\Projects\\GUI + Reviews\\Review\\reviews\\fri4p_review.py', reloading
2025-02-10 15:27:20,732 - werkzeug - INFO -  * Restarting with watchdog (windowsapi)
2025-02-10 15:27:24,497 - werkzeug - INFO -  * Restarting with watchdog (windowsapi)
