2025-01-30 15:01:46,165 - werkzeug - INFO - [31m[1mWARNING: This is a development server. Do not use it in a production deployment. Use a production WSGI server instead.[0m
 * Running on http://127.0.0.1:5000
2025-01-30 15:01:46,165 - werkzeug - INFO - [33mPress CTRL+C to quit[0m
2025-01-30 15:01:46,178 - werkzeug - INFO -  * Restarting with watchdog (windowsapi)
2025-01-30 15:01:46,655 - werkzeug - WARNING -  * Debugger is active!
2025-01-30 15:01:46,658 - werkzeug - INFO -  * Debugger PIN: 691-175-853
2025-01-30 15:01:50,063 - werkzeug - INFO - 127.0.0.1 - - [30/Jan/2025 15:01:50] "GET / HTTP/1.1" 200 -
2025-01-30 15:01:50,147 - werkzeug - INFO - 127.0.0.1 - - [30/Jan/2025 15:01:50] "[33mGET /favicon.ico HTTP/1.1[0m" 404 -
2025-01-30 15:01:55,729 - Review.reviews.ses5p_review - INFO - Loading EOD data...
2025-01-30 15:01:55,734 - werkzeug - INFO -  * Detected change in 'C:\\Program Files\\Python312\\Lib\\encodings\\latin_1.py', reloading
2025-01-30 15:01:55,987 - werkzeug - INFO -  * Restarting with watchdog (windowsapi)
2025-01-30 15:01:59,640 - werkzeug - INFO -  * Restarting with watchdog (windowsapi)
2025-01-30 15:02:34,022 - werkzeug - INFO -  * Restarting with watchdog (windowsapi)
2025-01-30 15:02:38,651 - werkzeug - INFO -  * Restarting with watchdog (windowsapi)
2025-01-30 15:03:26,775 - werkzeug - INFO -  * Restarting with watchdog (windowsapi)
2025-01-30 15:03:56,028 - werkzeug - INFO -  * Restarting with watchdog (windowsapi)
2025-01-30 15:04:37,307 - werkzeug - INFO -  * Restarting with watchdog (windowsapi)
2025-01-30 15:15:09,962 - werkzeug - INFO -  * Restarting with watchdog (windowsapi)
2025-01-30 15:15:12,598 - werkzeug - INFO -  * Restarting with watchdog (windowsapi)
2025-01-30 15:22:42,681 - werkzeug - INFO -  * Restarting with watchdog (windowsapi)
2025-01-30 15:22:44,532 - werkzeug - INFO -  * Restarting with watchdog (windowsapi)
2025-01-30 15:22:49,187 - werkzeug - INFO -  * Restarting with watchdog (windowsapi)
2025-01-30 15:34:28,246 - werkzeug - INFO -  * Restarting with watchdog (windowsapi)
2025-01-30 15:37:05,996 - werkzeug - INFO -  * Restarting with watchdog (windowsapi)
2025-01-30 15:37:08,666 - werkzeug - INFO -  * Restarting with watchdog (windowsapi)
2025-01-30 15:41:26,055 - werkzeug - INFO -  * Restarting with watchdog (windowsapi)
2025-01-30 15:49:15,694 - werkzeug - INFO -  * Restarting with watchdog (windowsapi)
2025-01-30 15:49:41,698 - werkzeug - INFO -  * Restarting with watchdog (windowsapi)
2025-01-30 15:49:43,273 - werkzeug - INFO -  * Restarting with watchdog (windowsapi)
2025-01-30 15:55:58,801 - werkzeug - INFO -  * Restarting with watchdog (windowsapi)
2025-01-30 15:56:02,400 - werkzeug - INFO -  * Restarting with watchdog (windowsapi)
2025-01-30 15:56:05,994 - werkzeug - INFO -  * Restarting with watchdog (windowsapi)
2025-01-30 15:56:08,589 - werkzeug - INFO -  * Restarting with watchdog (windowsapi)
2025-01-30 15:56:24,199 - werkzeug - INFO -  * Restarting with watchdog (windowsapi)
2025-01-30 15:56:28,794 - werkzeug - INFO -  * Restarting with watchdog (windowsapi)
2025-01-30 15:57:30,539 - werkzeug - INFO -  * Restarting with watchdog (windowsapi)
2025-01-30 15:57:32,144 - werkzeug - INFO -  * Restarting with watchdog (windowsapi)
2025-01-30 15:58:14,774 - werkzeug - INFO -  * Restarting with watchdog (windowsapi)
2025-01-30 15:58:16,903 - werkzeug - INFO -  * Restarting with watchdog (windowsapi)
2025-01-30 16:44:57,105 - werkzeug - INFO -  * Restarting with watchdog (windowsapi)
2025-01-30 16:49:29,184 - werkzeug - INFO -  * Restarting with watchdog (windowsapi)
2025-01-30 16:49:31,791 - werkzeug - INFO -  * Restarting with watchdog (windowsapi)
2025-01-30 16:49:37,425 - werkzeug - INFO -  * Restarting with watchdog (windowsapi)
2025-01-30 16:49:40,008 - werkzeug - INFO -  * Restarting with watchdog (windowsapi)
2025-01-30 16:53:47,039 - werkzeug - INFO -  * Restarting with watchdog (windowsapi)
2025-01-30 16:53:48,684 - werkzeug - INFO -  * Restarting with watchdog (windowsapi)
2025-01-30 16:54:15,886 - werkzeug - INFO -  * Restarting with watchdog (windowsapi)
2025-01-30 16:54:17,484 - werkzeug - INFO -  * Restarting with watchdog (windowsapi)
2025-01-30 16:54:29,387 - werkzeug - INFO -  * Restarting with watchdog (windowsapi)
2025-01-30 16:54:49,302 - werkzeug - INFO -  * Restarting with watchdog (windowsapi)
2025-01-30 16:55:00,708 - werkzeug - INFO -  * Restarting with watchdog (windowsapi)
2025-01-30 16:55:18,625 - werkzeug - INFO -  * Restarting with watchdog (windowsapi)
2025-01-30 16:55:26,265 - werkzeug - INFO -  * Restarting with watchdog (windowsapi)
2025-01-30 16:55:28,869 - werkzeug - INFO -  * Restarting with watchdog (windowsapi)
2025-01-30 16:56:01,197 - werkzeug - INFO -  * Restarting with watchdog (windowsapi)
2025-01-30 16:56:02,785 - werkzeug - INFO -  * Restarting with watchdog (windowsapi)
2025-01-30 16:57:08,037 - werkzeug - INFO -  * Restarting with watchdog (windowsapi)
2025-01-30 16:57:19,784 - werkzeug - INFO -  * Restarting with watchdog (windowsapi)
2025-01-30 16:57:34,857 - werkzeug - INFO -  * Restarting with watchdog (windowsapi)
2025-01-30 16:57:44,792 - werkzeug - INFO -  * Restarting with watchdog (windowsapi)
2025-01-30 17:29:46,751 - werkzeug - INFO -  * Restarting with watchdog (windowsapi)
2025-01-30 17:29:48,461 - werkzeug - INFO -  * Restarting with watchdog (windowsapi)
2025-01-30 17:30:01,178 - werkzeug - INFO -  * Restarting with watchdog (windowsapi)
2025-01-30 17:31:20,706 - werkzeug - INFO -  * Restarting with watchdog (windowsapi)
2025-01-30 17:31:22,288 - werkzeug - INFO -  * Restarting with watchdog (windowsapi)
2025-01-30 17:41:30,703 - werkzeug - INFO -  * Restarting with watchdog (windowsapi)
2025-01-30 17:42:45,271 - werkzeug - INFO -  * Restarting with watchdog (windowsapi)
2025-01-30 17:42:47,870 - werkzeug - INFO -  * Restarting with watchdog (windowsapi)
2025-01-30 17:43:35,753 - werkzeug - INFO -  * Restarting with watchdog (windowsapi)
2025-01-30 17:43:37,346 - werkzeug - INFO -  * Restarting with watchdog (windowsapi)
2025-01-30 17:43:48,270 - werkzeug - INFO -  * Restarting with watchdog (windowsapi)
2025-01-30 17:44:11,392 - werkzeug - INFO -  * Restarting with watchdog (windowsapi)
2025-01-30 17:44:12,970 - werkzeug - INFO -  * Restarting with watchdog (windowsapi)
2025-01-30 17:45:35,913 - werkzeug - INFO -  * Restarting with watchdog (windowsapi)
2025-01-30 17:45:37,570 - werkzeug - INFO -  * Restarting with watchdog (windowsapi)
2025-01-30 17:46:08,899 - werkzeug - INFO -  * Restarting with watchdog (windowsapi)
2025-01-30 17:51:39,523 - werkzeug - INFO -  * Restarting with watchdog (windowsapi)
2025-01-30 17:51:41,134 - werkzeug - INFO -  * Restarting with watchdog (windowsapi)
2025-01-30 17:51:49,822 - werkzeug - INFO -  * Restarting with watchdog (windowsapi)
2025-01-30 17:51:53,473 - werkzeug - INFO -  * Restarting with watchdog (windowsapi)
2025-01-30 17:52:16,868 - werkzeug - INFO -  * Restarting with watchdog (windowsapi)
2025-01-30 17:52:18,715 - werkzeug - INFO -  * Restarting with watchdog (windowsapi)
2025-01-30 17:53:25,841 - werkzeug - INFO -  * Restarting with watchdog (windowsapi)
2025-01-30 17:55:18,318 - werkzeug - INFO -  * Restarting with watchdog (windowsapi)
2025-01-30 17:55:55,060 - werkzeug - INFO -  * Restarting with watchdog (windowsapi)
2025-01-30 17:56:05,784 - werkzeug - INFO -  * Restarting with watchdog (windowsapi)
2025-01-30 17:56:07,369 - werkzeug - INFO -  * Restarting with watchdog (windowsapi)
2025-01-30 17:56:08,957 - werkzeug - INFO -  * Restarting with watchdog (windowsapi)
2025-01-30 17:56:11,515 - werkzeug - INFO -  * Restarting with watchdog (windowsapi)
2025-01-30 17:57:25,648 - werkzeug - INFO -  * Restarting with watchdog (windowsapi)
2025-01-30 17:57:28,236 - werkzeug - INFO -  * Restarting with watchdog (windowsapi)
2025-01-30 18:03:17,162 - werkzeug - INFO -  * Restarting with watchdog (windowsapi)
2025-01-30 18:04:11,842 - werkzeug - INFO -  * Restarting with watchdog (windowsapi)
2025-01-30 18:04:15,414 - werkzeug - INFO -  * Restarting with watchdog (windowsapi)
2025-01-30 18:04:18,002 - werkzeug - INFO -  * Restarting with watchdog (windowsapi)
2025-01-30 18:06:12,877 - werkzeug - INFO -  * Restarting with watchdog (windowsapi)
2025-01-30 18:06:14,459 - werkzeug - INFO -  * Restarting with watchdog (windowsapi)
2025-01-30 18:09:37,890 - werkzeug - INFO -  * Restarting with watchdog (windowsapi)
2025-01-30 18:09:39,640 - werkzeug - INFO -  * Restarting with watchdog (windowsapi)
2025-01-30 18:11:00,648 - werkzeug - INFO -  * Restarting with watchdog (windowsapi)
2025-01-30 18:11:03,213 - werkzeug - INFO -  * Restarting with watchdog (windowsapi)
2025-01-30 19:13:32,080 - werkzeug - INFO -  * Restarting with watchdog (windowsapi)
2025-01-30 19:13:34,838 - werkzeug - INFO -  * Restarting with watchdog (windowsapi)
2025-01-30 19:15:05,837 - werkzeug - INFO -  * Restarting with watchdog (windowsapi)
2025-01-30 19:15:07,448 - werkzeug - INFO -  * Restarting with watchdog (windowsapi)
2025-01-30 19:17:05,555 - werkzeug - INFO -  * Restarting with watchdog (windowsapi)
2025-01-30 19:19:44,233 - werkzeug - INFO -  * Restarting with watchdog (windowsapi)
2025-01-30 19:19:45,843 - werkzeug - INFO -  * Restarting with watchdog (windowsapi)
2025-01-30 19:19:51,490 - werkzeug - INFO -  * Restarting with watchdog (windowsapi)
2025-01-30 19:20:13,962 - werkzeug - INFO -  * Restarting with watchdog (windowsapi)
2025-01-30 19:21:44,793 - werkzeug - INFO -  * Restarting with watchdog (windowsapi)
2025-01-30 19:22:05,226 - werkzeug - INFO -  * Restarting with watchdog (windowsapi)
2025-01-30 19:27:27,797 - werkzeug - INFO -  * Restarting with watchdog (windowsapi)
