2025-12-05 13:53:23,270 - werkzeug - WARNING -  * Debugger is active!
2025-12-05 13:53:23,270 - werkzeug - INFO -  * Debugger PIN: 691-175-853
2025-12-05 13:53:23,283 - werkzeug - INFO - 127.0.0.1 - - [05/Dec/2025 13:53:23] "GET /task-status/6a89915d-6389-4e01-846b-5785e46076e1 HTTP/1.1" 200 -
2025-12-05 13:53:24,035 - werkzeug - INFO - 127.0.0.1 - - [05/Dec/2025 13:53:24] "POST /calculate HTTP/1.1" 200 -
2025-12-05 13:53:24,050 - Review.reviews.uscle_review - INFO - Loading EOD data...
2025-12-05 13:53:24,055 - werkzeug - INFO - 127.0.0.1 - - [05/Dec/2025 13:53:24] "GET /task-status/4c658a74-5022-495f-b427-8ff40a92c37b HTTP/1.1" 200 -
2025-12-05 13:53:25,916 - Review.reviews.uscle_review - INFO - Loading reference data...
2025-12-05 13:53:26,068 - werkzeug - INFO - 127.0.0.1 - - [05/Dec/2025 13:53:26] "GET /task-status/4c658a74-5022-495f-b427-8ff40a92c37b HTTP/1.1" 200 -
2025-12-05 13:53:28,066 - werkzeug - INFO - 127.0.0.1 - - [05/Dec/2025 13:53:28] "GET /task-status/4c658a74-5022-495f-b427-8ff40a92c37b HTTP/1.1" 200 -
2025-12-05 13:53:30,000 - Review.reviews.uscle_review - INFO - Removed 42 companies with MIC = 'XTSE' from universe
2025-12-05 13:53:30,000 - Review.reviews.uscle_review - INFO - Remaining universe size: 458 companies
2025-12-05 13:53:30,019 - Review.reviews.uscle_review - ERROR - Error during review calculation: 'ClimateCuAlignIEANZTgt2050-values'
2025-12-05 13:53:30,022 - Review.reviews.uscle_review - ERROR - Traceback (most recent call last):
  File "C:\Users\CSonneveld\AppData\Roaming\Python\Python312\site-packages\pandas\core\indexes\base.py", line 3805, in get_loc
    return self._engine.get_loc(casted_key)
           ^^^^^^^^^^^^^^^^^^^^^^^^^^^^^^^^
  File "index.pyx", line 167, in pandas._libs.index.IndexEngine.get_loc
  File "index.pyx", line 196, in pandas._libs.index.IndexEngine.get_loc
  File "pandas\\_libs\\hashtable_class_helper.pxi", line 7081, in pandas._libs.hashtable.PyObjectHashTable.get_item
  File "pandas\\_libs\\hashtable_class_helper.pxi", line 7089, in pandas._libs.hashtable.PyObjectHashTable.get_item
KeyError: 'ClimateCuAlignIEANZTgt2050-values'

The above exception was the direct cause of the following exception:

Traceback (most recent call last):
  File "C:\Users\CSonneveld\OneDrive - Euronext\Documents\Projects\GUI + Reviews\Review\reviews\uscle_review.py", line 209, in run_uscle_review
    north_america_500_df['ClimateCuAlignIEANZTgt2050-values'],
    ~~~~~~~~~~~~~~~~~~~~^^^^^^^^^^^^^^^^^^^^^^^^^^^^^^^^^^^^^
  File "C:\Users\CSonneveld\AppData\Roaming\Python\Python312\site-packages\pandas\core\frame.py", line 4102, in __getitem__
    indexer = self.columns.get_loc(key)
              ^^^^^^^^^^^^^^^^^^^^^^^^^
  File "C:\Users\CSonneveld\AppData\Roaming\Python\Python312\site-packages\pandas\core\indexes\base.py", line 3812, in get_loc
    raise KeyError(key) from err
KeyError: 'ClimateCuAlignIEANZTgt2050-values'

2025-12-05 13:53:30,071 - werkzeug - INFO - 127.0.0.1 - - [05/Dec/2025 13:53:30] "GET /task-status/4c658a74-5022-495f-b427-8ff40a92c37b HTTP/1.1" 200 -
2025-12-05 13:53:34,484 - werkzeug - INFO - 127.0.0.1 - - [05/Dec/2025 13:53:34] "POST /calculate HTTP/1.1" 200 -
2025-12-05 13:53:34,484 - Review.reviews.uscle_review - INFO - Loading EOD data...
2025-12-05 13:53:34,504 - werkzeug - INFO - 127.0.0.1 - - [05/Dec/2025 13:53:34] "GET /task-status/80456e47-5687-4bbf-8d0b-973b3609f057 HTTP/1.1" 200 -
2025-12-05 13:53:35,428 - Review.reviews.uscle_review - INFO - Loading reference data...
2025-12-05 13:53:36,519 - werkzeug - INFO - 127.0.0.1 - - [05/Dec/2025 13:53:36] "GET /task-status/80456e47-5687-4bbf-8d0b-973b3609f057 HTTP/1.1" 200 -
2025-12-05 13:53:38,512 - werkzeug - INFO - 127.0.0.1 - - [05/Dec/2025 13:53:38] "GET /task-status/80456e47-5687-4bbf-8d0b-973b3609f057 HTTP/1.1" 200 -
2025-12-05 13:53:39,450 - Review.reviews.uscle_review - INFO - Removed 42 companies with MIC = 'XTSE' from universe
2025-12-05 13:53:39,450 - Review.reviews.uscle_review - INFO - Remaining universe size: 458 companies
2025-12-05 13:53:39,470 - Review.reviews.uscle_review - ERROR - Error during review calculation: 'ClimateCuAlignIEANZTgt2050-values'
2025-12-05 13:53:39,470 - Review.reviews.uscle_review - ERROR - Traceback (most recent call last):
  File "C:\Users\CSonneveld\AppData\Roaming\Python\Python312\site-packages\pandas\core\indexes\base.py", line 3805, in get_loc
    return self._engine.get_loc(casted_key)
           ^^^^^^^^^^^^^^^^^^^^^^^^^^^^^^^^
  File "index.pyx", line 167, in pandas._libs.index.IndexEngine.get_loc
  File "index.pyx", line 196, in pandas._libs.index.IndexEngine.get_loc
  File "pandas\\_libs\\hashtable_class_helper.pxi", line 7081, in pandas._libs.hashtable.PyObjectHashTable.get_item
  File "pandas\\_libs\\hashtable_class_helper.pxi", line 7089, in pandas._libs.hashtable.PyObjectHashTable.get_item
KeyError: 'ClimateCuAlignIEANZTgt2050-values'

The above exception was the direct cause of the following exception:

Traceback (most recent call last):
  File "C:\Users\CSonneveld\OneDrive - Euronext\Documents\Projects\GUI + Reviews\Review\reviews\uscle_review.py", line 209, in run_uscle_review
    north_america_500_df['ClimateCuAlignIEANZTgt2050-values'],
    ~~~~~~~~~~~~~~~~~~~~^^^^^^^^^^^^^^^^^^^^^^^^^^^^^^^^^^^^^
  File "C:\Users\CSonneveld\AppData\Roaming\Python\Python312\site-packages\pandas\core\frame.py", line 4102, in __getitem__
    indexer = self.columns.get_loc(key)
              ^^^^^^^^^^^^^^^^^^^^^^^^^
  File "C:\Users\CSonneveld\AppData\Roaming\Python\Python312\site-packages\pandas\core\indexes\base.py", line 3812, in get_loc
    raise KeyError(key) from err
KeyError: 'ClimateCuAlignIEANZTgt2050-values'

2025-12-05 13:53:40,517 - werkzeug - INFO - 127.0.0.1 - - [05/Dec/2025 13:53:40] "GET /task-status/80456e47-5687-4bbf-8d0b-973b3609f057 HTTP/1.1" 200 -
2025-12-05 13:56:50,468 - werkzeug - INFO -  * Detected change in 'C:\\Users\\CSonneveld\\OneDrive - Euronext\\Documents\\Projects\\GUI + Reviews\\Review\\reviews\\uscle_review.py', reloading
2025-12-05 13:56:50,468 - werkzeug - INFO -  * Detected change in 'C:\\Users\\CSonneveld\\OneDrive - Euronext\\Documents\\Projects\\GUI + Reviews\\Review\\reviews\\uscle_review.py', reloading
2025-12-05 13:56:50,471 - werkzeug - INFO -  * Detected change in 'C:\\Users\\CSonneveld\\OneDrive - Euronext\\Documents\\Projects\\GUI + Reviews\\Review\\reviews\\uscle_review.py', reloading
2025-12-05 13:56:50,472 - werkzeug - INFO -  * Detected change in 'C:\\Users\\CSonneveld\\OneDrive - Euronext\\Documents\\Projects\\GUI + Reviews\\Review\\reviews\\uscle_review.py', reloading
