2025-04-14 15:33:56,755 - werkzeug - WARNING -  * Debugger is active!
2025-04-14 15:33:56,765 - werkzeug - INFO -  * Debugger PIN: 691-175-853
2025-04-14 15:33:58,541 - Review.reviews.lc100_review - INFO - Loading EOD data...
2025-04-14 15:33:59,174 - Review.reviews.lc100_review - INFO - Loading reference data...
2025-04-14 15:34:08,948 - Review.reviews.lc100_review - WARNING - Removed 18750 duplicate rows from cdp_climate_df
2025-04-14 15:34:08,948 - Review.reviews.lc100_review - INFO - Filtering universe for EU500 companies...
2025-04-14 15:34:08,948 - Review.reviews.lc100_review - INFO - Universe size after EU500 filter: 499
2025-04-14 15:34:08,958 - Review.reviews.lc100_review - INFO - Adding Free Float data...
2025-04-14 15:34:08,974 - Review.reviews.lc100_review - INFO - Adding ICB Subsector data...
2025-04-14 15:34:08,991 - Review.reviews.lc100_review - WARNING - Removed 9315 duplicate rows from ICB data
2025-04-14 15:34:09,106 - Review.reviews.lc100_review - INFO - Debug file saved to C:\Users\CSonneveld\OneDrive - Euronext\Documents\Projects\GUI + Reviews\debug\universe_df_after_nace_20250414_153409.xlsx
2025-04-14 15:34:09,106 - Review.reviews.lc100_review - INFO - Adding CDP Climate data...
2025-04-14 15:34:09,116 - Review.reviews.lc100_review - INFO - Adding Oekom Trust & Carbon data...
2025-04-14 15:34:09,122 - Review.reviews.lc100_review - INFO - Adding NACE data...
2025-04-14 15:34:09,123 - Review.reviews.lc100_review - INFO - Adding EU Taxonomy flag...
2025-04-14 15:34:09,125 - Review.reviews.lc100_review - INFO - Checking GAFI lists and Non-fiscally cooperative countries...
2025-04-14 15:34:09,125 - Review.reviews.lc100_review - INFO - Applying exclusion criteria...
2025-04-14 15:34:09,133 - Review.reviews.lc100_review - INFO - Marked 49 companies (10%) with worst SG scores for exclusion
2025-04-14 15:34:09,155 - Review.reviews.lc100_review - INFO - Calculating Climate Score for ranking...
2025-04-14 15:34:09,156 - Review.reviews.lc100_review - INFO - Selecting EU Taxonomy companies...
2025-04-14 15:34:09,178 - Review.reviews.lc100_review - INFO - Found 14 EU Taxonomy companies after exclusions
2025-04-14 15:34:09,179 - Review.reviews.lc100_review - INFO - Found 303 Non-EU Taxonomy eligible companies after exclusions
2025-04-14 15:34:09,180 - Review.reviews.lc100_review - INFO - STEP 4a: Determining target number of Non-EU Taxonomy companies per super-sector...
2025-04-14 15:34:09,180 - Review.reviews.lc100_review - INFO - Target number of Non-EU Taxonomy companies: 86
2025-04-14 15:34:09,180 - Review.reviews.lc100_review - INFO - Total eligible Non-EU Taxonomy companies: 303
2025-04-14 15:34:09,180 - Review.reviews.lc100_review - INFO - Total target after rounding: 96 (vs. target of 86)
2025-04-14 15:34:09,180 - Review.reviews.lc100_review - INFO - Need to remove 10 companies due to rounding up
2025-04-14 15:34:09,180 - Review.reviews.lc100_review - INFO - STEP 4b: Selecting Non-EU Taxonomy companies based on climate score...
2025-04-14 15:34:09,185 - Review.reviews.lc100_review - INFO - Selected 5 companies from super-sector 1010.0
2025-04-14 15:34:09,185 - Review.reviews.lc100_review - INFO - Selected 5 companies from super-sector 1510.0
2025-04-14 15:34:09,186 - Review.reviews.lc100_review - INFO - Selected 12 companies from super-sector 2010.0
2025-04-14 15:34:09,187 - Review.reviews.lc100_review - INFO - Selected 13 companies from super-sector 3010.0
2025-04-14 15:34:09,187 - Review.reviews.lc100_review - INFO - Selected 7 companies from super-sector 3020.0
2025-04-14 15:34:09,189 - Review.reviews.lc100_review - INFO - Selected 8 companies from super-sector 3030.0
2025-04-14 15:34:09,190 - Review.reviews.lc100_review - INFO - Selected 5 companies from super-sector 3510.0
2025-04-14 15:34:09,190 - Review.reviews.lc100_review - INFO - Selected 2 companies from super-sector 4010.0
2025-04-14 15:34:09,191 - Review.reviews.lc100_review - INFO - Selected 6 companies from super-sector 4020.0
2025-04-14 15:34:09,192 - Review.reviews.lc100_review - INFO - Selected 2 companies from super-sector 4030.0
2025-04-14 15:34:09,193 - Review.reviews.lc100_review - INFO - Selected 2 companies from super-sector 4040.0
2025-04-14 15:34:09,193 - Review.reviews.lc100_review - INFO - Selected 4 companies from super-sector 4050.0
2025-04-14 15:34:09,194 - Review.reviews.lc100_review - INFO - Selected 6 companies from super-sector 4510.0
2025-04-14 15:34:09,195 - Review.reviews.lc100_review - INFO - Selected 3 companies from super-sector 4520.0
2025-04-14 15:34:09,195 - Review.reviews.lc100_review - INFO - Selected 2 companies from super-sector 5010.0
2025-04-14 15:34:09,196 - Review.reviews.lc100_review - INFO - Selected 9 companies from super-sector 5020.0
2025-04-14 15:34:09,197 - Review.reviews.lc100_review - INFO - Selected 2 companies from super-sector 5510.0
2025-04-14 15:34:09,198 - Review.reviews.lc100_review - INFO - Selected 2 companies from super-sector 5520.0
2025-04-14 15:34:09,198 - Review.reviews.lc100_review - INFO - Selected 1 companies from super-sector 6510.0
2025-04-14 15:34:09,202 - Review.reviews.lc100_review - INFO - Initial selection has 96 companies, need to remove 10
2025-04-14 15:34:09,211 - Review.reviews.lc100_review - INFO - Removed company SE0012853455 from supersector 3020.0 (Climate Score: 2.821140472878995)
2025-04-14 15:34:09,215 - Review.reviews.lc100_review - INFO - Removed company GB0004082847 from supersector 3010.0 (Climate Score: 2.585)
2025-04-14 15:34:09,217 - Review.reviews.lc100_review - INFO - Removed company CH0011075394 from supersector 3030.0 (Climate Score: 2.39833333333333)
2025-04-14 15:34:09,224 - Review.reviews.lc100_review - INFO - Removed company FR0000121964 from supersector 3510.0 (Climate Score: 2.2473576022587802)
2025-04-14 15:34:09,228 - Review.reviews.lc100_review - INFO - Removed company DE000BAY0017 from supersector 2010.0 (Climate Score: 2.2165721170918)
2025-04-14 15:34:09,232 - Review.reviews.lc100_review - INFO - Removed company ES0109067019 from supersector 1010.0 (Climate Score: 2.1812092903668145)
2025-04-14 15:34:09,235 - Review.reviews.lc100_review - INFO - Removed company GB0030913577 from supersector 1510.0 (Climate Score: 2.050969452258145)
2025-04-14 15:34:09,239 - Review.reviews.lc100_review - INFO - Removed company DK0060542181 from supersector 5020.0 (Climate Score: 2.03696527269129)
2025-04-14 15:34:09,241 - Review.reviews.lc100_review - INFO - Removed company GB00BHJYC057 from supersector 4050.0 (Climate Score: 1.961379401980875)
2025-04-14 15:34:09,244 - Review.reviews.lc100_review - INFO - Removed company DE0006048432 from supersector 4020.0 (Climate Score: 1.913748241153015)
2025-04-14 15:34:09,247 - Review.reviews.lc100_review - INFO - Final Non-EU Taxonomy selection has 86 companies
2025-04-14 15:34:09,247 - Review.reviews.lc100_review - INFO - Minimum companies per supersector: 1
2025-04-14 15:34:09,247 - Review.reviews.lc100_review - WARNING - Some supersectors have fewer than 2 companies! Minimum is 1
2025-04-14 15:34:09,249 - Review.reviews.lc100_review - INFO - Final selection contains 100 companies
2025-04-14 15:34:09,249 - Review.reviews.lc100_review - INFO - - EU Taxonomy: 14
2025-04-14 15:34:09,249 - Review.reviews.lc100_review - INFO - - Non-EU Taxonomy: 86
2025-04-14 15:34:09,249 - Review.reviews.lc100_review - INFO - Adding PAB flag based on CDP temperature score...
2025-04-14 15:34:09,250 - Review.reviews.lc100_review - INFO - Calculating liquidity constraints for all companies...
2025-04-14 15:34:09,250 - Review.reviews.lc100_review - INFO - Total FFMC_WD for all companies: 74741246799605.81
2025-04-14 15:34:09,250 - Review.reviews.lc100_review - INFO - Market cap based weights calculated for EU Taxonomy companies
2025-04-14 15:34:09,251 - Review.reviews.lc100_review - INFO - Liquidity caps for EU Taxonomy companies - Max: 4.3497%, Min: 0.6501%, Avg: 1.8203%
2025-04-14 15:34:09,251 - Review.reviews.lc100_review - INFO - Liquidity floors for EU Taxonomy companies - Max: 0.2153%, Min: 0.0000%, Avg: 0.0154%
2025-04-14 15:34:09,252 - Review.reviews.lc100_review - INFO - No liquidity issues found for EU Taxonomy companies
2025-04-14 15:34:09,254 - Review.reviews.lc100_review - INFO - Liquidity caps for Non-EU Taxonomy companies - Max: 10.0000%, Min: 0.1851%, Avg: 2.2011%
2025-04-14 15:34:09,254 - Review.reviews.lc100_review - INFO - Liquidity floors for Non-EU Taxonomy companies - Max: 49.1542%, Min: 0.0000%, Avg: 0.8197%
2025-04-14 15:34:09,254 - Review.reviews.lc100_review - WARNING - Found 2 Non-EU Taxonomy companies with liquidity issues (floor > cap)
2025-04-14 15:34:09,256 - Review.reviews.lc100_review - WARNING - Liquidity issue for GB00BH4HKS39: Floor 49.1542% > Cap 10.0000%
2025-04-14 15:34:09,256 - Review.reviews.lc100_review - WARNING - Liquidity issue for GB0009895292: Floor 10.0043% > Cap 10.0000%
2025-04-14 15:34:09,257 - Review.reviews.lc100_review - INFO - Liquidity constraints have been calculated for all 100 companies
2025-04-14 15:34:09,258 - Review.reviews.lc100_review - INFO - Saving output files...
2025-04-14 15:34:09,726 - Review.reviews.lc100_review - INFO - Results saved to C:\Users\CSonneveld\OneDrive - Euronext\Documents\Projects\GUI + Reviews\output\LC100_review_20250414_153409.xlsx
2025-04-14 15:34:09,756 - werkzeug - INFO - 127.0.0.1 - - [14/Apr/2025 15:34:09] "POST /calculate HTTP/1.1" 200 -
2025-04-14 15:35:01,416 - werkzeug - INFO -  * Detected change in 'C:\\Users\\CSonneveld\\OneDrive - Euronext\\Documents\\Projects\\GUI + Reviews\\Review\\reviews\\lc3wp_review.py', reloading
2025-04-14 15:35:01,416 - werkzeug - INFO -  * Detected change in 'C:\\Users\\CSonneveld\\OneDrive - Euronext\\Documents\\Projects\\GUI + Reviews\\Review\\reviews\\lc3wp_review.py', reloading
2025-04-14 15:35:01,416 - werkzeug - INFO -  * Detected change in 'C:\\Users\\CSonneveld\\OneDrive - Euronext\\Documents\\Projects\\GUI + Reviews\\Review\\reviews\\lc3wp_review.py', reloading
