2025-08-15 11:16:25,196 - werkzeug - WARNING -  * Debugger is active!
2025-08-15 11:16:25,196 - werkzeug - INFO -  * Debugger PIN: 691-175-853
2025-08-15 11:16:25,877 - Review.reviews.dwrep_review - INFO - Loading EOD data...
2025-08-15 11:16:26,668 - Review.reviews.dwrep_review - INFO - Loading reference data...
2025-08-15 11:16:34,702 - Review.reviews.dwrep_review - ERROR - Error during review calculation: 'Capping Factor'
2025-08-15 11:16:34,707 - werkzeug - INFO -  * Detected change in 'C:\\Users\\CSonneveld\\AppData\\Roaming\\Python\\Python312\\site-packages\\pandas\\core\\frame.py', reloading
2025-08-15 11:16:34,709 - werkzeug - INFO -  * Detected change in 'C:\\Users\\CSonneveld\\AppData\\Roaming\\Python\\Python312\\site-packages\\pandas\\core\\indexes\\base.py', reloading
2025-08-15 11:16:34,711 - Review.reviews.dwrep_review - ERROR - Traceback (most recent call last):
  File "C:\Users\CSonneveld\AppData\Roaming\Python\Python312\site-packages\pandas\core\indexes\base.py", line 3805, in get_loc
    return self._engine.get_loc(casted_key)
           ^^^^^^^^^^^^^^^^^^^^^^^^^^^^^^^^
  File "index.pyx", line 167, in pandas._libs.index.IndexEngine.get_loc
  File "index.pyx", line 196, in pandas._libs.index.IndexEngine.get_loc
  File "pandas\\_libs\\hashtable_class_helper.pxi", line 7081, in pandas._libs.hashtable.PyObjectHashTable.get_item
  File "pandas\\_libs\\hashtable_class_helper.pxi", line 7089, in pandas._libs.hashtable.PyObjectHashTable.get_item
KeyError: 'Capping Factor'

The above exception was the direct cause of the following exception:

Traceback (most recent call last):
  File "C:\Users\CSonneveld\OneDrive - Euronext\Documents\Projects\GUI + Reviews\Review\reviews\dwrep_review.py", line 107, in run_dwrep_review
    selection_df['FFMC'] = selection_df['Capping Factor'] * selection_df['Number of Shares'] * selection_df['Free Float'] * selection_df['Price'] * selection_df['FX/Index Ccy']
                           ~~~~~~~~~~~~^^^^^^^^^^^^^^^^^^
  File "C:\Users\CSonneveld\AppData\Roaming\Python\Python312\site-packages\pandas\core\frame.py", line 4102, in __getitem__
    indexer = self.columns.get_loc(key)
              ^^^^^^^^^^^^^^^^^^^^^^^^^
  File "C:\Users\CSonneveld\AppData\Roaming\Python\Python312\site-packages\pandas\core\indexes\base.py", line 3812, in get_loc
    raise KeyError(key) from err
KeyError: 'Capping Factor'

2025-08-15 11:16:34,747 - werkzeug - INFO - 127.0.0.1 - - [15/Aug/2025 11:16:34] "POST /calculate HTTP/1.1" 200 -
