2025-01-20 15:21:17,526 - werkzeug - WARNING -  * Debugger is active!
2025-01-20 15:21:17,529 - werkzeug - INFO -  * Debugger PIN: 691-175-853
2025-01-20 15:21:36,034 - Review.reviews.frd4p_review - INFO - Processing sector: 1010.0, area: AS, group size: 45
2025-01-20 15:21:36,035 - Review.reviews.frd4p_review - INFO - Companies in group: 45, to exclude: 8
2025-01-20 15:21:36,035 - Review.reviews.frd4p_review - INFO - Processing sector: 1010.0, area: EU, group size: 20
2025-01-20 15:21:36,036 - Review.reviews.frd4p_review - INFO - Companies in group: 20, to exclude: 3
2025-01-20 15:21:36,036 - Review.reviews.frd4p_review - INFO - Processing sector: 1010.0, area: NA, group size: 72
2025-01-20 15:21:36,037 - Review.reviews.frd4p_review - INFO - Companies in group: 72, to exclude: 14
2025-01-20 15:21:36,037 - Review.reviews.frd4p_review - INFO - Processing sector: 1510.0, area: AS, group size: 12
2025-01-20 15:21:36,038 - Review.reviews.frd4p_review - INFO - Companies in group: 12, to exclude: 2
2025-01-20 15:21:36,038 - Review.reviews.frd4p_review - INFO - Processing sector: 1510.0, area: EU, group size: 17
2025-01-20 15:21:36,039 - Review.reviews.frd4p_review - INFO - Companies in group: 17, to exclude: 3
2025-01-20 15:21:36,039 - Review.reviews.frd4p_review - INFO - Processing sector: 1510.0, area: NA, group size: 10
2025-01-20 15:21:36,040 - Review.reviews.frd4p_review - INFO - Companies in group: 10, to exclude: 1
2025-01-20 15:21:36,040 - Review.reviews.frd4p_review - INFO - Processing sector: 2010.0, area: AS, group size: 31
2025-01-20 15:21:36,041 - Review.reviews.frd4p_review - INFO - Companies in group: 31, to exclude: 6
2025-01-20 15:21:36,042 - Review.reviews.frd4p_review - INFO - Processing sector: 2010.0, area: EU, group size: 47
2025-01-20 15:21:36,044 - Review.reviews.frd4p_review - INFO - Companies in group: 47, to exclude: 9
2025-01-20 15:21:36,045 - Review.reviews.frd4p_review - INFO - Processing sector: 2010.0, area: NA, group size: 48
2025-01-20 15:21:36,046 - Review.reviews.frd4p_review - INFO - Companies in group: 48, to exclude: 9
2025-01-20 15:21:36,047 - Review.reviews.frd4p_review - INFO - Processing sector: 3010.0, area: AS, group size: 29
2025-01-20 15:21:36,048 - Review.reviews.frd4p_review - INFO - Companies in group: 29, to exclude: 5
2025-01-20 15:21:36,050 - Review.reviews.frd4p_review - INFO - Processing sector: 3010.0, area: EU, group size: 40
2025-01-20 15:21:36,052 - Review.reviews.frd4p_review - INFO - Companies in group: 40, to exclude: 7
2025-01-20 15:21:36,053 - Review.reviews.frd4p_review - INFO - Processing sector: 3010.0, area: NA, group size: 21
2025-01-20 15:21:36,054 - Review.reviews.frd4p_review - INFO - Companies in group: 21, to exclude: 4
2025-01-20 15:21:36,055 - Review.reviews.frd4p_review - INFO - Processing sector: 3020.0, area: AS, group size: 15
2025-01-20 15:21:36,057 - Review.reviews.frd4p_review - INFO - Companies in group: 15, to exclude: 2
2025-01-20 15:21:36,058 - Review.reviews.frd4p_review - INFO - Processing sector: 3020.0, area: EU, group size: 30
2025-01-20 15:21:36,059 - Review.reviews.frd4p_review - INFO - Companies in group: 30, to exclude: 5
2025-01-20 15:21:36,060 - Review.reviews.frd4p_review - INFO - Processing sector: 3020.0, area: NA, group size: 32
2025-01-20 15:21:36,061 - Review.reviews.frd4p_review - INFO - Companies in group: 32, to exclude: 6
2025-01-20 15:21:36,061 - Review.reviews.frd4p_review - INFO - Processing sector: 3030.0, area: AS, group size: 14
2025-01-20 15:21:36,063 - Review.reviews.frd4p_review - INFO - Companies in group: 14, to exclude: 2
2025-01-20 15:21:36,063 - Review.reviews.frd4p_review - INFO - Processing sector: 3030.0, area: EU, group size: 30
2025-01-20 15:21:36,064 - Review.reviews.frd4p_review - INFO - Companies in group: 30, to exclude: 5
2025-01-20 15:21:36,064 - Review.reviews.frd4p_review - INFO - Processing sector: 3030.0, area: NA, group size: 23
2025-01-20 15:21:36,065 - Review.reviews.frd4p_review - INFO - Companies in group: 23, to exclude: 4
2025-01-20 15:21:36,066 - Review.reviews.frd4p_review - INFO - Processing sector: 3510.0, area: AS, group size: 47
2025-01-20 15:21:36,067 - Review.reviews.frd4p_review - INFO - Companies in group: 47, to exclude: 9
2025-01-20 15:21:36,067 - Review.reviews.frd4p_review - INFO - Processing sector: 3510.0, area: EU, group size: 21
2025-01-20 15:21:36,068 - Review.reviews.frd4p_review - INFO - Companies in group: 21, to exclude: 4
2025-01-20 15:21:36,069 - Review.reviews.frd4p_review - INFO - Processing sector: 3510.0, area: NA, group size: 22
2025-01-20 15:21:36,069 - Review.reviews.frd4p_review - INFO - Companies in group: 22, to exclude: 4
2025-01-20 15:21:36,070 - Review.reviews.frd4p_review - INFO - Processing sector: 4010.0, area: AS, group size: 15
2025-01-20 15:21:36,070 - Review.reviews.frd4p_review - INFO - Companies in group: 15, to exclude: 2
2025-01-20 15:21:36,071 - Review.reviews.frd4p_review - INFO - Processing sector: 4010.0, area: EU, group size: 12
2025-01-20 15:21:36,071 - Review.reviews.frd4p_review - INFO - Companies in group: 12, to exclude: 2
2025-01-20 15:21:36,072 - Review.reviews.frd4p_review - INFO - Processing sector: 4010.0, area: NA, group size: 4
2025-01-20 15:21:36,072 - Review.reviews.frd4p_review - INFO - Companies in group: 4, to exclude: 0
2025-01-20 15:21:36,072 - Review.reviews.frd4p_review - WARNING - No companies to exclude for sector 4010.0 and area NA
2025-01-20 15:21:36,072 - Review.reviews.frd4p_review - INFO - Processing sector: 4020.0, area: AS, group size: 28
2025-01-20 15:21:36,073 - Review.reviews.frd4p_review - INFO - Companies in group: 28, to exclude: 5
2025-01-20 15:21:36,074 - Review.reviews.frd4p_review - INFO - Processing sector: 4020.0, area: EU, group size: 22
2025-01-20 15:21:36,075 - Review.reviews.frd4p_review - INFO - Companies in group: 22, to exclude: 4
2025-01-20 15:21:36,075 - Review.reviews.frd4p_review - INFO - Processing sector: 4020.0, area: NA, group size: 16
2025-01-20 15:21:36,076 - Review.reviews.frd4p_review - INFO - Companies in group: 16, to exclude: 3
2025-01-20 15:21:36,077 - Review.reviews.frd4p_review - INFO - Processing sector: 4030.0, area: AS, group size: 7
2025-01-20 15:21:36,077 - Review.reviews.frd4p_review - INFO - Companies in group: 7, to exclude: 1
2025-01-20 15:21:36,078 - Review.reviews.frd4p_review - INFO - Processing sector: 4030.0, area: EU, group size: 8
2025-01-20 15:21:36,079 - Review.reviews.frd4p_review - INFO - Companies in group: 8, to exclude: 1
2025-01-20 15:21:36,079 - Review.reviews.frd4p_review - INFO - Processing sector: 4030.0, area: NA, group size: 7
2025-01-20 15:21:36,080 - Review.reviews.frd4p_review - INFO - Companies in group: 7, to exclude: 1
2025-01-20 15:21:36,080 - Review.reviews.frd4p_review - INFO - Processing sector: 4040.0, area: AS, group size: 14
2025-01-20 15:21:36,081 - Review.reviews.frd4p_review - INFO - Companies in group: 14, to exclude: 2
2025-01-20 15:21:36,082 - Review.reviews.frd4p_review - INFO - Processing sector: 4040.0, area: EU, group size: 10
2025-01-20 15:21:36,082 - Review.reviews.frd4p_review - INFO - Companies in group: 10, to exclude: 1
2025-01-20 15:21:36,082 - Review.reviews.frd4p_review - INFO - Processing sector: 4040.0, area: NA, group size: 18
2025-01-20 15:21:36,083 - Review.reviews.frd4p_review - INFO - Companies in group: 18, to exclude: 3
2025-01-20 15:21:36,083 - Review.reviews.frd4p_review - INFO - Processing sector: 4050.0, area: AS, group size: 19
2025-01-20 15:21:36,083 - Review.reviews.frd4p_review - INFO - Companies in group: 19, to exclude: 3
2025-01-20 15:21:36,084 - Review.reviews.frd4p_review - INFO - Processing sector: 4050.0, area: EU, group size: 13
2025-01-20 15:21:36,084 - Review.reviews.frd4p_review - INFO - Companies in group: 13, to exclude: 2
2025-01-20 15:21:36,084 - Review.reviews.frd4p_review - INFO - Processing sector: 4050.0, area: NA, group size: 21
2025-01-20 15:21:36,085 - Review.reviews.frd4p_review - INFO - Companies in group: 21, to exclude: 4
2025-01-20 15:21:36,085 - Review.reviews.frd4p_review - INFO - Processing sector: 4510.0, area: AS, group size: 24
2025-01-20 15:21:36,086 - Review.reviews.frd4p_review - INFO - Companies in group: 24, to exclude: 4
2025-01-20 15:21:36,086 - Review.reviews.frd4p_review - INFO - Processing sector: 4510.0, area: EU, group size: 27
2025-01-20 15:21:36,087 - Review.reviews.frd4p_review - INFO - Companies in group: 27, to exclude: 5
2025-01-20 15:21:36,087 - Review.reviews.frd4p_review - INFO - Processing sector: 4510.0, area: NA, group size: 16
2025-01-20 15:21:36,087 - Review.reviews.frd4p_review - INFO - Companies in group: 16, to exclude: 3
2025-01-20 15:21:36,088 - Review.reviews.frd4p_review - INFO - Processing sector: 4520.0, area: AS, group size: 14
2025-01-20 15:21:36,088 - Review.reviews.frd4p_review - INFO - Companies in group: 14, to exclude: 2
2025-01-20 15:21:36,088 - Review.reviews.frd4p_review - INFO - Processing sector: 4520.0, area: EU, group size: 13
2025-01-20 15:21:36,088 - Review.reviews.frd4p_review - INFO - Companies in group: 13, to exclude: 2
2025-01-20 15:21:36,089 - Review.reviews.frd4p_review - INFO - Processing sector: 4520.0, area: NA, group size: 12
2025-01-20 15:21:36,089 - Review.reviews.frd4p_review - INFO - Companies in group: 12, to exclude: 2
2025-01-20 15:21:36,089 - Review.reviews.frd4p_review - INFO - Processing sector: 5010.0, area: AS, group size: 18
2025-01-20 15:21:36,090 - Review.reviews.frd4p_review - INFO - Companies in group: 18, to exclude: 3
2025-01-20 15:21:36,090 - Review.reviews.frd4p_review - INFO - Processing sector: 5010.0, area: EU, group size: 24
2025-01-20 15:21:36,090 - Review.reviews.frd4p_review - INFO - Companies in group: 24, to exclude: 4
2025-01-20 15:21:36,090 - Review.reviews.frd4p_review - INFO - Processing sector: 5010.0, area: NA, group size: 14
2025-01-20 15:21:36,091 - Review.reviews.frd4p_review - INFO - Companies in group: 14, to exclude: 2
2025-01-20 15:21:36,091 - Review.reviews.frd4p_review - INFO - Processing sector: 5020.0, area: AS, group size: 100
2025-01-20 15:21:36,091 - Review.reviews.frd4p_review - INFO - Companies in group: 100, to exclude: 19
2025-01-20 15:21:36,092 - Review.reviews.frd4p_review - INFO - Processing sector: 5020.0, area: EU, group size: 91
2025-01-20 15:21:36,092 - Review.reviews.frd4p_review - INFO - Companies in group: 91, to exclude: 18
2025-01-20 15:21:36,092 - Review.reviews.frd4p_review - INFO - Processing sector: 5020.0, area: NA, group size: 81
2025-01-20 15:21:36,093 - Review.reviews.frd4p_review - INFO - Companies in group: 81, to exclude: 16
2025-01-20 15:21:36,093 - Review.reviews.frd4p_review - INFO - Processing sector: 5510.0, area: AS, group size: 18
2025-01-20 15:21:36,094 - Review.reviews.frd4p_review - INFO - Companies in group: 18, to exclude: 3
2025-01-20 15:21:36,094 - Review.reviews.frd4p_review - INFO - Processing sector: 5510.0, area: EU, group size: 13
2025-01-20 15:21:36,094 - Review.reviews.frd4p_review - INFO - Companies in group: 13, to exclude: 2
2025-01-20 15:21:36,094 - Review.reviews.frd4p_review - INFO - Processing sector: 5510.0, area: NA, group size: 12
2025-01-20 15:21:36,095 - Review.reviews.frd4p_review - INFO - Companies in group: 12, to exclude: 2
2025-01-20 15:21:36,095 - Review.reviews.frd4p_review - INFO - Processing sector: 5520.0, area: AS, group size: 18
2025-01-20 15:21:36,095 - Review.reviews.frd4p_review - INFO - Companies in group: 18, to exclude: 3
2025-01-20 15:21:36,095 - Review.reviews.frd4p_review - INFO - Processing sector: 5520.0, area: EU, group size: 16
2025-01-20 15:21:36,096 - Review.reviews.frd4p_review - INFO - Companies in group: 16, to exclude: 3
2025-01-20 15:21:36,096 - Review.reviews.frd4p_review - INFO - Processing sector: 5520.0, area: NA, group size: 6
2025-01-20 15:21:36,096 - Review.reviews.frd4p_review - INFO - Companies in group: 6, to exclude: 1
2025-01-20 15:21:36,097 - Review.reviews.frd4p_review - INFO - Processing sector: 6010.0, area: AS, group size: 10
2025-01-20 15:21:36,097 - Review.reviews.frd4p_review - INFO - Companies in group: 10, to exclude: 1
2025-01-20 15:21:36,097 - Review.reviews.frd4p_review - INFO - Processing sector: 6010.0, area: EU, group size: 20
2025-01-20 15:21:36,097 - Review.reviews.frd4p_review - INFO - Companies in group: 20, to exclude: 3
2025-01-20 15:21:36,097 - Review.reviews.frd4p_review - INFO - Processing sector: 6010.0, area: NA, group size: 34
2025-01-20 15:21:36,098 - Review.reviews.frd4p_review - INFO - Companies in group: 34, to exclude: 6
2025-01-20 15:21:36,098 - Review.reviews.frd4p_review - INFO - Processing sector: 6510.0, area: AS, group size: 22
2025-01-20 15:21:36,098 - Review.reviews.frd4p_review - INFO - Companies in group: 22, to exclude: 4
2025-01-20 15:21:36,099 - Review.reviews.frd4p_review - INFO - Processing sector: 6510.0, area: EU, group size: 26
2025-01-20 15:21:36,099 - Review.reviews.frd4p_review - INFO - Companies in group: 26, to exclude: 5
2025-01-20 15:21:36,099 - Review.reviews.frd4p_review - INFO - Processing sector: 6510.0, area: NA, group size: 31
2025-01-20 15:21:36,099 - Review.reviews.frd4p_review - INFO - Companies in group: 31, to exclude: 6
2025-01-20 15:21:48,363 - Review.reviews.frd4p_review - INFO - Checking IsinCode FRIX00003031 in index_eod_df
2025-01-20 15:21:48,364 - Review.reviews.frd4p_review - INFO - Found 1 matching rows
2025-01-20 15:21:48,374 - Review.reviews.frd4p_review - INFO - Saving FRD4P output to: C:\Users\CSonneveld\OneDrive - Euronext\Documents\Projects\GUI + Reviews\output\FRD4P_df_20250120_152148.xlsx
2025-01-20 15:21:48,752 - werkzeug - INFO - 127.0.0.1 - - [20/Jan/2025 15:21:48] "POST /calculate HTTP/1.1" 200 -
2025-01-20 15:46:40,137 - werkzeug - INFO -  * Detected change in 'C:\\Users\\CSonneveld\\OneDrive - Euronext\\Documents\\Projects\\GUI + Reviews\\Review\\reviews\\edwpt_review.py', reloading
2025-01-20 15:46:40,138 - werkzeug - INFO -  * Detected change in 'C:\\Users\\CSonneveld\\OneDrive - Euronext\\Documents\\Projects\\GUI + Reviews\\Review\\reviews\\edwpt_review.py', reloading
2025-01-20 15:46:40,293 - werkzeug - INFO -  * Detected change in 'C:\\Users\\CSonneveld\\OneDrive - Euronext\\Documents\\Projects\\GUI + Reviews\\Review\\reviews\\edwpt_review.py', reloading
2025-01-20 15:46:40,294 - werkzeug - INFO -  * Detected change in 'C:\\Users\\CSonneveld\\OneDrive - Euronext\\Documents\\Projects\\GUI + Reviews\\Review\\reviews\\edwpt_review.py', reloading
2025-01-20 15:46:40,440 - werkzeug - INFO -  * Detected change in 'C:\\Users\\CSonneveld\\OneDrive - Euronext\\Documents\\Projects\\GUI + Reviews\\Review\\reviews\\edwpt_review.py', reloading
2025-01-20 15:46:40,441 - werkzeug - INFO -  * Detected change in 'C:\\Users\\CSonneveld\\OneDrive - Euronext\\Documents\\Projects\\GUI + Reviews\\Review\\reviews\\edwpt_review.py', reloading
2025-01-20 15:46:40,441 - werkzeug - INFO -  * Detected change in 'C:\\Users\\CSonneveld\\OneDrive - Euronext\\Documents\\Projects\\GUI + Reviews\\Review\\reviews\\edwpt_review.py', reloading
