2025-03-18 14:00:52,233 - werkzeug - WARNING -  * Debugger is active!
2025-03-18 14:00:52,247 - werkzeug - INFO -  * Debugger PIN: 691-175-853
2025-03-18 14:00:52,873 - Review.reviews.frd4p_review - INFO - Loading EOD data...
2025-03-18 14:00:56,119 - Review.reviews.frd4p_review - INFO - Loading reference data...
2025-03-18 14:01:04,109 - Review.reviews.frd4p_review - INFO - Processing sector: 1010.0, area: AS, group size: 46
2025-03-18 14:01:04,109 - Review.reviews.frd4p_review - INFO - Companies in group: 46, to exclude: 9
2025-03-18 14:01:04,109 - Review.reviews.frd4p_review - INFO - Processing sector: 1010.0, area: EU, group size: 22
2025-03-18 14:01:04,109 - Review.reviews.frd4p_review - INFO - Companies in group: 22, to exclude: 4
2025-03-18 14:01:04,109 - Review.reviews.frd4p_review - INFO - Processing sector: 1010.0, area: NA, group size: 83
2025-03-18 14:01:04,109 - Review.reviews.frd4p_review - INFO - Companies in group: 83, to exclude: 16
2025-03-18 14:01:04,109 - Review.reviews.frd4p_review - INFO - Processing sector: 1510.0, area: AS, group size: 12
2025-03-18 14:01:04,109 - Review.reviews.frd4p_review - INFO - Companies in group: 12, to exclude: 2
2025-03-18 14:01:04,109 - Review.reviews.frd4p_review - INFO - Processing sector: 1510.0, area: EU, group size: 18
2025-03-18 14:01:04,109 - Review.reviews.frd4p_review - INFO - Companies in group: 18, to exclude: 3
2025-03-18 14:01:04,109 - Review.reviews.frd4p_review - INFO - Processing sector: 1510.0, area: NA, group size: 10
2025-03-18 14:01:04,109 - Review.reviews.frd4p_review - INFO - Companies in group: 10, to exclude: 1
2025-03-18 14:01:04,109 - Review.reviews.frd4p_review - INFO - Processing sector: 2010.0, area: AS, group size: 30
2025-03-18 14:01:04,109 - Review.reviews.frd4p_review - INFO - Companies in group: 30, to exclude: 5
2025-03-18 14:01:04,109 - Review.reviews.frd4p_review - INFO - Processing sector: 2010.0, area: EU, group size: 44
2025-03-18 14:01:04,119 - Review.reviews.frd4p_review - INFO - Companies in group: 44, to exclude: 8
2025-03-18 14:01:04,119 - Review.reviews.frd4p_review - INFO - Processing sector: 2010.0, area: NA, group size: 46
2025-03-18 14:01:04,120 - Review.reviews.frd4p_review - INFO - Companies in group: 46, to exclude: 9
2025-03-18 14:01:04,120 - Review.reviews.frd4p_review - INFO - Processing sector: 3010.0, area: AS, group size: 30
2025-03-18 14:01:04,121 - Review.reviews.frd4p_review - INFO - Companies in group: 30, to exclude: 5
2025-03-18 14:01:04,121 - Review.reviews.frd4p_review - INFO - Processing sector: 3010.0, area: EU, group size: 45
2025-03-18 14:01:04,122 - Review.reviews.frd4p_review - INFO - Companies in group: 45, to exclude: 8
2025-03-18 14:01:04,123 - Review.reviews.frd4p_review - INFO - Processing sector: 3010.0, area: NA, group size: 21
2025-03-18 14:01:04,123 - Review.reviews.frd4p_review - INFO - Companies in group: 21, to exclude: 4
2025-03-18 14:01:04,123 - Review.reviews.frd4p_review - INFO - Processing sector: 3020.0, area: AS, group size: 17
2025-03-18 14:01:04,124 - Review.reviews.frd4p_review - INFO - Companies in group: 17, to exclude: 3
2025-03-18 14:01:04,124 - Review.reviews.frd4p_review - INFO - Processing sector: 3020.0, area: EU, group size: 34
2025-03-18 14:01:04,124 - Review.reviews.frd4p_review - INFO - Companies in group: 34, to exclude: 6
2025-03-18 14:01:04,124 - Review.reviews.frd4p_review - INFO - Processing sector: 3020.0, area: NA, group size: 32
2025-03-18 14:01:04,124 - Review.reviews.frd4p_review - INFO - Companies in group: 32, to exclude: 6
2025-03-18 14:01:04,124 - Review.reviews.frd4p_review - INFO - Processing sector: 3030.0, area: AS, group size: 13
2025-03-18 14:01:04,124 - Review.reviews.frd4p_review - INFO - Companies in group: 13, to exclude: 2
2025-03-18 14:01:04,124 - Review.reviews.frd4p_review - INFO - Processing sector: 3030.0, area: EU, group size: 30
2025-03-18 14:01:04,124 - Review.reviews.frd4p_review - INFO - Companies in group: 30, to exclude: 5
2025-03-18 14:01:04,124 - Review.reviews.frd4p_review - INFO - Processing sector: 3030.0, area: NA, group size: 23
2025-03-18 14:01:04,124 - Review.reviews.frd4p_review - INFO - Companies in group: 23, to exclude: 4
2025-03-18 14:01:04,124 - Review.reviews.frd4p_review - INFO - Processing sector: 3510.0, area: AS, group size: 48
2025-03-18 14:01:04,128 - Review.reviews.frd4p_review - INFO - Companies in group: 48, to exclude: 9
2025-03-18 14:01:04,128 - Review.reviews.frd4p_review - INFO - Processing sector: 3510.0, area: EU, group size: 21
2025-03-18 14:01:04,129 - Review.reviews.frd4p_review - INFO - Companies in group: 21, to exclude: 4
2025-03-18 14:01:04,129 - Review.reviews.frd4p_review - INFO - Processing sector: 3510.0, area: NA, group size: 22
2025-03-18 14:01:04,130 - Review.reviews.frd4p_review - INFO - Companies in group: 22, to exclude: 4
2025-03-18 14:01:04,130 - Review.reviews.frd4p_review - INFO - Processing sector: 4010.0, area: AS, group size: 15
2025-03-18 14:01:04,131 - Review.reviews.frd4p_review - INFO - Companies in group: 15, to exclude: 2
2025-03-18 14:01:04,132 - Review.reviews.frd4p_review - INFO - Processing sector: 4010.0, area: EU, group size: 12
2025-03-18 14:01:04,133 - Review.reviews.frd4p_review - INFO - Companies in group: 12, to exclude: 2
2025-03-18 14:01:04,133 - Review.reviews.frd4p_review - INFO - Processing sector: 4010.0, area: NA, group size: 4
2025-03-18 14:01:04,133 - Review.reviews.frd4p_review - INFO - Companies in group: 4, to exclude: 0
2025-03-18 14:01:04,133 - Review.reviews.frd4p_review - WARNING - No companies to exclude for sector 4010.0 and area NA
2025-03-18 14:01:04,133 - Review.reviews.frd4p_review - INFO - Processing sector: 4020.0, area: AS, group size: 29
2025-03-18 14:01:04,133 - Review.reviews.frd4p_review - INFO - Companies in group: 29, to exclude: 5
2025-03-18 14:01:04,133 - Review.reviews.frd4p_review - INFO - Processing sector: 4020.0, area: EU, group size: 22
2025-03-18 14:01:04,133 - Review.reviews.frd4p_review - INFO - Companies in group: 22, to exclude: 4
2025-03-18 14:01:04,133 - Review.reviews.frd4p_review - INFO - Processing sector: 4020.0, area: NA, group size: 17
2025-03-18 14:01:04,133 - Review.reviews.frd4p_review - INFO - Companies in group: 17, to exclude: 3
2025-03-18 14:01:04,133 - Review.reviews.frd4p_review - INFO - Processing sector: 4030.0, area: AS, group size: 6
2025-03-18 14:01:04,133 - Review.reviews.frd4p_review - INFO - Companies in group: 6, to exclude: 1
2025-03-18 14:01:04,138 - Review.reviews.frd4p_review - INFO - Processing sector: 4030.0, area: EU, group size: 9
2025-03-18 14:01:04,139 - Review.reviews.frd4p_review - INFO - Companies in group: 9, to exclude: 1
2025-03-18 14:01:04,139 - Review.reviews.frd4p_review - INFO - Processing sector: 4030.0, area: NA, group size: 6
2025-03-18 14:01:04,140 - Review.reviews.frd4p_review - INFO - Companies in group: 6, to exclude: 1
2025-03-18 14:01:04,140 - Review.reviews.frd4p_review - INFO - Processing sector: 4040.0, area: AS, group size: 13
2025-03-18 14:01:04,140 - Review.reviews.frd4p_review - INFO - Companies in group: 13, to exclude: 2
2025-03-18 14:01:04,141 - Review.reviews.frd4p_review - INFO - Processing sector: 4040.0, area: EU, group size: 9
2025-03-18 14:01:04,141 - Review.reviews.frd4p_review - INFO - Companies in group: 9, to exclude: 1
2025-03-18 14:01:04,141 - Review.reviews.frd4p_review - INFO - Processing sector: 4040.0, area: NA, group size: 20
2025-03-18 14:01:04,142 - Review.reviews.frd4p_review - INFO - Companies in group: 20, to exclude: 3
2025-03-18 14:01:04,142 - Review.reviews.frd4p_review - INFO - Processing sector: 4050.0, area: AS, group size: 19
2025-03-18 14:01:04,143 - Review.reviews.frd4p_review - INFO - Companies in group: 19, to exclude: 3
2025-03-18 14:01:04,143 - Review.reviews.frd4p_review - INFO - Processing sector: 4050.0, area: EU, group size: 12
2025-03-18 14:01:04,143 - Review.reviews.frd4p_review - INFO - Companies in group: 12, to exclude: 2
2025-03-18 14:01:04,144 - Review.reviews.frd4p_review - INFO - Processing sector: 4050.0, area: NA, group size: 19
2025-03-18 14:01:04,144 - Review.reviews.frd4p_review - INFO - Companies in group: 19, to exclude: 3
2025-03-18 14:01:04,144 - Review.reviews.frd4p_review - INFO - Processing sector: 4510.0, area: AS, group size: 25
2025-03-18 14:01:04,145 - Review.reviews.frd4p_review - INFO - Companies in group: 25, to exclude: 4
2025-03-18 14:01:04,145 - Review.reviews.frd4p_review - INFO - Processing sector: 4510.0, area: EU, group size: 23
2025-03-18 14:01:04,146 - Review.reviews.frd4p_review - INFO - Companies in group: 23, to exclude: 4
2025-03-18 14:01:04,146 - Review.reviews.frd4p_review - INFO - Processing sector: 4510.0, area: NA, group size: 17
2025-03-18 14:01:04,147 - Review.reviews.frd4p_review - INFO - Companies in group: 17, to exclude: 3
2025-03-18 14:01:04,147 - Review.reviews.frd4p_review - INFO - Processing sector: 4520.0, area: AS, group size: 16
2025-03-18 14:01:04,148 - Review.reviews.frd4p_review - INFO - Companies in group: 16, to exclude: 3
2025-03-18 14:01:04,148 - Review.reviews.frd4p_review - INFO - Processing sector: 4520.0, area: EU, group size: 12
2025-03-18 14:01:04,149 - Review.reviews.frd4p_review - INFO - Companies in group: 12, to exclude: 2
2025-03-18 14:01:04,149 - Review.reviews.frd4p_review - INFO - Processing sector: 4520.0, area: NA, group size: 12
2025-03-18 14:01:04,150 - Review.reviews.frd4p_review - INFO - Companies in group: 12, to exclude: 2
2025-03-18 14:01:04,150 - Review.reviews.frd4p_review - INFO - Processing sector: 5010.0, area: AS, group size: 17
2025-03-18 14:01:04,150 - Review.reviews.frd4p_review - INFO - Companies in group: 17, to exclude: 3
2025-03-18 14:01:04,151 - Review.reviews.frd4p_review - INFO - Processing sector: 5010.0, area: EU, group size: 25
2025-03-18 14:01:04,151 - Review.reviews.frd4p_review - INFO - Companies in group: 25, to exclude: 4
2025-03-18 14:01:04,151 - Review.reviews.frd4p_review - INFO - Processing sector: 5010.0, area: NA, group size: 10
2025-03-18 14:01:04,152 - Review.reviews.frd4p_review - INFO - Companies in group: 10, to exclude: 1
2025-03-18 14:01:04,153 - Review.reviews.frd4p_review - INFO - Processing sector: 5020.0, area: AS, group size: 95
2025-03-18 14:01:04,153 - Review.reviews.frd4p_review - INFO - Companies in group: 95, to exclude: 18
2025-03-18 14:01:04,153 - Review.reviews.frd4p_review - INFO - Processing sector: 5020.0, area: EU, group size: 91
2025-03-18 14:01:04,153 - Review.reviews.frd4p_review - INFO - Companies in group: 91, to exclude: 18
2025-03-18 14:01:04,153 - Review.reviews.frd4p_review - INFO - Processing sector: 5020.0, area: NA, group size: 75
2025-03-18 14:01:04,153 - Review.reviews.frd4p_review - INFO - Companies in group: 75, to exclude: 14
2025-03-18 14:01:04,153 - Review.reviews.frd4p_review - INFO - Processing sector: 5510.0, area: AS, group size: 20
2025-03-18 14:01:04,153 - Review.reviews.frd4p_review - INFO - Companies in group: 20, to exclude: 3
2025-03-18 14:01:04,153 - Review.reviews.frd4p_review - INFO - Processing sector: 5510.0, area: EU, group size: 14
2025-03-18 14:01:04,153 - Review.reviews.frd4p_review - INFO - Companies in group: 14, to exclude: 2
2025-03-18 14:01:04,153 - Review.reviews.frd4p_review - INFO - Processing sector: 5510.0, area: NA, group size: 12
2025-03-18 14:01:04,153 - Review.reviews.frd4p_review - INFO - Companies in group: 12, to exclude: 2
2025-03-18 14:01:04,153 - Review.reviews.frd4p_review - INFO - Processing sector: 5520.0, area: AS, group size: 17
2025-03-18 14:01:04,158 - Review.reviews.frd4p_review - INFO - Companies in group: 17, to exclude: 3
2025-03-18 14:01:04,158 - Review.reviews.frd4p_review - INFO - Processing sector: 5520.0, area: EU, group size: 14
2025-03-18 14:01:04,158 - Review.reviews.frd4p_review - INFO - Companies in group: 14, to exclude: 2
2025-03-18 14:01:04,159 - Review.reviews.frd4p_review - INFO - Processing sector: 5520.0, area: NA, group size: 6
2025-03-18 14:01:04,159 - Review.reviews.frd4p_review - INFO - Companies in group: 6, to exclude: 1
2025-03-18 14:01:04,159 - Review.reviews.frd4p_review - INFO - Processing sector: 6010.0, area: AS, group size: 10
2025-03-18 14:01:04,160 - Review.reviews.frd4p_review - INFO - Companies in group: 10, to exclude: 1
2025-03-18 14:01:04,160 - Review.reviews.frd4p_review - INFO - Processing sector: 6010.0, area: EU, group size: 19
2025-03-18 14:01:04,160 - Review.reviews.frd4p_review - INFO - Companies in group: 19, to exclude: 3
2025-03-18 14:01:04,160 - Review.reviews.frd4p_review - INFO - Processing sector: 6010.0, area: NA, group size: 34
2025-03-18 14:01:04,161 - Review.reviews.frd4p_review - INFO - Companies in group: 34, to exclude: 6
2025-03-18 14:01:04,161 - Review.reviews.frd4p_review - INFO - Processing sector: 6510.0, area: AS, group size: 22
2025-03-18 14:01:04,161 - Review.reviews.frd4p_review - INFO - Companies in group: 22, to exclude: 4
2025-03-18 14:01:04,162 - Review.reviews.frd4p_review - INFO - Processing sector: 6510.0, area: EU, group size: 23
2025-03-18 14:01:04,162 - Review.reviews.frd4p_review - INFO - Companies in group: 23, to exclude: 4
2025-03-18 14:01:04,163 - Review.reviews.frd4p_review - INFO - Processing sector: 6510.0, area: NA, group size: 31
2025-03-18 14:01:04,164 - Review.reviews.frd4p_review - INFO - Companies in group: 31, to exclude: 6
2025-03-18 14:01:16,579 - Review.reviews.frd4p_review - INFO - Checking IsinCode FRIX00003031 in index_eod_df
2025-03-18 14:01:16,579 - Review.reviews.frd4p_review - INFO - Found 1 matching rows
2025-03-18 14:01:16,597 - Review.reviews.frd4p_review - INFO - Saving FRD4P output to: C:\Users\CSonneveld\OneDrive - Euronext\Documents\Projects\GUI + Reviews\output\FRD4P_df_20250318_140116.xlsx
2025-03-18 14:01:17,018 - werkzeug - INFO - 127.0.0.1 - - [18/Mar/2025 14:01:17] "POST /calculate HTTP/1.1" 200 -
2025-03-18 14:05:31,059 - werkzeug - INFO -  * Detected change in 'C:\\Users\\CSonneveld\\OneDrive - Euronext\\Documents\\Projects\\GUI + Reviews\\utils\\logging_utils.py', reloading
