2025-01-21 11:03:44,755 - werkzeug - WARNING -  * Debugger is active!
2025-01-21 11:03:44,758 - werkzeug - INFO -  * Debugger PIN: 691-175-853
2025-01-21 11:04:03,043 - Review.reviews.frd4p_review - INFO - Processing sector: 1010.0, area: AS, group size: 45
2025-01-21 11:04:03,044 - Review.reviews.frd4p_review - INFO - Companies in group: 45, to exclude: 8
2025-01-21 11:04:03,045 - Review.reviews.frd4p_review - INFO - Processing sector: 1010.0, area: EU, group size: 20
2025-01-21 11:04:03,045 - Review.reviews.frd4p_review - INFO - Companies in group: 20, to exclude: 3
2025-01-21 11:04:03,046 - Review.reviews.frd4p_review - INFO - Processing sector: 1010.0, area: NA, group size: 72
2025-01-21 11:04:03,046 - Review.reviews.frd4p_review - INFO - Companies in group: 72, to exclude: 14
2025-01-21 11:04:03,047 - Review.reviews.frd4p_review - INFO - Processing sector: 1510.0, area: AS, group size: 12
2025-01-21 11:04:03,047 - Review.reviews.frd4p_review - INFO - Companies in group: 12, to exclude: 2
2025-01-21 11:04:03,047 - Review.reviews.frd4p_review - INFO - Processing sector: 1510.0, area: EU, group size: 17
2025-01-21 11:04:03,048 - Review.reviews.frd4p_review - INFO - Companies in group: 17, to exclude: 3
2025-01-21 11:04:03,048 - Review.reviews.frd4p_review - INFO - Processing sector: 1510.0, area: NA, group size: 10
2025-01-21 11:04:03,048 - Review.reviews.frd4p_review - INFO - Companies in group: 10, to exclude: 1
2025-01-21 11:04:03,048 - Review.reviews.frd4p_review - INFO - Processing sector: 2010.0, area: AS, group size: 31
2025-01-21 11:04:03,049 - Review.reviews.frd4p_review - INFO - Companies in group: 31, to exclude: 6
2025-01-21 11:04:03,049 - Review.reviews.frd4p_review - INFO - Processing sector: 2010.0, area: EU, group size: 47
2025-01-21 11:04:03,049 - Review.reviews.frd4p_review - INFO - Companies in group: 47, to exclude: 9
2025-01-21 11:04:03,050 - Review.reviews.frd4p_review - INFO - Processing sector: 2010.0, area: NA, group size: 48
2025-01-21 11:04:03,050 - Review.reviews.frd4p_review - INFO - Companies in group: 48, to exclude: 9
2025-01-21 11:04:03,050 - Review.reviews.frd4p_review - INFO - Processing sector: 3010.0, area: AS, group size: 29
2025-01-21 11:04:03,051 - Review.reviews.frd4p_review - INFO - Companies in group: 29, to exclude: 5
2025-01-21 11:04:03,051 - Review.reviews.frd4p_review - INFO - Processing sector: 3010.0, area: EU, group size: 40
2025-01-21 11:04:03,052 - Review.reviews.frd4p_review - INFO - Companies in group: 40, to exclude: 7
2025-01-21 11:04:03,052 - Review.reviews.frd4p_review - INFO - Processing sector: 3010.0, area: NA, group size: 21
2025-01-21 11:04:03,052 - Review.reviews.frd4p_review - INFO - Companies in group: 21, to exclude: 4
2025-01-21 11:04:03,053 - Review.reviews.frd4p_review - INFO - Processing sector: 3020.0, area: AS, group size: 15
2025-01-21 11:04:03,053 - Review.reviews.frd4p_review - INFO - Companies in group: 15, to exclude: 2
2025-01-21 11:04:03,053 - Review.reviews.frd4p_review - INFO - Processing sector: 3020.0, area: EU, group size: 30
2025-01-21 11:04:03,054 - Review.reviews.frd4p_review - INFO - Companies in group: 30, to exclude: 5
2025-01-21 11:04:03,054 - Review.reviews.frd4p_review - INFO - Processing sector: 3020.0, area: NA, group size: 32
2025-01-21 11:04:03,054 - Review.reviews.frd4p_review - INFO - Companies in group: 32, to exclude: 6
2025-01-21 11:04:03,055 - Review.reviews.frd4p_review - INFO - Processing sector: 3030.0, area: AS, group size: 14
2025-01-21 11:04:03,055 - Review.reviews.frd4p_review - INFO - Companies in group: 14, to exclude: 2
2025-01-21 11:04:03,055 - Review.reviews.frd4p_review - INFO - Processing sector: 3030.0, area: EU, group size: 30
2025-01-21 11:04:03,056 - Review.reviews.frd4p_review - INFO - Companies in group: 30, to exclude: 5
2025-01-21 11:04:03,056 - Review.reviews.frd4p_review - INFO - Processing sector: 3030.0, area: NA, group size: 23
2025-01-21 11:04:03,056 - Review.reviews.frd4p_review - INFO - Companies in group: 23, to exclude: 4
2025-01-21 11:04:03,057 - Review.reviews.frd4p_review - INFO - Processing sector: 3510.0, area: AS, group size: 47
2025-01-21 11:04:03,057 - Review.reviews.frd4p_review - INFO - Companies in group: 47, to exclude: 9
2025-01-21 11:04:03,057 - Review.reviews.frd4p_review - INFO - Processing sector: 3510.0, area: EU, group size: 21
2025-01-21 11:04:03,058 - Review.reviews.frd4p_review - INFO - Companies in group: 21, to exclude: 4
2025-01-21 11:04:03,058 - Review.reviews.frd4p_review - INFO - Processing sector: 3510.0, area: NA, group size: 22
2025-01-21 11:04:03,058 - Review.reviews.frd4p_review - INFO - Companies in group: 22, to exclude: 4
2025-01-21 11:04:03,058 - Review.reviews.frd4p_review - INFO - Processing sector: 4010.0, area: AS, group size: 15
2025-01-21 11:04:03,059 - Review.reviews.frd4p_review - INFO - Companies in group: 15, to exclude: 2
2025-01-21 11:04:03,059 - Review.reviews.frd4p_review - INFO - Processing sector: 4010.0, area: EU, group size: 12
2025-01-21 11:04:03,059 - Review.reviews.frd4p_review - INFO - Companies in group: 12, to exclude: 2
2025-01-21 11:04:03,060 - Review.reviews.frd4p_review - INFO - Processing sector: 4010.0, area: NA, group size: 4
2025-01-21 11:04:03,060 - Review.reviews.frd4p_review - INFO - Companies in group: 4, to exclude: 0
2025-01-21 11:04:03,060 - Review.reviews.frd4p_review - WARNING - No companies to exclude for sector 4010.0 and area NA
2025-01-21 11:04:03,060 - Review.reviews.frd4p_review - INFO - Processing sector: 4020.0, area: AS, group size: 28
2025-01-21 11:04:03,061 - Review.reviews.frd4p_review - INFO - Companies in group: 28, to exclude: 5
2025-01-21 11:04:03,061 - Review.reviews.frd4p_review - INFO - Processing sector: 4020.0, area: EU, group size: 22
2025-01-21 11:04:03,061 - Review.reviews.frd4p_review - INFO - Companies in group: 22, to exclude: 4
2025-01-21 11:04:03,062 - Review.reviews.frd4p_review - INFO - Processing sector: 4020.0, area: NA, group size: 16
2025-01-21 11:04:03,062 - Review.reviews.frd4p_review - INFO - Companies in group: 16, to exclude: 3
2025-01-21 11:04:03,062 - Review.reviews.frd4p_review - INFO - Processing sector: 4030.0, area: AS, group size: 7
2025-01-21 11:04:03,062 - Review.reviews.frd4p_review - INFO - Companies in group: 7, to exclude: 1
2025-01-21 11:04:03,063 - Review.reviews.frd4p_review - INFO - Processing sector: 4030.0, area: EU, group size: 8
2025-01-21 11:04:03,063 - Review.reviews.frd4p_review - INFO - Companies in group: 8, to exclude: 1
2025-01-21 11:04:03,063 - Review.reviews.frd4p_review - INFO - Processing sector: 4030.0, area: NA, group size: 7
2025-01-21 11:04:03,063 - Review.reviews.frd4p_review - INFO - Companies in group: 7, to exclude: 1
2025-01-21 11:04:03,064 - Review.reviews.frd4p_review - INFO - Processing sector: 4040.0, area: AS, group size: 14
2025-01-21 11:04:03,064 - Review.reviews.frd4p_review - INFO - Companies in group: 14, to exclude: 2
2025-01-21 11:04:03,064 - Review.reviews.frd4p_review - INFO - Processing sector: 4040.0, area: EU, group size: 10
2025-01-21 11:04:03,065 - Review.reviews.frd4p_review - INFO - Companies in group: 10, to exclude: 1
2025-01-21 11:04:03,065 - Review.reviews.frd4p_review - INFO - Processing sector: 4040.0, area: NA, group size: 18
2025-01-21 11:04:03,065 - Review.reviews.frd4p_review - INFO - Companies in group: 18, to exclude: 3
2025-01-21 11:04:03,066 - Review.reviews.frd4p_review - INFO - Processing sector: 4050.0, area: AS, group size: 19
2025-01-21 11:04:03,066 - Review.reviews.frd4p_review - INFO - Companies in group: 19, to exclude: 3
2025-01-21 11:04:03,066 - Review.reviews.frd4p_review - INFO - Processing sector: 4050.0, area: EU, group size: 13
2025-01-21 11:04:03,067 - Review.reviews.frd4p_review - INFO - Companies in group: 13, to exclude: 2
2025-01-21 11:04:03,067 - Review.reviews.frd4p_review - INFO - Processing sector: 4050.0, area: NA, group size: 21
2025-01-21 11:04:03,067 - Review.reviews.frd4p_review - INFO - Companies in group: 21, to exclude: 4
2025-01-21 11:04:03,067 - Review.reviews.frd4p_review - INFO - Processing sector: 4510.0, area: AS, group size: 24
2025-01-21 11:04:03,068 - Review.reviews.frd4p_review - INFO - Companies in group: 24, to exclude: 4
2025-01-21 11:04:03,068 - Review.reviews.frd4p_review - INFO - Processing sector: 4510.0, area: EU, group size: 27
2025-01-21 11:04:03,068 - Review.reviews.frd4p_review - INFO - Companies in group: 27, to exclude: 5
2025-01-21 11:04:03,068 - Review.reviews.frd4p_review - INFO - Processing sector: 4510.0, area: NA, group size: 16
2025-01-21 11:04:03,069 - Review.reviews.frd4p_review - INFO - Companies in group: 16, to exclude: 3
2025-01-21 11:04:03,069 - Review.reviews.frd4p_review - INFO - Processing sector: 4520.0, area: AS, group size: 14
2025-01-21 11:04:03,070 - Review.reviews.frd4p_review - INFO - Companies in group: 14, to exclude: 2
2025-01-21 11:04:03,070 - Review.reviews.frd4p_review - INFO - Processing sector: 4520.0, area: EU, group size: 13
2025-01-21 11:04:03,070 - Review.reviews.frd4p_review - INFO - Companies in group: 13, to exclude: 2
2025-01-21 11:04:03,071 - Review.reviews.frd4p_review - INFO - Processing sector: 4520.0, area: NA, group size: 12
2025-01-21 11:04:03,071 - Review.reviews.frd4p_review - INFO - Companies in group: 12, to exclude: 2
2025-01-21 11:04:03,071 - Review.reviews.frd4p_review - INFO - Processing sector: 5010.0, area: AS, group size: 18
2025-01-21 11:04:03,072 - Review.reviews.frd4p_review - INFO - Companies in group: 18, to exclude: 3
2025-01-21 11:04:03,072 - Review.reviews.frd4p_review - INFO - Processing sector: 5010.0, area: EU, group size: 24
2025-01-21 11:04:03,072 - Review.reviews.frd4p_review - INFO - Companies in group: 24, to exclude: 4
2025-01-21 11:04:03,073 - Review.reviews.frd4p_review - INFO - Processing sector: 5010.0, area: NA, group size: 14
2025-01-21 11:04:03,073 - Review.reviews.frd4p_review - INFO - Companies in group: 14, to exclude: 2
2025-01-21 11:04:03,073 - Review.reviews.frd4p_review - INFO - Processing sector: 5020.0, area: AS, group size: 100
2025-01-21 11:04:03,074 - Review.reviews.frd4p_review - INFO - Companies in group: 100, to exclude: 19
2025-01-21 11:04:03,074 - Review.reviews.frd4p_review - INFO - Processing sector: 5020.0, area: EU, group size: 91
2025-01-21 11:04:03,075 - Review.reviews.frd4p_review - INFO - Companies in group: 91, to exclude: 18
2025-01-21 11:04:03,075 - Review.reviews.frd4p_review - INFO - Processing sector: 5020.0, area: NA, group size: 81
2025-01-21 11:04:03,075 - Review.reviews.frd4p_review - INFO - Companies in group: 81, to exclude: 16
2025-01-21 11:04:03,076 - Review.reviews.frd4p_review - INFO - Processing sector: 5510.0, area: AS, group size: 18
2025-01-21 11:04:03,076 - Review.reviews.frd4p_review - INFO - Companies in group: 18, to exclude: 3
2025-01-21 11:04:03,076 - Review.reviews.frd4p_review - INFO - Processing sector: 5510.0, area: EU, group size: 13
2025-01-21 11:04:03,077 - Review.reviews.frd4p_review - INFO - Companies in group: 13, to exclude: 2
2025-01-21 11:04:03,077 - Review.reviews.frd4p_review - INFO - Processing sector: 5510.0, area: NA, group size: 12
2025-01-21 11:04:03,077 - Review.reviews.frd4p_review - INFO - Companies in group: 12, to exclude: 2
2025-01-21 11:04:03,078 - Review.reviews.frd4p_review - INFO - Processing sector: 5520.0, area: AS, group size: 18
2025-01-21 11:04:03,078 - Review.reviews.frd4p_review - INFO - Companies in group: 18, to exclude: 3
2025-01-21 11:04:03,078 - Review.reviews.frd4p_review - INFO - Processing sector: 5520.0, area: EU, group size: 16
2025-01-21 11:04:03,079 - Review.reviews.frd4p_review - INFO - Companies in group: 16, to exclude: 3
2025-01-21 11:04:03,079 - Review.reviews.frd4p_review - INFO - Processing sector: 5520.0, area: NA, group size: 6
2025-01-21 11:04:03,079 - Review.reviews.frd4p_review - INFO - Companies in group: 6, to exclude: 1
2025-01-21 11:04:03,079 - Review.reviews.frd4p_review - INFO - Processing sector: 6010.0, area: AS, group size: 10
2025-01-21 11:04:03,080 - Review.reviews.frd4p_review - INFO - Companies in group: 10, to exclude: 1
2025-01-21 11:04:03,080 - Review.reviews.frd4p_review - INFO - Processing sector: 6010.0, area: EU, group size: 20
2025-01-21 11:04:03,080 - Review.reviews.frd4p_review - INFO - Companies in group: 20, to exclude: 3
2025-01-21 11:04:03,080 - Review.reviews.frd4p_review - INFO - Processing sector: 6010.0, area: NA, group size: 34
2025-01-21 11:04:03,081 - Review.reviews.frd4p_review - INFO - Companies in group: 34, to exclude: 6
2025-01-21 11:04:03,081 - Review.reviews.frd4p_review - INFO - Processing sector: 6510.0, area: AS, group size: 22
2025-01-21 11:04:03,081 - Review.reviews.frd4p_review - INFO - Companies in group: 22, to exclude: 4
2025-01-21 11:04:03,081 - Review.reviews.frd4p_review - INFO - Processing sector: 6510.0, area: EU, group size: 26
2025-01-21 11:04:03,082 - Review.reviews.frd4p_review - INFO - Companies in group: 26, to exclude: 5
2025-01-21 11:04:03,082 - Review.reviews.frd4p_review - INFO - Processing sector: 6510.0, area: NA, group size: 31
2025-01-21 11:04:03,082 - Review.reviews.frd4p_review - INFO - Companies in group: 31, to exclude: 6
2025-01-21 11:04:15,334 - Review.reviews.frd4p_review - INFO - Checking IsinCode FRIX00003031 in index_eod_df
2025-01-21 11:04:15,335 - Review.reviews.frd4p_review - INFO - Found 1 matching rows
2025-01-21 11:04:15,344 - Review.reviews.frd4p_review - INFO - Saving FRD4P output to: C:\Users\CSonneveld\OneDrive - Euronext\Documents\Projects\GUI + Reviews\output\FRD4P_df_20250121_110415.xlsx
2025-01-21 11:04:15,743 - werkzeug - INFO - 127.0.0.1 - - [21/Jan/2025 11:04:15] "POST /calculate HTTP/1.1" 200 -
2025-01-21 11:04:44,537 - werkzeug - INFO -  * Detected change in 'C:\\Users\\CSonneveld\\AppData\\Roaming\\Python\\Python312\\site-packages\\flask\\__init__.py', reloading
2025-01-21 11:04:44,546 - werkzeug - INFO -  * Detected change in 'C:\\Users\\CSonneveld\\AppData\\Roaming\\Python\\Python312\\site-packages\\flask\\app.py', reloading
2025-01-21 11:04:44,575 - werkzeug - INFO -  * Detected change in 'C:\\Users\\CSonneveld\\AppData\\Roaming\\Python\\Python312\\site-packages\\flask\\sansio\\app.py', reloading
2025-01-21 11:04:44,588 - werkzeug - INFO -  * Detected change in 'C:\\Users\\CSonneveld\\AppData\\Roaming\\Python\\Python312\\site-packages\\flask\\sansio\\scaffold.py', reloading
2025-01-21 11:04:44,599 - werkzeug - INFO -  * Detected change in 'C:\\Users\\CSonneveld\\AppData\\Roaming\\Python\\Python312\\site-packages\\flask\\templating.py', reloading
2025-01-21 11:04:44,602 - werkzeug - INFO -  * Detected change in 'C:\\Users\\CSonneveld\\AppData\\Roaming\\Python\\Python312\\site-packages\\jinja2\\__init__.py', reloading
2025-01-21 11:04:44,604 - werkzeug - INFO -  * Detected change in 'C:\\Users\\CSonneveld\\AppData\\Roaming\\Python\\Python312\\site-packages\\jinja2\\environment.py', reloading
2025-01-21 11:04:44,629 - werkzeug - INFO -  * Detected change in 'C:\\Users\\CSonneveld\\AppData\\Roaming\\Python\\Python312\\site-packages\\flask\\globals.py', reloading
2025-01-21 11:04:44,632 - werkzeug - INFO -  * Detected change in 'C:\\Users\\CSonneveld\\AppData\\Roaming\\Python\\Python312\\site-packages\\flask\\wrappers.py', reloading
2025-01-21 11:04:44,634 - werkzeug - INFO -  * Detected change in 'C:\\Users\\CSonneveld\\AppData\\Roaming\\Python\\Python312\\site-packages\\werkzeug\\wrappers\\__init__.py', reloading
2025-01-21 11:04:44,635 - werkzeug - INFO -  * Detected change in 'C:\\Users\\CSonneveld\\AppData\\Roaming\\Python\\Python312\\site-packages\\werkzeug\\wrappers\\request.py', reloading
2025-01-21 11:04:44,647 - werkzeug - INFO -  * Detected change in 'C:\\Users\\CSonneveld\\AppData\\Roaming\\Python\\Python312\\site-packages\\werkzeug\\sansio\\request.py', reloading
2025-01-21 11:04:44,655 - werkzeug - INFO -  * Detected change in 'C:\\Users\\CSonneveld\\AppData\\Roaming\\Python\\Python312\\site-packages\\flask\\json\\__init__.py', reloading
2025-01-21 11:04:44,657 - werkzeug - INFO -  * Detected change in 'C:\\Users\\CSonneveld\\AppData\\Roaming\\Python\\Python312\\site-packages\\werkzeug\\wrappers\\response.py', reloading
2025-01-21 11:04:44,664 - werkzeug - INFO -  * Detected change in 'C:\\Users\\CSonneveld\\AppData\\Roaming\\Python\\Python312\\site-packages\\werkzeug\\sansio\\response.py', reloading
2025-01-21 11:04:44,669 - werkzeug - INFO -  * Detected change in 'C:\\Users\\CSonneveld\\OneDrive - Euronext\\Documents\\Projects\\GUI + Reviews\\Review\\review_logic.py', reloading
2025-01-21 11:04:44,675 - werkzeug - INFO -  * Detected change in 'C:\\Users\\CSonneveld\\AppData\\Roaming\\Python\\Python312\\site-packages\\flask\\config.py', reloading
2025-01-21 11:04:44,682 - werkzeug - INFO -  * Detected change in 'C:\\Users\\CSonneveld\\AppData\\Roaming\\Python\\Python312\\site-packages\\flask\\typing.py', reloading
2025-01-21 11:04:44,684 - werkzeug - INFO -  * Detected change in 'C:\\Users\\CSonneveld\\AppData\\Roaming\\Python\\Python312\\site-packages\\werkzeug\\datastructures\\__init__.py', reloading
2025-01-21 11:04:44,687 - werkzeug - INFO -  * Detected change in 'C:\\Users\\CSonneveld\\AppData\\Roaming\\Python\\Python312\\site-packages\\werkzeug\\datastructures\\headers.py', reloading
2025-01-21 11:04:44,703 - werkzeug - INFO -  * Detected change in 'C:\\Users\\CSonneveld\\OneDrive - Euronext\\Documents\\Projects\\GUI + Reviews\\Review\\reviews\\fri4p_review.py', reloading
2025-01-21 11:04:44,712 - werkzeug - INFO -  * Detected change in 'C:\\Users\\CSonneveld\\OneDrive - Euronext\\Documents\\Projects\\GUI + Reviews\\Review\\reviews\\egspp_review.py', reloading
2025-01-21 11:04:44,719 - werkzeug - INFO -  * Detected change in 'C:\\Users\\CSonneveld\\AppData\\Roaming\\Python\\Python312\\site-packages\\werkzeug\\utils.py', reloading
2025-01-21 11:04:44,734 - werkzeug - INFO -  * Detected change in 'C:\\Users\\CSonneveld\\AppData\\Roaming\\Python\\Python312\\site-packages\\werkzeug\\_internal.py', reloading
2025-01-21 11:04:44,746 - werkzeug - INFO -  * Detected change in 'C:\\Users\\CSonneveld\\AppData\\Roaming\\Python\\Python312\\site-packages\\werkzeug\\datastructures\\structures.py', reloading
2025-01-21 11:04:44,763 - werkzeug - INFO -  * Detected change in 'C:\\Users\\CSonneveld\\AppData\\Roaming\\Python\\Python312\\site-packages\\werkzeug\\datastructures\\mixins.py', reloading
