2025-01-20 16:26:36,213 - werkzeug - WARNING -  * Debugger is active!
2025-01-20 16:26:36,216 - werkzeug - INFO -  * Debugger PIN: 691-175-853
2025-01-20 16:26:37,082 - Review.reviews.edwpt_review - INFO - Starting EDWPT review calculation
2025-01-20 16:26:41,352 - Review.reviews.edwpt_review - INFO - 
EDWPT Selection Summary:
2025-01-20 16:26:41,354 - Review.reviews.edwpt_review - INFO - Total companies selected: 5446
2025-01-20 16:26:41,355 - Review.reviews.edwpt_review - INFO - Total FFMC covered: 98.84%
2025-01-20 16:26:41,386 - Review.reviews.edwpt_review - INFO - 
DEUPT Selection Summary:
2025-01-20 16:26:41,394 - Review.reviews.edwpt_review - INFO - Total companies selected: 1327
2025-01-20 16:26:41,395 - Review.reviews.edwpt_review - INFO - Total FFMC covered: 98.67%
2025-01-20 16:26:41,416 - Review.reviews.edwpt_review - INFO - 
DEZPT Selection Summary:
2025-01-20 16:26:41,417 - Review.reviews.edwpt_review - INFO - Total companies selected: 494
2025-01-20 16:26:41,418 - Review.reviews.edwpt_review - INFO - Total FFMC covered: 98.51%
2025-01-20 16:26:41,436 - Review.reviews.edwpt_review - INFO - 
DAPPT Selection Summary:
2025-01-20 16:26:41,437 - Review.reviews.edwpt_review - INFO - Total companies selected: 1909
2025-01-20 16:26:41,438 - Review.reviews.edwpt_review - INFO - Total FFMC covered: 98.13%
2025-01-20 16:26:41,451 - Review.reviews.edwpt_review - INFO - 
DNAPT Selection Summary:
2025-01-20 16:26:41,452 - Review.reviews.edwpt_review - INFO - Total companies selected: 1764
2025-01-20 16:26:41,454 - Review.reviews.edwpt_review - INFO - Total FFMC covered: 98.18%
2025-01-20 16:26:41,468 - Review.reviews.edwpt_review - INFO - 
DASPT Selection Summary:
2025-01-20 16:26:41,469 - Review.reviews.edwpt_review - INFO - Total companies selected: 1563
2025-01-20 16:26:41,470 - Review.reviews.edwpt_review - INFO - Total FFMC covered: 98.07%
2025-01-20 16:26:41,478 - Review.reviews.edwpt_review - INFO - 
DPAPT Selection Summary:
2025-01-20 16:26:41,479 - Review.reviews.edwpt_review - INFO - Total companies selected: 320
2025-01-20 16:26:41,479 - Review.reviews.edwpt_review - INFO - Total FFMC covered: 98.04%
2025-01-20 16:26:41,489 - Review.reviews.edwpt_review - INFO - 
EUSPT Selection Summary:
2025-01-20 16:26:41,490 - Review.reviews.edwpt_review - INFO - Total companies selected: 1481
2025-01-20 16:26:41,492 - Review.reviews.edwpt_review - INFO - Total FFMC covered: 98.00%
2025-01-20 16:26:41,501 - Review.reviews.edwpt_review - INFO - 
EJPPT Selection Summary:
2025-01-20 16:26:41,503 - Review.reviews.edwpt_review - INFO - Total companies selected: 1414
2025-01-20 16:26:41,504 - Review.reviews.edwpt_review - INFO - Total FFMC covered: 98.00%
2025-01-20 16:26:41,509 - Review.reviews.edwpt_review - INFO - 
ECHPT Selection Summary:
2025-01-20 16:26:41,509 - Review.reviews.edwpt_review - INFO - Total companies selected: 74
2025-01-20 16:26:41,510 - Review.reviews.edwpt_review - INFO - Total FFMC covered: 98.05%
2025-01-20 16:26:41,516 - Review.reviews.edwpt_review - INFO - 
EUKPT Selection Summary:
2025-01-20 16:26:41,517 - Review.reviews.edwpt_review - INFO - Total companies selected: 320
2025-01-20 16:26:41,518 - Review.reviews.edwpt_review - INFO - Total FFMC covered: 98.01%
2025-01-20 16:26:41,522 - Review.reviews.edwpt_review - INFO - 
CANPT Selection Summary:
2025-01-20 16:26:41,523 - Review.reviews.edwpt_review - INFO - Total companies selected: 230
2025-01-20 16:26:41,524 - Review.reviews.edwpt_review - INFO - Total FFMC covered: 98.02%
2025-01-20 16:26:41,535 - Review.reviews.edwpt_review - INFO - 
Global Selection Summary:
2025-01-20 16:26:41,536 - Review.reviews.edwpt_review - INFO - Total companies selected: 5446
2025-01-20 16:26:41,538 - Review.reviews.edwpt_review - INFO - Total FFMC covered: 98.84%
2025-01-20 16:26:41,540 - Review.reviews.edwpt_review - INFO - 
MIC-level Summary:
2025-01-20 16:26:41,540 - Review.reviews.edwpt_review - INFO -       ISIN          FFMC  EDWPT_selection
MIC                                      
ALXP     1  1.337544e+09                1
BATS     3  1.962934e+10                1
MERK     2  2.803735e+08                2
MTAA   246  5.292374e+11               85
WBAH    26  5.370078e+10               17
XAMS    79  1.157401e+12               44
XASX   886  1.442942e+12              283
XBRU    58  1.938564e+11               34
XCSE   107  6.350474e+11               36
XESM     2  1.794035e+09                2
XETR   227  1.472409e+12              106
XHEL   127  2.061674e+11               49
XHKG   209  3.465502e+11               69
XLIS    18  3.541669e+10               11
XLON   872  2.336733e+12              320
XMAD    99  4.808796e+11               41
XMSM    14  5.274635e+10               10
XNGM    47  4.908139e+08                1
XNGS  2628  2.418978e+13              773
XNYS  1736  2.534917e+13             1143
XNZE    52  6.656698e+10               35
XOSL   245  1.738210e+11              125
XPAR   351  1.866583e+12               94
XSES   118  2.570802e+11               62
XSTO   648  7.073552e+11              222
XSWX   148  1.669679e+12               86
XTAE   275  1.399417e+11              150
XTKS  3711  4.991981e+12             1414
XTSE   491  2.080540e+12              230
2025-01-20 16:26:41,558 - Review.reviews.edwpt_review - INFO - Saving output to: C:\Users\CSonneveld\OneDrive - Euronext\Documents\Projects\GUI + Reviews\output\EDWPT_df_20250120_162641.xlsx
2025-01-20 16:26:41,831 - Review.reviews.edwpt_review - INFO - 
EDWPT Changes Summary:
2025-01-20 16:26:41,831 - Review.reviews.edwpt_review - INFO - Inclusions: 5446
2025-01-20 16:26:41,832 - Review.reviews.edwpt_review - INFO - Exclusions: 0
2025-01-20 16:26:41,909 - Review.reviews.edwpt_review - INFO - 
DEUPT Changes Summary:
2025-01-20 16:26:41,910 - Review.reviews.edwpt_review - INFO - Inclusions: 1327
2025-01-20 16:26:41,911 - Review.reviews.edwpt_review - INFO - Exclusions: 0
2025-01-20 16:26:41,941 - Review.reviews.edwpt_review - INFO - 
DEZPT Changes Summary:
2025-01-20 16:26:41,942 - Review.reviews.edwpt_review - INFO - Inclusions: 494
2025-01-20 16:26:41,942 - Review.reviews.edwpt_review - INFO - Exclusions: 0
2025-01-20 16:26:42,053 - Review.reviews.edwpt_review - INFO - 
DAPPT Changes Summary:
2025-01-20 16:26:42,053 - Review.reviews.edwpt_review - INFO - Inclusions: 1909
2025-01-20 16:26:42,054 - Review.reviews.edwpt_review - INFO - Exclusions: 0
2025-01-20 16:26:42,144 - Review.reviews.edwpt_review - INFO - 
DNAPT Changes Summary:
2025-01-20 16:26:42,144 - Review.reviews.edwpt_review - INFO - Inclusions: 1764
2025-01-20 16:26:42,145 - Review.reviews.edwpt_review - INFO - Exclusions: 0
2025-01-20 16:26:42,222 - Review.reviews.edwpt_review - INFO - 
DASPT Changes Summary:
2025-01-20 16:26:42,223 - Review.reviews.edwpt_review - INFO - Inclusions: 1563
2025-01-20 16:26:42,223 - Review.reviews.edwpt_review - INFO - Exclusions: 0
2025-01-20 16:26:42,245 - Review.reviews.edwpt_review - INFO - 
DPAPT Changes Summary:
2025-01-20 16:26:42,245 - Review.reviews.edwpt_review - INFO - Inclusions: 320
2025-01-20 16:26:42,246 - Review.reviews.edwpt_review - INFO - Exclusions: 0
2025-01-20 16:26:42,318 - Review.reviews.edwpt_review - INFO - 
EUSPT Changes Summary:
2025-01-20 16:26:42,319 - Review.reviews.edwpt_review - INFO - Inclusions: 1481
2025-01-20 16:26:42,319 - Review.reviews.edwpt_review - INFO - Exclusions: 0
2025-01-20 16:26:42,389 - Review.reviews.edwpt_review - INFO - 
EJPPT Changes Summary:
2025-01-20 16:26:42,389 - Review.reviews.edwpt_review - INFO - Inclusions: 1414
2025-01-20 16:26:42,390 - Review.reviews.edwpt_review - INFO - Exclusions: 0
2025-01-20 16:26:42,400 - Review.reviews.edwpt_review - INFO - 
ECHPT Changes Summary:
2025-01-20 16:26:42,401 - Review.reviews.edwpt_review - INFO - Inclusions: 74
2025-01-20 16:26:42,401 - Review.reviews.edwpt_review - INFO - Exclusions: 0
2025-01-20 16:26:42,424 - Review.reviews.edwpt_review - INFO - 
EUKPT Changes Summary:
2025-01-20 16:26:42,424 - Review.reviews.edwpt_review - INFO - Inclusions: 320
2025-01-20 16:26:42,425 - Review.reviews.edwpt_review - INFO - Exclusions: 0
2025-01-20 16:26:42,442 - Review.reviews.edwpt_review - INFO - 
CANPT Changes Summary:
2025-01-20 16:26:42,443 - Review.reviews.edwpt_review - INFO - Inclusions: 230
2025-01-20 16:26:42,449 - Review.reviews.edwpt_review - INFO - Exclusions: 0
2025-01-20 16:26:46,504 - Review.reviews.edwpt_review - INFO - File successfully saved to: C:\Users\CSonneveld\OneDrive - Euronext\Documents\Projects\GUI + Reviews\output\EDWPT_df_20250120_162641.xlsx
2025-01-20 16:26:46,627 - werkzeug - INFO - 127.0.0.1 - - [20/Jan/2025 16:26:46] "POST /calculate HTTP/1.1" 200 -
2025-01-20 16:36:27,346 - werkzeug - INFO -  * Detected change in 'C:\\Users\\CSonneveld\\AppData\\Roaming\\Python\\Python312\\site-packages\\pandas\\core\\shared_docs.py', reloading
