2025-12-17 20:24:09,606 - werkzeug - WARNING -  * Debugger is active!
2025-12-17 20:24:09,606 - werkzeug - INFO -  * Debugger PIN: 691-175-853
2025-12-17 20:24:09,645 - werkzeug - INFO - 127.0.0.1 - - [17/Dec/2025 20:24:09] "POST /calculate HTTP/1.1" 200 -
2025-12-17 20:24:09,651 - Review.reviews.aetaw_review - INFO - Loading EOD data...
2025-12-17 20:24:09,654 - werkzeug - INFO - 127.0.0.1 - - [17/Dec/2025 20:24:09] "GET /task-status/1155574a-1e0b-4b80-8552-2efc29f8d992 HTTP/1.1" 200 -
2025-12-17 20:24:09,980 - Review.reviews.aetaw_review - INFO - Loading reference data...
2025-12-17 20:24:10,179 - Review.reviews.aetaw_review - INFO - Loaded 75 companies from AEX, AMX, and AScX
2025-12-17 20:24:10,205 - Review.reviews.aetaw_review - INFO - 
Initial weights calculated. Starting two-step capping process...
2025-12-17 20:24:10,205 - Review.reviews.aetaw_review - INFO - 
========== STEP 1: Cap all companies at 9% ==========
2025-12-17 20:24:10,205 - Review.reviews.aetaw_review - INFO - 
--- Step 1, Iteration 1 ---
2025-12-17 20:24:10,206 - Review.reviews.aetaw_review - INFO - Capped 3 companies at 9%
2025-12-17 20:24:10,206 - Review.reviews.aetaw_review - INFO - Excess weight: 26.00%
2025-12-17 20:24:10,206 - Review.reviews.aetaw_review - INFO - Redistributed to 72 companies below 9%
2025-12-17 20:24:10,206 - Review.reviews.aetaw_review - INFO - Max weight change: 18.8013%
2025-12-17 20:24:10,206 - Review.reviews.aetaw_review - INFO - 
--- Step 1, Iteration 2 ---
2025-12-17 20:24:10,211 - Review.reviews.aetaw_review - INFO - Max weight change: 0.0000%
2025-12-17 20:24:10,211 - Review.reviews.aetaw_review - INFO - [SUCCESS] Step 1 converged after 2 iterations
2025-12-17 20:24:10,211 - Review.reviews.aetaw_review - INFO - 
Step 1 complete: 3 companies at 9%
2025-12-17 20:24:10,211 - Review.reviews.aetaw_review - INFO - 
========== STEP 2: Apply collective constraint (36% rule) ==========
2025-12-17 20:24:10,212 - Review.reviews.aetaw_review - INFO - Top 4 companies by initial market cap (protected at 9%):
2025-12-17 20:24:10,213 - Review.reviews.aetaw_review - INFO -   1. ASML HOLDING: Initial 27.80%, After Step 1: 9.00%
2025-12-17 20:24:10,213 - Review.reviews.aetaw_review - INFO -   2. SHELL PLC: Initial 14.66%, After Step 1: 9.00%
2025-12-17 20:24:10,213 - Review.reviews.aetaw_review - INFO -   3. UNILEVER: Initial 10.54%, After Step 1: 9.00%
2025-12-17 20:24:10,213 - Review.reviews.aetaw_review - INFO -   4. ING GROEP N.V.: Initial 5.72%, After Step 1: 8.88%
2025-12-17 20:24:10,213 - Review.reviews.aetaw_review - INFO - 
--- Step 2, Iteration 1 ---
2025-12-17 20:24:10,215 - Review.reviews.aetaw_review - INFO - Capped 3 companies (outside top 4) to 4.5%
2025-12-17 20:24:10,215 - Review.reviews.aetaw_review - INFO - Total companies locked at 4.5%: 3
2025-12-17 20:24:10,215 - Review.reviews.aetaw_review - INFO - Excess weight from 4.5% cap: 8.52%
2025-12-17 20:24:10,215 - Review.reviews.aetaw_review - INFO - Redistributed 4.5% excess to 69 companies (not at 9% or locked at 4.5%)
2025-12-17 20:24:10,215 - Review.reviews.aetaw_review - INFO -   WARNING: 1 companies now ABOVE 9% after redistribution (will be capped next iteration)
2025-12-17 20:24:10,215 - Review.reviews.aetaw_review - INFO -   WARNING: 1 companies (outside top 4) now ABOVE 4.5% after redistribution (will be capped next iteration)
2025-12-17 20:24:10,215 - Review.reviews.aetaw_review - INFO - Max weight change: 3.9492%
2025-12-17 20:24:10,215 - Review.reviews.aetaw_review - INFO - 
--- Step 2, Iteration 2 ---
2025-12-17 20:24:10,215 - Review.reviews.aetaw_review - INFO - Capped 1 companies (outside top 4) to 4.5%
2025-12-17 20:24:10,215 - Review.reviews.aetaw_review - INFO - Total companies locked at 4.5%: 4
2025-12-17 20:24:10,215 - Review.reviews.aetaw_review - INFO - Excess weight from 4.5% cap: 0.11%
2025-12-17 20:24:10,220 - Review.reviews.aetaw_review - INFO - Redistributed 4.5% excess to 67 companies (not at 9% or locked at 4.5%)
2025-12-17 20:24:10,221 - Review.reviews.aetaw_review - INFO - Max weight change: 0.1079%
2025-12-17 20:24:10,221 - Review.reviews.aetaw_review - INFO - 
--- Step 2, Iteration 3 ---
2025-12-17 20:24:10,223 - Review.reviews.aetaw_review - INFO - Max weight change: 0.0000%
2025-12-17 20:24:10,223 - Review.reviews.aetaw_review - INFO - [SUCCESS] Step 2 converged after 3 iterations
2025-12-17 20:24:10,224 - Review.reviews.aetaw_review - INFO - 
========== Final Results ==========
2025-12-17 20:24:10,224 - Review.reviews.aetaw_review - INFO - Companies at 9.00%: 4
2025-12-17 20:24:10,224 - Review.reviews.aetaw_review - INFO - Companies locked at 4.50%: 4
2025-12-17 20:24:10,224 - Review.reviews.aetaw_review - INFO - Total weight OVER 4.5%: 37.36% (limit: 36.00%)
2025-12-17 20:24:10,225 - Review.reviews.aetaw_review - ERROR - [ERROR] Collective cap VIOLATED by 1.36%!
2025-12-17 20:24:10,225 - Review.reviews.aetaw_review - INFO - AETAW capping complete. Companies with CF < 1: 73
2025-12-17 20:24:10,229 - Review.reviews.aetaw_review - INFO - Saving AETAW output to: C:\Users\CSonneveld\OneDrive - Euronext\Documents\Projects\GUI + Reviews\output\AETAW_df_20251217_202410.xlsx
2025-12-17 20:24:11,655 - werkzeug - INFO - 127.0.0.1 - - [17/Dec/2025 20:24:11] "GET /task-status/1155574a-1e0b-4b80-8552-2efc29f8d992 HTTP/1.1" 200 -
2025-12-17 20:27:28,305 - werkzeug - INFO -  * Detected change in 'C:\\Users\\CSonneveld\\OneDrive - Euronext\\Documents\\Projects\\GUI + Reviews\\Review\\reviews\\aetaw_review.py', reloading
2025-12-17 20:27:28,305 - werkzeug - INFO -  * Detected change in 'C:\\Users\\CSonneveld\\OneDrive - Euronext\\Documents\\Projects\\GUI + Reviews\\Review\\reviews\\aetaw_review.py', reloading
2025-12-17 20:27:28,310 - werkzeug - INFO -  * Detected change in 'C:\\Users\\CSonneveld\\OneDrive - Euronext\\Documents\\Projects\\GUI + Reviews\\Review\\reviews\\aetaw_review.py', reloading
