2026-02-11 18:01:25,860 - Review.reviews.ezgp_review - INFO - Loading EOD data...
2026-02-11 18:01:26,737 - Review.reviews.ezgp_review - INFO - Loading reference data...
2026-02-11 18:01:29,592 - Review.reviews.ezgp_review - INFO - Starting universe size: 300
2026-02-11 18:01:29,674 - Review.reviews.ezgp_review - INFO - Step 2.1: Filtering by 3-month Average Daily Traded Value...
2026-02-11 18:01:29,675 - Review.reviews.ezgp_review - INFO - After ADTV filter (>= 40,000,000 EUR): 105 companies (excluded 195)
2026-02-11 18:01:29,675 - Review.reviews.ezgp_review - INFO - Step 2.3: Filtering to Eurozone countries...
2026-02-11 18:01:29,675 - Review.reviews.ezgp_review - INFO - After Eurozone filter: 102 companies
2026-02-11 18:01:29,675 - Review.reviews.ezgp_review - INFO - Merging Sustainalytics data...
2026-02-11 18:01:29,682 - Review.reviews.ezgp_review - INFO - Sustainalytics merge completed. Added 30 columns.
2026-02-11 18:01:29,682 - Review.reviews.ezgp_review - INFO - Step 2.2: Filtering companies without Carbon Emission Data...
2026-02-11 18:01:29,688 - Review.reviews.ezgp_review - INFO - After Carbon Emissions filter: 101 companies (excluded 1)
2026-02-11 18:01:29,688 - Review.reviews.ezgp_review - INFO - Applying exclusion criteria...
2026-02-11 18:01:29,696 - Review.reviews.ezgp_review - INFO - Exclusion criteria applied. 101 companies excluded.
2026-02-11 18:01:29,696 - Review.reviews.ezgp_review - INFO - After exclusions: 0 companies eligible
2026-02-11 18:01:29,697 - Review.reviews.ezgp_review - INFO - Step 2.6: Ranking by ESG Risk Score (lower is better)...
2026-02-11 18:01:29,697 - Review.reviews.ezgp_review - WARNING - ESG Risk Score (181110112399) not available. Skipping ESG ranking.
2026-02-11 18:01:29,697 - Review.reviews.ezgp_review - INFO - Step 2.7: Selecting top 40 companies with lowest ESG Risk Score...
2026-02-11 18:01:29,697 - Review.reviews.ezgp_review - INFO - Pre-selection: 0 companies
2026-02-11 18:01:29,697 - Review.reviews.ezgp_review - INFO - Step 3: Ranking pre-selected companies by FFMC...
2026-02-11 18:01:29,698 - Review.reviews.ezgp_review - INFO - Step 4: Selecting top 20 companies with max 5 per Industry Code...
2026-02-11 18:01:29,698 - Review.reviews.ezgp_review - INFO - Final selection: 0 companies
2026-02-11 18:01:29,698 - Review.reviews.ezgp_review - INFO - Industry distribution: {}
2026-02-11 18:01:29,698 - Review.reviews.ezgp_review - ERROR - Error during review calculation: No companies selected in final selection step
2026-02-11 18:01:29,699 - Review.reviews.ezgp_review - ERROR - Traceback (most recent call last):
  File "C:\Users\CSonneveld\OneDrive - Euronext\Documents\Projects\GUI + Reviews\Review\reviews\ezgp_review.py", line 575, in run_ezgp_review
    raise ValueError("No companies selected in final selection step")
ValueError: No companies selected in final selection step

