2025-01-22 10:58:53,583 - werkzeug - WARNING -  * Debugger is active!
2025-01-22 10:58:53,585 - werkzeug - INFO -  * Debugger PIN: 691-175-853
2025-01-22 10:58:54,125 - Review.reviews.edwp_review - INFO - Starting EDWP review calculation
2025-01-22 10:58:57,956 - Review.reviews.edwp_review - INFO - 
EDWP Selection Summary:
2025-01-22 10:58:57,956 - Review.reviews.edwp_review - INFO - Total companies selected: 5446
2025-01-22 10:58:57,956 - Review.reviews.edwp_review - INFO - Total FFMC covered: 98.84%
2025-01-22 10:58:57,993 - Review.reviews.edwp_review - INFO - 
DEUP Selection Summary:
2025-01-22 10:58:57,993 - Review.reviews.edwp_review - INFO - Total companies selected: 1327
2025-01-22 10:58:57,993 - Review.reviews.edwp_review - INFO - Total FFMC covered: 98.67%
2025-01-22 10:58:58,014 - Review.reviews.edwp_review - INFO - 
DEZP Selection Summary:
2025-01-22 10:58:58,017 - Review.reviews.edwp_review - INFO - Total companies selected: 494
2025-01-22 10:58:58,017 - Review.reviews.edwp_review - INFO - Total FFMC covered: 98.51%
2025-01-22 10:58:58,030 - Review.reviews.edwp_review - INFO - 
DAPPR Selection Summary:
2025-01-22 10:58:58,038 - Review.reviews.edwp_review - INFO - Total companies selected: 1909
2025-01-22 10:58:58,039 - Review.reviews.edwp_review - INFO - Total FFMC covered: 98.13%
2025-01-22 10:58:58,045 - Review.reviews.edwp_review - INFO - 
DNAP Selection Summary:
2025-01-22 10:58:58,045 - Review.reviews.edwp_review - INFO - Total companies selected: 1764
2025-01-22 10:58:58,056 - Review.reviews.edwp_review - INFO - Total FFMC covered: 98.18%
2025-01-22 10:58:58,060 - Review.reviews.edwp_review - INFO - 
DASP Selection Summary:
2025-01-22 10:58:58,070 - Review.reviews.edwp_review - INFO - Total companies selected: 1563
2025-01-22 10:58:58,071 - Review.reviews.edwp_review - INFO - Total FFMC covered: 98.07%
2025-01-22 10:58:58,078 - Review.reviews.edwp_review - INFO - 
DPAP Selection Summary:
2025-01-22 10:58:58,079 - Review.reviews.edwp_review - INFO - Total companies selected: 320
2025-01-22 10:58:58,080 - Review.reviews.edwp_review - INFO - Total FFMC covered: 98.04%
2025-01-22 10:58:58,091 - Review.reviews.edwp_review - INFO - 
EUSP Selection Summary:
2025-01-22 10:58:58,093 - Review.reviews.edwp_review - INFO - Total companies selected: 1481
2025-01-22 10:58:58,094 - Review.reviews.edwp_review - INFO - Total FFMC covered: 98.00%
2025-01-22 10:58:58,098 - Review.reviews.edwp_review - INFO - 
EJPP Selection Summary:
2025-01-22 10:58:58,106 - Review.reviews.edwp_review - INFO - Total companies selected: 1414
2025-01-22 10:58:58,107 - Review.reviews.edwp_review - INFO - Total FFMC covered: 98.00%
2025-01-22 10:58:58,111 - Review.reviews.edwp_review - INFO - 
ECHP Selection Summary:
2025-01-22 10:58:58,111 - Review.reviews.edwp_review - INFO - Total companies selected: 74
2025-01-22 10:58:58,114 - Review.reviews.edwp_review - INFO - Total FFMC covered: 98.05%
2025-01-22 10:58:58,119 - Review.reviews.edwp_review - INFO - 
EUKP Selection Summary:
2025-01-22 10:58:58,119 - Review.reviews.edwp_review - INFO - Total companies selected: 320
2025-01-22 10:58:58,123 - Review.reviews.edwp_review - INFO - Total FFMC covered: 98.01%
2025-01-22 10:58:58,128 - Review.reviews.edwp_review - INFO - 
CANP Selection Summary:
2025-01-22 10:58:58,129 - Review.reviews.edwp_review - INFO - Total companies selected: 230
2025-01-22 10:58:58,130 - Review.reviews.edwp_review - INFO - Total FFMC covered: 98.02%
2025-01-22 10:58:58,134 - Review.reviews.edwp_review - INFO - 
Global Selection Summary:
2025-01-22 10:58:58,134 - Review.reviews.edwp_review - INFO - Total companies selected: 5446
2025-01-22 10:58:58,143 - Review.reviews.edwp_review - INFO - Total FFMC covered: 98.84%
2025-01-22 10:58:58,147 - Review.reviews.edwp_review - INFO - 
MIC-level Summary:
2025-01-22 10:58:58,147 - Review.reviews.edwp_review - INFO -       ISIN          FFMC  EDWP_selection
MIC                                     
ALXP     1  1.337544e+09               1
BATS     3  1.962934e+10               1
MERK     2  2.803735e+08               2
MTAA   246  5.292374e+11              85
WBAH    26  5.370078e+10              17
XAMS    79  1.157401e+12              44
XASX   886  1.442942e+12             283
XBRU    58  1.938564e+11              34
XCSE   107  6.350474e+11              36
XESM     2  1.794035e+09               2
XETR   227  1.472409e+12             106
XHEL   127  2.061674e+11              49
XHKG   209  3.465502e+11              69
XLIS    18  3.541669e+10              11
XLON   872  2.336733e+12             320
XMAD    99  4.808796e+11              41
XMSM    14  5.274635e+10              10
XNGM    47  4.908139e+08               1
XNGS  2628  2.418978e+13             773
XNYS  1736  2.534917e+13            1143
XNZE    52  6.656698e+10              35
XOSL   245  1.738210e+11             125
XPAR   351  1.866583e+12              94
XSES   118  2.570802e+11              62
XSTO   648  7.073552e+11             222
XSWX   148  1.669679e+12              86
XTAE   275  1.399417e+11             150
XTKS  3711  4.991981e+12            1414
XTSE   491  2.080540e+12             230
2025-01-22 10:58:58,161 - Review.reviews.edwp_review - INFO - Saving output to: C:\Users\CSonneveld\OneDrive - Euronext\Documents\Projects\GUI + Reviews\output\EDWP_df_20250122_105858.xlsx
2025-01-22 10:58:58,505 - Review.reviews.edwp_review - INFO - 
EDWP Changes Summary:
2025-01-22 10:58:58,506 - Review.reviews.edwp_review - INFO - Inclusions: 5446
2025-01-22 10:58:58,507 - Review.reviews.edwp_review - INFO - Exclusions: 0
2025-01-22 10:58:58,625 - Review.reviews.edwp_review - INFO - 
DEUP Changes Summary:
2025-01-22 10:58:58,626 - Review.reviews.edwp_review - INFO - Inclusions: 1327
2025-01-22 10:58:58,626 - Review.reviews.edwp_review - INFO - Exclusions: 0
2025-01-22 10:58:58,660 - Review.reviews.edwp_review - INFO - 
DEZP Changes Summary:
2025-01-22 10:58:58,660 - Review.reviews.edwp_review - INFO - Inclusions: 494
2025-01-22 10:58:58,661 - Review.reviews.edwp_review - INFO - Exclusions: 0
2025-01-22 10:58:58,768 - Review.reviews.edwp_review - INFO - 
DAPPR Changes Summary:
2025-01-22 10:58:58,769 - Review.reviews.edwp_review - INFO - Inclusions: 1909
2025-01-22 10:58:58,769 - Review.reviews.edwp_review - INFO - Exclusions: 0
2025-01-22 10:58:58,881 - Review.reviews.edwp_review - INFO - 
DNAP Changes Summary:
2025-01-22 10:58:58,882 - Review.reviews.edwp_review - INFO - Inclusions: 1764
2025-01-22 10:58:58,882 - Review.reviews.edwp_review - INFO - Exclusions: 0
2025-01-22 10:58:58,962 - Review.reviews.edwp_review - INFO - 
DASP Changes Summary:
2025-01-22 10:58:58,963 - Review.reviews.edwp_review - INFO - Inclusions: 1563
2025-01-22 10:58:58,964 - Review.reviews.edwp_review - INFO - Exclusions: 0
2025-01-22 10:58:58,988 - Review.reviews.edwp_review - INFO - 
DPAP Changes Summary:
2025-01-22 10:58:58,989 - Review.reviews.edwp_review - INFO - Inclusions: 320
2025-01-22 10:58:58,989 - Review.reviews.edwp_review - INFO - Exclusions: 0
2025-01-22 10:58:59,064 - Review.reviews.edwp_review - INFO - 
EUSP Changes Summary:
2025-01-22 10:58:59,064 - Review.reviews.edwp_review - INFO - Inclusions: 1481
2025-01-22 10:58:59,064 - Review.reviews.edwp_review - INFO - Exclusions: 0
2025-01-22 10:58:59,140 - Review.reviews.edwp_review - INFO - 
EJPP Changes Summary:
2025-01-22 10:58:59,141 - Review.reviews.edwp_review - INFO - Inclusions: 1414
2025-01-22 10:58:59,141 - Review.reviews.edwp_review - INFO - Exclusions: 0
2025-01-22 10:58:59,153 - Review.reviews.edwp_review - INFO - 
ECHP Changes Summary:
2025-01-22 10:58:59,154 - Review.reviews.edwp_review - INFO - Inclusions: 74
2025-01-22 10:58:59,154 - Review.reviews.edwp_review - INFO - Exclusions: 0
2025-01-22 10:58:59,178 - Review.reviews.edwp_review - INFO - 
EUKP Changes Summary:
2025-01-22 10:58:59,178 - Review.reviews.edwp_review - INFO - Inclusions: 320
2025-01-22 10:58:59,179 - Review.reviews.edwp_review - INFO - Exclusions: 0
2025-01-22 10:58:59,197 - Review.reviews.edwp_review - INFO - 
CANP Changes Summary:
2025-01-22 10:58:59,197 - Review.reviews.edwp_review - INFO - Inclusions: 230
2025-01-22 10:58:59,197 - Review.reviews.edwp_review - INFO - Exclusions: 0
2025-01-22 10:59:03,234 - Review.reviews.edwp_review - INFO - File successfully saved to: C:\Users\CSonneveld\OneDrive - Euronext\Documents\Projects\GUI + Reviews\output\EDWP_df_20250122_105858.xlsx
2025-01-22 10:59:03,361 - werkzeug - INFO - 127.0.0.1 - - [22/Jan/2025 10:59:03] "POST /calculate HTTP/1.1" 200 -
2025-01-22 11:01:44,985 - Review.reviews.edwpt_review - INFO - Starting EDWPT review calculation
2025-01-22 11:01:49,079 - Review.reviews.edwpt_review - INFO - 
EDWPT Selection Summary:
2025-01-22 11:01:49,082 - Review.reviews.edwpt_review - INFO - Total companies selected: 5446
2025-01-22 11:01:49,083 - Review.reviews.edwpt_review - INFO - Total FFMC covered: 98.84%
2025-01-22 11:01:49,113 - Review.reviews.edwpt_review - INFO - 
DEUPT Selection Summary:
2025-01-22 11:01:49,114 - Review.reviews.edwpt_review - INFO - Total companies selected: 1327
2025-01-22 11:01:49,115 - Review.reviews.edwpt_review - INFO - Total FFMC covered: 98.67%
2025-01-22 11:01:49,135 - Review.reviews.edwpt_review - INFO - 
DEZPT Selection Summary:
2025-01-22 11:01:49,136 - Review.reviews.edwpt_review - INFO - Total companies selected: 494
2025-01-22 11:01:49,137 - Review.reviews.edwpt_review - INFO - Total FFMC covered: 98.51%
2025-01-22 11:01:49,154 - Review.reviews.edwpt_review - INFO - 
DAPPT Selection Summary:
2025-01-22 11:01:49,155 - Review.reviews.edwpt_review - INFO - Total companies selected: 1909
2025-01-22 11:01:49,156 - Review.reviews.edwpt_review - INFO - Total FFMC covered: 98.13%
2025-01-22 11:01:49,169 - Review.reviews.edwpt_review - INFO - 
DNAPT Selection Summary:
2025-01-22 11:01:49,170 - Review.reviews.edwpt_review - INFO - Total companies selected: 1764
2025-01-22 11:01:49,171 - Review.reviews.edwpt_review - INFO - Total FFMC covered: 98.18%
2025-01-22 11:01:49,185 - Review.reviews.edwpt_review - INFO - 
DASPT Selection Summary:
2025-01-22 11:01:49,187 - Review.reviews.edwpt_review - INFO - Total companies selected: 1563
2025-01-22 11:01:49,188 - Review.reviews.edwpt_review - INFO - Total FFMC covered: 98.07%
2025-01-22 11:01:49,195 - Review.reviews.edwpt_review - INFO - 
DPAPT Selection Summary:
2025-01-22 11:01:49,196 - Review.reviews.edwpt_review - INFO - Total companies selected: 320
2025-01-22 11:01:49,197 - Review.reviews.edwpt_review - INFO - Total FFMC covered: 98.04%
2025-01-22 11:01:49,207 - Review.reviews.edwpt_review - INFO - 
EUSPT Selection Summary:
2025-01-22 11:01:49,209 - Review.reviews.edwpt_review - INFO - Total companies selected: 1481
2025-01-22 11:01:49,210 - Review.reviews.edwpt_review - INFO - Total FFMC covered: 98.00%
2025-01-22 11:01:49,221 - Review.reviews.edwpt_review - INFO - 
EJPPT Selection Summary:
2025-01-22 11:01:49,222 - Review.reviews.edwpt_review - INFO - Total companies selected: 1414
2025-01-22 11:01:49,223 - Review.reviews.edwpt_review - INFO - Total FFMC covered: 98.00%
2025-01-22 11:01:49,227 - Review.reviews.edwpt_review - INFO - 
ECHPT Selection Summary:
2025-01-22 11:01:49,228 - Review.reviews.edwpt_review - INFO - Total companies selected: 74
2025-01-22 11:01:49,229 - Review.reviews.edwpt_review - INFO - Total FFMC covered: 98.05%
2025-01-22 11:01:49,234 - Review.reviews.edwpt_review - INFO - 
EUKPT Selection Summary:
2025-01-22 11:01:49,235 - Review.reviews.edwpt_review - INFO - Total companies selected: 320
2025-01-22 11:01:49,236 - Review.reviews.edwpt_review - INFO - Total FFMC covered: 98.01%
2025-01-22 11:01:49,240 - Review.reviews.edwpt_review - INFO - 
CANPT Selection Summary:
2025-01-22 11:01:49,242 - Review.reviews.edwpt_review - INFO - Total companies selected: 230
2025-01-22 11:01:49,243 - Review.reviews.edwpt_review - INFO - Total FFMC covered: 98.02%
2025-01-22 11:01:49,252 - Review.reviews.edwpt_review - INFO - 
Global Selection Summary:
2025-01-22 11:01:49,252 - Review.reviews.edwpt_review - INFO - Total companies selected: 5446
2025-01-22 11:01:49,254 - Review.reviews.edwpt_review - INFO - Total FFMC covered: 98.84%
2025-01-22 11:01:49,256 - Review.reviews.edwpt_review - INFO - 
MIC-level Summary:
2025-01-22 11:01:49,256 - Review.reviews.edwpt_review - INFO -       ISIN          FFMC  EDWPT_selection
MIC                                      
ALXP     1  1.337544e+09                1
BATS     3  1.962934e+10                1
MERK     2  2.803735e+08                2
MTAA   246  5.292374e+11               85
WBAH    26  5.370078e+10               17
XAMS    79  1.157401e+12               44
XASX   886  1.442942e+12              283
XBRU    58  1.938564e+11               34
XCSE   107  6.350474e+11               36
XESM     2  1.794035e+09                2
XETR   227  1.472409e+12              106
XHEL   127  2.061674e+11               49
XHKG   209  3.465502e+11               69
XLIS    18  3.541669e+10               11
XLON   872  2.336733e+12              320
XMAD    99  4.808796e+11               41
XMSM    14  5.274635e+10               10
XNGM    47  4.908139e+08                1
XNGS  2628  2.418978e+13              773
XNYS  1736  2.534917e+13             1143
XNZE    52  6.656698e+10               35
XOSL   245  1.738210e+11              125
XPAR   351  1.866583e+12               94
XSES   118  2.570802e+11               62
XSTO   648  7.073552e+11              222
XSWX   148  1.669679e+12               86
XTAE   275  1.399417e+11              150
XTKS  3711  4.991981e+12             1414
XTSE   491  2.080540e+12              230
2025-01-22 11:01:49,272 - Review.reviews.edwpt_review - INFO - Saving output to: C:\Users\CSonneveld\OneDrive - Euronext\Documents\Projects\GUI + Reviews\output\EDWPT_df_20250122_110149.xlsx
2025-01-22 11:01:49,523 - Review.reviews.edwpt_review - INFO - 
EDWPT Changes Summary:
2025-01-22 11:01:49,524 - Review.reviews.edwpt_review - INFO - Inclusions: 5446
2025-01-22 11:01:49,525 - Review.reviews.edwpt_review - INFO - Exclusions: 0
2025-01-22 11:01:49,587 - Review.reviews.edwpt_review - INFO - 
DEUPT Changes Summary:
2025-01-22 11:01:49,588 - Review.reviews.edwpt_review - INFO - Inclusions: 1327
2025-01-22 11:01:49,588 - Review.reviews.edwpt_review - INFO - Exclusions: 0
2025-01-22 11:01:49,617 - Review.reviews.edwpt_review - INFO - 
DEZPT Changes Summary:
2025-01-22 11:01:49,618 - Review.reviews.edwpt_review - INFO - Inclusions: 494
2025-01-22 11:01:49,618 - Review.reviews.edwpt_review - INFO - Exclusions: 0
2025-01-22 11:01:49,706 - Review.reviews.edwpt_review - INFO - 
DAPPT Changes Summary:
2025-01-22 11:01:49,706 - Review.reviews.edwpt_review - INFO - Inclusions: 1909
2025-01-22 11:01:49,707 - Review.reviews.edwpt_review - INFO - Exclusions: 0
2025-01-22 11:01:49,787 - Review.reviews.edwpt_review - INFO - 
DNAPT Changes Summary:
2025-01-22 11:01:49,788 - Review.reviews.edwpt_review - INFO - Inclusions: 1764
2025-01-22 11:01:49,788 - Review.reviews.edwpt_review - INFO - Exclusions: 0
2025-01-22 11:01:49,885 - Review.reviews.edwpt_review - INFO - 
DASPT Changes Summary:
2025-01-22 11:01:49,885 - Review.reviews.edwpt_review - INFO - Inclusions: 1563
2025-01-22 11:01:49,886 - Review.reviews.edwpt_review - INFO - Exclusions: 0
2025-01-22 11:01:49,907 - Review.reviews.edwpt_review - INFO - 
DPAPT Changes Summary:
2025-01-22 11:01:49,907 - Review.reviews.edwpt_review - INFO - Inclusions: 320
2025-01-22 11:01:49,908 - Review.reviews.edwpt_review - INFO - Exclusions: 0
2025-01-22 11:01:49,978 - Review.reviews.edwpt_review - INFO - 
EUSPT Changes Summary:
2025-01-22 11:01:49,979 - Review.reviews.edwpt_review - INFO - Inclusions: 1481
2025-01-22 11:01:49,979 - Review.reviews.edwpt_review - INFO - Exclusions: 0
2025-01-22 11:01:50,046 - Review.reviews.edwpt_review - INFO - 
EJPPT Changes Summary:
2025-01-22 11:01:50,047 - Review.reviews.edwpt_review - INFO - Inclusions: 1414
2025-01-22 11:01:50,047 - Review.reviews.edwpt_review - INFO - Exclusions: 0
2025-01-22 11:01:50,058 - Review.reviews.edwpt_review - INFO - 
ECHPT Changes Summary:
2025-01-22 11:01:50,058 - Review.reviews.edwpt_review - INFO - Inclusions: 74
2025-01-22 11:01:50,058 - Review.reviews.edwpt_review - INFO - Exclusions: 0
2025-01-22 11:01:50,080 - Review.reviews.edwpt_review - INFO - 
EUKPT Changes Summary:
2025-01-22 11:01:50,080 - Review.reviews.edwpt_review - INFO - Inclusions: 320
2025-01-22 11:01:50,081 - Review.reviews.edwpt_review - INFO - Exclusions: 0
2025-01-22 11:01:50,097 - Review.reviews.edwpt_review - INFO - 
CANPT Changes Summary:
2025-01-22 11:01:50,098 - Review.reviews.edwpt_review - INFO - Inclusions: 230
2025-01-22 11:01:50,098 - Review.reviews.edwpt_review - INFO - Exclusions: 0
2025-01-22 11:01:54,104 - Review.reviews.edwpt_review - INFO - File successfully saved to: C:\Users\CSonneveld\OneDrive - Euronext\Documents\Projects\GUI + Reviews\output\EDWPT_df_20250122_110149.xlsx
2025-01-22 11:01:54,180 - werkzeug - INFO - 127.0.0.1 - - [22/Jan/2025 11:01:54] "POST /calculate HTTP/1.1" 200 -
2025-01-22 11:16:09,937 - werkzeug - INFO -  * Detected change in 'C:\\Users\\CSonneveld\\OneDrive - Euronext\\Documents\\Projects\\GUI + Reviews\\Review\\reviews\\edwpt_review.py', reloading
2025-01-22 11:16:09,942 - werkzeug - INFO -  * Detected change in 'C:\\Users\\CSonneveld\\OneDrive - Euronext\\Documents\\Projects\\GUI + Reviews\\Review\\reviews\\edwpt_review.py', reloading
2025-01-22 11:16:09,943 - werkzeug - INFO -  * Detected change in 'C:\\Users\\CSonneveld\\OneDrive - Euronext\\Documents\\Projects\\GUI + Reviews\\Review\\reviews\\edwpt_review.py', reloading
