2025-04-11 13:25:12,205 - werkzeug - WARNING -  * Debugger is active!
2025-04-11 13:25:12,208 - werkzeug - INFO -  * Debugger PIN: 691-175-853
2025-04-11 13:25:13,018 - Review.reviews.lc100_review - INFO - Loading EOD data...
2025-04-11 13:25:13,641 - Review.reviews.lc100_review - INFO - Loading reference data...
2025-04-11 13:25:23,074 - Review.reviews.lc100_review - WARNING - Removed 18750 duplicate rows from cdp_climate_df
2025-04-11 13:25:23,078 - Review.reviews.lc100_review - INFO - Filtering universe for EU500 companies...
2025-04-11 13:25:23,080 - Review.reviews.lc100_review - INFO - Universe size after EU500 filter: 499
2025-04-11 13:25:23,081 - Review.reviews.lc100_review - INFO - Adding Free Float data...
2025-04-11 13:25:23,092 - Review.reviews.lc100_review - INFO - Adding ICB Subsector data...
2025-04-11 13:25:23,106 - Review.reviews.lc100_review - WARNING - Removed 9316 duplicate rows from ICB data
2025-04-11 13:25:23,220 - Review.reviews.lc100_review - INFO - Debug file saved to C:\Users\CSonneveld\OneDrive - Euronext\Documents\Projects\GUI + Reviews\debug\universe_df_after_nace_20250411_132523.xlsx
2025-04-11 13:25:23,220 - Review.reviews.lc100_review - INFO - Adding CDP Climate data...
2025-04-11 13:25:23,226 - Review.reviews.lc100_review - INFO - Adding Oekom Trust & Carbon data...
2025-04-11 13:25:23,229 - Review.reviews.lc100_review - INFO - Adding NACE data...
2025-04-11 13:25:23,231 - Review.reviews.lc100_review - INFO - Adding EU Taxonomy flag...
2025-04-11 13:25:23,233 - Review.reviews.lc100_review - INFO - Checking GAFI lists and Non-fiscally cooperative countries...
2025-04-11 13:25:23,234 - Review.reviews.lc100_review - INFO - Applying exclusion criteria...
2025-04-11 13:25:23,245 - Review.reviews.lc100_review - INFO - Marked 50 companies (10%) with worst SG scores for exclusion
2025-04-11 13:25:23,263 - Review.reviews.lc100_review - INFO - Calculating Climate Score for ranking...
2025-04-11 13:25:23,264 - Review.reviews.lc100_review - INFO - Selecting EU Taxonomy companies...
2025-04-11 13:25:23,265 - Review.reviews.lc100_review - INFO - Found 13 EU Taxonomy companies after exclusions
2025-04-11 13:25:23,267 - Review.reviews.lc100_review - INFO - Found 303 Non-EU Taxonomy eligible companies after exclusions
2025-04-11 13:25:23,267 - Review.reviews.lc100_review - INFO - STEP 4a: Determining target number of Non-EU Taxonomy companies per super-sector...
2025-04-11 13:25:23,267 - Review.reviews.lc100_review - INFO - Target number of Non-EU Taxonomy companies: 87
2025-04-11 13:25:23,269 - Review.reviews.lc100_review - INFO - Total eligible Non-EU Taxonomy companies: 303
2025-04-11 13:25:23,271 - Review.reviews.lc100_review - INFO - Total target after rounding: 98 (vs. target of 87)
2025-04-11 13:25:23,271 - Review.reviews.lc100_review - INFO - Need to remove 11 companies due to rounding up
2025-04-11 13:25:23,273 - Review.reviews.lc100_review - INFO - STEP 4b: Selecting Non-EU Taxonomy companies based on climate score...
2025-04-11 13:25:23,274 - Review.reviews.lc100_review - INFO - Selected 5 companies from super-sector 1010.0
2025-04-11 13:25:23,274 - Review.reviews.lc100_review - INFO - Selected 5 companies from super-sector 1510.0
2025-04-11 13:25:23,275 - Review.reviews.lc100_review - INFO - Selected 13 companies from super-sector 2010.0
2025-04-11 13:25:23,275 - Review.reviews.lc100_review - INFO - Selected 13 companies from super-sector 3010.0
2025-04-11 13:25:23,276 - Review.reviews.lc100_review - INFO - Selected 7 companies from super-sector 3020.0
2025-04-11 13:25:23,276 - Review.reviews.lc100_review - INFO - Selected 8 companies from super-sector 3030.0
2025-04-11 13:25:23,277 - Review.reviews.lc100_review - INFO - Selected 5 companies from super-sector 3510.0
2025-04-11 13:25:23,278 - Review.reviews.lc100_review - INFO - Selected 2 companies from super-sector 4010.0
2025-04-11 13:25:23,278 - Review.reviews.lc100_review - INFO - Selected 6 companies from super-sector 4020.0
2025-04-11 13:25:23,279 - Review.reviews.lc100_review - INFO - Selected 3 companies from super-sector 4030.0
2025-04-11 13:25:23,279 - Review.reviews.lc100_review - INFO - Selected 2 companies from super-sector 4040.0
2025-04-11 13:25:23,280 - Review.reviews.lc100_review - INFO - Selected 4 companies from super-sector 4050.0
2025-04-11 13:25:23,280 - Review.reviews.lc100_review - INFO - Selected 6 companies from super-sector 4510.0
2025-04-11 13:25:23,281 - Review.reviews.lc100_review - INFO - Selected 3 companies from super-sector 4520.0
2025-04-11 13:25:23,281 - Review.reviews.lc100_review - INFO - Selected 2 companies from super-sector 5010.0
2025-04-11 13:25:23,282 - Review.reviews.lc100_review - INFO - Selected 9 companies from super-sector 5020.0
2025-04-11 13:25:23,282 - Review.reviews.lc100_review - INFO - Selected 2 companies from super-sector 5510.0
2025-04-11 13:25:23,283 - Review.reviews.lc100_review - INFO - Selected 2 companies from super-sector 5520.0
2025-04-11 13:25:23,283 - Review.reviews.lc100_review - INFO - Selected 1 companies from super-sector 6510.0
2025-04-11 13:25:23,291 - Review.reviews.lc100_review - INFO - Initial selection has 98 companies, need to remove 11
2025-04-11 13:25:23,296 - Review.reviews.lc100_review - INFO - Removed company SE0012853455 from supersector 3020.0 (Climate Score: 2.9711404728789947)
2025-04-11 13:25:23,301 - Review.reviews.lc100_review - INFO - Removed company GB0005405286 from supersector 3010.0 (Climate Score: 2.6866666666666648)
2025-04-11 13:25:23,307 - Review.reviews.lc100_review - INFO - Removed company GB0004082847 from supersector 3010.0 (Climate Score: 2.585)
2025-04-11 13:25:23,312 - Review.reviews.lc100_review - INFO - Removed company GB00BY9D0Y18 from supersector 3030.0 (Climate Score: 2.516321632368115)
2025-04-11 13:25:23,316 - Review.reviews.lc100_review - INFO - Removed company NO0003053605 from supersector 3030.0 (Climate Score: 2.45999707128425)
2025-04-11 13:25:23,321 - Review.reviews.lc100_review - INFO - Removed company GB00BM8PJY71 from supersector 3010.0 (Climate Score: 2.4596710826767954)
2025-04-11 13:25:23,327 - Review.reviews.lc100_review - INFO - Removed company GB00BYT1DJ19 from supersector 3020.0 (Climate Score: 2.458257086886375)
2025-04-11 13:25:23,331 - Review.reviews.lc100_review - INFO - Removed company GB00B0SWJX34 from supersector 3020.0 (Climate Score: 2.4582204139462247)
2025-04-11 13:25:23,336 - Review.reviews.lc100_review - INFO - Removed company GB0007099541 from supersector 3030.0 (Climate Score: 2.45)
2025-04-11 13:25:23,341 - Review.reviews.lc100_review - INFO - Removed company CH0011075394 from supersector 3030.0 (Climate Score: 2.39833333333333)
2025-04-11 13:25:23,346 - Review.reviews.lc100_review - INFO - Removed company FR0000121964 from supersector 3510.0 (Climate Score: 2.39735760225878)
2025-04-11 13:25:23,347 - Review.reviews.lc100_review - INFO - Final Non-EU Taxonomy selection has 87 companies
2025-04-11 13:25:23,348 - Review.reviews.lc100_review - INFO - Minimum companies per supersector: 1
2025-04-11 13:25:23,348 - Review.reviews.lc100_review - WARNING - Some supersectors have fewer than 2 companies! Minimum is 1
2025-04-11 13:25:23,350 - Review.reviews.lc100_review - INFO - Final selection contains 100 companies
2025-04-11 13:25:23,350 - Review.reviews.lc100_review - INFO - - EU Taxonomy: 13
2025-04-11 13:25:23,350 - Review.reviews.lc100_review - INFO - - Non-EU Taxonomy: 87
2025-04-11 13:25:23,350 - Review.reviews.lc100_review - INFO - Adding PAB flag based on CDP temperature score...
2025-04-11 13:25:23,351 - Review.reviews.lc100_review - INFO - Calculating liquidity constraints for all companies...
2025-04-11 13:25:23,351 - Review.reviews.lc100_review - INFO - Total FFMC for all companies: 3595475201954.70
2025-04-11 13:25:23,352 - Review.reviews.lc100_review - INFO - Market cap based weights calculated for EU Taxonomy companies
2025-04-11 13:25:23,354 - Review.reviews.lc100_review - INFO - Liquidity caps for EU Taxonomy companies - Max: 5.7770%, Min: 0.6038%, Avg: 2.0695%
2025-04-11 13:25:23,354 - Review.reviews.lc100_review - INFO - Liquidity floors for EU Taxonomy companies - Max: 0.0000%, Min: 0.0000%, Avg: 0.0000%
2025-04-11 13:25:23,354 - Review.reviews.lc100_review - INFO - No liquidity issues found for EU Taxonomy companies
2025-04-11 13:25:23,357 - Review.reviews.lc100_review - INFO - Liquidity caps for Non-EU Taxonomy companies - Max: 10.0000%, Min: 0.2646%, Avg: 2.6668%
2025-04-11 13:25:23,358 - Review.reviews.lc100_review - INFO - Liquidity floors for Non-EU Taxonomy companies - Max: 1.4819%, Min: 0.0000%, Avg: 0.0366%
2025-04-11 13:25:23,358 - Review.reviews.lc100_review - INFO - No liquidity issues found for Non-EU Taxonomy companies
2025-04-11 13:25:23,361 - Review.reviews.lc100_review - INFO - Liquidity constraints have been calculated for all 100 companies
2025-04-11 13:25:23,361 - Review.reviews.lc100_review - INFO - Saving output files...
2025-04-11 13:25:23,833 - Review.reviews.lc100_review - INFO - Results saved to C:\Users\CSonneveld\OneDrive - Euronext\Documents\Projects\GUI + Reviews\output\LC100_review_20250411_132523.xlsx
2025-04-11 13:25:23,864 - werkzeug - INFO - 127.0.0.1 - - [11/Apr/2025 13:25:23] "POST /calculate HTTP/1.1" 200 -
2025-04-11 13:31:32,141 - Review.reviews.lc100_review - INFO - Loading EOD data...
2025-04-11 13:31:33,951 - Review.reviews.lc100_review - INFO - Loading reference data...
2025-04-11 13:31:43,996 - Review.reviews.lc100_review - WARNING - Removed 18750 duplicate rows from cdp_climate_df
2025-04-11 13:31:43,998 - Review.reviews.lc100_review - INFO - Filtering universe for EU500 companies...
2025-04-11 13:31:43,999 - Review.reviews.lc100_review - INFO - Universe size after EU500 filter: 499
2025-04-11 13:31:43,999 - Review.reviews.lc100_review - INFO - Adding Free Float data...
2025-04-11 13:31:44,002 - Review.reviews.lc100_review - INFO - Adding ICB Subsector data...
2025-04-11 13:31:44,024 - Review.reviews.lc100_review - WARNING - Removed 9315 duplicate rows from ICB data
2025-04-11 13:31:44,106 - Review.reviews.lc100_review - INFO - Debug file saved to C:\Users\CSonneveld\OneDrive - Euronext\Documents\Projects\GUI + Reviews\debug\universe_df_after_nace_20250411_133144.xlsx
2025-04-11 13:31:44,106 - Review.reviews.lc100_review - INFO - Adding CDP Climate data...
2025-04-11 13:31:44,111 - Review.reviews.lc100_review - INFO - Adding Oekom Trust & Carbon data...
2025-04-11 13:31:44,114 - Review.reviews.lc100_review - INFO - Adding NACE data...
2025-04-11 13:31:44,116 - Review.reviews.lc100_review - INFO - Adding EU Taxonomy flag...
2025-04-11 13:31:44,117 - Review.reviews.lc100_review - INFO - Checking GAFI lists and Non-fiscally cooperative countries...
2025-04-11 13:31:44,118 - Review.reviews.lc100_review - INFO - Applying exclusion criteria...
2025-04-11 13:31:44,127 - Review.reviews.lc100_review - INFO - Marked 50 companies (10%) with worst SG scores for exclusion
2025-04-11 13:31:44,147 - Review.reviews.lc100_review - INFO - Calculating Climate Score for ranking...
2025-04-11 13:31:44,148 - Review.reviews.lc100_review - INFO - Selecting EU Taxonomy companies...
2025-04-11 13:31:44,149 - Review.reviews.lc100_review - INFO - Found 13 EU Taxonomy companies after exclusions
2025-04-11 13:31:44,150 - Review.reviews.lc100_review - INFO - Found 303 Non-EU Taxonomy eligible companies after exclusions
2025-04-11 13:31:44,151 - Review.reviews.lc100_review - INFO - STEP 4a: Determining target number of Non-EU Taxonomy companies per super-sector...
2025-04-11 13:31:44,151 - Review.reviews.lc100_review - INFO - Target number of Non-EU Taxonomy companies: 87
2025-04-11 13:31:44,153 - Review.reviews.lc100_review - INFO - Total eligible Non-EU Taxonomy companies: 303
2025-04-11 13:31:44,154 - Review.reviews.lc100_review - INFO - Total target after rounding: 98 (vs. target of 87)
2025-04-11 13:31:44,155 - Review.reviews.lc100_review - INFO - Need to remove 11 companies due to rounding up
2025-04-11 13:31:44,157 - Review.reviews.lc100_review - INFO - STEP 4b: Selecting Non-EU Taxonomy companies based on climate score...
2025-04-11 13:31:44,157 - Review.reviews.lc100_review - INFO - Selected 5 companies from super-sector 1010.0
2025-04-11 13:31:44,157 - Review.reviews.lc100_review - INFO - Selected 5 companies from super-sector 1510.0
2025-04-11 13:31:44,158 - Review.reviews.lc100_review - INFO - Selected 13 companies from super-sector 2010.0
2025-04-11 13:31:44,158 - Review.reviews.lc100_review - INFO - Selected 13 companies from super-sector 3010.0
2025-04-11 13:31:44,159 - Review.reviews.lc100_review - INFO - Selected 7 companies from super-sector 3020.0
2025-04-11 13:31:44,159 - Review.reviews.lc100_review - INFO - Selected 8 companies from super-sector 3030.0
2025-04-11 13:31:44,160 - Review.reviews.lc100_review - INFO - Selected 5 companies from super-sector 3510.0
2025-04-11 13:31:44,161 - Review.reviews.lc100_review - INFO - Selected 2 companies from super-sector 4010.0
2025-04-11 13:31:44,161 - Review.reviews.lc100_review - INFO - Selected 6 companies from super-sector 4020.0
2025-04-11 13:31:44,162 - Review.reviews.lc100_review - INFO - Selected 3 companies from super-sector 4030.0
2025-04-11 13:31:44,162 - Review.reviews.lc100_review - INFO - Selected 2 companies from super-sector 4040.0
2025-04-11 13:31:44,163 - Review.reviews.lc100_review - INFO - Selected 4 companies from super-sector 4050.0
2025-04-11 13:31:44,163 - Review.reviews.lc100_review - INFO - Selected 6 companies from super-sector 4510.0
2025-04-11 13:31:44,164 - Review.reviews.lc100_review - INFO - Selected 3 companies from super-sector 4520.0
2025-04-11 13:31:44,164 - Review.reviews.lc100_review - INFO - Selected 2 companies from super-sector 5010.0
2025-04-11 13:31:44,165 - Review.reviews.lc100_review - INFO - Selected 9 companies from super-sector 5020.0
2025-04-11 13:31:44,165 - Review.reviews.lc100_review - INFO - Selected 2 companies from super-sector 5510.0
2025-04-11 13:31:44,166 - Review.reviews.lc100_review - INFO - Selected 2 companies from super-sector 5520.0
2025-04-11 13:31:44,166 - Review.reviews.lc100_review - INFO - Selected 1 companies from super-sector 6510.0
2025-04-11 13:31:44,174 - Review.reviews.lc100_review - INFO - Initial selection has 98 companies, need to remove 11
2025-04-11 13:31:44,180 - Review.reviews.lc100_review - INFO - Removed company SE0012853455 from supersector 3020.0 (Climate Score: 2.9711404728789947)
2025-04-11 13:31:44,185 - Review.reviews.lc100_review - INFO - Removed company GB0005405286 from supersector 3010.0 (Climate Score: 2.6866666666666648)
2025-04-11 13:31:44,191 - Review.reviews.lc100_review - INFO - Removed company GB0004082847 from supersector 3010.0 (Climate Score: 2.585)
2025-04-11 13:31:44,196 - Review.reviews.lc100_review - INFO - Removed company GB00BY9D0Y18 from supersector 3030.0 (Climate Score: 2.516321632368115)
2025-04-11 13:31:44,201 - Review.reviews.lc100_review - INFO - Removed company NO0003053605 from supersector 3030.0 (Climate Score: 2.45999707128425)
2025-04-11 13:31:44,208 - Review.reviews.lc100_review - INFO - Removed company GB00BM8PJY71 from supersector 3010.0 (Climate Score: 2.4596710826767954)
2025-04-11 13:31:44,213 - Review.reviews.lc100_review - INFO - Removed company GB00BYT1DJ19 from supersector 3020.0 (Climate Score: 2.458257086886375)
2025-04-11 13:31:44,218 - Review.reviews.lc100_review - INFO - Removed company GB00B0SWJX34 from supersector 3020.0 (Climate Score: 2.4582204139462247)
2025-04-11 13:31:44,224 - Review.reviews.lc100_review - INFO - Removed company GB0007099541 from supersector 3030.0 (Climate Score: 2.45)
2025-04-11 13:31:44,229 - Review.reviews.lc100_review - INFO - Removed company CH0011075394 from supersector 3030.0 (Climate Score: 2.39833333333333)
2025-04-11 13:31:44,234 - Review.reviews.lc100_review - INFO - Removed company FR0000121964 from supersector 3510.0 (Climate Score: 2.39735760225878)
2025-04-11 13:31:44,237 - Review.reviews.lc100_review - INFO - Final Non-EU Taxonomy selection has 87 companies
2025-04-11 13:31:44,237 - Review.reviews.lc100_review - INFO - Minimum companies per supersector: 1
2025-04-11 13:31:44,238 - Review.reviews.lc100_review - WARNING - Some supersectors have fewer than 2 companies! Minimum is 1
2025-04-11 13:31:44,240 - Review.reviews.lc100_review - INFO - Final selection contains 100 companies
2025-04-11 13:31:44,240 - Review.reviews.lc100_review - INFO - - EU Taxonomy: 13
2025-04-11 13:31:44,240 - Review.reviews.lc100_review - INFO - - Non-EU Taxonomy: 87
2025-04-11 13:31:44,240 - Review.reviews.lc100_review - INFO - Adding PAB flag based on CDP temperature score...
2025-04-11 13:31:44,241 - Review.reviews.lc100_review - INFO - Calculating liquidity constraints for all companies...
2025-04-11 13:31:44,241 - Review.reviews.lc100_review - INFO - Total FFMC for all companies: 3559309659524.66
2025-04-11 13:31:44,242 - Review.reviews.lc100_review - INFO - Market cap based weights calculated for EU Taxonomy companies
2025-04-11 13:31:44,244 - Review.reviews.lc100_review - INFO - Liquidity caps for EU Taxonomy companies - Max: 5.7920%, Min: 0.6047%, Avg: 2.0733%
2025-04-11 13:31:44,244 - Review.reviews.lc100_review - INFO - Liquidity floors for EU Taxonomy companies - Max: 0.0000%, Min: 0.0000%, Avg: 0.0000%
2025-04-11 13:31:44,244 - Review.reviews.lc100_review - INFO - No liquidity issues found for EU Taxonomy companies
2025-04-11 13:31:44,247 - Review.reviews.lc100_review - INFO - Liquidity caps for Non-EU Taxonomy companies - Max: 10.0000%, Min: 0.2657%, Avg: 2.6354%
2025-04-11 13:31:44,247 - Review.reviews.lc100_review - INFO - Liquidity floors for Non-EU Taxonomy companies - Max: 1.5073%, Min: 0.0000%, Avg: 0.0384%
2025-04-11 13:31:44,247 - Review.reviews.lc100_review - INFO - No liquidity issues found for Non-EU Taxonomy companies
2025-04-11 13:31:44,250 - Review.reviews.lc100_review - INFO - Liquidity constraints have been calculated for all 100 companies
2025-04-11 13:31:44,250 - Review.reviews.lc100_review - INFO - Saving output files...
2025-04-11 13:31:44,738 - Review.reviews.lc100_review - INFO - Results saved to C:\Users\CSonneveld\OneDrive - Euronext\Documents\Projects\GUI + Reviews\output\LC100_review_20250411_133144.xlsx
2025-04-11 13:31:44,770 - werkzeug - INFO - 127.0.0.1 - - [11/Apr/2025 13:31:44] "POST /calculate HTTP/1.1" 200 -
2025-04-11 13:41:30,513 - werkzeug - INFO -  * Detected change in 'C:\\Users\\CSonneveld\\OneDrive - Euronext\\Documents\\Projects\\GUI + Reviews\\Review\\reviews\\lc100_review.py', reloading
