2025-07-23 13:40:29,169 - werkzeug - WARNING -  * Debugger is active!
2025-07-23 13:40:29,169 - werkzeug - INFO -  * Debugger PIN: 691-175-853
2025-07-23 13:41:34,201 - Review.reviews.ez15p_review - INFO - Loading EOD data...
2025-07-23 13:41:37,998 - Review.reviews.ez15p_review - INFO - Loading reference data...
2025-07-23 13:41:38,993 - Review.reviews.ez15p_review - INFO - Selecting top 150 companies with highest FFMC...
2025-07-23 13:41:38,998 - Review.reviews.ez15p_review - INFO - Saving EZ15P output to: C:\Users\CSonneveld\OneDrive - Euronext\Documents\Projects\GUI + Reviews\output\EZ15P_df_20250723_134138.xlsx
2025-07-23 13:41:39,109 - werkzeug - INFO - 127.0.0.1 - - [23/Jul/2025 13:41:39] "POST /calculate HTTP/1.1" 200 -
2025-07-23 13:41:49,223 - Review.reviews.ez15p_review - INFO - Loading EOD data...
2025-07-23 13:41:50,109 - Review.reviews.ez15p_review - INFO - Loading reference data...
2025-07-23 13:41:51,037 - Review.reviews.ez15p_review - INFO - Selecting top 150 companies with highest FFMC...
2025-07-23 13:41:51,037 - Review.reviews.ez15p_review - INFO - Saving EZ15P output to: C:\Users\CSonneveld\OneDrive - Euronext\Documents\Projects\GUI + Reviews\output\EZ15P_df_20250723_134151.xlsx
2025-07-23 13:41:51,126 - werkzeug - INFO - 127.0.0.1 - - [23/Jul/2025 13:41:51] "POST /calculate HTTP/1.1" 200 -
2025-07-23 14:17:44,322 - Review.reviews.ez15p_review - INFO - Loading EOD data...
2025-07-23 14:17:48,189 - Review.reviews.ez15p_review - INFO - Loading reference data...
2025-07-23 14:17:49,229 - Review.reviews.ez15p_review - INFO - Selecting top 150 companies with highest FFMC...
2025-07-23 14:17:49,229 - Review.reviews.ez15p_review - INFO - Saving EZ15P output to: C:\Users\CSonneveld\OneDrive - Euronext\Documents\Projects\GUI + Reviews\output\EZ15P_df_20250723_141749.xlsx
2025-07-23 14:17:49,320 - werkzeug - INFO - 127.0.0.1 - - [23/Jul/2025 14:17:49] "POST /calculate HTTP/1.1" 200 -
2025-07-23 14:21:58,203 - werkzeug - INFO -  * Detected change in 'C:\\Users\\CSonneveld\\OneDrive - Euronext\\Documents\\Projects\\GUI + Reviews\\Review\\reviews\\ez15p_review.py', reloading
2025-07-23 14:21:58,203 - werkzeug - INFO -  * Detected change in 'C:\\Users\\CSonneveld\\OneDrive - Euronext\\Documents\\Projects\\GUI + Reviews\\Review\\reviews\\ez15p_review.py', reloading
2025-07-23 14:21:58,203 - werkzeug - INFO -  * Detected change in 'C:\\Users\\CSonneveld\\OneDrive - Euronext\\Documents\\Projects\\GUI + Reviews\\Review\\reviews\\ez15p_review.py', reloading
