2025-09-08 10:02:05,205 - werkzeug - WARNING -  * Debugger is active!
2025-09-08 10:02:05,207 - werkzeug - INFO -  * Debugger PIN: 691-175-853
2025-09-08 10:02:06,266 - Review.reviews.aerdp_review - INFO - Loading EOD data...
2025-09-08 10:02:06,928 - Review.reviews.aerdp_review - INFO - Loading reference data...
2025-09-08 10:02:14,637 - Review.reviews.aerdp_review - INFO - Saving AERDP output to: C:\Users\CSonneveld\OneDrive - Euronext\Documents\Projects\GUI + Reviews\output\AERDP_df_20250908_100214.xlsx
2025-09-08 10:02:15,045 - werkzeug - INFO - 127.0.0.1 - - [08/Sep/2025 10:02:15] "POST /calculate HTTP/1.1" 200 -
2025-09-08 10:02:44,348 - Review.reviews.elecp_review - INFO - Loading EOD data...
2025-09-08 10:02:48,633 - Review.reviews.elecp_review - INFO - Loading reference data...
2025-09-08 10:02:49,518 - Review.reviews.elecp_review - ERROR - Error during review calculation: single positional indexer is out-of-bounds
2025-09-08 10:02:49,518 - Review.reviews.elecp_review - ERROR - Traceback (most recent call last):
  File "C:\Users\CSonneveld\OneDrive - Euronext\Documents\Projects\GUI + Reviews\Review\reviews\elecp_review.py", line 114, in run_elecp_review
    index_mcap = index_eod_df.loc[index_eod_df['#Symbol'] == isin, 'Mkt Cap'].iloc[0]
                 ~~~~~~~~~~~~~~~~~~~~~~~~~~~~~~~~~~~~~~~~~~~~~~~~~~~~~~~~~~~~~~~~~^^^
  File "C:\Users\CSonneveld\AppData\Roaming\Python\Python312\site-packages\pandas\core\indexing.py", line 1191, in __getitem__
    return self._getitem_axis(maybe_callable, axis=axis)
           ^^^^^^^^^^^^^^^^^^^^^^^^^^^^^^^^^^^^^^^^^^^^^
  File "C:\Users\CSonneveld\AppData\Roaming\Python\Python312\site-packages\pandas\core\indexing.py", line 1752, in _getitem_axis
    self._validate_integer(key, axis)
  File "C:\Users\CSonneveld\AppData\Roaming\Python\Python312\site-packages\pandas\core\indexing.py", line 1685, in _validate_integer
    raise IndexError("single positional indexer is out-of-bounds")
IndexError: single positional indexer is out-of-bounds

2025-09-08 10:02:49,529 - werkzeug - INFO -  * Detected change in 'C:\\Users\\CSonneveld\\AppData\\Roaming\\Python\\Python312\\site-packages\\pandas\\core\\indexing.py', reloading
2025-09-08 10:02:49,534 - werkzeug - INFO - 127.0.0.1 - - [08/Sep/2025 10:02:49] "POST /calculate HTTP/1.1" 200 -
