2025-03-18 13:45:44,331 - werkzeug - INFO - [31m[1mWARNING: This is a development server. Do not use it in a production deployment. Use a production WSGI server instead.[0m
 * Running on http://127.0.0.1:5000
2025-03-18 13:45:44,331 - werkzeug - INFO - [33mPress CTRL+C to quit[0m
2025-03-18 13:45:44,344 - werkzeug - INFO -  * Restarting with watchdog (windowsapi)
2025-03-18 13:45:44,855 - werkzeug - WARNING -  * Debugger is active!
2025-03-18 13:45:44,858 - werkzeug - INFO -  * Debugger PIN: 691-175-853
2025-03-18 13:45:47,004 - werkzeug - INFO -  * Detected change in 'C:\\Program Files\\Python312\\Lib\\encodings\\unicode_escape.py', reloading
2025-03-18 13:45:47,007 - werkzeug - INFO - 127.0.0.1 - - [18/Mar/2025 13:45:47] "GET / HTTP/1.1" 200 -
2025-03-18 13:45:47,110 - werkzeug - INFO - 127.0.0.1 - - [18/Mar/2025 13:45:47] "[36mGET /static/images/Euronext_Logo-RGB_black.png HTTP/1.1[0m" 304 -
2025-03-18 13:45:47,110 - werkzeug - INFO - 127.0.0.1 - - [18/Mar/2025 13:45:47] "[33mGET /favicon.ico HTTP/1.1[0m" 404 -
2025-03-18 13:45:48,011 - werkzeug - INFO -  * Restarting with watchdog (windowsapi)
2025-03-18 13:46:13,028 - werkzeug - INFO -  * Restarting with watchdog (windowsapi)
2025-03-18 13:46:18,677 - werkzeug - INFO -  * Restarting with watchdog (windowsapi)
2025-03-18 13:46:29,099 - werkzeug - INFO -  * Restarting with watchdog (windowsapi)
2025-03-18 13:46:39,844 - werkzeug - INFO -  * Restarting with watchdog (windowsapi)
2025-03-18 13:46:48,560 - werkzeug - INFO -  * Restarting with watchdog (windowsapi)
2025-03-18 13:46:55,229 - werkzeug - INFO -  * Restarting with watchdog (windowsapi)
2025-03-18 13:47:21,260 - werkzeug - INFO -  * Restarting with watchdog (windowsapi)
2025-03-18 13:48:50,654 - werkzeug - INFO -  * Restarting with watchdog (windowsapi)
2025-03-18 14:00:11,531 - werkzeug - INFO -  * Restarting with watchdog (windowsapi)
2025-03-18 14:00:13,164 - werkzeug - INFO -  * Restarting with watchdog (windowsapi)
2025-03-18 14:00:50,113 - werkzeug - INFO -  * Restarting with watchdog (windowsapi)
2025-03-18 14:00:51,732 - werkzeug - INFO -  * Restarting with watchdog (windowsapi)
2025-03-18 14:05:31,528 - werkzeug - INFO -  * Restarting with watchdog (windowsapi)
2025-03-18 14:05:57,480 - werkzeug - INFO -  * Restarting with watchdog (windowsapi)
2025-03-18 18:06:13,946 - werkzeug - INFO -  * Restarting with watchdog (windowsapi)
2025-03-19 13:48:06,904 - werkzeug - INFO -  * Restarting with watchdog (windowsapi)
2025-03-19 15:57:39,455 - werkzeug - INFO -  * Restarting with watchdog (windowsapi)
2025-03-19 15:57:53,437 - werkzeug - INFO -  * Restarting with watchdog (windowsapi)
2025-03-19 15:58:50,340 - werkzeug - INFO -  * Restarting with watchdog (windowsapi)
2025-03-19 15:58:53,979 - werkzeug - INFO -  * Restarting with watchdog (windowsapi)
2025-03-19 16:06:51,646 - werkzeug - INFO -  * Restarting with watchdog (windowsapi)
2025-03-19 16:07:06,540 - werkzeug - INFO -  * Restarting with watchdog (windowsapi)
2025-03-19 16:09:00,854 - werkzeug - INFO -  * Restarting with watchdog (windowsapi)
2025-03-19 16:09:19,774 - werkzeug - INFO -  * Restarting with watchdog (windowsapi)
2025-03-19 16:09:39,675 - werkzeug - INFO -  * Restarting with watchdog (windowsapi)
2025-03-19 16:09:41,308 - werkzeug - INFO -  * Restarting with watchdog (windowsapi)
2025-03-19 16:09:54,176 - werkzeug - INFO -  * Restarting with watchdog (windowsapi)
2025-03-19 16:11:15,291 - werkzeug - INFO -  * Restarting with watchdog (windowsapi)
