2025-12-17 20:20:27,976 - werkzeug - WARNING -  * Debugger is active!
2025-12-17 20:20:27,976 - werkzeug - INFO -  * Debugger PIN: 691-175-853
2025-12-17 20:20:28,339 - werkzeug - INFO - 127.0.0.1 - - [17/Dec/2025 20:20:28] "GET /task-status/79df275b-394b-4b30-ae19-b5582cad21f7 HTTP/1.1" 200 -
2025-12-17 20:20:30,190 - werkzeug - INFO - 127.0.0.1 - - [17/Dec/2025 20:20:30] "POST /calculate HTTP/1.1" 200 -
2025-12-17 20:20:30,200 - Review.reviews.aetaw_review - INFO - Loading EOD data...
2025-12-17 20:20:30,200 - werkzeug - INFO - 127.0.0.1 - - [17/Dec/2025 20:20:30] "GET /task-status/06f049d0-8ff2-400f-9a42-9c12650d1475 HTTP/1.1" 200 -
2025-12-17 20:20:30,543 - Review.reviews.aetaw_review - INFO - Loading reference data...
2025-12-17 20:20:30,743 - Review.reviews.aetaw_review - INFO - Loaded 75 companies from AEX, AMX, and AScX
2025-12-17 20:20:30,769 - Review.reviews.aetaw_review - INFO - 
Initial weights calculated. Starting two-step capping process...
2025-12-17 20:20:30,772 - Review.reviews.aetaw_review - INFO - 
========== STEP 1: Cap all companies at 9% ==========
2025-12-17 20:20:30,772 - Review.reviews.aetaw_review - INFO - 
--- Step 1, Iteration 1 ---
2025-12-17 20:20:30,773 - Review.reviews.aetaw_review - INFO - Capped 3 companies at 9%
2025-12-17 20:20:30,773 - Review.reviews.aetaw_review - INFO - Excess weight: 26.00%
2025-12-17 20:20:30,773 - Review.reviews.aetaw_review - INFO - Redistributed to 72 companies below 9%
2025-12-17 20:20:30,773 - Review.reviews.aetaw_review - INFO - Max weight change: 18.8013%
2025-12-17 20:20:30,773 - Review.reviews.aetaw_review - INFO - 
--- Step 1, Iteration 2 ---
2025-12-17 20:20:30,773 - Review.reviews.aetaw_review - INFO - Max weight change: 0.0000%
2025-12-17 20:20:30,773 - Review.reviews.aetaw_review - INFO - [SUCCESS] Step 1 converged after 2 iterations
2025-12-17 20:20:30,773 - Review.reviews.aetaw_review - INFO - 
Step 1 complete: 3 companies at 9%
2025-12-17 20:20:30,773 - Review.reviews.aetaw_review - INFO - 
========== STEP 2: Apply collective constraint (36% rule) ==========
2025-12-17 20:20:30,773 - Review.reviews.aetaw_review - INFO - Top 4 companies by initial market cap (protected at 9%):
2025-12-17 20:20:30,773 - Review.reviews.aetaw_review - INFO -   1. ASML HOLDING: Initial 27.80%, After Step 1: 9.00%
2025-12-17 20:20:30,773 - Review.reviews.aetaw_review - INFO -   2. SHELL PLC: Initial 14.66%, After Step 1: 9.00%
2025-12-17 20:20:30,773 - Review.reviews.aetaw_review - INFO -   3. UNILEVER: Initial 10.54%, After Step 1: 9.00%
2025-12-17 20:20:30,773 - Review.reviews.aetaw_review - INFO -   4. ING GROEP N.V.: Initial 5.72%, After Step 1: 8.88%
2025-12-17 20:20:30,773 - Review.reviews.aetaw_review - INFO - 
--- Step 2, Iteration 1 ---
2025-12-17 20:20:30,779 - Review.reviews.aetaw_review - INFO - Capped 3 companies (outside top 4) to 4.5%
2025-12-17 20:20:30,779 - Review.reviews.aetaw_review - INFO - Total companies locked at 4.5%: 3
2025-12-17 20:20:30,780 - Review.reviews.aetaw_review - INFO - Excess weight: 8.52%
2025-12-17 20:20:30,780 - Review.reviews.aetaw_review - INFO - Redistributed to 68 companies (not locked at 4.5%)
2025-12-17 20:20:30,780 - Review.reviews.aetaw_review - INFO -   WARNING: 1 companies (outside top 4) now ABOVE 4.5% after redistribution
2025-12-17 20:20:30,781 - Review.reviews.aetaw_review - INFO - Max weight change: 3.9492%
2025-12-17 20:20:30,782 - Review.reviews.aetaw_review - INFO - 
--- Step 2, Iteration 2 ---
2025-12-17 20:20:30,783 - Review.reviews.aetaw_review - INFO - Capped 1 companies (outside top 4) to 4.5%
2025-12-17 20:20:30,783 - Review.reviews.aetaw_review - INFO - Total companies locked at 4.5%: 4
2025-12-17 20:20:30,783 - Review.reviews.aetaw_review - INFO - Excess weight: 0.25%
2025-12-17 20:20:30,783 - Review.reviews.aetaw_review - INFO - Redistributed to 67 companies (not locked at 4.5%)
2025-12-17 20:20:30,783 - Review.reviews.aetaw_review - INFO - Max weight change: 0.2471%
2025-12-17 20:20:30,783 - Review.reviews.aetaw_review - INFO - 
--- Step 2, Iteration 3 ---
2025-12-17 20:20:30,785 - Review.reviews.aetaw_review - INFO - Max weight change: 0.0000%
2025-12-17 20:20:30,785 - Review.reviews.aetaw_review - INFO - [SUCCESS] Step 2 converged after 3 iterations
2025-12-17 20:20:30,785 - Review.reviews.aetaw_review - INFO - 
========== Final Results ==========
2025-12-17 20:20:30,785 - Review.reviews.aetaw_review - INFO - Companies at 9.00%: 3
2025-12-17 20:20:30,785 - Review.reviews.aetaw_review - INFO - Companies locked at 4.50%: 4
2025-12-17 20:20:30,785 - Review.reviews.aetaw_review - INFO - Total weight OVER 4.5%: 35.88% (limit: 36.00%)
2025-12-17 20:20:30,785 - Review.reviews.aetaw_review - INFO - [SUCCESS] Collective cap satisfied
2025-12-17 20:20:30,787 - Review.reviews.aetaw_review - INFO - AETAW capping complete. Companies with CF < 1: 74
2025-12-17 20:20:30,791 - Review.reviews.aetaw_review - INFO - Saving AETAW output to: C:\Users\CSonneveld\OneDrive - Euronext\Documents\Projects\GUI + Reviews\output\AETAW_df_20251217_202030.xlsx
2025-12-17 20:20:32,203 - werkzeug - INFO - 127.0.0.1 - - [17/Dec/2025 20:20:32] "GET /task-status/06f049d0-8ff2-400f-9a42-9c12650d1475 HTTP/1.1" 200 -
2025-12-17 20:24:07,388 - werkzeug - INFO -  * Detected change in 'C:\\Users\\CSonneveld\\OneDrive - Euronext\\Documents\\Projects\\GUI + Reviews\\Review\\reviews\\aetaw_review.py', reloading
2025-12-17 20:24:07,388 - werkzeug - INFO -  * Detected change in 'C:\\Users\\CSonneveld\\OneDrive - Euronext\\Documents\\Projects\\GUI + Reviews\\Review\\reviews\\aetaw_review.py', reloading
2025-12-17 20:24:07,392 - werkzeug - INFO -  * Detected change in 'C:\\Users\\CSonneveld\\OneDrive - Euronext\\Documents\\Projects\\GUI + Reviews\\Review\\reviews\\aetaw_review.py', reloading
