2025-12-03 13:18:12,909 - werkzeug - WARNING -  * Debugger is active!
2025-12-03 13:18:12,912 - werkzeug - INFO -  * Debugger PIN: 691-175-853
2025-12-03 13:18:12,940 - werkzeug - INFO - 127.0.0.1 - - [03/Dec/2025 13:18:12] "GET /task-status/f076283d-e03d-42bc-8a36-277317cbb94f HTTP/1.1" 200 -
2025-12-03 13:18:17,152 - werkzeug - INFO - 127.0.0.1 - - [03/Dec/2025 13:18:17] "POST /calculate HTTP/1.1" 200 -
2025-12-03 13:18:17,163 - Review.reviews.ezsl_review - INFO - Starting EZSL review calculation
2025-12-03 13:18:17,163 - werkzeug - INFO - 127.0.0.1 - - [03/Dec/2025 13:18:17] "GET /task-status/c6de9d13-4379-4060-8d7b-117e4f2f56d6 HTTP/1.1" 200 -
2025-12-03 13:18:18,516 - Review.reviews.ezsl_review - ERROR - Error during review calculation: 'fx_rate'
2025-12-03 13:18:18,517 - werkzeug - INFO -  * Detected change in 'C:\\Users\\CSonneveld\\AppData\\Roaming\\Python\\Python312\\site-packages\\pandas\\core\\frame.py', reloading
2025-12-03 13:18:18,523 - werkzeug - INFO -  * Detected change in 'C:\\Users\\CSonneveld\\AppData\\Roaming\\Python\\Python312\\site-packages\\pandas\\core\\indexes\\base.py', reloading
2025-12-03 13:18:18,524 - Review.reviews.ezsl_review - ERROR - Traceback (most recent call last):
  File "C:\Users\CSonneveld\AppData\Roaming\Python\Python312\site-packages\pandas\core\indexes\base.py", line 3805, in get_loc
    return self._engine.get_loc(casted_key)
           ^^^^^^^^^^^^^^^^^^^^^^^^^^^^^^^^
  File "index.pyx", line 167, in pandas._libs.index.IndexEngine.get_loc
  File "index.pyx", line 196, in pandas._libs.index.IndexEngine.get_loc
  File "pandas\\_libs\\hashtable_class_helper.pxi", line 7081, in pandas._libs.hashtable.PyObjectHashTable.get_item
  File "pandas\\_libs\\hashtable_class_helper.pxi", line 7089, in pandas._libs.hashtable.PyObjectHashTable.get_item
KeyError: 'fx_rate'

The above exception was the direct cause of the following exception:

Traceback (most recent call last):
  File "C:\Users\CSonneveld\OneDrive - Euronext\Documents\Projects\GUI + Reviews\Review\reviews\ezsl_review.py", line 63, in run_ezsl_review
    full_universe_df['Mcap in EUR'] = full_universe_df['fx_rate'] * full_universe_df['NOSH_final'] * full_universe_df['Price_final'] * full_universe_df['free_float']
                                      ~~~~~~~~~~~~~~~~^^^^^^^^^^^
  File "C:\Users\CSonneveld\AppData\Roaming\Python\Python312\site-packages\pandas\core\frame.py", line 4102, in __getitem__
    indexer = self.columns.get_loc(key)
              ^^^^^^^^^^^^^^^^^^^^^^^^^
  File "C:\Users\CSonneveld\AppData\Roaming\Python\Python312\site-packages\pandas\core\indexes\base.py", line 3812, in get_loc
    raise KeyError(key) from err
KeyError: 'fx_rate'

2025-12-03 13:18:19,167 - werkzeug - INFO - 127.0.0.1 - - [03/Dec/2025 13:18:19] "GET /task-status/c6de9d13-4379-4060-8d7b-117e4f2f56d6 HTTP/1.1" 200 -
