2025-04-16 14:44:36,069 - werkzeug - WARNING -  * Debugger is active!
2025-04-16 14:44:36,073 - werkzeug - INFO -  * Debugger PIN: 691-175-853
2025-04-16 14:44:41,594 - Review.reviews.lc100_review - INFO - Loading EOD data...
2025-04-16 14:44:42,338 - Review.reviews.lc100_review - INFO - Loading reference data...
2025-04-16 14:44:51,799 - Review.reviews.lc100_review - WARNING - Removed 18750 duplicate rows from cdp_climate_df
2025-04-16 14:44:51,807 - Review.reviews.lc100_review - INFO - Filtering universe for EU500 companies...
2025-04-16 14:44:51,807 - Review.reviews.lc100_review - INFO - Universe size after EU500 filter: 499
2025-04-16 14:44:51,807 - Review.reviews.lc100_review - INFO - Adding Free Float data...
2025-04-16 14:44:51,833 - Review.reviews.lc100_review - INFO - Adding ICB Subsector data...
2025-04-16 14:44:51,850 - Review.reviews.lc100_review - WARNING - Removed 9314 duplicate rows from ICB data
2025-04-16 14:44:51,950 - Review.reviews.lc100_review - INFO - Debug file saved to C:\Users\CSonneveld\OneDrive - Euronext\Documents\Projects\GUI + Reviews\debug\universe_df_after_nace_20250416_144451.xlsx
2025-04-16 14:44:51,951 - Review.reviews.lc100_review - INFO - Adding CDP Climate data...
2025-04-16 14:44:51,955 - Review.reviews.lc100_review - INFO - Adding Oekom Trust & Carbon data...
2025-04-16 14:44:51,958 - Review.reviews.lc100_review - INFO - Adding NACE data...
2025-04-16 14:44:51,960 - Review.reviews.lc100_review - INFO - Adding EU Taxonomy flag...
2025-04-16 14:44:51,960 - Review.reviews.lc100_review - INFO - Checking GAFI lists and Non-fiscally cooperative countries...
2025-04-16 14:44:51,961 - Review.reviews.lc100_review - INFO - Applying exclusion criteria...
2025-04-16 14:44:51,984 - Review.reviews.lc100_review - INFO - Marked 49 companies (10%) with worst SG scores for exclusion
2025-04-16 14:44:52,001 - Review.reviews.lc100_review - INFO - Calculating Climate Score for ranking...
2025-04-16 14:44:52,009 - Review.reviews.lc100_review - INFO - Selecting EU Taxonomy companies...
2025-04-16 14:44:52,011 - Review.reviews.lc100_review - INFO - Found 14 EU Taxonomy companies after exclusions
2025-04-16 14:44:52,012 - Review.reviews.lc100_review - INFO - Found 303 Non-EU Taxonomy eligible companies after exclusions
2025-04-16 14:44:52,012 - Review.reviews.lc100_review - INFO - STEP 4a: Determining target number of Non-EU Taxonomy companies per super-sector...
2025-04-16 14:44:52,012 - Review.reviews.lc100_review - INFO - Target number of Non-EU Taxonomy companies: 86
2025-04-16 14:44:52,013 - Review.reviews.lc100_review - INFO - Total eligible Non-EU Taxonomy companies: 303
2025-04-16 14:44:52,014 - Review.reviews.lc100_review - INFO - Total target after rounding: 96 (vs. target of 86)
2025-04-16 14:44:52,014 - Review.reviews.lc100_review - INFO - Need to remove 10 companies due to rounding up
2025-04-16 14:44:52,015 - Review.reviews.lc100_review - INFO - STEP 4b: Selecting Non-EU Taxonomy companies based on climate score...
2025-04-16 14:44:52,016 - Review.reviews.lc100_review - INFO - Selected 5 companies from super-sector 1010.0
2025-04-16 14:44:52,017 - Review.reviews.lc100_review - INFO - Selected 5 companies from super-sector 1510.0
2025-04-16 14:44:52,018 - Review.reviews.lc100_review - INFO - Selected 12 companies from super-sector 2010.0
2025-04-16 14:44:52,018 - Review.reviews.lc100_review - INFO - Selected 13 companies from super-sector 3010.0
2025-04-16 14:44:52,019 - Review.reviews.lc100_review - INFO - Selected 7 companies from super-sector 3020.0
2025-04-16 14:44:52,020 - Review.reviews.lc100_review - INFO - Selected 8 companies from super-sector 3030.0
2025-04-16 14:44:52,021 - Review.reviews.lc100_review - INFO - Selected 5 companies from super-sector 3510.0
2025-04-16 14:44:52,022 - Review.reviews.lc100_review - INFO - Selected 2 companies from super-sector 4010.0
2025-04-16 14:44:52,023 - Review.reviews.lc100_review - INFO - Selected 6 companies from super-sector 4020.0
2025-04-16 14:44:52,023 - Review.reviews.lc100_review - INFO - Selected 2 companies from super-sector 4030.0
2025-04-16 14:44:52,024 - Review.reviews.lc100_review - INFO - Selected 2 companies from super-sector 4040.0
2025-04-16 14:44:52,025 - Review.reviews.lc100_review - INFO - Selected 4 companies from super-sector 4050.0
2025-04-16 14:44:52,026 - Review.reviews.lc100_review - INFO - Selected 6 companies from super-sector 4510.0
2025-04-16 14:44:52,026 - Review.reviews.lc100_review - INFO - Selected 3 companies from super-sector 4520.0
2025-04-16 14:44:52,026 - Review.reviews.lc100_review - INFO - Selected 2 companies from super-sector 5010.0
2025-04-16 14:44:52,026 - Review.reviews.lc100_review - INFO - Selected 9 companies from super-sector 5020.0
2025-04-16 14:44:52,026 - Review.reviews.lc100_review - INFO - Selected 2 companies from super-sector 5510.0
2025-04-16 14:44:52,026 - Review.reviews.lc100_review - INFO - Selected 2 companies from super-sector 5520.0
2025-04-16 14:44:52,026 - Review.reviews.lc100_review - INFO - Selected 1 companies from super-sector 6510.0
2025-04-16 14:44:52,036 - Review.reviews.lc100_review - INFO - Initial selection has 96 companies, need to remove 10
2025-04-16 14:44:52,040 - Review.reviews.lc100_review - INFO - Removed company SE0012853455 from supersector 3020 (Climate Score: 2.821140472878995)
2025-04-16 14:44:52,047 - Review.reviews.lc100_review - INFO - Removed company GB0004082847 from supersector 3010 (Climate Score: 2.585)
2025-04-16 14:44:52,051 - Review.reviews.lc100_review - INFO - Removed company CH0011075394 from supersector 3030 (Climate Score: 2.39833333333333)
2025-04-16 14:44:52,051 - Review.reviews.lc100_review - INFO - Removed company FR0000121964 from supersector 3510 (Climate Score: 2.2473576022587802)
2025-04-16 14:44:52,058 - Review.reviews.lc100_review - INFO - Removed company DE000BAY0017 from supersector 2010 (Climate Score: 2.2165721170918)
2025-04-16 14:44:52,061 - Review.reviews.lc100_review - INFO - Removed company ES0109067019 from supersector 1010 (Climate Score: 2.1812092903668145)
2025-04-16 14:44:52,066 - Review.reviews.lc100_review - INFO - Removed company GB0030913577 from supersector 1510 (Climate Score: 2.050969452258145)
2025-04-16 14:44:52,070 - Review.reviews.lc100_review - INFO - Removed company DK0060542181 from supersector 5020 (Climate Score: 2.03696527269129)
2025-04-16 14:44:52,073 - Review.reviews.lc100_review - INFO - Removed company GB00BHJYC057 from supersector 4050 (Climate Score: 1.961379401980875)
2025-04-16 14:44:52,075 - Review.reviews.lc100_review - INFO - Removed company DE0006048432 from supersector 4020 (Climate Score: 1.913748241153015)
2025-04-16 14:44:52,077 - Review.reviews.lc100_review - INFO - Final Non-EU Taxonomy selection has 86 companies
2025-04-16 14:44:52,078 - Review.reviews.lc100_review - INFO - Minimum companies per supersector: 1
2025-04-16 14:44:52,078 - Review.reviews.lc100_review - WARNING - Some supersectors have fewer than 2 companies! Minimum is 1
2025-04-16 14:44:52,079 - Review.reviews.lc100_review - INFO - Final selection contains 100 companies
2025-04-16 14:44:52,079 - Review.reviews.lc100_review - INFO - - EU Taxonomy: 14
2025-04-16 14:44:52,079 - Review.reviews.lc100_review - INFO - - Non-EU Taxonomy: 86
2025-04-16 14:44:52,079 - Review.reviews.lc100_review - INFO - Adding PAB flag based on CDP temperature score...
2025-04-16 14:44:52,079 - Review.reviews.lc100_review - INFO - Calculating liquidity constraints for all companies...
2025-04-16 14:44:52,079 - Review.reviews.lc100_review - INFO - Total FFMC_WD for all companies: 2591700510829.26
2025-04-16 14:44:52,082 - Review.reviews.lc100_review - INFO - Market cap based weights calculated for EU Taxonomy companies
2025-04-16 14:44:52,083 - Review.reviews.lc100_review - INFO - Liquidity caps for EU Taxonomy companies - Max: 5.1644%, Min: 0.6422%, Avg: 1.9600%
2025-04-16 14:44:52,083 - Review.reviews.lc100_review - INFO - Liquidity floors for EU Taxonomy companies - Max: 0.0000%, Min: 0.0000%, Avg: 0.0000%
2025-04-16 14:44:52,084 - Review.reviews.lc100_review - INFO - No liquidity issues found for EU Taxonomy companies
2025-04-16 14:44:52,086 - Review.reviews.lc100_review - INFO - Liquidity caps for Non-EU Taxonomy companies - Max: 10.0000%, Min: 0.2747%, Avg: 2.5836%
2025-04-16 14:44:52,086 - Review.reviews.lc100_review - INFO - Liquidity floors for Non-EU Taxonomy companies - Max: 2.3306%, Min: 0.0000%, Avg: 0.0533%
2025-04-16 14:44:52,087 - Review.reviews.lc100_review - INFO - No liquidity issues found for Non-EU Taxonomy companies
2025-04-16 14:44:52,089 - Review.reviews.lc100_review - INFO - Liquidity constraints have been calculated for all 100 companies
2025-04-16 14:44:52,090 - Review.reviews.lc100_review - INFO - Saving output files...
2025-04-16 14:44:52,579 - Review.reviews.lc100_review - INFO - Results saved to C:\Users\CSonneveld\OneDrive - Euronext\Documents\Projects\GUI + Reviews\output\LC100_review_20250416_144452.xlsx
2025-04-16 14:44:52,605 - werkzeug - INFO - 127.0.0.1 - - [16/Apr/2025 14:44:52] "POST /calculate HTTP/1.1" 200 -
