2025-04-15 18:31:04,710 - werkzeug - WARNING -  * Debugger is active!
2025-04-15 18:31:04,710 - werkzeug - INFO -  * Debugger PIN: 691-175-853
2025-04-15 18:31:07,218 - Review.reviews.lc3wp_review - INFO - Loading EOD data...
2025-04-15 18:31:11,124 - Review.reviews.lc3wp_review - INFO - Loading reference data...
2025-04-15 18:31:20,613 - Review.reviews.lc3wp_review - WARNING - Removed 18750 duplicate rows from cdp_climate_df
2025-04-15 18:31:20,623 - Review.reviews.lc3wp_review - INFO - Adding Free Float data...
2025-04-15 18:31:20,662 - Review.reviews.lc3wp_review - INFO - Adding ICB Subsector data...
2025-04-15 18:31:20,685 - Review.reviews.lc3wp_review - WARNING - Removed 9314 duplicate rows from ICB data
2025-04-15 18:31:20,701 - Review.reviews.lc3wp_review - INFO - Adding CDP Climate data...
2025-04-15 18:31:20,709 - Review.reviews.lc3wp_review - INFO - Adding Oekom Trust & Carbon data...
2025-04-15 18:31:20,712 - Review.reviews.lc3wp_review - INFO - Adding NACE data...
2025-04-15 18:31:20,717 - Review.reviews.lc3wp_review - INFO - Adding EU Taxonomy flag...
2025-04-15 18:31:20,717 - Review.reviews.lc3wp_review - ERROR - Error during review calculation: cannot access local variable 'np' where it is not associated with a value
2025-04-15 18:31:20,718 - Review.reviews.lc3wp_review - ERROR - Traceback (most recent call last):
  File "C:\Users\CSonneveld\OneDrive - Euronext\Documents\Projects\GUI + Reviews\Review\reviews\lc3wp_review.py", line 270, in run_lc3wp_review
    universe_df['EU_Taxonomy'] = np.where(universe_df['ISIN Code'].isin(eu_taxonomy_isins), 1, 0)
                                 ^^
UnboundLocalError: cannot access local variable 'np' where it is not associated with a value

2025-04-15 18:31:20,751 - werkzeug - INFO - 127.0.0.1 - - [15/Apr/2025 18:31:20] "POST /calculate HTTP/1.1" 200 -
2025-04-15 18:32:06,999 - werkzeug - INFO -  * Detected change in 'C:\\Users\\CSonneveld\\OneDrive - Euronext\\Documents\\Projects\\GUI + Reviews\\Review\\reviews\\lc3wp_review.py', reloading
2025-04-15 18:32:06,999 - werkzeug - INFO -  * Detected change in 'C:\\Users\\CSonneveld\\OneDrive - Euronext\\Documents\\Projects\\GUI + Reviews\\Review\\reviews\\lc3wp_review.py', reloading
2025-04-15 18:32:07,009 - werkzeug - INFO -  * Detected change in 'C:\\Users\\CSonneveld\\OneDrive - Euronext\\Documents\\Projects\\GUI + Reviews\\Review\\reviews\\lc3wp_review.py', reloading
2025-04-15 18:32:07,879 - werkzeug - INFO -  * Detected change in 'C:\\Users\\CSonneveld\\OneDrive - Euronext\\Documents\\Projects\\GUI + Reviews\\Review\\reviews\\lc3wp_review.py', reloading
