2025-09-15 18:26:59,745 - werkzeug - WARNING -  * Debugger is active!
2025-09-15 18:26:59,750 - werkzeug - INFO -  * Debugger PIN: 691-175-853
2025-09-15 18:27:02,010 - werkzeug - INFO - 127.0.0.1 - - [15/Sep/2025 18:27:02] "POST /calculate HTTP/1.1" 200 -
2025-09-15 18:27:02,010 - Review.reviews.sectorial_review - INFO - Loading EOD data...
2025-09-15 18:27:02,019 - werkzeug - INFO - 127.0.0.1 - - [15/Sep/2025 18:27:02] "GET /task-status/2a5224ae-d229-4ae7-ac1b-d12d11afc112 HTTP/1.1" 200 -
2025-09-15 18:27:04,027 - werkzeug - INFO - 127.0.0.1 - - [15/Sep/2025 18:27:04] "GET /task-status/2a5224ae-d229-4ae7-ac1b-d12d11afc112 HTTP/1.1" 200 -
2025-09-15 18:27:04,077 - Review.reviews.sectorial_review - INFO - Loading reference data...
2025-09-15 18:27:06,023 - werkzeug - INFO - 127.0.0.1 - - [15/Sep/2025 18:27:06] "GET /task-status/2a5224ae-d229-4ae7-ac1b-d12d11afc112 HTTP/1.1" 200 -
2025-09-15 18:27:08,028 - werkzeug - INFO - 127.0.0.1 - - [15/Sep/2025 18:27:08] "GET /task-status/2a5224ae-d229-4ae7-ac1b-d12d11afc112 HTTP/1.1" 200 -
2025-09-15 18:27:10,024 - werkzeug - INFO - 127.0.0.1 - - [15/Sep/2025 18:27:10] "GET /task-status/2a5224ae-d229-4ae7-ac1b-d12d11afc112 HTTP/1.1" 200 -
2025-09-15 18:27:12,024 - werkzeug - INFO - 127.0.0.1 - - [15/Sep/2025 18:27:12] "GET /task-status/2a5224ae-d229-4ae7-ac1b-d12d11afc112 HTTP/1.1" 200 -
2025-09-15 18:27:12,307 - Review.reviews.sectorial_review - INFO - Processing all 30 sectorial indices...
2025-09-15 18:27:12,307 - Review.reviews.sectorial_review - INFO - Processing TECHP...
2025-09-15 18:27:12,307 - Review.reviews.sectorial_review - INFO - Total weight before capping for TECHP: 1.00000000
2025-09-15 18:27:12,317 - Review.reviews.sectorial_review - INFO - Scaled capping factors for TECHP (max factor was 1.543970)
2025-09-15 18:27:12,317 - Review.reviews.sectorial_review - INFO - Capping factors now range from 0.402353 to 1.000000
2025-09-15 18:27:12,319 - Review.reviews.sectorial_review - INFO - Capped 2 companies to 20% in TECHP:
2025-09-15 18:27:12,319 - Review.reviews.sectorial_review - INFO -   ASML HOLDING: 0.3219 -> 0.2000
2025-09-15 18:27:12,319 - Review.reviews.sectorial_review - INFO -   SAP: 0.2894 -> 0.2000
2025-09-15 18:27:12,319 - Review.reviews.sectorial_review - INFO - Boosted 16 companies due to redistribution in TECHP:
2025-09-15 18:27:12,320 - Review.reviews.sectorial_review - INFO -   AMADEUS IT GROUP: 0.0363 -> 0.0561
2025-09-15 18:27:12,320 - Review.reviews.sectorial_review - INFO -   ASM INTERNATIONAL: 0.0236 -> 0.0364
2025-09-15 18:27:12,320 - Review.reviews.sectorial_review - INFO -   BE SEMICONDUCTOR: 0.0097 -> 0.0149
2025-09-15 18:27:12,320 - Review.reviews.sectorial_review - INFO -   BECHTLE AG: 0.0036 -> 0.0055
2025-09-15 18:27:12,321 - Review.reviews.sectorial_review - INFO -   CAPGEMINI: 0.0214 -> 0.0330
2025-09-15 18:27:12,321 - Review.reviews.sectorial_review - INFO -   DASSAULT SYSTEMES: 0.0220 -> 0.0339
2025-09-15 18:27:12,321 - Review.reviews.sectorial_review - INFO -   INDRA SISTEMAS SA: 0.0032 -> 0.0049
2025-09-15 18:27:12,321 - Review.reviews.sectorial_review - INFO -   INFINEON TECHNOLOGIE: 0.0491 -> 0.0759
2025-09-15 18:27:12,323 - Review.reviews.sectorial_review - INFO -   JUST EAT TAKEAWAY: 0.0043 -> 0.0066
2025-09-15 18:27:12,323 - Review.reviews.sectorial_review - INFO -   NEMETSCHEK SE: 0.0087 -> 0.0135
2025-09-15 18:27:12,323 - Review.reviews.sectorial_review - INFO -   PROSUS: 0.0846 -> 0.1307
2025-09-15 18:27:12,324 - Review.reviews.sectorial_review - INFO -   RELX: 0.0899 -> 0.1388
2025-09-15 18:27:12,324 - Review.reviews.sectorial_review - INFO -   REPLY: 0.0034 -> 0.0052
2025-09-15 18:27:12,324 - Review.reviews.sectorial_review - INFO -   SCOUT24 SE: 0.0094 -> 0.0144
2025-09-15 18:27:12,325 - Review.reviews.sectorial_review - INFO -   SOPRA STERIA GROUP: 0.0028 -> 0.0043
2025-09-15 18:27:12,325 - Review.reviews.sectorial_review - INFO -   STMICROELECTRONICS: 0.0168 -> 0.0259
2025-09-15 18:27:12,326 - Review.reviews.sectorial_review - INFO - Total weight after capping for TECHP: 1.000000
2025-09-15 18:27:12,326 - Review.reviews.sectorial_review - INFO - Maximum individual weight for TECHP: 0.200000 (cap: 0.200000)
2025-09-15 18:27:12,326 - Review.reviews.sectorial_review - INFO - Index market cap for TECHP: 553,328,972,001
2025-09-15 18:27:12,326 - Review.reviews.sectorial_review - INFO - Sum of selected companies market cap: 843,818,554,713
2025-09-15 18:27:12,326 - Review.reviews.sectorial_review - INFO - Coverage ratio (selected/index): 1.5250
2025-09-15 18:27:12,337 - Review.reviews.sectorial_review - INFO - Processing ENRGP...
2025-09-15 18:27:12,340 - Review.reviews.sectorial_review - INFO - Total weight before capping for ENRGP: 1.00000000
2025-09-15 18:27:12,345 - Review.reviews.sectorial_review - INFO - Scaled capping factors for ENRGP (max factor was 1.664356)
2025-09-15 18:27:12,345 - Review.reviews.sectorial_review - INFO - Capping factors now range from 0.305169 to 1.000000
2025-09-15 18:27:12,352 - Review.reviews.sectorial_review - INFO - Capped 2 companies to 20% in ENRGP:
2025-09-15 18:27:12,352 - Review.reviews.sectorial_review - INFO -   SHELL PLC: 0.3938 -> 0.2000
2025-09-15 18:27:12,353 - Review.reviews.sectorial_review - INFO -   TOTALENERGIES: 0.2299 -> 0.2000
2025-09-15 18:27:12,353 - Review.reviews.sectorial_review - INFO - Boosted 15 companies due to redistribution in ENRGP:
2025-09-15 18:27:12,353 - Review.reviews.sectorial_review - INFO -   ENAGAS: 0.0067 -> 0.0112
2025-09-15 18:27:12,354 - Review.reviews.sectorial_review - INFO -   ENI: 0.0704 -> 0.1172
2025-09-15 18:27:12,354 - Review.reviews.sectorial_review - INFO -   GALP ENERGIA-NOM: 0.0144 -> 0.0240
2025-09-15 18:27:12,354 - Review.reviews.sectorial_review - INFO -   GTT: 0.0127 -> 0.0211
2025-09-15 18:27:12,355 - Review.reviews.sectorial_review - INFO -   NESTE OIL OYJ: 0.0151 -> 0.0252
2025-09-15 18:27:12,355 - Review.reviews.sectorial_review - INFO -   NORDEX SE: 0.0054 -> 0.0090
2025-09-15 18:27:12,355 - Review.reviews.sectorial_review - INFO -   OMV AG: 0.0147 -> 0.0245
2025-09-15 18:27:12,355 - Review.reviews.sectorial_review - INFO -   REPSOL: 0.0362 -> 0.0603
2025-09-15 18:27:12,357 - Review.reviews.sectorial_review - INFO -   SAIPEM: 0.0066 -> 0.0110
2025-09-15 18:27:12,357 - Review.reviews.sectorial_review - INFO -   SBM OFFSHORE: 0.0058 -> 0.0097
2025-09-15 18:27:12,357 - Review.reviews.sectorial_review - INFO -   SIEMENS ENERGY AG: 0.1360 -> 0.2000
2025-09-15 18:27:12,358 - Review.reviews.sectorial_review - INFO -   SNAM: 0.0223 -> 0.0371
2025-09-15 18:27:12,358 - Review.reviews.sectorial_review - INFO -   TECHNIP ENERGIES: 0.0119 -> 0.0197
2025-09-15 18:27:12,358 - Review.reviews.sectorial_review - INFO -   TENARIS: 0.0124 -> 0.0206
2025-09-15 18:27:12,359 - Review.reviews.sectorial_review - INFO -   VALLOUREC: 0.0056 -> 0.0093
2025-09-15 18:27:12,359 - Review.reviews.sectorial_review - INFO - Total weight after capping for ENRGP: 1.000000
2025-09-15 18:27:12,359 - Review.reviews.sectorial_review - INFO - Maximum individual weight for ENRGP: 0.200000 (cap: 0.200000)
2025-09-15 18:27:12,359 - Review.reviews.sectorial_review - INFO - Index market cap for ENRGP: 262,922,843,311
2025-09-15 18:27:12,359 - Review.reviews.sectorial_review - INFO - Sum of selected companies market cap: 465,440,874,635
2025-09-15 18:27:12,359 - Review.reviews.sectorial_review - INFO - Coverage ratio (selected/index): 1.7703
2025-09-15 18:27:12,368 - Review.reviews.sectorial_review - INFO - Processing UTIL...
2025-09-15 18:27:12,372 - Review.reviews.sectorial_review - INFO - Total weight before capping for UTIL: 1.00000000
2025-09-15 18:27:12,376 - Review.reviews.sectorial_review - INFO - Scaled capping factors for UTIL (max factor was 1.109862)
2025-09-15 18:27:12,376 - Review.reviews.sectorial_review - INFO - Capping factors now range from 0.645449 to 1.000000
2025-09-15 18:27:12,382 - Review.reviews.sectorial_review - INFO - Capped 1 companies to 20% in UTIL:
2025-09-15 18:27:12,383 - Review.reviews.sectorial_review - INFO -   IBERDROLA: 0.2792 -> 0.2000
2025-09-15 18:27:12,383 - Review.reviews.sectorial_review - INFO - Boosted 17 companies due to redistribution in UTIL:
2025-09-15 18:27:12,384 - Review.reviews.sectorial_review - INFO -   A2A: 0.0100 -> 0.0111
2025-09-15 18:27:12,384 - Review.reviews.sectorial_review - INFO -   E.ON SE: 0.1031 -> 0.1144
2025-09-15 18:27:12,384 - Review.reviews.sectorial_review - INFO -   EDP: 0.0333 -> 0.0370
2025-09-15 18:27:12,385 - Review.reviews.sectorial_review - INFO -   EDP RENOVAVEIS: 0.0092 -> 0.0102
2025-09-15 18:27:12,385 - Review.reviews.sectorial_review - INFO -   ELIA GROUP: 0.0138 -> 0.0153
2025-09-15 18:27:12,385 - Review.reviews.sectorial_review - INFO -   ENDESA: 0.0250 -> 0.0277
2025-09-15 18:27:12,386 - Review.reviews.sectorial_review - INFO -   ENEL: 0.1773 -> 0.1968
2025-09-15 18:27:12,386 - Review.reviews.sectorial_review - INFO -   ENGIE: 0.0983 -> 0.1091
2025-09-15 18:27:12,386 - Review.reviews.sectorial_review - INFO -   FORTUM OYJ: 0.0203 -> 0.0225
2025-09-15 18:27:12,387 - Review.reviews.sectorial_review - INFO -   HERA: 0.0090 -> 0.0100
2025-09-15 18:27:12,387 - Review.reviews.sectorial_review - INFO -   ITALGAS: 0.0138 -> 0.0153
2025-09-15 18:27:12,387 - Review.reviews.sectorial_review - INFO -   NATURGY ENERGY GROUP: 0.0114 -> 0.0127
2025-09-15 18:27:12,387 - Review.reviews.sectorial_review - INFO -   REDEIA CORP: 0.0199 -> 0.0221
2025-09-15 18:27:12,387 - Review.reviews.sectorial_review - INFO -   RWE AG: 0.0712 -> 0.0790
2025-09-15 18:27:12,390 - Review.reviews.sectorial_review - INFO -   TERNA: 0.0354 -> 0.0393
2025-09-15 18:27:12,390 - Review.reviews.sectorial_review - INFO -   VEOLIA ENVIRON.: 0.0575 -> 0.0639
2025-09-15 18:27:12,390 - Review.reviews.sectorial_review - INFO -   VERBUND AG: 0.0122 -> 0.0136
2025-09-15 18:27:12,390 - Review.reviews.sectorial_review - INFO - Total weight after capping for UTIL: 1.000000
2025-09-15 18:27:12,391 - Review.reviews.sectorial_review - INFO - Maximum individual weight for UTIL: 0.200000 (cap: 0.200000)
2025-09-15 18:27:12,391 - Review.reviews.sectorial_review - INFO - Index market cap for UTIL: 303,560,793,386
2025-09-15 18:27:12,391 - Review.reviews.sectorial_review - INFO - Sum of selected companies market cap: 338,034,296,609
2025-09-15 18:27:12,391 - Review.reviews.sectorial_review - INFO - Coverage ratio (selected/index): 1.1136
2025-09-15 18:27:12,398 - Review.reviews.sectorial_review - INFO - Processing BASM...
2025-09-15 18:27:12,403 - Review.reviews.sectorial_review - INFO - Total weight before capping for BASM: 1.00000000
2025-09-15 18:27:12,409 - Review.reviews.sectorial_review - INFO - Scaled capping factors for BASM (max factor was 1.612060)
2025-09-15 18:27:12,410 - Review.reviews.sectorial_review - INFO - Capping factors now range from 0.273180 to 1.000000
2025-09-15 18:27:12,411 - Review.reviews.sectorial_review - INFO - Capped 1 companies to 20% in BASM:
2025-09-15 18:27:12,411 - Review.reviews.sectorial_review - INFO -   AIR LIQUIDE: 0.4542 -> 0.2000
2025-09-15 18:27:12,412 - Review.reviews.sectorial_review - INFO - Boosted 14 companies due to redistribution in BASM:
2025-09-15 18:27:12,412 - Review.reviews.sectorial_review - INFO -   AKZO NOBEL: 0.0464 -> 0.0747
2025-09-15 18:27:12,413 - Review.reviews.sectorial_review - INFO -   ARCELORMITTAL SA: 0.0559 -> 0.0901
2025-09-15 18:27:12,413 - Review.reviews.sectorial_review - INFO -   ARKEMA: 0.0149 -> 0.0241
2025-09-15 18:27:12,413 - Review.reviews.sectorial_review - INFO -   AURUBIS AG: 0.0119 -> 0.0192
2025-09-15 18:27:12,414 - Review.reviews.sectorial_review - INFO -   BASF: 0.1737 -> 0.2000
2025-09-15 18:27:12,414 - Review.reviews.sectorial_review - INFO -   BRENNTAG SE: 0.0275 -> 0.0443
2025-09-15 18:27:12,414 - Review.reviews.sectorial_review - INFO -   EVONIK INDUSTRIES AG: 0.0181 -> 0.0291
2025-09-15 18:27:12,416 - Review.reviews.sectorial_review - INFO -   IMCD: 0.0228 -> 0.0368
2025-09-15 18:27:12,416 - Review.reviews.sectorial_review - INFO -   STORA ENSO OYJ: 0.0258 -> 0.0416
2025-09-15 18:27:12,416 - Review.reviews.sectorial_review - INFO -   SYENSQO: 0.0232 -> 0.0375
2025-09-15 18:27:12,417 - Review.reviews.sectorial_review - INFO -   SYMRISE AG: 0.0472 -> 0.0761
2025-09-15 18:27:12,417 - Review.reviews.sectorial_review - INFO -   UMICORE: 0.0108 -> 0.0174
2025-09-15 18:27:12,417 - Review.reviews.sectorial_review - INFO -   UPM-KYMMENE OYJ: 0.0541 -> 0.0872
2025-09-15 18:27:12,418 - Review.reviews.sectorial_review - INFO -   VOESTALPINE AG: 0.0137 -> 0.0221
2025-09-15 18:27:12,418 - Review.reviews.sectorial_review - INFO - Total weight after capping for BASM: 1.000000
2025-09-15 18:27:12,418 - Review.reviews.sectorial_review - INFO - Maximum individual weight for BASM: 0.200000 (cap: 0.200000)
2025-09-15 18:27:12,419 - Review.reviews.sectorial_review - INFO - Index market cap for BASM: 143,598,901,066
2025-09-15 18:27:12,419 - Review.reviews.sectorial_review - INFO - Sum of selected companies market cap: 225,761,292,848
2025-09-15 18:27:12,419 - Review.reviews.sectorial_review - INFO - Coverage ratio (selected/index): 1.5722
2025-09-15 18:27:12,426 - Review.reviews.sectorial_review - INFO - Processing FINA...
2025-09-15 18:27:12,429 - Review.reviews.sectorial_review - INFO - Total weight before capping for FINA: 1.00000000
2025-09-15 18:27:12,431 - Review.reviews.sectorial_review - INFO - Scaled capping factors for FINA (max factor was 1.000000)
2025-09-15 18:27:12,431 - Review.reviews.sectorial_review - INFO - Capping factors now range from 1.000000 to 1.000000
2025-09-15 18:27:12,433 - Review.reviews.sectorial_review - INFO - Total weight after capping for FINA: 1.000000
2025-09-15 18:27:12,433 - Review.reviews.sectorial_review - INFO - Maximum individual weight for FINA: 0.092476 (cap: 0.200000)
2025-09-15 18:27:12,433 - Review.reviews.sectorial_review - INFO - Index market cap for FINA: 1,509,885,471,966
2025-09-15 18:27:12,433 - Review.reviews.sectorial_review - INFO - Sum of selected companies market cap: 1,480,346,716,203
2025-09-15 18:27:12,433 - Review.reviews.sectorial_review - INFO - Coverage ratio (selected/index): 0.9804
2025-09-15 18:27:12,442 - Review.reviews.sectorial_review - INFO - Processing CSTA...
2025-09-15 18:27:12,444 - Review.reviews.sectorial_review - INFO - Total weight before capping for CSTA: 1.00000000
2025-09-15 18:27:12,448 - Review.reviews.sectorial_review - INFO - Scaled capping factors for CSTA (max factor was 1.276999)
2025-09-15 18:27:12,448 - Review.reviews.sectorial_review - INFO - Capping factors now range from 0.419288 to 1.000000
2025-09-15 18:27:12,448 - Review.reviews.sectorial_review - INFO - Capped 1 companies to 20% in CSTA:
2025-09-15 18:27:12,451 - Review.reviews.sectorial_review - INFO -   UNILEVER: 0.3735 -> 0.2000
2025-09-15 18:27:12,451 - Review.reviews.sectorial_review - INFO - Boosted 15 companies due to redistribution in CSTA:
2025-09-15 18:27:12,451 - Review.reviews.sectorial_review - INFO -   AB INBEV: 0.1305 -> 0.1667
2025-09-15 18:27:12,451 - Review.reviews.sectorial_review - INFO -   AHOLD DEL: 0.0823 -> 0.1051
2025-09-15 18:27:12,452 - Review.reviews.sectorial_review - INFO -   BEIERSDORF AG: 0.0212 -> 0.0270
2025-09-15 18:27:12,452 - Review.reviews.sectorial_review - INFO -   CAMPARI: 0.0091 -> 0.0116
2025-09-15 18:27:12,452 - Review.reviews.sectorial_review - INFO -   CARREFOUR: 0.0201 -> 0.0257
2025-09-15 18:27:12,452 - Review.reviews.sectorial_review - INFO -   DANONE: 0.1276 -> 0.1629
2025-09-15 18:27:12,452 - Review.reviews.sectorial_review - INFO -   DSM FIRMENICH AG: 0.0452 -> 0.0577
2025-09-15 18:27:12,452 - Review.reviews.sectorial_review - INFO -   GLANBIA PLC: 0.0070 -> 0.0089
2025-09-15 18:27:12,453 - Review.reviews.sectorial_review - INFO -   HEINEKEN: 0.0502 -> 0.0641
2025-09-15 18:27:12,453 - Review.reviews.sectorial_review - INFO -   J.MARTINS,SGPS: 0.0162 -> 0.0207
2025-09-15 18:27:12,453 - Review.reviews.sectorial_review - INFO -   JDE PEET'S: 0.0121 -> 0.0154
2025-09-15 18:27:12,453 - Review.reviews.sectorial_review - INFO -   KERRY GROUP PLC: 0.0342 -> 0.0437
2025-09-15 18:27:12,454 - Review.reviews.sectorial_review - INFO -   KESKO B: 0.0137 -> 0.0174
2025-09-15 18:27:12,454 - Review.reviews.sectorial_review - INFO -   LOTUS BAKERIES: 0.0090 -> 0.0115
2025-09-15 18:27:12,454 - Review.reviews.sectorial_review - INFO -   PERNOD RICARD: 0.0482 -> 0.0615
2025-09-15 18:27:12,454 - Review.reviews.sectorial_review - INFO - Total weight after capping for CSTA: 1.000000
2025-09-15 18:27:12,454 - Review.reviews.sectorial_review - INFO - Maximum individual weight for CSTA: 0.200000 (cap: 0.200000)
2025-09-15 18:27:12,454 - Review.reviews.sectorial_review - INFO - Index market cap for CSTA: 301,937,412,117
2025-09-15 18:27:12,455 - Review.reviews.sectorial_review - INFO - Sum of selected companies market cap: 378,645,148,592
2025-09-15 18:27:12,455 - Review.reviews.sectorial_review - INFO - Coverage ratio (selected/index): 1.2541
2025-09-15 18:27:12,459 - Review.reviews.sectorial_review - INFO - Processing TELEP...
2025-09-15 18:27:12,463 - Review.reviews.sectorial_review - INFO - Total weight before capping for TELEP: 1.00000000
2025-09-15 18:27:12,468 - Review.reviews.sectorial_review - INFO - Scaled capping factors for TELEP (max factor was 1.523975)
2025-09-15 18:27:12,468 - Review.reviews.sectorial_review - INFO - Capping factors now range from 0.276253 to 1.000000
2025-09-15 18:27:12,471 - Review.reviews.sectorial_review - INFO - Capped 1 companies to 20% in TELEP:
2025-09-15 18:27:12,472 - Review.reviews.sectorial_review - INFO -   DEUTSCHE TELEKOM AG: 0.4751 -> 0.2000
2025-09-15 18:27:12,472 - Review.reviews.sectorial_review - INFO - Boosted 9 companies due to redistribution in TELEP:
2025-09-15 18:27:12,473 - Review.reviews.sectorial_review - INFO -   CELLNEX TELECOM: 0.0844 -> 0.1286
2025-09-15 18:27:12,474 - Review.reviews.sectorial_review - INFO -   ELISA OYJ: 0.0325 -> 0.0495
2025-09-15 18:27:12,474 - Review.reviews.sectorial_review - INFO -   FREENET AG: 0.0152 -> 0.0232
2025-09-15 18:27:12,474 - Review.reviews.sectorial_review - INFO -   INWIT: 0.0131 -> 0.0199
2025-09-15 18:27:12,475 - Review.reviews.sectorial_review - INFO -   KPN KON: 0.0763 -> 0.1163
2025-09-15 18:27:12,475 - Review.reviews.sectorial_review - INFO -   NOKIA: 0.0915 -> 0.1394
2025-09-15 18:27:12,475 - Review.reviews.sectorial_review - INFO -   ORANGE: 0.1108 -> 0.1689
2025-09-15 18:27:12,475 - Review.reviews.sectorial_review - INFO -   TELECOM ITALIA: 0.0235 -> 0.0358
2025-09-15 18:27:12,476 - Review.reviews.sectorial_review - INFO -   TELEFONICA: 0.0777 -> 0.1184
2025-09-15 18:27:12,476 - Review.reviews.sectorial_review - INFO - Total weight after capping for TELEP: 1.000000
2025-09-15 18:27:12,476 - Review.reviews.sectorial_review - INFO - Maximum individual weight for TELEP: 0.200000 (cap: 0.200000)
2025-09-15 18:27:12,476 - Review.reviews.sectorial_review - INFO - Index market cap for TELEP: 143,362,052,346
2025-09-15 18:27:12,476 - Review.reviews.sectorial_review - INFO - Sum of selected companies market cap: 216,907,304,566
2025-09-15 18:27:12,476 - Review.reviews.sectorial_review - INFO - Coverage ratio (selected/index): 1.5130
2025-09-15 18:27:12,476 - Review.reviews.sectorial_review - INFO - Processing HEAC...
2025-09-15 18:27:12,487 - Review.reviews.sectorial_review - INFO - Total weight before capping for HEAC: 1.00000000
2025-09-15 18:27:12,491 - Review.reviews.sectorial_review - INFO - Scaled capping factors for HEAC (max factor was 1.075719)
2025-09-15 18:27:12,491 - Review.reviews.sectorial_review - INFO - Capping factors now range from 0.803807 to 1.000000
2025-09-15 18:27:12,492 - Review.reviews.sectorial_review - INFO - Capped 2 companies to 20% in HEAC:
2025-09-15 18:27:12,492 - Review.reviews.sectorial_review - INFO -   ESSILORLUXOTTICA: 0.2109 -> 0.2000
2025-09-15 18:27:12,492 - Review.reviews.sectorial_review - INFO -   SANOFI: 0.2313 -> 0.2000
2025-09-15 18:27:12,494 - Review.reviews.sectorial_review - INFO - Boosted 20 companies due to redistribution in HEAC:
2025-09-15 18:27:12,494 - Review.reviews.sectorial_review - INFO -   ABIVAX: 0.0079 -> 0.0085
2025-09-15 18:27:12,494 - Review.reviews.sectorial_review - INFO -   AMPLIFON: 0.0051 -> 0.0055
2025-09-15 18:27:12,494 - Review.reviews.sectorial_review - INFO -   ARGENX SE: 0.0969 -> 0.1043
2025-09-15 18:27:12,494 - Review.reviews.sectorial_review - INFO -   BAYER AG: 0.0678 -> 0.0729
2025-09-15 18:27:12,495 - Review.reviews.sectorial_review - INFO -   BIOMERIEUX: 0.0134 -> 0.0144
2025-09-15 18:27:12,495 - Review.reviews.sectorial_review - INFO -   DIASORIN: 0.0049 -> 0.0053
2025-09-15 18:27:12,495 - Review.reviews.sectorial_review - INFO -   EUROFINS SCIENT.: 0.0186 -> 0.0200
2025-09-15 18:27:12,495 - Review.reviews.sectorial_review - INFO -   FRESENIUS MEDICAL: 0.0215 -> 0.0231
2025-09-15 18:27:12,495 - Review.reviews.sectorial_review - INFO -   FRESENIUS SE & CO: 0.0483 -> 0.0520
2025-09-15 18:27:12,496 - Review.reviews.sectorial_review - INFO -   GRIFOLS SA: 0.0088 -> 0.0095
2025-09-15 18:27:12,496 - Review.reviews.sectorial_review - INFO -   IPSEN: 0.0098 -> 0.0105
2025-09-15 18:27:12,496 - Review.reviews.sectorial_review - INFO -   MERCK KGA: 0.0339 -> 0.0365
2025-09-15 18:27:12,496 - Review.reviews.sectorial_review - INFO -   ORION OYJ CLASS B: 0.0183 -> 0.0197
2025-09-15 18:27:12,496 - Review.reviews.sectorial_review - INFO -   PHILIPS KON: 0.0455 -> 0.0490
2025-09-15 18:27:12,496 - Review.reviews.sectorial_review - INFO -   QIAGEN NV: 0.0207 -> 0.0223
2025-09-15 18:27:12,497 - Review.reviews.sectorial_review - INFO -   RECORDATI ORD: 0.0152 -> 0.0164
2025-09-15 18:27:12,497 - Review.reviews.sectorial_review - INFO -   SARTORIUS AG PREF: 0.0115 -> 0.0124
2025-09-15 18:27:12,497 - Review.reviews.sectorial_review - INFO -   SARTORIUS STED BIO: 0.0122 -> 0.0131
2025-09-15 18:27:12,497 - Review.reviews.sectorial_review - INFO -   SIEMENS HEALTHINEERS: 0.0330 -> 0.0355
2025-09-15 18:27:12,497 - Review.reviews.sectorial_review - INFO -   UCB: 0.0645 -> 0.0693
2025-09-15 18:27:12,498 - Review.reviews.sectorial_review - INFO - Total weight after capping for HEAC: 1.000000
2025-09-15 18:27:12,498 - Review.reviews.sectorial_review - INFO - Maximum individual weight for HEAC: 0.200000 (cap: 0.200000)
2025-09-15 18:27:12,498 - Review.reviews.sectorial_review - INFO - Index market cap for HEAC: 366,996,947,677
2025-09-15 18:27:12,498 - Review.reviews.sectorial_review - INFO - Sum of selected companies market cap: 406,844,219,848
2025-09-15 18:27:12,498 - Review.reviews.sectorial_review - INFO - Coverage ratio (selected/index): 1.1086
2025-09-15 18:27:12,499 - Review.reviews.sectorial_review - INFO - Processing INDU...
2025-09-15 18:27:12,505 - Review.reviews.sectorial_review - INFO - Total weight before capping for INDU: 1.00000000
2025-09-15 18:27:12,506 - Review.reviews.sectorial_review - INFO - Scaled capping factors for INDU (max factor was 1.000000)
2025-09-15 18:27:12,506 - Review.reviews.sectorial_review - INFO - Capping factors now range from 1.000000 to 1.000000
2025-09-15 18:27:12,507 - Review.reviews.sectorial_review - INFO - Total weight after capping for INDU: 1.000000
2025-09-15 18:27:12,507 - Review.reviews.sectorial_review - INFO - Maximum individual weight for INDU: 0.135524 (cap: 0.200000)
2025-09-15 18:27:12,508 - Review.reviews.sectorial_review - INFO - Index market cap for INDU: 1,256,378,275,305
2025-09-15 18:27:12,508 - Review.reviews.sectorial_review - INFO - Sum of selected companies market cap: 1,281,680,847,538
2025-09-15 18:27:12,508 - Review.reviews.sectorial_review - INFO - Coverage ratio (selected/index): 1.0201
2025-09-15 18:27:12,510 - Review.reviews.sectorial_review - INFO - Processing CDIS...
2025-09-15 18:27:12,514 - Review.reviews.sectorial_review - INFO - Total weight before capping for CDIS: 1.00000000
2025-09-15 18:27:12,515 - Review.reviews.sectorial_review - INFO - Scaled capping factors for CDIS (max factor was 1.000000)
2025-09-15 18:27:12,515 - Review.reviews.sectorial_review - INFO - Capping factors now range from 1.000000 to 1.000000
2025-09-15 18:27:12,516 - Review.reviews.sectorial_review - INFO - Total weight after capping for CDIS: 1.000000
2025-09-15 18:27:12,516 - Review.reviews.sectorial_review - INFO - Maximum individual weight for CDIS: 0.167287 (cap: 0.200000)
2025-09-15 18:27:12,516 - Review.reviews.sectorial_review - INFO - Index market cap for CDIS: 779,845,767,185
2025-09-15 18:27:12,516 - Review.reviews.sectorial_review - INFO - Sum of selected companies market cap: 733,454,135,604
2025-09-15 18:27:12,517 - Review.reviews.sectorial_review - INFO - Coverage ratio (selected/index): 0.9405
2025-09-15 18:27:12,519 - Review.reviews.sectorial_review - INFO - Processing TBMA...
2025-09-15 18:27:12,522 - Review.reviews.sectorial_review - INFO - Total weight before capping for TBMA: 1.00000000
2025-09-15 18:27:12,527 - Review.reviews.sectorial_review - INFO - Scaled capping factors for TBMA (max factor was 1.042516)
2025-09-15 18:27:12,527 - Review.reviews.sectorial_review - INFO - Capping factors now range from 0.824686 to 1.000000
2025-09-15 18:27:12,528 - Review.reviews.sectorial_review - INFO - Capped 1 companies to 20% in TBMA:
2025-09-15 18:27:12,528 - Review.reviews.sectorial_review - INFO -   AIR LIQUIDE: 0.2326 -> 0.2000
2025-09-15 18:27:12,528 - Review.reviews.sectorial_review - INFO - Boosted 27 companies due to redistribution in TBMA:
2025-09-15 18:27:12,528 - Review.reviews.sectorial_review - INFO -   AKZO NOBEL: 0.0237 -> 0.0248
2025-09-15 18:27:12,528 - Review.reviews.sectorial_review - INFO -   ANGLO AMERICAN PLC: 0.0790 -> 0.0823
2025-09-15 18:27:12,528 - Review.reviews.sectorial_review - INFO -   ANTOFAGASTA PLC: 0.0231 -> 0.0240
2025-09-15 18:27:12,528 - Review.reviews.sectorial_review - INFO -   ARCELORMITTAL SA: 0.0286 -> 0.0298
2025-09-15 18:27:12,528 - Review.reviews.sectorial_review - INFO -   ARKEMA: 0.0076 -> 0.0080
2025-09-15 18:27:12,528 - Review.reviews.sectorial_review - INFO -   BASF: 0.0889 -> 0.0927
2025-09-15 18:27:12,528 - Review.reviews.sectorial_review - INFO -   BOLIDEN AB: 0.0198 -> 0.0207
2025-09-15 18:27:12,530 - Review.reviews.sectorial_review - INFO -   BRENNTAG SE: 0.0141 -> 0.0147
2025-09-15 18:27:12,530 - Review.reviews.sectorial_review - INFO -   CRODA INTERNATIONAL: 0.0082 -> 0.0086
2025-09-15 18:27:12,530 - Review.reviews.sectorial_review - INFO -   EMS-CHEMIE HOLDING: 0.0102 -> 0.0107
2025-09-15 18:27:12,530 - Review.reviews.sectorial_review - INFO -   EVONIK INDUSTRIES AG: 0.0093 -> 0.0096
2025-09-15 18:27:12,530 - Review.reviews.sectorial_review - INFO -   FRESNILLO PLC: 0.0104 -> 0.0109
2025-09-15 18:27:12,530 - Review.reviews.sectorial_review - INFO -   GIVAUDAN SA: 0.0688 -> 0.0718
2025-09-15 18:27:12,530 - Review.reviews.sectorial_review - INFO -   GLENCORE PLC: 0.0758 -> 0.0790
2025-09-15 18:27:12,531 - Review.reviews.sectorial_review - INFO -   IMCD: 0.0117 -> 0.0122
2025-09-15 18:27:12,531 - Review.reviews.sectorial_review - INFO -   JOHNSON MATTHEY PLC: 0.0084 -> 0.0088
2025-09-15 18:27:12,531 - Review.reviews.sectorial_review - INFO -   NORSK HYDRO: 0.0168 -> 0.0176
2025-09-15 18:27:12,531 - Review.reviews.sectorial_review - INFO -   RIO TINTO PLC: 0.1287 -> 0.1342
2025-09-15 18:27:12,531 - Review.reviews.sectorial_review - INFO -   SKF: 0.0176 -> 0.0184
2025-09-15 18:27:12,531 - Review.reviews.sectorial_review - INFO -   SSAB AB CLASS B: 0.0065 -> 0.0068
2025-09-15 18:27:12,532 - Review.reviews.sectorial_review - INFO -   STORA ENSO OYJ: 0.0132 -> 0.0138
2025-09-15 18:27:12,532 - Review.reviews.sectorial_review - INFO -   SVENSKA CELLULOSA B: 0.0139 -> 0.0145
2025-09-15 18:27:12,532 - Review.reviews.sectorial_review - INFO -   SYENSQO: 0.0119 -> 0.0124
2025-09-15 18:27:12,532 - Review.reviews.sectorial_review - INFO -   SYMRISE AG: 0.0242 -> 0.0252
2025-09-15 18:27:12,532 - Review.reviews.sectorial_review - INFO -   UPM-KYMMENE OYJ: 0.0277 -> 0.0289
2025-09-15 18:27:12,533 - Review.reviews.sectorial_review - INFO -   VOESTALPINE AG: 0.0070 -> 0.0073
2025-09-15 18:27:12,533 - Review.reviews.sectorial_review - INFO -   YARA INTERNATIONAL: 0.0120 -> 0.0125
2025-09-15 18:27:12,533 - Review.reviews.sectorial_review - INFO - Total weight after capping for TBMA: 1.000000
2025-09-15 18:27:12,533 - Review.reviews.sectorial_review - INFO - Maximum individual weight for TBMA: 0.200000 (cap: 0.200000)
2025-09-15 18:27:12,533 - Review.reviews.sectorial_review - INFO - Index market cap for TBMA: 1,030,218,803,075
2025-09-15 18:27:12,533 - Review.reviews.sectorial_review - INFO - Sum of selected companies market cap: 440,749,125,405
2025-09-15 18:27:12,534 - Review.reviews.sectorial_review - INFO - Coverage ratio (selected/index): 0.4278
2025-09-15 18:27:12,534 - Review.reviews.sectorial_review - INFO - Processing TCDI...
2025-09-15 18:27:12,539 - Review.reviews.sectorial_review - INFO - Total weight before capping for TCDI: 1.00000000
2025-09-15 18:27:12,540 - Review.reviews.sectorial_review - INFO - Scaled capping factors for TCDI (max factor was 1.000000)
2025-09-15 18:27:12,540 - Review.reviews.sectorial_review - INFO - Capping factors now range from 1.000000 to 1.000000
2025-09-15 18:27:12,541 - Review.reviews.sectorial_review - INFO - Total weight after capping for TCDI: 1.000000
2025-09-15 18:27:12,541 - Review.reviews.sectorial_review - INFO - Maximum individual weight for TCDI: 0.119382 (cap: 0.200000)
2025-09-15 18:27:12,541 - Review.reviews.sectorial_review - INFO - Index market cap for TCDI: 7,876,709,557,668
2025-09-15 18:27:12,541 - Review.reviews.sectorial_review - INFO - Sum of selected companies market cap: 1,027,767,190,766
2025-09-15 18:27:12,542 - Review.reviews.sectorial_review - INFO - Coverage ratio (selected/index): 0.1305
2025-09-15 18:27:12,544 - Review.reviews.sectorial_review - INFO - Processing TCST...
2025-09-15 18:27:12,547 - Review.reviews.sectorial_review - INFO - Total weight before capping for TCST: 1.00000000
2025-09-15 18:27:12,550 - Review.reviews.sectorial_review - INFO - Scaled capping factors for TCST (max factor was 1.021468)
2025-09-15 18:27:12,550 - Review.reviews.sectorial_review - INFO - Capping factors now range from 0.903065 to 1.000000
2025-09-15 18:27:12,551 - Review.reviews.sectorial_review - INFO - Capped 1 companies to 20% in TCST:
2025-09-15 18:27:12,551 - Review.reviews.sectorial_review - INFO -   NESTLE SA: 0.2168 -> 0.2000
2025-09-15 18:27:12,551 - Review.reviews.sectorial_review - INFO - Boosted 34 companies due to redistribution in TCST:
2025-09-15 18:27:12,551 - Review.reviews.sectorial_review - INFO -   AAK AB: 0.0046 -> 0.0047
2025-09-15 18:27:12,552 - Review.reviews.sectorial_review - INFO -   AB INBEV: 0.0532 -> 0.0544
2025-09-15 18:27:12,552 - Review.reviews.sectorial_review - INFO -   AHOLD DEL: 0.0336 -> 0.0343
2025-09-15 18:27:12,552 - Review.reviews.sectorial_review - INFO -   ASSOC. BRITISH FOODS: 0.0070 -> 0.0072
2025-09-15 18:27:12,552 - Review.reviews.sectorial_review - INFO -   AXFOOD AB: 0.0032 -> 0.0033
2025-09-15 18:27:12,552 - Review.reviews.sectorial_review - INFO -   BARRY CALLEBAUT AG: 0.0051 -> 0.0052
2025-09-15 18:27:12,552 - Review.reviews.sectorial_review - INFO -   BEIERSDORF AG: 0.0086 -> 0.0088
2025-09-15 18:27:12,552 - Review.reviews.sectorial_review - INFO -   BRIT. AMERC. TOBACCO: 0.1022 -> 0.1044
2025-09-15 18:27:12,552 - Review.reviews.sectorial_review - INFO -   CAMPARI: 0.0037 -> 0.0038
2025-09-15 18:27:12,552 - Review.reviews.sectorial_review - INFO -   CARLSBERG A/S CL. B: 0.0104 -> 0.0107
2025-09-15 18:27:12,553 - Review.reviews.sectorial_review - INFO -   CARREFOUR: 0.0082 -> 0.0084
2025-09-15 18:27:12,553 - Review.reviews.sectorial_review - INFO -   COCA-COLA HBC AG-CDI: 0.0093 -> 0.0095
2025-09-15 18:27:12,553 - Review.reviews.sectorial_review - INFO -   DANONE: 0.0521 -> 0.0532
2025-09-15 18:27:12,553 - Review.reviews.sectorial_review - INFO -   DIAGEO: 0.0518 -> 0.0529
2025-09-15 18:27:12,553 - Review.reviews.sectorial_review - INFO -   DSM FIRMENICH AG: 0.0184 -> 0.0188
2025-09-15 18:27:12,553 - Review.reviews.sectorial_review - INFO -   ESSITY CLASS B: 0.0142 -> 0.0145
2025-09-15 18:27:12,553 - Review.reviews.sectorial_review - INFO -   GALENICA AG: 0.0051 -> 0.0052
2025-09-15 18:27:12,553 - Review.reviews.sectorial_review - INFO -   HEINEKEN: 0.0205 -> 0.0209
2025-09-15 18:27:12,553 - Review.reviews.sectorial_review - INFO -   IMPERIAL BRANDS PLC: 0.0305 -> 0.0312
2025-09-15 18:27:12,554 - Review.reviews.sectorial_review - INFO -   J SAINSBURY PLC: 0.0066 -> 0.0067
2025-09-15 18:27:12,554 - Review.reviews.sectorial_review - INFO -   J.MARTINS,SGPS: 0.0066 -> 0.0067
2025-09-15 18:27:12,554 - Review.reviews.sectorial_review - INFO -   JDE PEET'S: 0.0049 -> 0.0050
2025-09-15 18:27:12,554 - Review.reviews.sectorial_review - INFO -   KERRY GROUP PLC: 0.0139 -> 0.0142
2025-09-15 18:27:12,554 - Review.reviews.sectorial_review - INFO -   KESKO B: 0.0056 -> 0.0057
2025-09-15 18:27:12,554 - Review.reviews.sectorial_review - INFO -   LINDT & SPRUENGLI PT: 0.0145 -> 0.0148
2025-09-15 18:27:12,554 - Review.reviews.sectorial_review - INFO -   LOTUS BAKERIES: 0.0037 -> 0.0037
2025-09-15 18:27:12,554 - Review.reviews.sectorial_review - INFO -   MARKS AND SPENCER: 0.0087 -> 0.0089
2025-09-15 18:27:12,555 - Review.reviews.sectorial_review - INFO -   MOWI: 0.0088 -> 0.0090
2025-09-15 18:27:12,555 - Review.reviews.sectorial_review - INFO -   ORKLA: 0.0079 -> 0.0081
2025-09-15 18:27:12,555 - Review.reviews.sectorial_review - INFO -   PERNOD RICARD: 0.0197 -> 0.0201
2025-09-15 18:27:12,555 - Review.reviews.sectorial_review - INFO -   RECKITT BENCKISER GR: 0.0487 -> 0.0498
2025-09-15 18:27:12,555 - Review.reviews.sectorial_review - INFO -   SALMAR: 0.0038 -> 0.0039
2025-09-15 18:27:12,555 - Review.reviews.sectorial_review - INFO -   TESCO: 0.0357 -> 0.0365
2025-09-15 18:27:12,555 - Review.reviews.sectorial_review - INFO -   UNILEVER: 0.1524 -> 0.1556
2025-09-15 18:27:12,555 - Review.reviews.sectorial_review - INFO - Total weight after capping for TCST: 1.000000
2025-09-15 18:27:12,556 - Review.reviews.sectorial_review - INFO - Maximum individual weight for TCST: 0.200000 (cap: 0.200000)
2025-09-15 18:27:12,556 - Review.reviews.sectorial_review - INFO - Index market cap for TCST: 2,742,122,071,484
2025-09-15 18:27:12,556 - Review.reviews.sectorial_review - INFO - Sum of selected companies market cap: 928,249,593,076
2025-09-15 18:27:12,556 - Review.reviews.sectorial_review - INFO - Coverage ratio (selected/index): 0.3385
2025-09-15 18:27:12,564 - Review.reviews.sectorial_review - INFO - Processing TENR...
2025-09-15 18:27:12,564 - Review.reviews.sectorial_review - INFO - Total weight before capping for TENR: 1.00000000
2025-09-15 18:27:12,564 - Review.reviews.sectorial_review - INFO - Scaled capping factors for TENR (max factor was 1.202727)
2025-09-15 18:27:12,564 - Review.reviews.sectorial_review - INFO - Capping factors now range from 0.525562 to 1.000000
2025-09-15 18:27:12,572 - Review.reviews.sectorial_review - INFO - Capped 1 companies to 20% in TENR:
2025-09-15 18:27:12,572 - Review.reviews.sectorial_review - INFO -   SHELL PLC: 0.3164 -> 0.2000
2025-09-15 18:27:12,572 - Review.reviews.sectorial_review - INFO - Boosted 18 companies due to redistribution in TENR:
2025-09-15 18:27:12,572 - Review.reviews.sectorial_review - INFO -   AKER BP: 0.0115 -> 0.0138
2025-09-15 18:27:12,572 - Review.reviews.sectorial_review - INFO -   BP P.L.C.: 0.1326 -> 0.1595
2025-09-15 18:27:12,573 - Review.reviews.sectorial_review - INFO -   ENAGAS: 0.0054 -> 0.0065
2025-09-15 18:27:12,573 - Review.reviews.sectorial_review - INFO -   ENI: 0.0566 -> 0.0681
2025-09-15 18:27:12,573 - Review.reviews.sectorial_review - INFO -   EQUINOR: 0.0322 -> 0.0387
2025-09-15 18:27:12,573 - Review.reviews.sectorial_review - INFO -   GALP ENERGIA-NOM: 0.0116 -> 0.0139
2025-09-15 18:27:12,573 - Review.reviews.sectorial_review - INFO -   GTT: 0.0102 -> 0.0123
2025-09-15 18:27:12,574 - Review.reviews.sectorial_review - INFO -   NESTE OIL OYJ: 0.0121 -> 0.0146
2025-09-15 18:27:12,574 - Review.reviews.sectorial_review - INFO -   OMV AG: 0.0118 -> 0.0142
2025-09-15 18:27:12,574 - Review.reviews.sectorial_review - INFO -   REPSOL: 0.0291 -> 0.0350
2025-09-15 18:27:12,575 - Review.reviews.sectorial_review - INFO -   SAIPEM: 0.0053 -> 0.0064
2025-09-15 18:27:12,575 - Review.reviews.sectorial_review - INFO -   SIEMENS ENERGY AG: 0.1093 -> 0.1314
2025-09-15 18:27:12,575 - Review.reviews.sectorial_review - INFO -   SNAM: 0.0179 -> 0.0215
2025-09-15 18:27:12,576 - Review.reviews.sectorial_review - INFO -   SUBSEA 7: 0.0068 -> 0.0081
2025-09-15 18:27:12,576 - Review.reviews.sectorial_review - INFO -   TECHNIP ENERGIES: 0.0095 -> 0.0115
2025-09-15 18:27:12,576 - Review.reviews.sectorial_review - INFO -   TENARIS: 0.0100 -> 0.0120
2025-09-15 18:27:12,576 - Review.reviews.sectorial_review - INFO -   TOTALENERGIES: 0.1847 -> 0.2000
2025-09-15 18:27:12,576 - Review.reviews.sectorial_review - INFO -   VESTAS WIND SYSTEMS: 0.0269 -> 0.0324
2025-09-15 18:27:12,576 - Review.reviews.sectorial_review - INFO - Total weight after capping for TENR: 1.000000
2025-09-15 18:27:12,576 - Review.reviews.sectorial_review - INFO - Maximum individual weight for TENR: 0.200000 (cap: 0.200000)
2025-09-15 18:27:12,576 - Review.reviews.sectorial_review - INFO - Index market cap for TENR: 2,130,102,858,206
2025-09-15 18:27:12,576 - Review.reviews.sectorial_review - INFO - Sum of selected companies market cap: 579,254,250,645
2025-09-15 18:27:12,576 - Review.reviews.sectorial_review - INFO - Coverage ratio (selected/index): 0.2719
2025-09-15 18:27:12,578 - Review.reviews.sectorial_review - INFO - Processing TFINP...
2025-09-15 18:27:12,583 - Review.reviews.sectorial_review - INFO - Total weight before capping for TFINP: 1.00000000
2025-09-15 18:27:12,585 - Review.reviews.sectorial_review - INFO - Scaled capping factors for TFINP (max factor was 1.000000)
2025-09-15 18:27:12,585 - Review.reviews.sectorial_review - INFO - Capping factors now range from 1.000000 to 1.000000
2025-09-15 18:27:12,586 - Review.reviews.sectorial_review - INFO - Total weight after capping for TFINP: 1.000000
2025-09-15 18:27:12,586 - Review.reviews.sectorial_review - INFO - Maximum individual weight for TFINP: 0.069354 (cap: 0.200000)
2025-09-15 18:27:12,586 - Review.reviews.sectorial_review - INFO - Index market cap for TFINP: 7,676,844,171,546
2025-09-15 18:27:12,586 - Review.reviews.sectorial_review - INFO - Sum of selected companies market cap: 2,622,323,636,621
2025-09-15 18:27:12,586 - Review.reviews.sectorial_review - INFO - Coverage ratio (selected/index): 0.3416
2025-09-15 18:27:12,590 - Review.reviews.sectorial_review - INFO - Processing THEC...
2025-09-15 18:27:12,592 - Review.reviews.sectorial_review - INFO - Total weight before capping for THEC: 1.00000000
2025-09-15 18:27:12,594 - Review.reviews.sectorial_review - INFO - Scaled capping factors for THEC (max factor was 1.000000)
2025-09-15 18:27:12,595 - Review.reviews.sectorial_review - INFO - Capping factors now range from 1.000000 to 1.000000
2025-09-15 18:27:12,595 - Review.reviews.sectorial_review - INFO - Total weight after capping for THEC: 1.000000
2025-09-15 18:27:12,595 - Review.reviews.sectorial_review - INFO - Maximum individual weight for THEC: 0.140549 (cap: 0.200000)
2025-09-15 18:27:12,595 - Review.reviews.sectorial_review - INFO - Index market cap for THEC: 5,495,311,237,296
2025-09-15 18:27:12,596 - Review.reviews.sectorial_review - INFO - Sum of selected companies market cap: 1,510,662,315,800
2025-09-15 18:27:12,596 - Review.reviews.sectorial_review - INFO - Coverage ratio (selected/index): 0.2749
2025-09-15 18:27:12,598 - Review.reviews.sectorial_review - INFO - Processing TIND...
2025-09-15 18:27:12,600 - Review.reviews.sectorial_review - INFO - Total weight before capping for TIND: 1.00000000
2025-09-15 18:27:12,601 - Review.reviews.sectorial_review - INFO - Scaled capping factors for TIND (max factor was 1.000000)
2025-09-15 18:27:12,601 - Review.reviews.sectorial_review - INFO - Capping factors now range from 1.000000 to 1.000000
2025-09-15 18:27:12,602 - Review.reviews.sectorial_review - INFO - Total weight after capping for TIND: 1.000000
2025-09-15 18:27:12,602 - Review.reviews.sectorial_review - INFO - Maximum individual weight for TIND: 0.078818 (cap: 0.200000)
2025-09-15 18:27:12,602 - Review.reviews.sectorial_review - INFO - Index market cap for TIND: 7,586,728,372,540
2025-09-15 18:27:12,602 - Review.reviews.sectorial_review - INFO - Sum of selected companies market cap: 2,203,780,006,498
2025-09-15 18:27:12,602 - Review.reviews.sectorial_review - INFO - Coverage ratio (selected/index): 0.2905
2025-09-15 18:27:12,605 - Review.reviews.sectorial_review - INFO - Processing TTEC...
2025-09-15 18:27:12,608 - Review.reviews.sectorial_review - INFO - Total weight before capping for TTEC: 1.00000000
2025-09-15 18:27:12,614 - Review.reviews.sectorial_review - INFO - Scaled capping factors for TTEC (max factor was 1.411553)
2025-09-15 18:27:12,614 - Review.reviews.sectorial_review - INFO - Capping factors now range from 0.468003 to 1.000000
2025-09-15 18:27:12,618 - Review.reviews.sectorial_review - INFO - Capped 2 companies to 20% in TTEC:
2025-09-15 18:27:12,618 - Review.reviews.sectorial_review - INFO -   ASML HOLDING: 0.3028 -> 0.2000
2025-09-15 18:27:12,618 - Review.reviews.sectorial_review - INFO -   SAP: 0.2722 -> 0.2000
2025-09-15 18:27:12,618 - Review.reviews.sectorial_review - INFO - Boosted 19 companies due to redistribution in TTEC:
2025-09-15 18:27:12,618 - Review.reviews.sectorial_review - INFO -   AMADEUS IT GROUP: 0.0341 -> 0.0482
2025-09-15 18:27:12,619 - Review.reviews.sectorial_review - INFO -   ASM INTERNATIONAL: 0.0222 -> 0.0313
2025-09-15 18:27:12,619 - Review.reviews.sectorial_review - INFO -   AUTO TRADER GROUP: 0.0089 -> 0.0125
2025-09-15 18:27:12,619 - Review.reviews.sectorial_review - INFO -   BE SEMICONDUCTOR: 0.0091 -> 0.0128
2025-09-15 18:27:12,619 - Review.reviews.sectorial_review - INFO -   BECHTLE AG: 0.0034 -> 0.0047
2025-09-15 18:27:12,619 - Review.reviews.sectorial_review - INFO -   CAPGEMINI: 0.0201 -> 0.0284
2025-09-15 18:27:12,619 - Review.reviews.sectorial_review - INFO -   DASSAULT SYSTEMES: 0.0206 -> 0.0291
2025-09-15 18:27:12,620 - Review.reviews.sectorial_review - INFO -   HEXAGON AB-B: 0.0229 -> 0.0323
2025-09-15 18:27:12,620 - Review.reviews.sectorial_review - INFO -   INFINEON TECHNOLOGIE: 0.0462 -> 0.0652
2025-09-15 18:27:12,620 - Review.reviews.sectorial_review - INFO -   JUST EAT TAKEAWAY: 0.0040 -> 0.0057
2025-09-15 18:27:12,620 - Review.reviews.sectorial_review - INFO -   LOGITECH INTL SA: 0.0156 -> 0.0220
2025-09-15 18:27:12,620 - Review.reviews.sectorial_review - INFO -   NEMETSCHEK SE: 0.0082 -> 0.0116
2025-09-15 18:27:12,621 - Review.reviews.sectorial_review - INFO -   PROSUS: 0.0796 -> 0.1124
2025-09-15 18:27:12,621 - Review.reviews.sectorial_review - INFO -   RELX: 0.0845 -> 0.1193
2025-09-15 18:27:12,621 - Review.reviews.sectorial_review - INFO -   REPLY: 0.0032 -> 0.0045
2025-09-15 18:27:12,621 - Review.reviews.sectorial_review - INFO -   SAGE GROUP PLC/THE: 0.0133 -> 0.0188
2025-09-15 18:27:12,621 - Review.reviews.sectorial_review - INFO -   SCOUT24 SE: 0.0088 -> 0.0124
2025-09-15 18:27:12,621 - Review.reviews.sectorial_review - INFO -   STMICROELECTRONICS: 0.0158 -> 0.0223
2025-09-15 18:27:12,621 - Review.reviews.sectorial_review - INFO -   TEMENOS AG: 0.0046 -> 0.0065
2025-09-15 18:27:12,622 - Review.reviews.sectorial_review - INFO - Total weight after capping for TTEC: 1.000000
2025-09-15 18:27:12,622 - Review.reviews.sectorial_review - INFO - Maximum individual weight for TTEC: 0.200000 (cap: 0.200000)
2025-09-15 18:27:12,622 - Review.reviews.sectorial_review - INFO - Index market cap for TTEC: 19,889,606,599,798
2025-09-15 18:27:12,622 - Review.reviews.sectorial_review - INFO - Sum of selected companies market cap: 897,322,547,498
2025-09-15 18:27:12,622 - Review.reviews.sectorial_review - INFO - Coverage ratio (selected/index): 0.0451
2025-09-15 18:27:12,625 - Review.reviews.sectorial_review - INFO - Processing TTEL...
2025-09-15 18:27:12,629 - Review.reviews.sectorial_review - INFO - Total weight before capping for TTEL: 1.00000000
2025-09-15 18:27:12,633 - Review.reviews.sectorial_review - INFO - Scaled capping factors for TTEL (max factor was 1.194712)
2025-09-15 18:27:12,633 - Review.reviews.sectorial_review - INFO - Capping factors now range from 0.506699 to 1.000000
2025-09-15 18:27:12,634 - Review.reviews.sectorial_review - INFO - Capped 1 companies to 20% in TTEL:
2025-09-15 18:27:12,634 - Review.reviews.sectorial_review - INFO -   DEUTSCHE TELEKOM AG: 0.3304 -> 0.2000
2025-09-15 18:27:12,634 - Review.reviews.sectorial_review - INFO - Boosted 16 companies due to redistribution in TTEL:
2025-09-15 18:27:12,634 - Review.reviews.sectorial_review - INFO -   BT GROUP PLC: 0.0380 -> 0.0454
2025-09-15 18:27:12,634 - Review.reviews.sectorial_review - INFO -   CELLNEX TELECOM: 0.0587 -> 0.0701
2025-09-15 18:27:12,634 - Review.reviews.sectorial_review - INFO -   ELISA OYJ: 0.0226 -> 0.0270
2025-09-15 18:27:12,634 - Review.reviews.sectorial_review - INFO -   ERICSSON B: 0.0643 -> 0.0768
2025-09-15 18:27:12,634 - Review.reviews.sectorial_review - INFO -   FREENET AG: 0.0106 -> 0.0127
2025-09-15 18:27:12,634 - Review.reviews.sectorial_review - INFO -   KPN KON: 0.0531 -> 0.0634
2025-09-15 18:27:12,634 - Review.reviews.sectorial_review - INFO -   NOKIA: 0.0636 -> 0.0760
2025-09-15 18:27:12,635 - Review.reviews.sectorial_review - INFO -   ORANGE: 0.0771 -> 0.0921
2025-09-15 18:27:12,635 - Review.reviews.sectorial_review - INFO -   SUNRISE COMMUNIC. AG: 0.0114 -> 0.0136
2025-09-15 18:27:12,635 - Review.reviews.sectorial_review - INFO -   SWISSCOM AG: 0.0527 -> 0.0630
2025-09-15 18:27:12,635 - Review.reviews.sectorial_review - INFO -   TELE2 AB CLASS B: 0.0265 -> 0.0317
2025-09-15 18:27:12,635 - Review.reviews.sectorial_review - INFO -   TELECOM ITALIA: 0.0163 -> 0.0195
2025-09-15 18:27:12,635 - Review.reviews.sectorial_review - INFO -   TELEFONICA: 0.0540 -> 0.0646
2025-09-15 18:27:12,635 - Review.reviews.sectorial_review - INFO -   TELENOR: 0.0290 -> 0.0347
2025-09-15 18:27:12,635 - Review.reviews.sectorial_review - INFO -   TELIA COMPANY: 0.0249 -> 0.0297
2025-09-15 18:27:12,635 - Review.reviews.sectorial_review - INFO -   VODAFONE GROUP: 0.0668 -> 0.0798
2025-09-15 18:27:12,636 - Review.reviews.sectorial_review - INFO - Total weight after capping for TTEL: 1.000000
2025-09-15 18:27:12,636 - Review.reviews.sectorial_review - INFO - Maximum individual weight for TTEL: 0.200000 (cap: 0.200000)
2025-09-15 18:27:12,636 - Review.reviews.sectorial_review - INFO - Index market cap for TTEL: 1,295,614,237,050
2025-09-15 18:27:12,636 - Review.reviews.sectorial_review - INFO - Sum of selected companies market cap: 311,890,988,669
2025-09-15 18:27:12,636 - Review.reviews.sectorial_review - INFO - Coverage ratio (selected/index): 0.2407
2025-09-15 18:27:12,640 - Review.reviews.sectorial_review - INFO - Processing TUTI...
2025-09-15 18:27:12,642 - Review.reviews.sectorial_review - INFO - Total weight before capping for TUTI: 1.00000000
2025-09-15 18:27:12,645 - Review.reviews.sectorial_review - INFO - Scaled capping factors for TUTI (max factor was 1.006577)
2025-09-15 18:27:12,645 - Review.reviews.sectorial_review - INFO - Capping factors now range from 0.968160 to 1.000000
2025-09-15 18:27:12,646 - Review.reviews.sectorial_review - INFO - Capped 1 companies to 20% in TUTI:
2025-09-15 18:27:12,646 - Review.reviews.sectorial_review - INFO -   IBERDROLA: 0.2052 -> 0.2000
2025-09-15 18:27:12,647 - Review.reviews.sectorial_review - INFO - Boosted 25 companies due to redistribution in TUTI:
2025-09-15 18:27:12,647 - Review.reviews.sectorial_review - INFO -   A2A: 0.0074 -> 0.0074
2025-09-15 18:27:12,647 - Review.reviews.sectorial_review - INFO -   BKW AG: 0.0072 -> 0.0073
2025-09-15 18:27:12,647 - Review.reviews.sectorial_review - INFO -   CENTRICA: 0.0194 -> 0.0195
2025-09-15 18:27:12,647 - Review.reviews.sectorial_review - INFO -   E.ON SE: 0.0758 -> 0.0763
2025-09-15 18:27:12,647 - Review.reviews.sectorial_review - INFO -   EDP: 0.0245 -> 0.0246
2025-09-15 18:27:12,647 - Review.reviews.sectorial_review - INFO -   EDP RENOVAVEIS: 0.0067 -> 0.0068
2025-09-15 18:27:12,647 - Review.reviews.sectorial_review - INFO -   ELIA GROUP: 0.0102 -> 0.0102
2025-09-15 18:27:12,647 - Review.reviews.sectorial_review - INFO -   ENDESA: 0.0184 -> 0.0185
2025-09-15 18:27:12,647 - Review.reviews.sectorial_review - INFO -   ENEL: 0.1303 -> 0.1312
2025-09-15 18:27:12,647 - Review.reviews.sectorial_review - INFO -   ENGIE: 0.0723 -> 0.0728
2025-09-15 18:27:12,647 - Review.reviews.sectorial_review - INFO -   FORTUM OYJ: 0.0149 -> 0.0150
2025-09-15 18:27:12,647 - Review.reviews.sectorial_review - INFO -   HERA: 0.0066 -> 0.0067
2025-09-15 18:27:12,647 - Review.reviews.sectorial_review - INFO -   ITALGAS: 0.0101 -> 0.0102
2025-09-15 18:27:12,647 - Review.reviews.sectorial_review - INFO -   Metlen Energy & Metals PLC: 0.0141 -> 0.0142
2025-09-15 18:27:12,647 - Review.reviews.sectorial_review - INFO -   NATIONAL GRID: 0.1308 -> 0.1316
2025-09-15 18:27:12,647 - Review.reviews.sectorial_review - INFO -   NATURGY ENERGY GROUP: 0.0084 -> 0.0084
2025-09-15 18:27:12,647 - Review.reviews.sectorial_review - INFO -   ORSTED: 0.0098 -> 0.0099
2025-09-15 18:27:12,647 - Review.reviews.sectorial_review - INFO -   REDEIA CORP: 0.0147 -> 0.0148
2025-09-15 18:27:12,647 - Review.reviews.sectorial_review - INFO -   RWE AG: 0.0523 -> 0.0527
2025-09-15 18:27:12,647 - Review.reviews.sectorial_review - INFO -   SEVERN TRENT: 0.0176 -> 0.0177
2025-09-15 18:27:12,647 - Review.reviews.sectorial_review - INFO -   SSE PLC: 0.0464 -> 0.0468
2025-09-15 18:27:12,647 - Review.reviews.sectorial_review - INFO -   TERNA: 0.0260 -> 0.0262
2025-09-15 18:27:12,647 - Review.reviews.sectorial_review - INFO -   UNTD UTILITIES GRP: 0.0197 -> 0.0198
2025-09-15 18:27:12,647 - Review.reviews.sectorial_review - INFO -   VEOLIA ENVIRON.: 0.0423 -> 0.0426
2025-09-15 18:27:12,647 - Review.reviews.sectorial_review - INFO -   VERBUND AG: 0.0090 -> 0.0091
2025-09-15 18:27:12,647 - Review.reviews.sectorial_review - INFO - Total weight after capping for TUTI: 1.000000
2025-09-15 18:27:12,647 - Review.reviews.sectorial_review - INFO - Maximum individual weight for TUTI: 0.200000 (cap: 0.200000)
2025-09-15 18:27:12,647 - Review.reviews.sectorial_review - INFO - Index market cap for TUTI: 1,626,589,467,437
2025-09-15 18:27:12,647 - Review.reviews.sectorial_review - INFO - Sum of selected companies market cap: 459,858,648,891
2025-09-15 18:27:12,651 - Review.reviews.sectorial_review - INFO - Coverage ratio (selected/index): 0.2827
2025-09-15 18:27:12,654 - Review.reviews.sectorial_review - INFO - Processing UUTI...
2025-09-15 18:27:12,656 - Review.reviews.sectorial_review - INFO - Total weight before capping for UUTI: 1.00000000
2025-09-15 18:27:12,658 - Review.reviews.sectorial_review - INFO - Scaled capping factors for UUTI (max factor was 1.000000)
2025-09-15 18:27:12,658 - Review.reviews.sectorial_review - INFO - Capping factors now range from 1.000000 to 1.000000
2025-09-15 18:27:12,659 - Review.reviews.sectorial_review - INFO - Total weight after capping for UUTI: 1.000000
2025-09-15 18:27:12,659 - Review.reviews.sectorial_review - INFO - Maximum individual weight for UUTI: 0.106838 (cap: 0.200000)
2025-09-15 18:27:12,659 - Review.reviews.sectorial_review - INFO - Index market cap for UUTI: 1,177,648,835,236
2025-09-15 18:27:12,659 - Review.reviews.sectorial_review - INFO - Sum of selected companies market cap: 1,177,500,527,411
2025-09-15 18:27:12,659 - Review.reviews.sectorial_review - INFO - Coverage ratio (selected/index): 0.9999
2025-09-15 18:27:12,663 - Review.reviews.sectorial_review - INFO - Processing UTEL...
2025-09-15 18:27:12,665 - Review.reviews.sectorial_review - INFO - Total weight before capping for UTEL: 1.00000000
2025-09-15 18:27:12,668 - Review.reviews.sectorial_review - INFO - Scaled capping factors for UTEL (max factor was 1.045250)
2025-09-15 18:27:12,668 - Review.reviews.sectorial_review - INFO - Capping factors now range from 0.815493 to 1.000000
2025-09-15 18:27:12,668 - Review.reviews.sectorial_review - INFO - Capped 1 companies to 20% in UTEL:
2025-09-15 18:27:12,669 - Review.reviews.sectorial_review - INFO -   CISCO SYSTEMS INC: 0.2346 -> 0.2000
2025-09-15 18:27:12,669 - Review.reviews.sectorial_review - INFO - Boosted 7 companies due to redistribution in UTEL:
2025-09-15 18:27:12,669 - Review.reviews.sectorial_review - INFO -   ARISTA NETWORKS INC.: 0.1248 -> 0.1305
2025-09-15 18:27:12,669 - Review.reviews.sectorial_review - INFO -   AT&T INC: 0.1883 -> 0.1968
2025-09-15 18:27:12,669 - Review.reviews.sectorial_review - INFO -   CHARTER COM. CLASS A: 0.0224 -> 0.0235
2025-09-15 18:27:12,669 - Review.reviews.sectorial_review - INFO -   COMCAST: 0.1084 -> 0.1133
2025-09-15 18:27:12,669 - Review.reviews.sectorial_review - INFO -   MOTOROLA SOLUTIONS: 0.0715 -> 0.0747
2025-09-15 18:27:12,669 - Review.reviews.sectorial_review - INFO -   T-MOBILE US INC.: 0.0848 -> 0.0886
2025-09-15 18:27:12,670 - Review.reviews.sectorial_review - INFO -   VERIZON: 0.1651 -> 0.1726
2025-09-15 18:27:12,670 - Review.reviews.sectorial_review - INFO - Total weight after capping for UTEL: 1.000000
2025-09-15 18:27:12,670 - Review.reviews.sectorial_review - INFO - Maximum individual weight for UTEL: 0.200000 (cap: 0.200000)
2025-09-15 18:27:12,670 - Review.reviews.sectorial_review - INFO - Index market cap for UTEL: 921,704,759,870
2025-09-15 18:27:12,670 - Review.reviews.sectorial_review - INFO - Sum of selected companies market cap: 957,494,679,959
2025-09-15 18:27:12,670 - Review.reviews.sectorial_review - INFO - Coverage ratio (selected/index): 1.0388
2025-09-15 18:27:12,674 - Review.reviews.sectorial_review - INFO - Processing UTEC...
2025-09-15 18:27:12,675 - Review.reviews.sectorial_review - INFO - Total weight before capping for UTEC: 1.00000000
2025-09-15 18:27:12,677 - Review.reviews.sectorial_review - INFO - Scaled capping factors for UTEC (max factor was 1.000000)
2025-09-15 18:27:12,677 - Review.reviews.sectorial_review - INFO - Capping factors now range from 1.000000 to 1.000000
2025-09-15 18:27:12,678 - Review.reviews.sectorial_review - INFO - Total weight after capping for UTEC: 1.000000
2025-09-15 18:27:12,678 - Review.reviews.sectorial_review - INFO - Maximum individual weight for UTEC: 0.194071 (cap: 0.200000)
2025-09-15 18:27:12,678 - Review.reviews.sectorial_review - INFO - Index market cap for UTEC: 18,969,896,443,003
2025-09-15 18:27:12,678 - Review.reviews.sectorial_review - INFO - Sum of selected companies market cap: 19,064,405,147,190
2025-09-15 18:27:12,678 - Review.reviews.sectorial_review - INFO - Coverage ratio (selected/index): 1.0050
2025-09-15 18:27:12,682 - Review.reviews.sectorial_review - INFO - Processing UIND...
2025-09-15 18:27:12,683 - Review.reviews.sectorial_review - INFO - Total weight before capping for UIND: 1.00000000
2025-09-15 18:27:12,684 - Review.reviews.sectorial_review - INFO - Scaled capping factors for UIND (max factor was 1.000000)
2025-09-15 18:27:12,684 - Review.reviews.sectorial_review - INFO - Capping factors now range from 1.000000 to 1.000000
2025-09-15 18:27:12,685 - Review.reviews.sectorial_review - INFO - Total weight after capping for UIND: 1.000000
2025-09-15 18:27:12,685 - Review.reviews.sectorial_review - INFO - Maximum individual weight for UIND: 0.090515 (cap: 0.200000)
2025-09-15 18:27:12,685 - Review.reviews.sectorial_review - INFO - Index market cap for UIND: 5,389,675,580,310
2025-09-15 18:27:12,685 - Review.reviews.sectorial_review - INFO - Sum of selected companies market cap: 5,431,912,166,093
2025-09-15 18:27:12,685 - Review.reviews.sectorial_review - INFO - Coverage ratio (selected/index): 1.0078
2025-09-15 18:27:12,688 - Review.reviews.sectorial_review - INFO - Processing UHEC...
2025-09-15 18:27:12,692 - Review.reviews.sectorial_review - INFO - Total weight before capping for UHEC: 1.00000000
2025-09-15 18:27:12,693 - Review.reviews.sectorial_review - INFO - Scaled capping factors for UHEC (max factor was 1.000000)
2025-09-15 18:27:12,693 - Review.reviews.sectorial_review - INFO - Capping factors now range from 1.000000 to 1.000000
2025-09-15 18:27:12,694 - Review.reviews.sectorial_review - INFO - Total weight after capping for UHEC: 1.000000
2025-09-15 18:27:12,694 - Review.reviews.sectorial_review - INFO - Maximum individual weight for UHEC: 0.128359 (cap: 0.200000)
2025-09-15 18:27:12,694 - Review.reviews.sectorial_review - INFO - Index market cap for UHEC: 3,994,433,931,344
2025-09-15 18:27:12,694 - Review.reviews.sectorial_review - INFO - Sum of selected companies market cap: 4,037,190,514,164
2025-09-15 18:27:12,694 - Review.reviews.sectorial_review - INFO - Coverage ratio (selected/index): 1.0107
2025-09-15 18:27:12,696 - Review.reviews.sectorial_review - INFO - Processing UFIN...
2025-09-15 18:27:12,701 - Review.reviews.sectorial_review - INFO - Total weight before capping for UFIN: 1.00000000
2025-09-15 18:27:12,702 - Review.reviews.sectorial_review - INFO - Scaled capping factors for UFIN (max factor was 1.000000)
2025-09-15 18:27:12,702 - Review.reviews.sectorial_review - INFO - Capping factors now range from 1.000000 to 1.000000
2025-09-15 18:27:12,703 - Review.reviews.sectorial_review - INFO - Total weight after capping for UFIN: 1.000000
2025-09-15 18:27:12,703 - Review.reviews.sectorial_review - INFO - Maximum individual weight for UFIN: 0.143384 (cap: 0.200000)
2025-09-15 18:27:12,703 - Review.reviews.sectorial_review - INFO - Index market cap for UFIN: 5,020,470,924,016
2025-09-15 18:27:12,703 - Review.reviews.sectorial_review - INFO - Sum of selected companies market cap: 5,019,016,104,897
2025-09-15 18:27:12,703 - Review.reviews.sectorial_review - INFO - Coverage ratio (selected/index): 0.9997
2025-09-15 18:27:12,708 - Review.reviews.sectorial_review - INFO - Processing UENR...
2025-09-15 18:27:12,710 - Review.reviews.sectorial_review - INFO - Total weight before capping for UENR: 1.00000000
2025-09-15 18:27:12,713 - Review.reviews.sectorial_review - INFO - Scaled capping factors for UENR (max factor was 1.085693)
2025-09-15 18:27:12,713 - Review.reviews.sectorial_review - INFO - Capping factors now range from 0.700053 to 1.000000
2025-09-15 18:27:12,714 - Review.reviews.sectorial_review - INFO - Capped 1 companies to 20% in UENR:
2025-09-15 18:27:12,715 - Review.reviews.sectorial_review - INFO -   EXXON MOBIL: 0.2631 -> 0.2000
2025-09-15 18:27:12,715 - Review.reviews.sectorial_review - INFO - Boosted 25 companies due to redistribution in UENR:
2025-09-15 18:27:12,715 - Review.reviews.sectorial_review - INFO -   BAKER HUGHES COMPANY: 0.0252 -> 0.0274
2025-09-15 18:27:12,715 - Review.reviews.sectorial_review - INFO -   CHENIERE ENERGY: 0.0286 -> 0.0310
2025-09-15 18:27:12,715 - Review.reviews.sectorial_review - INFO -   CHEVRON CORPORATION: 0.1682 -> 0.1826
2025-09-15 18:27:12,715 - Review.reviews.sectorial_review - INFO -   CONOCOPHILLIPS: 0.0635 -> 0.0690
2025-09-15 18:27:12,716 - Review.reviews.sectorial_review - INFO -   COTERRA ENERGY INC.: 0.0102 -> 0.0111
2025-09-15 18:27:12,716 - Review.reviews.sectorial_review - INFO -   DEVON ENERGY CORP: 0.0121 -> 0.0132
2025-09-15 18:27:12,716 - Review.reviews.sectorial_review - INFO -   DIAMONDBACK ENERGY: 0.0142 -> 0.0154
2025-09-15 18:27:12,716 - Review.reviews.sectorial_review - INFO -   ENERGY TRANSFER L.P.: 0.0313 -> 0.0340
2025-09-15 18:27:12,716 - Review.reviews.sectorial_review - INFO -   ENTERPRISE PRODUCTS: 0.0265 -> 0.0288
2025-09-15 18:27:12,717 - Review.reviews.sectorial_review - INFO -   EOG RESOURCES INC.: 0.0355 -> 0.0385
2025-09-15 18:27:12,717 - Review.reviews.sectorial_review - INFO -   EQT CORPORATION: 0.0175 -> 0.0190
2025-09-15 18:27:12,717 - Review.reviews.sectorial_review - INFO -   EXPAND ENERGY: 0.0126 -> 0.0137
2025-09-15 18:27:12,718 - Review.reviews.sectorial_review - INFO -   FIRST SOLAR INC: 0.0119 -> 0.0129
2025-09-15 18:27:12,718 - Review.reviews.sectorial_review - INFO -   HALLIBURTON COMPANY: 0.0104 -> 0.0113
2025-09-15 18:27:12,718 - Review.reviews.sectorial_review - INFO -   KINDER MORGAN INC.: 0.0287 -> 0.0311
2025-09-15 18:27:12,719 - Review.reviews.sectorial_review - INFO -   MARATHON PETROLEUM: 0.0302 -> 0.0327
2025-09-15 18:27:12,719 - Review.reviews.sectorial_review - INFO -   MPLX LP: 0.0100 -> 0.0109
2025-09-15 18:27:12,719 - Review.reviews.sectorial_review - INFO -   OCCIDENTAL PETROLEUM: 0.0186 -> 0.0201
2025-09-15 18:27:12,719 - Review.reviews.sectorial_review - INFO -   ONEOK INC.: 0.0253 -> 0.0275
2025-09-15 18:27:12,719 - Review.reviews.sectorial_review - INFO -   PHILLIPS 66: 0.0291 -> 0.0316
2025-09-15 18:27:12,719 - Review.reviews.sectorial_review - INFO -   SCHLUMBERGER LTD: 0.0294 -> 0.0319
2025-09-15 18:27:12,719 - Review.reviews.sectorial_review - INFO -   TARGA RESOURCES CORP: 0.0197 -> 0.0214
2025-09-15 18:27:12,719 - Review.reviews.sectorial_review - INFO -   TEXAS PACIFIC LAND: 0.0119 -> 0.0129
2025-09-15 18:27:12,719 - Review.reviews.sectorial_review - INFO -   VALERO ENERGY CORP.: 0.0268 -> 0.0291
2025-09-15 18:27:12,719 - Review.reviews.sectorial_review - INFO -   WILLIAMS COMPANIES: 0.0395 -> 0.0429
2025-09-15 18:27:12,719 - Review.reviews.sectorial_review - INFO - Total weight after capping for UENR: 1.000000
2025-09-15 18:27:12,719 - Review.reviews.sectorial_review - INFO - Maximum individual weight for UENR: 0.200000 (cap: 0.200000)
2025-09-15 18:27:12,719 - Review.reviews.sectorial_review - INFO - Index market cap for UENR: 1,420,932,339,336
2025-09-15 18:27:12,719 - Review.reviews.sectorial_review - INFO - Sum of selected companies market cap: 1,549,528,494,027
2025-09-15 18:27:12,719 - Review.reviews.sectorial_review - INFO - Coverage ratio (selected/index): 1.0905
2025-09-15 18:27:12,728 - Review.reviews.sectorial_review - INFO - Processing UCST...
2025-09-15 18:27:12,730 - Review.reviews.sectorial_review - INFO - Total weight before capping for UCST: 1.00000000
2025-09-15 18:27:12,731 - Review.reviews.sectorial_review - INFO - Scaled capping factors for UCST (max factor was 1.000000)
2025-09-15 18:27:12,731 - Review.reviews.sectorial_review - INFO - Capping factors now range from 1.000000 to 1.000000
2025-09-15 18:27:12,731 - Review.reviews.sectorial_review - INFO - Total weight after capping for UCST: 1.000000
2025-09-15 18:27:12,731 - Review.reviews.sectorial_review - INFO - Maximum individual weight for UCST: 0.174015 (cap: 0.200000)
2025-09-15 18:27:12,731 - Review.reviews.sectorial_review - INFO - Index market cap for UCST: 1,821,706,888,259
2025-09-15 18:27:12,731 - Review.reviews.sectorial_review - INFO - Sum of selected companies market cap: 1,812,444,174,813
2025-09-15 18:27:12,731 - Review.reviews.sectorial_review - INFO - Coverage ratio (selected/index): 0.9949
2025-09-15 18:27:12,731 - Review.reviews.sectorial_review - INFO - Processing UCDI...
2025-09-15 18:27:12,737 - Review.reviews.sectorial_review - INFO - Total weight before capping for UCDI: 1.00000000
2025-09-15 18:27:12,743 - Review.reviews.sectorial_review - INFO - Scaled capping factors for UCDI (max factor was 1.081084)
2025-09-15 18:27:12,743 - Review.reviews.sectorial_review - INFO - Capping factors now range from 0.711530 to 1.000000
2025-09-15 18:27:12,744 - Review.reviews.sectorial_review - INFO - Capped 1 companies to 20% in UCDI:
2025-09-15 18:27:12,744 - Review.reviews.sectorial_review - INFO -   AMAZON: 0.2600 -> 0.2000
2025-09-15 18:27:12,745 - Review.reviews.sectorial_review - INFO - Boosted 62 companies due to redistribution in UCDI:
2025-09-15 18:27:12,745 - Review.reviews.sectorial_review - INFO -   AIRBNB INC. CLASS A: 0.0062 -> 0.0067
2025-09-15 18:27:12,746 - Review.reviews.sectorial_review - INFO -   AUTOZONE INC.: 0.0086 -> 0.0093
2025-09-15 18:27:12,746 - Review.reviews.sectorial_review - INFO -   BOOKING HOLDINGS INC: 0.0210 -> 0.0227
2025-09-15 18:27:12,746 - Review.reviews.sectorial_review - INFO -   BURLINGTON STORES: 0.0020 -> 0.0022
2025-09-15 18:27:12,746 - Review.reviews.sectorial_review - INFO -   CARNIVAL CORPORATION: 0.0039 -> 0.0042
2025-09-15 18:27:12,746 - Review.reviews.sectorial_review - INFO -   CARVANA CO: 0.0059 -> 0.0064
2025-09-15 18:27:12,746 - Review.reviews.sectorial_review - INFO -   CHIPOTLE MEX. GRILL: 0.0061 -> 0.0066
2025-09-15 18:27:12,746 - Review.reviews.sectorial_review - INFO -   COPART INC.: 0.0050 -> 0.0054
2025-09-15 18:27:12,747 - Review.reviews.sectorial_review - INFO -   COSTCO WHOLES. CORP.: 0.0510 -> 0.0551
2025-09-15 18:27:12,747 - Review.reviews.sectorial_review - INFO -   COUPANG INC. CLASS A: 0.0051 -> 0.0055
2025-09-15 18:27:12,747 - Review.reviews.sectorial_review - INFO -   D.R. HORTON INC.: 0.0060 -> 0.0065
2025-09-15 18:27:12,747 - Review.reviews.sectorial_review - INFO -   DARDEN RESTAURANTS: 0.0030 -> 0.0032
2025-09-15 18:27:12,748 - Review.reviews.sectorial_review - INFO -   DELTA AIR LINES INC.: 0.0046 -> 0.0050
2025-09-15 18:27:12,748 - Review.reviews.sectorial_review - INFO -   DOLLAR GENERAL CORP.: 0.0027 -> 0.0029
2025-09-15 18:27:12,748 - Review.reviews.sectorial_review - INFO -   DOLLAR TREE INC.: 0.0023 -> 0.0025
2025-09-15 18:27:12,748 - Review.reviews.sectorial_review - INFO -   DRAFTKINGS. INC. A: 0.0026 -> 0.0028
2025-09-15 18:27:12,748 - Review.reviews.sectorial_review - INFO -   EBAY INC.: 0.0049 -> 0.0053
2025-09-15 18:27:12,748 - Review.reviews.sectorial_review - INFO -   ELECTRONIC ARTS INC.: 0.0046 -> 0.0050
2025-09-15 18:27:12,749 - Review.reviews.sectorial_review - INFO -   ESTEE LAUDER COS INC: 0.0023 -> 0.0025
2025-09-15 18:27:12,749 - Review.reviews.sectorial_review - INFO -   EXPEDIA GROUP INC.: 0.0031 -> 0.0034
2025-09-15 18:27:12,749 - Review.reviews.sectorial_review - INFO -   FLUTTER ENTERTAINMEN: 0.0059 -> 0.0064
2025-09-15 18:27:12,749 - Review.reviews.sectorial_review - INFO -   FORD MOTOR CO: 0.0054 -> 0.0059
2025-09-15 18:27:12,749 - Review.reviews.sectorial_review - INFO -   GARMIN LTD.: 0.0046 -> 0.0050
2025-09-15 18:27:12,749 - Review.reviews.sectorial_review - INFO -   GENERAL MOTORS COMP.: 0.0066 -> 0.0071
2025-09-15 18:27:12,749 - Review.reviews.sectorial_review - INFO -   GENUINE PARTS COMP.: 0.0023 -> 0.0025
2025-09-15 18:27:12,749 - Review.reviews.sectorial_review - INFO -   HILTON WORLDWIDE: 0.0077 -> 0.0083
2025-09-15 18:27:12,751 - Review.reviews.sectorial_review - INFO -   HOME DEPOT INC: 0.0499 -> 0.0540
2025-09-15 18:27:12,751 - Review.reviews.sectorial_review - INFO -   LENNAR CORP A: 0.0037 -> 0.0040
2025-09-15 18:27:12,751 - Review.reviews.sectorial_review - INFO -   LIBERTY MEDIA CORP.: 0.0026 -> 0.0029
2025-09-15 18:27:12,751 - Review.reviews.sectorial_review - INFO -   LIVE NATION ENTERT: 0.0033 -> 0.0036
2025-09-15 18:27:12,751 - Review.reviews.sectorial_review - INFO -   LOWE'S COMPANIES INC: 0.0181 -> 0.0196
2025-09-15 18:27:12,751 - Review.reviews.sectorial_review - INFO -   LULULEMON ATHLETICA: 0.0020 -> 0.0021
2025-09-15 18:27:12,752 - Review.reviews.sectorial_review - INFO -   MARRIOTT INTERN. INC: 0.0073 -> 0.0079
2025-09-15 18:27:12,752 - Review.reviews.sectorial_review - INFO -   MCDONALD'S CORP: 0.0259 -> 0.0280
2025-09-15 18:27:12,752 - Review.reviews.sectorial_review - INFO -   MERCADOLIBRE INC.: 0.0134 -> 0.0145
2025-09-15 18:27:12,752 - Review.reviews.sectorial_review - INFO -   NETFLIX INC.: 0.0600 -> 0.0648
2025-09-15 18:27:12,752 - Review.reviews.sectorial_review - INFO -   NIKE INC: 0.0103 -> 0.0111
2025-09-15 18:27:12,752 - Review.reviews.sectorial_review - INFO -   NVR INC.: 0.0029 -> 0.0031
2025-09-15 18:27:12,753 - Review.reviews.sectorial_review - INFO -   O'REILLY AUTOMOTIVE: 0.0108 -> 0.0117
2025-09-15 18:27:12,753 - Review.reviews.sectorial_review - INFO -   PULTEGROUP INC: 0.0032 -> 0.0035
2025-09-15 18:27:12,753 - Review.reviews.sectorial_review - INFO -   ROBLOX CORP. - A: 0.0102 -> 0.0110
2025-09-15 18:27:12,753 - Review.reviews.sectorial_review - INFO -   ROLLINS. INC.: 0.0021 -> 0.0023
2025-09-15 18:27:12,753 - Review.reviews.sectorial_review - INFO -   ROSS STORES INC.: 0.0057 -> 0.0062
2025-09-15 18:27:12,754 - Review.reviews.sectorial_review - INFO -   ROYAL CARIBBEAN: 0.0103 -> 0.0111
2025-09-15 18:27:12,754 - Review.reviews.sectorial_review - INFO -   SOMNIGROUP INT: 0.0021 -> 0.0023
2025-09-15 18:27:12,754 - Review.reviews.sectorial_review - INFO -   SPOTIFY TECHNOLOGY: 0.0128 -> 0.0138
2025-09-15 18:27:12,754 - Review.reviews.sectorial_review - INFO -   STARBUCKS CORP.: 0.0111 -> 0.0119
2025-09-15 18:27:12,754 - Review.reviews.sectorial_review - INFO -   TAKE-TWO INTERACTIVE: 0.0051 -> 0.0055
2025-09-15 18:27:12,754 - Review.reviews.sectorial_review - INFO -   TAPESTRY INC.: 0.0026 -> 0.0028
2025-09-15 18:27:12,754 - Review.reviews.sectorial_review - INFO -   TARGET CORPORATION: 0.0049 -> 0.0052
2025-09-15 18:27:12,754 - Review.reviews.sectorial_review - INFO -   TESLA INC: 0.1289 -> 0.1393
2025-09-15 18:27:12,754 - Review.reviews.sectorial_review - INFO -   THE WALT DISNEY COMP: 0.0248 -> 0.0268
2025-09-15 18:27:12,754 - Review.reviews.sectorial_review - INFO -   TJX COMPANIES INC: 0.0185 -> 0.0200
2025-09-15 18:27:12,754 - Review.reviews.sectorial_review - INFO -   TRACTOR SUPPLY COMP.: 0.0038 -> 0.0041
2025-09-15 18:27:12,754 - Review.reviews.sectorial_review - INFO -   TRADE DESK INC.: 0.0024 -> 0.0026
2025-09-15 18:27:12,754 - Review.reviews.sectorial_review - INFO -   UBER TECHNOLOGIES: 0.0237 -> 0.0257
2025-09-15 18:27:12,754 - Review.reviews.sectorial_review - INFO -   ULTA BEAUTY INC: 0.0027 -> 0.0030
2025-09-15 18:27:12,754 - Review.reviews.sectorial_review - INFO -   UNITED AIRLINES HLD: 0.0041 -> 0.0044
2025-09-15 18:27:12,754 - Review.reviews.sectorial_review - INFO -   WALMART INC: 0.0539 -> 0.0583
2025-09-15 18:27:12,754 - Review.reviews.sectorial_review - INFO -   WARNER BROS DISCOVER: 0.0055 -> 0.0060
2025-09-15 18:27:12,754 - Review.reviews.sectorial_review - INFO -   WILLIAMS-SONOMA.: 0.0027 -> 0.0030
2025-09-15 18:27:12,754 - Review.reviews.sectorial_review - INFO -   YUM! BRANDS INC.: 0.0049 -> 0.0053
2025-09-15 18:27:12,754 - Review.reviews.sectorial_review - INFO - Total weight after capping for UCDI: 1.000000
2025-09-15 18:27:12,757 - Review.reviews.sectorial_review - INFO - Maximum individual weight for UCDI: 0.200000 (cap: 0.200000)
2025-09-15 18:27:12,757 - Review.reviews.sectorial_review - INFO - Index market cap for UCDI: 6,516,537,886,120
2025-09-15 18:27:12,757 - Review.reviews.sectorial_review - INFO - Sum of selected companies market cap: 7,182,176,999,645
2025-09-15 18:27:12,757 - Review.reviews.sectorial_review - INFO - Coverage ratio (selected/index): 1.1021
2025-09-15 18:27:12,758 - Review.reviews.sectorial_review - INFO - Processing UBMA...
2025-09-15 18:27:12,763 - Review.reviews.sectorial_review - INFO - Total weight before capping for UBMA: 1.00000000
2025-09-15 18:27:12,765 - Review.reviews.sectorial_review - INFO - Scaled capping factors for UBMA (max factor was 1.202858)
2025-09-15 18:27:12,766 - Review.reviews.sectorial_review - INFO - Capping factors now range from 0.496453 to 1.000000
2025-09-15 18:27:12,766 - Review.reviews.sectorial_review - INFO - Capped 1 companies to 20% in UBMA:
2025-09-15 18:27:12,766 - Review.reviews.sectorial_review - INFO -   LINDE PLC: 0.3349 -> 0.2000
2025-09-15 18:27:12,767 - Review.reviews.sectorial_review - INFO - Boosted 9 companies due to redistribution in UBMA:
2025-09-15 18:27:12,767 - Review.reviews.sectorial_review - INFO -   AIR PROD & CHEMICALS: 0.0966 -> 0.1161
2025-09-15 18:27:12,767 - Review.reviews.sectorial_review - INFO -   ANGLOGOLD ASHANTI: 0.0495 -> 0.0595
2025-09-15 18:27:12,767 - Review.reviews.sectorial_review - INFO -   ECOLAB INC: 0.1031 -> 0.1240
2025-09-15 18:27:12,767 - Review.reviews.sectorial_review - INFO -   FASTENAL COMPANY: 0.0807 -> 0.0971
2025-09-15 18:27:12,767 - Review.reviews.sectorial_review - INFO -   FREEPORT-MCMORAN: 0.0951 -> 0.1144
2025-09-15 18:27:12,767 - Review.reviews.sectorial_review - INFO -   INTERNATIONAL PAPER: 0.0360 -> 0.0433
2025-09-15 18:27:12,768 - Review.reviews.sectorial_review - INFO -   NEWMONT COR: 0.1290 -> 0.1552
2025-09-15 18:27:12,768 - Review.reviews.sectorial_review - INFO -   NUCOR CORPORATION: 0.0481 -> 0.0578
2025-09-15 18:27:12,768 - Review.reviews.sectorial_review - INFO -   STEEL DYNAMICS INC.: 0.0271 -> 0.0326
2025-09-15 18:27:12,769 - Review.reviews.sectorial_review - INFO - Total weight after capping for UBMA: 1.000000
2025-09-15 18:27:12,769 - Review.reviews.sectorial_review - INFO - Maximum individual weight for UBMA: 0.200000 (cap: 0.200000)
2025-09-15 18:27:12,769 - Review.reviews.sectorial_review - INFO - Index market cap for UBMA: 490,900,736,606
2025-09-15 18:27:12,769 - Review.reviews.sectorial_review - INFO - Sum of selected companies market cap: 575,503,151,845
2025-09-15 18:27:12,769 - Review.reviews.sectorial_review - INFO - Coverage ratio (selected/index): 1.1723
2025-09-15 18:27:12,773 - Review.reviews.sectorial_review - INFO - Saving TECHP output to: C:\Users\CSonneveld\OneDrive - Euronext\Documents\Projects\GUI + Reviews\output\TECHP_sectorial_20250915_182712.xlsx
2025-09-15 18:27:12,792 - Review.reviews.sectorial_review - INFO - Added EZ300_DLF sheet to TECHP
2025-09-15 18:27:12,832 - Review.reviews.sectorial_review - INFO - Saving ENRGP output to: C:\Users\CSonneveld\OneDrive - Euronext\Documents\Projects\GUI + Reviews\output\ENRGP_sectorial_20250915_182712.xlsx
2025-09-15 18:27:12,893 - Review.reviews.sectorial_review - INFO - Added EZ300_DLF sheet to ENRGP
2025-09-15 18:27:12,926 - Review.reviews.sectorial_review - INFO - Saving UTIL output to: C:\Users\CSonneveld\OneDrive - Euronext\Documents\Projects\GUI + Reviews\output\UTIL_sectorial_20250915_182712.xlsx
2025-09-15 18:27:12,954 - Review.reviews.sectorial_review - INFO - Added EZ300_DLF sheet to UTIL
2025-09-15 18:27:12,991 - Review.reviews.sectorial_review - INFO - Saving BASM output to: C:\Users\CSonneveld\OneDrive - Euronext\Documents\Projects\GUI + Reviews\output\BASM_sectorial_20250915_182712.xlsx
2025-09-15 18:27:13,043 - Review.reviews.sectorial_review - INFO - Added EZ300_DLF sheet to BASM
2025-09-15 18:27:13,074 - Review.reviews.sectorial_review - INFO - Saving FINA output to: C:\Users\CSonneveld\OneDrive - Euronext\Documents\Projects\GUI + Reviews\output\FINA_sectorial_20250915_182712.xlsx
2025-09-15 18:27:13,108 - Review.reviews.sectorial_review - INFO - Added EZ300_DLF sheet to FINA
2025-09-15 18:27:13,157 - Review.reviews.sectorial_review - INFO - Saving CSTA output to: C:\Users\CSonneveld\OneDrive - Euronext\Documents\Projects\GUI + Reviews\output\CSTA_sectorial_20250915_182712.xlsx
2025-09-15 18:27:13,189 - Review.reviews.sectorial_review - INFO - Added EZ300_DLF sheet to CSTA
2025-09-15 18:27:13,220 - Review.reviews.sectorial_review - INFO - Saving TELEP output to: C:\Users\CSonneveld\OneDrive - Euronext\Documents\Projects\GUI + Reviews\output\TELEP_sectorial_20250915_182712.xlsx
2025-09-15 18:27:13,247 - Review.reviews.sectorial_review - INFO - Added EZ300_DLF sheet to TELEP
2025-09-15 18:27:13,293 - Review.reviews.sectorial_review - INFO - Saving HEAC output to: C:\Users\CSonneveld\OneDrive - Euronext\Documents\Projects\GUI + Reviews\output\HEAC_sectorial_20250915_182712.xlsx
2025-09-15 18:27:13,330 - Review.reviews.sectorial_review - INFO - Added EZ300_DLF sheet to HEAC
2025-09-15 18:27:13,380 - Review.reviews.sectorial_review - INFO - Saving INDU output to: C:\Users\CSonneveld\OneDrive - Euronext\Documents\Projects\GUI + Reviews\output\INDU_sectorial_20250915_182712.xlsx
2025-09-15 18:27:13,408 - Review.reviews.sectorial_review - INFO - Added EZ300_DLF sheet to INDU
2025-09-15 18:27:13,441 - Review.reviews.sectorial_review - INFO - Saving CDIS output to: C:\Users\CSonneveld\OneDrive - Euronext\Documents\Projects\GUI + Reviews\output\CDIS_sectorial_20250915_182712.xlsx
2025-09-15 18:27:13,478 - Review.reviews.sectorial_review - INFO - Added EZ300_DLF sheet to CDIS
2025-09-15 18:27:13,525 - Review.reviews.sectorial_review - INFO - Saving TBMA output to: C:\Users\CSonneveld\OneDrive - Euronext\Documents\Projects\GUI + Reviews\output\TBMA_sectorial_20250915_182712.xlsx
2025-09-15 18:27:13,574 - Review.reviews.sectorial_review - INFO - Added Transatlantic_DLF sheet to TBMA
2025-09-15 18:27:13,626 - Review.reviews.sectorial_review - INFO - Saving TCDI output to: C:\Users\CSonneveld\OneDrive - Euronext\Documents\Projects\GUI + Reviews\output\TCDI_sectorial_20250915_182712.xlsx
2025-09-15 18:27:13,678 - Review.reviews.sectorial_review - INFO - Added Transatlantic_DLF sheet to TCDI
2025-09-15 18:27:13,726 - Review.reviews.sectorial_review - INFO - Saving TCST output to: C:\Users\CSonneveld\OneDrive - Euronext\Documents\Projects\GUI + Reviews\output\TCST_sectorial_20250915_182712.xlsx
2025-09-15 18:27:13,824 - Review.reviews.sectorial_review - INFO - Added Transatlantic_DLF sheet to TCST
2025-09-15 18:27:13,877 - Review.reviews.sectorial_review - INFO - Saving TENR output to: C:\Users\CSonneveld\OneDrive - Euronext\Documents\Projects\GUI + Reviews\output\TENR_sectorial_20250915_182712.xlsx
2025-09-15 18:27:13,927 - Review.reviews.sectorial_review - INFO - Added Transatlantic_DLF sheet to TENR
2025-09-15 18:27:13,958 - Review.reviews.sectorial_review - INFO - Saving TFINP output to: C:\Users\CSonneveld\OneDrive - Euronext\Documents\Projects\GUI + Reviews\output\TFINP_sectorial_20250915_182712.xlsx
2025-09-15 18:27:14,029 - Review.reviews.sectorial_review - INFO - Added Transatlantic_DLF sheet to TFINP
2025-09-15 18:27:14,031 - werkzeug - INFO - 127.0.0.1 - - [15/Sep/2025 18:27:14] "GET /task-status/2a5224ae-d229-4ae7-ac1b-d12d11afc112 HTTP/1.1" 200 -
2025-09-15 18:27:14,081 - Review.reviews.sectorial_review - INFO - Saving THEC output to: C:\Users\CSonneveld\OneDrive - Euronext\Documents\Projects\GUI + Reviews\output\THEC_sectorial_20250915_182712.xlsx
2025-09-15 18:27:14,134 - Review.reviews.sectorial_review - INFO - Added Transatlantic_DLF sheet to THEC
2025-09-15 18:27:14,194 - Review.reviews.sectorial_review - INFO - Saving TIND output to: C:\Users\CSonneveld\OneDrive - Euronext\Documents\Projects\GUI + Reviews\output\TIND_sectorial_20250915_182712.xlsx
2025-09-15 18:27:14,307 - Review.reviews.sectorial_review - INFO - Added Transatlantic_DLF sheet to TIND
2025-09-15 18:27:14,384 - Review.reviews.sectorial_review - INFO - Saving TTEC output to: C:\Users\CSonneveld\OneDrive - Euronext\Documents\Projects\GUI + Reviews\output\TTEC_sectorial_20250915_182712.xlsx
2025-09-15 18:27:14,462 - Review.reviews.sectorial_review - INFO - Added Transatlantic_DLF sheet to TTEC
2025-09-15 18:27:14,538 - Review.reviews.sectorial_review - INFO - Saving TTEL output to: C:\Users\CSonneveld\OneDrive - Euronext\Documents\Projects\GUI + Reviews\output\TTEL_sectorial_20250915_182712.xlsx
2025-09-15 18:27:14,641 - Review.reviews.sectorial_review - INFO - Added Transatlantic_DLF sheet to TTEL
2025-09-15 18:27:14,733 - Review.reviews.sectorial_review - INFO - Saving TUTI output to: C:\Users\CSonneveld\OneDrive - Euronext\Documents\Projects\GUI + Reviews\output\TUTI_sectorial_20250915_182712.xlsx
2025-09-15 18:27:14,874 - Review.reviews.sectorial_review - INFO - Added Transatlantic_DLF sheet to TUTI
2025-09-15 18:27:14,931 - Review.reviews.sectorial_review - INFO - Saving UUTI output to: C:\Users\CSonneveld\OneDrive - Euronext\Documents\Projects\GUI + Reviews\output\UUTI_sectorial_20250915_182712.xlsx
2025-09-15 18:27:14,981 - Review.reviews.sectorial_review - INFO - Added NA500_DLF sheet to UUTI
2025-09-15 18:27:15,066 - Review.reviews.sectorial_review - INFO - Saving UTEL output to: C:\Users\CSonneveld\OneDrive - Euronext\Documents\Projects\GUI + Reviews\output\UTEL_sectorial_20250915_182712.xlsx
2025-09-15 18:27:15,130 - Review.reviews.sectorial_review - INFO - Added NA500_DLF sheet to UTEL
2025-09-15 18:27:15,177 - Review.reviews.sectorial_review - INFO - Saving UTEC output to: C:\Users\CSonneveld\OneDrive - Euronext\Documents\Projects\GUI + Reviews\output\UTEC_sectorial_20250915_182712.xlsx
2025-09-15 18:27:15,235 - Review.reviews.sectorial_review - INFO - Added NA500_DLF sheet to UTEC
2025-09-15 18:27:15,274 - Review.reviews.sectorial_review - INFO - Saving UIND output to: C:\Users\CSonneveld\OneDrive - Euronext\Documents\Projects\GUI + Reviews\output\UIND_sectorial_20250915_182712.xlsx
2025-09-15 18:27:15,345 - Review.reviews.sectorial_review - INFO - Added NA500_DLF sheet to UIND
2025-09-15 18:27:15,397 - Review.reviews.sectorial_review - INFO - Saving UHEC output to: C:\Users\CSonneveld\OneDrive - Euronext\Documents\Projects\GUI + Reviews\output\UHEC_sectorial_20250915_182712.xlsx
2025-09-15 18:27:15,456 - Review.reviews.sectorial_review - INFO - Added NA500_DLF sheet to UHEC
2025-09-15 18:27:15,523 - Review.reviews.sectorial_review - INFO - Saving UFIN output to: C:\Users\CSonneveld\OneDrive - Euronext\Documents\Projects\GUI + Reviews\output\UFIN_sectorial_20250915_182712.xlsx
2025-09-15 18:27:15,610 - Review.reviews.sectorial_review - INFO - Added NA500_DLF sheet to UFIN
2025-09-15 18:27:15,681 - Review.reviews.sectorial_review - INFO - Saving UENR output to: C:\Users\CSonneveld\OneDrive - Euronext\Documents\Projects\GUI + Reviews\output\UENR_sectorial_20250915_182712.xlsx
2025-09-15 18:27:15,727 - Review.reviews.sectorial_review - INFO - Added NA500_DLF sheet to UENR
2025-09-15 18:27:15,790 - Review.reviews.sectorial_review - INFO - Saving UCST output to: C:\Users\CSonneveld\OneDrive - Euronext\Documents\Projects\GUI + Reviews\output\UCST_sectorial_20250915_182712.xlsx
2025-09-15 18:27:15,868 - Review.reviews.sectorial_review - INFO - Added NA500_DLF sheet to UCST
2025-09-15 18:27:15,912 - Review.reviews.sectorial_review - INFO - Saving UCDI output to: C:\Users\CSonneveld\OneDrive - Euronext\Documents\Projects\GUI + Reviews\output\UCDI_sectorial_20250915_182712.xlsx
2025-09-15 18:27:15,964 - Review.reviews.sectorial_review - INFO - Added NA500_DLF sheet to UCDI
2025-09-15 18:27:16,013 - Review.reviews.sectorial_review - INFO - Saving UBMA output to: C:\Users\CSonneveld\OneDrive - Euronext\Documents\Projects\GUI + Reviews\output\UBMA_sectorial_20250915_182712.xlsx
2025-09-15 18:27:16,065 - Review.reviews.sectorial_review - INFO - Added NA500_DLF sheet to UBMA
2025-09-15 18:27:16,066 - werkzeug - INFO - 127.0.0.1 - - [15/Sep/2025 18:27:16] "GET /task-status/2a5224ae-d229-4ae7-ac1b-d12d11afc112 HTTP/1.1" 200 -
2025-09-15 18:27:16,112 - Review.reviews.sectorial_review - INFO - Creating summary file: C:\Users\CSonneveld\OneDrive - Euronext\Documents\Projects\GUI + Reviews\output\All_Sectorial_Summary_20250915_182712.xlsx
2025-09-15 18:27:18,025 - werkzeug - INFO - 127.0.0.1 - - [15/Sep/2025 18:27:18] "GET /task-status/2a5224ae-d229-4ae7-ac1b-d12d11afc112 HTTP/1.1" 200 -
2025-09-15 18:27:18,091 - werkzeug - INFO -  * Detected change in 'C:\\Users\\CSonneveld\\OneDrive - Euronext\\Documents\\Projects\\GUI + Reviews\\Review\\reviews\\sectorial_review.py', reloading
2025-09-15 18:27:18,096 - werkzeug - INFO -  * Detected change in 'C:\\Users\\CSonneveld\\OneDrive - Euronext\\Documents\\Projects\\GUI + Reviews\\Review\\reviews\\sectorial_review.py', reloading
