2025-12-31 13:26:56,367 - werkzeug - INFO - [31m[1mWARNING: This is a development server. Do not use it in a production deployment. Use a production WSGI server instead.[0m
 * Running on all addresses (0.0.0.0)
 * Running on http://127.0.0.1:5000
 * Running on http://10.199.43.185:5000
2025-12-31 13:26:56,367 - werkzeug - INFO - [33mPress CTRL+C to quit[0m
2025-12-31 13:26:56,388 - werkzeug - INFO -  * Restarting with watchdog (windowsapi)
2025-12-31 13:26:58,544 - werkzeug - INFO -  * Restarting with watchdog (windowsapi)
2025-12-31 13:29:18,517 - werkzeug - INFO -  * Restarting with watchdog (windowsapi)
2025-12-31 13:29:22,052 - werkzeug - INFO -  * Restarting with watchdog (windowsapi)
2025-12-31 13:29:49,253 - werkzeug - INFO -  * Restarting with watchdog (windowsapi)
2025-12-31 13:30:21,607 - werkzeug - INFO -  * Restarting with watchdog (windowsapi)
2025-12-31 13:34:29,139 - werkzeug - INFO -  * Restarting with watchdog (windowsapi)
2025-12-31 13:35:20,170 - werkzeug - INFO -  * Restarting with watchdog (windowsapi)
2025-12-31 13:38:26,502 - werkzeug - INFO -  * Restarting with watchdog (windowsapi)
2025-12-31 13:38:40,705 - werkzeug - INFO -  * Restarting with watchdog (windowsapi)
2025-12-31 13:38:54,820 - werkzeug - INFO -  * Restarting with watchdog (windowsapi)
2025-12-31 13:38:58,860 - werkzeug - INFO -  * Restarting with watchdog (windowsapi)
2025-12-31 13:39:40,507 - werkzeug - INFO -  * Restarting with watchdog (windowsapi)
2025-12-31 13:41:46,416 - werkzeug - INFO -  * Restarting with watchdog (windowsapi)
2025-12-31 13:41:48,688 - werkzeug - INFO -  * Restarting with watchdog (windowsapi)
2025-12-31 13:42:30,319 - werkzeug - INFO -  * Restarting with watchdog (windowsapi)
2025-12-31 14:24:03,949 - werkzeug - INFO -  * Restarting with watchdog (windowsapi)
2025-12-31 14:24:08,503 - werkzeug - INFO -  * Restarting with watchdog (windowsapi)
2025-12-31 14:24:23,699 - werkzeug - INFO -  * Restarting with watchdog (windowsapi)
2025-12-31 14:24:25,785 - werkzeug - INFO -  * Restarting with watchdog (windowsapi)
2025-12-31 14:25:54,495 - werkzeug - INFO -  * Restarting with watchdog (windowsapi)
2025-12-31 14:34:11,599 - werkzeug - INFO -  * Restarting with watchdog (windowsapi)
2025-12-31 14:34:14,754 - werkzeug - INFO -  * Restarting with watchdog (windowsapi)
2025-12-31 14:34:26,436 - werkzeug - INFO -  * Restarting with watchdog (windowsapi)
2025-12-31 14:34:55,010 - werkzeug - INFO -  * Restarting with watchdog (windowsapi)
2025-12-31 14:35:07,137 - werkzeug - INFO -  * Restarting with watchdog (windowsapi)
2025-12-31 14:35:37,524 - werkzeug - INFO -  * Restarting with watchdog (windowsapi)
2025-12-31 14:36:04,878 - werkzeug - INFO -  * Restarting with watchdog (windowsapi)
2025-12-31 14:40:34,213 - werkzeug - INFO -  * Restarting with watchdog (windowsapi)
2025-12-31 14:44:32,143 - werkzeug - INFO -  * Restarting with watchdog (windowsapi)
2025-12-31 14:44:34,291 - werkzeug - INFO -  * Restarting with watchdog (windowsapi)
2025-12-31 14:44:57,691 - werkzeug - INFO -  * Restarting with watchdog (windowsapi)
2025-12-31 14:45:05,805 - werkzeug - INFO -  * Restarting with watchdog (windowsapi)
2025-12-31 14:45:16,954 - werkzeug - INFO -  * Restarting with watchdog (windowsapi)
2025-12-31 14:45:21,030 - werkzeug - INFO -  * Restarting with watchdog (windowsapi)
2025-12-31 14:45:28,088 - werkzeug - INFO -  * Restarting with watchdog (windowsapi)
2025-12-31 14:45:31,171 - werkzeug - INFO -  * Restarting with watchdog (windowsapi)
2025-12-31 14:50:19,563 - werkzeug - INFO -  * Restarting with watchdog (windowsapi)
2025-12-31 14:50:21,632 - werkzeug - INFO -  * Restarting with watchdog (windowsapi)
2025-12-31 14:52:31,337 - werkzeug - INFO -  * Restarting with watchdog (windowsapi)
2025-12-31 14:52:40,623 - werkzeug - INFO -  * Restarting with watchdog (windowsapi)
2025-12-31 14:54:23,156 - werkzeug - INFO -  * Restarting with watchdog (windowsapi)
2025-12-31 14:54:39,057 - werkzeug - INFO -  * Restarting with watchdog (windowsapi)
2025-12-31 14:54:41,170 - werkzeug - INFO -  * Restarting with watchdog (windowsapi)
2025-12-31 14:55:58,225 - werkzeug - INFO -  * Restarting with watchdog (windowsapi)
2025-12-31 14:56:07,922 - werkzeug - INFO -  * Restarting with watchdog (windowsapi)
2025-12-31 15:08:56,244 - werkzeug - INFO -  * Restarting with watchdog (windowsapi)
2025-12-31 15:08:58,408 - werkzeug - INFO -  * Restarting with watchdog (windowsapi)
2025-12-31 15:11:24,056 - werkzeug - INFO -  * Restarting with watchdog (windowsapi)
2025-12-31 15:11:29,365 - werkzeug - INFO -  * Restarting with watchdog (windowsapi)
2025-12-31 15:11:49,882 - werkzeug - INFO -  * Restarting with watchdog (windowsapi)
2025-12-31 15:12:42,985 - werkzeug - INFO -  * Restarting with watchdog (windowsapi)
2025-12-31 15:13:11,434 - werkzeug - INFO -  * Restarting with watchdog (windowsapi)
2025-12-31 15:13:23,903 - werkzeug - INFO -  * Restarting with watchdog (windowsapi)
2025-12-31 15:13:34,923 - werkzeug - INFO -  * Restarting with watchdog (windowsapi)
2025-12-31 15:14:03,161 - werkzeug - INFO -  * Restarting with watchdog (windowsapi)
2025-12-31 15:14:18,720 - werkzeug - INFO -  * Restarting with watchdog (windowsapi)
2025-12-31 15:14:59,022 - werkzeug - INFO -  * Restarting with watchdog (windowsapi)
2025-12-31 15:15:16,976 - werkzeug - INFO -  * Restarting with watchdog (windowsapi)
2025-12-31 15:16:26,319 - werkzeug - INFO -  * Restarting with watchdog (windowsapi)
2025-12-31 15:21:48,780 - werkzeug - INFO -  * Restarting with watchdog (windowsapi)
2025-12-31 15:22:55,557 - werkzeug - INFO -  * Restarting with watchdog (windowsapi)
2025-12-31 15:23:05,790 - werkzeug - INFO -  * Restarting with watchdog (windowsapi)
2025-12-31 15:23:16,113 - werkzeug - INFO -  * Restarting with watchdog (windowsapi)
2025-12-31 15:24:30,389 - werkzeug - INFO -  * Restarting with watchdog (windowsapi)
2025-12-31 15:25:34,788 - werkzeug - INFO -  * Restarting with watchdog (windowsapi)
2025-12-31 15:25:38,069 - werkzeug - INFO -  * Restarting with watchdog (windowsapi)
2025-12-31 15:59:55,856 - werkzeug - INFO -  * Restarting with watchdog (windowsapi)
2025-12-31 16:00:07,325 - werkzeug - INFO -  * Restarting with watchdog (windowsapi)
2025-12-31 16:01:03,973 - werkzeug - INFO -  * Restarting with watchdog (windowsapi)
2025-12-31 16:01:12,105 - werkzeug - INFO -  * Restarting with watchdog (windowsapi)
2025-12-31 16:01:18,323 - werkzeug - INFO -  * Restarting with watchdog (windowsapi)
2025-12-31 16:03:47,083 - werkzeug - INFO -  * Restarting with watchdog (windowsapi)
2025-12-31 16:09:26,514 - werkzeug - INFO -  * Restarting with watchdog (windowsapi)
2025-12-31 16:09:36,712 - werkzeug - INFO -  * Restarting with watchdog (windowsapi)
2025-12-31 16:09:38,738 - werkzeug - INFO -  * Restarting with watchdog (windowsapi)
2025-12-31 16:09:48,814 - werkzeug - INFO -  * Restarting with watchdog (windowsapi)
2026-01-01 00:00:02,094 - werkzeug - INFO -  * Restarting with watchdog (windowsapi)
