2025-12-03 13:21:04,835 - werkzeug - WARNING -  * Debugger is active!
2025-12-03 13:21:04,836 - werkzeug - INFO -  * Debugger PIN: 691-175-853
2025-12-03 13:21:24,922 - werkzeug - INFO - 127.0.0.1 - - [03/Dec/2025 13:21:24] "POST /calculate HTTP/1.1" 200 -
2025-12-03 13:21:24,932 - Review.reviews.ezsl_review - INFO - Starting EZSL review calculation
2025-12-03 13:21:24,935 - werkzeug - INFO - 127.0.0.1 - - [03/Dec/2025 13:21:24] "GET /task-status/ca120cec-13f9-4705-bc90-32bea42a81a2 HTTP/1.1" 200 -
2025-12-03 13:21:26,934 - werkzeug - INFO - 127.0.0.1 - - [03/Dec/2025 13:21:26] "GET /task-status/ca120cec-13f9-4705-bc90-32bea42a81a2 HTTP/1.1" 200 -
2025-12-03 13:21:27,653 - Review.reviews.ezsl_review - ERROR - Error during review calculation: 'Isin Code'
2025-12-03 13:21:27,671 - Review.reviews.ezsl_review - ERROR - Traceback (most recent call last):
  File "C:\Users\CSonneveld\OneDrive - Euronext\Documents\Projects\GUI + Reviews\Review\reviews\ezsl_review.py", line 87, in run_ezsl_review
    .merge(
     ^^^^^^
  File "C:\Users\CSonneveld\AppData\Roaming\Python\Python312\site-packages\pandas\core\frame.py", line 10832, in merge
    return merge(
           ^^^^^^
  File "C:\Users\CSonneveld\AppData\Roaming\Python\Python312\site-packages\pandas\core\reshape\merge.py", line 170, in merge
    op = _MergeOperation(
         ^^^^^^^^^^^^^^^^
  File "C:\Users\CSonneveld\AppData\Roaming\Python\Python312\site-packages\pandas\core\reshape\merge.py", line 794, in __init__
    ) = self._get_merge_keys()
        ^^^^^^^^^^^^^^^^^^^^^^
  File "C:\Users\CSonneveld\AppData\Roaming\Python\Python312\site-packages\pandas\core\reshape\merge.py", line 1310, in _get_merge_keys
    left_keys.append(left._get_label_or_level_values(lk))
                     ^^^^^^^^^^^^^^^^^^^^^^^^^^^^^^^^^^^
  File "C:\Users\CSonneveld\AppData\Roaming\Python\Python312\site-packages\pandas\core\generic.py", line 1911, in _get_label_or_level_values
    raise KeyError(key)
KeyError: 'Isin Code'

2025-12-03 13:21:28,935 - werkzeug - INFO - 127.0.0.1 - - [03/Dec/2025 13:21:28] "GET /task-status/ca120cec-13f9-4705-bc90-32bea42a81a2 HTTP/1.1" 200 -
2025-12-03 13:21:41,946 - werkzeug - INFO -  * Detected change in 'C:\\Users\\CSonneveld\\OneDrive - Euronext\\Documents\\Projects\\GUI + Reviews\\Review\\reviews\\ezsl_review.py', reloading
2025-12-03 13:21:41,960 - werkzeug - INFO -  * Detected change in 'C:\\Users\\CSonneveld\\OneDrive - Euronext\\Documents\\Projects\\GUI + Reviews\\Review\\reviews\\ezsl_review.py', reloading
