2025-07-25 15:38:44,131 - werkzeug - INFO - [31m[1mWARNING: This is a development server. Do not use it in a production deployment. Use a production WSGI server instead.[0m
 * Running on all addresses (0.0.0.0)
 * Running on http://127.0.0.1:5000
 * Running on http://10.199.43.197:5000
2025-07-25 15:38:44,131 - werkzeug - INFO - [33mPress CTRL+C to quit[0m
2025-07-25 15:38:44,133 - werkzeug - INFO -  * Restarting with watchdog (windowsapi)
2025-07-25 15:38:47,042 - werkzeug - INFO -  * Restarting with watchdog (windowsapi)
2025-07-25 15:39:05,142 - werkzeug - INFO -  * Restarting with watchdog (windowsapi)
2025-07-25 15:40:33,038 - werkzeug - INFO -  * Restarting with watchdog (windowsapi)
2025-07-25 15:40:38,014 - werkzeug - INFO -  * Restarting with watchdog (windowsapi)
2025-07-25 15:44:34,203 - werkzeug - INFO -  * Restarting with watchdog (windowsapi)
2025-07-25 15:44:49,354 - werkzeug - INFO -  * Restarting with watchdog (windowsapi)
2025-07-25 15:45:38,074 - werkzeug - INFO -  * Restarting with watchdog (windowsapi)
2025-07-25 15:45:57,339 - werkzeug - INFO -  * Restarting with watchdog (windowsapi)
2025-07-25 15:46:19,392 - werkzeug - INFO -  * Restarting with watchdog (windowsapi)
2025-07-25 15:46:52,490 - werkzeug - INFO -  * Restarting with watchdog (windowsapi)
2025-07-25 15:51:26,664 - werkzeug - INFO -  * Restarting with watchdog (windowsapi)
2025-07-25 15:51:40,614 - werkzeug - INFO -  * Restarting with watchdog (windowsapi)
2025-07-25 15:52:39,461 - werkzeug - INFO -  * Restarting with watchdog (windowsapi)
2025-07-25 15:55:06,530 - werkzeug - INFO -  * Restarting with watchdog (windowsapi)
2025-07-25 15:59:11,166 - werkzeug - INFO -  * Restarting with watchdog (windowsapi)
2025-07-25 16:00:26,785 - werkzeug - INFO -  * Restarting with watchdog (windowsapi)
2025-07-25 16:00:38,650 - werkzeug - INFO -  * Restarting with watchdog (windowsapi)
2025-07-25 16:00:41,851 - werkzeug - INFO -  * Restarting with watchdog (windowsapi)
2025-07-25 16:00:59,211 - werkzeug - INFO -  * Restarting with watchdog (windowsapi)
2025-07-25 16:01:01,068 - werkzeug - INFO -  * Restarting with watchdog (windowsapi)
2025-07-25 16:01:02,918 - werkzeug - INFO -  * Restarting with watchdog (windowsapi)
2025-07-25 16:01:06,766 - werkzeug - INFO -  * Restarting with watchdog (windowsapi)
2025-07-25 16:01:08,615 - werkzeug - INFO -  * Restarting with watchdog (windowsapi)
2025-07-25 16:01:10,487 - werkzeug - INFO -  * Restarting with watchdog (windowsapi)
2025-07-25 16:01:13,352 - werkzeug - INFO -  * Restarting with watchdog (windowsapi)
2025-07-25 16:01:16,249 - werkzeug - INFO -  * Restarting with watchdog (windowsapi)
2025-07-25 16:01:24,216 - werkzeug - INFO -  * Restarting with watchdog (windowsapi)
2025-07-25 16:01:26,074 - werkzeug - INFO -  * Restarting with watchdog (windowsapi)
2025-07-25 16:03:46,583 - werkzeug - INFO -  * Restarting with watchdog (windowsapi)
2025-07-25 16:04:15,706 - werkzeug - INFO -  * Restarting with watchdog (windowsapi)
2025-07-25 16:04:28,639 - werkzeug - INFO -  * Restarting with watchdog (windowsapi)
2025-07-25 16:04:32,516 - werkzeug - INFO -  * Restarting with watchdog (windowsapi)
2025-07-25 16:06:32,666 - werkzeug - INFO -  * Restarting with watchdog (windowsapi)
2025-07-25 16:06:34,566 - werkzeug - INFO -  * Restarting with watchdog (windowsapi)
2025-07-25 16:06:46,513 - werkzeug - INFO -  * Restarting with watchdog (windowsapi)
2025-07-25 16:06:54,369 - werkzeug - INFO -  * Restarting with watchdog (windowsapi)
2025-07-25 16:07:12,415 - werkzeug - INFO -  * Restarting with watchdog (windowsapi)
2025-07-25 16:15:50,500 - werkzeug - INFO -  * Restarting with watchdog (windowsapi)
