2025-03-17 15:12:21,633 - werkzeug - WARNING -  * Debugger is active!
2025-03-17 15:12:21,635 - werkzeug - INFO -  * Debugger PIN: 691-175-853
2025-03-17 15:12:22,495 - Review.reviews.edwp_review - INFO - Starting EDWP review calculation
2025-03-17 15:12:28,280 - Review.reviews.edwp_review - INFO - 
EDWP Selection Summary:
2025-03-17 15:12:28,281 - Review.reviews.edwp_review - INFO - Total companies selected: 1545
2025-03-17 15:12:28,282 - Review.reviews.edwp_review - INFO - Total FFMC covered: 88.81%
2025-03-17 15:12:28,306 - Review.reviews.edwp_review - INFO - 
DEUP Selection Summary:
2025-03-17 15:12:28,312 - Review.reviews.edwp_review - INFO - Total companies selected: 431
2025-03-17 15:12:28,313 - Review.reviews.edwp_review - INFO - Total FFMC covered: 88.77%
2025-03-17 15:12:28,329 - Review.reviews.edwp_review - INFO - 
DEZP Selection Summary:
2025-03-17 15:12:28,330 - Review.reviews.edwp_review - INFO - Total companies selected: 178
2025-03-17 15:12:28,331 - Review.reviews.edwp_review - INFO - Total FFMC covered: 88.52%
2025-03-17 15:12:28,347 - Review.reviews.edwp_review - INFO - 
DAPPR Selection Summary:
2025-03-17 15:12:28,348 - Review.reviews.edwp_review - INFO - Total companies selected: 494
2025-03-17 15:12:28,349 - Review.reviews.edwp_review - INFO - Total FFMC covered: 85.85%
2025-03-17 15:12:28,362 - Review.reviews.edwp_review - INFO - 
DNAP Selection Summary:
2025-03-17 15:12:28,362 - Review.reviews.edwp_review - INFO - Total companies selected: 460
2025-03-17 15:12:28,363 - Review.reviews.edwp_review - INFO - Total FFMC covered: 85.75%
2025-03-17 15:12:28,376 - Review.reviews.edwp_review - INFO - 
DASP Selection Summary:
2025-03-17 15:12:28,377 - Review.reviews.edwp_review - INFO - Total companies selected: 394
2025-03-17 15:12:28,378 - Review.reviews.edwp_review - INFO - Total FFMC covered: 85.59%
2025-03-17 15:12:28,384 - Review.reviews.edwp_review - INFO - 
DPAP Selection Summary:
2025-03-17 15:12:28,385 - Review.reviews.edwp_review - INFO - Total companies selected: 95
2025-03-17 15:12:28,386 - Review.reviews.edwp_review - INFO - Total FFMC covered: 85.98%
2025-03-17 15:12:28,398 - Review.reviews.edwp_review - INFO - 
EUSP Selection Summary:
2025-03-17 15:12:28,399 - Review.reviews.edwp_review - INFO - Total companies selected: 371
2025-03-17 15:12:28,400 - Review.reviews.edwp_review - INFO - Total FFMC covered: 85.04%
2025-03-17 15:12:28,411 - Review.reviews.edwp_review - INFO - 
EJPP Selection Summary:
2025-03-17 15:12:28,412 - Review.reviews.edwp_review - INFO - Total companies selected: 337
2025-03-17 15:12:28,413 - Review.reviews.edwp_review - INFO - Total FFMC covered: 85.01%
2025-03-17 15:12:28,418 - Review.reviews.edwp_review - INFO - 
ECHP Selection Summary:
2025-03-17 15:12:28,419 - Review.reviews.edwp_review - INFO - Total companies selected: 24
2025-03-17 15:12:28,420 - Review.reviews.edwp_review - INFO - Total FFMC covered: 85.67%
2025-03-17 15:12:28,426 - Review.reviews.edwp_review - INFO - 
EUKP Selection Summary:
2025-03-17 15:12:28,427 - Review.reviews.edwp_review - INFO - Total companies selected: 83
2025-03-17 15:12:28,428 - Review.reviews.edwp_review - INFO - Total FFMC covered: 85.06%
2025-03-17 15:12:28,433 - Review.reviews.edwp_review - INFO - 
CANP Selection Summary:
2025-03-17 15:12:28,434 - Review.reviews.edwp_review - INFO - Total companies selected: 69
2025-03-17 15:12:28,434 - Review.reviews.edwp_review - INFO - Total FFMC covered: 85.18%
2025-03-17 15:12:28,445 - Review.reviews.edwp_review - INFO - 
Global Selection Summary:
2025-03-17 15:12:28,446 - Review.reviews.edwp_review - INFO - Total companies selected: 1545
2025-03-17 15:12:28,447 - Review.reviews.edwp_review - INFO - Total FFMC covered: 88.81%
2025-03-17 15:12:28,449 - Review.reviews.edwp_review - INFO - 
MIC-level Summary:
2025-03-17 15:12:28,450 - Review.reviews.edwp_review - INFO -       ISIN          FFMC  EDWP_selection
MIC                                     
ALXP     1  9.968077e+08               0
BATS     1  2.112040e+10               1
MERK     2  2.278097e+08               0
MTAA   237  5.901140e+11              26
WBAH    27  6.292269e+10               9
XAMS    79  1.132677e+12              16
XASX   878  1.527946e+12              75
XBRU    62  2.045026e+11              15
XCSE   102  5.132591e+11              12
XESM     2  1.518334e+09               0
XETR   223  1.747680e+12              31
XHEL   127  2.211743e+11              16
XHKG   236  4.848765e+11              23
XLIS    16  3.253346e+10               5
XLON   857  2.406037e+12              83
XMAD    91  5.438350e+11              13
XMSM    15  5.888329e+10               4
XNGM    52  5.491666e+08               0
XNGS  2653  2.837069e+13             180
XNYS  1730  2.815322e+13             368
XNZE    52  6.129570e+10              15
XOSL   237  1.757004e+11              41
XPAR   350  1.993030e+12              29
XSES   127  3.085594e+11              24
XSTO   630  7.504324e+11              67
XSWX   159  1.768558e+12              27
XTAE   282  1.937618e+11              59
XTKS  3664  5.213690e+12             337
XTSE   493  2.314548e+12              69
2025-03-17 15:12:28,469 - Review.reviews.edwp_review - INFO - Saving output to: C:\Users\CSonneveld\OneDrive - Euronext\Documents\Projects\GUI + Reviews\output\EDWP_df_20250317_151228.xlsx
2025-03-17 15:12:28,546 - Review.reviews.edwp_review - INFO - 
EDWP Changes Summary:
2025-03-17 15:12:28,547 - Review.reviews.edwp_review - INFO - Inclusions: 68
2025-03-17 15:12:28,547 - Review.reviews.edwp_review - INFO - Exclusions: 127
2025-03-17 15:12:28,566 - Review.reviews.edwp_review - INFO - 
DEUP Changes Summary:
2025-03-17 15:12:28,566 - Review.reviews.edwp_review - INFO - Inclusions: 18
2025-03-17 15:12:28,567 - Review.reviews.edwp_review - INFO - Exclusions: 48
2025-03-17 15:12:28,578 - Review.reviews.edwp_review - INFO - 
DEZP Changes Summary:
2025-03-17 15:12:28,578 - Review.reviews.edwp_review - INFO - Inclusions: 8
2025-03-17 15:12:28,578 - Review.reviews.edwp_review - INFO - Exclusions: 13
2025-03-17 15:12:28,599 - Review.reviews.edwp_review - INFO - 
DAPPR Changes Summary:
2025-03-17 15:12:28,600 - Review.reviews.edwp_review - INFO - Inclusions: 21
2025-03-17 15:12:28,600 - Review.reviews.edwp_review - INFO - Exclusions: 21
2025-03-17 15:12:28,620 - Review.reviews.edwp_review - INFO - 
DNAP Changes Summary:
2025-03-17 15:12:28,620 - Review.reviews.edwp_review - INFO - Inclusions: 22
2025-03-17 15:12:28,621 - Review.reviews.edwp_review - INFO - Exclusions: 52
2025-03-17 15:12:28,639 - Review.reviews.edwp_review - INFO - 
DASP Changes Summary:
2025-03-17 15:12:28,639 - Review.reviews.edwp_review - INFO - Inclusions: 17
2025-03-17 15:12:28,639 - Review.reviews.edwp_review - INFO - Exclusions: 17
2025-03-17 15:12:28,647 - Review.reviews.edwp_review - INFO - 
DPAP Changes Summary:
2025-03-17 15:12:28,647 - Review.reviews.edwp_review - INFO - Inclusions: 4
2025-03-17 15:12:28,648 - Review.reviews.edwp_review - INFO - Exclusions: 2
2025-03-17 15:12:28,665 - Review.reviews.edwp_review - INFO - 
EUSP Changes Summary:
2025-03-17 15:12:28,665 - Review.reviews.edwp_review - INFO - Inclusions: 15
2025-03-17 15:12:28,665 - Review.reviews.edwp_review - INFO - Exclusions: 39
2025-03-17 15:12:28,682 - Review.reviews.edwp_review - INFO - 
EJPP Changes Summary:
2025-03-17 15:12:28,683 - Review.reviews.edwp_review - INFO - Inclusions: 13
2025-03-17 15:12:28,683 - Review.reviews.edwp_review - INFO - Exclusions: 15
2025-03-17 15:12:28,688 - Review.reviews.edwp_review - INFO - 
ECHP Changes Summary:
2025-03-17 15:12:28,688 - Review.reviews.edwp_review - INFO - Inclusions: 1
2025-03-17 15:12:28,689 - Review.reviews.edwp_review - INFO - Exclusions: 1
2025-03-17 15:12:28,696 - Review.reviews.edwp_review - INFO - 
EUKP Changes Summary:
2025-03-17 15:12:28,696 - Review.reviews.edwp_review - INFO - Inclusions: 3
2025-03-17 15:12:28,697 - Review.reviews.edwp_review - INFO - Exclusions: 14
2025-03-17 15:12:28,704 - Review.reviews.edwp_review - INFO - 
CANP Changes Summary:
2025-03-17 15:12:28,704 - Review.reviews.edwp_review - INFO - Inclusions: 3
2025-03-17 15:12:28,704 - Review.reviews.edwp_review - INFO - Exclusions: 9
2025-03-17 15:12:32,535 - Review.reviews.edwp_review - INFO - Saving individual composition file for EDWP to: C:\Users\CSonneveld\OneDrive - Euronext\Documents\Projects\GUI + Reviews\output\EDWP_Composition_20250317_151228.xlsx
2025-03-17 15:12:32,665 - Review.reviews.edwp_review - INFO - Saving individual composition file for DEUP to: C:\Users\CSonneveld\OneDrive - Euronext\Documents\Projects\GUI + Reviews\output\DEUP_Composition_20250317_151228.xlsx
2025-03-17 15:12:32,701 - Review.reviews.edwp_review - INFO - Saving individual composition file for DEZP to: C:\Users\CSonneveld\OneDrive - Euronext\Documents\Projects\GUI + Reviews\output\DEZP_Composition_20250317_151228.xlsx
2025-03-17 15:12:32,721 - Review.reviews.edwp_review - INFO - Saving individual composition file for DAPPR to: C:\Users\CSonneveld\OneDrive - Euronext\Documents\Projects\GUI + Reviews\output\DAPPR_Composition_20250317_151228.xlsx
2025-03-17 15:12:32,759 - Review.reviews.edwp_review - INFO - Saving individual composition file for DNAP to: C:\Users\CSonneveld\OneDrive - Euronext\Documents\Projects\GUI + Reviews\output\DNAP_Composition_20250317_151228.xlsx
2025-03-17 15:12:32,809 - Review.reviews.edwp_review - INFO - Saving individual composition file for DASP to: C:\Users\CSonneveld\OneDrive - Euronext\Documents\Projects\GUI + Reviews\output\DASP_Composition_20250317_151228.xlsx
2025-03-17 15:12:32,841 - Review.reviews.edwp_review - INFO - Saving individual composition file for DPAP to: C:\Users\CSonneveld\OneDrive - Euronext\Documents\Projects\GUI + Reviews\output\DPAP_Composition_20250317_151228.xlsx
2025-03-17 15:12:32,857 - Review.reviews.edwp_review - INFO - Saving individual composition file for EUSP to: C:\Users\CSonneveld\OneDrive - Euronext\Documents\Projects\GUI + Reviews\output\EUSP_Composition_20250317_151228.xlsx
2025-03-17 15:12:32,890 - Review.reviews.edwp_review - INFO - Saving individual composition file for EJPP to: C:\Users\CSonneveld\OneDrive - Euronext\Documents\Projects\GUI + Reviews\output\EJPP_Composition_20250317_151228.xlsx
2025-03-17 15:12:32,919 - Review.reviews.edwp_review - INFO - Saving individual composition file for ECHP to: C:\Users\CSonneveld\OneDrive - Euronext\Documents\Projects\GUI + Reviews\output\ECHP_Composition_20250317_151228.xlsx
2025-03-17 15:12:32,934 - Review.reviews.edwp_review - INFO - Saving individual composition file for EUKP to: C:\Users\CSonneveld\OneDrive - Euronext\Documents\Projects\GUI + Reviews\output\EUKP_Composition_20250317_151228.xlsx
2025-03-17 15:12:32,951 - Review.reviews.edwp_review - INFO - Saving individual composition file for CANP to: C:\Users\CSonneveld\OneDrive - Euronext\Documents\Projects\GUI + Reviews\output\CANP_Composition_20250317_151228.xlsx
2025-03-17 15:12:32,969 - Review.reviews.edwp_review - INFO - Individual composition files saved: 12
2025-03-17 15:12:32,982 - werkzeug - INFO - 127.0.0.1 - - [17/Mar/2025 15:12:32] "POST /calculate HTTP/1.1" 200 -
2025-03-17 15:13:02,228 - Review.reviews.edwp_review - INFO - Starting EDWP review calculation
2025-03-17 15:13:07,560 - Review.reviews.edwp_review - INFO - 
EDWP Selection Summary:
2025-03-17 15:13:07,561 - Review.reviews.edwp_review - INFO - Total companies selected: 1545
2025-03-17 15:13:07,562 - Review.reviews.edwp_review - INFO - Total FFMC covered: 88.81%
2025-03-17 15:13:07,586 - Review.reviews.edwp_review - INFO - 
DEUP Selection Summary:
2025-03-17 15:13:07,587 - Review.reviews.edwp_review - INFO - Total companies selected: 431
2025-03-17 15:13:07,589 - Review.reviews.edwp_review - INFO - Total FFMC covered: 88.77%
2025-03-17 15:13:07,606 - Review.reviews.edwp_review - INFO - 
DEZP Selection Summary:
2025-03-17 15:13:07,607 - Review.reviews.edwp_review - INFO - Total companies selected: 178
2025-03-17 15:13:07,608 - Review.reviews.edwp_review - INFO - Total FFMC covered: 88.52%
2025-03-17 15:13:07,624 - Review.reviews.edwp_review - INFO - 
DAPPR Selection Summary:
2025-03-17 15:13:07,625 - Review.reviews.edwp_review - INFO - Total companies selected: 494
2025-03-17 15:13:07,626 - Review.reviews.edwp_review - INFO - Total FFMC covered: 85.85%
2025-03-17 15:13:07,638 - Review.reviews.edwp_review - INFO - 
DNAP Selection Summary:
2025-03-17 15:13:07,639 - Review.reviews.edwp_review - INFO - Total companies selected: 460
2025-03-17 15:13:07,640 - Review.reviews.edwp_review - INFO - Total FFMC covered: 85.75%
2025-03-17 15:13:07,653 - Review.reviews.edwp_review - INFO - 
DASP Selection Summary:
2025-03-17 15:13:07,654 - Review.reviews.edwp_review - INFO - Total companies selected: 394
2025-03-17 15:13:07,655 - Review.reviews.edwp_review - INFO - Total FFMC covered: 85.59%
2025-03-17 15:13:07,662 - Review.reviews.edwp_review - INFO - 
DPAP Selection Summary:
2025-03-17 15:13:07,663 - Review.reviews.edwp_review - INFO - Total companies selected: 95
2025-03-17 15:13:07,664 - Review.reviews.edwp_review - INFO - Total FFMC covered: 85.98%
2025-03-17 15:13:07,676 - Review.reviews.edwp_review - INFO - 
EUSP Selection Summary:
2025-03-17 15:13:07,677 - Review.reviews.edwp_review - INFO - Total companies selected: 371
2025-03-17 15:13:07,678 - Review.reviews.edwp_review - INFO - Total FFMC covered: 85.04%
2025-03-17 15:13:07,688 - Review.reviews.edwp_review - INFO - 
EJPP Selection Summary:
2025-03-17 15:13:07,690 - Review.reviews.edwp_review - INFO - Total companies selected: 337
2025-03-17 15:13:07,691 - Review.reviews.edwp_review - INFO - Total FFMC covered: 85.01%
2025-03-17 15:13:07,695 - Review.reviews.edwp_review - INFO - 
ECHP Selection Summary:
2025-03-17 15:13:07,696 - Review.reviews.edwp_review - INFO - Total companies selected: 24
2025-03-17 15:13:07,697 - Review.reviews.edwp_review - INFO - Total FFMC covered: 85.67%
2025-03-17 15:13:07,703 - Review.reviews.edwp_review - INFO - 
EUKP Selection Summary:
2025-03-17 15:13:07,704 - Review.reviews.edwp_review - INFO - Total companies selected: 83
2025-03-17 15:13:07,705 - Review.reviews.edwp_review - INFO - Total FFMC covered: 85.06%
2025-03-17 15:13:07,710 - Review.reviews.edwp_review - INFO - 
CANP Selection Summary:
2025-03-17 15:13:07,711 - Review.reviews.edwp_review - INFO - Total companies selected: 69
2025-03-17 15:13:07,712 - Review.reviews.edwp_review - INFO - Total FFMC covered: 85.18%
2025-03-17 15:13:07,722 - Review.reviews.edwp_review - INFO - 
Global Selection Summary:
2025-03-17 15:13:07,723 - Review.reviews.edwp_review - INFO - Total companies selected: 1545
2025-03-17 15:13:07,725 - Review.reviews.edwp_review - INFO - Total FFMC covered: 88.81%
2025-03-17 15:13:07,727 - Review.reviews.edwp_review - INFO - 
MIC-level Summary:
2025-03-17 15:13:07,728 - Review.reviews.edwp_review - INFO -       ISIN          FFMC  EDWP_selection
MIC                                     
ALXP     1  9.968077e+08               0
BATS     1  2.112040e+10               1
MERK     2  2.278097e+08               0
MTAA   237  5.901140e+11              26
WBAH    27  6.292269e+10               9
XAMS    79  1.132677e+12              16
XASX   878  1.527946e+12              75
XBRU    62  2.045026e+11              15
XCSE   102  5.132591e+11              12
XESM     2  1.518334e+09               0
XETR   223  1.747680e+12              31
XHEL   127  2.211743e+11              16
XHKG   236  4.848765e+11              23
XLIS    16  3.253346e+10               5
XLON   857  2.406037e+12              83
XMAD    91  5.438350e+11              13
XMSM    15  5.888329e+10               4
XNGM    52  5.491666e+08               0
XNGS  2653  2.837069e+13             180
XNYS  1730  2.815322e+13             368
XNZE    52  6.129570e+10              15
XOSL   237  1.757004e+11              41
XPAR   350  1.993030e+12              29
XSES   127  3.085594e+11              24
XSTO   630  7.504324e+11              67
XSWX   159  1.768558e+12              27
XTAE   282  1.937618e+11              59
XTKS  3664  5.213690e+12             337
XTSE   493  2.314548e+12              69
2025-03-17 15:13:07,744 - Review.reviews.edwp_review - INFO - Saving output to: C:\Users\CSonneveld\OneDrive - Euronext\Documents\Projects\GUI + Reviews\output\EDWP_df_20250317_151307.xlsx
2025-03-17 15:13:07,821 - Review.reviews.edwp_review - INFO - 
EDWP Changes Summary:
2025-03-17 15:13:07,822 - Review.reviews.edwp_review - INFO - Inclusions: 68
2025-03-17 15:13:07,822 - Review.reviews.edwp_review - INFO - Exclusions: 127
2025-03-17 15:13:07,841 - Review.reviews.edwp_review - INFO - 
DEUP Changes Summary:
2025-03-17 15:13:07,842 - Review.reviews.edwp_review - INFO - Inclusions: 18
2025-03-17 15:13:07,842 - Review.reviews.edwp_review - INFO - Exclusions: 48
2025-03-17 15:13:07,852 - Review.reviews.edwp_review - INFO - 
DEZP Changes Summary:
2025-03-17 15:13:07,853 - Review.reviews.edwp_review - INFO - Inclusions: 8
2025-03-17 15:13:07,853 - Review.reviews.edwp_review - INFO - Exclusions: 13
2025-03-17 15:13:07,874 - Review.reviews.edwp_review - INFO - 
DAPPR Changes Summary:
2025-03-17 15:13:07,874 - Review.reviews.edwp_review - INFO - Inclusions: 21
2025-03-17 15:13:07,874 - Review.reviews.edwp_review - INFO - Exclusions: 21
2025-03-17 15:13:07,894 - Review.reviews.edwp_review - INFO - 
DNAP Changes Summary:
2025-03-17 15:13:07,895 - Review.reviews.edwp_review - INFO - Inclusions: 22
2025-03-17 15:13:07,895 - Review.reviews.edwp_review - INFO - Exclusions: 52
2025-03-17 15:13:07,912 - Review.reviews.edwp_review - INFO - 
DASP Changes Summary:
2025-03-17 15:13:07,913 - Review.reviews.edwp_review - INFO - Inclusions: 17
2025-03-17 15:13:07,913 - Review.reviews.edwp_review - INFO - Exclusions: 17
2025-03-17 15:13:07,920 - Review.reviews.edwp_review - INFO - 
DPAP Changes Summary:
2025-03-17 15:13:07,921 - Review.reviews.edwp_review - INFO - Inclusions: 4
2025-03-17 15:13:07,921 - Review.reviews.edwp_review - INFO - Exclusions: 2
2025-03-17 15:13:07,939 - Review.reviews.edwp_review - INFO - 
EUSP Changes Summary:
2025-03-17 15:13:07,939 - Review.reviews.edwp_review - INFO - Inclusions: 15
2025-03-17 15:13:07,940 - Review.reviews.edwp_review - INFO - Exclusions: 39
2025-03-17 15:13:07,955 - Review.reviews.edwp_review - INFO - 
EJPP Changes Summary:
2025-03-17 15:13:07,956 - Review.reviews.edwp_review - INFO - Inclusions: 13
2025-03-17 15:13:07,956 - Review.reviews.edwp_review - INFO - Exclusions: 15
2025-03-17 15:13:07,961 - Review.reviews.edwp_review - INFO - 
ECHP Changes Summary:
2025-03-17 15:13:07,962 - Review.reviews.edwp_review - INFO - Inclusions: 1
2025-03-17 15:13:07,962 - Review.reviews.edwp_review - INFO - Exclusions: 1
2025-03-17 15:13:07,969 - Review.reviews.edwp_review - INFO - 
EUKP Changes Summary:
2025-03-17 15:13:07,970 - Review.reviews.edwp_review - INFO - Inclusions: 3
2025-03-17 15:13:07,970 - Review.reviews.edwp_review - INFO - Exclusions: 14
2025-03-17 15:13:07,977 - Review.reviews.edwp_review - INFO - 
CANP Changes Summary:
2025-03-17 15:13:07,978 - Review.reviews.edwp_review - INFO - Inclusions: 3
2025-03-17 15:13:07,978 - Review.reviews.edwp_review - INFO - Exclusions: 9
2025-03-17 15:13:11,959 - Review.reviews.edwp_review - INFO - Saving individual composition file for EDWP to: C:\Users\CSonneveld\OneDrive - Euronext\Documents\Projects\GUI + Reviews\output\EDWP_Composition_20250317_151307.xlsx
2025-03-17 15:13:12,063 - Review.reviews.edwp_review - INFO - Saving individual composition file for DEUP to: C:\Users\CSonneveld\OneDrive - Euronext\Documents\Projects\GUI + Reviews\output\DEUP_Composition_20250317_151307.xlsx
2025-03-17 15:13:12,096 - Review.reviews.edwp_review - INFO - Saving individual composition file for DEZP to: C:\Users\CSonneveld\OneDrive - Euronext\Documents\Projects\GUI + Reviews\output\DEZP_Composition_20250317_151307.xlsx
2025-03-17 15:13:12,117 - Review.reviews.edwp_review - INFO - Saving individual composition file for DAPPR to: C:\Users\CSonneveld\OneDrive - Euronext\Documents\Projects\GUI + Reviews\output\DAPPR_Composition_20250317_151307.xlsx
2025-03-17 15:13:12,155 - Review.reviews.edwp_review - INFO - Saving individual composition file for DNAP to: C:\Users\CSonneveld\OneDrive - Euronext\Documents\Projects\GUI + Reviews\output\DNAP_Composition_20250317_151307.xlsx
2025-03-17 15:13:12,190 - Review.reviews.edwp_review - INFO - Saving individual composition file for DASP to: C:\Users\CSonneveld\OneDrive - Euronext\Documents\Projects\GUI + Reviews\output\DASP_Composition_20250317_151307.xlsx
2025-03-17 15:13:12,225 - Review.reviews.edwp_review - INFO - Saving individual composition file for DPAP to: C:\Users\CSonneveld\OneDrive - Euronext\Documents\Projects\GUI + Reviews\output\DPAP_Composition_20250317_151307.xlsx
2025-03-17 15:13:12,242 - Review.reviews.edwp_review - INFO - Saving individual composition file for EUSP to: C:\Users\CSonneveld\OneDrive - Euronext\Documents\Projects\GUI + Reviews\output\EUSP_Composition_20250317_151307.xlsx
2025-03-17 15:13:12,272 - Review.reviews.edwp_review - INFO - Saving individual composition file for EJPP to: C:\Users\CSonneveld\OneDrive - Euronext\Documents\Projects\GUI + Reviews\output\EJPP_Composition_20250317_151307.xlsx
2025-03-17 15:13:12,303 - Review.reviews.edwp_review - INFO - Saving individual composition file for ECHP to: C:\Users\CSonneveld\OneDrive - Euronext\Documents\Projects\GUI + Reviews\output\ECHP_Composition_20250317_151307.xlsx
2025-03-17 15:13:12,315 - Review.reviews.edwp_review - INFO - Saving individual composition file for EUKP to: C:\Users\CSonneveld\OneDrive - Euronext\Documents\Projects\GUI + Reviews\output\EUKP_Composition_20250317_151307.xlsx
2025-03-17 15:13:12,332 - Review.reviews.edwp_review - INFO - Saving individual composition file for CANP to: C:\Users\CSonneveld\OneDrive - Euronext\Documents\Projects\GUI + Reviews\output\CANP_Composition_20250317_151307.xlsx
2025-03-17 15:13:12,348 - Review.reviews.edwp_review - INFO - Individual composition files saved: 12
2025-03-17 15:13:12,362 - werkzeug - INFO - 127.0.0.1 - - [17/Mar/2025 15:13:12] "POST /calculate HTTP/1.1" 200 -
2025-03-17 15:15:32,363 - werkzeug - INFO -  * Detected change in 'C:\\Users\\CSonneveld\\OneDrive - Euronext\\Documents\\Projects\\GUI + Reviews\\Review\\reviews\\edwp_review.py', reloading
2025-03-17 15:15:32,368 - werkzeug - INFO -  * Detected change in 'C:\\Users\\CSonneveld\\OneDrive - Euronext\\Documents\\Projects\\GUI + Reviews\\Review\\reviews\\edwp_review.py', reloading
2025-03-17 15:15:32,369 - werkzeug - INFO -  * Detected change in 'C:\\Users\\CSonneveld\\OneDrive - Euronext\\Documents\\Projects\\GUI + Reviews\\Review\\reviews\\edwp_review.py', reloading
