2025-09-02 09:44:50,825 - werkzeug - WARNING -  * Debugger is active!
2025-09-02 09:44:50,827 - werkzeug - INFO -  * Debugger PIN: 691-175-853
2025-09-02 09:44:51,043 - Review.reviews.ez40p_review - INFO - Loading EOD data...
2025-09-02 09:44:51,767 - Review.reviews.ez40p_review - INFO - Loading reference data...
2025-09-02 09:44:52,878 - Review.reviews.ez40p_review - INFO - Selecting top 40 companies with highest FFMC...
2025-09-02 09:44:52,884 - Review.reviews.ez40p_review - INFO - Saving EZ40P output to: C:\Users\CSonneveld\OneDrive - Euronext\Documents\Projects\GUI + Reviews\output\EZ40P_df_20250902_094452.xlsx
2025-09-02 09:44:53,115 - werkzeug - INFO - 127.0.0.1 - - [02/Sep/2025 09:44:53] "POST /calculate HTTP/1.1" 200 -
2025-09-02 11:21:04,276 - Review.reviews.ez60p_review - INFO - Loading EOD data...
2025-09-02 11:21:08,025 - Review.reviews.ez60p_review - INFO - Loading reference data...
2025-09-02 11:21:09,043 - Review.reviews.ez60p_review - INFO - Selecting top 60 companies with highest FFMC...
2025-09-02 11:21:09,049 - Review.reviews.ez60p_review - INFO - Saving EZ60P output to: C:\Users\CSonneveld\OneDrive - Euronext\Documents\Projects\GUI + Reviews\output\EZ60P_df_20250902_112109.xlsx
2025-09-02 11:21:09,250 - werkzeug - INFO - 127.0.0.1 - - [02/Sep/2025 11:21:09] "POST /calculate HTTP/1.1" 200 -
2025-09-02 11:21:13,230 - Review.reviews.ez15p_review - INFO - Loading EOD data...
2025-09-02 11:21:13,980 - Review.reviews.ez15p_review - INFO - Loading reference data...
2025-09-02 11:21:14,909 - Review.reviews.ez15p_review - INFO - Total universe: 300 companies
2025-09-02 11:21:14,909 - Review.reviews.ez15p_review - INFO - Excluded by turnover filter: 68 companies
2025-09-02 11:21:14,909 - Review.reviews.ez15p_review - INFO - Eligible for selection: 232 companies
2025-09-02 11:21:14,924 - Review.reviews.ez15p_review - INFO - Selecting top 150 companies with highest FFMC from eligible companies...
2025-09-02 11:21:14,926 - Review.reviews.ez15p_review - INFO - Saving EZ15P output to: C:\Users\CSonneveld\OneDrive - Euronext\Documents\Projects\GUI + Reviews\output\EZ15P_df_20250902_112114.xlsx
2025-09-02 11:21:15,011 - werkzeug - INFO - 127.0.0.1 - - [02/Sep/2025 11:21:15] "POST /calculate HTTP/1.1" 200 -
2025-09-02 11:21:25,078 - Review.reviews.ezn1p_review - INFO - Loading EOD data...
2025-09-02 11:21:26,210 - Review.reviews.ezn1p_review - INFO - Loading reference data...
2025-09-02 11:21:27,178 - Review.reviews.ezn1p_review - INFO - Total universe: 300 companies
2025-09-02 11:21:27,178 - Review.reviews.ezn1p_review - INFO - Excluded by turnover filter: 68 companies
2025-09-02 11:21:27,178 - Review.reviews.ezn1p_review - INFO - Eligible for selection: 232 companies
2025-09-02 11:21:27,178 - Review.reviews.ezn1p_review - INFO - Selecting top 150 companies with highest FFMC from eligible companies...
2025-09-02 11:21:27,178 - Review.reviews.ezn1p_review - INFO - Saving EZN1P output to: C:\Users\CSonneveld\OneDrive - Euronext\Documents\Projects\GUI + Reviews\output\EZN1P_df_20250902_112127.xlsx
2025-09-02 11:21:27,341 - werkzeug - INFO - 127.0.0.1 - - [02/Sep/2025 11:21:27] "POST /calculate HTTP/1.1" 200 -
2025-09-02 11:21:59,284 - Review.reviews.eri5p_review - INFO - Loading EOD data...
2025-09-02 11:22:01,031 - Review.reviews.eri5p_review - INFO - Loading reference data...
2025-09-02 11:22:02,346 - werkzeug - INFO -  * Detected change in 'C:\\Users\\CSonneveld\\OneDrive - Euronext\\Documents\\Projects\\GUI + Reviews\\Review\\reviews\\eri5p_review.py', reloading
2025-09-02 11:22:02,362 - Review.reviews.eri5p_review - INFO - Ranking validation:
2025-09-02 11:22:02,367 - Review.reviews.eri5p_review - INFO - Top 10 companies by overall ranking:
                Company  New Sustainability Score          FFMC  Overall_Ranking                                         All_Exclusion_Reasons
285          VERBUND AG                 10.000000  4.490764e+09                1                        Excluded: 100 days avg turnover < €22M
98       EDP RENOVAVEIS                 10.000000  2.721125e+09                2  Excluded: FFMC < €3B; Excluded: 100 days avg turnover < €22M
222                RELX                  9.943431  9.337019e+10                3                                                              
174             KPN KON                  9.943431  1.611962e+10                4                                                              
277  UNIBAIL-RODAMCO-WE                  9.943431  9.583460e+09                5                                                              
104              ENDESA                  9.943431  8.725176e+09                6                                                              
216           QIAGEN NV                  9.943431  8.036393e+09                7                                                              
170           KLEPIERRE                  9.943431  7.319263e+09                8                        Excluded: 100 days avg turnover < €22M
120          FORTUM OYJ                  9.943431  6.763131e+09                9                                                              
169       KION GROUP AG                  9.943431  2.946984e+09               10  Excluded: FFMC < €3B; Excluded: 100 days avg turnover < €22M
2025-09-02 11:22:02,371 - Review.reviews.eri5p_review - INFO - Top 10 eligible companies:
                Company  New Sustainability Score          FFMC  Eligible_Ranking
222                RELX                  9.943431  9.337019e+10               1.0
174             KPN KON                  9.943431  1.611962e+10               2.0
277  UNIBAIL-RODAMCO-WE                  9.943431  9.583460e+09               3.0
104              ENDESA                  9.943431  8.725176e+09               4.0
216           QIAGEN NV                  9.943431  8.036393e+09               5.0
120          FORTUM OYJ                  9.943431  6.763131e+09               6.0
124   FRESENIUS SE & CO                  9.859489  1.822777e+10               7.0
237              SANOFI                  9.750000  1.018128e+11               8.0
248   SIEMENS ENERGY AG                  9.750000  5.550806e+10               9.0
275                 UCB                  9.750000  1.957748e+10              10.0
2025-09-02 11:22:02,372 - Review.reviews.eri5p_review - INFO - Total universe: 300 companies
2025-09-02 11:22:02,372 - Review.reviews.eri5p_review - INFO - Total excluded: 168 companies
2025-09-02 11:22:02,372 - Review.reviews.eri5p_review - INFO - Eligible for selection: 132 companies
2025-09-02 11:22:02,373 - Review.reviews.eri5p_review - INFO - Selecting top 50 companies ranked by Sustainability Score (with FFMC as tiebreaker) from eligible companies...
2025-09-02 11:22:02,379 - Review.reviews.eri5p_review - INFO - Saving ERI5P output to: C:\Users\CSonneveld\OneDrive - Euronext\Documents\Projects\GUI + Reviews\output\ERI5P_df_20250902_112202.xlsx
2025-09-02 11:22:02,545 - werkzeug - INFO - 127.0.0.1 - - [02/Sep/2025 11:22:02] "POST /calculate HTTP/1.1" 200 -
2025-09-02 11:22:03,160 - Review.reviews.wifrp_review - INFO - Loading EOD data...
