2025-04-10 18:14:07,040 - werkzeug - WARNING -  * Debugger is active!
2025-04-10 18:14:07,043 - werkzeug - INFO -  * Debugger PIN: 691-175-853
2025-04-10 18:14:07,070 - Review.reviews.lc100_review - INFO - Loading EOD data...
2025-04-10 18:14:09,976 - Review.reviews.lc100_review - INFO - Loading reference data...
2025-04-10 18:14:19,462 - Review.reviews.lc100_review - WARNING - Removed 18750 duplicate rows from cdp_climate_df
2025-04-10 18:14:19,464 - Review.reviews.lc100_review - INFO - Filtering universe for EU500 companies...
2025-04-10 18:14:19,465 - Review.reviews.lc100_review - INFO - Universe size after EU500 filter: 499
2025-04-10 18:14:19,467 - Review.reviews.lc100_review - INFO - Adding Free Float data...
2025-04-10 18:14:19,470 - Review.reviews.lc100_review - INFO - Adding ICB Subsector data...
2025-04-10 18:14:19,485 - Review.reviews.lc100_review - WARNING - Removed 9316 duplicate rows from ICB data
2025-04-10 18:14:19,571 - Review.reviews.lc100_review - INFO - Debug file saved to C:\Users\CSonneveld\OneDrive - Euronext\Documents\Projects\GUI + Reviews\debug\universe_df_after_nace_20250410_181419.xlsx
2025-04-10 18:14:19,571 - Review.reviews.lc100_review - INFO - Adding CDP Climate data...
2025-04-10 18:14:19,576 - Review.reviews.lc100_review - INFO - Adding Oekom Trust & Carbon data...
2025-04-10 18:14:19,578 - Review.reviews.lc100_review - INFO - Adding NACE data...
2025-04-10 18:14:19,580 - Review.reviews.lc100_review - INFO - Adding EU Taxonomy flag...
2025-04-10 18:14:19,581 - Review.reviews.lc100_review - INFO - Checking GAFI lists and Non-fiscally cooperative countries...
2025-04-10 18:14:19,582 - Review.reviews.lc100_review - INFO - Applying exclusion criteria...
2025-04-10 18:14:19,589 - Review.reviews.lc100_review - INFO - Marked 50 companies (10%) with worst SG scores for exclusion
2025-04-10 18:14:19,607 - Review.reviews.lc100_review - INFO - Calculating Climate Score for ranking...
2025-04-10 18:14:19,609 - Review.reviews.lc100_review - INFO - Selecting EU Taxonomy companies...
2025-04-10 18:14:19,610 - Review.reviews.lc100_review - INFO - Found 14 EU Taxonomy companies after exclusions
2025-04-10 18:14:19,611 - Review.reviews.lc100_review - INFO - Found 302 Non-EU Taxonomy eligible companies after exclusions
2025-04-10 18:14:19,612 - Review.reviews.lc100_review - INFO - Target number of constituents: 100
2025-04-10 18:14:19,612 - Review.reviews.lc100_review - INFO - Number of EU Taxonomy companies: 14
2025-04-10 18:14:19,612 - Review.reviews.lc100_review - INFO - Target number of Non-EU Taxonomy companies: 86
2025-04-10 18:14:19,617 - Review.reviews.lc100_review - INFO - Super-sector allocation: 
    Supersector  Count  Target
0        1010.0     14       4
1        1510.0     17       5
2        2010.0     42      12
3        3010.0     45      13
4        3020.0     22       7
5        3030.0     26       8
6        3510.0     16       5
7        4010.0      6       2
8        4020.0     18       6
9        4030.0      8       3
10       4040.0      5       2
11       4050.0     11       4
12       4510.0     19       6
13       4520.0      8       3
14       5010.0      5       2
15       5020.0     29       9
16       5510.0      4       2
17       5520.0      6       2
18       6510.0      1       1
2025-04-10 18:14:19,629 - Review.reviews.lc100_review - INFO - Selected 96 companies, need to remove 10
2025-04-10 18:14:19,635 - Review.reviews.lc100_review - INFO - Removed 10 companies, new total: 86
2025-04-10 18:14:19,638 - Review.reviews.lc100_review - INFO - Final selection contains 100 companies
2025-04-10 18:14:19,638 - Review.reviews.lc100_review - INFO - - EU Taxonomy: 14
2025-04-10 18:14:19,638 - Review.reviews.lc100_review - INFO - - Non-EU Taxonomy: 86
2025-04-10 18:14:19,639 - Review.reviews.lc100_review - INFO - Initial weight allocations:
2025-04-10 18:14:19,639 - Review.reviews.lc100_review - INFO - - EU Taxonomy pocket: 10.00%
2025-04-10 18:14:19,639 - Review.reviews.lc100_review - INFO - - Non-EU Taxonomy pocket: 90.00%
2025-04-10 18:14:19,640 - Review.reviews.lc100_review - INFO - Saving output files...
2025-04-10 18:14:19,917 - Review.reviews.lc100_review - INFO - Results saved to C:\Users\CSonneveld\OneDrive - Euronext\Documents\Projects\GUI + Reviews\output\LC100_review_20250410_181419.xlsx
2025-04-10 18:14:19,945 - werkzeug - INFO - 127.0.0.1 - - [10/Apr/2025 18:14:19] "POST /calculate HTTP/1.1" 200 -
2025-04-10 18:15:00,563 - werkzeug - INFO -  * Detected change in 'C:\\Users\\CSonneveld\\AppData\\Roaming\\Python\\Python312\\site-packages\\pandas\\core\\series.py', reloading
