2026-02-10 11:03:02,424 - Review.reviews.esg50_review - INFO - Loading EOD data...
2026-02-10 11:03:03,442 - Review.reviews.esg50_review - INFO - Loading reference data...
2026-02-10 11:03:10,628 - Review.reviews.esg50_review - INFO - Starting universe size: 300
2026-02-10 11:03:10,695 - Review.reviews.esg50_review - ERROR - Error during ESG50 review calculation: 'Number of Shares'
2026-02-10 11:03:10,695 - Review.reviews.esg50_review - ERROR - Traceback (most recent call last):
  File "C:\Users\CSonneveld\AppData\Roaming\Python\Python312\site-packages\pandas\core\indexes\base.py", line 3805, in get_loc
    return self._engine.get_loc(casted_key)
           ^^^^^^^^^^^^^^^^^^^^^^^^^^^^^^^^
  File "index.pyx", line 167, in pandas._libs.index.IndexEngine.get_loc
  File "index.pyx", line 196, in pandas._libs.index.IndexEngine.get_loc
  File "pandas\\_libs\\hashtable_class_helper.pxi", line 7081, in pandas._libs.hashtable.PyObjectHashTable.get_item
  File "pandas\\_libs\\hashtable_class_helper.pxi", line 7089, in pandas._libs.hashtable.PyObjectHashTable.get_item
KeyError: 'Number of Shares'

The above exception was the direct cause of the following exception:

Traceback (most recent call last):
  File "C:\Users\CSonneveld\OneDrive - Euronext\Documents\Projects\GUI + Reviews\Review\reviews\esg50_review.py", line 122, in run_esg50_review
    * selection_df['Number of Shares']
      ~~~~~~~~~~~~^^^^^^^^^^^^^^^^^^^^
  File "C:\Users\CSonneveld\AppData\Roaming\Python\Python312\site-packages\pandas\core\frame.py", line 4102, in __getitem__
    indexer = self.columns.get_loc(key)
              ^^^^^^^^^^^^^^^^^^^^^^^^^
  File "C:\Users\CSonneveld\AppData\Roaming\Python\Python312\site-packages\pandas\core\indexes\base.py", line 3812, in get_loc
    raise KeyError(key) from err
KeyError: 'Number of Shares'

