2025-12-09 16:10:38,095 - werkzeug - WARNING -  * Debugger is active!
2025-12-09 16:10:38,098 - werkzeug - INFO -  * Debugger PIN: 691-175-853
2025-12-09 16:10:38,129 - werkzeug - INFO - 127.0.0.1 - - [09/Dec/2025 16:10:38] "GET /task-status/3a9cb149-ebed-4e72-9c7f-ce0d4c0e12d1 HTTP/1.1" 200 -
2025-12-09 16:10:40,633 - werkzeug - INFO - 127.0.0.1 - - [09/Dec/2025 16:10:40] "POST /calculate HTTP/1.1" 200 -
2025-12-09 16:10:40,633 - Review.reviews.edwp_review - INFO - Starting EDWP review calculation
2025-12-09 16:10:40,648 - werkzeug - INFO - 127.0.0.1 - - [09/Dec/2025 16:10:40] "GET /task-status/49e4c7ae-4631-4aca-845f-2f3ef2ddf044 HTTP/1.1" 200 -
2025-12-09 16:10:42,548 - Review.reviews.edwp_review - INFO - 
EDWP Selection Summary:
2025-12-09 16:10:42,564 - Review.reviews.edwp_review - INFO - Total companies selected: 1538
2025-12-09 16:10:42,565 - Review.reviews.edwp_review - INFO - Total FFMC covered: 88.82%
2025-12-09 16:10:42,588 - Review.reviews.edwp_review - INFO - 
DEUP Selection Summary:
2025-12-09 16:10:42,588 - Review.reviews.edwp_review - INFO - Total companies selected: 422
2025-12-09 16:10:42,593 - Review.reviews.edwp_review - INFO - Total FFMC covered: 88.60%
2025-12-09 16:10:42,609 - Review.reviews.edwp_review - INFO - 
DEZP Selection Summary:
2025-12-09 16:10:42,609 - Review.reviews.edwp_review - INFO - Total companies selected: 174
2025-12-09 16:10:42,609 - Review.reviews.edwp_review - INFO - Total FFMC covered: 87.98%
2025-12-09 16:10:42,629 - Review.reviews.edwp_review - INFO - 
DAPPR Selection Summary:
2025-12-09 16:10:42,629 - Review.reviews.edwp_review - INFO - Total companies selected: 491
2025-12-09 16:10:42,631 - Review.reviews.edwp_review - INFO - Total FFMC covered: 85.73%
2025-12-09 16:10:42,642 - Review.reviews.edwp_review - INFO - 
DNAP Selection Summary:
2025-12-09 16:10:42,646 - Review.reviews.edwp_review - INFO - Total companies selected: 448
2025-12-09 16:10:42,646 - Review.reviews.edwp_review - INFO - Total FFMC covered: 85.76%
2025-12-09 16:10:42,652 - werkzeug - INFO - 127.0.0.1 - - [09/Dec/2025 16:10:42] "GET /task-status/49e4c7ae-4631-4aca-845f-2f3ef2ddf044 HTTP/1.1" 200 -
2025-12-09 16:10:42,666 - Review.reviews.edwp_review - INFO - 
DASP Selection Summary:
2025-12-09 16:10:42,667 - Review.reviews.edwp_review - INFO - Total companies selected: 386
2025-12-09 16:10:42,669 - Review.reviews.edwp_review - INFO - Total FFMC covered: 85.51%
2025-12-09 16:10:42,675 - Review.reviews.edwp_review - INFO - 
DPAP Selection Summary:
2025-12-09 16:10:42,675 - Review.reviews.edwp_review - INFO - Total companies selected: 102
2025-12-09 16:10:42,675 - Review.reviews.edwp_review - INFO - Total FFMC covered: 86.15%
2025-12-09 16:10:42,691 - Review.reviews.edwp_review - INFO - 
EUSP Selection Summary:
2025-12-09 16:10:42,691 - Review.reviews.edwp_review - INFO - Total companies selected: 352
2025-12-09 16:10:42,692 - Review.reviews.edwp_review - INFO - Total FFMC covered: 85.01%
2025-12-09 16:10:42,703 - Review.reviews.edwp_review - INFO - 
EJPP Selection Summary:
2025-12-09 16:10:42,703 - Review.reviews.edwp_review - INFO - Total companies selected: 325
2025-12-09 16:10:42,704 - Review.reviews.edwp_review - INFO - Total FFMC covered: 85.04%
2025-12-09 16:10:42,708 - Review.reviews.edwp_review - INFO - 
ECHP Selection Summary:
2025-12-09 16:10:42,708 - Review.reviews.edwp_review - INFO - Total companies selected: 24
2025-12-09 16:10:42,711 - Review.reviews.edwp_review - INFO - Total FFMC covered: 85.70%
2025-12-09 16:10:42,717 - Review.reviews.edwp_review - INFO - 
EUKP Selection Summary:
2025-12-09 16:10:42,718 - Review.reviews.edwp_review - INFO - Total companies selected: 73
2025-12-09 16:10:42,719 - Review.reviews.edwp_review - INFO - Total FFMC covered: 85.06%
2025-12-09 16:10:42,725 - Review.reviews.edwp_review - INFO - 
CANP Selection Summary:
2025-12-09 16:10:42,725 - Review.reviews.edwp_review - INFO - Total companies selected: 75
2025-12-09 16:10:42,726 - Review.reviews.edwp_review - INFO - Total FFMC covered: 85.20%
2025-12-09 16:10:42,737 - Review.reviews.edwp_review - INFO - 
Global Selection Summary:
2025-12-09 16:10:42,738 - Review.reviews.edwp_review - INFO - Total companies selected: 1538
2025-12-09 16:10:42,739 - Review.reviews.edwp_review - INFO - Total FFMC covered: 88.82%
2025-12-09 16:10:42,743 - Review.reviews.edwp_review - INFO - 
MIC-level Summary:
2025-12-09 16:10:42,743 - Review.reviews.edwp_review - INFO -       ISIN          FFMC  EDWP_selection
MIC                                     
ALXP     1  8.636321e+08               0
BATS     1  2.298240e+10               1
DSME     1  1.117565e+07               0
FSME     2  4.179218e+08               0
MERK     2  2.709760e+08               0
MTAA   251  6.566315e+11              26
NEOE     1  4.911360e+07               0
SSME    15  4.087461e+09               0
WBAH    25  7.232654e+10               8
XAMS    83  1.210451e+12              18
XASE     3  8.042835e+09               0
XASX   943  1.469870e+12              80
XBRU    65  2.388090e+11              14
XCSE    97  3.691187e+11              16
XESM     2  1.671974e+09               2
XETR   239  1.735885e+12              33
XHEL   136  2.387672e+11              15
XHKG   288  5.378789e+11              26
XLIS    17  4.049522e+10               5
XLON   841  2.488872e+12              73
XMAD   102  6.681317e+11              13
XMSM     1  3.871140e+08               1
XNCM    33  9.086017e+10               1
XNGS  2583  2.972245e+13             176
XNMS    61  1.866260e+11               2
XNYS  1718  2.597860e+13             351
XNZE    56  5.624452e+10              16
XOSL   221  1.736930e+11              40
XPAR   352  1.937294e+12              29
XSES   162  3.321319e+11              26
XSTO   596  7.080121e+11              68
XSWX   157  1.722407e+12              26
XTAE   291  2.691930e+11              72
XTKS  3656  5.393683e+12             325
XTSE   499  2.536982e+12              75
2025-12-09 16:10:42,758 - Review.reviews.edwp_review - INFO - Saving output to: C:\Users\CSonneveld\OneDrive - Euronext\Documents\Projects\GUI + Reviews\output\EDWP_df_20251209_161042.xlsx
2025-12-09 16:10:42,867 - Review.reviews.edwp_review - INFO - 
EDWP Changes Summary:
2025-12-09 16:10:42,867 - Review.reviews.edwp_review - INFO - Inclusions: 69
2025-12-09 16:10:42,867 - Review.reviews.edwp_review - INFO - Exclusions: 111
2025-12-09 16:10:42,900 - Review.reviews.edwp_review - INFO - 
DEUP Changes Summary:
2025-12-09 16:10:42,900 - Review.reviews.edwp_review - INFO - Inclusions: 21
2025-12-09 16:10:42,900 - Review.reviews.edwp_review - INFO - Exclusions: 34
2025-12-09 16:10:42,932 - Review.reviews.edwp_review - INFO - 
DEZP Changes Summary:
2025-12-09 16:10:42,932 - Review.reviews.edwp_review - INFO - Inclusions: 8
2025-12-09 16:10:42,932 - Review.reviews.edwp_review - INFO - Exclusions: 13
2025-12-09 16:10:42,954 - Review.reviews.edwp_review - INFO - 
DAPPR Changes Summary:
2025-12-09 16:10:42,954 - Review.reviews.edwp_review - INFO - Inclusions: 25
2025-12-09 16:10:42,954 - Review.reviews.edwp_review - INFO - Exclusions: 39
2025-12-09 16:10:42,988 - Review.reviews.edwp_review - INFO - 
DNAP Changes Summary:
2025-12-09 16:10:42,988 - Review.reviews.edwp_review - INFO - Inclusions: 20
2025-12-09 16:10:42,988 - Review.reviews.edwp_review - INFO - Exclusions: 33
2025-12-09 16:10:43,007 - Review.reviews.edwp_review - INFO - 
DASP Changes Summary:
2025-12-09 16:10:43,007 - Review.reviews.edwp_review - INFO - Inclusions: 16
2025-12-09 16:10:43,007 - Review.reviews.edwp_review - INFO - Exclusions: 32
2025-12-09 16:10:43,021 - Review.reviews.edwp_review - INFO - 
DPAP Changes Summary:
2025-12-09 16:10:43,021 - Review.reviews.edwp_review - INFO - Inclusions: 9
2025-12-09 16:10:43,021 - Review.reviews.edwp_review - INFO - Exclusions: 4
2025-12-09 16:10:43,032 - Review.reviews.edwp_review - INFO - 
EUSP Changes Summary:
2025-12-09 16:10:43,032 - Review.reviews.edwp_review - INFO - Inclusions: 10
2025-12-09 16:10:43,032 - Review.reviews.edwp_review - INFO - Exclusions: 23
2025-12-09 16:10:43,062 - Review.reviews.edwp_review - INFO - 
EJPP Changes Summary:
2025-12-09 16:10:43,064 - Review.reviews.edwp_review - INFO - Inclusions: 13
2025-12-09 16:10:43,065 - Review.reviews.edwp_review - INFO - Exclusions: 30
2025-12-09 16:10:43,071 - Review.reviews.edwp_review - INFO - 
ECHP Changes Summary:
2025-12-09 16:10:43,071 - Review.reviews.edwp_review - INFO - Inclusions: 1
2025-12-09 16:10:43,071 - Review.reviews.edwp_review - INFO - Exclusions: 2
2025-12-09 16:10:43,084 - Review.reviews.edwp_review - INFO - 
EUKP Changes Summary:
2025-12-09 16:10:43,084 - Review.reviews.edwp_review - INFO - Inclusions: 2
2025-12-09 16:10:43,084 - Review.reviews.edwp_review - INFO - Exclusions: 7
2025-12-09 16:10:43,093 - Review.reviews.edwp_review - INFO - 
CANP Changes Summary:
2025-12-09 16:10:43,093 - Review.reviews.edwp_review - INFO - Inclusions: 4
2025-12-09 16:10:43,093 - Review.reviews.edwp_review - INFO - Exclusions: 3
2025-12-09 16:10:44,764 - werkzeug - INFO - 127.0.0.1 - - [09/Dec/2025 16:10:44] "GET /task-status/49e4c7ae-4631-4aca-845f-2f3ef2ddf044 HTTP/1.1" 200 -
2025-12-09 16:10:46,648 - werkzeug - INFO - 127.0.0.1 - - [09/Dec/2025 16:10:46] "GET /task-status/49e4c7ae-4631-4aca-845f-2f3ef2ddf044 HTTP/1.1" 200 -
2025-12-09 16:10:47,532 - Review.reviews.edwp_review - INFO - Saving individual composition file for EDWP to: C:\Users\CSonneveld\OneDrive - Euronext\Documents\Projects\GUI + Reviews\output\EDWP_Composition_20251209_161042.xlsx
2025-12-09 16:10:47,672 - Review.reviews.edwp_review - INFO - Saving individual composition file for DEUP to: C:\Users\CSonneveld\OneDrive - Euronext\Documents\Projects\GUI + Reviews\output\DEUP_Composition_20251209_161042.xlsx
2025-12-09 16:10:47,716 - Review.reviews.edwp_review - INFO - Saving individual composition file for DEZP to: C:\Users\CSonneveld\OneDrive - Euronext\Documents\Projects\GUI + Reviews\output\DEZP_Composition_20251209_161042.xlsx
2025-12-09 16:10:47,739 - Review.reviews.edwp_review - INFO - Saving individual composition file for DAPPR to: C:\Users\CSonneveld\OneDrive - Euronext\Documents\Projects\GUI + Reviews\output\DAPPR_Composition_20251209_161042.xlsx
2025-12-09 16:10:47,783 - Review.reviews.edwp_review - INFO - Saving individual composition file for DNAP to: C:\Users\CSonneveld\OneDrive - Euronext\Documents\Projects\GUI + Reviews\output\DNAP_Composition_20251209_161042.xlsx
2025-12-09 16:10:47,834 - Review.reviews.edwp_review - INFO - Saving individual composition file for DASP to: C:\Users\CSonneveld\OneDrive - Euronext\Documents\Projects\GUI + Reviews\output\DASP_Composition_20251209_161042.xlsx
2025-12-09 16:10:47,885 - Review.reviews.edwp_review - INFO - Saving individual composition file for DPAP to: C:\Users\CSonneveld\OneDrive - Euronext\Documents\Projects\GUI + Reviews\output\DPAP_Composition_20251209_161042.xlsx
2025-12-09 16:10:47,911 - Review.reviews.edwp_review - INFO - Saving individual composition file for EUSP to: C:\Users\CSonneveld\OneDrive - Euronext\Documents\Projects\GUI + Reviews\output\EUSP_Composition_20251209_161042.xlsx
2025-12-09 16:10:47,950 - Review.reviews.edwp_review - INFO - Saving individual composition file for EJPP to: C:\Users\CSonneveld\OneDrive - Euronext\Documents\Projects\GUI + Reviews\output\EJPP_Composition_20251209_161042.xlsx
2025-12-09 16:10:47,984 - Review.reviews.edwp_review - INFO - Saving individual composition file for ECHP to: C:\Users\CSonneveld\OneDrive - Euronext\Documents\Projects\GUI + Reviews\output\ECHP_Composition_20251209_161042.xlsx
2025-12-09 16:10:48,002 - Review.reviews.edwp_review - INFO - Saving individual composition file for EUKP to: C:\Users\CSonneveld\OneDrive - Euronext\Documents\Projects\GUI + Reviews\output\EUKP_Composition_20251209_161042.xlsx
2025-12-09 16:10:48,023 - Review.reviews.edwp_review - INFO - Saving individual composition file for CANP to: C:\Users\CSonneveld\OneDrive - Euronext\Documents\Projects\GUI + Reviews\output\CANP_Composition_20251209_161042.xlsx
2025-12-09 16:10:48,067 - Review.reviews.edwp_review - INFO - Individual composition files saved: 12
2025-12-09 16:10:48,651 - werkzeug - INFO - 127.0.0.1 - - [09/Dec/2025 16:10:48] "GET /task-status/49e4c7ae-4631-4aca-845f-2f3ef2ddf044 HTTP/1.1" 200 -
2025-12-09 16:47:50,418 - werkzeug - INFO -  * Detected change in 'C:\\Users\\CSonneveld\\OneDrive - Euronext\\Documents\\Projects\\GUI + Reviews\\Review\\reviews\\sbf80_review.py', reloading
