2025-04-10 17:30:57,725 - werkzeug - WARNING -  * Debugger is active!
2025-04-10 17:30:57,727 - werkzeug - INFO -  * Debugger PIN: 691-175-853
2025-04-10 17:31:01,258 - Review.reviews.lc100_review - INFO - Loading EOD data...
2025-04-10 17:31:04,032 - Review.reviews.lc100_review - INFO - Loading reference data...
2025-04-10 17:31:12,776 - Review.reviews.lc100_review - ERROR - Error during review calculation: Failed to load oekom_trustcarbon_df from reference data
2025-04-10 17:31:12,777 - Review.reviews.lc100_review - ERROR - Traceback (most recent call last):
  File "C:\Users\CSonneveld\OneDrive - Euronext\Documents\Projects\GUI + Reviews\Review\reviews\lc100_review.py", line 73, in run_lc100_review
    raise ValueError(f"Failed to load {df_name} from reference data")
ValueError: Failed to load oekom_trustcarbon_df from reference data

2025-04-10 17:31:12,803 - werkzeug - INFO - 127.0.0.1 - - [10/Apr/2025 17:31:12] "POST /calculate HTTP/1.1" 200 -
2025-04-10 17:31:47,055 - Review.reviews.lc100_review - INFO - Loading EOD data...
2025-04-10 17:31:51,683 - Review.reviews.lc100_review - INFO - Loading reference data...
2025-04-10 17:32:01,237 - Review.reviews.lc100_review - WARNING - Removed 18750 duplicate rows from cdp_climate_df
2025-04-10 17:32:01,239 - Review.reviews.lc100_review - INFO - Filtering universe for EU500 companies...
2025-04-10 17:32:01,240 - Review.reviews.lc100_review - INFO - Universe size after EU500 filter: 499
2025-04-10 17:32:01,240 - Review.reviews.lc100_review - INFO - Adding Free Float data...
2025-04-10 17:32:01,244 - Review.reviews.lc100_review - INFO - Adding ICB Subsector data...
2025-04-10 17:32:01,260 - Review.reviews.lc100_review - WARNING - Removed 9316 duplicate rows from ICB data
2025-04-10 17:32:01,366 - Review.reviews.lc100_review - INFO - Debug file saved to C:\Users\CSonneveld\OneDrive - Euronext\Documents\Projects\GUI + Reviews\debug\universe_df_after_nace_20250410_173201.xlsx
2025-04-10 17:32:01,367 - Review.reviews.lc100_review - INFO - Adding CDP Climate data...
2025-04-10 17:32:01,372 - Review.reviews.lc100_review - INFO - Adding Oekom Trust & Carbon data...
2025-04-10 17:32:01,374 - Review.reviews.lc100_review - INFO - Adding NACE data...
2025-04-10 17:32:01,376 - Review.reviews.lc100_review - INFO - Adding EU Taxonomy flag...
2025-04-10 17:32:01,377 - Review.reviews.lc100_review - INFO - Checking GAFI lists and Non-fiscally cooperative countries...
2025-04-10 17:32:01,378 - Review.reviews.lc100_review - INFO - Applying exclusion criteria...
2025-04-10 17:32:01,401 - Review.reviews.lc100_review - INFO - Calculating Climate Score for ranking...
2025-04-10 17:32:01,402 - Review.reviews.lc100_review - INFO - Selecting EU Taxonomy companies...
2025-04-10 17:32:01,403 - Review.reviews.lc100_review - INFO - Found 14 EU Taxonomy companies after exclusions
2025-04-10 17:32:01,405 - Review.reviews.lc100_review - INFO - Found 347 Non-EU Taxonomy eligible companies after exclusions
2025-04-10 17:32:01,408 - Review.reviews.lc100_review - INFO - Excluded 35 companies (10%) with worst SG scores
2025-04-10 17:32:01,409 - Review.reviews.lc100_review - INFO - Target number of constituents: 100
2025-04-10 17:32:01,409 - Review.reviews.lc100_review - INFO - Number of EU Taxonomy companies: 14
2025-04-10 17:32:01,409 - Review.reviews.lc100_review - INFO - Target number of Non-EU Taxonomy companies: 86
2025-04-10 17:32:01,430 - Review.reviews.lc100_review - INFO - Super-sector allocation: 
    Supersector  Count  Target
0        1010.0     15       5
1        1510.0     17       5
2        2010.0     43      12
3        3010.0     45      13
4        3020.0     24       7
5        3030.0     27       8
6        3510.0     16       5
7        4010.0      7       2
8        4020.0     18       5
9        4030.0      8       3
10       4040.0      6       2
11       4050.0     12       4
12       4510.0     20       6
13       4520.0      8       3
14       5010.0      6       2
15       5020.0     29       8
16       5510.0      4       2
17       5520.0      6       2
18       6510.0      1       1
2025-04-10 17:32:01,441 - Review.reviews.lc100_review - INFO - Selected 95 companies, need to remove 9
2025-04-10 17:32:01,445 - Review.reviews.lc100_review - INFO - Removed 9 companies, new total: 86
2025-04-10 17:32:01,447 - Review.reviews.lc100_review - INFO - Final selection contains 100 companies
2025-04-10 17:32:01,447 - Review.reviews.lc100_review - INFO - - EU Taxonomy: 14
2025-04-10 17:32:01,447 - Review.reviews.lc100_review - INFO - - Non-EU Taxonomy: 86
2025-04-10 17:32:01,448 - Review.reviews.lc100_review - INFO - Initial weight allocations:
2025-04-10 17:32:01,448 - Review.reviews.lc100_review - INFO - - EU Taxonomy pocket: 10.00%
2025-04-10 17:32:01,448 - Review.reviews.lc100_review - INFO - - Non-EU Taxonomy pocket: 90.00%
2025-04-10 17:32:01,449 - Review.reviews.lc100_review - INFO - Saving output files...
2025-04-10 17:32:01,724 - Review.reviews.lc100_review - INFO - Results saved to C:\Users\CSonneveld\OneDrive - Euronext\Documents\Projects\GUI + Reviews\output\LC100_review_20250410_173201.xlsx
2025-04-10 17:32:01,754 - werkzeug - INFO - 127.0.0.1 - - [10/Apr/2025 17:32:01] "POST /calculate HTTP/1.1" 200 -
2025-04-10 17:38:48,545 - werkzeug - INFO -  * Detected change in 'C:\\Users\\CSonneveld\\OneDrive - Euronext\\Documents\\Projects\\GUI + Reviews\\Review\\reviews\\lc100_review.py', reloading
2025-04-10 17:38:48,550 - werkzeug - INFO -  * Detected change in 'C:\\Users\\CSonneveld\\OneDrive - Euronext\\Documents\\Projects\\GUI + Reviews\\Review\\reviews\\lc100_review.py', reloading
