2025-12-05 13:13:04,920 - werkzeug - WARNING -  * Debugger is active!
2025-12-05 13:13:04,920 - werkzeug - INFO -  * Debugger PIN: 691-175-853
2025-12-05 13:13:04,942 - werkzeug - INFO - 127.0.0.1 - - [05/Dec/2025 13:13:04] "GET /task-status/00c9bd81-3d82-4198-9921-a2b7bc9f837e HTTP/1.1" 200 -
2025-12-05 13:13:06,306 - werkzeug - INFO - 127.0.0.1 - - [05/Dec/2025 13:13:06] "POST /calculate HTTP/1.1" 200 -
2025-12-05 13:13:06,307 - Review.reviews.uscle_review - INFO - Loading EOD data...
2025-12-05 13:13:06,310 - werkzeug - INFO - 127.0.0.1 - - [05/Dec/2025 13:13:06] "GET /task-status/b4ca2c23-86ed-4036-84dd-33179ec6309d HTTP/1.1" 200 -
2025-12-05 13:13:07,079 - Review.reviews.uscle_review - INFO - Loading reference data...
2025-12-05 13:13:08,328 - werkzeug - INFO - 127.0.0.1 - - [05/Dec/2025 13:13:08] "GET /task-status/b4ca2c23-86ed-4036-84dd-33179ec6309d HTTP/1.1" 200 -
2025-12-05 13:13:10,336 - werkzeug - INFO - 127.0.0.1 - - [05/Dec/2025 13:13:10] "GET /task-status/b4ca2c23-86ed-4036-84dd-33179ec6309d HTTP/1.1" 200 -
2025-12-05 13:13:10,965 - Review.reviews.uscle_review - INFO - Removed 42 companies with MIC = 'XTSE' from universe
2025-12-05 13:13:10,965 - Review.reviews.uscle_review - INFO - Remaining universe size: 458 companies
2025-12-05 13:13:10,978 - Review.reviews.uscle_review - ERROR - Error during review calculation: 'exclusion_1_MIC_XTSE'
2025-12-05 13:13:10,981 - Review.reviews.uscle_review - ERROR - Traceback (most recent call last):
  File "C:\Users\CSonneveld\AppData\Roaming\Python\Python312\site-packages\pandas\core\indexes\base.py", line 3805, in get_loc
    return self._engine.get_loc(casted_key)
           ^^^^^^^^^^^^^^^^^^^^^^^^^^^^^^^^
  File "index.pyx", line 167, in pandas._libs.index.IndexEngine.get_loc
  File "index.pyx", line 196, in pandas._libs.index.IndexEngine.get_loc
  File "pandas\\_libs\\hashtable_class_helper.pxi", line 7081, in pandas._libs.hashtable.PyObjectHashTable.get_item
  File "pandas\\_libs\\hashtable_class_helper.pxi", line 7089, in pandas._libs.hashtable.PyObjectHashTable.get_item
KeyError: 'exclusion_1_MIC_XTSE'

The above exception was the direct cause of the following exception:

Traceback (most recent call last):
  File "C:\Users\CSonneveld\OneDrive - Euronext\Documents\Projects\GUI + Reviews\Review\reviews\uscle_review.py", line 215, in run_uscle_review
    north_america_500_df['exclusion_1_MIC_XTSE'].isna()
    ~~~~~~~~~~~~~~~~~~~~^^^^^^^^^^^^^^^^^^^^^^^^
  File "C:\Users\CSonneveld\AppData\Roaming\Python\Python312\site-packages\pandas\core\frame.py", line 4102, in __getitem__
    indexer = self.columns.get_loc(key)
              ^^^^^^^^^^^^^^^^^^^^^^^^^
  File "C:\Users\CSonneveld\AppData\Roaming\Python\Python312\site-packages\pandas\core\indexes\base.py", line 3812, in get_loc
    raise KeyError(key) from err
KeyError: 'exclusion_1_MIC_XTSE'

2025-12-05 13:13:12,321 - werkzeug - INFO - 127.0.0.1 - - [05/Dec/2025 13:13:12] "GET /task-status/b4ca2c23-86ed-4036-84dd-33179ec6309d HTTP/1.1" 200 -
2025-12-05 13:16:30,341 - werkzeug - INFO -  * Detected change in 'C:\\Users\\CSonneveld\\OneDrive - Euronext\\Documents\\Projects\\GUI + Reviews\\utils\\data_loader.py', reloading
