2025-12-02 09:46:48,899 - werkzeug - INFO - [31m[1mWARNING: This is a development server. Do not use it in a production deployment. Use a production WSGI server instead.[0m
 * Running on all addresses (0.0.0.0)
 * Running on http://127.0.0.1:5000
 * Running on http://10.199.43.185:5000
2025-12-02 09:46:48,899 - werkzeug - INFO - [33mPress CTRL+C to quit[0m
2025-12-02 09:46:48,917 - werkzeug - INFO -  * Restarting with watchdog (windowsapi)
2025-12-02 09:46:50,988 - werkzeug - INFO -  * Restarting with watchdog (windowsapi)
2025-12-02 11:09:50,382 - werkzeug - INFO -  * Restarting with watchdog (windowsapi)
2025-12-02 13:52:30,808 - werkzeug - INFO -  * Restarting with watchdog (windowsapi)
2025-12-02 14:43:28,256 - werkzeug - INFO -  * Restarting with watchdog (windowsapi)
2025-12-02 14:43:32,934 - werkzeug - INFO -  * Restarting with watchdog (windowsapi)
2025-12-02 14:43:45,195 - werkzeug - INFO -  * Restarting with watchdog (windowsapi)
2025-12-02 14:53:19,064 - werkzeug - INFO -  * Restarting with watchdog (windowsapi)
2025-12-02 15:17:44,545 - werkzeug - INFO -  * Restarting with watchdog (windowsapi)
2025-12-02 15:17:52,776 - werkzeug - INFO -  * Restarting with watchdog (windowsapi)
2025-12-02 15:18:00,029 - werkzeug - INFO -  * Restarting with watchdog (windowsapi)
2025-12-02 15:18:03,335 - werkzeug - INFO -  * Restarting with watchdog (windowsapi)
2025-12-02 15:18:09,612 - werkzeug - INFO -  * Restarting with watchdog (windowsapi)
2025-12-02 15:18:11,731 - werkzeug - INFO -  * Restarting with watchdog (windowsapi)
2025-12-02 15:18:13,829 - werkzeug - INFO -  * Restarting with watchdog (windowsapi)
2025-12-02 15:18:18,079 - werkzeug - INFO -  * Restarting with watchdog (windowsapi)
2025-12-02 15:22:41,295 - werkzeug - INFO -  * Restarting with watchdog (windowsapi)
2025-12-02 15:52:10,264 - werkzeug - INFO -  * Restarting with watchdog (windowsapi)
2025-12-02 15:57:32,442 - werkzeug - INFO -  * Restarting with watchdog (windowsapi)
2025-12-02 15:58:04,085 - werkzeug - INFO -  * Restarting with watchdog (windowsapi)
2025-12-02 15:58:09,261 - werkzeug - INFO -  * Restarting with watchdog (windowsapi)
2025-12-02 15:58:16,605 - werkzeug - INFO -  * Restarting with watchdog (windowsapi)
2025-12-02 15:58:23,992 - werkzeug - INFO -  * Restarting with watchdog (windowsapi)
2025-12-02 15:58:57,851 - werkzeug - INFO -  * Restarting with watchdog (windowsapi)
2025-12-02 15:59:32,702 - werkzeug - INFO -  * Restarting with watchdog (windowsapi)
2025-12-02 15:59:39,163 - werkzeug - INFO -  * Restarting with watchdog (windowsapi)
2025-12-02 15:59:55,528 - werkzeug - INFO -  * Restarting with watchdog (windowsapi)
2025-12-02 16:00:06,702 - werkzeug - INFO -  * Restarting with watchdog (windowsapi)
2025-12-02 16:01:24,617 - werkzeug - INFO -  * Restarting with watchdog (windowsapi)
2025-12-02 16:01:27,934 - werkzeug - INFO -  * Restarting with watchdog (windowsapi)
2025-12-02 16:01:46,793 - werkzeug - INFO -  * Restarting with watchdog (windowsapi)
2025-12-02 16:02:41,581 - werkzeug - INFO -  * Restarting with watchdog (windowsapi)
