2025-06-30 17:08:06,186 - werkzeug - WARNING -  * Debugger is active!
2025-06-30 17:08:06,186 - werkzeug - INFO -  * Debugger PIN: 691-175-853
2025-06-30 17:08:07,142 - Review.reviews.gicp_review - INFO - Loading EOD data...
2025-06-30 17:08:07,779 - Review.reviews.gicp_review - INFO - Loading reference data...
2025-06-30 17:08:14,849 - Review.reviews.gicp_review - INFO - Processing market data...
2025-06-30 17:08:14,902 - Review.reviews.gicp_review - INFO - Selected 15 companies from Group 1 (EZ300)
2025-06-30 17:08:14,902 - Review.reviews.gicp_review - INFO - Selected 15 companies from Group 2 (NA500)
2025-06-30 17:08:14,913 - Review.reviews.gicp_review - INFO - Total selected: 30 companies
2025-06-30 17:08:15,107 - Review.reviews.gicp_review - INFO - Group 1 (EZ300) weight: 60.0000% (target: 60.00%)
2025-06-30 17:08:15,107 - Review.reviews.gicp_review - INFO - Group 2 (NA500) weight: 40.0000% (target: 40.00%)
2025-06-30 17:08:15,107 - Review.reviews.gicp_review - INFO - 
Final Weight Verification:
2025-06-30 17:08:15,107 - Review.reviews.gicp_review - INFO - Group 1 (EZ300) final weight: 60.0000%
2025-06-30 17:08:15,107 - Review.reviews.gicp_review - INFO - Group 2 (NA500) final weight: 40.0000%
2025-06-30 17:08:15,107 - Review.reviews.gicp_review - INFO - Maximum constituent weight: 9.4913%
2025-06-30 17:08:15,107 - Review.reviews.gicp_review - INFO - Saving GICP output to: C:\Users\CSonneveld\OneDrive - Euronext\Documents\Projects\GUI + Reviews\output\GICP_df_20250630_170815.xlsx
2025-06-30 17:08:15,352 - werkzeug - INFO - 10.199.43.197 - - [30/Jun/2025 17:08:15] "POST /calculate HTTP/1.1" 200 -
2025-07-02 11:17:46,541 - werkzeug - INFO -  * Detected change in 'C:\\Program Files\\Python312\\Lib\\logging\\handlers.py', reloading
2025-07-02 11:17:46,557 - werkzeug - INFO -  * Detected change in 'C:\\Program Files\\Python312\\Lib\\stat.py', reloading
2025-07-02 11:17:46,557 - werkzeug - INFO -  * Detected change in 'C:\\Program Files\\Python312\\Lib\\datetime.py', reloading
2025-07-02 11:17:46,557 - werkzeug - INFO -  * Detected change in 'C:\\Program Files\\Python312\\Lib\\_pydatetime.py', reloading
2025-07-02 11:17:46,614 - werkzeug - INFO -  * Detected change in 'C:\\Program Files\\Python312\\Lib\\functools.py', reloading
