2025-01-24 14:30:04,072 - werkzeug - WARNING -  * Debugger is active!
2025-01-24 14:30:04,074 - werkzeug - INFO -  * Debugger PIN: 691-175-853
2025-01-24 14:30:04,099 - Review.reviews.f4rip_review - INFO - Loading EOD data...
2025-01-24 14:30:07,417 - Review.reviews.f4rip_review - INFO - Loading reference data...
2025-01-24 14:30:08,006 - Review.reviews.f4rip_review - ERROR - Error during review calculation: 'ISIN'
2025-01-24 14:30:08,009 - Review.reviews.f4rip_review - ERROR - Traceback (most recent call last):
  File "C:\Users\CSonneveld\OneDrive - Euronext\Documents\Projects\GUI + Reviews\Review\reviews\f4rip_review.py", line 132, in run_f4rip_review
    selection_df = selection_df.merge(
                   ^^^^^^^^^^^^^^^^^^^
  File "C:\Users\CSonneveld\AppData\Roaming\Python\Python312\site-packages\pandas\core\frame.py", line 10832, in merge
    return merge(
           ^^^^^^
  File "C:\Users\CSonneveld\AppData\Roaming\Python\Python312\site-packages\pandas\core\reshape\merge.py", line 170, in merge
    op = _MergeOperation(
         ^^^^^^^^^^^^^^^^
  File "C:\Users\CSonneveld\AppData\Roaming\Python\Python312\site-packages\pandas\core\reshape\merge.py", line 794, in __init__
    ) = self._get_merge_keys()
        ^^^^^^^^^^^^^^^^^^^^^^
  File "C:\Users\CSonneveld\AppData\Roaming\Python\Python312\site-packages\pandas\core\reshape\merge.py", line 1310, in _get_merge_keys
    left_keys.append(left._get_label_or_level_values(lk))
                     ^^^^^^^^^^^^^^^^^^^^^^^^^^^^^^^^^^^
  File "C:\Users\CSonneveld\AppData\Roaming\Python\Python312\site-packages\pandas\core\generic.py", line 1911, in _get_label_or_level_values
    raise KeyError(key)
KeyError: 'ISIN'

2025-01-24 14:30:08,018 - werkzeug - INFO - 127.0.0.1 - - [24/Jan/2025 14:30:08] "POST /calculate HTTP/1.1" 200 -
2025-01-24 14:30:08,692 - Review.reviews.f4rip_review - INFO - Loading EOD data...
2025-01-24 14:30:09,299 - Review.reviews.f4rip_review - INFO - Loading reference data...
2025-01-24 14:30:09,798 - Review.reviews.f4rip_review - ERROR - Error during review calculation: 'ISIN'
2025-01-24 14:30:09,799 - Review.reviews.f4rip_review - ERROR - Traceback (most recent call last):
  File "C:\Users\CSonneveld\OneDrive - Euronext\Documents\Projects\GUI + Reviews\Review\reviews\f4rip_review.py", line 132, in run_f4rip_review
    selection_df = selection_df.merge(
                   ^^^^^^^^^^^^^^^^^^^
  File "C:\Users\CSonneveld\AppData\Roaming\Python\Python312\site-packages\pandas\core\frame.py", line 10832, in merge
    return merge(
           ^^^^^^
  File "C:\Users\CSonneveld\AppData\Roaming\Python\Python312\site-packages\pandas\core\reshape\merge.py", line 170, in merge
    op = _MergeOperation(
         ^^^^^^^^^^^^^^^^
  File "C:\Users\CSonneveld\AppData\Roaming\Python\Python312\site-packages\pandas\core\reshape\merge.py", line 794, in __init__
    ) = self._get_merge_keys()
        ^^^^^^^^^^^^^^^^^^^^^^
  File "C:\Users\CSonneveld\AppData\Roaming\Python\Python312\site-packages\pandas\core\reshape\merge.py", line 1310, in _get_merge_keys
    left_keys.append(left._get_label_or_level_values(lk))
                     ^^^^^^^^^^^^^^^^^^^^^^^^^^^^^^^^^^^
  File "C:\Users\CSonneveld\AppData\Roaming\Python\Python312\site-packages\pandas\core\generic.py", line 1911, in _get_label_or_level_values
    raise KeyError(key)
KeyError: 'ISIN'

2025-01-24 14:30:09,805 - werkzeug - INFO - 127.0.0.1 - - [24/Jan/2025 14:30:09] "POST /calculate HTTP/1.1" 200 -
2025-01-24 14:30:26,900 - werkzeug - INFO -  * Detected change in 'C:\\Users\\CSonneveld\\OneDrive - Euronext\\Documents\\Projects\\GUI + Reviews\\Review\\reviews\\f4rip_review.py', reloading
2025-01-24 14:30:26,901 - werkzeug - INFO -  * Detected change in 'C:\\Users\\CSonneveld\\OneDrive - Euronext\\Documents\\Projects\\GUI + Reviews\\Review\\reviews\\f4rip_review.py', reloading
