2025-02-10 14:30:47,123 - werkzeug - WARNING -  * Debugger is active!
2025-02-10 14:30:47,125 - werkzeug - INFO -  * Debugger PIN: 691-175-853
2025-02-10 14:30:55,566 - Review.reviews.aexew_review - INFO - Loading EOD data...
2025-02-10 14:30:57,896 - Review.reviews.aexew_review - INFO - Loading reference data...
2025-02-10 14:30:57,907 - Review.reviews.aexew_review - ERROR - Error during review calculation: 'NoneType' object has no attribute 'rename'
2025-02-10 14:30:57,908 - Review.reviews.aexew_review - ERROR - Traceback (most recent call last):
  File "C:\Users\CSonneveld\OneDrive - Euronext\Documents\Projects\GUI + Reviews\Review\reviews\aexew_review.py", line 44, in run_aexew_review
    .rename(columns={
     ^^^^^^
AttributeError: 'NoneType' object has no attribute 'rename'

2025-02-10 14:30:57,914 - werkzeug - INFO - 127.0.0.1 - - [10/Feb/2025 14:30:57] "POST /calculate HTTP/1.1" 200 -
2025-02-10 14:31:05,795 - Review.reviews.aexew_review - INFO - Loading EOD data...
2025-02-10 14:31:07,059 - Review.reviews.aexew_review - INFO - Loading reference data...
2025-02-10 14:31:07,071 - Review.reviews.aexew_review - ERROR - Error during review calculation: 'NoneType' object has no attribute 'rename'
2025-02-10 14:31:07,072 - Review.reviews.aexew_review - ERROR - Traceback (most recent call last):
  File "C:\Users\CSonneveld\OneDrive - Euronext\Documents\Projects\GUI + Reviews\Review\reviews\aexew_review.py", line 44, in run_aexew_review
    .rename(columns={
     ^^^^^^
AttributeError: 'NoneType' object has no attribute 'rename'

2025-02-10 14:31:07,078 - werkzeug - INFO - 127.0.0.1 - - [10/Feb/2025 14:31:07] "POST /calculate HTTP/1.1" 200 -
2025-02-10 14:31:12,128 - Review.reviews.aexew_review - INFO - Loading EOD data...
2025-02-10 14:31:12,820 - Review.reviews.aexew_review - INFO - Loading reference data...
2025-02-10 14:31:12,831 - Review.reviews.aexew_review - ERROR - Error during review calculation: 'NoneType' object has no attribute 'rename'
2025-02-10 14:31:12,832 - Review.reviews.aexew_review - ERROR - Traceback (most recent call last):
  File "C:\Users\CSonneveld\OneDrive - Euronext\Documents\Projects\GUI + Reviews\Review\reviews\aexew_review.py", line 44, in run_aexew_review
    .rename(columns={
     ^^^^^^
AttributeError: 'NoneType' object has no attribute 'rename'

2025-02-10 14:31:12,837 - werkzeug - INFO - 127.0.0.1 - - [10/Feb/2025 14:31:12] "POST /calculate HTTP/1.1" 200 -
2025-02-10 14:31:18,065 - werkzeug - INFO -  * Detected change in 'C:\\Users\\CSonneveld\\OneDrive - Euronext\\Documents\\Projects\\GUI + Reviews\\Review\\reviews\\aerdp_review.py', reloading
2025-02-10 14:31:18,066 - werkzeug - INFO -  * Detected change in 'C:\\Users\\CSonneveld\\OneDrive - Euronext\\Documents\\Projects\\GUI + Reviews\\Review\\reviews\\aerdp_review.py', reloading
2025-02-10 14:31:18,066 - werkzeug - INFO -  * Detected change in 'C:\\Users\\CSonneveld\\OneDrive - Euronext\\Documents\\Projects\\GUI + Reviews\\Review\\reviews\\aerdp_review.py', reloading
