2025-09-16 16:40:46,521 - werkzeug - INFO - [31m[1mWARNING: This is a development server. Do not use it in a production deployment. Use a production WSGI server instead.[0m
 * Running on all addresses (0.0.0.0)
 * Running on http://127.0.0.1:5000
 * Running on http://10.199.43.185:5000
2025-09-16 16:40:46,521 - werkzeug - INFO - [33mPress CTRL+C to quit[0m
2025-09-16 16:40:46,563 - werkzeug - INFO -  * Restarting with watchdog (windowsapi)
2025-09-16 16:40:51,767 - werkzeug - INFO -  * Restarting with watchdog (windowsapi)
2025-09-16 16:40:57,808 - werkzeug - INFO -  * Restarting with watchdog (windowsapi)
2025-09-16 16:41:36,675 - werkzeug - INFO -  * Restarting with watchdog (windowsapi)
2025-09-16 18:02:39,331 - werkzeug - INFO -  * Restarting with watchdog (windowsapi)
2025-09-16 18:16:16,096 - werkzeug - INFO -  * Restarting with watchdog (windowsapi)
2025-09-16 18:16:18,052 - werkzeug - INFO -  * Restarting with watchdog (windowsapi)
2025-09-16 18:16:31,081 - werkzeug - INFO -  * Restarting with watchdog (windowsapi)
2025-09-16 18:16:36,067 - werkzeug - INFO -  * Restarting with watchdog (windowsapi)
2025-09-16 18:16:41,111 - werkzeug - INFO -  * Restarting with watchdog (windowsapi)
2025-09-16 19:14:44,948 - werkzeug - INFO -  * Restarting with watchdog (windowsapi)
2025-09-16 19:15:05,566 - werkzeug - INFO -  * Restarting with watchdog (windowsapi)
2025-09-16 19:16:50,720 - werkzeug - INFO -  * Restarting with watchdog (windowsapi)
2025-09-16 19:16:52,680 - werkzeug - INFO -  * Restarting with watchdog (windowsapi)
2025-09-16 19:29:29,619 - werkzeug - INFO -  * Restarting with watchdog (windowsapi)
2025-09-16 19:31:34,204 - werkzeug - INFO -  * Restarting with watchdog (windowsapi)
2025-09-16 19:31:50,360 - werkzeug - INFO -  * Restarting with watchdog (windowsapi)
2025-09-16 19:32:00,465 - werkzeug - INFO -  * Restarting with watchdog (windowsapi)
2025-09-16 19:32:02,379 - werkzeug - INFO -  * Restarting with watchdog (windowsapi)
2025-09-16 19:32:13,404 - werkzeug - INFO -  * Restarting with watchdog (windowsapi)
2025-09-16 19:32:19,588 - werkzeug - INFO -  * Restarting with watchdog (windowsapi)
2025-09-16 19:32:26,576 - werkzeug - INFO -  * Restarting with watchdog (windowsapi)
2025-09-16 19:32:31,490 - werkzeug - INFO -  * Restarting with watchdog (windowsapi)
2025-09-16 19:32:33,472 - werkzeug - INFO -  * Restarting with watchdog (windowsapi)
2025-09-16 19:32:46,567 - werkzeug - INFO -  * Restarting with watchdog (windowsapi)
2025-09-16 19:32:48,540 - werkzeug - INFO -  * Restarting with watchdog (windowsapi)
2025-09-16 19:33:11,773 - werkzeug - INFO -  * Restarting with watchdog (windowsapi)
2025-09-16 19:33:30,930 - werkzeug - INFO -  * Restarting with watchdog (windowsapi)
2025-09-16 19:33:42,997 - werkzeug - INFO -  * Restarting with watchdog (windowsapi)
2025-09-16 19:33:54,974 - werkzeug - INFO -  * Restarting with watchdog (windowsapi)
2025-09-16 19:34:06,967 - werkzeug - INFO -  * Restarting with watchdog (windowsapi)
2025-09-16 19:34:12,890 - werkzeug - INFO -  * Restarting with watchdog (windowsapi)
2025-09-16 19:34:17,887 - werkzeug - INFO -  * Restarting with watchdog (windowsapi)
2025-09-16 19:34:29,011 - werkzeug - INFO -  * Restarting with watchdog (windowsapi)
2025-09-16 19:34:58,159 - werkzeug - INFO -  * Restarting with watchdog (windowsapi)
2025-09-16 19:37:09,798 - werkzeug - INFO -  * Restarting with watchdog (windowsapi)
2025-09-16 19:37:43,253 - werkzeug - INFO -  * Restarting with watchdog (windowsapi)
2025-09-16 19:39:33,770 - werkzeug - INFO -  * Restarting with watchdog (windowsapi)
2025-09-16 19:39:44,759 - werkzeug - INFO -  * Restarting with watchdog (windowsapi)
2025-09-16 19:40:14,946 - werkzeug - INFO -  * Restarting with watchdog (windowsapi)
2025-09-16 19:40:16,894 - werkzeug - INFO -  * Restarting with watchdog (windowsapi)
2025-09-16 19:46:45,386 - werkzeug - INFO -  * Restarting with watchdog (windowsapi)
2025-09-16 19:48:03,682 - werkzeug - INFO -  * Restarting with watchdog (windowsapi)
2025-09-16 19:48:05,727 - werkzeug - INFO -  * Restarting with watchdog (windowsapi)
2025-09-16 19:48:36,015 - werkzeug - INFO -  * Restarting with watchdog (windowsapi)
2025-09-16 19:51:14,896 - werkzeug - INFO -  * Restarting with watchdog (windowsapi)
2025-09-16 19:51:17,114 - werkzeug - INFO -  * Restarting with watchdog (windowsapi)
