2025-09-15 19:34:16,378 - werkzeug - WARNING -  * Debugger is active!
2025-09-15 19:34:16,382 - werkzeug - INFO -  * Debugger PIN: 691-175-853
2025-09-15 19:34:17,456 - werkzeug - INFO - 127.0.0.1 - - [15/Sep/2025 19:34:17] "POST /calculate HTTP/1.1" 200 -
2025-09-15 19:34:17,456 - Review.reviews.fri4p_review - INFO - Loading EOD data...
2025-09-15 19:34:17,456 - werkzeug - INFO - 127.0.0.1 - - [15/Sep/2025 19:34:17] "GET /task-status/7471a57b-2b45-4e0d-b5b3-bc683bad2a5c HTTP/1.1" 200 -
2025-09-15 19:34:19,465 - werkzeug - INFO - 127.0.0.1 - - [15/Sep/2025 19:34:19] "GET /task-status/7471a57b-2b45-4e0d-b5b3-bc683bad2a5c HTTP/1.1" 200 -
2025-09-15 19:34:19,471 - Review.reviews.fri4p_review - INFO - Loading reference data...
2025-09-15 19:34:21,469 - werkzeug - INFO - 127.0.0.1 - - [15/Sep/2025 19:34:21] "GET /task-status/7471a57b-2b45-4e0d-b5b3-bc683bad2a5c HTTP/1.1" 200 -
2025-09-15 19:34:23,505 - werkzeug - INFO - 127.0.0.1 - - [15/Sep/2025 19:34:23] "GET /task-status/7471a57b-2b45-4e0d-b5b3-bc683bad2a5c HTTP/1.1" 200 -
2025-09-15 19:34:25,505 - werkzeug - INFO - 127.0.0.1 - - [15/Sep/2025 19:34:25] "GET /task-status/7471a57b-2b45-4e0d-b5b3-bc683bad2a5c HTTP/1.1" 200 -
2025-09-15 19:34:27,465 - werkzeug - INFO - 127.0.0.1 - - [15/Sep/2025 19:34:27] "GET /task-status/7471a57b-2b45-4e0d-b5b3-bc683bad2a5c HTTP/1.1" 200 -
2025-09-15 19:34:29,472 - werkzeug - INFO - 127.0.0.1 - - [15/Sep/2025 19:34:29] "GET /task-status/7471a57b-2b45-4e0d-b5b3-bc683bad2a5c HTTP/1.1" 200 -
2025-09-15 19:34:30,222 - Review.reviews.fri4p_review - INFO - Processing sector: 1010.0, area: AS, group size: 46
2025-09-15 19:34:30,222 - Review.reviews.fri4p_review - INFO - Companies in group: 46, to exclude: 9
2025-09-15 19:34:30,222 - Review.reviews.fri4p_review - INFO - Processing sector: 1010.0, area: EU, group size: 24
2025-09-15 19:34:30,222 - Review.reviews.fri4p_review - INFO - Companies in group: 24, to exclude: 4
2025-09-15 19:34:30,222 - Review.reviews.fri4p_review - INFO - Processing sector: 1010.0, area: NA, group size: 86
2025-09-15 19:34:30,222 - Review.reviews.fri4p_review - INFO - Companies in group: 86, to exclude: 17
2025-09-15 19:34:30,222 - Review.reviews.fri4p_review - INFO - Processing sector: 1510.0, area: AS, group size: 12
2025-09-15 19:34:30,222 - Review.reviews.fri4p_review - INFO - Companies in group: 12, to exclude: 2
2025-09-15 19:34:30,222 - Review.reviews.fri4p_review - INFO - Processing sector: 1510.0, area: EU, group size: 20
2025-09-15 19:34:30,222 - Review.reviews.fri4p_review - INFO - Companies in group: 20, to exclude: 3
2025-09-15 19:34:30,222 - Review.reviews.fri4p_review - INFO - Processing sector: 1510.0, area: NA, group size: 10
2025-09-15 19:34:30,222 - Review.reviews.fri4p_review - INFO - Companies in group: 10, to exclude: 1
2025-09-15 19:34:30,222 - Review.reviews.fri4p_review - INFO - Processing sector: 2010.0, area: AS, group size: 30
2025-09-15 19:34:30,222 - Review.reviews.fri4p_review - INFO - Companies in group: 30, to exclude: 5
2025-09-15 19:34:30,232 - Review.reviews.fri4p_review - INFO - Processing sector: 2010.0, area: EU, group size: 47
2025-09-15 19:34:30,232 - Review.reviews.fri4p_review - INFO - Companies in group: 47, to exclude: 9
2025-09-15 19:34:30,232 - Review.reviews.fri4p_review - INFO - Processing sector: 2010.0, area: NA, group size: 44
2025-09-15 19:34:30,232 - Review.reviews.fri4p_review - INFO - Companies in group: 44, to exclude: 8
2025-09-15 19:34:30,234 - Review.reviews.fri4p_review - INFO - Processing sector: 3010.0, area: AS, group size: 32
2025-09-15 19:34:30,234 - Review.reviews.fri4p_review - INFO - Companies in group: 32, to exclude: 6
2025-09-15 19:34:30,234 - Review.reviews.fri4p_review - INFO - Processing sector: 3010.0, area: EU, group size: 46
2025-09-15 19:34:30,234 - Review.reviews.fri4p_review - INFO - Companies in group: 46, to exclude: 9
2025-09-15 19:34:30,234 - Review.reviews.fri4p_review - INFO - Processing sector: 3010.0, area: NA, group size: 20
2025-09-15 19:34:30,236 - Review.reviews.fri4p_review - INFO - Companies in group: 20, to exclude: 3
2025-09-15 19:34:30,236 - Review.reviews.fri4p_review - INFO - Processing sector: 3020.0, area: AS, group size: 17
2025-09-15 19:34:30,236 - Review.reviews.fri4p_review - INFO - Companies in group: 17, to exclude: 3
2025-09-15 19:34:30,238 - Review.reviews.fri4p_review - INFO - Processing sector: 3020.0, area: EU, group size: 34
2025-09-15 19:34:30,238 - Review.reviews.fri4p_review - INFO - Companies in group: 34, to exclude: 6
2025-09-15 19:34:30,239 - Review.reviews.fri4p_review - INFO - Processing sector: 3020.0, area: NA, group size: 32
2025-09-15 19:34:30,240 - Review.reviews.fri4p_review - INFO - Companies in group: 32, to exclude: 6
2025-09-15 19:34:30,240 - Review.reviews.fri4p_review - INFO - Processing sector: 3030.0, area: AS, group size: 14
2025-09-15 19:34:30,241 - Review.reviews.fri4p_review - INFO - Companies in group: 14, to exclude: 2
2025-09-15 19:34:30,241 - Review.reviews.fri4p_review - INFO - Processing sector: 3030.0, area: EU, group size: 30
2025-09-15 19:34:30,241 - Review.reviews.fri4p_review - INFO - Companies in group: 30, to exclude: 5
2025-09-15 19:34:30,241 - Review.reviews.fri4p_review - INFO - Processing sector: 3030.0, area: NA, group size: 23
2025-09-15 19:34:30,242 - Review.reviews.fri4p_review - INFO - Companies in group: 23, to exclude: 4
2025-09-15 19:34:30,242 - Review.reviews.fri4p_review - INFO - Processing sector: 3510.0, area: AS, group size: 46
2025-09-15 19:34:30,242 - Review.reviews.fri4p_review - INFO - Companies in group: 46, to exclude: 9
2025-09-15 19:34:30,242 - Review.reviews.fri4p_review - INFO - Processing sector: 3510.0, area: EU, group size: 26
2025-09-15 19:34:30,243 - Review.reviews.fri4p_review - INFO - Companies in group: 26, to exclude: 5
2025-09-15 19:34:30,243 - Review.reviews.fri4p_review - INFO - Processing sector: 3510.0, area: NA, group size: 19
2025-09-15 19:34:30,243 - Review.reviews.fri4p_review - INFO - Companies in group: 19, to exclude: 3
2025-09-15 19:34:30,243 - Review.reviews.fri4p_review - INFO - Processing sector: 4010.0, area: AS, group size: 16
2025-09-15 19:34:30,243 - Review.reviews.fri4p_review - INFO - Companies in group: 16, to exclude: 3
2025-09-15 19:34:30,243 - Review.reviews.fri4p_review - INFO - Processing sector: 4010.0, area: EU, group size: 13
2025-09-15 19:34:30,243 - Review.reviews.fri4p_review - INFO - Companies in group: 13, to exclude: 2
2025-09-15 19:34:30,244 - Review.reviews.fri4p_review - INFO - Processing sector: 4010.0, area: NA, group size: 4
2025-09-15 19:34:30,244 - Review.reviews.fri4p_review - INFO - Companies in group: 4, to exclude: 0
2025-09-15 19:34:30,244 - Review.reviews.fri4p_review - WARNING - No companies to exclude for sector 4010.0 and area NA
2025-09-15 19:34:30,244 - Review.reviews.fri4p_review - INFO - Processing sector: 4020.0, area: AS, group size: 25
2025-09-15 19:34:30,244 - Review.reviews.fri4p_review - INFO - Companies in group: 25, to exclude: 4
2025-09-15 19:34:30,244 - Review.reviews.fri4p_review - INFO - Processing sector: 4020.0, area: EU, group size: 21
2025-09-15 19:34:30,245 - Review.reviews.fri4p_review - INFO - Companies in group: 21, to exclude: 4
2025-09-15 19:34:30,245 - Review.reviews.fri4p_review - INFO - Processing sector: 4020.0, area: NA, group size: 18
2025-09-15 19:34:30,245 - Review.reviews.fri4p_review - INFO - Companies in group: 18, to exclude: 3
2025-09-15 19:34:30,245 - Review.reviews.fri4p_review - INFO - Processing sector: 4030.0, area: AS, group size: 6
2025-09-15 19:34:30,245 - Review.reviews.fri4p_review - INFO - Companies in group: 6, to exclude: 1
2025-09-15 19:34:30,245 - Review.reviews.fri4p_review - INFO - Processing sector: 4030.0, area: EU, group size: 9
2025-09-15 19:34:30,245 - Review.reviews.fri4p_review - INFO - Companies in group: 9, to exclude: 1
2025-09-15 19:34:30,245 - Review.reviews.fri4p_review - INFO - Processing sector: 4030.0, area: NA, group size: 6
2025-09-15 19:34:30,245 - Review.reviews.fri4p_review - INFO - Companies in group: 6, to exclude: 1
2025-09-15 19:34:30,245 - Review.reviews.fri4p_review - INFO - Processing sector: 4040.0, area: AS, group size: 13
2025-09-15 19:34:30,245 - Review.reviews.fri4p_review - INFO - Companies in group: 13, to exclude: 2
2025-09-15 19:34:30,245 - Review.reviews.fri4p_review - INFO - Processing sector: 4040.0, area: EU, group size: 9
2025-09-15 19:34:30,245 - Review.reviews.fri4p_review - INFO - Companies in group: 9, to exclude: 1
2025-09-15 19:34:30,245 - Review.reviews.fri4p_review - INFO - Processing sector: 4040.0, area: NA, group size: 21
2025-09-15 19:34:30,245 - Review.reviews.fri4p_review - INFO - Companies in group: 21, to exclude: 4
2025-09-15 19:34:30,248 - Review.reviews.fri4p_review - INFO - Processing sector: 4050.0, area: AS, group size: 19
2025-09-15 19:34:30,248 - Review.reviews.fri4p_review - INFO - Companies in group: 19, to exclude: 3
2025-09-15 19:34:30,248 - Review.reviews.fri4p_review - INFO - Processing sector: 4050.0, area: EU, group size: 14
2025-09-15 19:34:30,248 - Review.reviews.fri4p_review - INFO - Companies in group: 14, to exclude: 2
2025-09-15 19:34:30,248 - Review.reviews.fri4p_review - INFO - Processing sector: 4050.0, area: NA, group size: 18
2025-09-15 19:34:30,248 - Review.reviews.fri4p_review - INFO - Companies in group: 18, to exclude: 3
2025-09-15 19:34:30,250 - Review.reviews.fri4p_review - INFO - Processing sector: 4510.0, area: AS, group size: 24
2025-09-15 19:34:30,250 - Review.reviews.fri4p_review - INFO - Companies in group: 24, to exclude: 4
2025-09-15 19:34:30,250 - Review.reviews.fri4p_review - INFO - Processing sector: 4510.0, area: EU, group size: 25
2025-09-15 19:34:30,250 - Review.reviews.fri4p_review - INFO - Companies in group: 25, to exclude: 4
2025-09-15 19:34:30,251 - Review.reviews.fri4p_review - INFO - Processing sector: 4510.0, area: NA, group size: 17
2025-09-15 19:34:30,251 - Review.reviews.fri4p_review - INFO - Companies in group: 17, to exclude: 3
2025-09-15 19:34:30,251 - Review.reviews.fri4p_review - INFO - Processing sector: 4520.0, area: AS, group size: 17
2025-09-15 19:34:30,251 - Review.reviews.fri4p_review - INFO - Companies in group: 17, to exclude: 3
2025-09-15 19:34:30,251 - Review.reviews.fri4p_review - INFO - Processing sector: 4520.0, area: EU, group size: 13
2025-09-15 19:34:30,252 - Review.reviews.fri4p_review - INFO - Companies in group: 13, to exclude: 2
2025-09-15 19:34:30,252 - Review.reviews.fri4p_review - INFO - Processing sector: 4520.0, area: NA, group size: 12
2025-09-15 19:34:30,252 - Review.reviews.fri4p_review - INFO - Companies in group: 12, to exclude: 2
2025-09-15 19:34:30,252 - Review.reviews.fri4p_review - INFO - Processing sector: 5010.0, area: AS, group size: 19
2025-09-15 19:34:30,252 - Review.reviews.fri4p_review - INFO - Companies in group: 19, to exclude: 3
2025-09-15 19:34:30,252 - Review.reviews.fri4p_review - INFO - Processing sector: 5010.0, area: EU, group size: 28
2025-09-15 19:34:30,253 - Review.reviews.fri4p_review - INFO - Companies in group: 28, to exclude: 5
2025-09-15 19:34:30,253 - Review.reviews.fri4p_review - INFO - Processing sector: 5010.0, area: NA, group size: 11
2025-09-15 19:34:30,253 - Review.reviews.fri4p_review - INFO - Companies in group: 11, to exclude: 2
2025-09-15 19:34:30,253 - Review.reviews.fri4p_review - INFO - Processing sector: 5020.0, area: AS, group size: 92
2025-09-15 19:34:30,254 - Review.reviews.fri4p_review - INFO - Companies in group: 92, to exclude: 18
2025-09-15 19:34:30,254 - Review.reviews.fri4p_review - INFO - Processing sector: 5020.0, area: EU, group size: 98
2025-09-15 19:34:30,254 - Review.reviews.fri4p_review - INFO - Companies in group: 98, to exclude: 19
2025-09-15 19:34:30,255 - Review.reviews.fri4p_review - INFO - Processing sector: 5020.0, area: NA, group size: 79
2025-09-15 19:34:30,255 - Review.reviews.fri4p_review - INFO - Companies in group: 79, to exclude: 15
2025-09-15 19:34:30,256 - Review.reviews.fri4p_review - INFO - Processing sector: 5510.0, area: AS, group size: 24
2025-09-15 19:34:30,256 - Review.reviews.fri4p_review - INFO - Companies in group: 24, to exclude: 4
2025-09-15 19:34:30,256 - Review.reviews.fri4p_review - INFO - Processing sector: 5510.0, area: EU, group size: 16
2025-09-15 19:34:30,257 - Review.reviews.fri4p_review - INFO - Companies in group: 16, to exclude: 3
2025-09-15 19:34:30,257 - Review.reviews.fri4p_review - INFO - Processing sector: 5510.0, area: NA, group size: 12
2025-09-15 19:34:30,257 - Review.reviews.fri4p_review - INFO - Companies in group: 12, to exclude: 2
2025-09-15 19:34:30,257 - Review.reviews.fri4p_review - INFO - Processing sector: 5520.0, area: AS, group size: 17
2025-09-15 19:34:30,258 - Review.reviews.fri4p_review - INFO - Companies in group: 17, to exclude: 3
2025-09-15 19:34:30,258 - Review.reviews.fri4p_review - INFO - Processing sector: 5520.0, area: EU, group size: 17
2025-09-15 19:34:30,259 - Review.reviews.fri4p_review - INFO - Companies in group: 17, to exclude: 3
2025-09-15 19:34:30,259 - Review.reviews.fri4p_review - INFO - Processing sector: 5520.0, area: NA, group size: 4
2025-09-15 19:34:30,259 - Review.reviews.fri4p_review - INFO - Companies in group: 4, to exclude: 0
2025-09-15 19:34:30,259 - Review.reviews.fri4p_review - WARNING - No companies to exclude for sector 5520.0 and area NA
2025-09-15 19:34:30,259 - Review.reviews.fri4p_review - INFO - Processing sector: 6010.0, area: AS, group size: 10
2025-09-15 19:34:30,259 - Review.reviews.fri4p_review - INFO - Companies in group: 10, to exclude: 1
2025-09-15 19:34:30,259 - Review.reviews.fri4p_review - INFO - Processing sector: 6010.0, area: EU, group size: 22
2025-09-15 19:34:30,259 - Review.reviews.fri4p_review - INFO - Companies in group: 22, to exclude: 4
2025-09-15 19:34:30,259 - Review.reviews.fri4p_review - INFO - Processing sector: 6010.0, area: NA, group size: 33
2025-09-15 19:34:30,259 - Review.reviews.fri4p_review - INFO - Companies in group: 33, to exclude: 6
2025-09-15 19:34:30,259 - Review.reviews.fri4p_review - INFO - Processing sector: 6510.0, area: AS, group size: 21
2025-09-15 19:34:30,259 - Review.reviews.fri4p_review - INFO - Companies in group: 21, to exclude: 4
2025-09-15 19:34:30,259 - Review.reviews.fri4p_review - INFO - Processing sector: 6510.0, area: EU, group size: 26
2025-09-15 19:34:30,259 - Review.reviews.fri4p_review - INFO - Companies in group: 26, to exclude: 5
2025-09-15 19:34:30,259 - Review.reviews.fri4p_review - INFO - Processing sector: 6510.0, area: NA, group size: 31
2025-09-15 19:34:30,259 - Review.reviews.fri4p_review - INFO - Companies in group: 31, to exclude: 6
2025-09-15 19:34:30,259 - Review.reviews.fri4p_review - INFO - sesamm_df: 1636 rows -> 1626 unique ISINs after deduplication
2025-09-15 19:34:30,259 - Review.reviews.fri4p_review - WARNING - Removed 10 duplicate ISIN records from sesamm_df
2025-09-15 19:34:31,465 - werkzeug - INFO - 127.0.0.1 - - [15/Sep/2025 19:34:31] "GET /task-status/7471a57b-2b45-4e0d-b5b3-bc683bad2a5c HTTP/1.1" 200 -
2025-09-15 19:34:33,465 - werkzeug - INFO - 127.0.0.1 - - [15/Sep/2025 19:34:33] "GET /task-status/7471a57b-2b45-4e0d-b5b3-bc683bad2a5c HTTP/1.1" 200 -
2025-09-15 19:34:35,482 - werkzeug - INFO - 127.0.0.1 - - [15/Sep/2025 19:34:35] "GET /task-status/7471a57b-2b45-4e0d-b5b3-bc683bad2a5c HTTP/1.1" 200 -
2025-09-15 19:34:37,469 - werkzeug - INFO - 127.0.0.1 - - [15/Sep/2025 19:34:37] "GET /task-status/7471a57b-2b45-4e0d-b5b3-bc683bad2a5c HTTP/1.1" 200 -
2025-09-15 19:34:39,465 - werkzeug - INFO - 127.0.0.1 - - [15/Sep/2025 19:34:39] "GET /task-status/7471a57b-2b45-4e0d-b5b3-bc683bad2a5c HTTP/1.1" 200 -
2025-09-15 19:34:41,474 - werkzeug - INFO - 127.0.0.1 - - [15/Sep/2025 19:34:41] "GET /task-status/7471a57b-2b45-4e0d-b5b3-bc683bad2a5c HTTP/1.1" 200 -
2025-09-15 19:34:43,465 - werkzeug - INFO - 127.0.0.1 - - [15/Sep/2025 19:34:43] "GET /task-status/7471a57b-2b45-4e0d-b5b3-bc683bad2a5c HTTP/1.1" 200 -
2025-09-15 19:34:45,465 - werkzeug - INFO - 127.0.0.1 - - [15/Sep/2025 19:34:45] "GET /task-status/7471a57b-2b45-4e0d-b5b3-bc683bad2a5c HTTP/1.1" 200 -
2025-09-15 19:34:46,248 - Review.reviews.fri4p_review - INFO - Checking IsinCode FRIX00003643 in index_eod_df
2025-09-15 19:34:46,248 - Review.reviews.fri4p_review - INFO - Found 1 matching rows
2025-09-15 19:34:46,259 - Review.reviews.fri4p_review - INFO - Saving FRI4P output to: C:\Users\CSonneveld\OneDrive - Euronext\Documents\Projects\GUI + Reviews\output\FRI4P_df_20250915_193446.xlsx
2025-09-15 19:34:47,468 - werkzeug - INFO - 127.0.0.1 - - [15/Sep/2025 19:34:47] "GET /task-status/7471a57b-2b45-4e0d-b5b3-bc683bad2a5c HTTP/1.1" 200 -
2025-09-15 19:37:22,165 - werkzeug - INFO - 127.0.0.1 - - [15/Sep/2025 19:37:22] "POST /calculate-batch HTTP/1.1" 200 -
2025-09-15 19:37:22,173 - Review.reviews.aexew_review - INFO - Loading EOD data...
2025-09-15 19:37:22,173 - werkzeug - INFO - 127.0.0.1 - - [15/Sep/2025 19:37:22] "GET /task-status/bfabe25c-6877-4160-bf9e-aca9df5f28b1 HTTP/1.1" 200 -
2025-09-15 19:37:24,188 - werkzeug - INFO - 127.0.0.1 - - [15/Sep/2025 19:37:24] "GET /task-status/bfabe25c-6877-4160-bf9e-aca9df5f28b1 HTTP/1.1" 200 -
2025-09-15 19:37:24,338 - Review.reviews.aexew_review - INFO - Loading reference data...
2025-09-15 19:37:24,423 - Review.reviews.aexew_review - INFO - Saving AEXEW output to: C:\Users\CSonneveld\OneDrive - Euronext\Documents\Projects\GUI + Reviews\output\AEXEW_df_20250915_193724.xlsx
2025-09-15 19:37:24,522 - Review.reviews.be1p_review - INFO - Loading EOD data...
2025-09-15 19:37:25,254 - Review.reviews.be1p_review - INFO - Loading reference data...
2025-09-15 19:37:26,194 - werkzeug - INFO - 127.0.0.1 - - [15/Sep/2025 19:37:26] "GET /task-status/bfabe25c-6877-4160-bf9e-aca9df5f28b1 HTTP/1.1" 200 -
2025-09-15 19:37:28,196 - werkzeug - INFO - 127.0.0.1 - - [15/Sep/2025 19:37:28] "GET /task-status/bfabe25c-6877-4160-bf9e-aca9df5f28b1 HTTP/1.1" 200 -
