2025-12-15 16:11:10,053 - werkzeug - INFO - [31m[1mWARNING: This is a development server. Do not use it in a production deployment. Use a production WSGI server instead.[0m
 * Running on all addresses (0.0.0.0)
 * Running on http://127.0.0.1:5000
 * Running on http://10.199.43.185:5000
2025-12-15 16:11:10,053 - werkzeug - INFO - [33mPress CTRL+C to quit[0m
2025-12-15 16:11:10,057 - werkzeug - INFO -  * Restarting with watchdog (windowsapi)
2025-12-15 16:11:12,550 - werkzeug - INFO -  * Restarting with watchdog (windowsapi)
2025-12-15 16:11:42,642 - werkzeug - INFO -  * Restarting with watchdog (windowsapi)
2025-12-15 16:11:59,994 - werkzeug - INFO -  * Restarting with watchdog (windowsapi)
2025-12-15 16:32:35,818 - werkzeug - INFO -  * Restarting with watchdog (windowsapi)
2025-12-15 16:32:40,194 - werkzeug - INFO -  * Restarting with watchdog (windowsapi)
2025-12-15 16:32:42,554 - werkzeug - INFO -  * Restarting with watchdog (windowsapi)
2025-12-15 16:33:51,635 - werkzeug - INFO -  * Restarting with watchdog (windowsapi)
2025-12-15 16:34:36,484 - werkzeug - INFO -  * Restarting with watchdog (windowsapi)
2025-12-15 16:34:46,845 - werkzeug - INFO -  * Restarting with watchdog (windowsapi)
2025-12-15 16:35:28,710 - werkzeug - INFO -  * Restarting with watchdog (windowsapi)
2025-12-15 16:56:52,343 - werkzeug - INFO -  * Restarting with watchdog (windowsapi)
2025-12-15 16:57:00,760 - werkzeug - INFO -  * Restarting with watchdog (windowsapi)
2025-12-15 16:57:16,876 - werkzeug - INFO -  * Restarting with watchdog (windowsapi)
2025-12-15 16:57:55,542 - werkzeug - INFO -  * Restarting with watchdog (windowsapi)
2025-12-15 16:58:17,174 - werkzeug - INFO -  * Restarting with watchdog (windowsapi)
2025-12-15 16:59:36,413 - werkzeug - INFO -  * Restarting with watchdog (windowsapi)
2025-12-15 16:59:44,786 - werkzeug - INFO -  * Restarting with watchdog (windowsapi)
2025-12-15 17:00:49,977 - werkzeug - INFO -  * Restarting with watchdog (windowsapi)
2025-12-15 17:00:59,839 - werkzeug - INFO -  * Restarting with watchdog (windowsapi)
2025-12-15 17:01:06,234 - werkzeug - INFO -  * Restarting with watchdog (windowsapi)
2025-12-15 17:06:21,104 - werkzeug - INFO -  * Restarting with watchdog (windowsapi)
2025-12-15 17:11:02,275 - werkzeug - INFO -  * Restarting with watchdog (windowsapi)
2025-12-15 17:13:23,318 - werkzeug - INFO -  * Restarting with watchdog (windowsapi)
2025-12-15 17:13:25,783 - werkzeug - INFO -  * Restarting with watchdog (windowsapi)
2025-12-15 17:18:00,255 - werkzeug - INFO -  * Restarting with watchdog (windowsapi)
2025-12-15 17:24:07,786 - werkzeug - INFO -  * Restarting with watchdog (windowsapi)
2025-12-15 17:24:46,393 - werkzeug - INFO -  * Restarting with watchdog (windowsapi)
2025-12-15 17:25:51,175 - werkzeug - INFO -  * Restarting with watchdog (windowsapi)
2025-12-15 17:26:06,672 - werkzeug - INFO -  * Restarting with watchdog (windowsapi)
2025-12-15 17:29:23,446 - werkzeug - INFO -  * Restarting with watchdog (windowsapi)
