2025-09-15 14:27:49,069 - werkzeug - INFO - [31m[1mWARNING: This is a development server. Do not use it in a production deployment. Use a production WSGI server instead.[0m
 * Running on all addresses (0.0.0.0)
 * Running on http://127.0.0.1:5000
 * Running on http://10.199.43.185:5000
2025-09-15 14:27:49,069 - werkzeug - INFO - [33mPress CTRL+C to quit[0m
2025-09-15 14:27:49,084 - werkzeug - INFO -  * Restarting with watchdog (windowsapi)
2025-09-15 14:27:51,338 - werkzeug - INFO -  * Restarting with watchdog (windowsapi)
2025-09-15 14:28:08,477 - werkzeug - INFO -  * Restarting with watchdog (windowsapi)
2025-09-15 14:28:14,502 - werkzeug - INFO -  * Restarting with watchdog (windowsapi)
2025-09-15 14:29:18,735 - werkzeug - INFO -  * Restarting with watchdog (windowsapi)
2025-09-15 14:40:15,389 - werkzeug - INFO -  * Restarting with watchdog (windowsapi)
2025-09-15 16:17:33,514 - werkzeug - INFO -  * Restarting with watchdog (windowsapi)
2025-09-15 16:18:00,285 - werkzeug - INFO -  * Restarting with watchdog (windowsapi)
2025-09-15 16:18:41,797 - werkzeug - INFO -  * Restarting with watchdog (windowsapi)
2025-09-15 16:18:46,999 - werkzeug - INFO -  * Restarting with watchdog (windowsapi)
2025-09-15 16:18:53,122 - werkzeug - INFO -  * Restarting with watchdog (windowsapi)
2025-09-15 16:21:18,991 - werkzeug - INFO -  * Restarting with watchdog (windowsapi)
2025-09-15 16:23:53,310 - werkzeug - INFO -  * Restarting with watchdog (windowsapi)
2025-09-15 16:24:15,472 - werkzeug - INFO -  * Restarting with watchdog (windowsapi)
2025-09-15 16:24:22,525 - werkzeug - INFO -  * Restarting with watchdog (windowsapi)
2025-09-15 16:26:13,685 - werkzeug - INFO -  * Restarting with watchdog (windowsapi)
2025-09-15 16:27:01,871 - werkzeug - INFO -  * Restarting with watchdog (windowsapi)
2025-09-15 16:32:42,319 - werkzeug - INFO -  * Restarting with watchdog (windowsapi)
2025-09-15 16:35:22,101 - werkzeug - INFO -  * Restarting with watchdog (windowsapi)
2025-09-15 16:36:30,502 - werkzeug - INFO -  * Restarting with watchdog (windowsapi)
2025-09-15 16:36:42,566 - werkzeug - INFO -  * Restarting with watchdog (windowsapi)
2025-09-15 16:37:04,657 - werkzeug - INFO -  * Restarting with watchdog (windowsapi)
