2025-04-16 14:38:40,845 - werkzeug - WARNING -  * Debugger is active!
2025-04-16 14:38:40,845 - werkzeug - INFO -  * Debugger PIN: 691-175-853
2025-04-16 14:38:40,877 - Review.reviews.lc1ep_review - INFO - Loading EOD data...
2025-04-16 14:38:44,785 - Review.reviews.lc1ep_review - INFO - Loading reference data...
2025-04-16 14:38:54,362 - Review.reviews.lc1ep_review - WARNING - Removed 18750 duplicate rows from cdp_climate_df
2025-04-16 14:38:54,362 - Review.reviews.lc1ep_review - INFO - Filtering universe for EZ300 companies...
2025-04-16 14:38:54,362 - Review.reviews.lc1ep_review - INFO - Universe size after EZ300 filter: 300
2025-04-16 14:38:54,369 - Review.reviews.lc1ep_review - INFO - Adding Free Float data...
2025-04-16 14:38:54,393 - Review.reviews.lc1ep_review - INFO - Adding ICB Subsector data...
2025-04-16 14:38:54,415 - Review.reviews.lc1ep_review - WARNING - Removed 9314 duplicate rows from ICB data
2025-04-16 14:38:54,487 - Review.reviews.lc1ep_review - INFO - Debug file saved to C:\Users\CSonneveld\OneDrive - Euronext\Documents\Projects\GUI + Reviews\debug\universe_df_after_nace_20250416_143854.xlsx
2025-04-16 14:38:54,487 - Review.reviews.lc1ep_review - INFO - Adding CDP Climate data...
2025-04-16 14:38:54,497 - Review.reviews.lc1ep_review - INFO - Adding Oekom Trust & Carbon data...
2025-04-16 14:38:54,497 - Review.reviews.lc1ep_review - INFO - Adding NACE data...
2025-04-16 14:38:54,500 - Review.reviews.lc1ep_review - INFO - Adding EU Taxonomy flag...
2025-04-16 14:38:54,501 - Review.reviews.lc1ep_review - INFO - Checking GAFI lists and Non-fiscally cooperative countries...
2025-04-16 14:38:54,502 - Review.reviews.lc1ep_review - INFO - Applying exclusion criteria...
2025-04-16 14:38:54,506 - Review.reviews.lc1ep_review - INFO - Marked 30 companies (10%) with worst SG scores for exclusion
2025-04-16 14:38:54,520 - Review.reviews.lc1ep_review - INFO - Calculating Climate Score for ranking...
2025-04-16 14:38:54,529 - Review.reviews.lc1ep_review - INFO - Selecting EU Taxonomy companies...
2025-04-16 14:38:54,530 - Review.reviews.lc1ep_review - INFO - Found 13 EU Taxonomy companies after exclusions
2025-04-16 14:38:54,531 - Review.reviews.lc1ep_review - INFO - Found 170 Non-EU Taxonomy eligible companies after exclusions
2025-04-16 14:38:54,531 - Review.reviews.lc1ep_review - INFO - STEP 4a: Determining target number of Non-EU Taxonomy companies per super-sector...
2025-04-16 14:38:54,531 - Review.reviews.lc1ep_review - INFO - Target number of Non-EU Taxonomy companies: 87
2025-04-16 14:38:54,532 - Review.reviews.lc1ep_review - INFO - Total eligible Non-EU Taxonomy companies: 170
2025-04-16 14:38:54,532 - Review.reviews.lc1ep_review - INFO - Total target after rounding: 100 (vs. target of 87)
2025-04-16 14:38:54,533 - Review.reviews.lc1ep_review - INFO - Need to remove 13 companies due to rounding up
2025-04-16 14:38:54,534 - Review.reviews.lc1ep_review - INFO - STEP 4b: Selecting Non-EU Taxonomy companies based on climate score...
2025-04-16 14:38:54,535 - Review.reviews.lc1ep_review - INFO - Selected 7 companies from super-sector 1010.0
2025-04-16 14:38:54,537 - Review.reviews.lc1ep_review - INFO - Selected 6 companies from super-sector 1510.0
2025-04-16 14:38:54,537 - Review.reviews.lc1ep_review - INFO - Selected 12 companies from super-sector 2010.0
2025-04-16 14:38:54,538 - Review.reviews.lc1ep_review - INFO - Selected 14 companies from super-sector 3010.0
2025-04-16 14:38:54,539 - Review.reviews.lc1ep_review - INFO - Selected 6 companies from super-sector 3020.0
2025-04-16 14:38:54,539 - Review.reviews.lc1ep_review - INFO - Selected 7 companies from super-sector 3030.0
2025-04-16 14:38:54,540 - Review.reviews.lc1ep_review - INFO - Selected 6 companies from super-sector 3510.0
2025-04-16 14:38:54,541 - Review.reviews.lc1ep_review - INFO - Selected 4 companies from super-sector 4010.0
2025-04-16 14:38:54,541 - Review.reviews.lc1ep_review - INFO - Selected 7 companies from super-sector 4020.0
2025-04-16 14:38:54,542 - Review.reviews.lc1ep_review - INFO - Selected 3 companies from super-sector 4030.0
2025-04-16 14:38:54,542 - Review.reviews.lc1ep_review - INFO - Selected 2 companies from super-sector 4040.0
2025-04-16 14:38:54,542 - Review.reviews.lc1ep_review - INFO - Selected 4 companies from super-sector 4050.0
2025-04-16 14:38:54,542 - Review.reviews.lc1ep_review - INFO - Selected 5 companies from super-sector 4510.0
2025-04-16 14:38:54,542 - Review.reviews.lc1ep_review - INFO - Selected 3 companies from super-sector 4520.0
2025-04-16 14:38:54,542 - Review.reviews.lc1ep_review - INFO - Selected 1 companies from super-sector 5010.0
2025-04-16 14:38:54,546 - Review.reviews.lc1ep_review - INFO - Selected 8 companies from super-sector 5020.0
2025-04-16 14:38:54,546 - Review.reviews.lc1ep_review - INFO - Selected 2 companies from super-sector 5510.0
2025-04-16 14:38:54,547 - Review.reviews.lc1ep_review - INFO - Selected 3 companies from super-sector 5520.0
2025-04-16 14:38:54,581 - Review.reviews.lc1ep_review - INFO - Initial selection has 100 companies, need to remove 13
2025-04-16 14:38:54,601 - Review.reviews.lc1ep_review - INFO - Removed company DE000A40KY26 from supersector 5520 (Climate Score: 3.205)
2025-04-16 14:38:54,619 - Review.reviews.lc1ep_review - INFO - Removed company IT0000062957 from supersector 3020 (Climate Score: 3.07)
2025-04-16 14:38:54,625 - Review.reviews.lc1ep_review - INFO - Removed company DE0008402215 from supersector 3030 (Climate Score: 3.07)
2025-04-16 14:38:54,631 - Review.reviews.lc1ep_review - INFO - Removed company ES0113679I37 from supersector 3010 (Climate Score: 3.01)
2025-04-16 14:38:54,637 - Review.reviews.lc1ep_review - INFO - Removed company NL0000226223 from supersector 1010 (Climate Score: 2.883797265501265)
2025-04-16 14:38:54,642 - Review.reviews.lc1ep_review - INFO - Removed company DE000A0LD6E6 from supersector 2010 (Climate Score: 2.5)
2025-04-16 14:38:54,646 - Review.reviews.lc1ep_review - INFO - Removed company FR0000120404 from supersector 4050 (Climate Score: 2.3914062194480947)
2025-04-16 14:38:54,650 - Review.reviews.lc1ep_review - INFO - Removed company NL0011585146 from supersector 4010 (Climate Score: 2.28839766789769)
2025-04-16 14:38:54,654 - Review.reviews.lc1ep_review - INFO - Removed company FR0000121964 from supersector 3510 (Climate Score: 2.2473576022587802)
2025-04-16 14:38:54,658 - Review.reviews.lc1ep_review - INFO - Removed company NL0015435975 from supersector 4510 (Climate Score: 2.1748496808315148)
2025-04-16 14:38:54,662 - Review.reviews.lc1ep_review - INFO - Removed company FR0010340141 from supersector 5020 (Climate Score: 2.12430874805632)
2025-04-16 14:38:54,665 - Review.reviews.lc1ep_review - INFO - Removed company IT0004965148 from supersector 4020 (Climate Score: 2.123478195218075)
2025-04-16 14:38:54,668 - Review.reviews.lc1ep_review - INFO - Removed company DE0005557508 from supersector 1510 (Climate Score: 2.1226730906349953)
2025-04-16 14:38:54,670 - Review.reviews.lc1ep_review - INFO - Final Non-EU Taxonomy selection has 87 companies
2025-04-16 14:38:54,670 - Review.reviews.lc1ep_review - INFO - Minimum companies per supersector: 1
2025-04-16 14:38:54,671 - Review.reviews.lc1ep_review - WARNING - Some supersectors have fewer than 2 companies! Minimum is 1
2025-04-16 14:38:54,672 - Review.reviews.lc1ep_review - INFO - Final selection contains 100 companies
2025-04-16 14:38:54,673 - Review.reviews.lc1ep_review - INFO - - EU Taxonomy: 13
2025-04-16 14:38:54,673 - Review.reviews.lc1ep_review - INFO - - Non-EU Taxonomy: 87
2025-04-16 14:38:54,673 - Review.reviews.lc1ep_review - INFO - Adding PAB flag based on CDP temperature score...
2025-04-16 14:38:54,673 - Review.reviews.lc1ep_review - INFO - Calculating liquidity constraints for all companies...
2025-04-16 14:38:54,674 - Review.reviews.lc1ep_review - INFO - Total FFMC_WD for all companies: 2517119912388.55
2025-04-16 14:38:54,675 - Review.reviews.lc1ep_review - INFO - Market cap based weights calculated for EU Taxonomy companies
2025-04-16 14:38:54,676 - Review.reviews.lc1ep_review - INFO - Liquidity caps for EU Taxonomy companies - Max: 5.1901%, Min: 0.5599%, Avg: 1.5604%
2025-04-16 14:38:54,676 - Review.reviews.lc1ep_review - INFO - Liquidity floors for EU Taxonomy companies - Max: 0.0000%, Min: 0.0000%, Avg: 0.0000%
2025-04-16 14:38:54,676 - Review.reviews.lc1ep_review - INFO - No liquidity issues found for EU Taxonomy companies
2025-04-16 14:38:54,679 - Review.reviews.lc1ep_review - INFO - Liquidity caps for Non-EU Taxonomy companies - Max: 10.0000%, Min: 0.2180%, Avg: 2.5660%
2025-04-16 14:38:54,679 - Review.reviews.lc1ep_review - INFO - Liquidity floors for Non-EU Taxonomy companies - Max: 3.7396%, Min: 0.0000%, Avg: 0.0726%
2025-04-16 14:38:54,680 - Review.reviews.lc1ep_review - INFO - No liquidity issues found for Non-EU Taxonomy companies
2025-04-16 14:38:54,682 - Review.reviews.lc1ep_review - INFO - Liquidity constraints have been calculated for all 100 companies
2025-04-16 14:38:54,682 - Review.reviews.lc1ep_review - INFO - Saving output files...
2025-04-16 14:38:55,035 - Review.reviews.lc1ep_review - INFO - Results saved to C:\Users\CSonneveld\OneDrive - Euronext\Documents\Projects\GUI + Reviews\output\LC1EP_review_20250416_143854.xlsx
2025-04-16 14:38:55,069 - werkzeug - INFO - 127.0.0.1 - - [16/Apr/2025 14:38:55] "POST /calculate HTTP/1.1" 200 -
2025-04-16 14:43:01,800 - werkzeug - INFO -  * Detected change in 'C:\\Users\\CSonneveld\\OneDrive - Euronext\\Documents\\Projects\\GUI + Reviews\\Review\\reviews\\lc100_review.py', reloading
2025-04-16 14:43:01,800 - werkzeug - INFO -  * Detected change in 'C:\\Users\\CSonneveld\\OneDrive - Euronext\\Documents\\Projects\\GUI + Reviews\\Review\\reviews\\lc100_review.py', reloading
