2025-12-04 09:39:47,386 - werkzeug - WARNING -  * Debugger is active!
2025-12-04 09:39:47,388 - werkzeug - INFO -  * Debugger PIN: 691-175-853
2025-12-04 09:39:51,723 - werkzeug - INFO - 127.0.0.1 - - [04/Dec/2025 09:39:51] "POST /calculate HTTP/1.1" 200 -
2025-12-04 09:39:51,723 - Review.reviews.eums_review - INFO - Starting EUMS review calculation
2025-12-04 09:39:51,739 - werkzeug - INFO - 127.0.0.1 - - [04/Dec/2025 09:39:51] "GET /task-status/f04c9162-c441-477c-91e7-0bdc9ea4987a HTTP/1.1" 200 -
2025-12-04 09:39:53,746 - werkzeug - INFO - 127.0.0.1 - - [04/Dec/2025 09:39:53] "GET /task-status/f04c9162-c441-477c-91e7-0bdc9ea4987a HTTP/1.1" 200 -
2025-12-04 09:39:54,362 - Review.reviews.eums_review - ERROR - Error during review calculation: Failed to load required reference data files
2025-12-04 09:39:54,362 - Review.reviews.eums_review - ERROR - Traceback (most recent call last):
  File "C:\Users\CSonneveld\OneDrive - Euronext\Documents\Projects\GUI + Reviews\Review\reviews\eums_review.py", line 64, in run_eums_review
    raise ValueError("Failed to load required reference data files")
ValueError: Failed to load required reference data files

2025-12-04 09:39:55,742 - werkzeug - INFO - 127.0.0.1 - - [04/Dec/2025 09:39:55] "GET /task-status/f04c9162-c441-477c-91e7-0bdc9ea4987a HTTP/1.1" 200 -
2025-12-04 09:39:58,826 - werkzeug - INFO - 127.0.0.1 - - [04/Dec/2025 09:39:58] "POST /calculate HTTP/1.1" 200 -
2025-12-04 09:39:58,826 - Review.reviews.eums_review - INFO - Starting EUMS review calculation
2025-12-04 09:39:58,830 - werkzeug - INFO - 127.0.0.1 - - [04/Dec/2025 09:39:58] "GET /task-status/5db15306-f49a-45e4-8701-7837df4e9533 HTTP/1.1" 200 -
2025-12-04 09:40:00,025 - Review.reviews.eums_review - WARNING - Unmapped MICs found: ['XNYS' 'XNGS' 'XNMS' 'XNCM' 'BATS' 'XASE']
2025-12-04 09:40:00,025 - Review.reviews.eums_review - INFO - Found 0 existing companies in EUMS
2025-12-04 09:40:00,034 - Review.reviews.eums_review - INFO - 
EUMS Selection Summary by Country:
2025-12-04 09:40:00,034 - Review.reviews.eums_review - INFO - 
Overall EUMS Selection Summary:
2025-12-04 09:40:00,034 - Review.reviews.eums_review - INFO - Total companies selected: 0
2025-12-04 09:40:00,034 - Review.reviews.eums_review - INFO -   - Existing companies selected: 0
2025-12-04 09:40:00,034 - Review.reviews.eums_review - INFO -   - New companies selected: 0
2025-12-04 09:40:00,037 - Review.reviews.eums_review - INFO - Total FFMC covered: 0.00%
2025-12-04 09:40:00,037 - Review.reviews.eums_review - INFO - 
Applying proportional capping
2025-12-04 09:40:00,038 - Review.reviews.eums_review - INFO - 
=== SELECTION DEBUGGING ===
2025-12-04 09:40:00,038 - Review.reviews.eums_review - INFO - Total universe size: 1418
2025-12-04 09:40:00,038 - Review.reviews.eums_review - INFO - Companies with EUMS_selection == 1: 0
2025-12-04 09:40:00,039 - Review.reviews.eums_review - INFO - Companies with Is_Existing == 1: 0
2025-12-04 09:40:00,039 - Review.reviews.eums_review - INFO - 
Existing companies meeting 68% threshold: 0
2025-12-04 09:40:00,039 - Review.reviews.eums_review - INFO - New companies meeting 72% threshold: 0
2025-12-04 09:40:00,040 - Review.reviews.eums_review - INFO - 
NaN values in key columns:
2025-12-04 09:40:00,040 - Review.reviews.eums_review - INFO -   Country: 1418
2025-12-04 09:40:00,040 - Review.reviews.eums_review - INFO -   Mcap in EUR: 1413
2025-12-04 09:40:00,040 - Review.reviews.eums_review - INFO -   Country_Cumulative_Percentage: 1418
2025-12-04 09:40:00,041 - Review.reviews.eums_review - INFO - 
Sample of selection logic:
2025-12-04 09:40:00,041 - Review.reviews.eums_review - INFO - 
                  Company Country  Is_Existing   Mcap in EUR  Country_Cumulative_Percentage  EUMS_selection
84                 AMRIZE     NaN            0  2.459571e+10                            NaN               0
368               CRH PLC     NaN            0  7.496213e+08                            NaN               0
539  FLUTTER ENTERTAINMEN     NaN            0  5.184907e+08                            NaN               0
512  FERGUSON ENTERPRISES     NaN            0  4.529779e+08                            NaN               0
558             FRONTLINE     NaN            0  2.193495e+08                            NaN               0
0                   3M CO     NaN            0           NaN                            NaN               0
1        A. O. SMITH CORP     NaN            0           NaN                            NaN               0
2               AAON INC.     NaN            0           NaN                            NaN               0
3               AAR CORP.     NaN            0           NaN                            NaN               0
4     ABBOTT LABORATORIES     NaN            0           NaN                            NaN               0
5             ABBVIE INC.     NaN            0           NaN                            NaN               0
6     ABERCROMBIE & FITCH     NaN            0           NaN                            NaN               0
7    ABM INDUSTRIES INCOR     NaN            0           NaN                            NaN               0
8          ACADEMY SPORTS     NaN            0           NaN                            NaN               0
9           ACADIA PHARMA     NaN            0           NaN                            NaN               0
10    ACADIA REALTY TRUST     NaN            0           NaN                            NaN               0
11        ACCENTURE PLC-A     NaN            0           NaN                            NaN               0
12     ACI WORLDWIDE INC.     NaN            0           NaN                            NaN               0
13            ACUITY INC.     NaN            0           NaN                            NaN               0
14      ACUSHNET HOLDINGS     NaN            0           NaN                            NaN               0
2025-12-04 09:40:00,041 - Review.reviews.eums_review - ERROR - Error during review calculation: DataFrame is empty or all market cap values are NaN
2025-12-04 09:40:00,041 - Review.reviews.eums_review - ERROR - Traceback (most recent call last):
  File "C:\Users\CSonneveld\OneDrive - Euronext\Documents\Projects\GUI + Reviews\Review\reviews\eums_review.py", line 238, in run_eums_review
    capped_df = apply_proportional_capping(
                ^^^^^^^^^^^^^^^^^^^^^^^^^^^
  File "C:\Users\CSonneveld\OneDrive - Euronext\Documents\Projects\GUI + Reviews\utils\capping_proportional.py", line 43, in apply_proportional_capping
    raise ValueError("DataFrame is empty or all market cap values are NaN")
ValueError: DataFrame is empty or all market cap values are NaN

2025-12-04 09:40:00,842 - werkzeug - INFO - 127.0.0.1 - - [04/Dec/2025 09:40:00] "GET /task-status/5db15306-f49a-45e4-8701-7837df4e9533 HTTP/1.1" 200 -
2025-12-04 09:48:18,562 - werkzeug - INFO -  * Detected change in 'C:\\Users\\CSonneveld\\OneDrive - Euronext\\Documents\\Projects\\GUI + Reviews\\Review\\reviews\\ewsl_review.py', reloading
2025-12-04 09:48:18,562 - werkzeug - INFO -  * Detected change in 'C:\\Users\\CSonneveld\\OneDrive - Euronext\\Documents\\Projects\\GUI + Reviews\\Review\\reviews\\ewsl_review.py', reloading
2025-12-04 09:48:18,562 - werkzeug - INFO -  * Detected change in 'C:\\Users\\CSonneveld\\OneDrive - Euronext\\Documents\\Projects\\GUI + Reviews\\Review\\reviews\\ewsl_review.py', reloading
2025-12-04 09:48:19,466 - werkzeug - INFO -  * Detected change in 'C:\\Users\\CSonneveld\\OneDrive - Euronext\\Documents\\Projects\\GUI + Reviews\\Review\\reviews\\ewsl_review.py', reloading
