2025-12-04 10:17:08,168 - werkzeug - WARNING -  * Debugger is active!
2025-12-04 10:17:08,168 - werkzeug - INFO -  * Debugger PIN: 691-175-853
2025-12-04 10:17:28,152 - werkzeug - INFO - 127.0.0.1 - - [04/Dec/2025 10:17:28] "POST /calculate HTTP/1.1" 200 -
2025-12-04 10:17:28,152 - Review.reviews.ewms_review - INFO - Starting EWMS review calculation
2025-12-04 10:17:28,159 - werkzeug - INFO - 127.0.0.1 - - [04/Dec/2025 10:17:28] "GET /task-status/7e88d0c8-ddc1-43ed-bb6d-8ed15f7787ca HTTP/1.1" 200 -
2025-12-04 10:17:30,168 - werkzeug - INFO - 127.0.0.1 - - [04/Dec/2025 10:17:30] "GET /task-status/7e88d0c8-ddc1-43ed-bb6d-8ed15f7787ca HTTP/1.1" 200 -
2025-12-04 10:17:30,622 - Review.reviews.ewms_review - INFO - Found 0 existing companies in EWMS
2025-12-04 10:17:30,633 - Review.reviews.ewms_review - INFO - 
EWMS Selection Summary by Country:
2025-12-04 10:17:30,640 - Review.reviews.ewms_review - INFO - Australia: 257 total (0 existing, 257 new)
2025-12-04 10:17:30,641 - Review.reviews.ewms_review - INFO - Austria: 15 total (0 existing, 15 new)
2025-12-04 10:17:30,647 - Review.reviews.ewms_review - INFO - Belgium: 29 total (0 existing, 29 new)
2025-12-04 10:17:30,651 - Review.reviews.ewms_review - INFO - Canada: 0 total (0 existing, 0 new)
2025-12-04 10:17:30,656 - Review.reviews.ewms_review - INFO - Denmark: 30 total (0 existing, 30 new)
2025-12-04 10:17:30,658 - Review.reviews.ewms_review - INFO - Finland: 42 total (0 existing, 42 new)
2025-12-04 10:17:30,662 - Review.reviews.ewms_review - INFO - France: 80 total (0 existing, 80 new)
2025-12-04 10:17:30,662 - Review.reviews.ewms_review - INFO - Germany: 86 total (0 existing, 86 new)
2025-12-04 10:17:30,669 - Review.reviews.ewms_review - INFO - Great Britain: 246 total (0 existing, 246 new)
2025-12-04 10:17:30,672 - Review.reviews.ewms_review - INFO - Hong Kong: 75 total (0 existing, 75 new)
2025-12-04 10:17:30,675 - Review.reviews.ewms_review - INFO - Ireland: 9 total (0 existing, 9 new)
2025-12-04 10:17:30,678 - Review.reviews.ewms_review - INFO - Israel: 73 total (0 existing, 73 new)
2025-12-04 10:17:30,681 - Review.reviews.ewms_review - INFO - Italy: 69 total (0 existing, 69 new)
2025-12-04 10:17:30,685 - Review.reviews.ewms_review - INFO - Japan: 1274 total (0 existing, 1274 new)
2025-12-04 10:17:30,689 - Review.reviews.ewms_review - INFO - Netherlands: 40 total (0 existing, 40 new)
2025-12-04 10:17:30,689 - Review.reviews.ewms_review - INFO - New Zealand: 28 total (0 existing, 28 new)
2025-12-04 10:17:30,689 - Review.reviews.ewms_review - INFO - Norway: 93 total (0 existing, 93 new)
2025-12-04 10:17:30,697 - Review.reviews.ewms_review - INFO - Portugal: 9 total (0 existing, 9 new)
2025-12-04 10:17:30,701 - Review.reviews.ewms_review - INFO - Singapore: 64 total (0 existing, 64 new)
2025-12-04 10:17:30,705 - Review.reviews.ewms_review - INFO - Spain: 36 total (0 existing, 36 new)
2025-12-04 10:17:30,708 - Review.reviews.ewms_review - INFO - Sweden: 193 total (0 existing, 193 new)
2025-12-04 10:17:30,711 - Review.reviews.ewms_review - INFO - Switzerland: 81 total (0 existing, 81 new)
2025-12-04 10:17:30,714 - Review.reviews.ewms_review - INFO - United States: 5 total (0 existing, 5 new)
2025-12-04 10:17:30,715 - Review.reviews.ewms_review - INFO - 
Overall EWMS Selection Summary:
2025-12-04 10:17:30,715 - Review.reviews.ewms_review - INFO - Total companies selected: 2834
2025-12-04 10:17:30,715 - Review.reviews.ewms_review - INFO -   - Existing companies selected: 0
2025-12-04 10:17:30,716 - Review.reviews.ewms_review - INFO -   - New companies selected: 2834
2025-12-04 10:17:30,717 - Review.reviews.ewms_review - INFO - Total FFMC covered: 29.35%
2025-12-04 10:17:30,717 - Review.reviews.ewms_review - INFO - 
Applying proportional capping
2025-12-04 10:17:30,719 - utils.capping_proportional - INFO - Starting proportional capping with max weight: 10.0%
2025-12-04 10:17:30,721 - utils.capping_proportional - INFO - Capping procedure converged after 0 iterations
2025-12-04 10:17:30,721 - utils.capping_proportional - INFO - Capping Summary:
2025-12-04 10:17:30,721 - utils.capping_proportional - INFO -   Total companies: 2834
2025-12-04 10:17:30,721 - utils.capping_proportional - INFO -   Companies capped: 0
2025-12-04 10:17:30,722 - utils.capping_proportional - INFO -   Weight sum after capping: 1.000000
2025-12-04 10:17:30,722 - utils.capping_proportional - INFO -   Max weight after capping: 0.014030
2025-12-04 10:17:30,725 - Review.reviews.ewms_review - INFO - 
EWMS Changes Summary:
2025-12-04 10:17:30,725 - Review.reviews.ewms_review - INFO - Inclusions: 2834
2025-12-04 10:17:30,725 - Review.reviews.ewms_review - INFO - Exclusions: 0
2025-12-04 10:17:30,731 - Review.reviews.ewms_review - INFO - Saving output to: C:\Users\CSonneveld\OneDrive - Euronext\Documents\Projects\GUI + Reviews\output\EWMS_Review_20251204_101730.xlsx
2025-12-04 10:17:31,701 - Review.reviews.ewms_review - INFO - File successfully saved to: C:\Users\CSonneveld\OneDrive - Euronext\Documents\Projects\GUI + Reviews\output\EWMS_Review_20251204_101730.xlsx
2025-12-04 10:17:32,170 - werkzeug - INFO - 127.0.0.1 - - [04/Dec/2025 10:17:32] "GET /task-status/7e88d0c8-ddc1-43ed-bb6d-8ed15f7787ca HTTP/1.1" 200 -
2025-12-04 10:17:41,879 - werkzeug - INFO -  * Detected change in 'C:\\Users\\CSonneveld\\AppData\\Roaming\\Python\\Python312\\site-packages\\pandas\\__init__.py', reloading
2025-12-04 10:17:42,043 - werkzeug - INFO -  * Detected change in 'C:\\Users\\CSonneveld\\OneDrive - Euronext\\Documents\\Projects\\GUI + Reviews\\Review\\reviews\\ewms_review.py', reloading
2025-12-04 10:17:42,043 - werkzeug - INFO -  * Detected change in 'C:\\Users\\CSonneveld\\OneDrive - Euronext\\Documents\\Projects\\GUI + Reviews\\Review\\reviews\\ewms_review.py', reloading
2025-12-04 10:17:42,043 - werkzeug - INFO -  * Detected change in 'C:\\Users\\CSonneveld\\OneDrive - Euronext\\Documents\\Projects\\GUI + Reviews\\Review\\reviews\\ewms_review.py', reloading
