2025-07-02 13:21:34,229 - werkzeug - WARNING -  * Debugger is active!
2025-07-02 13:21:34,229 - werkzeug - INFO -  * Debugger PIN: 691-175-853
2025-07-02 13:21:34,270 - werkzeug - INFO -  * Detected change in 'C:\\Users\\CSonneveld\\AppData\\Roaming\\Python\\Python312\\site-packages\\scipy\\signal\\_peak_finding.py', reloading
2025-07-02 13:21:34,280 - werkzeug - INFO -  * Detected change in 'C:\\Users\\CSonneveld\\AppData\\Roaming\\Python\\Python312\\site-packages\\scipy\\signal\\_czt.py', reloading
2025-07-02 13:21:34,280 - werkzeug - INFO -  * Detected change in 'C:\\Users\\CSonneveld\\AppData\\Roaming\\Python\\Python312\\site-packages\\scipy\\sparse\\__init__.py', reloading
2025-07-02 13:21:34,280 - werkzeug - INFO -  * Detected change in 'C:\\Users\\CSonneveld\\AppData\\Roaming\\Python\\Python312\\site-packages\\scipy\\sparse\\_base.py', reloading
2025-07-02 13:21:34,290 - werkzeug - INFO -  * Detected change in 'C:\\Users\\CSonneveld\\AppData\\Roaming\\Python\\Python312\\site-packages\\scipy\\sparse\\_csr.py', reloading
2025-07-02 13:21:34,290 - werkzeug - INFO -  * Detected change in 'C:\\Users\\CSonneveld\\AppData\\Roaming\\Python\\Python312\\site-packages\\scipy\\sparse\\_csc.py', reloading
2025-07-02 13:21:34,290 - werkzeug - INFO -  * Detected change in 'C:\\Users\\CSonneveld\\AppData\\Roaming\\Python\\Python312\\site-packages\\scipy\\sparse\\_lil.py', reloading
2025-07-02 13:21:34,300 - werkzeug - INFO -  * Detected change in 'C:\\Users\\CSonneveld\\AppData\\Roaming\\Python\\Python312\\site-packages\\scipy\\sparse\\_dok.py', reloading
2025-07-02 13:21:34,300 - werkzeug - INFO -  * Detected change in 'C:\\Users\\CSonneveld\\AppData\\Roaming\\Python\\Python312\\site-packages\\scipy\\sparse\\_coo.py', reloading
2025-07-02 13:21:34,300 - werkzeug - INFO -  * Detected change in 'C:\\Users\\CSonneveld\\AppData\\Roaming\\Python\\Python312\\site-packages\\scipy\\sparse\\_dia.py', reloading
2025-07-02 13:21:34,300 - werkzeug - INFO -  * Detected change in 'C:\\Users\\CSonneveld\\AppData\\Roaming\\Python\\Python312\\site-packages\\scipy\\sparse\\_bsr.py', reloading
2025-07-02 13:21:34,310 - werkzeug - INFO -  * Detected change in 'C:\\Users\\CSonneveld\\AppData\\Roaming\\Python\\Python312\\site-packages\\scipy\\sparse\\_construct.py', reloading
2025-07-02 13:21:34,310 - werkzeug - INFO -  * Detected change in 'C:\\Users\\CSonneveld\\AppData\\Roaming\\Python\\Python312\\site-packages\\scipy\\sparse\\_extract.py', reloading
2025-07-02 13:21:34,310 - werkzeug - INFO -  * Detected change in 'C:\\Users\\CSonneveld\\AppData\\Roaming\\Python\\Python312\\site-packages\\scipy\\sparse\\_matrix_io.py', reloading
2025-07-02 13:21:34,310 - werkzeug - INFO -  * Detected change in 'C:\\Users\\CSonneveld\\AppData\\Roaming\\Python\\Python312\\site-packages\\scipy\\spatial\\__init__.py', reloading
2025-07-02 13:21:34,310 - werkzeug - INFO -  * Detected change in 'C:\\Users\\CSonneveld\\AppData\\Roaming\\Python\\Python312\\site-packages\\scipy\\spatial\\_kdtree.py', reloading
2025-07-02 13:21:34,310 - werkzeug - INFO -  * Detected change in 'C:\\Users\\CSonneveld\\AppData\\Roaming\\Python\\Python312\\site-packages\\scipy\\spatial\\_plotutils.py', reloading
2025-07-02 13:21:34,320 - werkzeug - INFO -  * Detected change in 'C:\\Users\\CSonneveld\\AppData\\Roaming\\Python\\Python312\\site-packages\\scipy\\special\\__init__.py', reloading
2025-07-02 13:21:34,328 - werkzeug - INFO -  * Detected change in 'C:\\Users\\CSonneveld\\AppData\\Roaming\\Python\\Python312\\site-packages\\scipy\\special\\_basic.py', reloading
2025-07-02 13:21:34,333 - werkzeug - INFO -  * Detected change in 'C:\\Users\\CSonneveld\\AppData\\Roaming\\Python\\Python312\\site-packages\\scipy\\special\\_multiufuncs.py', reloading
2025-07-02 13:21:34,336 - werkzeug - INFO -  * Detected change in 'C:\\Users\\CSonneveld\\AppData\\Roaming\\Python\\Python312\\site-packages\\scipy\\special\\_sf_error.py', reloading
2025-07-02 13:21:34,337 - werkzeug - INFO -  * Detected change in 'C:\\Users\\CSonneveld\\AppData\\Roaming\\Python\\Python312\\site-packages\\scipy\\special\\_logsumexp.py', reloading
2025-07-02 13:21:34,338 - werkzeug - INFO -  * Detected change in 'C:\\Users\\CSonneveld\\AppData\\Roaming\\Python\\Python312\\site-packages\\scipy\\special\\_spfun_stats.py', reloading
2025-07-02 13:21:34,338 - werkzeug - INFO -  * Detected change in 'C:\\Users\\CSonneveld\\AppData\\Roaming\\Python\\Python312\\site-packages\\scipy\\special\\_ellip_harm.py', reloading
2025-07-02 13:21:34,339 - werkzeug - INFO -  * Detected change in 'C:\\Users\\CSonneveld\\AppData\\Roaming\\Python\\Python312\\site-packages\\scipy\\special\\_lambertw.py', reloading
2025-07-02 13:21:34,340 - werkzeug - INFO -  * Detected change in 'C:\\Users\\CSonneveld\\AppData\\Roaming\\Python\\Python312\\site-packages\\scipy\\special\\_spherical_bessel.py', reloading
2025-07-02 13:21:34,341 - werkzeug - INFO -  * Detected change in 'C:\\Users\\CSonneveld\\AppData\\Roaming\\Python\\Python312\\site-packages\\scipy\\stats\\__init__.py', reloading
2025-07-02 13:21:34,345 - werkzeug - INFO -  * Detected change in 'C:\\Users\\CSonneveld\\AppData\\Roaming\\Python\\Python312\\site-packages\\scipy\\stats\\_stats_py.py', reloading
2025-07-02 13:21:34,358 - werkzeug - INFO -  * Detected change in 'C:\\Users\\CSonneveld\\AppData\\Roaming\\Python\\Python312\\site-packages\\scipy\\stats\\distributions.py', reloading
2025-07-02 13:21:34,361 - werkzeug - INFO -  * Detected change in 'C:\\Users\\CSonneveld\\AppData\\Roaming\\Python\\Python312\\site-packages\\scipy\\stats\\_continuous_distns.py', reloading
2025-07-02 13:21:34,379 - werkzeug - INFO -  * Detected change in 'C:\\Users\\CSonneveld\\AppData\\Roaming\\Python\\Python312\\site-packages\\scipy\\stats\\_discrete_distns.py', reloading
2025-07-02 13:21:34,379 - werkzeug - INFO -  * Detected change in 'C:\\Users\\CSonneveld\\AppData\\Roaming\\Python\\Python312\\site-packages\\scipy\\stats\\_morestats.py', reloading
2025-07-02 13:21:34,389 - werkzeug - INFO -  * Detected change in 'C:\\Users\\CSonneveld\\AppData\\Roaming\\Python\\Python312\\site-packages\\scipy\\stats\\_multicomp.py', reloading
2025-07-02 13:21:34,389 - werkzeug - INFO -  * Detected change in 'C:\\Users\\CSonneveld\\AppData\\Roaming\\Python\\Python312\\site-packages\\scipy\\stats\\_binned_statistic.py', reloading
2025-07-02 13:21:34,389 - werkzeug - INFO -  * Detected change in 'C:\\Users\\CSonneveld\\AppData\\Roaming\\Python\\Python312\\site-packages\\scipy\\stats\\_multivariate.py', reloading
2025-07-02 13:21:34,399 - werkzeug - INFO -  * Detected change in 'C:\\Users\\CSonneveld\\AppData\\Roaming\\Python\\Python312\\site-packages\\scipy\\stats\\_entropy.py', reloading
2025-07-02 13:21:34,409 - werkzeug - INFO -  * Detected change in 'C:\\Users\\CSonneveld\\AppData\\Roaming\\Python\\Python312\\site-packages\\scipy\\stats\\_hypotests.py', reloading
2025-07-02 13:21:34,409 - werkzeug - INFO -  * Detected change in 'C:\\Users\\CSonneveld\\AppData\\Roaming\\Python\\Python312\\site-packages\\scipy\\stats\\_sensitivity_analysis.py', reloading
2025-07-02 13:21:34,409 - werkzeug - INFO -  * Detected change in 'C:\\Users\\CSonneveld\\AppData\\Roaming\\Python\\Python312\\site-packages\\scipy\\stats\\_survival.py', reloading
2025-07-02 13:21:34,409 - werkzeug - INFO -  * Detected change in 'C:\\Users\\CSonneveld\\AppData\\Roaming\\Python\\Python312\\site-packages\\scipy\\version.py', reloading
2025-07-02 13:21:34,409 - werkzeug - INFO -  * Detected change in 'C:\\Users\\CSonneveld\\AppData\\Roaming\\Python\\Python312\\site-packages\\scipy\\__config__.py', reloading
2025-07-02 13:21:34,409 - werkzeug - INFO -  * Detected change in 'C:\\Users\\CSonneveld\\AppData\\Roaming\\Python\\Python312\\site-packages\\scipy\\__init__.py', reloading
2025-07-02 13:21:34,419 - werkzeug - INFO -  * Detected change in 'C:\\Users\\CSonneveld\\AppData\\Roaming\\Python\\Python312\\site-packages\\sniffio\\__init__.py', reloading
2025-07-02 13:21:34,419 - werkzeug - INFO -  * Detected change in 'C:\\Users\\CSonneveld\\AppData\\Roaming\\Python\\Python312\\site-packages\\sniffio\\_impl.py', reloading
2025-07-02 13:21:34,419 - werkzeug - INFO -  * Detected change in 'C:\\Users\\CSonneveld\\AppData\\Roaming\\Python\\Python312\\site-packages\\sqlalchemy\\__init__.py', reloading
2025-07-02 13:21:34,419 - werkzeug - INFO -  * Detected change in 'C:\\Users\\CSonneveld\\AppData\\Roaming\\Python\\Python312\\site-packages\\sqlalchemy\\engine\\__init__.py', reloading
2025-07-02 13:21:34,419 - werkzeug - INFO -  * Detected change in 'C:\\Users\\CSonneveld\\AppData\\Roaming\\Python\\Python312\\site-packages\\sqlalchemy\\engine\\interfaces.py', reloading
2025-07-02 13:21:34,429 - werkzeug - INFO -  * Detected change in 'C:\\Users\\CSonneveld\\AppData\\Roaming\\Python\\Python312\\site-packages\\sqlalchemy\\engine\\row.py', reloading
2025-07-02 13:21:34,429 - werkzeug - INFO -  * Detected change in 'C:\\Users\\CSonneveld\\AppData\\Roaming\\Python\\Python312\\site-packages\\sqlalchemy\\engine\\_py_row.py', reloading
2025-07-02 13:21:34,429 - werkzeug - INFO -  * Detected change in 'C:\\Users\\CSonneveld\\AppData\\Roaming\\Python\\Python312\\site-packages\\sqlalchemy\\engine\\result.py', reloading
2025-07-02 13:21:34,439 - werkzeug - INFO -  * Detected change in 'C:\\Users\\CSonneveld\\AppData\\Roaming\\Python\\Python312\\site-packages\\sqlalchemy\\sql\\compiler.py', reloading
2025-07-02 13:21:34,449 - werkzeug - INFO -  * Detected change in 'C:\\Users\\CSonneveld\\AppData\\Roaming\\Python\\Python312\\site-packages\\sqlalchemy\\engine\\base.py', reloading
2025-07-02 13:21:34,449 - werkzeug - INFO -  * Detected change in 'C:\\Users\\CSonneveld\\AppData\\Roaming\\Python\\Python312\\site-packages\\sqlalchemy\\engine\\create.py', reloading
2025-07-02 13:21:34,449 - werkzeug - INFO -  * Detected change in 'C:\\Users\\CSonneveld\\AppData\\Roaming\\Python\\Python312\\site-packages\\sqlalchemy\\engine\\mock.py', reloading
2025-07-02 13:21:34,459 - werkzeug - INFO -  * Detected change in 'C:\\Users\\CSonneveld\\AppData\\Roaming\\Python\\Python312\\site-packages\\sqlalchemy\\engine\\cursor.py', reloading
2025-07-02 13:21:34,459 - werkzeug - INFO -  * Detected change in 'C:\\Users\\CSonneveld\\AppData\\Roaming\\Python\\Python312\\site-packages\\sqlalchemy\\engine\\reflection.py', reloading
2025-07-02 13:21:34,459 - werkzeug - INFO -  * Detected change in 'C:\\Users\\CSonneveld\\AppData\\Roaming\\Python\\Python312\\site-packages\\sqlalchemy\\engine\\url.py', reloading
2025-07-02 13:21:34,469 - werkzeug - INFO -  * Detected change in 'C:\\Users\\CSonneveld\\AppData\\Roaming\\Python\\Python312\\site-packages\\sqlalchemy\\inspection.py', reloading
2025-07-02 13:21:34,469 - werkzeug - INFO -  * Detected change in 'C:\\Users\\CSonneveld\\AppData\\Roaming\\Python\\Python312\\site-packages\\sqlalchemy\\pool\\__init__.py', reloading
2025-07-02 13:21:34,469 - werkzeug - INFO -  * Detected change in 'C:\\Users\\CSonneveld\\AppData\\Roaming\\Python\\Python312\\site-packages\\sqlalchemy\\pool\\impl.py', reloading
2025-07-02 13:21:34,469 - werkzeug - INFO -  * Detected change in 'C:\\Users\\CSonneveld\\AppData\\Roaming\\Python\\Python312\\site-packages\\sqlalchemy\\pool\\base.py', reloading
2025-07-02 13:21:34,469 - werkzeug - INFO -  * Detected change in 'C:\\Users\\CSonneveld\\AppData\\Roaming\\Python\\Python312\\site-packages\\sqlalchemy\\schema.py', reloading
2025-07-02 13:21:34,469 - werkzeug - INFO -  * Detected change in 'C:\\Users\\CSonneveld\\AppData\\Roaming\\Python\\Python312\\site-packages\\sqlalchemy\\sql\\ddl.py', reloading
2025-07-02 13:21:34,479 - werkzeug - INFO -  * Detected change in 'C:\\Users\\CSonneveld\\AppData\\Roaming\\Python\\Python312\\site-packages\\sqlalchemy\\sql\\schema.py', reloading
2025-07-02 13:21:34,489 - werkzeug - INFO -  * Detected change in 'C:\\Users\\CSonneveld\\AppData\\Roaming\\Python\\Python312\\site-packages\\sqlalchemy\\sql\\__init__.py', reloading
2025-07-02 13:21:34,491 - werkzeug - INFO -  * Detected change in 'C:\\Users\\CSonneveld\\AppData\\Roaming\\Python\\Python312\\site-packages\\sqlalchemy\\sql\\_typing.py', reloading
2025-07-02 13:21:34,498 - werkzeug - INFO -  * Detected change in 'C:\\Users\\CSonneveld\\AppData\\Roaming\\Python\\Python312\\site-packages\\sqlalchemy\\sql\\expression.py', reloading
2025-07-02 13:21:34,501 - werkzeug - INFO -  * Detected change in 'C:\\Users\\CSonneveld\\AppData\\Roaming\\Python\\Python312\\site-packages\\sqlalchemy\\sql\\selectable.py', reloading
2025-07-02 13:21:34,508 - werkzeug - INFO -  * Detected change in 'C:\\Users\\CSonneveld\\AppData\\Roaming\\Python\\Python312\\site-packages\\sqlalchemy\\sql\\_selectable_constructors.py', reloading
2025-07-02 13:21:34,510 - werkzeug - INFO -  * Detected change in 'C:\\Users\\CSonneveld\\AppData\\Roaming\\Python\\Python312\\site-packages\\sqlalchemy\\sql\\_elements_constructors.py', reloading
2025-07-02 13:21:34,512 - werkzeug - INFO -  * Detected change in 'C:\\Users\\CSonneveld\\AppData\\Roaming\\Python\\Python312\\site-packages\\sqlalchemy\\sql\\elements.py', reloading
2025-07-02 13:21:34,512 - werkzeug - INFO -  * Detected change in 'C:\\Users\\CSonneveld\\AppData\\Roaming\\Python\\Python312\\site-packages\\sqlalchemy\\sql\\cache_key.py', reloading
2025-07-02 13:21:34,522 - werkzeug - INFO -  * Detected change in 'C:\\Users\\CSonneveld\\AppData\\Roaming\\Python\\Python312\\site-packages\\sqlalchemy\\sql\\base.py', reloading
2025-07-02 13:21:34,522 - werkzeug - INFO -  * Detected change in 'C:\\Users\\CSonneveld\\AppData\\Roaming\\Python\\Python312\\site-packages\\sqlalchemy\\sql\\operators.py', reloading
2025-07-02 13:21:34,522 - werkzeug - INFO -  * Detected change in 'C:\\Users\\CSonneveld\\AppData\\Roaming\\Python\\Python312\\site-packages\\sqlalchemy\\sql\\dml.py', reloading
2025-07-02 13:21:34,532 - werkzeug - INFO -  * Detected change in 'C:\\Users\\CSonneveld\\AppData\\Roaming\\Python\\Python312\\site-packages\\sqlalchemy\\sql\\_dml_constructors.py', reloading
2025-07-02 13:21:34,532 - werkzeug - INFO -  * Detected change in 'C:\\Users\\CSonneveld\\AppData\\Roaming\\Python\\Python312\\site-packages\\sqlalchemy\\sql\\functions.py', reloading
2025-07-02 13:21:34,532 - werkzeug - INFO -  * Detected change in 'C:\\Users\\CSonneveld\\AppData\\Roaming\\Python\\Python312\\site-packages\\sqlalchemy\\sql\\lambdas.py', reloading
2025-07-02 13:21:34,532 - werkzeug - INFO -  * Detected change in 'C:\\Users\\CSonneveld\\AppData\\Roaming\\Python\\Python312\\site-packages\\sqlalchemy\\sql\\visitors.py', reloading
2025-07-02 13:21:34,542 - werkzeug - INFO -  * Detected change in 'C:\\Users\\CSonneveld\\AppData\\Roaming\\Python\\Python312\\site-packages\\sqlalchemy\\types.py', reloading
2025-07-02 13:21:34,542 - werkzeug - INFO -  * Detected change in 'C:\\Users\\CSonneveld\\AppData\\Roaming\\Python\\Python312\\site-packages\\sqlalchemy\\sql\\sqltypes.py', reloading
2025-07-02 13:21:34,542 - werkzeug - INFO -  * Detected change in 'C:\\Users\\CSonneveld\\AppData\\Roaming\\Python\\Python312\\site-packages\\sqlalchemy\\sql\\type_api.py', reloading
2025-07-02 13:21:34,542 - werkzeug - INFO -  * Detected change in 'C:\\Users\\CSonneveld\\AppData\\Roaming\\Python\\Python312\\site-packages\\stack_data\\__init__.py', reloading
2025-07-02 13:21:34,552 - werkzeug - INFO -  * Detected change in 'C:\\Users\\CSonneveld\\AppData\\Roaming\\Python\\Python312\\site-packages\\traitlets\\__init__.py', reloading
2025-07-02 13:21:34,552 - werkzeug - INFO -  * Detected change in 'C:\\Users\\CSonneveld\\AppData\\Roaming\\Python\\Python312\\site-packages\\traitlets\\traitlets.py', reloading
2025-07-02 13:21:34,562 - werkzeug - INFO -  * Detected change in 'C:\\Users\\CSonneveld\\AppData\\Roaming\\Python\\Python312\\site-packages\\traitlets\\_version.py', reloading
2025-07-02 13:21:34,562 - werkzeug - INFO -  * Detected change in 'C:\\Users\\CSonneveld\\AppData\\Roaming\\Python\\Python312\\site-packages\\traitlets\\utils\\bunch.py', reloading
2025-07-02 13:21:34,562 - werkzeug - INFO -  * Detected change in 'C:\\Users\\CSonneveld\\AppData\\Roaming\\Python\\Python312\\site-packages\\traitlets\\utils\\decorators.py', reloading
2025-07-02 13:21:34,562 - werkzeug - INFO -  * Detected change in 'C:\\Users\\CSonneveld\\AppData\\Roaming\\Python\\Python312\\site-packages\\traitlets\\utils\\importstring.py', reloading
2025-07-02 13:21:34,562 - werkzeug - INFO -  * Detected change in 'C:\\Users\\CSonneveld\\AppData\\Roaming\\Python\\Python312\\site-packages\\tzdata\\__init__.py', reloading
2025-07-02 13:21:34,562 - werkzeug - INFO -  * Detected change in 'C:\\Users\\CSonneveld\\AppData\\Roaming\\Python\\Python312\\site-packages\\urllib3\\__init__.py', reloading
2025-07-02 13:21:34,569 - werkzeug - INFO -  * Detected change in 'C:\\Users\\CSonneveld\\AppData\\Roaming\\Python\\Python312\\site-packages\\urllib3\\_collections.py', reloading
2025-07-02 13:21:34,569 - werkzeug - INFO -  * Detected change in 'C:\\Users\\CSonneveld\\AppData\\Roaming\\Python\\Python312\\site-packages\\urllib3\\connectionpool.py', reloading
2025-07-02 13:21:34,569 - werkzeug - INFO -  * Detected change in 'C:\\Users\\CSonneveld\\AppData\\Roaming\\Python\\Python312\\site-packages\\urllib3\\filepost.py', reloading
2025-07-02 13:21:34,569 - werkzeug - INFO -  * Detected change in 'C:\\Users\\CSonneveld\\AppData\\Roaming\\Python\\Python312\\site-packages\\urllib3\\poolmanager.py', reloading
2025-07-02 13:21:34,569 - werkzeug - INFO -  * Detected change in 'C:\\Users\\CSonneveld\\AppData\\Roaming\\Python\\Python312\\site-packages\\urllib3\\response.py', reloading
2025-07-02 13:21:34,580 - werkzeug - INFO -  * Detected change in 'C:\\Users\\CSonneveld\\AppData\\Roaming\\Python\\Python312\\site-packages\\urllib3\\util\\request.py', reloading
2025-07-02 13:21:34,585 - werkzeug - INFO -  * Detected change in 'C:\\Users\\CSonneveld\\AppData\\Roaming\\Python\\Python312\\site-packages\\urllib3\\util\\retry.py', reloading
2025-07-02 13:21:34,592 - werkzeug - INFO -  * Detected change in 'C:\\Users\\CSonneveld\\AppData\\Roaming\\Python\\Python312\\site-packages\\urllib3\\util\\timeout.py', reloading
2025-07-02 13:21:34,593 - werkzeug - INFO -  * Detected change in 'C:\\Users\\CSonneveld\\AppData\\Roaming\\Python\\Python312\\site-packages\\uvicorn\\__init__.py', reloading
2025-07-02 13:21:34,594 - werkzeug - INFO -  * Detected change in 'C:\\Users\\CSonneveld\\AppData\\Roaming\\Python\\Python312\\site-packages\\uvicorn\\config.py', reloading
2025-07-02 13:21:34,598 - werkzeug - INFO -  * Detected change in 'C:\\Users\\CSonneveld\\AppData\\Roaming\\Python\\Python312\\site-packages\\uvicorn\\main.py', reloading
2025-07-02 13:21:34,602 - werkzeug - INFO -  * Detected change in 'C:\\Users\\CSonneveld\\AppData\\Roaming\\Python\\Python312\\site-packages\\uvicorn\\server.py', reloading
2025-07-02 13:21:34,607 - werkzeug - INFO -  * Detected change in 'C:\\Users\\CSonneveld\\AppData\\Roaming\\Python\\Python312\\site-packages\\wcwidth\\__init__.py', reloading
2025-07-02 13:21:34,609 - werkzeug - INFO -  * Detected change in 'C:\\Users\\CSonneveld\\AppData\\Roaming\\Python\\Python312\\site-packages\\wcwidth\\wcwidth.py', reloading
2025-07-02 13:21:34,611 - werkzeug - INFO -  * Detected change in 'C:\\Users\\CSonneveld\\AppData\\Roaming\\Python\\Python312\\site-packages\\wcwidth\\unicode_versions.py', reloading
2025-07-02 13:21:34,612 - werkzeug - INFO -  * Detected change in 'C:\\Users\\CSonneveld\\AppData\\Roaming\\Python\\Python312\\site-packages\\werkzeug\\__init__.py', reloading
2025-07-02 13:21:34,613 - werkzeug - INFO -  * Detected change in 'C:\\Users\\CSonneveld\\AppData\\Roaming\\Python\\Python312\\site-packages\\werkzeug\\serving.py', reloading
2025-07-02 13:21:34,613 - werkzeug - INFO -  * Detected change in 'C:\\Users\\CSonneveld\\AppData\\Roaming\\Python\\Python312\\site-packages\\werkzeug\\test.py', reloading
2025-07-02 13:21:34,613 - werkzeug - INFO -  * Detected change in 'C:\\Users\\CSonneveld\\AppData\\Roaming\\Python\\Python312\\site-packages\\werkzeug\\wrappers\\__init__.py', reloading
2025-07-02 13:21:34,613 - werkzeug - INFO -  * Detected change in 'C:\\Users\\CSonneveld\\AppData\\Roaming\\Python\\Python312\\site-packages\\werkzeug\\wrappers\\request.py', reloading
2025-07-02 13:21:34,613 - werkzeug - INFO -  * Detected change in 'C:\\Users\\CSonneveld\\AppData\\Roaming\\Python\\Python312\\site-packages\\werkzeug\\wrappers\\response.py', reloading
2025-07-02 13:21:34,623 - werkzeug - INFO -  * Detected change in 'C:\\Users\\CSonneveld\\AppData\\Roaming\\Python\\Python312\\site-packages\\win32ctypes\\__init__.py', reloading
2025-07-02 13:21:34,623 - werkzeug - INFO -  * Detected change in 'C:\\Users\\CSonneveld\\AppData\\Roaming\\Python\\Python312\\site-packages\\xlsxwriter\\__init__.py', reloading
2025-07-02 13:21:34,623 - werkzeug - INFO -  * Detected change in 'C:\\Users\\CSonneveld\\AppData\\Roaming\\Python\\Python312\\site-packages\\zmq\\constants.py', reloading
2025-07-02 13:21:34,623 - werkzeug - INFO -  * Detected change in 'C:\\Users\\CSonneveld\\AppData\\Roaming\\Python\\Python312\\site-packages\\zmq\\error.py', reloading
2025-07-02 13:21:34,633 - werkzeug - INFO -  * Detected change in 'C:\\Users\\CSonneveld\\AppData\\Roaming\\Python\\Python312\\site-packages\\zmq\\sugar\\context.py', reloading
2025-07-02 13:21:34,633 - werkzeug - INFO -  * Detected change in 'C:\\Users\\CSonneveld\\AppData\\Roaming\\Python\\Python312\\site-packages\\zmq\\sugar\\frame.py', reloading
2025-07-02 13:21:34,633 - werkzeug - INFO -  * Detected change in 'C:\\Users\\CSonneveld\\AppData\\Roaming\\Python\\Python312\\site-packages\\zmq\\sugar\\poll.py', reloading
2025-07-02 13:21:34,633 - werkzeug - INFO -  * Detected change in 'C:\\Users\\CSonneveld\\AppData\\Roaming\\Python\\Python312\\site-packages\\zmq\\sugar\\socket.py', reloading
2025-07-02 13:21:34,633 - werkzeug - INFO -  * Detected change in 'C:\\Users\\CSonneveld\\AppData\\Roaming\\Python\\Python312\\site-packages\\zmq\\sugar\\tracker.py', reloading
2025-07-02 13:21:34,633 - werkzeug - INFO -  * Detected change in 'C:\\Users\\CSonneveld\\AppData\\Roaming\\Python\\Python312\\site-packages\\zmq\\sugar\\version.py', reloading
2025-07-02 13:21:34,643 - werkzeug - INFO -  * Detected change in 'C:\\Users\\CSonneveld\\AppData\\Roaming\\Python\\Python312\\site-packages\\pythonwin\\pywin\\__init__.py', reloading
