2025-04-15 10:33:20,326 - werkzeug - WARNING -  * Debugger is active!
2025-04-15 10:33:20,328 - werkzeug - INFO -  * Debugger PIN: 691-175-853
2025-04-15 10:33:21,172 - Review.reviews.lc3wp_review - INFO - Loading EOD data...
2025-04-15 10:33:24,646 - Review.reviews.lc3wp_review - INFO - Loading reference data...
2025-04-15 10:33:34,420 - Review.reviews.lc3wp_review - WARNING - Removed 18750 duplicate rows from cdp_climate_df
2025-04-15 10:33:34,423 - Review.reviews.lc3wp_review - INFO - Adding Free Float data...
2025-04-15 10:33:34,458 - Review.reviews.lc3wp_review - INFO - Adding ICB Subsector data...
2025-04-15 10:33:34,477 - Review.reviews.lc3wp_review - WARNING - Removed 9315 duplicate rows from ICB data
2025-04-15 10:33:34,693 - Review.reviews.lc3wp_review - INFO - Debug file saved to C:\Users\CSonneveld\OneDrive - Euronext\Documents\Projects\GUI + Reviews\debug\universe_df_after_nace_20250415_103334.xlsx
2025-04-15 10:33:34,693 - Review.reviews.lc3wp_review - INFO - Adding CDP Climate data...
2025-04-15 10:33:34,698 - Review.reviews.lc3wp_review - INFO - Adding Oekom Trust & Carbon data...
2025-04-15 10:33:34,701 - Review.reviews.lc3wp_review - INFO - Adding NACE data...
2025-04-15 10:33:34,704 - Review.reviews.lc3wp_review - INFO - Adding EU Taxonomy flag...
2025-04-15 10:33:34,704 - Review.reviews.lc3wp_review - INFO - Checking GAFI lists and Non-fiscally cooperative countries...
2025-04-15 10:33:34,706 - Review.reviews.lc3wp_review - INFO - Applying exclusion criteria...
2025-04-15 10:33:34,719 - Review.reviews.lc3wp_review - INFO - Marked 149 companies (10%) with worst SG scores for exclusion
2025-04-15 10:33:34,737 - Review.reviews.lc3wp_review - INFO - Calculating Climate Score for ranking...
2025-04-15 10:33:34,739 - Review.reviews.lc3wp_review - INFO - Selecting EU Taxonomy companies...
2025-04-15 10:33:34,741 - Review.reviews.lc3wp_review - INFO - Found 14 EU Taxonomy companies after exclusions
2025-04-15 10:33:34,743 - Review.reviews.lc3wp_review - INFO - Found 979 Non-EU Taxonomy eligible companies after exclusions
2025-04-15 10:33:34,743 - Review.reviews.lc3wp_review - INFO - STEP 4a: Determining target number of Non-EU Taxonomy companies per super-sector...
2025-04-15 10:33:34,743 - Review.reviews.lc3wp_review - INFO - Target number of Non-EU Taxonomy companies: 286
2025-04-15 10:33:34,745 - Review.reviews.lc3wp_review - INFO - Total eligible Non-EU Taxonomy companies: 979
2025-04-15 10:33:34,746 - Review.reviews.lc3wp_review - INFO - Total target after rounding: 295 (vs. target of 286)
2025-04-15 10:33:34,746 - Review.reviews.lc3wp_review - INFO - Need to remove 9 companies due to rounding up
2025-04-15 10:33:34,747 - Review.reviews.lc3wp_review - INFO - STEP 4b: Selecting Non-EU Taxonomy companies based on climate score...
2025-04-15 10:33:34,748 - Review.reviews.lc3wp_review - INFO - Selected 39 companies from super-sector 1010.0
2025-04-15 10:33:34,749 - Review.reviews.lc3wp_review - INFO - Selected 12 companies from super-sector 1510.0
2025-04-15 10:33:34,750 - Review.reviews.lc3wp_review - INFO - Selected 34 companies from super-sector 2010.0
2025-04-15 10:33:34,751 - Review.reviews.lc3wp_review - INFO - Selected 24 companies from super-sector 3010.0
2025-04-15 10:33:34,752 - Review.reviews.lc3wp_review - INFO - Selected 21 companies from super-sector 3020.0
2025-04-15 10:33:34,752 - Review.reviews.lc3wp_review - INFO - Selected 19 companies from super-sector 3030.0
2025-04-15 10:33:34,753 - Review.reviews.lc3wp_review - INFO - Selected 24 companies from super-sector 3510.0
2025-04-15 10:33:34,754 - Review.reviews.lc3wp_review - INFO - Selected 6 companies from super-sector 4010.0
2025-04-15 10:33:34,755 - Review.reviews.lc3wp_review - INFO - Selected 17 companies from super-sector 4020.0
2025-04-15 10:33:34,755 - Review.reviews.lc3wp_review - INFO - Selected 5 companies from super-sector 4030.0
2025-04-15 10:33:34,756 - Review.reviews.lc3wp_review - INFO - Selected 8 companies from super-sector 4040.0
2025-04-15 10:33:34,757 - Review.reviews.lc3wp_review - INFO - Selected 11 companies from super-sector 4050.0
2025-04-15 10:33:34,758 - Review.reviews.lc3wp_review - INFO - Selected 15 companies from super-sector 4510.0
2025-04-15 10:33:34,758 - Review.reviews.lc3wp_review - INFO - Selected 8 companies from super-sector 4520.0
2025-04-15 10:33:34,759 - Review.reviews.lc3wp_review - INFO - Selected 6 companies from super-sector 5010.0
2025-04-15 10:33:34,760 - Review.reviews.lc3wp_review - INFO - Selected 33 companies from super-sector 5020.0
2025-04-15 10:33:34,761 - Review.reviews.lc3wp_review - INFO - Selected 6 companies from super-sector 5510.0
2025-04-15 10:33:34,762 - Review.reviews.lc3wp_review - INFO - Selected 5 companies from super-sector 5520.0
2025-04-15 10:33:34,762 - Review.reviews.lc3wp_review - INFO - Selected 2 companies from super-sector 6510.0
2025-04-15 10:33:34,771 - Review.reviews.lc3wp_review - INFO - Initial selection has 295 companies, need to remove 9
2025-04-15 10:33:34,793 - Review.reviews.lc3wp_review - INFO - Removed company US38141G1040 from supersector 3020.0 (Climate Score: 2.75)
2025-04-15 10:33:34,800 - Review.reviews.lc3wp_review - INFO - Removed company AU000000ANZ3 from supersector 3010.0 (Climate Score: 2.75)
2025-04-15 10:33:34,806 - Review.reviews.lc3wp_review - INFO - Removed company CA0679011084 from supersector 5510.0 (Climate Score: 2.58973159003276)
2025-04-15 10:33:34,812 - Review.reviews.lc3wp_review - INFO - Removed company JP3539220008 from supersector 3030.0 (Climate Score: 2.5)
2025-04-15 10:33:34,818 - Review.reviews.lc3wp_review - INFO - Removed company US7475251036 from supersector 1010.0 (Climate Score: 2.30023900135313)
2025-04-15 10:33:34,823 - Review.reviews.lc3wp_review - INFO - Removed company US2538681030 from supersector 3510.0 (Climate Score: 2.26099033267267)
2025-04-15 10:33:34,828 - Review.reviews.lc3wp_review - INFO - Removed company JP3705200008 from supersector 4050.0 (Climate Score: 2.24552928645429)
2025-04-15 10:33:34,833 - Review.reviews.lc3wp_review - INFO - Removed company DE0005552004 from supersector 5020.0 (Climate Score: 2.220375488488155)
2025-04-15 10:33:34,837 - Review.reviews.lc3wp_review - INFO - Removed company US4595061015 from supersector 5520.0 (Climate Score: 2.2099302264427454)
2025-04-15 10:33:34,839 - Review.reviews.lc3wp_review - INFO - Final Non-EU Taxonomy selection has 286 companies
2025-04-15 10:33:34,840 - Review.reviews.lc3wp_review - INFO - Minimum companies per supersector: 2
2025-04-15 10:33:34,843 - Review.reviews.lc3wp_review - INFO - Final selection contains 300 companies
2025-04-15 10:33:34,843 - Review.reviews.lc3wp_review - INFO - - EU Taxonomy: 14
2025-04-15 10:33:34,844 - Review.reviews.lc3wp_review - INFO - - Non-EU Taxonomy: 286
2025-04-15 10:33:34,844 - Review.reviews.lc3wp_review - INFO - Adding PAB flag based on CDP temperature score...
2025-04-15 10:33:34,844 - Review.reviews.lc3wp_review - INFO - Calculating liquidity constraints for all companies...
2025-04-15 10:33:34,845 - Review.reviews.lc3wp_review - INFO - Total FFMC_WD for all companies: 10315096042807.99
2025-04-15 10:33:34,846 - Review.reviews.lc3wp_review - INFO - Market cap based weights calculated for EU Taxonomy companies
2025-04-15 10:33:34,847 - Review.reviews.lc3wp_review - INFO - Liquidity caps for EU Taxonomy companies - Max: 4.5067%, Min: 0.5423%, Avg: 1.7218%
2025-04-15 10:33:34,847 - Review.reviews.lc3wp_review - INFO - Liquidity floors for EU Taxonomy companies - Max: 0.0000%, Min: 0.0000%, Avg: 0.0000%
2025-04-15 10:33:34,847 - Review.reviews.lc3wp_review - INFO - No liquidity issues found for EU Taxonomy companies
2025-04-15 10:33:34,852 - Review.reviews.lc3wp_review - INFO - Liquidity caps for Non-EU Taxonomy companies - Max: 10.0000%, Min: 0.1536%, Avg: 3.7625%
2025-04-15 10:33:34,852 - Review.reviews.lc3wp_review - INFO - Liquidity floors for Non-EU Taxonomy companies - Max: 0.0000%, Min: 0.0000%, Avg: 0.0000%
2025-04-15 10:33:34,852 - Review.reviews.lc3wp_review - INFO - No liquidity issues found for Non-EU Taxonomy companies
2025-04-15 10:33:34,855 - Review.reviews.lc3wp_review - INFO - Liquidity constraints have been calculated for all 300 companies
2025-04-15 10:33:34,855 - Review.reviews.lc3wp_review - INFO - Saving output files...
2025-04-15 10:33:36,379 - Review.reviews.lc3wp_review - INFO - Results saved to C:\Users\CSonneveld\OneDrive - Euronext\Documents\Projects\GUI + Reviews\output\LC3WP_review_20250415_103334.xlsx
2025-04-15 10:33:36,419 - werkzeug - INFO - 127.0.0.1 - - [15/Apr/2025 10:33:36] "POST /calculate HTTP/1.1" 200 -
