2025-12-15 11:03:18,578 - werkzeug - WARNING -  * Debugger is active!
2025-12-15 11:03:18,578 - werkzeug - INFO -  * Debugger PIN: 691-175-853
2025-12-15 11:03:18,607 - werkzeug - INFO - 127.0.0.1 - - [15/Dec/2025 11:03:18] "GET /task-status/c652367d-1e9f-4a48-a162-2b4a1f5094e1 HTTP/1.1" 200 -
2025-12-15 11:03:22,008 - werkzeug - INFO - 127.0.0.1 - - [15/Dec/2025 11:03:22] "POST /calculate HTTP/1.1" 200 -
2025-12-15 11:03:22,008 - Review.reviews.eesl_review - INFO - Starting EESL review calculation
2025-12-15 11:03:22,008 - werkzeug - INFO - 127.0.0.1 - - [15/Dec/2025 11:03:22] "GET /task-status/d409e738-a96f-4b15-8c67-8ae0931da084 HTTP/1.1" 200 -
2025-12-15 11:03:23,443 - Review.reviews.eesl_review - INFO - Found 843 existing companies in EESL
2025-12-15 11:03:23,452 - Review.reviews.eesl_review - INFO - 
Overall EESL Selection Summary:
2025-12-15 11:03:23,456 - Review.reviews.eesl_review - INFO - Total companies selected: 913
2025-12-15 11:03:23,456 - Review.reviews.eesl_review - INFO -   - Existing companies selected: 835
2025-12-15 11:03:23,457 - Review.reviews.eesl_review - INFO -   - New companies selected: 78
2025-12-15 11:03:23,458 - Review.reviews.eesl_review - INFO - Total FFMC covered: 15.06%
2025-12-15 11:03:23,458 - Review.reviews.eesl_review - INFO - 
Applying proportional capping
2025-12-15 11:03:23,460 - utils.capping_proportional - INFO - Starting proportional capping with max weight: 10.0%
2025-12-15 11:03:23,461 - utils.capping_proportional - INFO - Capping procedure converged after 0 iterations
2025-12-15 11:03:23,461 - utils.capping_proportional - INFO - Capping Summary:
2025-12-15 11:03:23,461 - utils.capping_proportional - INFO -   Total companies: 913
2025-12-15 11:03:23,461 - utils.capping_proportional - INFO -   Companies capped: 0
2025-12-15 11:03:23,461 - utils.capping_proportional - INFO -   Weight sum after capping: 1.000000
2025-12-15 11:03:23,461 - utils.capping_proportional - INFO -   Max weight after capping: 0.009933
2025-12-15 11:03:23,462 - Review.reviews.eesl_review - INFO - 
EESL Changes Summary:
2025-12-15 11:03:23,462 - Review.reviews.eesl_review - INFO - Inclusions: 78
2025-12-15 11:03:23,462 - Review.reviews.eesl_review - INFO - Exclusions: 81
2025-12-15 11:03:23,462 - Review.reviews.eesl_review - INFO - Saving output to: C:\Users\CSonneveld\OneDrive - Euronext\Documents\Projects\GUI + Reviews\output\EESL_Review_20251215_110323.xlsx
2025-12-15 11:03:23,757 - Review.reviews.eesl_review - INFO - File successfully saved to: C:\Users\CSonneveld\OneDrive - Euronext\Documents\Projects\GUI + Reviews\output\EESL_Review_20251215_110323.xlsx
2025-12-15 11:03:24,024 - werkzeug - INFO - 127.0.0.1 - - [15/Dec/2025 11:03:24] "GET /task-status/d409e738-a96f-4b15-8c67-8ae0931da084 HTTP/1.1" 200 -
2025-12-15 11:04:07,981 - werkzeug - INFO -  * Detected change in 'C:\\Users\\CSonneveld\\OneDrive - Euronext\\Documents\\Projects\\GUI + Reviews\\Review\\reviews\\eesl_review.py', reloading
2025-12-15 11:04:07,987 - werkzeug - INFO -  * Detected change in 'C:\\Users\\CSonneveld\\OneDrive - Euronext\\Documents\\Projects\\GUI + Reviews\\Review\\reviews\\eesl_review.py', reloading
