2025-12-04 14:56:40,977 - werkzeug - INFO - [31m[1mWARNING: This is a development server. Do not use it in a production deployment. Use a production WSGI server instead.[0m
 * Running on all addresses (0.0.0.0)
 * Running on http://127.0.0.1:5000
 * Running on http://10.199.43.185:5000
2025-12-04 14:56:40,977 - werkzeug - INFO - [33mPress CTRL+C to quit[0m
2025-12-04 14:56:40,983 - werkzeug - INFO -  * Restarting with watchdog (windowsapi)
2025-12-04 15:03:22,493 - werkzeug - INFO -  * Restarting with watchdog (windowsapi)
2025-12-04 15:03:37,746 - werkzeug - INFO -  * Restarting with watchdog (windowsapi)
2025-12-04 15:04:44,029 - werkzeug - INFO -  * Restarting with watchdog (windowsapi)
2025-12-04 15:05:09,413 - werkzeug - INFO -  * Restarting with watchdog (windowsapi)
2025-12-04 15:12:46,578 - werkzeug - INFO -  * Restarting with watchdog (windowsapi)
2025-12-04 15:12:50,379 - werkzeug - INFO -  * Restarting with watchdog (windowsapi)
2025-12-04 15:12:54,911 - werkzeug - INFO -  * Restarting with watchdog (windowsapi)
2025-12-04 15:15:16,644 - werkzeug - INFO -  * Restarting with watchdog (windowsapi)
2025-12-04 15:22:19,680 - werkzeug - INFO -  * Restarting with watchdog (windowsapi)
2025-12-04 15:22:47,681 - werkzeug - INFO -  * Restarting with watchdog (windowsapi)
2025-12-04 15:23:57,033 - werkzeug - INFO -  * Restarting with watchdog (windowsapi)
2025-12-04 15:26:45,686 - werkzeug - INFO -  * Restarting with watchdog (windowsapi)
2025-12-04 15:50:20,936 - werkzeug - INFO -  * Restarting with watchdog (windowsapi)
2025-12-04 15:50:27,712 - werkzeug - INFO -  * Restarting with watchdog (windowsapi)
2025-12-04 15:50:31,957 - werkzeug - INFO -  * Restarting with watchdog (windowsapi)
2025-12-04 15:52:26,953 - werkzeug - INFO -  * Restarting with watchdog (windowsapi)
2025-12-04 15:52:37,794 - werkzeug - INFO -  * Restarting with watchdog (windowsapi)
2025-12-04 15:56:07,469 - werkzeug - INFO -  * Restarting with watchdog (windowsapi)
2025-12-04 16:35:11,135 - werkzeug - INFO -  * Restarting with watchdog (windowsapi)
2025-12-04 16:35:16,069 - werkzeug - INFO -  * Restarting with watchdog (windowsapi)
2025-12-04 16:41:09,645 - werkzeug - INFO -  * Restarting with watchdog (windowsapi)
2025-12-04 16:41:19,069 - werkzeug - INFO -  * Restarting with watchdog (windowsapi)
2025-12-04 16:42:50,368 - werkzeug - INFO -  * Restarting with watchdog (windowsapi)
2025-12-04 16:42:52,666 - werkzeug - INFO -  * Restarting with watchdog (windowsapi)
2025-12-04 16:42:54,898 - werkzeug - INFO -  * Restarting with watchdog (windowsapi)
2025-12-04 16:43:10,316 - werkzeug - INFO -  * Restarting with watchdog (windowsapi)
2025-12-04 16:43:12,885 - werkzeug - INFO -  * Restarting with watchdog (windowsapi)
2025-12-04 16:45:30,527 - werkzeug - INFO -  * Restarting with watchdog (windowsapi)
2025-12-04 16:45:47,050 - werkzeug - INFO -  * Restarting with watchdog (windowsapi)
2025-12-04 16:46:05,650 - werkzeug - INFO -  * Restarting with watchdog (windowsapi)
2025-12-04 16:46:12,014 - werkzeug - INFO -  * Restarting with watchdog (windowsapi)
2025-12-04 16:47:59,850 - werkzeug - INFO -  * Restarting with watchdog (windowsapi)
2025-12-04 16:49:33,319 - werkzeug - INFO -  * Restarting with watchdog (windowsapi)
2025-12-04 16:50:44,755 - werkzeug - INFO -  * Restarting with watchdog (windowsapi)
2025-12-04 16:50:48,147 - werkzeug - INFO -  * Restarting with watchdog (windowsapi)
2025-12-04 16:51:00,436 - werkzeug - INFO -  * Restarting with watchdog (windowsapi)
2025-12-04 16:51:09,735 - werkzeug - INFO -  * Restarting with watchdog (windowsapi)
2025-12-04 16:53:05,595 - werkzeug - INFO -  * Restarting with watchdog (windowsapi)
2025-12-04 16:53:18,104 - werkzeug - INFO -  * Restarting with watchdog (windowsapi)
2025-12-04 17:20:55,145 - werkzeug - INFO -  * Restarting with watchdog (windowsapi)
2025-12-04 17:21:04,072 - werkzeug - INFO -  * Restarting with watchdog (windowsapi)
2025-12-04 17:21:21,184 - werkzeug - INFO -  * Restarting with watchdog (windowsapi)
2025-12-04 17:22:28,294 - werkzeug - INFO -  * Restarting with watchdog (windowsapi)
2025-12-04 17:22:37,564 - werkzeug - INFO -  * Restarting with watchdog (windowsapi)
2025-12-04 17:22:40,105 - werkzeug - INFO -  * Restarting with watchdog (windowsapi)
2025-12-04 17:23:22,147 - werkzeug - INFO -  * Restarting with watchdog (windowsapi)
2025-12-04 17:27:14,973 - werkzeug - INFO -  * Restarting with watchdog (windowsapi)
2025-12-04 17:27:24,570 - werkzeug - INFO -  * Restarting with watchdog (windowsapi)
2025-12-04 17:32:39,905 - werkzeug - INFO -  * Restarting with watchdog (windowsapi)
2025-12-04 17:32:54,595 - werkzeug - INFO -  * Restarting with watchdog (windowsapi)
2025-12-04 17:34:55,325 - werkzeug - INFO -  * Restarting with watchdog (windowsapi)
2025-12-04 17:38:22,175 - werkzeug - INFO -  * Restarting with watchdog (windowsapi)
2025-12-04 17:38:35,342 - werkzeug - INFO -  * Restarting with watchdog (windowsapi)
