2025-03-20 17:15:02,057 - werkzeug - WARNING -  * Debugger is active!
2025-03-20 17:15:02,057 - werkzeug - INFO -  * Debugger PIN: 691-175-853
2025-03-20 17:15:02,087 - Review.reviews.frd4p_review - INFO - Loading EOD data...
2025-03-20 17:15:04,685 - Review.reviews.frd4p_review - INFO - Loading reference data...
2025-03-20 17:15:12,909 - Review.reviews.frd4p_review - INFO - Processing sector: 1010.0, area: AS, group size: 46
2025-03-20 17:15:12,909 - Review.reviews.frd4p_review - INFO - Companies in group: 46, to exclude: 9
2025-03-20 17:15:12,909 - Review.reviews.frd4p_review - INFO - Processing sector: 1010.0, area: EU, group size: 25
2025-03-20 17:15:12,909 - Review.reviews.frd4p_review - INFO - Companies in group: 25, to exclude: 4
2025-03-20 17:15:12,909 - Review.reviews.frd4p_review - INFO - Processing sector: 1010.0, area: NA, group size: 83
2025-03-20 17:15:12,909 - Review.reviews.frd4p_review - INFO - Companies in group: 83, to exclude: 16
2025-03-20 17:15:12,909 - Review.reviews.frd4p_review - INFO - Processing sector: 1510.0, area: AS, group size: 12
2025-03-20 17:15:12,909 - Review.reviews.frd4p_review - INFO - Companies in group: 12, to exclude: 2
2025-03-20 17:15:12,909 - Review.reviews.frd4p_review - INFO - Processing sector: 1510.0, area: EU, group size: 19
2025-03-20 17:15:12,909 - Review.reviews.frd4p_review - INFO - Companies in group: 19, to exclude: 3
2025-03-20 17:15:12,909 - Review.reviews.frd4p_review - INFO - Processing sector: 1510.0, area: NA, group size: 10
2025-03-20 17:15:12,909 - Review.reviews.frd4p_review - INFO - Companies in group: 10, to exclude: 1
2025-03-20 17:15:12,918 - Review.reviews.frd4p_review - INFO - Processing sector: 2010.0, area: AS, group size: 30
2025-03-20 17:15:12,919 - Review.reviews.frd4p_review - INFO - Companies in group: 30, to exclude: 5
2025-03-20 17:15:12,919 - Review.reviews.frd4p_review - INFO - Processing sector: 2010.0, area: EU, group size: 48
2025-03-20 17:15:12,919 - Review.reviews.frd4p_review - INFO - Companies in group: 48, to exclude: 9
2025-03-20 17:15:12,920 - Review.reviews.frd4p_review - INFO - Processing sector: 2010.0, area: NA, group size: 46
2025-03-20 17:15:12,920 - Review.reviews.frd4p_review - INFO - Companies in group: 46, to exclude: 9
2025-03-20 17:15:12,920 - Review.reviews.frd4p_review - INFO - Processing sector: 3010.0, area: AS, group size: 30
2025-03-20 17:15:12,921 - Review.reviews.frd4p_review - INFO - Companies in group: 30, to exclude: 5
2025-03-20 17:15:12,921 - Review.reviews.frd4p_review - INFO - Processing sector: 3010.0, area: EU, group size: 46
2025-03-20 17:15:12,922 - Review.reviews.frd4p_review - INFO - Companies in group: 46, to exclude: 9
2025-03-20 17:15:12,922 - Review.reviews.frd4p_review - INFO - Processing sector: 3010.0, area: NA, group size: 21
2025-03-20 17:15:12,923 - Review.reviews.frd4p_review - INFO - Companies in group: 21, to exclude: 4
2025-03-20 17:15:12,923 - Review.reviews.frd4p_review - INFO - Processing sector: 3020.0, area: AS, group size: 17
2025-03-20 17:15:12,923 - Review.reviews.frd4p_review - INFO - Companies in group: 17, to exclude: 3
2025-03-20 17:15:12,923 - Review.reviews.frd4p_review - INFO - Processing sector: 3020.0, area: EU, group size: 35
2025-03-20 17:15:12,923 - Review.reviews.frd4p_review - INFO - Companies in group: 35, to exclude: 6
2025-03-20 17:15:12,923 - Review.reviews.frd4p_review - INFO - Processing sector: 3020.0, area: NA, group size: 32
2025-03-20 17:15:12,923 - Review.reviews.frd4p_review - INFO - Companies in group: 32, to exclude: 6
2025-03-20 17:15:12,923 - Review.reviews.frd4p_review - INFO - Processing sector: 3030.0, area: AS, group size: 13
2025-03-20 17:15:12,923 - Review.reviews.frd4p_review - INFO - Companies in group: 13, to exclude: 2
2025-03-20 17:15:12,923 - Review.reviews.frd4p_review - INFO - Processing sector: 3030.0, area: EU, group size: 32
2025-03-20 17:15:12,923 - Review.reviews.frd4p_review - INFO - Companies in group: 32, to exclude: 6
2025-03-20 17:15:12,923 - Review.reviews.frd4p_review - INFO - Processing sector: 3030.0, area: NA, group size: 23
2025-03-20 17:15:12,923 - Review.reviews.frd4p_review - INFO - Companies in group: 23, to exclude: 4
2025-03-20 17:15:12,923 - Review.reviews.frd4p_review - INFO - Processing sector: 3510.0, area: AS, group size: 48
2025-03-20 17:15:12,923 - Review.reviews.frd4p_review - INFO - Companies in group: 48, to exclude: 9
2025-03-20 17:15:12,928 - Review.reviews.frd4p_review - INFO - Processing sector: 3510.0, area: EU, group size: 25
2025-03-20 17:15:12,928 - Review.reviews.frd4p_review - INFO - Companies in group: 25, to exclude: 4
2025-03-20 17:15:12,929 - Review.reviews.frd4p_review - INFO - Processing sector: 3510.0, area: NA, group size: 22
2025-03-20 17:15:12,929 - Review.reviews.frd4p_review - INFO - Companies in group: 22, to exclude: 4
2025-03-20 17:15:12,929 - Review.reviews.frd4p_review - INFO - Processing sector: 4010.0, area: AS, group size: 15
2025-03-20 17:15:12,929 - Review.reviews.frd4p_review - INFO - Companies in group: 15, to exclude: 2
2025-03-20 17:15:12,930 - Review.reviews.frd4p_review - INFO - Processing sector: 4010.0, area: EU, group size: 13
2025-03-20 17:15:12,930 - Review.reviews.frd4p_review - INFO - Companies in group: 13, to exclude: 2
2025-03-20 17:15:12,930 - Review.reviews.frd4p_review - INFO - Processing sector: 4010.0, area: NA, group size: 4
2025-03-20 17:15:12,931 - Review.reviews.frd4p_review - INFO - Companies in group: 4, to exclude: 0
2025-03-20 17:15:12,931 - Review.reviews.frd4p_review - WARNING - No companies to exclude for sector 4010.0 and area NA
2025-03-20 17:15:12,931 - Review.reviews.frd4p_review - INFO - Processing sector: 4020.0, area: AS, group size: 29
2025-03-20 17:15:12,931 - Review.reviews.frd4p_review - INFO - Companies in group: 29, to exclude: 5
2025-03-20 17:15:12,932 - Review.reviews.frd4p_review - INFO - Processing sector: 4020.0, area: EU, group size: 26
2025-03-20 17:15:12,932 - Review.reviews.frd4p_review - INFO - Companies in group: 26, to exclude: 5
2025-03-20 17:15:12,933 - Review.reviews.frd4p_review - INFO - Processing sector: 4020.0, area: NA, group size: 17
2025-03-20 17:15:12,933 - Review.reviews.frd4p_review - INFO - Companies in group: 17, to exclude: 3
2025-03-20 17:15:12,933 - Review.reviews.frd4p_review - INFO - Processing sector: 4030.0, area: AS, group size: 6
2025-03-20 17:15:12,934 - Review.reviews.frd4p_review - INFO - Companies in group: 6, to exclude: 1
2025-03-20 17:15:12,934 - Review.reviews.frd4p_review - INFO - Processing sector: 4030.0, area: EU, group size: 10
2025-03-20 17:15:12,934 - Review.reviews.frd4p_review - INFO - Companies in group: 10, to exclude: 1
2025-03-20 17:15:12,935 - Review.reviews.frd4p_review - INFO - Processing sector: 4030.0, area: NA, group size: 6
2025-03-20 17:15:12,935 - Review.reviews.frd4p_review - INFO - Companies in group: 6, to exclude: 1
2025-03-20 17:15:12,935 - Review.reviews.frd4p_review - INFO - Processing sector: 4040.0, area: AS, group size: 13
2025-03-20 17:15:12,935 - Review.reviews.frd4p_review - INFO - Companies in group: 13, to exclude: 2
2025-03-20 17:15:12,935 - Review.reviews.frd4p_review - INFO - Processing sector: 4040.0, area: EU, group size: 11
2025-03-20 17:15:12,936 - Review.reviews.frd4p_review - INFO - Companies in group: 11, to exclude: 2
2025-03-20 17:15:12,936 - Review.reviews.frd4p_review - INFO - Processing sector: 4040.0, area: NA, group size: 20
2025-03-20 17:15:12,936 - Review.reviews.frd4p_review - INFO - Companies in group: 20, to exclude: 3
2025-03-20 17:15:12,936 - Review.reviews.frd4p_review - INFO - Processing sector: 4050.0, area: AS, group size: 19
2025-03-20 17:15:12,937 - Review.reviews.frd4p_review - INFO - Companies in group: 19, to exclude: 3
2025-03-20 17:15:12,937 - Review.reviews.frd4p_review - INFO - Processing sector: 4050.0, area: EU, group size: 13
2025-03-20 17:15:12,938 - Review.reviews.frd4p_review - INFO - Companies in group: 13, to exclude: 2
2025-03-20 17:15:12,938 - Review.reviews.frd4p_review - INFO - Processing sector: 4050.0, area: NA, group size: 19
2025-03-20 17:15:12,938 - Review.reviews.frd4p_review - INFO - Companies in group: 19, to exclude: 3
2025-03-20 17:15:12,938 - Review.reviews.frd4p_review - INFO - Processing sector: 4510.0, area: AS, group size: 25
2025-03-20 17:15:12,939 - Review.reviews.frd4p_review - INFO - Companies in group: 25, to exclude: 4
2025-03-20 17:15:12,939 - Review.reviews.frd4p_review - INFO - Processing sector: 4510.0, area: EU, group size: 26
2025-03-20 17:15:12,939 - Review.reviews.frd4p_review - INFO - Companies in group: 26, to exclude: 5
2025-03-20 17:15:12,939 - Review.reviews.frd4p_review - INFO - Processing sector: 4510.0, area: NA, group size: 17
2025-03-20 17:15:12,939 - Review.reviews.frd4p_review - INFO - Companies in group: 17, to exclude: 3
2025-03-20 17:15:12,939 - Review.reviews.frd4p_review - INFO - Processing sector: 4520.0, area: AS, group size: 16
2025-03-20 17:15:12,939 - Review.reviews.frd4p_review - INFO - Companies in group: 16, to exclude: 3
2025-03-20 17:15:12,939 - Review.reviews.frd4p_review - INFO - Processing sector: 4520.0, area: EU, group size: 12
2025-03-20 17:15:12,939 - Review.reviews.frd4p_review - INFO - Companies in group: 12, to exclude: 2
2025-03-20 17:15:12,939 - Review.reviews.frd4p_review - INFO - Processing sector: 4520.0, area: NA, group size: 12
2025-03-20 17:15:12,939 - Review.reviews.frd4p_review - INFO - Companies in group: 12, to exclude: 2
2025-03-20 17:15:12,939 - Review.reviews.frd4p_review - INFO - Processing sector: 5010.0, area: AS, group size: 17
2025-03-20 17:15:12,939 - Review.reviews.frd4p_review - INFO - Companies in group: 17, to exclude: 3
2025-03-20 17:15:12,939 - Review.reviews.frd4p_review - INFO - Processing sector: 5010.0, area: EU, group size: 27
2025-03-20 17:15:12,939 - Review.reviews.frd4p_review - INFO - Companies in group: 27, to exclude: 5
2025-03-20 17:15:12,939 - Review.reviews.frd4p_review - INFO - Processing sector: 5010.0, area: NA, group size: 10
2025-03-20 17:15:12,943 - Review.reviews.frd4p_review - INFO - Companies in group: 10, to exclude: 1
2025-03-20 17:15:12,943 - Review.reviews.frd4p_review - INFO - Processing sector: 5020.0, area: AS, group size: 95
2025-03-20 17:15:12,943 - Review.reviews.frd4p_review - INFO - Companies in group: 95, to exclude: 18
2025-03-20 17:15:12,944 - Review.reviews.frd4p_review - INFO - Processing sector: 5020.0, area: EU, group size: 97
2025-03-20 17:15:12,944 - Review.reviews.frd4p_review - INFO - Companies in group: 97, to exclude: 19
2025-03-20 17:15:12,945 - Review.reviews.frd4p_review - INFO - Processing sector: 5020.0, area: NA, group size: 75
2025-03-20 17:15:12,945 - Review.reviews.frd4p_review - INFO - Companies in group: 75, to exclude: 14
2025-03-20 17:15:12,946 - Review.reviews.frd4p_review - INFO - Processing sector: 5510.0, area: AS, group size: 20
2025-03-20 17:15:12,947 - Review.reviews.frd4p_review - INFO - Companies in group: 20, to exclude: 3
2025-03-20 17:15:12,947 - Review.reviews.frd4p_review - INFO - Processing sector: 5510.0, area: EU, group size: 16
2025-03-20 17:15:12,947 - Review.reviews.frd4p_review - INFO - Companies in group: 16, to exclude: 3
2025-03-20 17:15:12,948 - Review.reviews.frd4p_review - INFO - Processing sector: 5510.0, area: NA, group size: 12
2025-03-20 17:15:12,948 - Review.reviews.frd4p_review - INFO - Companies in group: 12, to exclude: 2
2025-03-20 17:15:12,948 - Review.reviews.frd4p_review - INFO - Processing sector: 5520.0, area: AS, group size: 17
2025-03-20 17:15:12,949 - Review.reviews.frd4p_review - INFO - Companies in group: 17, to exclude: 3
2025-03-20 17:15:12,949 - Review.reviews.frd4p_review - INFO - Processing sector: 5520.0, area: EU, group size: 19
2025-03-20 17:15:12,950 - Review.reviews.frd4p_review - INFO - Companies in group: 19, to exclude: 3
2025-03-20 17:15:12,950 - Review.reviews.frd4p_review - INFO - Processing sector: 5520.0, area: NA, group size: 6
2025-03-20 17:15:12,951 - Review.reviews.frd4p_review - INFO - Companies in group: 6, to exclude: 1
2025-03-20 17:15:12,951 - Review.reviews.frd4p_review - INFO - Processing sector: 6010.0, area: AS, group size: 10
2025-03-20 17:15:12,951 - Review.reviews.frd4p_review - INFO - Companies in group: 10, to exclude: 1
2025-03-20 17:15:12,952 - Review.reviews.frd4p_review - INFO - Processing sector: 6010.0, area: EU, group size: 21
2025-03-20 17:15:12,952 - Review.reviews.frd4p_review - INFO - Companies in group: 21, to exclude: 4
2025-03-20 17:15:12,952 - Review.reviews.frd4p_review - INFO - Processing sector: 6010.0, area: NA, group size: 34
2025-03-20 17:15:12,953 - Review.reviews.frd4p_review - INFO - Companies in group: 34, to exclude: 6
2025-03-20 17:15:12,953 - Review.reviews.frd4p_review - INFO - Processing sector: 6510.0, area: AS, group size: 22
2025-03-20 17:15:12,953 - Review.reviews.frd4p_review - INFO - Companies in group: 22, to exclude: 4
2025-03-20 17:15:12,953 - Review.reviews.frd4p_review - INFO - Processing sector: 6510.0, area: EU, group size: 25
2025-03-20 17:15:12,954 - Review.reviews.frd4p_review - INFO - Companies in group: 25, to exclude: 4
2025-03-20 17:15:12,954 - Review.reviews.frd4p_review - INFO - Processing sector: 6510.0, area: NA, group size: 31
2025-03-20 17:15:12,954 - Review.reviews.frd4p_review - INFO - Companies in group: 31, to exclude: 6
2025-03-20 17:15:25,277 - Review.reviews.frd4p_review - INFO - Checking IsinCode FRIX00003031 in index_eod_df
2025-03-20 17:15:25,277 - Review.reviews.frd4p_review - INFO - Found 1 matching rows
2025-03-20 17:15:25,292 - Review.reviews.frd4p_review - INFO - Saving FRD4P output to: C:\Users\CSonneveld\OneDrive - Euronext\Documents\Projects\GUI + Reviews\output\FRD4P_df_20250320_171525.xlsx
2025-03-20 17:15:25,677 - werkzeug - INFO - 127.0.0.1 - - [20/Mar/2025 17:15:25] "POST /calculate HTTP/1.1" 200 -
2025-03-20 18:21:02,472 - werkzeug - INFO -  * Detected change in 'C:\\Users\\CSonneveld\\OneDrive - Euronext\\Documents\\Projects\\GUI + Reviews\\Review\\reviews\\fri4p_review.py', reloading
2025-03-20 18:21:02,472 - werkzeug - INFO -  * Detected change in 'C:\\Users\\CSonneveld\\OneDrive - Euronext\\Documents\\Projects\\GUI + Reviews\\compare.py', reloading
