2025-12-15 18:30:56,297 - werkzeug - WARNING -  * Debugger is active!
2025-12-15 18:30:56,299 - werkzeug - INFO -  * Debugger PIN: 691-175-853
2025-12-15 18:30:57,157 - werkzeug - INFO - 127.0.0.1 - - [15/Dec/2025 18:30:57] "POST /calculate HTTP/1.1" 200 -
2025-12-15 18:30:57,167 - Review.reviews.wifrp_review - INFO - Loading EOD data...
2025-12-15 18:30:57,171 - werkzeug - INFO - 127.0.0.1 - - [15/Dec/2025 18:30:57] "GET /task-status/2e145aef-6b22-4a6d-9158-041e9c05752c HTTP/1.1" 200 -
2025-12-15 18:30:57,646 - Review.reviews.wifrp_review - INFO - Loading reference data...
2025-12-15 18:30:59,180 - werkzeug - INFO - 127.0.0.1 - - [15/Dec/2025 18:30:59] "GET /task-status/2e145aef-6b22-4a6d-9158-041e9c05752c HTTP/1.1" 200 -
2025-12-15 18:31:01,169 - werkzeug - INFO - 127.0.0.1 - - [15/Dec/2025 18:31:01] "GET /task-status/2e145aef-6b22-4a6d-9158-041e9c05752c HTTP/1.1" 200 -
2025-12-15 18:31:03,180 - werkzeug - INFO - 127.0.0.1 - - [15/Dec/2025 18:31:03] "GET /task-status/2e145aef-6b22-4a6d-9158-041e9c05752c HTTP/1.1" 200 -
2025-12-15 18:31:05,170 - werkzeug - INFO - 127.0.0.1 - - [15/Dec/2025 18:31:05] "GET /task-status/2e145aef-6b22-4a6d-9158-041e9c05752c HTTP/1.1" 200 -
2025-12-15 18:31:07,170 - werkzeug - INFO - 127.0.0.1 - - [15/Dec/2025 18:31:07] "GET /task-status/2e145aef-6b22-4a6d-9158-041e9c05752c HTTP/1.1" 200 -
2025-12-15 18:31:09,196 - werkzeug - INFO - 127.0.0.1 - - [15/Dec/2025 18:31:09] "GET /task-status/2e145aef-6b22-4a6d-9158-041e9c05752c HTTP/1.1" 200 -
2025-12-15 18:31:09,529 - Review.reviews.wifrp_review - INFO - Filtering universe to exclude Euronext Paris (XPAR) listings...
2025-12-15 18:31:09,529 - Review.reviews.wifrp_review - INFO - Merging all reference data points early...
2025-12-15 18:31:09,529 - Review.reviews.wifrp_review - INFO - Deduplicating reference dataframes...
2025-12-15 18:31:09,555 - Review.reviews.wifrp_review - INFO - Merging Oekom data...
2025-12-15 18:31:09,558 - Review.reviews.wifrp_review - INFO - Merging ICB data...
2025-12-15 18:31:09,573 - Review.reviews.wifrp_review - INFO - Merging SesamM data...
2025-12-15 18:31:09,576 - Review.reviews.wifrp_review - INFO - Converting numeric columns...
2025-12-15 18:31:09,587 - Review.reviews.wifrp_review - INFO - Found 38 companies with 'Not Collected' staff rating - assigned value 0
2025-12-15 18:31:09,588 - Review.reviews.wifrp_review - INFO - Staff Rating distribution: Min=0.0, Max=4.0
2025-12-15 18:31:09,589 - Review.reviews.wifrp_review - INFO - All reference data merged successfully
2025-12-15 18:31:09,590 - Review.reviews.wifrp_review - INFO - Universe size after merges: 1465 companies
2025-12-15 18:31:09,590 - Review.reviews.wifrp_review - INFO - Calculating percentiles and rankings for staff rating and layoff score...
2025-12-15 18:31:09,646 - Review.reviews.wifrp_review - INFO - Applying SesamM data availability exclusion...
2025-12-15 18:31:09,646 - Review.reviews.wifrp_review - INFO - SesamM data unavailable exclusions: 1215
2025-12-15 18:31:09,646 - Review.reviews.wifrp_review - INFO - Applying turnover exclusion...
2025-12-15 18:31:09,646 - Review.reviews.wifrp_review - INFO - Turnover exclusions: 172
2025-12-15 18:31:09,646 - Review.reviews.wifrp_review - INFO - Applying NBR Overall Flag exclusion...
2025-12-15 18:31:09,646 - Review.reviews.wifrp_review - INFO - NBR Overall Flag exclusions: 1
2025-12-15 18:31:09,646 - Review.reviews.wifrp_review - INFO - Applying controversial weapons exclusions...
2025-12-15 18:31:09,646 - Review.reviews.wifrp_review - INFO - BiologicalWeapons exclusions: 0
2025-12-15 18:31:09,654 - Review.reviews.wifrp_review - INFO - ChemicalWeapons exclusions: 0
2025-12-15 18:31:09,655 - Review.reviews.wifrp_review - INFO - NuclearWeapons exclusions: 35
2025-12-15 18:31:09,655 - Review.reviews.wifrp_review - INFO - NuclearWeaponsNonNPT exclusions: 0
2025-12-15 18:31:09,656 - Review.reviews.wifrp_review - INFO - ClusterMunitions exclusions: 5
2025-12-15 18:31:09,657 - Review.reviews.wifrp_review - INFO - DepletedUranium exclusions: 7
2025-12-15 18:31:09,658 - Review.reviews.wifrp_review - INFO - APMines exclusions: 4
2025-12-15 18:31:09,659 - Review.reviews.wifrp_review - INFO - WhitePhosphorus exclusions: 7
2025-12-15 18:31:09,659 - Review.reviews.wifrp_review - INFO - Applying animal welfare exclusions...
2025-12-15 18:31:09,661 - Review.reviews.wifrp_review - INFO - Animal Welfare exclusions: 248
2025-12-15 18:31:09,662 - Review.reviews.wifrp_review - INFO - Animal Testing exclusions: 224
2025-12-15 18:31:09,662 - Review.reviews.wifrp_review - INFO - Applying energy screening exclusions...
2025-12-15 18:31:09,663 - Review.reviews.wifrp_review - INFO - Coal Mining exclusions: 91
2025-12-15 18:31:09,664 - Review.reviews.wifrp_review - INFO - Fossil Fuel exclusions: 308
2025-12-15 18:31:09,665 - Review.reviews.wifrp_review - INFO - Thermal Power exclusions: 112
2025-12-15 18:31:09,665 - Review.reviews.wifrp_review - INFO - Applying tobacco screening exclusions...
2025-12-15 18:31:09,666 - Review.reviews.wifrp_review - INFO - Tobacco Production exclusions: 0
2025-12-15 18:31:09,667 - Review.reviews.wifrp_review - INFO - Tobacco Distribution exclusions: 0
2025-12-15 18:31:09,667 - Review.reviews.wifrp_review - INFO - Applying layoff screening exclusion...
2025-12-15 18:31:09,669 - Review.reviews.wifrp_review - INFO - Layoff exclusions: 1219
2025-12-15 18:31:09,670 - Review.reviews.wifrp_review - INFO - Applying staff rating exclusion...
2025-12-15 18:31:09,691 - Review.reviews.wifrp_review - INFO - Staff Rating exclusions: 256
2025-12-15 18:31:09,728 - Review.reviews.wifrp_review - INFO - Companies remaining after exclusions: 91
2025-12-15 18:31:09,730 - Review.reviews.wifrp_review - INFO - Calculating FFMC for ranking...
2025-12-15 18:31:09,730 - Review.reviews.wifrp_review - INFO - Selecting top 40 companies by FFMC...
2025-12-15 18:31:09,730 - Review.reviews.wifrp_review - INFO - Applying 10% capping using most recent pricing data...
2025-12-15 18:31:09,730 - utils.capping_proportional - INFO - Starting proportional capping with max weight: 10.0%
2025-12-15 18:31:09,734 - utils.capping_proportional - INFO - Capping procedure converged after 1 iterations
2025-12-15 18:31:09,734 - utils.capping_proportional - INFO - Capping Summary:
2025-12-15 18:31:09,734 - utils.capping_proportional - INFO -   Total companies: 40
2025-12-15 18:31:09,734 - utils.capping_proportional - INFO -   Companies capped: 2
2025-12-15 18:31:09,734 - utils.capping_proportional - INFO -   Weight sum after capping: 1.000000
2025-12-15 18:31:09,734 - utils.capping_proportional - INFO -   Max weight after capping: 0.100000
2025-12-15 18:31:09,734 - Review.reviews.wifrp_review - INFO - Total weight after capping: 1.000000
2025-12-15 18:31:09,736 - Review.reviews.wifrp_review - INFO - Max weight after capping: 0.100000
2025-12-15 18:31:09,736 - Review.reviews.wifrp_review - INFO - Companies capped: 2
2025-12-15 18:31:09,741 - Review.reviews.wifrp_review - INFO - Saving WIFRP output to: C:\Users\CSonneveld\OneDrive - Euronext\Documents\Projects\GUI + Reviews\output\WIFRP_df_20251215_183109.xlsx
2025-12-15 18:31:11,170 - werkzeug - INFO - 127.0.0.1 - - [15/Dec/2025 18:31:11] "GET /task-status/2e145aef-6b22-4a6d-9158-041e9c05752c HTTP/1.1" 200 -
2025-12-15 18:34:31,957 - werkzeug - INFO -  * Detected change in 'C:\\Program Files\\Python312\\Lib\\logging\\__init__.py', reloading
