2026-02-02 13:32:50,759 - werkzeug - INFO - [31m[1mWARNING: This is a development server. Do not use it in a production deployment. Use a production WSGI server instead.[0m
 * Running on all addresses (0.0.0.0)
 * Running on http://127.0.0.1:5000
 * Running on http://10.199.43.185:5000
2026-02-02 13:32:50,759 - werkzeug - INFO - [33mPress CTRL+C to quit[0m
2026-02-02 13:32:50,773 - werkzeug - INFO -  * Restarting with watchdog (windowsapi)
2026-02-02 14:07:50,129 - werkzeug - INFO -  * Restarting with watchdog (windowsapi)
2026-02-02 15:11:20,254 - werkzeug - INFO -  * Restarting with watchdog (windowsapi)
2026-02-02 16:14:56,290 - werkzeug - INFO -  * Restarting with watchdog (windowsapi)
2026-02-02 17:18:41,053 - werkzeug - INFO -  * Restarting with watchdog (windowsapi)
2026-02-02 17:18:44,418 - werkzeug - INFO -  * Restarting with watchdog (windowsapi)
2026-02-02 17:18:46,924 - werkzeug - INFO -  * Restarting with watchdog (windowsapi)
2026-02-02 18:19:29,905 - werkzeug - INFO -  * Restarting with watchdog (windowsapi)
2026-02-02 18:34:05,876 - werkzeug - INFO -  * Restarting with watchdog (windowsapi)
2026-02-02 19:25:16,671 - werkzeug - INFO -  * Restarting with watchdog (windowsapi)
2026-02-02 20:29:34,077 - werkzeug - INFO -  * Restarting with watchdog (windowsapi)
2026-02-02 21:30:42,202 - werkzeug - INFO -  * Restarting with watchdog (windowsapi)
2026-02-02 21:30:44,632 - werkzeug - INFO -  * Restarting with watchdog (windowsapi)
2026-02-02 22:37:38,843 - werkzeug - INFO -  * Restarting with watchdog (windowsapi)
2026-02-02 23:40:58,446 - werkzeug - INFO -  * Restarting with watchdog (windowsapi)
2026-02-03 00:44:06,726 - werkzeug - INFO -  * Restarting with watchdog (windowsapi)
2026-02-03 01:47:46,598 - werkzeug - INFO -  * Restarting with watchdog (windowsapi)
2026-02-03 02:51:15,016 - werkzeug - INFO -  * Restarting with watchdog (windowsapi)
2026-02-03 03:54:20,292 - werkzeug - INFO -  * Restarting with watchdog (windowsapi)
2026-02-03 04:59:30,643 - werkzeug - INFO -  * Restarting with watchdog (windowsapi)
2026-02-03 06:03:38,030 - werkzeug - INFO -  * Restarting with watchdog (windowsapi)
2026-02-03 07:06:22,384 - werkzeug - INFO -  * Restarting with watchdog (windowsapi)
2026-02-03 08:09:56,209 - werkzeug - INFO -  * Restarting with watchdog (windowsapi)
2026-02-03 09:11:37,995 - werkzeug - INFO -  * Restarting with watchdog (windowsapi)
2026-02-03 10:11:41,435 - werkzeug - INFO -  * Restarting with watchdog (windowsapi)
