2025-09-08 14:23:24,024 - werkzeug - WARNING -  * Debugger is active!
2025-09-08 14:23:24,027 - werkzeug - INFO -  * Debugger PIN: 691-175-853
2025-09-08 14:23:25,031 - Review.reviews.fri4p_review - INFO - Loading EOD data...
2025-09-08 14:23:26,827 - Review.reviews.fri4p_review - INFO - Loading reference data...
2025-09-08 14:23:35,936 - Review.reviews.fri4p_review - INFO - Processing sector: 1010.0, area: AS, group size: 45
2025-09-08 14:23:35,937 - Review.reviews.fri4p_review - INFO - Companies in group: 45, to exclude: 8
2025-09-08 14:23:35,937 - Review.reviews.fri4p_review - INFO - Processing sector: 1010.0, area: EU, group size: 27
2025-09-08 14:23:35,945 - Review.reviews.fri4p_review - INFO - Companies in group: 27, to exclude: 5
2025-09-08 14:23:35,945 - Review.reviews.fri4p_review - INFO - Processing sector: 1010.0, area: NA, group size: 83
2025-09-08 14:23:35,946 - Review.reviews.fri4p_review - INFO - Companies in group: 83, to exclude: 16
2025-09-08 14:23:35,946 - Review.reviews.fri4p_review - INFO - Processing sector: 1510.0, area: AS, group size: 12
2025-09-08 14:23:35,947 - Review.reviews.fri4p_review - INFO - Companies in group: 12, to exclude: 2
2025-09-08 14:23:35,947 - Review.reviews.fri4p_review - INFO - Processing sector: 1510.0, area: EU, group size: 18
2025-09-08 14:23:35,947 - Review.reviews.fri4p_review - INFO - Companies in group: 18, to exclude: 3
2025-09-08 14:23:35,948 - Review.reviews.fri4p_review - INFO - Processing sector: 1510.0, area: NA, group size: 10
2025-09-08 14:23:35,948 - Review.reviews.fri4p_review - INFO - Companies in group: 10, to exclude: 1
2025-09-08 14:23:35,948 - Review.reviews.fri4p_review - INFO - Processing sector: 2010.0, area: AS, group size: 29
2025-09-08 14:23:35,948 - Review.reviews.fri4p_review - INFO - Companies in group: 29, to exclude: 5
2025-09-08 14:23:35,949 - Review.reviews.fri4p_review - INFO - Processing sector: 2010.0, area: EU, group size: 46
2025-09-08 14:23:35,949 - Review.reviews.fri4p_review - INFO - Companies in group: 46, to exclude: 9
2025-09-08 14:23:35,949 - Review.reviews.fri4p_review - INFO - Processing sector: 2010.0, area: NA, group size: 44
2025-09-08 14:23:35,950 - Review.reviews.fri4p_review - INFO - Companies in group: 44, to exclude: 8
2025-09-08 14:23:35,950 - Review.reviews.fri4p_review - INFO - Processing sector: 3010.0, area: AS, group size: 29
2025-09-08 14:23:35,951 - Review.reviews.fri4p_review - INFO - Companies in group: 29, to exclude: 5
2025-09-08 14:23:35,951 - Review.reviews.fri4p_review - INFO - Processing sector: 3010.0, area: EU, group size: 46
2025-09-08 14:23:35,951 - Review.reviews.fri4p_review - INFO - Companies in group: 46, to exclude: 9
2025-09-08 14:23:35,952 - Review.reviews.fri4p_review - INFO - Processing sector: 3010.0, area: NA, group size: 20
2025-09-08 14:23:35,952 - Review.reviews.fri4p_review - INFO - Companies in group: 20, to exclude: 3
2025-09-08 14:23:35,952 - Review.reviews.fri4p_review - INFO - Processing sector: 3020.0, area: AS, group size: 15
2025-09-08 14:23:35,953 - Review.reviews.fri4p_review - INFO - Companies in group: 15, to exclude: 2
2025-09-08 14:23:35,953 - Review.reviews.fri4p_review - INFO - Processing sector: 3020.0, area: EU, group size: 35
2025-09-08 14:23:35,953 - Review.reviews.fri4p_review - INFO - Companies in group: 35, to exclude: 6
2025-09-08 14:23:35,953 - Review.reviews.fri4p_review - INFO - Processing sector: 3020.0, area: NA, group size: 32
2025-09-08 14:23:35,954 - Review.reviews.fri4p_review - INFO - Companies in group: 32, to exclude: 6
2025-09-08 14:23:35,954 - Review.reviews.fri4p_review - INFO - Processing sector: 3030.0, area: AS, group size: 15
2025-09-08 14:23:35,954 - Review.reviews.fri4p_review - INFO - Companies in group: 15, to exclude: 2
2025-09-08 14:23:35,954 - Review.reviews.fri4p_review - INFO - Processing sector: 3030.0, area: EU, group size: 31
2025-09-08 14:23:35,955 - Review.reviews.fri4p_review - INFO - Companies in group: 31, to exclude: 6
2025-09-08 14:23:35,955 - Review.reviews.fri4p_review - INFO - Processing sector: 3030.0, area: NA, group size: 23
2025-09-08 14:23:35,955 - Review.reviews.fri4p_review - INFO - Companies in group: 23, to exclude: 4
2025-09-08 14:23:35,955 - Review.reviews.fri4p_review - INFO - Processing sector: 3510.0, area: AS, group size: 49
2025-09-08 14:23:35,956 - Review.reviews.fri4p_review - INFO - Companies in group: 49, to exclude: 9
2025-09-08 14:23:35,956 - Review.reviews.fri4p_review - INFO - Processing sector: 3510.0, area: EU, group size: 25
2025-09-08 14:23:35,956 - Review.reviews.fri4p_review - INFO - Companies in group: 25, to exclude: 4
2025-09-08 14:23:35,956 - Review.reviews.fri4p_review - INFO - Processing sector: 3510.0, area: NA, group size: 22
2025-09-08 14:23:35,957 - Review.reviews.fri4p_review - INFO - Companies in group: 22, to exclude: 4
2025-09-08 14:23:35,957 - Review.reviews.fri4p_review - INFO - Processing sector: 4010.0, area: AS, group size: 16
2025-09-08 14:23:35,957 - Review.reviews.fri4p_review - INFO - Companies in group: 16, to exclude: 3
2025-09-08 14:23:35,957 - Review.reviews.fri4p_review - INFO - Processing sector: 4010.0, area: EU, group size: 13
2025-09-08 14:23:35,958 - Review.reviews.fri4p_review - INFO - Companies in group: 13, to exclude: 2
2025-09-08 14:23:35,958 - Review.reviews.fri4p_review - INFO - Processing sector: 4010.0, area: NA, group size: 4
2025-09-08 14:23:35,958 - Review.reviews.fri4p_review - INFO - Companies in group: 4, to exclude: 0
2025-09-08 14:23:35,958 - Review.reviews.fri4p_review - WARNING - No companies to exclude for sector 4010.0 and area NA
2025-09-08 14:23:35,958 - Review.reviews.fri4p_review - INFO - Processing sector: 4020.0, area: AS, group size: 26
2025-09-08 14:23:35,959 - Review.reviews.fri4p_review - INFO - Companies in group: 26, to exclude: 5
2025-09-08 14:23:35,959 - Review.reviews.fri4p_review - INFO - Processing sector: 4020.0, area: EU, group size: 23
2025-09-08 14:23:35,959 - Review.reviews.fri4p_review - INFO - Companies in group: 23, to exclude: 4
2025-09-08 14:23:35,959 - Review.reviews.fri4p_review - INFO - Processing sector: 4020.0, area: NA, group size: 17
2025-09-08 14:23:35,960 - Review.reviews.fri4p_review - INFO - Companies in group: 17, to exclude: 3
2025-09-08 14:23:35,960 - Review.reviews.fri4p_review - INFO - Processing sector: 4030.0, area: AS, group size: 7
2025-09-08 14:23:35,961 - Review.reviews.fri4p_review - INFO - Companies in group: 7, to exclude: 1
2025-09-08 14:23:35,961 - Review.reviews.fri4p_review - INFO - Processing sector: 4030.0, area: EU, group size: 10
2025-09-08 14:23:35,961 - Review.reviews.fri4p_review - INFO - Companies in group: 10, to exclude: 1
2025-09-08 14:23:35,961 - Review.reviews.fri4p_review - INFO - Processing sector: 4030.0, area: NA, group size: 6
2025-09-08 14:23:35,962 - Review.reviews.fri4p_review - INFO - Companies in group: 6, to exclude: 1
2025-09-08 14:23:35,962 - Review.reviews.fri4p_review - INFO - Processing sector: 4040.0, area: AS, group size: 13
2025-09-08 14:23:35,963 - Review.reviews.fri4p_review - INFO - Companies in group: 13, to exclude: 2
2025-09-08 14:23:35,963 - Review.reviews.fri4p_review - INFO - Processing sector: 4040.0, area: EU, group size: 10
2025-09-08 14:23:35,963 - Review.reviews.fri4p_review - INFO - Companies in group: 10, to exclude: 1
2025-09-08 14:23:35,963 - Review.reviews.fri4p_review - INFO - Processing sector: 4040.0, area: NA, group size: 19
2025-09-08 14:23:35,964 - Review.reviews.fri4p_review - INFO - Companies in group: 19, to exclude: 3
2025-09-08 14:23:35,964 - Review.reviews.fri4p_review - INFO - Processing sector: 4050.0, area: AS, group size: 20
2025-09-08 14:23:35,964 - Review.reviews.fri4p_review - INFO - Companies in group: 20, to exclude: 3
2025-09-08 14:23:35,965 - Review.reviews.fri4p_review - INFO - Processing sector: 4050.0, area: EU, group size: 14
2025-09-08 14:23:35,965 - Review.reviews.fri4p_review - INFO - Companies in group: 14, to exclude: 2
2025-09-08 14:23:35,965 - Review.reviews.fri4p_review - INFO - Processing sector: 4050.0, area: NA, group size: 18
2025-09-08 14:23:35,966 - Review.reviews.fri4p_review - INFO - Companies in group: 18, to exclude: 3
2025-09-08 14:23:35,966 - Review.reviews.fri4p_review - INFO - Processing sector: 4510.0, area: AS, group size: 25
2025-09-08 14:23:35,966 - Review.reviews.fri4p_review - INFO - Companies in group: 25, to exclude: 4
2025-09-08 14:23:35,967 - Review.reviews.fri4p_review - INFO - Processing sector: 4510.0, area: EU, group size: 26
2025-09-08 14:23:35,967 - Review.reviews.fri4p_review - INFO - Companies in group: 26, to exclude: 5
2025-09-08 14:23:35,967 - Review.reviews.fri4p_review - INFO - Processing sector: 4510.0, area: NA, group size: 17
2025-09-08 14:23:35,968 - Review.reviews.fri4p_review - INFO - Companies in group: 17, to exclude: 3
2025-09-08 14:23:35,968 - Review.reviews.fri4p_review - INFO - Processing sector: 4520.0, area: AS, group size: 17
2025-09-08 14:23:35,968 - Review.reviews.fri4p_review - INFO - Companies in group: 17, to exclude: 3
2025-09-08 14:23:35,969 - Review.reviews.fri4p_review - INFO - Processing sector: 4520.0, area: EU, group size: 12
2025-09-08 14:23:35,969 - Review.reviews.fri4p_review - INFO - Companies in group: 12, to exclude: 2
2025-09-08 14:23:35,969 - Review.reviews.fri4p_review - INFO - Processing sector: 4520.0, area: NA, group size: 14
2025-09-08 14:23:35,969 - Review.reviews.fri4p_review - INFO - Companies in group: 14, to exclude: 2
2025-09-08 14:23:35,969 - Review.reviews.fri4p_review - INFO - Processing sector: 5010.0, area: AS, group size: 17
2025-09-08 14:23:35,970 - Review.reviews.fri4p_review - INFO - Companies in group: 17, to exclude: 3
2025-09-08 14:23:35,970 - Review.reviews.fri4p_review - INFO - Processing sector: 5010.0, area: EU, group size: 27
2025-09-08 14:23:35,970 - Review.reviews.fri4p_review - INFO - Companies in group: 27, to exclude: 5
2025-09-08 14:23:35,970 - Review.reviews.fri4p_review - INFO - Processing sector: 5010.0, area: NA, group size: 11
2025-09-08 14:23:35,971 - Review.reviews.fri4p_review - INFO - Companies in group: 11, to exclude: 2
2025-09-08 14:23:35,971 - Review.reviews.fri4p_review - INFO - Processing sector: 5020.0, area: AS, group size: 93
2025-09-08 14:23:35,971 - Review.reviews.fri4p_review - INFO - Companies in group: 93, to exclude: 18
2025-09-08 14:23:35,971 - Review.reviews.fri4p_review - INFO - Processing sector: 5020.0, area: EU, group size: 97
2025-09-08 14:23:35,972 - Review.reviews.fri4p_review - INFO - Companies in group: 97, to exclude: 19
2025-09-08 14:23:35,972 - Review.reviews.fri4p_review - INFO - Processing sector: 5020.0, area: NA, group size: 76
2025-09-08 14:23:35,972 - Review.reviews.fri4p_review - INFO - Companies in group: 76, to exclude: 15
2025-09-08 14:23:35,972 - Review.reviews.fri4p_review - INFO - Processing sector: 5510.0, area: AS, group size: 23
2025-09-08 14:23:35,973 - Review.reviews.fri4p_review - INFO - Companies in group: 23, to exclude: 4
2025-09-08 14:23:35,973 - Review.reviews.fri4p_review - INFO - Processing sector: 5510.0, area: EU, group size: 15
2025-09-08 14:23:35,973 - Review.reviews.fri4p_review - INFO - Companies in group: 15, to exclude: 2
2025-09-08 14:23:35,973 - Review.reviews.fri4p_review - INFO - Processing sector: 5510.0, area: NA, group size: 13
2025-09-08 14:23:35,974 - Review.reviews.fri4p_review - INFO - Companies in group: 13, to exclude: 2
2025-09-08 14:23:35,974 - Review.reviews.fri4p_review - INFO - Processing sector: 5520.0, area: AS, group size: 17
2025-09-08 14:23:35,974 - Review.reviews.fri4p_review - INFO - Companies in group: 17, to exclude: 3
2025-09-08 14:23:35,975 - Review.reviews.fri4p_review - INFO - Processing sector: 5520.0, area: EU, group size: 18
2025-09-08 14:23:35,975 - Review.reviews.fri4p_review - INFO - Companies in group: 18, to exclude: 3
2025-09-08 14:23:35,975 - Review.reviews.fri4p_review - INFO - Processing sector: 5520.0, area: NA, group size: 5
2025-09-08 14:23:35,975 - Review.reviews.fri4p_review - INFO - Companies in group: 5, to exclude: 0
2025-09-08 14:23:35,976 - Review.reviews.fri4p_review - WARNING - No companies to exclude for sector 5520.0 and area NA
2025-09-08 14:23:35,976 - Review.reviews.fri4p_review - INFO - Processing sector: 6010.0, area: AS, group size: 10
2025-09-08 14:23:35,976 - Review.reviews.fri4p_review - INFO - Companies in group: 10, to exclude: 1
2025-09-08 14:23:35,976 - Review.reviews.fri4p_review - INFO - Processing sector: 6010.0, area: EU, group size: 22
2025-09-08 14:23:35,976 - Review.reviews.fri4p_review - INFO - Companies in group: 22, to exclude: 4
2025-09-08 14:23:35,976 - Review.reviews.fri4p_review - INFO - Processing sector: 6010.0, area: NA, group size: 35
2025-09-08 14:23:35,977 - Review.reviews.fri4p_review - INFO - Companies in group: 35, to exclude: 6
2025-09-08 14:23:35,977 - Review.reviews.fri4p_review - INFO - Processing sector: 6510.0, area: AS, group size: 22
2025-09-08 14:23:35,977 - Review.reviews.fri4p_review - INFO - Companies in group: 22, to exclude: 4
2025-09-08 14:23:35,978 - Review.reviews.fri4p_review - INFO - Processing sector: 6510.0, area: EU, group size: 26
2025-09-08 14:23:35,978 - Review.reviews.fri4p_review - INFO - Companies in group: 26, to exclude: 5
2025-09-08 14:23:35,978 - Review.reviews.fri4p_review - INFO - Processing sector: 6510.0, area: NA, group size: 31
2025-09-08 14:23:35,978 - Review.reviews.fri4p_review - INFO - Companies in group: 31, to exclude: 6
2025-09-08 14:23:49,124 - Review.reviews.fri4p_review - INFO - Checking IsinCode FRIX00003643 in index_eod_df
2025-09-08 14:23:49,124 - Review.reviews.fri4p_review - INFO - Found 1 matching rows
2025-09-08 14:23:49,137 - Review.reviews.fri4p_review - INFO - Saving FRI4P output to: C:\Users\CSonneveld\OneDrive - Euronext\Documents\Projects\GUI + Reviews\output\FRI4P_df_20250908_142349.xlsx
2025-09-08 14:23:49,561 - werkzeug - INFO - 127.0.0.1 - - [08/Sep/2025 14:23:49] "POST /calculate HTTP/1.1" 200 -
2025-09-08 14:32:25,839 - werkzeug - INFO -  * Detected change in 'C:\\Users\\CSonneveld\\OneDrive - Euronext\\Documents\\Projects\\GUI + Reviews\\Review\\reviews\\fri4p_review.py', reloading
2025-09-08 14:32:25,840 - werkzeug - INFO -  * Detected change in 'C:\\Users\\CSonneveld\\OneDrive - Euronext\\Documents\\Projects\\GUI + Reviews\\Review\\reviews\\fri4p_review.py', reloading
2025-09-08 14:32:25,845 - werkzeug - INFO -  * Detected change in 'C:\\Users\\CSonneveld\\OneDrive - Euronext\\Documents\\Projects\\GUI + Reviews\\Review\\reviews\\fri4p_review.py', reloading
