2025-07-25 15:59:11,898 - werkzeug - WARNING -  * Debugger is active!
2025-07-25 15:59:11,898 - werkzeug - INFO -  * Debugger PIN: 691-175-853
2025-07-25 15:59:11,933 - Review.reviews.aexew_review - INFO - Loading EOD data...
2025-07-25 15:59:11,933 - Review.reviews.be1p_review - INFO - Loading EOD data...
2025-07-25 15:59:11,933 - Review.reviews.aerdp_review - INFO - Loading EOD data...
2025-07-25 15:59:14,499 - Review.reviews.be1p_review - INFO - Loading reference data...
2025-07-25 15:59:14,522 - Review.reviews.aexew_review - INFO - Loading reference data...
2025-07-25 15:59:14,522 - Review.reviews.aerdp_review - INFO - Loading reference data...
2025-07-25 15:59:14,954 - Review.reviews.aexew_review - INFO - Saving AEXEW output to: C:\Users\CSonneveld\OneDrive - Euronext\Documents\Projects\GUI + Reviews\output\AEXEW_df_20250725_155914.xlsx
2025-07-25 15:59:16,791 - werkzeug - INFO - 127.0.0.1 - - [25/Jul/2025 15:59:16] "POST /calculate HTTP/1.1" 200 -
2025-07-25 15:59:30,887 - Review.reviews.be1p_review - INFO - Total universe: 300 companies
2025-07-25 15:59:30,887 - Review.reviews.be1p_review - INFO - Excluded by MIC filter: 91 companies
2025-07-25 15:59:30,887 - Review.reviews.be1p_review - INFO - Excluded by ICB subsector filter: 272 companies
2025-07-25 15:59:30,887 - Review.reviews.be1p_review - INFO - Excluded by turnover filter: 44 companies
2025-07-25 15:59:30,887 - Review.reviews.be1p_review - INFO - Total excluded (any criteria): 282 companies
2025-07-25 15:59:30,887 - Review.reviews.be1p_review - INFO - Eligible for selection: 18 companies
2025-07-25 15:59:30,910 - Review.reviews.be1p_review - INFO - Selecting top 10 companies with highest FFMC from eligible companies...
2025-07-25 15:59:30,916 - Review.reviews.be1p_review - INFO - Saving BE1P output to: C:\Users\CSonneveld\OneDrive - Euronext\Documents\Projects\GUI + Reviews\output\BE1P_df_20250725_155930.xlsx
2025-07-25 15:59:30,965 - Review.reviews.aerdp_review - INFO - Saving AERDP output to: C:\Users\CSonneveld\OneDrive - Euronext\Documents\Projects\GUI + Reviews\output\AERDP_df_20250725_155930.xlsx
2025-07-25 15:59:31,315 - werkzeug - INFO - 127.0.0.1 - - [25/Jul/2025 15:59:31] "POST /calculate HTTP/1.1" 200 -
2025-07-25 15:59:31,373 - werkzeug - INFO - 127.0.0.1 - - [25/Jul/2025 15:59:31] "POST /calculate HTTP/1.1" 200 -
2025-07-25 15:59:31,384 - Review.reviews.bnew_review - INFO - Loading EOD data...
2025-07-25 15:59:31,387 - Review.reviews.cacew_review - INFO - Loading EOD data...
2025-07-25 15:59:31,388 - Review.reviews.clew_review - INFO - Loading EOD data...
2025-07-25 15:59:33,517 - Review.reviews.clew_review - INFO - Loading reference data...
2025-07-25 15:59:33,537 - Review.reviews.cacew_review - INFO - Loading reference data...
2025-07-25 15:59:33,583 - Review.reviews.bnew_review - INFO - Loading reference data...
2025-07-25 15:59:33,830 - Review.reviews.clew_review - INFO - Saving CLEW output to: C:\Users\CSonneveld\OneDrive - Euronext\Documents\Projects\GUI + Reviews\output\CLEW_df_20250725_155933.xlsx
2025-07-25 15:59:33,897 - Review.reviews.cacew_review - INFO - Saving CACEW output to: C:\Users\CSonneveld\OneDrive - Euronext\Documents\Projects\GUI + Reviews\output\CACEW_df_20250725_155933.xlsx
2025-07-25 15:59:34,299 - werkzeug - INFO - 127.0.0.1 - - [25/Jul/2025 15:59:34] "POST /calculate HTTP/1.1" 200 -
2025-07-25 15:59:34,321 - werkzeug - INFO - 127.0.0.1 - - [25/Jul/2025 15:59:34] "POST /calculate HTTP/1.1" 200 -
2025-07-25 15:59:35,315 - Review.reviews.bnew_review - INFO - Saving BNEW output to: C:\Users\CSonneveld\OneDrive - Euronext\Documents\Projects\GUI + Reviews\output\BNEW_df_20250725_155935.xlsx
2025-07-25 15:59:35,358 - werkzeug - INFO - 127.0.0.1 - - [25/Jul/2025 15:59:35] "POST /calculate HTTP/1.1" 200 -
2025-07-25 15:59:35,361 - Review.reviews.edefp_review - INFO - Loading EOD data...
2025-07-25 15:59:35,361 - Review.reviews.edwp_review - INFO - Starting EDWP review calculation
2025-07-25 15:59:35,366 - Review.reviews.edwpt_review - INFO - Starting EDWPT review calculation
2025-07-25 15:59:36,366 - Review.reviews.edefp_review - INFO - Loading reference data...
2025-07-25 15:59:39,368 - Review.reviews.edefp_review - INFO - Saving EDEFP output to: C:\Users\CSonneveld\OneDrive - Euronext\Documents\Projects\GUI + Reviews\output\EDEFP_df_20250725_155939.xlsx
2025-07-25 15:59:40,407 - werkzeug - INFO - 127.0.0.1 - - [25/Jul/2025 15:59:40] "POST /calculate HTTP/1.1" 200 -
2025-07-25 15:59:46,265 - Review.reviews.edwp_review - INFO - 
EDWP Selection Summary:
2025-07-25 15:59:46,273 - Review.reviews.edwp_review - INFO - Total companies selected: 1543
2025-07-25 15:59:46,288 - Review.reviews.edwp_review - INFO - Total FFMC covered: 88.81%
2025-07-25 15:59:46,333 - Review.reviews.edwpt_review - INFO - 
EDWPT Selection Summary:
2025-07-25 15:59:46,333 - Review.reviews.edwpt_review - INFO - Total companies selected: 5296
2025-07-25 15:59:46,352 - Review.reviews.edwpt_review - INFO - Total FFMC covered: 98.83%
2025-07-25 15:59:46,353 - Review.reviews.edwp_review - INFO - 
DEUP Selection Summary:
2025-07-25 15:59:46,359 - Review.reviews.edwp_review - INFO - Total companies selected: 437
2025-07-25 15:59:46,360 - Review.reviews.edwp_review - INFO - Total FFMC covered: 88.79%
2025-07-25 15:59:46,400 - Review.reviews.edwp_review - INFO - 
DEZP Selection Summary:
2025-07-25 15:59:46,415 - Review.reviews.edwp_review - INFO - Total companies selected: 180
2025-07-25 15:59:46,416 - Review.reviews.edwp_review - INFO - Total FFMC covered: 88.26%
2025-07-25 15:59:46,416 - Review.reviews.edwpt_review - INFO - 
DEUPT Selection Summary:
2025-07-25 15:59:46,421 - Review.reviews.edwpt_review - INFO - Total companies selected: 1283
2025-07-25 15:59:46,423 - Review.reviews.edwpt_review - INFO - Total FFMC covered: 98.67%
2025-07-25 15:59:46,453 - Review.reviews.edwpt_review - INFO - 
DEZPT Selection Summary:
2025-07-25 15:59:46,455 - Review.reviews.edwpt_review - INFO - Total companies selected: 497
2025-07-25 15:59:46,455 - Review.reviews.edwp_review - INFO - 
DAPPR Selection Summary:
2025-07-25 15:59:46,460 - Review.reviews.edwp_review - INFO - Total companies selected: 491
2025-07-25 15:59:46,461 - Review.reviews.edwpt_review - INFO - Total FFMC covered: 98.51%
2025-07-25 15:59:46,461 - Review.reviews.edwp_review - INFO - Total FFMC covered: 85.82%
2025-07-25 15:59:46,487 - Review.reviews.edwp_review - INFO - 
DNAP Selection Summary:
2025-07-25 15:59:46,495 - Review.reviews.edwp_review - INFO - Total companies selected: 452
2025-07-25 15:59:46,495 - Review.reviews.edwpt_review - INFO - 
DAPPT Selection Summary:
2025-07-25 15:59:46,499 - Review.reviews.edwp_review - INFO - Total FFMC covered: 85.69%
2025-07-25 15:59:46,502 - Review.reviews.edwpt_review - INFO - Total companies selected: 1903
2025-07-25 15:59:46,504 - Review.reviews.edwpt_review - INFO - Total FFMC covered: 98.14%
2025-07-25 15:59:46,522 - Review.reviews.edwp_review - INFO - 
DASP Selection Summary:
2025-07-25 15:59:46,522 - Review.reviews.edwp_review - INFO - Total companies selected: 391
2025-07-25 15:59:46,522 - Review.reviews.edwp_review - INFO - Total FFMC covered: 85.48%
2025-07-25 15:59:46,522 - Review.reviews.edwpt_review - INFO - 
DNAPT Selection Summary:
2025-07-25 15:59:46,531 - Review.reviews.edwpt_review - INFO - Total companies selected: 1657
2025-07-25 15:59:46,536 - Review.reviews.edwpt_review - INFO - Total FFMC covered: 98.16%
2025-07-25 15:59:46,542 - Review.reviews.edwp_review - INFO - 
DPAP Selection Summary:
2025-07-25 15:59:46,543 - Review.reviews.edwp_review - INFO - Total companies selected: 93
2025-07-25 15:59:46,544 - Review.reviews.edwp_review - INFO - Total FFMC covered: 85.98%
2025-07-25 15:59:46,556 - Review.reviews.edwpt_review - INFO - 
DASPT Selection Summary:
2025-07-25 15:59:46,569 - Review.reviews.edwp_review - INFO - 
EUSP Selection Summary:
2025-07-25 15:59:46,570 - Review.reviews.edwpt_review - INFO - Total companies selected: 1561
2025-07-25 15:59:46,571 - Review.reviews.edwp_review - INFO - Total companies selected: 363
2025-07-25 15:59:46,573 - Review.reviews.edwp_review - INFO - Total FFMC covered: 85.00%
2025-07-25 15:59:46,573 - Review.reviews.edwpt_review - INFO - Total FFMC covered: 98.08%
2025-07-25 15:59:46,585 - Review.reviews.edwpt_review - INFO - 
DPAPT Selection Summary:
2025-07-25 15:59:46,588 - Review.reviews.edwpt_review - INFO - Total companies selected: 316
2025-07-25 15:59:46,590 - Review.reviews.edwpt_review - INFO - Total FFMC covered: 98.06%
2025-07-25 15:59:46,595 - Review.reviews.edwp_review - INFO - 
EJPP Selection Summary:
2025-07-25 15:59:46,595 - Review.reviews.edwp_review - INFO - Total companies selected: 338
2025-07-25 15:59:46,597 - Review.reviews.edwp_review - INFO - Total FFMC covered: 85.02%
2025-07-25 15:59:46,602 - Review.reviews.edwp_review - INFO - 
ECHP Selection Summary:
2025-07-25 15:59:46,606 - Review.reviews.edwp_review - INFO - Total companies selected: 25
2025-07-25 15:59:46,606 - Review.reviews.edwp_review - INFO - Total FFMC covered: 85.59%
2025-07-25 15:59:46,619 - Review.reviews.edwpt_review - INFO - 
EUSPT Selection Summary:
2025-07-25 15:59:46,621 - Review.reviews.edwp_review - INFO - 
EUKP Selection Summary:
2025-07-25 15:59:46,622 - Review.reviews.edwp_review - INFO - Total companies selected: 82
2025-07-25 15:59:46,624 - Review.reviews.edwpt_review - INFO - Total companies selected: 1394
2025-07-25 15:59:46,624 - Review.reviews.edwp_review - INFO - Total FFMC covered: 85.16%
2025-07-25 15:59:46,626 - Review.reviews.edwpt_review - INFO - Total FFMC covered: 98.00%
2025-07-25 15:59:46,634 - Review.reviews.edwp_review - INFO - 
CANP Selection Summary:
2025-07-25 15:59:46,636 - Review.reviews.edwp_review - INFO - Total companies selected: 70
2025-07-25 15:59:46,637 - Review.reviews.edwp_review - INFO - Total FFMC covered: 85.03%
2025-07-25 15:59:46,638 - Review.reviews.edwpt_review - INFO - 
EJPPT Selection Summary:
2025-07-25 15:59:46,646 - Review.reviews.edwpt_review - INFO - Total companies selected: 1402
2025-07-25 15:59:46,648 - Review.reviews.edwpt_review - INFO - Total FFMC covered: 98.00%
2025-07-25 15:59:46,651 - Review.reviews.edwp_review - INFO - 
Global Selection Summary:
2025-07-25 15:59:46,651 - Review.reviews.edwp_review - INFO - Total companies selected: 1543
2025-07-25 15:59:46,656 - Review.reviews.edwp_review - INFO - Total FFMC covered: 88.81%
2025-07-25 15:59:46,659 - Review.reviews.edwpt_review - INFO - 
ECHPT Selection Summary:
2025-07-25 15:59:46,661 - Review.reviews.edwpt_review - INFO - Total companies selected: 78
2025-07-25 15:59:46,662 - Review.reviews.edwp_review - INFO - 
MIC-level Summary:
2025-07-25 15:59:46,662 - Review.reviews.edwpt_review - INFO - Total FFMC covered: 98.08%
2025-07-25 15:59:46,662 - Review.reviews.edwp_review - INFO -       ISIN          FFMC  EDWP_selection
MIC                                     
ALXP     1  9.511262e+08               0
BATS     1  2.137557e+10               1
MERK     2  1.978810e+08               0
MTAA   236  6.038823e+11              27
NEOE     1  4.727061e+07               0
WBAH    28  6.580410e+10               8
XAMS    81  1.178277e+12              18
XASX   883  1.433442e+12              74
XBRU    64  2.101693e+11              15
XCSE    99  4.205086e+11              12
XESM     2  1.651506e+09               0
XETR   227  1.833541e+12              32
XHEL   134  2.182358e+11              16
XHKG   245  4.615411e+11              22
XLIS    16  3.591813e+10               5
XLON   833  2.369042e+12              82
XMAD    96  5.998798e+11              13
XMSM    13  5.991251e+10               4
XNGM    56  1.209690e+09               0
XNGS  2665  2.517485e+13             175
XNYS  1721  2.495432e+13             365
XNZE    53  5.806349e+10              15
XOSL   228  1.778157e+11              38
XPAR   345  1.894325e+12              30
XSES   130  2.924063e+11              23
XSTO   623  6.989421e+11              72
XSWX   160  1.691898e+12              28
XTAE   281  1.782428e+11              60
XTKS  3667  5.008343e+12             338
XTSE   490  2.238620e+12              70
2025-07-25 15:59:46,683 - Review.reviews.edwpt_review - INFO - 
EUKPT Selection Summary:
2025-07-25 15:59:46,683 - Review.reviews.edwpt_review - INFO - Total companies selected: 284
2025-07-25 15:59:46,689 - Review.reviews.edwp_review - INFO - Saving output to: C:\Users\CSonneveld\OneDrive - Euronext\Documents\Projects\GUI + Reviews\output\EDWP_df_20250725_155946.xlsx
2025-07-25 15:59:46,690 - Review.reviews.edwpt_review - INFO - Total FFMC covered: 98.00%
2025-07-25 15:59:46,753 - Review.reviews.edwp_review - INFO - 
EDWP Changes Summary:
2025-07-25 15:59:46,753 - Review.reviews.edwp_review - INFO - Inclusions: 64
2025-07-25 15:59:46,753 - Review.reviews.edwp_review - INFO - Exclusions: 63
2025-07-25 15:59:46,777 - Review.reviews.edwp_review - INFO - 
DEUP Changes Summary:
2025-07-25 15:59:46,777 - Review.reviews.edwp_review - INFO - Inclusions: 29
2025-07-25 15:59:46,777 - Review.reviews.edwp_review - INFO - Exclusions: 21
2025-07-25 15:59:46,777 - Review.reviews.edwpt_review - INFO - 
CANPT Selection Summary:
2025-07-25 15:59:46,783 - Review.reviews.edwp_review - INFO - 
DEZP Changes Summary:
2025-07-25 15:59:46,783 - Review.reviews.edwp_review - INFO - Inclusions: 14
2025-07-25 15:59:46,783 - Review.reviews.edwpt_review - INFO - Total companies selected: 217
2025-07-25 15:59:46,783 - Review.reviews.edwp_review - INFO - Exclusions: 12
2025-07-25 15:59:46,816 - Review.reviews.edwp_review - INFO - 
DAPPR Changes Summary:
2025-07-25 15:59:46,816 - Review.reviews.edwp_review - INFO - Inclusions: 15
2025-07-25 15:59:46,816 - Review.reviews.edwpt_review - INFO - Total FFMC covered: 98.01%
2025-07-25 15:59:46,816 - Review.reviews.edwp_review - INFO - Exclusions: 16
2025-07-25 15:59:46,838 - Review.reviews.edwp_review - INFO - 
DNAP Changes Summary:
2025-07-25 15:59:46,838 - Review.reviews.edwp_review - INFO - Inclusions: 15
2025-07-25 15:59:46,838 - Review.reviews.edwp_review - INFO - Exclusions: 22
2025-07-25 15:59:46,860 - Review.reviews.edwp_review - INFO - 
DASP Changes Summary:
2025-07-25 15:59:46,860 - Review.reviews.edwp_review - INFO - Inclusions: 13
2025-07-25 15:59:46,860 - Review.reviews.edwp_review - INFO - Exclusions: 15
2025-07-25 15:59:46,870 - Review.reviews.edwp_review - INFO - 
DPAP Changes Summary:
2025-07-25 15:59:46,870 - Review.reviews.edwp_review - INFO - Inclusions: 3
2025-07-25 15:59:46,870 - Review.reviews.edwp_review - INFO - Exclusions: 5
2025-07-25 15:59:46,888 - Review.reviews.edwp_review - INFO - 
EUSP Changes Summary:
2025-07-25 15:59:46,888 - Review.reviews.edwp_review - INFO - Inclusions: 9
2025-07-25 15:59:46,888 - Review.reviews.edwp_review - INFO - Exclusions: 16
2025-07-25 15:59:46,906 - Review.reviews.edwp_review - INFO - 
EJPP Changes Summary:
2025-07-25 15:59:46,906 - Review.reviews.edwp_review - INFO - Inclusions: 12
2025-07-25 15:59:46,906 - Review.reviews.edwp_review - INFO - Exclusions: 10
2025-07-25 15:59:46,915 - Review.reviews.edwp_review - INFO - 
ECHP Changes Summary:
2025-07-25 15:59:46,915 - Review.reviews.edwp_review - INFO - Inclusions: 3
2025-07-25 15:59:46,915 - Review.reviews.edwp_review - INFO - Exclusions: 2
2025-07-25 15:59:46,922 - Review.reviews.edwp_review - INFO - 
EUKP Changes Summary:
2025-07-25 15:59:46,922 - Review.reviews.edwp_review - INFO - Inclusions: 4
2025-07-25 15:59:46,922 - Review.reviews.edwp_review - INFO - Exclusions: 5
2025-07-25 15:59:46,933 - Review.reviews.edwp_review - INFO - 
CANP Changes Summary:
2025-07-25 15:59:46,936 - Review.reviews.edwpt_review - INFO - 
Global Selection Summary:
2025-07-25 15:59:46,936 - Review.reviews.edwp_review - INFO - Inclusions: 3
2025-07-25 15:59:46,936 - Review.reviews.edwpt_review - INFO - Total companies selected: 5296
2025-07-25 15:59:46,936 - Review.reviews.edwp_review - INFO - Exclusions: 2
2025-07-25 15:59:47,115 - Review.reviews.edwpt_review - INFO - Total FFMC covered: 98.83%
2025-07-25 15:59:47,215 - Review.reviews.edwpt_review - INFO - 
MIC-level Summary:
2025-07-25 15:59:47,248 - Review.reviews.edwpt_review - INFO -       ISIN          FFMC  EDWPT_selection
MIC                                      
ALXP     1  9.511262e+08                1
BATS     1  2.137557e+10                1
MERK     2  1.978810e+08                2
MTAA   236  6.038823e+11               80
NEOE     1  4.727061e+07                0
WBAH    28  6.580410e+10               20
XAMS    81  1.178277e+12               48
XASX   883  1.433442e+12              278
XBRU    64  2.101693e+11               35
XCSE    99  4.205086e+11               35
XESM     2  1.651506e+09                2
XETR   227  1.833541e+12              105
XHEL   134  2.182358e+11               50
XHKG   245  4.615411e+11               76
XLIS    16  3.591813e+10               12
XLON   833  2.369042e+12              284
XMAD    96  5.998798e+11               43
XMSM    13  5.991251e+10                9
XNGM    56  1.209690e+09                3
XNGS  2665  2.517485e+13              736
XNYS  1721  2.495432e+13             1089
XNZE    53  5.806349e+10               35
XOSL   228  1.778157e+11              110
XPAR   345  1.894325e+12               92
XSES   130  2.924063e+11               63
XSTO   623  6.989421e+11              215
XSWX   160  1.691898e+12               88
XTAE   281  1.782428e+11              165
XTKS  3667  5.008343e+12             1402
XTSE   490  2.238620e+12              217
2025-07-25 15:59:48,814 - Review.reviews.edwpt_review - INFO - Saving main output to: C:\Users\CSonneveld\OneDrive - Euronext\Documents\Projects\GUI + Reviews\output\EDWPT_df_20250725_155948.xlsx
2025-07-25 15:59:49,516 - Review.reviews.edwpt_review - INFO - 
EDWPT Changes Summary:
2025-07-25 15:59:49,531 - Review.reviews.edwpt_review - INFO - Inclusions: 199
2025-07-25 15:59:49,581 - Review.reviews.edwpt_review - INFO - Exclusions: 196
2025-07-25 15:59:49,798 - Review.reviews.edwpt_review - INFO - 
DEUPT Changes Summary:
2025-07-25 15:59:49,833 - Review.reviews.edwpt_review - INFO - Inclusions: 75
2025-07-25 15:59:49,864 - Review.reviews.edwpt_review - INFO - Exclusions: 43
2025-07-25 15:59:50,048 - Review.reviews.edwpt_review - INFO - 
DEZPT Changes Summary:
2025-07-25 15:59:50,063 - Review.reviews.edwpt_review - INFO - Inclusions: 31
2025-07-25 15:59:50,098 - Review.reviews.edwpt_review - INFO - Exclusions: 16
2025-07-25 15:59:50,319 - Review.reviews.edwpt_review - INFO - 
DAPPT Changes Summary:
2025-07-25 15:59:50,319 - Review.reviews.edwpt_review - INFO - Inclusions: 63
2025-07-25 15:59:50,319 - Review.reviews.edwpt_review - INFO - Exclusions: 68
2025-07-25 15:59:50,402 - Review.reviews.edwpt_review - INFO - 
DNAPT Changes Summary:
2025-07-25 15:59:50,402 - Review.reviews.edwpt_review - INFO - Inclusions: 45
2025-07-25 15:59:50,403 - Review.reviews.edwpt_review - INFO - Exclusions: 72
2025-07-25 15:59:50,470 - Review.reviews.edwpt_review - INFO - 
DASPT Changes Summary:
2025-07-25 15:59:50,471 - Review.reviews.edwpt_review - INFO - Inclusions: 54
2025-07-25 15:59:50,471 - Review.reviews.edwpt_review - INFO - Exclusions: 51
2025-07-25 15:59:50,485 - Review.reviews.edwpt_review - INFO - 
DPAPT Changes Summary:
2025-07-25 15:59:50,485 - Review.reviews.edwpt_review - INFO - Inclusions: 6
2025-07-25 15:59:50,485 - Review.reviews.edwpt_review - INFO - Exclusions: 11
2025-07-25 15:59:50,557 - Review.reviews.edwpt_review - INFO - 
EUSPT Changes Summary:
2025-07-25 15:59:50,558 - Review.reviews.edwpt_review - INFO - Inclusions: 28
2025-07-25 15:59:50,558 - Review.reviews.edwpt_review - INFO - Exclusions: 55
2025-07-25 15:59:50,617 - Review.reviews.edwpt_review - INFO - 
EJPPT Changes Summary:
2025-07-25 15:59:50,617 - Review.reviews.edwpt_review - INFO - Inclusions: 41
2025-07-25 15:59:50,617 - Review.reviews.edwpt_review - INFO - Exclusions: 38
2025-07-25 15:59:50,633 - Review.reviews.edwpt_review - INFO - 
ECHPT Changes Summary:
2025-07-25 15:59:50,635 - Review.reviews.edwpt_review - INFO - Inclusions: 3
2025-07-25 15:59:50,635 - Review.reviews.edwpt_review - INFO - Exclusions: 0
2025-07-25 15:59:50,655 - Review.reviews.edwpt_review - INFO - 
EUKPT Changes Summary:
2025-07-25 15:59:50,655 - Review.reviews.edwpt_review - INFO - Inclusions: 9
2025-07-25 15:59:50,665 - Review.reviews.edwpt_review - INFO - Exclusions: 13
2025-07-25 15:59:50,685 - Review.reviews.edwpt_review - INFO - 
CANPT Changes Summary:
2025-07-25 15:59:50,692 - Review.reviews.edwpt_review - INFO - Inclusions: 8
2025-07-25 15:59:50,692 - Review.reviews.edwpt_review - INFO - Exclusions: 7
2025-07-25 15:59:55,665 - Review.reviews.edwp_review - INFO - Saving individual composition file for EDWP to: C:\Users\CSonneveld\OneDrive - Euronext\Documents\Projects\GUI + Reviews\output\EDWP_Composition_20250725_155946.xlsx
2025-07-25 15:59:55,781 - Review.reviews.edwp_review - INFO - Saving individual composition file for DEUP to: C:\Users\CSonneveld\OneDrive - Euronext\Documents\Projects\GUI + Reviews\output\DEUP_Composition_20250725_155946.xlsx
2025-07-25 15:59:55,818 - Review.reviews.edwp_review - INFO - Saving individual composition file for DEZP to: C:\Users\CSonneveld\OneDrive - Euronext\Documents\Projects\GUI + Reviews\output\DEZP_Composition_20250725_155946.xlsx
2025-07-25 15:59:55,844 - Review.reviews.edwp_review - INFO - Saving individual composition file for DAPPR to: C:\Users\CSonneveld\OneDrive - Euronext\Documents\Projects\GUI + Reviews\output\DAPPR_Composition_20250725_155946.xlsx
2025-07-25 15:59:55,909 - Review.reviews.edwp_review - INFO - Saving individual composition file for DNAP to: C:\Users\CSonneveld\OneDrive - Euronext\Documents\Projects\GUI + Reviews\output\DNAP_Composition_20250725_155946.xlsx
2025-07-25 15:59:55,950 - Review.reviews.edwpt_review - INFO - Saving individual composition file for EDWPT to: C:\Users\CSonneveld\OneDrive - Euronext\Documents\Projects\GUI + Reviews\output\EDWPT_Composition_20250725_155948.xlsx
2025-07-25 15:59:56,198 - Review.reviews.edwp_review - INFO - Saving individual composition file for DASP to: C:\Users\CSonneveld\OneDrive - Euronext\Documents\Projects\GUI + Reviews\output\DASP_Composition_20250725_155946.xlsx
2025-07-25 15:59:56,297 - Review.reviews.edwp_review - INFO - Saving individual composition file for DPAP to: C:\Users\CSonneveld\OneDrive - Euronext\Documents\Projects\GUI + Reviews\output\DPAP_Composition_20250725_155946.xlsx
2025-07-25 15:59:56,332 - Review.reviews.edwp_review - INFO - Saving individual composition file for EUSP to: C:\Users\CSonneveld\OneDrive - Euronext\Documents\Projects\GUI + Reviews\output\EUSP_Composition_20250725_155946.xlsx
2025-07-25 15:59:56,366 - Review.reviews.edwp_review - INFO - Saving individual composition file for EJPP to: C:\Users\CSonneveld\OneDrive - Euronext\Documents\Projects\GUI + Reviews\output\EJPP_Composition_20250725_155946.xlsx
2025-07-25 15:59:56,402 - Review.reviews.edwpt_review - INFO - Saving individual composition file for DEUPT to: C:\Users\CSonneveld\OneDrive - Euronext\Documents\Projects\GUI + Reviews\output\DEUPT_Composition_20250725_155948.xlsx
2025-07-25 15:59:56,509 - Review.reviews.edwp_review - INFO - Saving individual composition file for ECHP to: C:\Users\CSonneveld\OneDrive - Euronext\Documents\Projects\GUI + Reviews\output\ECHP_Composition_20250725_155946.xlsx
2025-07-25 15:59:56,534 - Review.reviews.edwp_review - INFO - Saving individual composition file for EUKP to: C:\Users\CSonneveld\OneDrive - Euronext\Documents\Projects\GUI + Reviews\output\EUKP_Composition_20250725_155946.xlsx
2025-07-25 15:59:56,551 - Review.reviews.edwpt_review - INFO - Saving individual composition file for DEZPT to: C:\Users\CSonneveld\OneDrive - Euronext\Documents\Projects\GUI + Reviews\output\DEZPT_Composition_20250725_155948.xlsx
2025-07-25 15:59:56,601 - Review.reviews.edwp_review - INFO - Saving individual composition file for CANP to: C:\Users\CSonneveld\OneDrive - Euronext\Documents\Projects\GUI + Reviews\output\CANP_Composition_20250725_155946.xlsx
2025-07-25 15:59:56,633 - Review.reviews.edwpt_review - INFO - Saving individual composition file for DAPPT to: C:\Users\CSonneveld\OneDrive - Euronext\Documents\Projects\GUI + Reviews\output\DAPPT_Composition_20250725_155948.xlsx
2025-07-25 15:59:56,729 - Review.reviews.edwp_review - INFO - Individual composition files saved: 12
2025-07-25 15:59:56,748 - werkzeug - INFO - 127.0.0.1 - - [25/Jul/2025 15:59:56] "POST /calculate HTTP/1.1" 200 -
2025-07-25 15:59:56,772 - Review.reviews.edwpt_review - INFO - Saving individual composition file for DNAPT to: C:\Users\CSonneveld\OneDrive - Euronext\Documents\Projects\GUI + Reviews\output\DNAPT_Composition_20250725_155948.xlsx
2025-07-25 15:59:56,883 - Review.reviews.edwpt_review - INFO - Saving individual composition file for DASPT to: C:\Users\CSonneveld\OneDrive - Euronext\Documents\Projects\GUI + Reviews\output\DASPT_Composition_20250725_155948.xlsx
2025-07-25 15:59:56,966 - Review.reviews.edwpt_review - INFO - Saving individual composition file for DPAPT to: C:\Users\CSonneveld\OneDrive - Euronext\Documents\Projects\GUI + Reviews\output\DPAPT_Composition_20250725_155948.xlsx
2025-07-25 15:59:57,004 - Review.reviews.edwpt_review - INFO - Saving individual composition file for EUSPT to: C:\Users\CSonneveld\OneDrive - Euronext\Documents\Projects\GUI + Reviews\output\EUSPT_Composition_20250725_155948.xlsx
2025-07-25 15:59:57,091 - Review.reviews.edwpt_review - INFO - Saving individual composition file for EJPPT to: C:\Users\CSonneveld\OneDrive - Euronext\Documents\Projects\GUI + Reviews\output\EJPPT_Composition_20250725_155948.xlsx
2025-07-25 15:59:57,166 - Review.reviews.edwpt_review - INFO - Saving individual composition file for ECHPT to: C:\Users\CSonneveld\OneDrive - Euronext\Documents\Projects\GUI + Reviews\output\ECHPT_Composition_20250725_155948.xlsx
2025-07-25 15:59:57,217 - Review.reviews.edwpt_review - INFO - Saving individual composition file for EUKPT to: C:\Users\CSonneveld\OneDrive - Euronext\Documents\Projects\GUI + Reviews\output\EUKPT_Composition_20250725_155948.xlsx
2025-07-25 15:59:57,241 - Review.reviews.edwpt_review - INFO - Saving individual composition file for CANPT to: C:\Users\CSonneveld\OneDrive - Euronext\Documents\Projects\GUI + Reviews\output\CANPT_Composition_20250725_155948.xlsx
2025-07-25 15:59:57,270 - Review.reviews.edwpt_review - INFO - Main file successfully saved to: C:\Users\CSonneveld\OneDrive - Euronext\Documents\Projects\GUI + Reviews\output\EDWPT_df_20250725_155948.xlsx
2025-07-25 15:59:57,270 - Review.reviews.edwpt_review - INFO - Individual composition files saved: 12
2025-07-25 15:59:57,288 - werkzeug - INFO - 127.0.0.1 - - [25/Jul/2025 15:59:57] "POST /calculate HTTP/1.1" 200 -
2025-07-25 15:59:57,294 - Review.reviews.efmep_review - INFO - Loading EOD data...
2025-07-25 15:59:57,294 - Review.reviews.eluxp_review - INFO - Loading EOD data...
2025-07-25 16:00:01,413 - Review.reviews.efmep_review - INFO - Loading reference data...
2025-07-25 16:00:01,416 - Review.reviews.eluxp_review - INFO - Loading reference data...
2025-07-25 16:00:04,195 - Review.reviews.eluxp_review - INFO - Saving ELUXP output to: C:\Users\CSonneveld\OneDrive - Euronext\Documents\Projects\GUI + Reviews\output\ELUXP_df_20250725_160004.xlsx
2025-07-25 16:00:04,298 - Review.reviews.efmep_review - INFO - Total universe: 300 companies
2025-07-25 16:00:04,298 - Review.reviews.efmep_review - INFO - Excluded by MIC filter: 63 companies
2025-07-25 16:00:04,298 - Review.reviews.efmep_review - INFO - Eligible for selection: 237 companies
2025-07-25 16:00:04,298 - Review.reviews.efmep_review - INFO - Selecting top 50 companies with highest FFMC from eligible companies...
2025-07-25 16:00:04,321 - Review.reviews.efmep_review - INFO - Saving EFMEP output to: C:\Users\CSonneveld\OneDrive - Euronext\Documents\Projects\GUI + Reviews\output\EFMEP_df_20250725_160004.xlsx
2025-07-25 16:00:04,465 - werkzeug - INFO - 127.0.0.1 - - [25/Jul/2025 16:00:04] "POST /calculate HTTP/1.1" 200 -
2025-07-25 16:00:04,488 - werkzeug - INFO - 127.0.0.1 - - [25/Jul/2025 16:00:04] "POST /calculate HTTP/1.1" 200 -
2025-07-25 16:00:14,549 - Review.reviews.egspp_review - ERROR - Error during review calculation: 'FossilFuelProdMaxRev'
2025-07-25 16:00:14,549 - Review.reviews.egspp_review - ERROR - Traceback (most recent call last):
  File "C:\Users\CSonneveld\AppData\Roaming\Python\Python312\site-packages\pandas\core\indexes\base.py", line 3805, in get_loc
    return self._engine.get_loc(casted_key)
           ^^^^^^^^^^^^^^^^^^^^^^^^^^^^^^^^
  File "index.pyx", line 167, in pandas._libs.index.IndexEngine.get_loc
  File "index.pyx", line 196, in pandas._libs.index.IndexEngine.get_loc
  File "pandas\\_libs\\hashtable_class_helper.pxi", line 7081, in pandas._libs.hashtable.PyObjectHashTable.get_item
  File "pandas\\_libs\\hashtable_class_helper.pxi", line 7089, in pandas._libs.hashtable.PyObjectHashTable.get_item
KeyError: 'FossilFuelProdMaxRev'

The above exception was the direct cause of the following exception:

Traceback (most recent call last):
  File "C:\Users\CSonneveld\OneDrive - Euronext\Documents\Projects\GUI + Reviews\Review\reviews\egspp_review.py", line 136, in run_egspp_review
    Oekom_TrustCarbon_df[col] = pd.to_numeric(Oekom_TrustCarbon_df[col], errors='coerce')
                                              ~~~~~~~~~~~~~~~~~~~~^^^^^
  File "C:\Users\CSonneveld\AppData\Roaming\Python\Python312\site-packages\pandas\core\frame.py", line 4102, in __getitem__
    indexer = self.columns.get_loc(key)
              ^^^^^^^^^^^^^^^^^^^^^^^^^
  File "C:\Users\CSonneveld\AppData\Roaming\Python\Python312\site-packages\pandas\core\indexes\base.py", line 3812, in get_loc
    raise KeyError(key) from err
KeyError: 'FossilFuelProdMaxRev'

2025-07-25 16:00:14,571 - werkzeug - INFO - 127.0.0.1 - - [25/Jul/2025 16:00:14] "POST /calculate HTTP/1.1" 200 -
2025-07-25 16:00:14,582 - Review.reviews.eri5p_review - INFO - Loading EOD data...
2025-07-25 16:00:14,583 - Review.reviews.esvep_review - INFO - Loading EOD data...
2025-07-25 16:00:14,585 - Review.reviews.etpfb_review - INFO - Loading EOD data...
2025-07-25 16:00:16,635 - Review.reviews.esvep_review - INFO - Loading reference data...
2025-07-25 16:00:16,654 - Review.reviews.eri5p_review - INFO - Loading reference data...
2025-07-25 16:00:16,666 - Review.reviews.etpfb_review - INFO - Loading reference data...
2025-07-25 16:00:19,419 - Review.reviews.esvep_review - INFO - Saving ESVEP output to: C:\Users\CSonneveld\OneDrive - Euronext\Documents\Projects\GUI + Reviews\output\ESVEP_df_20250725_160019.xlsx
2025-07-25 16:00:19,548 - Review.reviews.etpfb_review - INFO - Saving ETPFB output to: C:\Users\CSonneveld\OneDrive - Euronext\Documents\Projects\GUI + Reviews\output\ETPFB_df_20250725_160019.xlsx
2025-07-25 16:00:19,867 - werkzeug - INFO - 127.0.0.1 - - [25/Jul/2025 16:00:19] "POST /calculate HTTP/1.1" 200 -
2025-07-25 16:00:19,907 - werkzeug - INFO - 127.0.0.1 - - [25/Jul/2025 16:00:19] "POST /calculate HTTP/1.1" 200 -
2025-07-25 16:00:19,983 - Review.reviews.eri5p_review - INFO - Ranking validation:
2025-07-25 16:00:19,985 - Review.reviews.eri5p_review - INFO - Top 10 companies by overall ranking:
                Company  New Sustainability Score          FFMC  Overall_Ranking                                         All_Exclusion_Reasons
285          VERBUND AG                 10.000000  4.490764e+09                1                        Excluded: 100 days avg turnover < €22M
98       EDP RENOVAVEIS                 10.000000  2.721125e+09                2  Excluded: FFMC < €3B; Excluded: 100 days avg turnover < €22M
222                RELX                  9.943431  9.337019e+10                3                                                              
174             KPN KON                  9.943431  1.611962e+10                4                                                              
277  UNIBAIL-RODAMCO-WE                  9.943431  9.583460e+09                5                                                              
104              ENDESA                  9.943431  8.725176e+09                6                                                              
216           QIAGEN NV                  9.943431  8.036393e+09                7                                                              
170           KLEPIERRE                  9.943431  7.319263e+09                8                        Excluded: 100 days avg turnover < €22M
120          FORTUM OYJ                  9.943431  6.763131e+09                9                                                              
169       KION GROUP AG                  9.943431  2.946984e+09               10  Excluded: FFMC < €3B; Excluded: 100 days avg turnover < €22M
2025-07-25 16:00:19,987 - Review.reviews.eri5p_review - INFO - Top 10 eligible companies:
                Company  New Sustainability Score          FFMC  Eligible_Ranking
222                RELX                  9.943431  9.337019e+10               1.0
174             KPN KON                  9.943431  1.611962e+10               2.0
277  UNIBAIL-RODAMCO-WE                  9.943431  9.583460e+09               3.0
104              ENDESA                  9.943431  8.725176e+09               4.0
216           QIAGEN NV                  9.943431  8.036393e+09               5.0
120          FORTUM OYJ                  9.943431  6.763131e+09               6.0
124   FRESENIUS SE & CO                  9.859489  1.822777e+10               7.0
237              SANOFI                  9.750000  1.018128e+11               8.0
248   SIEMENS ENERGY AG                  9.750000  5.550806e+10               9.0
275                 UCB                  9.750000  1.957748e+10              10.0
2025-07-25 16:00:19,987 - Review.reviews.eri5p_review - INFO - Total universe: 300 companies
2025-07-25 16:00:19,987 - Review.reviews.eri5p_review - INFO - Total excluded: 168 companies
2025-07-25 16:00:19,991 - Review.reviews.eri5p_review - INFO - Eligible for selection: 132 companies
2025-07-25 16:00:19,991 - Review.reviews.eri5p_review - INFO - Selecting top 50 companies ranked by Sustainability Score (with FFMC as tiebreaker) from eligible companies...
2025-07-25 16:00:19,996 - Review.reviews.eri5p_review - INFO - Saving ERI5P output to: C:\Users\CSonneveld\OneDrive - Euronext\Documents\Projects\GUI + Reviews\output\ERI5P_df_20250725_160019.xlsx
2025-07-25 16:00:20,096 - werkzeug - INFO - 127.0.0.1 - - [25/Jul/2025 16:00:20] "POST /calculate HTTP/1.1" 200 -
2025-07-25 16:00:20,102 - Review.reviews.eus5p_review - INFO - Loading EOD data...
2025-07-25 16:00:20,104 - Review.reviews.ez15p_review - INFO - Loading EOD data...
2025-07-25 16:00:20,106 - Review.reviews.ez40p_review - INFO - Loading EOD data...
2025-07-25 16:00:21,275 - Review.reviews.ez40p_review - INFO - Loading reference data...
2025-07-25 16:00:21,285 - Review.reviews.eus5p_review - INFO - Loading reference data...
2025-07-25 16:00:21,303 - Review.reviews.ez15p_review - INFO - Loading reference data...
2025-07-25 16:00:23,096 - werkzeug - INFO -  * Detected change in 'C:\\Users\\CSonneveld\\OneDrive - Euronext\\Documents\\Projects\\GUI + Reviews\\Review\\reviews\\aerdp_review.py', reloading
2025-07-25 16:00:24,782 - Review.reviews.ez40p_review - INFO - Selecting top 40 companies with highest FFMC...
2025-07-25 16:00:24,883 - Review.reviews.ez40p_review - INFO - Saving EZ40P output to: C:\Users\CSonneveld\OneDrive - Euronext\Documents\Projects\GUI + Reviews\output\EZ40P_df_20250725_160024.xlsx
2025-07-25 16:00:25,153 - Review.reviews.ez15p_review - INFO - Total universe: 300 companies
2025-07-25 16:00:25,165 - Review.reviews.ez15p_review - INFO - Excluded by turnover filter: 68 companies
2025-07-25 16:00:25,165 - Review.reviews.ez15p_review - INFO - Eligible for selection: 232 companies
2025-07-25 16:00:25,197 - Review.reviews.ez15p_review - INFO - Selecting top 150 companies with highest FFMC from eligible companies...
2025-07-25 16:00:25,265 - Review.reviews.ez15p_review - INFO - Saving EZ15P output to: C:\Users\CSonneveld\OneDrive - Euronext\Documents\Projects\GUI + Reviews\output\EZ15P_df_20250725_160025.xlsx
2025-07-25 16:00:26,045 - werkzeug - INFO - 127.0.0.1 - - [25/Jul/2025 16:00:26] "POST /calculate HTTP/1.1" 200 -
2025-07-25 16:00:26,409 - werkzeug - INFO - 127.0.0.1 - - [25/Jul/2025 16:00:26] "POST /calculate HTTP/1.1" 200 -
