2025-09-17 09:23:01,303 - werkzeug - WARNING -  * Debugger is active!
2025-09-17 09:23:01,306 - werkzeug - INFO -  * Debugger PIN: 691-175-853
2025-09-17 09:26:42,619 - werkzeug - INFO - 127.0.0.1 - - [17/Sep/2025 09:26:42] "POST /calculate HTTP/1.1" 200 -
2025-09-17 09:26:42,619 - Review.reviews.darep_review - INFO - Loading EOD data...
2025-09-17 09:26:42,639 - werkzeug - INFO - 127.0.0.1 - - [17/Sep/2025 09:26:42] "GET /task-status/0b022489-ade2-4c60-99f5-b6b8c7ce7d03 HTTP/1.1" 200 -
2025-09-17 09:26:44,635 - werkzeug - INFO - 127.0.0.1 - - [17/Sep/2025 09:26:44] "GET /task-status/0b022489-ade2-4c60-99f5-b6b8c7ce7d03 HTTP/1.1" 200 -
2025-09-17 09:26:46,642 - werkzeug - INFO - 127.0.0.1 - - [17/Sep/2025 09:26:46] "GET /task-status/0b022489-ade2-4c60-99f5-b6b8c7ce7d03 HTTP/1.1" 200 -
2025-09-17 09:26:46,733 - Review.reviews.darep_review - INFO - Loading reference data...
2025-09-17 09:26:48,651 - werkzeug - INFO - 127.0.0.1 - - [17/Sep/2025 09:26:48] "GET /task-status/0b022489-ade2-4c60-99f5-b6b8c7ce7d03 HTTP/1.1" 200 -
2025-09-17 09:26:50,667 - werkzeug - INFO - 127.0.0.1 - - [17/Sep/2025 09:26:50] "GET /task-status/0b022489-ade2-4c60-99f5-b6b8c7ce7d03 HTTP/1.1" 200 -
2025-09-17 09:26:52,665 - werkzeug - INFO - 127.0.0.1 - - [17/Sep/2025 09:26:52] "GET /task-status/0b022489-ade2-4c60-99f5-b6b8c7ce7d03 HTTP/1.1" 200 -
2025-09-17 09:26:54,316 - Review.reviews.darep_review - INFO - Creating eligible companies dataframe...
2025-09-17 09:26:54,316 - Review.reviews.darep_review - INFO - Companies with capping applied: 0
2025-09-17 09:26:54,333 - Review.reviews.darep_review - INFO - Saving DAREP output to: C:\Users\CSonneveld\OneDrive - Euronext\Documents\Projects\GUI + Reviews\output\DAREP_df_20250917_092654.xlsx
2025-09-17 09:26:54,650 - werkzeug - INFO - 127.0.0.1 - - [17/Sep/2025 09:26:54] "GET /task-status/0b022489-ade2-4c60-99f5-b6b8c7ce7d03 HTTP/1.1" 200 -
2025-09-17 09:26:56,635 - werkzeug - INFO - 127.0.0.1 - - [17/Sep/2025 09:26:56] "GET /task-status/0b022489-ade2-4c60-99f5-b6b8c7ce7d03 HTTP/1.1" 200 -
2025-09-17 09:27:01,510 - werkzeug - INFO - 127.0.0.1 - - [17/Sep/2025 09:27:01] "POST /calculate HTTP/1.1" 200 -
2025-09-17 09:27:01,512 - Review.reviews.darep_review - INFO - Loading EOD data...
2025-09-17 09:27:01,529 - werkzeug - INFO - 127.0.0.1 - - [17/Sep/2025 09:27:01] "GET /task-status/b222c318-be2c-4c2a-9d2e-3d2f682b76c6 HTTP/1.1" 200 -
2025-09-17 09:27:03,336 - Review.reviews.darep_review - INFO - Loading reference data...
2025-09-17 09:27:03,537 - werkzeug - INFO - 127.0.0.1 - - [17/Sep/2025 09:27:03] "GET /task-status/b222c318-be2c-4c2a-9d2e-3d2f682b76c6 HTTP/1.1" 200 -
2025-09-17 09:27:05,542 - werkzeug - INFO - 127.0.0.1 - - [17/Sep/2025 09:27:05] "GET /task-status/b222c318-be2c-4c2a-9d2e-3d2f682b76c6 HTTP/1.1" 200 -
2025-09-17 09:27:07,550 - werkzeug - INFO - 127.0.0.1 - - [17/Sep/2025 09:27:07] "GET /task-status/b222c318-be2c-4c2a-9d2e-3d2f682b76c6 HTTP/1.1" 200 -
2025-09-17 09:27:09,533 - werkzeug - INFO - 127.0.0.1 - - [17/Sep/2025 09:27:09] "GET /task-status/b222c318-be2c-4c2a-9d2e-3d2f682b76c6 HTTP/1.1" 200 -
2025-09-17 09:27:10,752 - Review.reviews.darep_review - INFO - Creating eligible companies dataframe...
2025-09-17 09:27:10,752 - Review.reviews.darep_review - INFO - Companies with capping applied: 0
2025-09-17 09:27:10,752 - Review.reviews.darep_review - INFO - Saving DAREP output to: C:\Users\CSonneveld\OneDrive - Euronext\Documents\Projects\GUI + Reviews\output\DAREP_df_20250917_092710.xlsx
2025-09-17 09:27:11,534 - werkzeug - INFO - 127.0.0.1 - - [17/Sep/2025 09:27:11] "GET /task-status/b222c318-be2c-4c2a-9d2e-3d2f682b76c6 HTTP/1.1" 200 -
2025-09-17 09:27:16,200 - werkzeug - INFO - 127.0.0.1 - - [17/Sep/2025 09:27:16] "POST /calculate HTTP/1.1" 200 -
2025-09-17 09:27:16,201 - Review.reviews.dwrep_review - INFO - Loading EOD data...
2025-09-17 09:27:16,218 - werkzeug - INFO - 127.0.0.1 - - [17/Sep/2025 09:27:16] "GET /task-status/b00162ee-5358-48fc-ac56-dbda00081fd1 HTTP/1.1" 200 -
2025-09-17 09:27:18,217 - werkzeug - INFO - 127.0.0.1 - - [17/Sep/2025 09:27:18] "GET /task-status/b00162ee-5358-48fc-ac56-dbda00081fd1 HTTP/1.1" 200 -
2025-09-17 09:27:18,583 - Review.reviews.dwrep_review - INFO - Loading reference data...
2025-09-17 09:27:20,233 - werkzeug - INFO - 127.0.0.1 - - [17/Sep/2025 09:27:20] "GET /task-status/b00162ee-5358-48fc-ac56-dbda00081fd1 HTTP/1.1" 200 -
2025-09-17 09:27:22,219 - werkzeug - INFO - 127.0.0.1 - - [17/Sep/2025 09:27:22] "GET /task-status/b00162ee-5358-48fc-ac56-dbda00081fd1 HTTP/1.1" 200 -
2025-09-17 09:27:24,232 - werkzeug - INFO - 127.0.0.1 - - [17/Sep/2025 09:27:24] "GET /task-status/b00162ee-5358-48fc-ac56-dbda00081fd1 HTTP/1.1" 200 -
2025-09-17 09:27:26,100 - Review.reviews.dwrep_review - INFO - Creating eligible companies dataframe...
2025-09-17 09:27:26,100 - Review.reviews.dwrep_review - INFO - Total eligible companies: 398
2025-09-17 09:27:26,100 - Review.reviews.dwrep_review - INFO - Total eligible FFMC: 1,923,360,251,744.86
2025-09-17 09:27:26,100 - Review.reviews.dwrep_review - INFO - Weight sum check: 1.000000
2025-09-17 09:27:26,100 - Review.reviews.dwrep_review - INFO - Saving DWREP output to: C:\Users\CSonneveld\OneDrive - Euronext\Documents\Projects\GUI + Reviews\output\DWREP_df_20250917_092726.xlsx
2025-09-17 09:27:26,277 - werkzeug - INFO - 127.0.0.1 - - [17/Sep/2025 09:27:26] "GET /task-status/b00162ee-5358-48fc-ac56-dbda00081fd1 HTTP/1.1" 200 -
2025-09-17 09:27:28,217 - werkzeug - INFO - 127.0.0.1 - - [17/Sep/2025 09:27:28] "GET /task-status/b00162ee-5358-48fc-ac56-dbda00081fd1 HTTP/1.1" 200 -
2025-09-17 09:43:49,630 - werkzeug - INFO - 127.0.0.1 - - [17/Sep/2025 09:43:49] "POST /calculate HTTP/1.1" 200 -
2025-09-17 09:43:49,630 - Review.reviews.edwp_review - INFO - Starting EDWP review calculation
2025-09-17 09:43:49,630 - werkzeug - INFO - 127.0.0.1 - - [17/Sep/2025 09:43:49] "GET /task-status/0851ab46-5c9d-469d-a2f2-e909a5cd65da HTTP/1.1" 200 -
2025-09-17 09:43:51,645 - werkzeug - INFO - 127.0.0.1 - - [17/Sep/2025 09:43:51] "GET /task-status/0851ab46-5c9d-469d-a2f2-e909a5cd65da HTTP/1.1" 200 -
2025-09-17 09:43:53,650 - werkzeug - INFO - 127.0.0.1 - - [17/Sep/2025 09:43:53] "GET /task-status/0851ab46-5c9d-469d-a2f2-e909a5cd65da HTTP/1.1" 200 -
2025-09-17 09:43:54,940 - Review.reviews.edwp_review - INFO - 
EDWP Selection Summary:
2025-09-17 09:43:54,945 - Review.reviews.edwp_review - INFO - Total companies selected: 1579
2025-09-17 09:43:54,945 - Review.reviews.edwp_review - INFO - Total FFMC covered: 88.85%
2025-09-17 09:43:54,970 - Review.reviews.edwp_review - INFO - 
DEUP Selection Summary:
2025-09-17 09:43:54,970 - Review.reviews.edwp_review - INFO - Total companies selected: 436
2025-09-17 09:43:54,972 - Review.reviews.edwp_review - INFO - Total FFMC covered: 88.55%
2025-09-17 09:43:54,990 - Review.reviews.edwp_review - INFO - 
DEZP Selection Summary:
2025-09-17 09:43:54,992 - Review.reviews.edwp_review - INFO - Total companies selected: 179
2025-09-17 09:43:54,992 - Review.reviews.edwp_review - INFO - Total FFMC covered: 88.05%
2025-09-17 09:43:55,003 - Review.reviews.edwp_review - INFO - 
DAPPR Selection Summary:
2025-09-17 09:43:55,010 - Review.reviews.edwp_review - INFO - Total companies selected: 505
2025-09-17 09:43:55,012 - Review.reviews.edwp_review - INFO - Total FFMC covered: 85.85%
2025-09-17 09:43:55,022 - Review.reviews.edwp_review - INFO - 
DNAP Selection Summary:
2025-09-17 09:43:55,022 - Review.reviews.edwp_review - INFO - Total companies selected: 459
2025-09-17 09:43:55,026 - Review.reviews.edwp_review - INFO - Total FFMC covered: 85.81%
2025-09-17 09:43:55,040 - Review.reviews.edwp_review - INFO - 
DASP Selection Summary:
2025-09-17 09:43:55,043 - Review.reviews.edwp_review - INFO - Total companies selected: 402
2025-09-17 09:43:55,044 - Review.reviews.edwp_review - INFO - Total FFMC covered: 85.55%
2025-09-17 09:43:55,050 - Review.reviews.edwp_review - INFO - 
DPAP Selection Summary:
2025-09-17 09:43:55,055 - Review.reviews.edwp_review - INFO - Total companies selected: 97
2025-09-17 09:43:55,056 - Review.reviews.edwp_review - INFO - Total FFMC covered: 86.05%
2025-09-17 09:43:55,067 - Review.reviews.edwp_review - INFO - 
EUSP Selection Summary:
2025-09-17 09:43:55,067 - Review.reviews.edwp_review - INFO - Total companies selected: 363
2025-09-17 09:43:55,068 - Review.reviews.edwp_review - INFO - Total FFMC covered: 85.03%
2025-09-17 09:43:55,076 - Review.reviews.edwp_review - INFO - 
EJPP Selection Summary:
2025-09-17 09:43:55,077 - Review.reviews.edwp_review - INFO - Total companies selected: 342
2025-09-17 09:43:55,078 - Review.reviews.edwp_review - INFO - Total FFMC covered: 85.01%
2025-09-17 09:43:55,082 - Review.reviews.edwp_review - INFO - 
ECHP Selection Summary:
2025-09-17 09:43:55,083 - Review.reviews.edwp_review - INFO - Total companies selected: 25
2025-09-17 09:43:55,084 - Review.reviews.edwp_review - INFO - Total FFMC covered: 85.01%
2025-09-17 09:43:55,090 - Review.reviews.edwp_review - INFO - 
EUKP Selection Summary:
2025-09-17 09:43:55,090 - Review.reviews.edwp_review - INFO - Total companies selected: 78
2025-09-17 09:43:55,091 - Review.reviews.edwp_review - INFO - Total FFMC covered: 85.03%
2025-09-17 09:43:55,096 - Review.reviews.edwp_review - INFO - 
CANP Selection Summary:
2025-09-17 09:43:55,097 - Review.reviews.edwp_review - INFO - Total companies selected: 74
2025-09-17 09:43:55,098 - Review.reviews.edwp_review - INFO - Total FFMC covered: 85.16%
2025-09-17 09:43:55,103 - Review.reviews.edwp_review - INFO - 
Global Selection Summary:
2025-09-17 09:43:55,103 - Review.reviews.edwp_review - INFO - Total companies selected: 1579
2025-09-17 09:43:55,107 - Review.reviews.edwp_review - INFO - Total FFMC covered: 88.85%
2025-09-17 09:43:55,110 - Review.reviews.edwp_review - INFO - 
MIC-level Summary:
2025-09-17 09:43:55,111 - Review.reviews.edwp_review - INFO -       ISIN          FFMC  EDWP_selection
MIC                                     
ALXP     1  9.883261e+08               0
BATS     1  2.199535e+10               1
DSME     1  1.942100e+07               0
FSME     2  4.560935e+08               0
MERK     2  2.434286e+08               0
MTAA   241  6.503120e+11              25
NEOE     1  4.880961e+07               0
SSME    16  5.302860e+09               0
WBAH    29  7.279940e+10               8
XAMS    81  1.180809e+12              18
XASE     3  7.511585e+09               0
XASX   895  1.501878e+12              77
XBRU    64  2.218685e+11              15
XCSE    98  3.906898e+11              15
XESM     2  1.791636e+09               0
XETR   231  1.834892e+12              32
XHEL   131  2.273515e+11              16
XHKG   266  5.355683e+11              24
XLIS    17  4.001595e+10               5
XLON   831  2.473792e+12              78
XMAD    97  6.461406e+11              13
XMSM    13  5.930509e+10               5
XNCM    34  9.657971e+10               0
XNGM    61  1.481313e+09               0
XNGS  2560  2.783051e+13             180
XNMS    63  1.747475e+11               2
XNYS  1715  2.615317e+13             364
XNZE    54  5.744470e+10              15
XOSL   226  1.828346e+11              39
XPAR   348  1.965676e+12              30
XSES   144  3.156131e+11              26
XSTO   606  7.184752e+11              73
XSWX   158  1.679296e+12              27
XTAE   285  2.310484e+11              75
XTKS  3667  5.319129e+12             342
XTSE   495  2.317030e+12              74
2025-09-17 09:43:55,122 - Review.reviews.edwp_review - INFO - Saving output to: C:\Users\CSonneveld\OneDrive - Euronext\Documents\Projects\GUI + Reviews\output\EDWP_df_20250917_094355.xlsx
2025-09-17 09:43:55,206 - Review.reviews.edwp_review - INFO - 
EDWP Changes Summary:
2025-09-17 09:43:55,207 - Review.reviews.edwp_review - INFO - Inclusions: 97
2025-09-17 09:43:55,207 - Review.reviews.edwp_review - INFO - Exclusions: 57
2025-09-17 09:43:55,228 - Review.reviews.edwp_review - INFO - 
DEUP Changes Summary:
2025-09-17 09:43:55,228 - Review.reviews.edwp_review - INFO - Inclusions: 16
2025-09-17 09:43:55,229 - Review.reviews.edwp_review - INFO - Exclusions: 15
2025-09-17 09:43:55,240 - Review.reviews.edwp_review - INFO - 
DEZP Changes Summary:
2025-09-17 09:43:55,240 - Review.reviews.edwp_review - INFO - Inclusions: 8
2025-09-17 09:43:55,240 - Review.reviews.edwp_review - INFO - Exclusions: 7
2025-09-17 09:43:55,263 - Review.reviews.edwp_review - INFO - 
DAPPR Changes Summary:
2025-09-17 09:43:55,263 - Review.reviews.edwp_review - INFO - Inclusions: 25
2025-09-17 09:43:55,263 - Review.reviews.edwp_review - INFO - Exclusions: 10
2025-09-17 09:43:55,285 - Review.reviews.edwp_review - INFO - 
DNAP Changes Summary:
2025-09-17 09:43:55,285 - Review.reviews.edwp_review - INFO - Inclusions: 25
2025-09-17 09:43:55,285 - Review.reviews.edwp_review - INFO - Exclusions: 17
2025-09-17 09:43:55,302 - Review.reviews.edwp_review - INFO - 
DASP Changes Summary:
2025-09-17 09:43:55,302 - Review.reviews.edwp_review - INFO - Inclusions: 20
2025-09-17 09:43:55,302 - Review.reviews.edwp_review - INFO - Exclusions: 8
2025-09-17 09:43:55,317 - Review.reviews.edwp_review - INFO - 
DPAP Changes Summary:
2025-09-17 09:43:55,317 - Review.reviews.edwp_review - INFO - Inclusions: 5
2025-09-17 09:43:55,317 - Review.reviews.edwp_review - INFO - Exclusions: 1
2025-09-17 09:43:55,330 - Review.reviews.edwp_review - INFO - 
EUSP Changes Summary:
2025-09-17 09:43:55,330 - Review.reviews.edwp_review - INFO - Inclusions: 18
2025-09-17 09:43:55,330 - Review.reviews.edwp_review - INFO - Exclusions: 17
2025-09-17 09:43:55,353 - Review.reviews.edwp_review - INFO - 
EJPP Changes Summary:
2025-09-17 09:43:55,353 - Review.reviews.edwp_review - INFO - Inclusions: 12
2025-09-17 09:43:55,353 - Review.reviews.edwp_review - INFO - Exclusions: 8
2025-09-17 09:43:55,360 - Review.reviews.edwp_review - INFO - 
ECHP Changes Summary:
2025-09-17 09:43:55,360 - Review.reviews.edwp_review - INFO - Inclusions: 2
2025-09-17 09:43:55,360 - Review.reviews.edwp_review - INFO - Exclusions: 3
2025-09-17 09:43:55,370 - Review.reviews.edwp_review - INFO - 
EUKP Changes Summary:
2025-09-17 09:43:55,370 - Review.reviews.edwp_review - INFO - Inclusions: 2
2025-09-17 09:43:55,370 - Review.reviews.edwp_review - INFO - Exclusions: 6
2025-09-17 09:43:55,379 - Review.reviews.edwp_review - INFO - 
CANP Changes Summary:
2025-09-17 09:43:55,379 - Review.reviews.edwp_review - INFO - Inclusions: 5
2025-09-17 09:43:55,379 - Review.reviews.edwp_review - INFO - Exclusions: 1
2025-09-17 09:43:55,712 - werkzeug - INFO - 127.0.0.1 - - [17/Sep/2025 09:43:55] "GET /task-status/0851ab46-5c9d-469d-a2f2-e909a5cd65da HTTP/1.1" 200 -
2025-09-17 09:43:57,746 - werkzeug - INFO - 127.0.0.1 - - [17/Sep/2025 09:43:57] "GET /task-status/0851ab46-5c9d-469d-a2f2-e909a5cd65da HTTP/1.1" 200 -
2025-09-17 09:43:59,348 - Review.reviews.edwp_review - INFO - Saving individual composition file for EDWP to: C:\Users\CSonneveld\OneDrive - Euronext\Documents\Projects\GUI + Reviews\output\EDWP_Composition_20250917_094355.xlsx
2025-09-17 09:43:59,471 - Review.reviews.edwp_review - INFO - Saving individual composition file for DEUP to: C:\Users\CSonneveld\OneDrive - Euronext\Documents\Projects\GUI + Reviews\output\DEUP_Composition_20250917_094355.xlsx
2025-09-17 09:43:59,497 - Review.reviews.edwp_review - INFO - Saving individual composition file for DEZP to: C:\Users\CSonneveld\OneDrive - Euronext\Documents\Projects\GUI + Reviews\output\DEZP_Composition_20250917_094355.xlsx
2025-09-17 09:43:59,518 - Review.reviews.edwp_review - INFO - Saving individual composition file for DAPPR to: C:\Users\CSonneveld\OneDrive - Euronext\Documents\Projects\GUI + Reviews\output\DAPPR_Composition_20250917_094355.xlsx
2025-09-17 09:43:59,564 - Review.reviews.edwp_review - INFO - Saving individual composition file for DNAP to: C:\Users\CSonneveld\OneDrive - Euronext\Documents\Projects\GUI + Reviews\output\DNAP_Composition_20250917_094355.xlsx
2025-09-17 09:43:59,596 - Review.reviews.edwp_review - INFO - Saving individual composition file for DASP to: C:\Users\CSonneveld\OneDrive - Euronext\Documents\Projects\GUI + Reviews\output\DASP_Composition_20250917_094355.xlsx
2025-09-17 09:43:59,630 - Review.reviews.edwp_review - INFO - Saving individual composition file for DPAP to: C:\Users\CSonneveld\OneDrive - Euronext\Documents\Projects\GUI + Reviews\output\DPAP_Composition_20250917_094355.xlsx
2025-09-17 09:43:59,648 - werkzeug - INFO - 127.0.0.1 - - [17/Sep/2025 09:43:59] "GET /task-status/0851ab46-5c9d-469d-a2f2-e909a5cd65da HTTP/1.1" 200 -
2025-09-17 09:43:59,650 - Review.reviews.edwp_review - INFO - Saving individual composition file for EUSP to: C:\Users\CSonneveld\OneDrive - Euronext\Documents\Projects\GUI + Reviews\output\EUSP_Composition_20250917_094355.xlsx
2025-09-17 09:43:59,679 - Review.reviews.edwp_review - INFO - Saving individual composition file for EJPP to: C:\Users\CSonneveld\OneDrive - Euronext\Documents\Projects\GUI + Reviews\output\EJPP_Composition_20250917_094355.xlsx
2025-09-17 09:43:59,703 - Review.reviews.edwp_review - INFO - Saving individual composition file for ECHP to: C:\Users\CSonneveld\OneDrive - Euronext\Documents\Projects\GUI + Reviews\output\ECHP_Composition_20250917_094355.xlsx
2025-09-17 09:43:59,713 - Review.reviews.edwp_review - INFO - Saving individual composition file for EUKP to: C:\Users\CSonneveld\OneDrive - Euronext\Documents\Projects\GUI + Reviews\output\EUKP_Composition_20250917_094355.xlsx
2025-09-17 09:43:59,740 - Review.reviews.edwp_review - INFO - Saving individual composition file for CANP to: C:\Users\CSonneveld\OneDrive - Euronext\Documents\Projects\GUI + Reviews\output\CANP_Composition_20250917_094355.xlsx
2025-09-17 09:43:59,761 - Review.reviews.edwp_review - INFO - Individual composition files saved: 12
2025-09-17 09:44:01,646 - werkzeug - INFO - 127.0.0.1 - - [17/Sep/2025 09:44:01] "GET /task-status/0851ab46-5c9d-469d-a2f2-e909a5cd65da HTTP/1.1" 200 -
2025-09-17 09:44:23,535 - werkzeug - INFO - 127.0.0.1 - - [17/Sep/2025 09:44:23] "POST /calculate HTTP/1.1" 200 -
2025-09-17 09:44:23,535 - Review.reviews.edwpt_review - INFO - Starting EDWPT review calculation
2025-09-17 09:44:23,550 - werkzeug - INFO - 127.0.0.1 - - [17/Sep/2025 09:44:23] "GET /task-status/da69303f-1eb5-4b64-b63a-84f4fa9886e6 HTTP/1.1" 200 -
2025-09-17 09:44:25,563 - werkzeug - INFO - 127.0.0.1 - - [17/Sep/2025 09:44:25] "GET /task-status/da69303f-1eb5-4b64-b63a-84f4fa9886e6 HTTP/1.1" 200 -
2025-09-17 09:44:27,552 - werkzeug - INFO - 127.0.0.1 - - [17/Sep/2025 09:44:27] "GET /task-status/da69303f-1eb5-4b64-b63a-84f4fa9886e6 HTTP/1.1" 200 -
2025-09-17 09:44:28,855 - Review.reviews.edwpt_review - INFO - 
EDWPT Selection Summary:
2025-09-17 09:44:28,856 - Review.reviews.edwpt_review - INFO - Total companies selected: 5397
2025-09-17 09:44:28,858 - Review.reviews.edwpt_review - INFO - Total FFMC covered: 98.84%
2025-09-17 09:44:28,883 - Review.reviews.edwpt_review - INFO - 
DEUPT Selection Summary:
2025-09-17 09:44:28,883 - Review.reviews.edwpt_review - INFO - Total companies selected: 1294
2025-09-17 09:44:28,884 - Review.reviews.edwpt_review - INFO - Total FFMC covered: 98.66%
2025-09-17 09:44:28,908 - Review.reviews.edwpt_review - INFO - 
DEZPT Selection Summary:
2025-09-17 09:44:28,908 - Review.reviews.edwpt_review - INFO - Total companies selected: 502
2025-09-17 09:44:28,909 - Review.reviews.edwpt_review - INFO - Total FFMC covered: 98.47%
2025-09-17 09:44:28,924 - Review.reviews.edwpt_review - INFO - 
DAPPT Selection Summary:
2025-09-17 09:44:28,925 - Review.reviews.edwpt_review - INFO - Total companies selected: 1940
2025-09-17 09:44:28,926 - Review.reviews.edwpt_review - INFO - Total FFMC covered: 98.11%
2025-09-17 09:44:28,937 - Review.reviews.edwpt_review - INFO - 
DNAPT Selection Summary:
2025-09-17 09:44:28,938 - Review.reviews.edwpt_review - INFO - Total companies selected: 1694
2025-09-17 09:44:28,939 - Review.reviews.edwpt_review - INFO - Total FFMC covered: 98.17%
2025-09-17 09:44:28,951 - Review.reviews.edwpt_review - INFO - 
DASPT Selection Summary:
2025-09-17 09:44:28,953 - Review.reviews.edwpt_review - INFO - Total companies selected: 1598
2025-09-17 09:44:28,953 - Review.reviews.edwpt_review - INFO - Total FFMC covered: 98.09%
2025-09-17 09:44:28,960 - Review.reviews.edwpt_review - INFO - 
DPAPT Selection Summary:
2025-09-17 09:44:28,960 - Review.reviews.edwpt_review - INFO - Total companies selected: 331
2025-09-17 09:44:28,961 - Review.reviews.edwpt_review - INFO - Total FFMC covered: 98.06%
2025-09-17 09:44:28,970 - Review.reviews.edwpt_review - INFO - 
EUSPT Selection Summary:
2025-09-17 09:44:28,971 - Review.reviews.edwpt_review - INFO - Total companies selected: 1418
2025-09-17 09:44:28,972 - Review.reviews.edwpt_review - INFO - Total FFMC covered: 98.00%
2025-09-17 09:44:28,981 - Review.reviews.edwpt_review - INFO - 
EJPPT Selection Summary:
2025-09-17 09:44:28,982 - Review.reviews.edwpt_review - INFO - Total companies selected: 1413
2025-09-17 09:44:28,983 - Review.reviews.edwpt_review - INFO - Total FFMC covered: 98.00%
2025-09-17 09:44:28,988 - Review.reviews.edwpt_review - INFO - 
ECHPT Selection Summary:
2025-09-17 09:44:28,988 - Review.reviews.edwpt_review - INFO - Total companies selected: 79
2025-09-17 09:44:28,989 - Review.reviews.edwpt_review - INFO - Total FFMC covered: 98.06%
2025-09-17 09:44:28,994 - Review.reviews.edwpt_review - INFO - 
EUKPT Selection Summary:
2025-09-17 09:44:28,994 - Review.reviews.edwpt_review - INFO - Total companies selected: 278
2025-09-17 09:44:28,995 - Review.reviews.edwpt_review - INFO - Total FFMC covered: 98.01%
2025-09-17 09:44:29,000 - Review.reviews.edwpt_review - INFO - 
CANPT Selection Summary:
2025-09-17 09:44:29,001 - Review.reviews.edwpt_review - INFO - Total companies selected: 225
2025-09-17 09:44:29,002 - Review.reviews.edwpt_review - INFO - Total FFMC covered: 98.02%
2025-09-17 09:44:29,009 - Review.reviews.edwpt_review - INFO - 
Global Selection Summary:
2025-09-17 09:44:29,010 - Review.reviews.edwpt_review - INFO - Total companies selected: 5397
2025-09-17 09:44:29,011 - Review.reviews.edwpt_review - INFO - Total FFMC covered: 98.84%
2025-09-17 09:44:29,013 - Review.reviews.edwpt_review - INFO - 
MIC-level Summary:
2025-09-17 09:44:29,013 - Review.reviews.edwpt_review - INFO -       ISIN          FFMC  EDWPT_selection
MIC                                      
ALXP     1  9.883261e+08                1
BATS     1  2.199535e+10                1
DSME     1  1.942100e+07                0
FSME     2  4.560935e+08                2
MERK     2  2.434286e+08                2
MTAA   241  6.503120e+11               80
NEOE     1  4.880961e+07                0
SSME    16  5.302860e+09               14
WBAH    29  7.279940e+10               19
XAMS    81  1.180809e+12               47
XASE     3  7.511585e+09                3
XASX   895  1.501878e+12              291
XBRU    64  2.218685e+11               35
XCSE    98  3.906898e+11               36
XESM     2  1.791636e+09                2
XETR   231  1.834892e+12              102
XHEL   131  2.273515e+11               49
XHKG   266  5.355683e+11               85
XLIS    17  4.001595e+10               12
XLON   831  2.473792e+12              278
XMAD    97  6.461406e+11               43
XMSM    13  5.930509e+10               10
XNCM    34  9.657971e+10               30
XNGM    61  1.481313e+09                4
XNGS  2560  2.783051e+13              672
XNMS    63  1.747475e+11               60
XNYS  1715  2.615317e+13             1093
XNZE    54  5.744470e+10               36
XOSL   226  1.828346e+11              111
XPAR   348  1.965676e+12               94
XSES   144  3.156131e+11               75
XSTO   606  7.184752e+11              209
XSWX   158  1.679296e+12               93
XTAE   285  2.310484e+11              170
XTKS  3667  5.319129e+12             1413
XTSE   495  2.317030e+12              225
2025-09-17 09:44:29,036 - Review.reviews.edwpt_review - INFO - Saving main output to: C:\Users\CSonneveld\OneDrive - Euronext\Documents\Projects\GUI + Reviews\output\EDWPT_df_20250917_094429.xlsx
2025-09-17 09:44:29,250 - Review.reviews.edwpt_review - INFO - 
EDWPT Changes Summary:
2025-09-17 09:44:29,251 - Review.reviews.edwpt_review - INFO - Inclusions: 266
2025-09-17 09:44:29,251 - Review.reviews.edwpt_review - INFO - Exclusions: 119
2025-09-17 09:44:29,297 - Review.reviews.edwpt_review - INFO - 
DEUPT Changes Summary:
2025-09-17 09:44:29,297 - Review.reviews.edwpt_review - INFO - Inclusions: 57
2025-09-17 09:44:29,297 - Review.reviews.edwpt_review - INFO - Exclusions: 38
2025-09-17 09:44:29,318 - Review.reviews.edwpt_review - INFO - 
DEZPT Changes Summary:
2025-09-17 09:44:29,318 - Review.reviews.edwpt_review - INFO - Inclusions: 22
2025-09-17 09:44:29,318 - Review.reviews.edwpt_review - INFO - Exclusions: 15
2025-09-17 09:44:29,380 - Review.reviews.edwpt_review - INFO - 
DAPPT Changes Summary:
2025-09-17 09:44:29,380 - Review.reviews.edwpt_review - INFO - Inclusions: 89
2025-09-17 09:44:29,395 - Review.reviews.edwpt_review - INFO - Exclusions: 40
2025-09-17 09:44:29,458 - Review.reviews.edwpt_review - INFO - 
DNAPT Changes Summary:
2025-09-17 09:44:29,458 - Review.reviews.edwpt_review - INFO - Inclusions: 89
2025-09-17 09:44:29,458 - Review.reviews.edwpt_review - INFO - Exclusions: 31
2025-09-17 09:44:29,513 - Review.reviews.edwpt_review - INFO - 
DASPT Changes Summary:
2025-09-17 09:44:29,513 - Review.reviews.edwpt_review - INFO - Inclusions: 74
2025-09-17 09:44:29,513 - Review.reviews.edwpt_review - INFO - Exclusions: 28
2025-09-17 09:44:29,533 - Review.reviews.edwpt_review - INFO - 
DPAPT Changes Summary:
2025-09-17 09:44:29,533 - Review.reviews.edwpt_review - INFO - Inclusions: 26
2025-09-17 09:44:29,534 - Review.reviews.edwpt_review - INFO - Exclusions: 8
2025-09-17 09:44:29,582 - werkzeug - INFO - 127.0.0.1 - - [17/Sep/2025 09:44:29] "GET /task-status/da69303f-1eb5-4b64-b63a-84f4fa9886e6 HTTP/1.1" 200 -
2025-09-17 09:44:29,590 - Review.reviews.edwpt_review - INFO - 
EUSPT Changes Summary:
2025-09-17 09:44:29,590 - Review.reviews.edwpt_review - INFO - Inclusions: 75
2025-09-17 09:44:29,590 - Review.reviews.edwpt_review - INFO - Exclusions: 37
2025-09-17 09:44:29,679 - Review.reviews.edwpt_review - INFO - 
EJPPT Changes Summary:
2025-09-17 09:44:29,679 - Review.reviews.edwpt_review - INFO - Inclusions: 46
2025-09-17 09:44:29,679 - Review.reviews.edwpt_review - INFO - Exclusions: 27
2025-09-17 09:44:29,688 - Review.reviews.edwpt_review - INFO - 
ECHPT Changes Summary:
2025-09-17 09:44:29,688 - Review.reviews.edwpt_review - INFO - Inclusions: 1
2025-09-17 09:44:29,688 - Review.reviews.edwpt_review - INFO - Exclusions: 1
2025-09-17 09:44:29,702 - Review.reviews.edwpt_review - INFO - 
EUKPT Changes Summary:
2025-09-17 09:44:29,702 - Review.reviews.edwpt_review - INFO - Inclusions: 12
2025-09-17 09:44:29,702 - Review.reviews.edwpt_review - INFO - Exclusions: 13
2025-09-17 09:44:29,719 - Review.reviews.edwpt_review - INFO - 
CANPT Changes Summary:
2025-09-17 09:44:29,719 - Review.reviews.edwpt_review - INFO - Inclusions: 14
2025-09-17 09:44:29,720 - Review.reviews.edwpt_review - INFO - Exclusions: 2
2025-09-17 09:44:31,595 - werkzeug - INFO - 127.0.0.1 - - [17/Sep/2025 09:44:31] "GET /task-status/da69303f-1eb5-4b64-b63a-84f4fa9886e6 HTTP/1.1" 200 -
2025-09-17 09:44:33,564 - werkzeug - INFO - 127.0.0.1 - - [17/Sep/2025 09:44:33] "GET /task-status/da69303f-1eb5-4b64-b63a-84f4fa9886e6 HTTP/1.1" 200 -
2025-09-17 09:44:34,055 - Review.reviews.edwpt_review - INFO - Saving individual composition file for EDWPT to: C:\Users\CSonneveld\OneDrive - Euronext\Documents\Projects\GUI + Reviews\output\EDWPT_Composition_20250917_094429.xlsx
2025-09-17 09:44:34,367 - Review.reviews.edwpt_review - INFO - Saving individual composition file for DEUPT to: C:\Users\CSonneveld\OneDrive - Euronext\Documents\Projects\GUI + Reviews\output\DEUPT_Composition_20250917_094429.xlsx
2025-09-17 09:44:34,451 - Review.reviews.edwpt_review - INFO - Saving individual composition file for DEZPT to: C:\Users\CSonneveld\OneDrive - Euronext\Documents\Projects\GUI + Reviews\output\DEZPT_Composition_20250917_094429.xlsx
2025-09-17 09:44:34,490 - Review.reviews.edwpt_review - INFO - Saving individual composition file for DAPPT to: C:\Users\CSonneveld\OneDrive - Euronext\Documents\Projects\GUI + Reviews\output\DAPPT_Composition_20250917_094429.xlsx
2025-09-17 09:44:34,604 - Review.reviews.edwpt_review - INFO - Saving individual composition file for DNAPT to: C:\Users\CSonneveld\OneDrive - Euronext\Documents\Projects\GUI + Reviews\output\DNAPT_Composition_20250917_094429.xlsx
2025-09-17 09:44:34,732 - Review.reviews.edwpt_review - INFO - Saving individual composition file for DASPT to: C:\Users\CSonneveld\OneDrive - Euronext\Documents\Projects\GUI + Reviews\output\DASPT_Composition_20250917_094429.xlsx
2025-09-17 09:44:34,830 - Review.reviews.edwpt_review - INFO - Saving individual composition file for DPAPT to: C:\Users\CSonneveld\OneDrive - Euronext\Documents\Projects\GUI + Reviews\output\DPAPT_Composition_20250917_094429.xlsx
2025-09-17 09:44:34,859 - Review.reviews.edwpt_review - INFO - Saving individual composition file for EUSPT to: C:\Users\CSonneveld\OneDrive - Euronext\Documents\Projects\GUI + Reviews\output\EUSPT_Composition_20250917_094429.xlsx
2025-09-17 09:44:34,945 - Review.reviews.edwpt_review - INFO - Saving individual composition file for EJPPT to: C:\Users\CSonneveld\OneDrive - Euronext\Documents\Projects\GUI + Reviews\output\EJPPT_Composition_20250917_094429.xlsx
2025-09-17 09:44:35,031 - Review.reviews.edwpt_review - INFO - Saving individual composition file for ECHPT to: C:\Users\CSonneveld\OneDrive - Euronext\Documents\Projects\GUI + Reviews\output\ECHPT_Composition_20250917_094429.xlsx
2025-09-17 09:44:35,046 - Review.reviews.edwpt_review - INFO - Saving individual composition file for EUKPT to: C:\Users\CSonneveld\OneDrive - Euronext\Documents\Projects\GUI + Reviews\output\EUKPT_Composition_20250917_094429.xlsx
2025-09-17 09:44:35,072 - Review.reviews.edwpt_review - INFO - Saving individual composition file for CANPT to: C:\Users\CSonneveld\OneDrive - Euronext\Documents\Projects\GUI + Reviews\output\CANPT_Composition_20250917_094429.xlsx
2025-09-17 09:44:35,100 - Review.reviews.edwpt_review - INFO - Main file successfully saved to: C:\Users\CSonneveld\OneDrive - Euronext\Documents\Projects\GUI + Reviews\output\EDWPT_df_20250917_094429.xlsx
2025-09-17 09:44:35,100 - Review.reviews.edwpt_review - INFO - Individual composition files saved: 12
2025-09-17 09:44:35,550 - werkzeug - INFO - 127.0.0.1 - - [17/Sep/2025 09:44:35] "GET /task-status/da69303f-1eb5-4b64-b63a-84f4fa9886e6 HTTP/1.1" 200 -
