2025-12-05 16:26:44,529 - werkzeug - WARNING -  * Debugger is active!
2025-12-05 16:26:44,531 - werkzeug - INFO -  * Debugger PIN: 691-175-853
2025-12-05 16:26:44,566 - werkzeug - INFO - 127.0.0.1 - - [05/Dec/2025 16:26:44] "POST /calculate HTTP/1.1" 200 -
2025-12-05 16:26:44,568 - Review.reviews.sbf80_review - INFO - Loading EOD data...
2025-12-05 16:26:44,569 - werkzeug - INFO - 127.0.0.1 - - [05/Dec/2025 16:26:44] "GET /task-status/64ff0e7d-00c6-41d6-ad0d-5fe9f00f3da3 HTTP/1.1" 200 -
2025-12-05 16:26:46,578 - werkzeug - INFO - 127.0.0.1 - - [05/Dec/2025 16:26:46] "GET /task-status/64ff0e7d-00c6-41d6-ad0d-5fe9f00f3da3 HTTP/1.1" 200 -
2025-12-05 16:26:46,696 - Review.reviews.sbf80_review - INFO - Loading reference data...
2025-12-05 16:26:48,025 - Review.reviews.sbf80_review - INFO - Initial selection_df shape: (120, 6)
2025-12-05 16:26:48,060 - Review.reviews.sbf80_review - INFO - After merges, selection_df shape: (120, 12)
2025-12-05 16:26:48,061 - Review.reviews.sbf80_review - INFO - After reset_index, selection_df shape: (120, 12)
2025-12-05 16:26:48,061 - Review.reviews.sbf80_review - INFO - Before final calculations, selection_df shape: (120, 12)
2025-12-05 16:26:48,063 - Review.reviews.sbf80_review - ERROR - Error during review calculation: arg must be a list, tuple, 1-d array, or Series
2025-12-05 16:26:48,064 - Review.reviews.sbf80_review - ERROR - Traceback (most recent call last):
  File "C:\Users\CSonneveld\OneDrive - Euronext\Documents\Projects\GUI + Reviews\Review\reviews\sbf80_review.py", line 208, in run_sbf80_review
    selection_df['Free Float Original'] = pd.to_numeric(selection_df['Free Float Original'], errors='coerce')
                                          ^^^^^^^^^^^^^^^^^^^^^^^^^^^^^^^^^^^^^^^^^^^^^^^^^^^^^^^^^^^^^^^^^^^
  File "C:\Users\CSonneveld\AppData\Roaming\Python\Python312\site-packages\pandas\core\tools\numeric.py", line 206, in to_numeric
    raise TypeError("arg must be a list, tuple, 1-d array, or Series")
TypeError: arg must be a list, tuple, 1-d array, or Series

2025-12-05 16:26:48,571 - werkzeug - INFO - 127.0.0.1 - - [05/Dec/2025 16:26:48] "GET /task-status/64ff0e7d-00c6-41d6-ad0d-5fe9f00f3da3 HTTP/1.1" 200 -
2025-12-05 16:28:20,110 - werkzeug - INFO -  * Detected change in 'C:\\Users\\CSonneveld\\OneDrive - Euronext\\Documents\\Projects\\GUI + Reviews\\Review\\reviews\\sbf80_review.py', reloading
2025-12-05 16:28:20,112 - werkzeug - INFO -  * Detected change in 'C:\\Users\\CSonneveld\\OneDrive - Euronext\\Documents\\Projects\\GUI + Reviews\\Review\\reviews\\sbf80_review.py', reloading
2025-12-05 16:28:20,112 - werkzeug - INFO -  * Detected change in 'C:\\Users\\CSonneveld\\OneDrive - Euronext\\Documents\\Projects\\GUI + Reviews\\Review\\reviews\\sbf80_review.py', reloading
