2025-12-04 10:13:25,181 - werkzeug - WARNING -  * Debugger is active!
2025-12-04 10:13:25,183 - werkzeug - INFO -  * Debugger PIN: 691-175-853
2025-12-04 10:13:25,207 - werkzeug - INFO - 127.0.0.1 - - [04/Dec/2025 10:13:25] "GET /task-status/a8db7ccc-66c2-4e5e-bec2-a1c9c64f0d8b HTTP/1.1" 200 -
2025-12-04 10:13:27,049 - werkzeug - INFO - 127.0.0.1 - - [04/Dec/2025 10:13:27] "POST /calculate HTTP/1.1" 200 -
2025-12-04 10:13:27,049 - Review.reviews.eusl_review - INFO - Starting EUSL review calculation
2025-12-04 10:13:27,049 - werkzeug - INFO - 127.0.0.1 - - [04/Dec/2025 10:13:27] "GET /task-status/0c738706-5a70-4136-84ec-945654e54ce7 HTTP/1.1" 200 -
2025-12-04 10:13:28,598 - Review.reviews.eusl_review - ERROR - Error during review calculation: Failed to load required reference data files
2025-12-04 10:13:28,598 - Review.reviews.eusl_review - ERROR - Traceback (most recent call last):
  File "C:\Users\CSonneveld\OneDrive - Euronext\Documents\Projects\GUI + Reviews\Review\reviews\eusl_review.py", line 64, in run_eusl_review
    raise ValueError("Failed to load required reference data files")
ValueError: Failed to load required reference data files

2025-12-04 10:13:29,051 - werkzeug - INFO - 127.0.0.1 - - [04/Dec/2025 10:13:29] "GET /task-status/0c738706-5a70-4136-84ec-945654e54ce7 HTTP/1.1" 200 -
2025-12-04 10:13:29,848 - werkzeug - INFO - 127.0.0.1 - - [04/Dec/2025 10:13:29] "POST /calculate HTTP/1.1" 200 -
2025-12-04 10:13:29,852 - Review.reviews.eusl_review - INFO - Starting EUSL review calculation
2025-12-04 10:13:29,855 - werkzeug - INFO - 127.0.0.1 - - [04/Dec/2025 10:13:29] "GET /task-status/f32bb7e5-6938-47d4-929e-de41bd523f01 HTTP/1.1" 200 -
2025-12-04 10:13:30,881 - Review.reviews.eusl_review - ERROR - Error during review calculation: Failed to load required reference data files
2025-12-04 10:13:30,881 - Review.reviews.eusl_review - ERROR - Traceback (most recent call last):
  File "C:\Users\CSonneveld\OneDrive - Euronext\Documents\Projects\GUI + Reviews\Review\reviews\eusl_review.py", line 64, in run_eusl_review
    raise ValueError("Failed to load required reference data files")
ValueError: Failed to load required reference data files

2025-12-04 10:13:31,867 - werkzeug - INFO - 127.0.0.1 - - [04/Dec/2025 10:13:31] "GET /task-status/f32bb7e5-6938-47d4-929e-de41bd523f01 HTTP/1.1" 200 -
2025-12-04 10:13:33,065 - werkzeug - INFO - 127.0.0.1 - - [04/Dec/2025 10:13:33] "POST /calculate HTTP/1.1" 200 -
2025-12-04 10:13:33,065 - Review.reviews.eusl_review - INFO - Starting EUSL review calculation
2025-12-04 10:13:33,065 - werkzeug - INFO - 127.0.0.1 - - [04/Dec/2025 10:13:33] "GET /task-status/e292793a-d397-43d5-b9de-42814fcf13b5 HTTP/1.1" 200 -
2025-12-04 10:13:34,231 - Review.reviews.eusl_review - ERROR - Error during review calculation: Failed to load required reference data files
2025-12-04 10:13:34,231 - Review.reviews.eusl_review - ERROR - Traceback (most recent call last):
  File "C:\Users\CSonneveld\OneDrive - Euronext\Documents\Projects\GUI + Reviews\Review\reviews\eusl_review.py", line 64, in run_eusl_review
    raise ValueError("Failed to load required reference data files")
ValueError: Failed to load required reference data files

2025-12-04 10:13:35,075 - werkzeug - INFO - 127.0.0.1 - - [04/Dec/2025 10:13:35] "GET /task-status/e292793a-d397-43d5-b9de-42814fcf13b5 HTTP/1.1" 200 -
2025-12-04 10:13:36,282 - werkzeug - INFO - 127.0.0.1 - - [04/Dec/2025 10:13:36] "POST /calculate HTTP/1.1" 200 -
2025-12-04 10:13:36,282 - Review.reviews.eusl_review - INFO - Starting EUSL review calculation
2025-12-04 10:13:36,282 - werkzeug - INFO - 127.0.0.1 - - [04/Dec/2025 10:13:36] "GET /task-status/7cb774e3-11c0-4938-8ce7-4142e5a407af HTTP/1.1" 200 -
2025-12-04 10:13:37,539 - Review.reviews.eusl_review - INFO - Found 0 existing companies in EUSL
2025-12-04 10:13:37,542 - Review.reviews.eusl_review - INFO - 
EUSL Selection Summary by Country:
2025-12-04 10:13:37,544 - Review.reviews.eusl_review - INFO - United States: 1048 total (0 existing, 1048 new)
2025-12-04 10:13:37,544 - Review.reviews.eusl_review - INFO - 
Overall EUSL Selection Summary:
2025-12-04 10:13:37,545 - Review.reviews.eusl_review - INFO - Total companies selected: 1048
2025-12-04 10:13:37,546 - Review.reviews.eusl_review - INFO -   - Existing companies selected: 0
2025-12-04 10:13:37,546 - Review.reviews.eusl_review - INFO -   - New companies selected: 1048
2025-12-04 10:13:37,548 - Review.reviews.eusl_review - INFO - Total FFMC covered: 13.03%
2025-12-04 10:13:37,548 - Review.reviews.eusl_review - INFO - 
Applying proportional capping
2025-12-04 10:13:37,549 - utils.capping_proportional - INFO - Starting proportional capping with max weight: 10.0%
2025-12-04 10:13:37,550 - utils.capping_proportional - INFO - Capping procedure converged after 0 iterations
2025-12-04 10:13:37,550 - utils.capping_proportional - INFO - Capping Summary:
2025-12-04 10:13:37,550 - utils.capping_proportional - INFO -   Total companies: 1048
2025-12-04 10:13:37,550 - utils.capping_proportional - INFO -   Companies capped: 0
2025-12-04 10:13:37,550 - utils.capping_proportional - INFO -   Weight sum after capping: 1.000000
2025-12-04 10:13:37,550 - utils.capping_proportional - INFO -   Max weight after capping: 0.002926
2025-12-04 10:13:37,555 - Review.reviews.eusl_review - INFO - 
EUSL Changes Summary:
2025-12-04 10:13:37,555 - Review.reviews.eusl_review - INFO - Inclusions: 1048
2025-12-04 10:13:37,555 - Review.reviews.eusl_review - INFO - Exclusions: 0
2025-12-04 10:13:37,557 - Review.reviews.eusl_review - INFO - Saving output to: C:\Users\CSonneveld\OneDrive - Euronext\Documents\Projects\GUI + Reviews\output\EUSL_Review_20251204_101337.xlsx
2025-12-04 10:13:37,898 - Review.reviews.eusl_review - INFO - File successfully saved to: C:\Users\CSonneveld\OneDrive - Euronext\Documents\Projects\GUI + Reviews\output\EUSL_Review_20251204_101337.xlsx
2025-12-04 10:13:38,298 - werkzeug - INFO - 127.0.0.1 - - [04/Dec/2025 10:13:38] "GET /task-status/7cb774e3-11c0-4938-8ce7-4142e5a407af HTTP/1.1" 200 -
2025-12-04 10:13:44,349 - werkzeug - INFO - 127.0.0.1 - - [04/Dec/2025 10:13:44] "POST /calculate HTTP/1.1" 200 -
2025-12-04 10:13:44,349 - Review.reviews.eusl_review - INFO - Starting EUSL review calculation
2025-12-04 10:13:44,349 - werkzeug - INFO - 127.0.0.1 - - [04/Dec/2025 10:13:44] "GET /task-status/ca4ace16-0a8f-4d77-ad56-97251921ac67 HTTP/1.1" 200 -
2025-12-04 10:13:45,663 - Review.reviews.eusl_review - INFO - Found 0 existing companies in EUSL
2025-12-04 10:13:45,664 - Review.reviews.eusl_review - INFO - 
EUSL Selection Summary by Country:
2025-12-04 10:13:45,664 - Review.reviews.eusl_review - INFO - United States: 1048 total (0 existing, 1048 new)
2025-12-04 10:13:45,664 - Review.reviews.eusl_review - INFO - 
Overall EUSL Selection Summary:
2025-12-04 10:13:45,664 - Review.reviews.eusl_review - INFO - Total companies selected: 1048
2025-12-04 10:13:45,664 - Review.reviews.eusl_review - INFO -   - Existing companies selected: 0
2025-12-04 10:13:45,670 - Review.reviews.eusl_review - INFO -   - New companies selected: 1048
2025-12-04 10:13:45,671 - Review.reviews.eusl_review - INFO - Total FFMC covered: 13.03%
2025-12-04 10:13:45,671 - Review.reviews.eusl_review - INFO - 
Applying proportional capping
2025-12-04 10:13:45,671 - utils.capping_proportional - INFO - Starting proportional capping with max weight: 10.0%
2025-12-04 10:13:45,672 - utils.capping_proportional - INFO - Capping procedure converged after 0 iterations
2025-12-04 10:13:45,673 - utils.capping_proportional - INFO - Capping Summary:
2025-12-04 10:13:45,673 - utils.capping_proportional - INFO -   Total companies: 1048
2025-12-04 10:13:45,673 - utils.capping_proportional - INFO -   Companies capped: 0
2025-12-04 10:13:45,673 - utils.capping_proportional - INFO -   Weight sum after capping: 1.000000
2025-12-04 10:13:45,673 - utils.capping_proportional - INFO -   Max weight after capping: 0.002926
2025-12-04 10:13:45,675 - Review.reviews.eusl_review - INFO - 
EUSL Changes Summary:
2025-12-04 10:13:45,681 - Review.reviews.eusl_review - INFO - Inclusions: 1048
2025-12-04 10:13:45,681 - Review.reviews.eusl_review - INFO - Exclusions: 0
2025-12-04 10:13:45,681 - Review.reviews.eusl_review - INFO - Saving output to: C:\Users\CSonneveld\OneDrive - Euronext\Documents\Projects\GUI + Reviews\output\EUSL_Review_20251204_101345.xlsx
2025-12-04 10:13:45,964 - Review.reviews.eusl_review - INFO - File successfully saved to: C:\Users\CSonneveld\OneDrive - Euronext\Documents\Projects\GUI + Reviews\output\EUSL_Review_20251204_101345.xlsx
2025-12-04 10:13:46,368 - werkzeug - INFO - 127.0.0.1 - - [04/Dec/2025 10:13:46] "GET /task-status/ca4ace16-0a8f-4d77-ad56-97251921ac67 HTTP/1.1" 200 -
2025-12-04 10:14:54,432 - werkzeug - INFO -  * Detected change in 'C:\\Users\\CSonneveld\\OneDrive - Euronext\\Documents\\Projects\\GUI + Reviews\\Review\\reviews\\ewms_review.py', reloading
2025-12-04 10:14:54,432 - werkzeug - INFO -  * Detected change in 'C:\\Users\\CSonneveld\\OneDrive - Euronext\\Documents\\Projects\\GUI + Reviews\\Review\\reviews\\ewms_review.py', reloading
