2025-04-11 15:41:31,531 - werkzeug - WARNING -  * Debugger is active!
2025-04-11 15:41:31,531 - werkzeug - INFO -  * Debugger PIN: 691-175-853
2025-04-11 15:41:33,008 - Review.reviews.lc1ep_review - INFO - Loading EOD data...
2025-04-11 15:41:33,582 - Review.reviews.lc1ep_review - INFO - Loading reference data...
2025-04-11 15:41:43,596 - Review.reviews.lc1ep_review - WARNING - Removed 18750 duplicate rows from cdp_climate_df
2025-04-11 15:41:43,601 - Review.reviews.lc1ep_review - INFO - Filtering universe for EZ300 companies...
2025-04-11 15:41:43,604 - Review.reviews.lc1ep_review - INFO - Universe size after EZ300 filter: 300
2025-04-11 15:41:43,605 - Review.reviews.lc1ep_review - INFO - Adding Free Float data...
2025-04-11 15:41:43,619 - Review.reviews.lc1ep_review - INFO - Adding ICB Subsector data...
2025-04-11 15:41:43,633 - Review.reviews.lc1ep_review - WARNING - Removed 9315 duplicate rows from ICB data
2025-04-11 15:41:43,758 - Review.reviews.lc1ep_review - INFO - Debug file saved to C:\Users\CSonneveld\OneDrive - Euronext\Documents\Projects\GUI + Reviews\debug\universe_df_after_nace_20250411_154143.xlsx
2025-04-11 15:41:43,758 - Review.reviews.lc1ep_review - INFO - Adding CDP Climate data...
2025-04-11 15:41:43,758 - Review.reviews.lc1ep_review - INFO - Adding Oekom Trust & Carbon data...
2025-04-11 15:41:43,768 - Review.reviews.lc1ep_review - INFO - Adding NACE data...
2025-04-11 15:41:43,772 - Review.reviews.lc1ep_review - INFO - Adding EU Taxonomy flag...
2025-04-11 15:41:43,775 - Review.reviews.lc1ep_review - INFO - Checking GAFI lists and Non-fiscally cooperative countries...
2025-04-11 15:41:43,776 - Review.reviews.lc1ep_review - INFO - Applying exclusion criteria...
2025-04-11 15:41:43,789 - Review.reviews.lc1ep_review - INFO - Marked 30 companies (10%) with worst SG scores for exclusion
2025-04-11 15:41:43,811 - Review.reviews.lc1ep_review - INFO - Calculating Climate Score for ranking...
2025-04-11 15:41:43,812 - Review.reviews.lc1ep_review - INFO - Selecting EU Taxonomy companies...
2025-04-11 15:41:43,813 - Review.reviews.lc1ep_review - INFO - Found 13 EU Taxonomy companies after exclusions
2025-04-11 15:41:43,814 - Review.reviews.lc1ep_review - INFO - Found 170 Non-EU Taxonomy eligible companies after exclusions
2025-04-11 15:41:43,814 - Review.reviews.lc1ep_review - INFO - STEP 4a: Determining target number of Non-EU Taxonomy companies per super-sector...
2025-04-11 15:41:43,815 - Review.reviews.lc1ep_review - INFO - Target number of Non-EU Taxonomy companies: 87
2025-04-11 15:41:43,816 - Review.reviews.lc1ep_review - INFO - Total eligible Non-EU Taxonomy companies: 170
2025-04-11 15:41:43,819 - Review.reviews.lc1ep_review - INFO - Total target after rounding: 100 (vs. target of 87)
2025-04-11 15:41:43,819 - Review.reviews.lc1ep_review - INFO - Need to remove 13 companies due to rounding up
2025-04-11 15:41:43,821 - Review.reviews.lc1ep_review - INFO - STEP 4b: Selecting Non-EU Taxonomy companies based on climate score...
2025-04-11 15:41:43,822 - Review.reviews.lc1ep_review - INFO - Selected 7 companies from super-sector 1010.0
2025-04-11 15:41:43,823 - Review.reviews.lc1ep_review - INFO - Selected 6 companies from super-sector 1510.0
2025-04-11 15:41:43,823 - Review.reviews.lc1ep_review - INFO - Selected 12 companies from super-sector 2010.0
2025-04-11 15:41:43,824 - Review.reviews.lc1ep_review - INFO - Selected 14 companies from super-sector 3010.0
2025-04-11 15:41:43,825 - Review.reviews.lc1ep_review - INFO - Selected 6 companies from super-sector 3020.0
2025-04-11 15:41:43,825 - Review.reviews.lc1ep_review - INFO - Selected 7 companies from super-sector 3030.0
2025-04-11 15:41:43,826 - Review.reviews.lc1ep_review - INFO - Selected 6 companies from super-sector 3510.0
2025-04-11 15:41:43,826 - Review.reviews.lc1ep_review - INFO - Selected 4 companies from super-sector 4010.0
2025-04-11 15:41:43,827 - Review.reviews.lc1ep_review - INFO - Selected 7 companies from super-sector 4020.0
2025-04-11 15:41:43,827 - Review.reviews.lc1ep_review - INFO - Selected 3 companies from super-sector 4030.0
2025-04-11 15:41:43,828 - Review.reviews.lc1ep_review - INFO - Selected 2 companies from super-sector 4040.0
2025-04-11 15:41:43,828 - Review.reviews.lc1ep_review - INFO - Selected 4 companies from super-sector 4050.0
2025-04-11 15:41:43,829 - Review.reviews.lc1ep_review - INFO - Selected 5 companies from super-sector 4510.0
2025-04-11 15:41:43,829 - Review.reviews.lc1ep_review - INFO - Selected 3 companies from super-sector 4520.0
2025-04-11 15:41:43,830 - Review.reviews.lc1ep_review - INFO - Selected 1 companies from super-sector 5010.0
2025-04-11 15:41:43,830 - Review.reviews.lc1ep_review - INFO - Selected 8 companies from super-sector 5020.0
2025-04-11 15:41:43,831 - Review.reviews.lc1ep_review - INFO - Selected 2 companies from super-sector 5510.0
2025-04-11 15:41:43,831 - Review.reviews.lc1ep_review - INFO - Selected 3 companies from super-sector 5520.0
2025-04-11 15:41:43,839 - Review.reviews.lc1ep_review - INFO - Initial selection has 100 companies, need to remove 13
2025-04-11 15:41:43,845 - Review.reviews.lc1ep_review - INFO - Removed company FR0000121121 from supersector 3020.0 (Climate Score: 3.2199999999999998)
2025-04-11 15:41:43,850 - Review.reviews.lc1ep_review - INFO - Removed company NL0010801007 from supersector 5520.0 (Climate Score: 3.2199999999999998)
2025-04-11 15:41:43,852 - Review.reviews.lc1ep_review - INFO - Removed company FI4000297767 from supersector 3010.0 (Climate Score: 3.1466666666666647)
2025-04-11 15:41:43,859 - Review.reviews.lc1ep_review - INFO - Removed company DE000TLX1005 from supersector 3030.0 (Climate Score: 3.07)
2025-04-11 15:41:43,865 - Review.reviews.lc1ep_review - INFO - Removed company NL0000226223 from supersector 1010.0 (Climate Score: 2.883797265501265)
2025-04-11 15:41:43,869 - Review.reviews.lc1ep_review - INFO - Removed company DE000A0LD6E6 from supersector 2010.0 (Climate Score: 2.5)
2025-04-11 15:41:43,870 - Review.reviews.lc1ep_review - INFO - Removed company FR0000121964 from supersector 3510.0 (Climate Score: 2.39735760225878)
2025-04-11 15:41:43,870 - Review.reviews.lc1ep_review - INFO - Removed company FR0000120404 from supersector 4050.0 (Climate Score: 2.3914062194480947)
2025-04-11 15:41:43,881 - Review.reviews.lc1ep_review - INFO - Removed company NL0015435975 from supersector 4510.0 (Climate Score: 2.3248496808315147)
2025-04-11 15:41:43,884 - Review.reviews.lc1ep_review - INFO - Removed company NL0011585146 from supersector 4010.0 (Climate Score: 2.28839766789769)
2025-04-11 15:41:43,886 - Review.reviews.lc1ep_review - INFO - Removed company IT0004965148 from supersector 4020.0 (Climate Score: 2.2734781952180754)
2025-04-11 15:41:43,890 - Review.reviews.lc1ep_review - INFO - Removed company IT0005090300 from supersector 1510.0 (Climate Score: 2.26825660773674)
2025-04-11 15:41:43,892 - Review.reviews.lc1ep_review - INFO - Removed company DE0006602006 from supersector 5020.0 (Climate Score: 2.124887594988665)
2025-04-11 15:41:43,894 - Review.reviews.lc1ep_review - INFO - Final Non-EU Taxonomy selection has 87 companies
2025-04-11 15:41:43,894 - Review.reviews.lc1ep_review - INFO - Minimum companies per supersector: 1
2025-04-11 15:41:43,894 - Review.reviews.lc1ep_review - WARNING - Some supersectors have fewer than 2 companies! Minimum is 1
2025-04-11 15:41:43,896 - Review.reviews.lc1ep_review - INFO - Final selection contains 100 companies
2025-04-11 15:41:43,896 - Review.reviews.lc1ep_review - INFO - - EU Taxonomy: 13
2025-04-11 15:41:43,896 - Review.reviews.lc1ep_review - INFO - - Non-EU Taxonomy: 87
2025-04-11 15:41:43,896 - Review.reviews.lc1ep_review - INFO - Adding PAB flag based on CDP temperature score...
2025-04-11 15:41:43,897 - Review.reviews.lc1ep_review - INFO - Calculating liquidity constraints for all companies...
2025-04-11 15:41:43,897 - Review.reviews.lc1ep_review - INFO - Total FFMC for all companies: 3383095414847.67
2025-04-11 15:41:43,916 - Review.reviews.lc1ep_review - INFO - Market cap based weights calculated for EU Taxonomy companies
2025-04-11 15:41:43,919 - Review.reviews.lc1ep_review - INFO - Liquidity caps for EU Taxonomy companies - Max: 5.8698%, Min: 0.6096%, Avg: 1.6559%
2025-04-11 15:41:43,919 - Review.reviews.lc1ep_review - INFO - Liquidity floors for EU Taxonomy companies - Max: 0.0000%, Min: 0.0000%, Avg: 0.0000%
2025-04-11 15:41:43,920 - Review.reviews.lc1ep_review - INFO - No liquidity issues found for EU Taxonomy companies
2025-04-11 15:41:43,922 - Review.reviews.lc1ep_review - INFO - Liquidity caps for Non-EU Taxonomy companies - Max: 10.0000%, Min: 0.1790%, Avg: 2.5664%
2025-04-11 15:41:43,922 - Review.reviews.lc1ep_review - INFO - Liquidity floors for Non-EU Taxonomy companies - Max: 2.1422%, Min: 0.0000%, Avg: 0.0939%
2025-04-11 15:41:43,923 - Review.reviews.lc1ep_review - INFO - No liquidity issues found for Non-EU Taxonomy companies
2025-04-11 15:41:43,924 - Review.reviews.lc1ep_review - INFO - Liquidity constraints have been calculated for all 100 companies
2025-04-11 15:41:43,924 - Review.reviews.lc1ep_review - INFO - Saving output files...
2025-04-11 15:41:44,248 - Review.reviews.lc1ep_review - INFO - Results saved to C:\Users\CSonneveld\OneDrive - Euronext\Documents\Projects\GUI + Reviews\output\LC1EP_review_20250411_154143.xlsx
2025-04-11 15:41:44,275 - werkzeug - INFO - 127.0.0.1 - - [11/Apr/2025 15:41:44] "POST /calculate HTTP/1.1" 200 -
2025-04-11 15:43:46,635 - werkzeug - INFO -  * Detected change in 'C:\\Users\\CSonneveld\\OneDrive - Euronext\\Documents\\Projects\\GUI + Reviews\\Review\\reviews\\lc1ep_review.py', reloading
2025-04-11 15:43:46,636 - werkzeug - INFO -  * Detected change in 'C:\\Users\\CSonneveld\\OneDrive - Euronext\\Documents\\Projects\\GUI + Reviews\\Review\\reviews\\lc1ep_review.py', reloading
2025-04-11 15:43:46,637 - werkzeug - INFO -  * Detected change in 'C:\\Users\\CSonneveld\\OneDrive - Euronext\\Documents\\Projects\\GUI + Reviews\\Review\\reviews\\lc1ep_review.py', reloading
