2025-06-30 16:08:41,311 - werkzeug - WARNING -  * Debugger is active!
2025-06-30 16:08:41,314 - werkzeug - INFO -  * Debugger PIN: 691-175-853
2025-06-30 16:08:44,093 - Review.reviews.gicp_review - INFO - Loading EOD data...
2025-06-30 16:08:48,200 - Review.reviews.gicp_review - INFO - Loading reference data...
2025-06-30 16:08:55,441 - Review.reviews.gicp_review - INFO - Processing market data...
2025-06-30 16:08:55,526 - Review.reviews.gicp_review - INFO - Category_1 weight: 12.0000% (target: 12.0000%)
2025-06-30 16:08:55,527 - Review.reviews.gicp_review - INFO - Category_2 weight: 12.0000% (target: 12.0000%)
2025-06-30 16:08:55,533 - Review.reviews.gicp_review - INFO - Category_3 weight: 12.0000% (target: 12.0000%)
2025-06-30 16:08:55,534 - Review.reviews.gicp_review - INFO - Category_4 weight: 12.0000% (target: 12.0000%)
2025-06-30 16:08:55,534 - Review.reviews.gicp_review - INFO - Category_5 weight: 12.0000% (target: 12.0000%)
2025-06-30 16:08:55,535 - Review.reviews.gicp_review - INFO - Category_6 weight: 20.0000% (target: 20.0000%)
2025-06-30 16:08:55,535 - Review.reviews.gicp_review - INFO - Category_7 weight: 20.0000% (target: 20.0000%)
2025-06-30 16:08:55,536 - Review.reviews.gicp_review - INFO - 
Final Weight Verification:
2025-06-30 16:08:55,537 - Review.reviews.gicp_review - INFO - Category_1 final weight: 12.0000%
2025-06-30 16:08:55,537 - Review.reviews.gicp_review - INFO - Category_2 final weight: 12.0000%
2025-06-30 16:08:55,538 - Review.reviews.gicp_review - INFO - Category_3 final weight: 12.0000%
2025-06-30 16:08:55,539 - Review.reviews.gicp_review - INFO - Category_4 final weight: 12.0000%
2025-06-30 16:08:55,539 - Review.reviews.gicp_review - INFO - Category_5 final weight: 12.0000%
2025-06-30 16:08:55,540 - Review.reviews.gicp_review - INFO - Category_6 final weight: 20.0000%
2025-06-30 16:08:55,540 - Review.reviews.gicp_review - INFO - Category_7 final weight: 20.0000%
2025-06-30 16:08:55,540 - Review.reviews.gicp_review - INFO - Maximum constituent weight: 10.0000%
2025-06-30 16:08:55,545 - Review.reviews.gicp_review - INFO - Saving GICP output to: C:\Users\CSonneveld\OneDrive - Euronext\Documents\Projects\GUI + Reviews\output\GICP_df_20250630_160855.xlsx
2025-06-30 16:08:55,849 - werkzeug - INFO - 127.0.0.1 - - [30/Jun/2025 16:08:55] "POST /calculate HTTP/1.1" 200 -
