2025-12-05 15:05:52,293 - werkzeug - WARNING -  * Debugger is active!
2025-12-05 15:05:52,293 - werkzeug - INFO -  * Debugger PIN: 691-175-853
2025-12-05 15:05:52,323 - werkzeug - INFO - 127.0.0.1 - - [05/Dec/2025 15:05:52] "GET /task-status/f0bc8062-1013-4015-8692-064f0b467caf HTTP/1.1" 200 -
2025-12-05 15:05:53,169 - werkzeug - INFO - 127.0.0.1 - - [05/Dec/2025 15:05:53] "POST /calculate HTTP/1.1" 200 -
2025-12-05 15:05:53,176 - Review.reviews.tcamp_review - INFO - Loading EOD data...
2025-12-05 15:05:53,184 - werkzeug - INFO - 127.0.0.1 - - [05/Dec/2025 15:05:53] "GET /task-status/a4b56638-1c5e-4fb8-949d-b181cb52535e HTTP/1.1" 200 -
2025-12-05 15:05:55,184 - werkzeug - INFO - 127.0.0.1 - - [05/Dec/2025 15:05:55] "GET /task-status/a4b56638-1c5e-4fb8-949d-b181cb52535e HTTP/1.1" 200 -
2025-12-05 15:05:56,068 - Review.reviews.tcamp_review - INFO - Loading reference data...
2025-12-05 15:05:56,068 - Review.reviews.tcamp_review - INFO - Creating selection_df from TCAMP constituents...
2025-12-05 15:05:56,068 - Review.reviews.tcamp_review - INFO - Found 2 TCAMP constituents
2025-12-05 15:05:56,068 - Review.reviews.tcamp_review - ERROR - Error during review calculation: 'Free Float Round:'
2025-12-05 15:05:56,068 - Review.reviews.tcamp_review - ERROR - Traceback (most recent call last):
  File "C:\Users\CSonneveld\AppData\Roaming\Python\Python312\site-packages\pandas\core\indexes\base.py", line 3805, in get_loc
    return self._engine.get_loc(casted_key)
           ^^^^^^^^^^^^^^^^^^^^^^^^^^^^^^^^
  File "index.pyx", line 167, in pandas._libs.index.IndexEngine.get_loc
  File "index.pyx", line 196, in pandas._libs.index.IndexEngine.get_loc
  File "pandas\\_libs\\hashtable_class_helper.pxi", line 7081, in pandas._libs.hashtable.PyObjectHashTable.get_item
  File "pandas\\_libs\\hashtable_class_helper.pxi", line 7089, in pandas._libs.hashtable.PyObjectHashTable.get_item
KeyError: 'Free Float Round:'

The above exception was the direct cause of the following exception:

Traceback (most recent call last):
  File "C:\Users\CSonneveld\OneDrive - Euronext\Documents\Projects\GUI + Reviews\Review\reviews\tcamp_review.py", line 71, in run_tcamp_review
    selection_df["Free Float"] = selection_df["Free Float Round:"]
                                 ~~~~~~~~~~~~^^^^^^^^^^^^^^^^^^^^^
  File "C:\Users\CSonneveld\AppData\Roaming\Python\Python312\site-packages\pandas\core\frame.py", line 4102, in __getitem__
    indexer = self.columns.get_loc(key)
              ^^^^^^^^^^^^^^^^^^^^^^^^^
  File "C:\Users\CSonneveld\AppData\Roaming\Python\Python312\site-packages\pandas\core\indexes\base.py", line 3812, in get_loc
    raise KeyError(key) from err
KeyError: 'Free Float Round:'

2025-12-05 15:05:57,184 - werkzeug - INFO - 127.0.0.1 - - [05/Dec/2025 15:05:57] "GET /task-status/a4b56638-1c5e-4fb8-949d-b181cb52535e HTTP/1.1" 200 -
2025-12-05 15:06:01,731 - werkzeug - INFO -  * Detected change in 'C:\\Users\\CSonneveld\\OneDrive - Euronext\\Documents\\Projects\\GUI + Reviews\\Review\\reviews\\tcamp_review.py', reloading
