2025-04-10 21:21:50,096 - werkzeug - WARNING -  * Debugger is active!
2025-04-10 21:21:50,099 - werkzeug - INFO -  * Debugger PIN: 691-175-853
2025-04-10 21:22:06,277 - Review.reviews.lc100_review - INFO - Loading EOD data...
2025-04-10 21:22:16,258 - Review.reviews.lc100_review - INFO - Loading reference data...
2025-04-10 21:22:25,738 - Review.reviews.lc100_review - WARNING - Removed 18750 duplicate rows from cdp_climate_df
2025-04-10 21:22:25,740 - Review.reviews.lc100_review - INFO - Filtering universe for EU500 companies...
2025-04-10 21:22:25,741 - Review.reviews.lc100_review - INFO - Universe size after EU500 filter: 499
2025-04-10 21:22:25,742 - Review.reviews.lc100_review - INFO - Adding Free Float data...
2025-04-10 21:22:25,745 - Review.reviews.lc100_review - INFO - Adding ICB Subsector data...
2025-04-10 21:22:25,758 - Review.reviews.lc100_review - WARNING - Removed 9316 duplicate rows from ICB data
2025-04-10 21:22:25,848 - Review.reviews.lc100_review - INFO - Debug file saved to C:\Users\CSonneveld\OneDrive - Euronext\Documents\Projects\GUI + Reviews\debug\universe_df_after_nace_20250410_212225.xlsx
2025-04-10 21:22:25,848 - Review.reviews.lc100_review - INFO - Adding CDP Climate data...
2025-04-10 21:22:25,853 - Review.reviews.lc100_review - INFO - Adding Oekom Trust & Carbon data...
2025-04-10 21:22:25,855 - Review.reviews.lc100_review - INFO - Adding NACE data...
2025-04-10 21:22:25,858 - Review.reviews.lc100_review - INFO - Adding EU Taxonomy flag...
2025-04-10 21:22:25,858 - Review.reviews.lc100_review - INFO - Checking GAFI lists and Non-fiscally cooperative countries...
2025-04-10 21:22:25,859 - Review.reviews.lc100_review - INFO - Applying exclusion criteria...
2025-04-10 21:22:25,867 - Review.reviews.lc100_review - INFO - Marked 50 companies (10%) with worst SG scores for exclusion
2025-04-10 21:22:25,885 - Review.reviews.lc100_review - INFO - Calculating Climate Score for ranking...
2025-04-10 21:22:25,886 - Review.reviews.lc100_review - INFO - Selecting EU Taxonomy companies...
2025-04-10 21:22:25,887 - Review.reviews.lc100_review - INFO - Found 13 EU Taxonomy companies after exclusions
2025-04-10 21:22:25,888 - Review.reviews.lc100_review - INFO - Found 303 Non-EU Taxonomy eligible companies after exclusions
2025-04-10 21:22:25,889 - Review.reviews.lc100_review - INFO - STEP 4a: Determining target number of Non-EU Taxonomy companies per super-sector...
2025-04-10 21:22:25,889 - Review.reviews.lc100_review - INFO - Target number of Non-EU Taxonomy companies: 87
2025-04-10 21:22:25,890 - Review.reviews.lc100_review - INFO - Total eligible Non-EU Taxonomy companies: 303
2025-04-10 21:22:25,891 - Review.reviews.lc100_review - INFO - Total target after rounding: 98 (vs. target of 87)
2025-04-10 21:22:25,891 - Review.reviews.lc100_review - INFO - Need to remove 11 companies due to rounding up
2025-04-10 21:22:25,892 - Review.reviews.lc100_review - INFO - STEP 4b: Selecting Non-EU Taxonomy companies based on climate score...
2025-04-10 21:22:25,893 - Review.reviews.lc100_review - INFO - Selected 5 companies from super-sector 1010.0
2025-04-10 21:22:25,894 - Review.reviews.lc100_review - INFO - Selected 5 companies from super-sector 1510.0
2025-04-10 21:22:25,895 - Review.reviews.lc100_review - INFO - Selected 13 companies from super-sector 2010.0
2025-04-10 21:22:25,895 - Review.reviews.lc100_review - INFO - Selected 13 companies from super-sector 3010.0
2025-04-10 21:22:25,896 - Review.reviews.lc100_review - INFO - Selected 7 companies from super-sector 3020.0
2025-04-10 21:22:25,897 - Review.reviews.lc100_review - INFO - Selected 8 companies from super-sector 3030.0
2025-04-10 21:22:25,897 - Review.reviews.lc100_review - INFO - Selected 5 companies from super-sector 3510.0
2025-04-10 21:22:25,898 - Review.reviews.lc100_review - INFO - Selected 2 companies from super-sector 4010.0
2025-04-10 21:22:25,898 - Review.reviews.lc100_review - INFO - Selected 6 companies from super-sector 4020.0
2025-04-10 21:22:25,899 - Review.reviews.lc100_review - INFO - Selected 3 companies from super-sector 4030.0
2025-04-10 21:22:25,900 - Review.reviews.lc100_review - INFO - Selected 2 companies from super-sector 4040.0
2025-04-10 21:22:25,900 - Review.reviews.lc100_review - INFO - Selected 4 companies from super-sector 4050.0
2025-04-10 21:22:25,901 - Review.reviews.lc100_review - INFO - Selected 6 companies from super-sector 4510.0
2025-04-10 21:22:25,901 - Review.reviews.lc100_review - INFO - Selected 3 companies from super-sector 4520.0
2025-04-10 21:22:25,902 - Review.reviews.lc100_review - INFO - Selected 2 companies from super-sector 5010.0
2025-04-10 21:22:25,902 - Review.reviews.lc100_review - INFO - Selected 9 companies from super-sector 5020.0
2025-04-10 21:22:25,903 - Review.reviews.lc100_review - INFO - Selected 2 companies from super-sector 5510.0
2025-04-10 21:22:25,903 - Review.reviews.lc100_review - INFO - Selected 2 companies from super-sector 5520.0
2025-04-10 21:22:25,904 - Review.reviews.lc100_review - INFO - Selected 1 companies from super-sector 6510.0
2025-04-10 21:22:25,910 - Review.reviews.lc100_review - INFO - Initial selection has 98 companies, need to remove 11
2025-04-10 21:22:25,917 - Review.reviews.lc100_review - INFO - Removed company SE0012853455 from supersector 3020.0 (Climate Score: 2.9711404728789947)
2025-04-10 21:22:25,923 - Review.reviews.lc100_review - INFO - Removed company GB0005405286 from supersector 3010.0 (Climate Score: 2.6866666666666648)
2025-04-10 21:22:25,927 - Review.reviews.lc100_review - INFO - Removed company GB0004082847 from supersector 3010.0 (Climate Score: 2.585)
2025-04-10 21:22:25,932 - Review.reviews.lc100_review - INFO - Removed company GB00BPQY8M80 from supersector 3030.0 (Climate Score: 2.519710481764205)
2025-04-10 21:22:25,937 - Review.reviews.lc100_review - INFO - Removed company NO0003053605 from supersector 3030.0 (Climate Score: 2.45999707128425)
2025-04-10 21:22:25,942 - Review.reviews.lc100_review - INFO - Removed company GB00BM8PJY71 from supersector 3010.0 (Climate Score: 2.4596710826767954)
2025-04-10 21:22:25,949 - Review.reviews.lc100_review - INFO - Removed company GB00BYT1DJ19 from supersector 3020.0 (Climate Score: 2.458257086886375)
2025-04-10 21:22:25,954 - Review.reviews.lc100_review - INFO - Removed company GB00B0SWJX34 from supersector 3020.0 (Climate Score: 2.4582204139462247)
2025-04-10 21:22:25,959 - Review.reviews.lc100_review - INFO - Removed company GB0007099541 from supersector 3030.0 (Climate Score: 2.45)
2025-04-10 21:22:25,965 - Review.reviews.lc100_review - INFO - Removed company CH0011075394 from supersector 3030.0 (Climate Score: 2.39833333333333)
2025-04-10 21:22:25,970 - Review.reviews.lc100_review - INFO - Removed company FR0000121964 from supersector 3510.0 (Climate Score: 2.39735760225878)
2025-04-10 21:22:25,972 - Review.reviews.lc100_review - INFO - Final Non-EU Taxonomy selection has 87 companies
2025-04-10 21:22:25,973 - Review.reviews.lc100_review - INFO - Minimum companies per supersector: 1
2025-04-10 21:22:25,973 - Review.reviews.lc100_review - WARNING - Some supersectors have fewer than 2 companies! Minimum is 1
2025-04-10 21:22:25,975 - Review.reviews.lc100_review - INFO - Final selection contains 100 companies
2025-04-10 21:22:25,975 - Review.reviews.lc100_review - INFO - - EU Taxonomy: 13
2025-04-10 21:22:25,975 - Review.reviews.lc100_review - INFO - - Non-EU Taxonomy: 87
2025-04-10 21:22:25,975 - Review.reviews.lc100_review - INFO - Adding PAB flag based on CDP temperature score...
2025-04-10 21:22:25,976 - Review.reviews.lc100_review - INFO - Calculating liquidity constraints for all companies...
2025-04-10 21:22:25,977 - Review.reviews.lc100_review - INFO - Equal weight baseline (WIG) for EU Taxonomy: 0.7692%
2025-04-10 21:22:25,979 - Review.reviews.lc100_review - INFO - Liquidity caps for EU Taxonomy companies - Max: 5.0676%, Min: 1.2808%, Avg: 2.4661%
2025-04-10 21:22:25,979 - Review.reviews.lc100_review - INFO - Liquidity floors for EU Taxonomy companies - Max: 0.2576%, Min: 0.0000%, Avg: 0.0391%
2025-04-10 21:22:25,980 - Review.reviews.lc100_review - INFO - No liquidity issues found for EU Taxonomy companies
2025-04-10 21:22:25,981 - Review.reviews.lc100_review - INFO - Total FFMC for Non-EU Taxonomy companies: 3421287787578.55
2025-04-10 21:22:25,983 - Review.reviews.lc100_review - INFO - Liquidity caps for Non-EU Taxonomy companies - Max: 10.0000%, Min: 0.4227%, Avg: 3.7921%
2025-04-10 21:22:25,983 - Review.reviews.lc100_review - INFO - Liquidity floors for Non-EU Taxonomy companies - Max: 0.5846%, Min: 0.0000%, Avg: 0.0067%
2025-04-10 21:22:25,984 - Review.reviews.lc100_review - INFO - No liquidity issues found for Non-EU Taxonomy companies
2025-04-10 21:22:25,986 - Review.reviews.lc100_review - INFO - Liquidity constraints have been calculated for all 100 companies
2025-04-10 21:22:25,986 - Review.reviews.lc100_review - INFO - Saving output files...
2025-04-10 21:22:26,464 - Review.reviews.lc100_review - INFO - Results saved to C:\Users\CSonneveld\OneDrive - Euronext\Documents\Projects\GUI + Reviews\output\LC100_review_20250410_212225.xlsx
2025-04-10 21:22:26,494 - werkzeug - INFO - 127.0.0.1 - - [10/Apr/2025 21:22:26] "POST /calculate HTTP/1.1" 200 -
2025-04-10 21:24:45,844 - werkzeug - INFO -  * Detected change in 'C:\\Users\\CSonneveld\\OneDrive - Euronext\\Documents\\Projects\\GUI + Reviews\\Review\\reviews\\lc100_review.py', reloading
2025-04-10 21:24:45,846 - werkzeug - INFO -  * Detected change in 'C:\\Users\\CSonneveld\\OneDrive - Euronext\\Documents\\Projects\\GUI + Reviews\\Review\\reviews\\lc100_review.py', reloading
2025-04-10 21:24:45,848 - werkzeug - INFO -  * Detected change in 'C:\\Users\\CSonneveld\\OneDrive - Euronext\\Documents\\Projects\\GUI + Reviews\\Review\\reviews\\lc100_review.py', reloading
