2025-01-20 16:21:10,250 - werkzeug - WARNING -  * Debugger is active!
2025-01-20 16:21:10,252 - werkzeug - INFO -  * Debugger PIN: 691-175-853
2025-01-20 16:21:13,834 - Review.reviews.edwpt_review - INFO - Starting EDWPT review calculation
2025-01-20 16:21:17,751 - Review.reviews.edwpt_review - INFO - 
EDWPT Selection Summary:
2025-01-20 16:21:17,753 - Review.reviews.edwpt_review - INFO - Total companies selected: 5446
2025-01-20 16:21:17,755 - Review.reviews.edwpt_review - INFO - Total FFMC covered: 98.84%
2025-01-20 16:21:17,778 - Review.reviews.edwpt_review - INFO - 
DEUPT Selection Summary:
2025-01-20 16:21:17,782 - Review.reviews.edwpt_review - INFO - Total companies selected: 1327
2025-01-20 16:21:17,783 - Review.reviews.edwpt_review - INFO - Total FFMC covered: 98.67%
2025-01-20 16:21:17,803 - Review.reviews.edwpt_review - INFO - 
DEZPT Selection Summary:
2025-01-20 16:21:17,804 - Review.reviews.edwpt_review - INFO - Total companies selected: 494
2025-01-20 16:21:17,805 - Review.reviews.edwpt_review - INFO - Total FFMC covered: 98.51%
2025-01-20 16:21:17,821 - Review.reviews.edwpt_review - INFO - 
DAPPT Selection Summary:
2025-01-20 16:21:17,823 - Review.reviews.edwpt_review - INFO - Total companies selected: 1909
2025-01-20 16:21:17,824 - Review.reviews.edwpt_review - INFO - Total FFMC covered: 98.13%
2025-01-20 16:21:17,836 - Review.reviews.edwpt_review - INFO - 
DNAPT Selection Summary:
2025-01-20 16:21:17,837 - Review.reviews.edwpt_review - INFO - Total companies selected: 1764
2025-01-20 16:21:17,838 - Review.reviews.edwpt_review - INFO - Total FFMC covered: 98.18%
2025-01-20 16:21:17,852 - Review.reviews.edwpt_review - INFO - 
DASPT Selection Summary:
2025-01-20 16:21:17,853 - Review.reviews.edwpt_review - INFO - Total companies selected: 1563
2025-01-20 16:21:17,854 - Review.reviews.edwpt_review - INFO - Total FFMC covered: 98.07%
2025-01-20 16:21:17,862 - Review.reviews.edwpt_review - INFO - 
DPAPT Selection Summary:
2025-01-20 16:21:17,863 - Review.reviews.edwpt_review - INFO - Total companies selected: 320
2025-01-20 16:21:17,864 - Review.reviews.edwpt_review - INFO - Total FFMC covered: 98.04%
2025-01-20 16:21:17,875 - Review.reviews.edwpt_review - INFO - 
EUSPT Selection Summary:
2025-01-20 16:21:17,876 - Review.reviews.edwpt_review - INFO - Total companies selected: 1481
2025-01-20 16:21:17,877 - Review.reviews.edwpt_review - INFO - Total FFMC covered: 98.00%
2025-01-20 16:21:17,887 - Review.reviews.edwpt_review - INFO - 
EJPPT Selection Summary:
2025-01-20 16:21:17,888 - Review.reviews.edwpt_review - INFO - Total companies selected: 1414
2025-01-20 16:21:17,890 - Review.reviews.edwpt_review - INFO - Total FFMC covered: 98.00%
2025-01-20 16:21:17,894 - Review.reviews.edwpt_review - INFO - 
ECHPT Selection Summary:
2025-01-20 16:21:17,895 - Review.reviews.edwpt_review - INFO - Total companies selected: 74
2025-01-20 16:21:17,896 - Review.reviews.edwpt_review - INFO - Total FFMC covered: 98.05%
2025-01-20 16:21:17,901 - Review.reviews.edwpt_review - INFO - 
EUKPT Selection Summary:
2025-01-20 16:21:17,902 - Review.reviews.edwpt_review - INFO - Total companies selected: 320
2025-01-20 16:21:17,903 - Review.reviews.edwpt_review - INFO - Total FFMC covered: 98.01%
2025-01-20 16:21:17,908 - Review.reviews.edwpt_review - INFO - 
CANPT Selection Summary:
2025-01-20 16:21:17,909 - Review.reviews.edwpt_review - INFO - Total companies selected: 230
2025-01-20 16:21:17,910 - Review.reviews.edwpt_review - INFO - Total FFMC covered: 98.02%
2025-01-20 16:21:17,920 - Review.reviews.edwpt_review - INFO - 
Global Selection Summary:
2025-01-20 16:21:17,921 - Review.reviews.edwpt_review - INFO - Total companies selected: 5446
2025-01-20 16:21:17,923 - Review.reviews.edwpt_review - INFO - Total FFMC covered: 98.84%
2025-01-20 16:21:17,925 - Review.reviews.edwpt_review - INFO - 
MIC-level Summary:
2025-01-20 16:21:17,926 - Review.reviews.edwpt_review - INFO -       ISIN          FFMC  EDWPT_selection
MIC                                      
ALXP     1  1.337544e+09                1
BATS     3  1.962934e+10                1
MERK     2  2.803735e+08                2
MTAA   246  5.292374e+11               85
WBAH    26  5.370078e+10               17
XAMS    79  1.157401e+12               44
XASX   886  1.442942e+12              283
XBRU    58  1.938564e+11               34
XCSE   107  6.350474e+11               36
XESM     2  1.794035e+09                2
XETR   227  1.472409e+12              106
XHEL   127  2.061674e+11               49
XHKG   209  3.465502e+11               69
XLIS    18  3.541669e+10               11
XLON   872  2.336733e+12              320
XMAD    99  4.808796e+11               41
XMSM    14  5.274635e+10               10
XNGM    47  4.908139e+08                1
XNGS  2628  2.418978e+13              773
XNYS  1736  2.534917e+13             1143
XNZE    52  6.656698e+10               35
XOSL   245  1.738210e+11              125
XPAR   351  1.866583e+12               94
XSES   118  2.570802e+11               62
XSTO   648  7.073552e+11              222
XSWX   148  1.669679e+12               86
XTAE   275  1.399417e+11              150
XTKS  3711  4.991981e+12             1414
XTSE   491  2.080540e+12              230
2025-01-20 16:21:17,945 - Review.reviews.edwpt_review - INFO - Saving output to: C:\Users\CSonneveld\OneDrive - Euronext\Documents\Projects\GUI + Reviews\output\EDWPT_df_20250120_162117.xlsx
2025-01-20 16:21:18,262 - Review.reviews.edwpt_review - INFO - 
EDWPT Changes Summary:
2025-01-20 16:21:18,263 - Review.reviews.edwpt_review - INFO - Inclusions: 81
2025-01-20 16:21:18,264 - Review.reviews.edwpt_review - INFO - Exclusions: 3585
2025-01-20 16:21:18,406 - Review.reviews.edwpt_review - INFO - 
DEUPT Changes Summary:
2025-01-20 16:21:18,406 - Review.reviews.edwpt_review - INFO - Inclusions: 26
2025-01-20 16:21:18,407 - Review.reviews.edwpt_review - INFO - Exclusions: 3037
2025-01-20 16:21:18,510 - Review.reviews.edwpt_review - INFO - 
DEZPT Changes Summary:
2025-01-20 16:21:18,511 - Review.reviews.edwpt_review - INFO - Inclusions: 3
2025-01-20 16:21:18,511 - Review.reviews.edwpt_review - INFO - Exclusions: 2627
2025-01-20 16:21:18,615 - Review.reviews.edwpt_review - INFO - 
DAPPT Changes Summary:
2025-01-20 16:21:18,615 - Review.reviews.edwpt_review - INFO - Inclusions: 23
2025-01-20 16:21:18,615 - Review.reviews.edwpt_review - INFO - Exclusions: 108
2025-01-20 16:21:18,708 - Review.reviews.edwpt_review - INFO - 
DNAPT Changes Summary:
2025-01-20 16:21:18,709 - Review.reviews.edwpt_review - INFO - Inclusions: 29
2025-01-20 16:21:18,709 - Review.reviews.edwpt_review - INFO - Exclusions: 687
2025-01-20 16:21:18,776 - Review.reviews.edwpt_review - INFO - 
DASPT Changes Summary:
2025-01-20 16:21:18,776 - Review.reviews.edwpt_review - INFO - Inclusions: 16
2025-01-20 16:21:18,776 - Review.reviews.edwpt_review - INFO - Exclusions: 67
2025-01-20 16:21:18,807 - Review.reviews.edwpt_review - INFO - 
DPAPT Changes Summary:
2025-01-20 16:21:18,807 - Review.reviews.edwpt_review - INFO - Inclusions: 5
2025-01-20 16:21:18,808 - Review.reviews.edwpt_review - INFO - Exclusions: 83
2025-01-20 16:21:18,896 - Review.reviews.edwpt_review - INFO - 
EUSPT Changes Summary:
2025-01-20 16:21:18,896 - Review.reviews.edwpt_review - INFO - Inclusions: 20
2025-01-20 16:21:18,896 - Review.reviews.edwpt_review - INFO - Exclusions: 791
2025-01-20 16:21:18,959 - Review.reviews.edwpt_review - INFO - 
EJPPT Changes Summary:
2025-01-20 16:21:18,960 - Review.reviews.edwpt_review - INFO - Inclusions: 14
2025-01-20 16:21:18,960 - Review.reviews.edwpt_review - INFO - Exclusions: 6
2025-01-20 16:21:18,979 - Review.reviews.edwpt_review - INFO - 
ECHPT Changes Summary:
2025-01-20 16:21:18,980 - Review.reviews.edwpt_review - INFO - Inclusions: 0
2025-01-20 16:21:18,980 - Review.reviews.edwpt_review - INFO - Exclusions: 44
2025-01-20 16:21:19,012 - Review.reviews.edwpt_review - INFO - 
EUKPT Changes Summary:
2025-01-20 16:21:19,013 - Review.reviews.edwpt_review - INFO - Inclusions: 9
2025-01-20 16:21:19,013 - Review.reviews.edwpt_review - INFO - Exclusions: 211
2025-01-20 16:21:19,038 - Review.reviews.edwpt_review - INFO - 
CANPT Changes Summary:
2025-01-20 16:21:19,039 - Review.reviews.edwpt_review - INFO - Inclusions: 8
2025-01-20 16:21:19,039 - Review.reviews.edwpt_review - INFO - Exclusions: 46
2025-01-20 16:21:23,066 - Review.reviews.edwpt_review - INFO - File successfully saved to: C:\Users\CSonneveld\OneDrive - Euronext\Documents\Projects\GUI + Reviews\output\EDWPT_df_20250120_162117.xlsx
2025-01-20 16:21:23,186 - werkzeug - INFO - 127.0.0.1 - - [20/Jan/2025 16:21:23] "POST /calculate HTTP/1.1" 200 -
2025-01-20 16:22:10,882 - werkzeug - INFO -  * Detected change in 'C:\\Users\\CSonneveld\\OneDrive - Euronext\\Documents\\Projects\\GUI + Reviews\\Review\\reviews\\edwpt_review.py', reloading
2025-01-20 16:22:10,883 - werkzeug - INFO -  * Detected change in 'C:\\Users\\CSonneveld\\OneDrive - Euronext\\Documents\\Projects\\GUI + Reviews\\Review\\reviews\\edwpt_review.py', reloading
