2025-01-30 19:19:51,928 - werkzeug - WARNING -  * Debugger is active!
2025-01-30 19:19:51,930 - werkzeug - INFO -  * Debugger PIN: 691-175-853
2025-01-30 19:19:51,970 - Review.reviews.aerdp_review - INFO - Loading EOD data...
2025-01-30 19:19:52,560 - Review.reviews.aerdp_review - INFO - Loading reference data...
2025-01-30 19:19:53,419 - Review.reviews.aerdp_review - ERROR - Error during review calculation: '3 months ADTV'
2025-01-30 19:19:53,422 - Review.reviews.aerdp_review - ERROR - Traceback (most recent call last):
  File "C:\Users\CSonneveld\AppData\Roaming\Python\Python312\site-packages\pandas\core\indexes\base.py", line 3805, in get_loc
    return self._engine.get_loc(casted_key)
           ^^^^^^^^^^^^^^^^^^^^^^^^^^^^^^^^
  File "index.pyx", line 167, in pandas._libs.index.IndexEngine.get_loc
  File "index.pyx", line 196, in pandas._libs.index.IndexEngine.get_loc
  File "pandas\\_libs\\hashtable_class_helper.pxi", line 7081, in pandas._libs.hashtable.PyObjectHashTable.get_item
  File "pandas\\_libs\\hashtable_class_helper.pxi", line 7089, in pandas._libs.hashtable.PyObjectHashTable.get_item
KeyError: '3 months ADTV'

The above exception was the direct cause of the following exception:

Traceback (most recent call last):
  File "C:\Users\CSonneveld\OneDrive - Euronext\Documents\Projects\GUI + Reviews\Review\reviews\aerdp_review.py", line 136, in run_aerdp_review
    (developed_market_df['3 months ADTV'] > 4000000)
     ~~~~~~~~~~~~~~~~~~~^^^^^^^^^^^^^^^^^
  File "C:\Users\CSonneveld\AppData\Roaming\Python\Python312\site-packages\pandas\core\frame.py", line 4102, in __getitem__
    indexer = self.columns.get_loc(key)
              ^^^^^^^^^^^^^^^^^^^^^^^^^
  File "C:\Users\CSonneveld\AppData\Roaming\Python\Python312\site-packages\pandas\core\indexes\base.py", line 3812, in get_loc
    raise KeyError(key) from err
KeyError: '3 months ADTV'

2025-01-30 19:19:53,428 - werkzeug - INFO - 127.0.0.1 - - [30/Jan/2025 19:19:53] "POST /calculate HTTP/1.1" 200 -
2025-01-30 19:20:13,106 - werkzeug - INFO -  * Detected change in 'C:\\Users\\CSonneveld\\OneDrive - Euronext\\Documents\\Projects\\GUI + Reviews\\Review\\reviews\\aerdp_review.py', reloading
2025-01-30 19:20:13,107 - werkzeug - INFO -  * Detected change in 'C:\\Users\\CSonneveld\\OneDrive - Euronext\\Documents\\Projects\\GUI + Reviews\\Review\\reviews\\aerdp_review.py', reloading
