2025-12-03 14:33:22,875 - werkzeug - WARNING -  * Debugger is active!
2025-12-03 14:33:22,877 - werkzeug - INFO -  * Debugger PIN: 691-175-853
2025-12-03 14:33:29,186 - werkzeug - INFO - 127.0.0.1 - - [03/Dec/2025 14:33:29] "POST /calculate HTTP/1.1" 200 -
2025-12-03 14:33:29,186 - Review.reviews.ezsl_review - INFO - Starting EZSL review calculation
2025-12-03 14:33:29,186 - werkzeug - INFO - 127.0.0.1 - - [03/Dec/2025 14:33:29] "GET /task-status/2348c2ec-b77e-4cd7-b55c-1326abef6105 HTTP/1.1" 200 -
2025-12-03 14:33:31,118 - Review.reviews.ezsl_review - INFO - Found 353 existing companies in EZSL
2025-12-03 14:33:31,118 - Review.reviews.ezsl_review - INFO - 
Overall EZSL Selection Summary:
2025-12-03 14:33:31,118 - Review.reviews.ezsl_review - INFO - Total companies selected: 356
2025-12-03 14:33:31,118 - Review.reviews.ezsl_review - INFO -   - Existing companies selected: 353
2025-12-03 14:33:31,118 - Review.reviews.ezsl_review - INFO -   - New companies selected: 3
2025-12-03 14:33:31,118 - Review.reviews.ezsl_review - INFO - Total FFMC covered: 14.92%
2025-12-03 14:33:31,133 - Review.reviews.ezsl_review - INFO - 
EZSL Changes Summary:
2025-12-03 14:33:31,133 - Review.reviews.ezsl_review - INFO - Inclusions: 3
2025-12-03 14:33:31,133 - Review.reviews.ezsl_review - INFO - Exclusions: 0
2025-12-03 14:33:31,134 - Review.reviews.ezsl_review - INFO - Saving output to: C:\Users\CSonneveld\OneDrive - Euronext\Documents\Projects\GUI + Reviews\output\EZSL_Review_20251203_143331.xlsx
2025-12-03 14:33:31,216 - werkzeug - INFO - 127.0.0.1 - - [03/Dec/2025 14:33:31] "GET /task-status/2348c2ec-b77e-4cd7-b55c-1326abef6105 HTTP/1.1" 200 -
2025-12-03 14:33:31,266 - Review.reviews.ezsl_review - INFO - File successfully saved to: C:\Users\CSonneveld\OneDrive - Euronext\Documents\Projects\GUI + Reviews\output\EZSL_Review_20251203_143331.xlsx
2025-12-03 14:33:33,202 - werkzeug - INFO - 127.0.0.1 - - [03/Dec/2025 14:33:33] "GET /task-status/2348c2ec-b77e-4cd7-b55c-1326abef6105 HTTP/1.1" 200 -
2025-12-03 14:34:01,825 - werkzeug - INFO -  * Detected change in 'C:\\Users\\CSonneveld\\OneDrive - Euronext\\Documents\\Projects\\GUI + Reviews\\Review\\reviews\\ezsl_review.py', reloading
2025-12-03 14:34:01,825 - werkzeug - INFO -  * Detected change in 'C:\\Users\\CSonneveld\\OneDrive - Euronext\\Documents\\Projects\\GUI + Reviews\\Review\\reviews\\ezsl_review.py', reloading
2025-12-03 14:34:01,825 - werkzeug - INFO -  * Detected change in 'C:\\Users\\CSonneveld\\OneDrive - Euronext\\Documents\\Projects\\GUI + Reviews\\Review\\reviews\\ezsl_review.py', reloading
