2025-12-05 12:04:19,911 - werkzeug - INFO - [31m[1mWARNING: This is a development server. Do not use it in a production deployment. Use a production WSGI server instead.[0m
 * Running on all addresses (0.0.0.0)
 * Running on http://127.0.0.1:5000
 * Running on http://10.199.43.185:5000
2025-12-05 12:04:19,911 - werkzeug - INFO - [33mPress CTRL+C to quit[0m
2025-12-05 12:04:19,912 - werkzeug - INFO -  * Restarting with watchdog (windowsapi)
2025-12-05 13:00:07,208 - werkzeug - INFO -  * Restarting with watchdog (windowsapi)
2025-12-05 13:00:18,291 - werkzeug - INFO -  * Restarting with watchdog (windowsapi)
2025-12-05 13:00:24,692 - werkzeug - INFO -  * Restarting with watchdog (windowsapi)
2025-12-05 13:06:08,101 - werkzeug - INFO -  * Restarting with watchdog (windowsapi)
2025-12-05 13:06:10,448 - werkzeug - INFO -  * Restarting with watchdog (windowsapi)
2025-12-05 13:06:20,289 - werkzeug - INFO -  * Restarting with watchdog (windowsapi)
2025-12-05 13:12:27,437 - werkzeug - INFO -  * Restarting with watchdog (windowsapi)
2025-12-05 13:12:37,804 - werkzeug - INFO -  * Restarting with watchdog (windowsapi)
2025-12-05 13:13:03,891 - werkzeug - INFO -  * Restarting with watchdog (windowsapi)
2025-12-05 13:16:30,974 - werkzeug - INFO -  * Restarting with watchdog (windowsapi)
2025-12-05 13:17:34,041 - werkzeug - INFO -  * Restarting with watchdog (windowsapi)
2025-12-05 13:17:40,613 - werkzeug - INFO -  * Restarting with watchdog (windowsapi)
2025-12-05 13:21:06,170 - werkzeug - INFO -  * Restarting with watchdog (windowsapi)
2025-12-05 13:21:13,412 - werkzeug - INFO -  * Restarting with watchdog (windowsapi)
2025-12-05 13:21:18,592 - werkzeug - INFO -  * Restarting with watchdog (windowsapi)
2025-12-05 13:21:28,761 - werkzeug - INFO -  * Restarting with watchdog (windowsapi)
2025-12-05 13:21:45,376 - werkzeug - INFO -  * Restarting with watchdog (windowsapi)
2025-12-05 13:26:29,119 - werkzeug - INFO -  * Restarting with watchdog (windowsapi)
2025-12-05 13:30:21,635 - werkzeug - INFO -  * Restarting with watchdog (windowsapi)
2025-12-05 13:43:05,239 - werkzeug - INFO -  * Restarting with watchdog (windowsapi)
2025-12-05 13:43:07,442 - werkzeug - INFO -  * Restarting with watchdog (windowsapi)
2025-12-05 13:53:17,551 - werkzeug - INFO -  * Restarting with watchdog (windowsapi)
2025-12-05 13:53:21,866 - werkzeug - INFO -  * Restarting with watchdog (windowsapi)
2025-12-05 13:56:51,235 - werkzeug - INFO -  * Restarting with watchdog (windowsapi)
2025-12-05 13:57:04,860 - werkzeug - INFO -  * Restarting with watchdog (windowsapi)
2025-12-05 13:58:35,108 - werkzeug - INFO -  * Restarting with watchdog (windowsapi)
2025-12-05 13:58:38,357 - werkzeug - INFO -  * Restarting with watchdog (windowsapi)
2025-12-05 14:53:32,480 - werkzeug - INFO -  * Restarting with watchdog (windowsapi)
2025-12-05 14:53:39,015 - werkzeug - INFO -  * Restarting with watchdog (windowsapi)
2025-12-05 14:55:59,746 - werkzeug - INFO -  * Restarting with watchdog (windowsapi)
2025-12-05 14:56:04,036 - werkzeug - INFO -  * Restarting with watchdog (windowsapi)
2025-12-05 15:03:08,341 - werkzeug - INFO -  * Restarting with watchdog (windowsapi)
2025-12-05 15:03:40,908 - werkzeug - INFO -  * Restarting with watchdog (windowsapi)
2025-12-05 15:04:07,317 - werkzeug - INFO -  * Restarting with watchdog (windowsapi)
2025-12-05 15:04:19,563 - werkzeug - INFO -  * Restarting with watchdog (windowsapi)
2025-12-05 15:04:22,656 - werkzeug - INFO -  * Restarting with watchdog (windowsapi)
2025-12-05 15:04:27,950 - werkzeug - INFO -  * Restarting with watchdog (windowsapi)
2025-12-05 15:04:53,652 - werkzeug - INFO -  * Restarting with watchdog (windowsapi)
2025-12-05 15:04:57,833 - werkzeug - INFO -  * Restarting with watchdog (windowsapi)
2025-12-05 15:05:06,144 - werkzeug - INFO -  * Restarting with watchdog (windowsapi)
2025-12-05 15:05:11,254 - werkzeug - INFO -  * Restarting with watchdog (windowsapi)
2025-12-05 15:05:22,428 - werkzeug - INFO -  * Restarting with watchdog (windowsapi)
2025-12-05 15:05:51,095 - werkzeug - INFO -  * Restarting with watchdog (windowsapi)
2025-12-05 15:06:02,507 - werkzeug - INFO -  * Restarting with watchdog (windowsapi)
2025-12-05 15:06:12,917 - werkzeug - INFO -  * Restarting with watchdog (windowsapi)
2025-12-05 15:06:29,369 - werkzeug - INFO -  * Restarting with watchdog (windowsapi)
2025-12-05 15:11:08,324 - werkzeug - INFO -  * Restarting with watchdog (windowsapi)
2025-12-05 15:11:37,883 - werkzeug - INFO -  * Restarting with watchdog (windowsapi)
2025-12-05 15:11:50,163 - werkzeug - INFO -  * Restarting with watchdog (windowsapi)
2025-12-05 15:11:55,581 - werkzeug - INFO -  * Restarting with watchdog (windowsapi)
2025-12-05 15:12:50,302 - werkzeug - INFO -  * Restarting with watchdog (windowsapi)
