2025-02-10 14:48:36,150 - werkzeug - WARNING -  * Debugger is active!
2025-02-10 14:48:36,152 - werkzeug - INFO -  * Debugger PIN: 691-175-853
2025-02-10 14:48:36,179 - Review.reviews.edwp_review - INFO - Starting EDWP review calculation
2025-02-10 14:48:43,127 - Review.reviews.edwp_review - INFO - 
EDWP Selection Summary:
2025-02-10 14:48:43,129 - Review.reviews.edwp_review - INFO - Total companies selected: 5446
2025-02-10 14:48:43,130 - Review.reviews.edwp_review - INFO - Total FFMC covered: 98.84%
2025-02-10 14:48:43,154 - Review.reviews.edwp_review - INFO - 
DEUP Selection Summary:
2025-02-10 14:48:43,156 - Review.reviews.edwp_review - INFO - Total companies selected: 1327
2025-02-10 14:48:43,158 - Review.reviews.edwp_review - INFO - Total FFMC covered: 98.67%
2025-02-10 14:48:43,174 - Review.reviews.edwp_review - INFO - 
DEZP Selection Summary:
2025-02-10 14:48:43,175 - Review.reviews.edwp_review - INFO - Total companies selected: 494
2025-02-10 14:48:43,176 - Review.reviews.edwp_review - INFO - Total FFMC covered: 98.51%
2025-02-10 14:48:43,191 - Review.reviews.edwp_review - INFO - 
DAPPR Selection Summary:
2025-02-10 14:48:43,193 - Review.reviews.edwp_review - INFO - Total companies selected: 1909
2025-02-10 14:48:43,194 - Review.reviews.edwp_review - INFO - Total FFMC covered: 98.13%
2025-02-10 14:48:43,206 - Review.reviews.edwp_review - INFO - 
DNAP Selection Summary:
2025-02-10 14:48:43,207 - Review.reviews.edwp_review - INFO - Total companies selected: 1764
2025-02-10 14:48:43,208 - Review.reviews.edwp_review - INFO - Total FFMC covered: 98.18%
2025-02-10 14:48:43,220 - Review.reviews.edwp_review - INFO - 
DASP Selection Summary:
2025-02-10 14:48:43,222 - Review.reviews.edwp_review - INFO - Total companies selected: 1563
2025-02-10 14:48:43,223 - Review.reviews.edwp_review - INFO - Total FFMC covered: 98.07%
2025-02-10 14:48:43,231 - Review.reviews.edwp_review - INFO - 
DPAP Selection Summary:
2025-02-10 14:48:43,232 - Review.reviews.edwp_review - INFO - Total companies selected: 320
2025-02-10 14:48:43,233 - Review.reviews.edwp_review - INFO - Total FFMC covered: 98.04%
2025-02-10 14:48:43,244 - Review.reviews.edwp_review - INFO - 
EUSP Selection Summary:
2025-02-10 14:48:43,245 - Review.reviews.edwp_review - INFO - Total companies selected: 1481
2025-02-10 14:48:43,246 - Review.reviews.edwp_review - INFO - Total FFMC covered: 98.00%
2025-02-10 14:48:43,258 - Review.reviews.edwp_review - INFO - 
EJPP Selection Summary:
2025-02-10 14:48:43,260 - Review.reviews.edwp_review - INFO - Total companies selected: 1414
2025-02-10 14:48:43,261 - Review.reviews.edwp_review - INFO - Total FFMC covered: 98.00%
2025-02-10 14:48:43,266 - Review.reviews.edwp_review - INFO - 
ECHP Selection Summary:
2025-02-10 14:48:43,266 - Review.reviews.edwp_review - INFO - Total companies selected: 74
2025-02-10 14:48:43,267 - Review.reviews.edwp_review - INFO - Total FFMC covered: 98.05%
2025-02-10 14:48:43,273 - Review.reviews.edwp_review - INFO - 
EUKP Selection Summary:
2025-02-10 14:48:43,274 - Review.reviews.edwp_review - INFO - Total companies selected: 320
2025-02-10 14:48:43,275 - Review.reviews.edwp_review - INFO - Total FFMC covered: 98.01%
2025-02-10 14:48:43,281 - Review.reviews.edwp_review - INFO - 
CANP Selection Summary:
2025-02-10 14:48:43,281 - Review.reviews.edwp_review - INFO - Total companies selected: 230
2025-02-10 14:48:43,282 - Review.reviews.edwp_review - INFO - Total FFMC covered: 98.02%
2025-02-10 14:48:43,294 - Review.reviews.edwp_review - INFO - 
Global Selection Summary:
2025-02-10 14:48:43,294 - Review.reviews.edwp_review - INFO - Total companies selected: 5446
2025-02-10 14:48:43,296 - Review.reviews.edwp_review - INFO - Total FFMC covered: 98.84%
2025-02-10 14:48:43,299 - Review.reviews.edwp_review - INFO - 
MIC-level Summary:
2025-02-10 14:48:43,299 - Review.reviews.edwp_review - INFO -       ISIN          FFMC  EDWP_selection
MIC                                     
ALXP     1  1.337544e+09               1
BATS     3  1.962934e+10               1
MERK     2  2.803735e+08               2
MTAA   246  5.292374e+11              85
WBAH    26  5.370078e+10              17
XAMS    79  1.157401e+12              44
XASX   886  1.442942e+12             283
XBRU    58  1.938564e+11              34
XCSE   107  6.350474e+11              36
XESM     2  1.794035e+09               2
XETR   227  1.472409e+12             106
XHEL   127  2.061674e+11              49
XHKG   209  3.465502e+11              69
XLIS    18  3.541669e+10              11
XLON   872  2.336733e+12             320
XMAD    99  4.808796e+11              41
XMSM    14  5.274635e+10              10
XNGM    47  4.908139e+08               1
XNGS  2628  2.418978e+13             773
XNYS  1736  2.534917e+13            1143
XNZE    52  6.656698e+10              35
XOSL   245  1.738210e+11             125
XPAR   351  1.866583e+12              94
XSES   118  2.570802e+11              62
XSTO   648  7.073552e+11             222
XSWX   148  1.669679e+12              86
XTAE   275  1.399417e+11             150
XTKS  3711  4.991981e+12            1414
XTSE   491  2.080540e+12             230
2025-02-10 14:48:43,317 - Review.reviews.edwp_review - INFO - Saving output to: C:\Users\CSonneveld\OneDrive - Euronext\Documents\Projects\GUI + Reviews\output\EDWP_df_20250210_144843.xlsx
2025-02-10 14:48:43,600 - Review.reviews.edwp_review - INFO - 
EDWP Changes Summary:
2025-02-10 14:48:43,601 - Review.reviews.edwp_review - INFO - Inclusions: 65
2025-02-10 14:48:43,601 - Review.reviews.edwp_review - INFO - Exclusions: 3844
2025-02-10 14:48:44,129 - Review.reviews.edwp_review - INFO - 
DEUP Changes Summary:
2025-02-10 14:48:44,130 - Review.reviews.edwp_review - INFO - Inclusions: 23
2025-02-10 14:48:44,130 - Review.reviews.edwp_review - INFO - Exclusions: 33462
2025-02-10 14:48:44,772 - Review.reviews.edwp_review - INFO - 
DEZP Changes Summary:
2025-02-10 14:48:44,773 - Review.reviews.edwp_review - INFO - Inclusions: 2
2025-02-10 14:48:44,773 - Review.reviews.edwp_review - INFO - Exclusions: 40849
2025-02-10 14:48:45,463 - Review.reviews.edwp_review - INFO - 
DAPPR Changes Summary:
2025-02-10 14:48:45,463 - Review.reviews.edwp_review - INFO - Inclusions: 17
2025-02-10 14:48:45,463 - Review.reviews.edwp_review - INFO - Exclusions: 40414
2025-02-10 14:48:46,110 - Review.reviews.edwp_review - INFO - 
DNAP Changes Summary:
2025-02-10 14:48:46,111 - Review.reviews.edwp_review - INFO - Inclusions: 21
2025-02-10 14:48:46,111 - Review.reviews.edwp_review - INFO - Exclusions: 39286
2025-02-10 14:48:46,809 - Review.reviews.edwp_review - INFO - 
DASP Changes Summary:
2025-02-10 14:48:46,810 - Review.reviews.edwp_review - INFO - Inclusions: 10
2025-02-10 14:48:46,810 - Review.reviews.edwp_review - INFO - Exclusions: 42679
2025-02-10 14:48:47,509 - Review.reviews.edwp_review - INFO - 
DPAP Changes Summary:
2025-02-10 14:48:47,510 - Review.reviews.edwp_review - INFO - Inclusions: 5
2025-02-10 14:48:47,510 - Review.reviews.edwp_review - INFO - Exclusions: 52211
2025-02-10 14:48:48,185 - Review.reviews.edwp_review - INFO - 
EUSP Changes Summary:
2025-02-10 14:48:48,186 - Review.reviews.edwp_review - INFO - Inclusions: 14
2025-02-10 14:48:48,186 - Review.reviews.edwp_review - INFO - Exclusions: 40877
2025-02-10 14:48:48,931 - Review.reviews.edwp_review - INFO - 
EJPP Changes Summary:
2025-02-10 14:48:48,931 - Review.reviews.edwp_review - INFO - Inclusions: 9
2025-02-10 14:48:48,932 - Review.reviews.edwp_review - INFO - Exclusions: 43846
2025-02-10 14:48:49,624 - Review.reviews.edwp_review - INFO - 
ECHP Changes Summary:
2025-02-10 14:48:49,625 - Review.reviews.edwp_review - INFO - Inclusions: 0
2025-02-10 14:48:49,625 - Review.reviews.edwp_review - INFO - Exclusions: 53347
2025-02-10 14:48:50,458 - Review.reviews.edwp_review - INFO - 
EUKP Changes Summary:
2025-02-10 14:48:50,459 - Review.reviews.edwp_review - INFO - Inclusions: 9
2025-02-10 14:48:50,459 - Review.reviews.edwp_review - INFO - Exclusions: 51445
2025-02-10 14:48:51,174 - Review.reviews.edwp_review - INFO - 
CANP Changes Summary:
2025-02-10 14:48:51,175 - Review.reviews.edwp_review - INFO - Inclusions: 6
2025-02-10 14:48:51,175 - Review.reviews.edwp_review - INFO - Exclusions: 52975
2025-02-10 14:48:58,120 - Review.reviews.edwp_review - INFO - File successfully saved to: C:\Users\CSonneveld\OneDrive - Euronext\Documents\Projects\GUI + Reviews\output\EDWP_df_20250210_144843.xlsx
2025-02-10 14:48:58,302 - werkzeug - INFO - 127.0.0.1 - - [10/Feb/2025 14:48:58] "POST /calculate HTTP/1.1" 200 -
2025-02-10 14:51:00,072 - werkzeug - INFO -  * Detected change in 'C:\\Users\\CSonneveld\\OneDrive - Euronext\\Documents\\Projects\\GUI + Reviews\\utils\\inclusion_exclusion.py', reloading
2025-02-10 14:51:00,073 - werkzeug - INFO -  * Detected change in 'C:\\Users\\CSonneveld\\OneDrive - Euronext\\Documents\\Projects\\GUI + Reviews\\utils\\inclusion_exclusion.py', reloading
2025-02-10 14:51:00,074 - werkzeug - INFO -  * Detected change in 'C:\\Users\\CSonneveld\\OneDrive - Euronext\\Documents\\Projects\\GUI + Reviews\\utils\\inclusion_exclusion.py', reloading
