2026-02-10 10:20:29,190 - Review.reviews.esf4p_review - INFO - Loading EOD data...
2026-02-10 10:20:30,139 - Review.reviews.esf4p_review - INFO - Loading reference data...
2026-02-10 10:20:30,310 - Review.reviews.esf4p_review - INFO - Starting universe size: 60
2026-02-10 10:20:30,368 - Review.reviews.esf4p_review - ERROR - Error during review calculation: 'Price'
2026-02-10 10:20:30,372 - Review.reviews.esf4p_review - ERROR - Traceback (most recent call last):
  File "C:\Users\CSonneveld\AppData\Roaming\Python\Python312\site-packages\pandas\core\indexes\base.py", line 3805, in get_loc
    return self._engine.get_loc(casted_key)
           ^^^^^^^^^^^^^^^^^^^^^^^^^^^^^^^^
  File "index.pyx", line 167, in pandas._libs.index.IndexEngine.get_loc
  File "index.pyx", line 196, in pandas._libs.index.IndexEngine.get_loc
  File "pandas\\_libs\\hashtable_class_helper.pxi", line 7081, in pandas._libs.hashtable.PyObjectHashTable.get_item
  File "pandas\\_libs\\hashtable_class_helper.pxi", line 7089, in pandas._libs.hashtable.PyObjectHashTable.get_item
KeyError: 'Price'

The above exception was the direct cause of the following exception:

Traceback (most recent call last):
  File "C:\Users\CSonneveld\OneDrive - Euronext\Documents\Projects\GUI + Reviews\Review\reviews\esf4p_review.py", line 109, in run_esf4p_review
    selection_df['FFMC'] = selection_df['Free Float'] * selection_df['Number of Shares'] * selection_df["Price"]
                                                                                           ~~~~~~~~~~~~^^^^^^^^^
  File "C:\Users\CSonneveld\AppData\Roaming\Python\Python312\site-packages\pandas\core\frame.py", line 4102, in __getitem__
    indexer = self.columns.get_loc(key)
              ^^^^^^^^^^^^^^^^^^^^^^^^^
  File "C:\Users\CSonneveld\AppData\Roaming\Python\Python312\site-packages\pandas\core\indexes\base.py", line 3812, in get_loc
    raise KeyError(key) from err
KeyError: 'Price'

