2025-08-06 11:19:46,322 - werkzeug - WARNING -  * Debugger is active!
2025-08-06 11:19:46,322 - werkzeug - INFO -  * Debugger PIN: 691-175-853
2025-08-06 11:19:46,549 - Review.reviews.sectorial_review - INFO - Loading EOD data...
2025-08-06 11:19:50,332 - Review.reviews.sectorial_review - INFO - Loading reference data...
2025-08-06 11:19:58,506 - Review.reviews.sectorial_review - INFO - Processing all 30 sectorial indices...
2025-08-06 11:19:58,506 - Review.reviews.sectorial_review - INFO - Processing TECHP...
2025-08-06 11:19:58,518 - Review.reviews.sectorial_review - INFO - Capped 2 companies to 20% in TECHP:
2025-08-06 11:19:58,518 - Review.reviews.sectorial_review - INFO -   ASML HOLDING: 0.5925 -> 0.2000
2025-08-06 11:19:58,518 - Review.reviews.sectorial_review - INFO -   SAP: 0.6750 -> 0.2000
2025-08-06 11:19:58,518 - Review.reviews.sectorial_review - INFO - Boosted 17 companies due to redistribution in TECHP:
2025-08-06 11:19:58,518 - Review.reviews.sectorial_review - INFO -   ALTEN: 0.0048 -> 0.0144
2025-08-06 11:19:58,520 - Review.reviews.sectorial_review - INFO -   AMADEUS IT GROUP: 0.0715 -> 0.2000
2025-08-06 11:19:58,520 - Review.reviews.sectorial_review - INFO -   ASM INTERNATIONAL: 0.0551 -> 0.1654
2025-08-06 11:19:58,520 - Review.reviews.sectorial_review - INFO -   BE SEMICONDUCTOR: 0.0209 -> 0.0628
2025-08-06 11:19:58,521 - Review.reviews.sectorial_review - INFO -   BECHTLE AG: 0.0069 -> 0.0206
2025-08-06 11:19:58,521 - Review.reviews.sectorial_review - INFO -   CAPGEMINI: 0.0494 -> 0.1483
2025-08-06 11:19:58,522 - Review.reviews.sectorial_review - INFO -   DASSAULT SYSTEMES: 0.0479 -> 0.1439
2025-08-06 11:19:58,522 - Review.reviews.sectorial_review - INFO -   INDRA SISTEMAS SA: 0.0064 -> 0.0193
2025-08-06 11:19:58,523 - Review.reviews.sectorial_review - INFO -   INFINEON TECHNOLOGIE: 0.1031 -> 0.2000
2025-08-06 11:19:58,524 - Review.reviews.sectorial_review - INFO -   JUST EAT TAKEAWAY: 0.0074 -> 0.0221
2025-08-06 11:19:58,524 - Review.reviews.sectorial_review - INFO -   NEMETSCHEK SE: 0.0192 -> 0.0577
2025-08-06 11:19:58,524 - Review.reviews.sectorial_review - INFO -   PROSUS: 0.1378 -> 0.2000
2025-08-06 11:19:58,525 - Review.reviews.sectorial_review - INFO -   RELX: 0.1972 -> 0.2000
2025-08-06 11:19:58,525 - Review.reviews.sectorial_review - INFO -   REPLY: 0.0080 -> 0.0239
2025-08-06 11:19:58,525 - Review.reviews.sectorial_review - INFO -   SCOUT24 SE: 0.0188 -> 0.0564
2025-08-06 11:19:58,525 - Review.reviews.sectorial_review - INFO -   SOPRA STERIA GROUP: 0.0072 -> 0.0216
2025-08-06 11:19:58,527 - Review.reviews.sectorial_review - INFO -   STMICROELECTRONICS: 0.0364 -> 0.1092
2025-08-06 11:19:58,527 - Review.reviews.sectorial_review - INFO - Total weight after capping for TECHP: 2.065507
2025-08-06 11:19:58,527 - Review.reviews.sectorial_review - INFO - Maximum individual weight for TECHP: 0.200000 (cap: 0.200000)
2025-08-06 11:19:58,528 - Review.reviews.sectorial_review - ERROR - Error processing TECHP: Total weight 2.06550723590079 is not equal to 1.0 for TECHP
2025-08-06 11:19:58,528 - Review.reviews.sectorial_review - WARNING - Failed to process TECHP
2025-08-06 11:19:58,528 - Review.reviews.sectorial_review - INFO - Processing ENRGP...
2025-08-06 11:19:58,540 - Review.reviews.sectorial_review - INFO - Capped 3 companies to 20% in ENRGP:
2025-08-06 11:19:58,540 - Review.reviews.sectorial_review - INFO -   SHELL PLC: 0.7526 -> 0.2000
2025-08-06 11:19:58,541 - Review.reviews.sectorial_review - INFO -   SIEMENS ENERGY AG: 0.2417 -> 0.2000
2025-08-06 11:19:58,541 - Review.reviews.sectorial_review - INFO -   TOTALENERGIES: 0.4551 -> 0.2000
2025-08-06 11:19:58,541 - Review.reviews.sectorial_review - INFO - Boosted 14 companies due to redistribution in ENRGP:
2025-08-06 11:19:58,542 - Review.reviews.sectorial_review - INFO -   ENAGAS: 0.0135 -> 0.0506
2025-08-06 11:19:58,542 - Review.reviews.sectorial_review - INFO -   ENI: 0.1251 -> 0.2000
2025-08-06 11:19:58,542 - Review.reviews.sectorial_review - INFO -   GALP ENERGIA-NOM: 0.0266 -> 0.0999
2025-08-06 11:19:58,542 - Review.reviews.sectorial_review - INFO -   GTT: 0.0235 -> 0.0880
2025-08-06 11:19:58,542 - Review.reviews.sectorial_review - INFO -   NESTE OIL OYJ: 0.0186 -> 0.0696
2025-08-06 11:19:58,542 - Review.reviews.sectorial_review - INFO -   NORDEX SE: 0.0091 -> 0.0340
2025-08-06 11:19:58,543 - Review.reviews.sectorial_review - INFO -   OMV AG: 0.0267 -> 0.1000
2025-08-06 11:19:58,543 - Review.reviews.sectorial_review - INFO -   REPSOL: 0.0585 -> 0.2000
2025-08-06 11:19:58,543 - Review.reviews.sectorial_review - INFO -   SAIPEM: 0.0125 -> 0.0467
2025-08-06 11:19:58,543 - Review.reviews.sectorial_review - INFO -   SBM OFFSHORE: 0.0114 -> 0.0429
2025-08-06 11:19:58,543 - Review.reviews.sectorial_review - INFO -   SNAM: 0.0425 -> 0.1595
2025-08-06 11:19:58,543 - Review.reviews.sectorial_review - INFO -   TECHNIP ENERGIES: 0.0186 -> 0.0698
2025-08-06 11:19:58,544 - Review.reviews.sectorial_review - INFO -   TENARIS: 0.0171 -> 0.0642
2025-08-06 11:19:58,544 - Review.reviews.sectorial_review - INFO -   VALLOUREC: 0.0102 -> 0.0381
2025-08-06 11:19:58,544 - Review.reviews.sectorial_review - INFO - Total weight after capping for ENRGP: 1.863260
2025-08-06 11:19:58,544 - Review.reviews.sectorial_review - INFO - Maximum individual weight for ENRGP: 0.200000 (cap: 0.200000)
2025-08-06 11:19:58,544 - Review.reviews.sectorial_review - ERROR - Error processing ENRGP: Total weight 1.863260115438532 is not equal to 1.0 for ENRGP
2025-08-06 11:19:58,544 - Review.reviews.sectorial_review - WARNING - Failed to process ENRGP
2025-08-06 11:19:58,544 - Review.reviews.sectorial_review - INFO - Processing UTIL...
2025-08-06 11:19:58,550 - Review.reviews.sectorial_review - INFO - Capped 1 companies to 20% in UTIL:
2025-08-06 11:19:58,551 - Review.reviews.sectorial_review - INFO -   IBERDROLA: 0.3012 -> 0.2000
2025-08-06 11:19:58,551 - Review.reviews.sectorial_review - INFO - Boosted 17 companies due to redistribution in UTIL:
2025-08-06 11:19:58,551 - Review.reviews.sectorial_review - INFO -   A2A: 0.0115 -> 0.0134
2025-08-06 11:19:58,551 - Review.reviews.sectorial_review - INFO -   E.ON SE: 0.1103 -> 0.1280
2025-08-06 11:19:58,551 - Review.reviews.sectorial_review - INFO -   EDP: 0.0339 -> 0.0394
2025-08-06 11:19:58,551 - Review.reviews.sectorial_review - INFO -   EDP RENOVAVEIS: 0.0097 -> 0.0112
2025-08-06 11:19:58,552 - Review.reviews.sectorial_review - INFO -   ELIA GROUP: 0.0149 -> 0.0173
2025-08-06 11:19:58,552 - Review.reviews.sectorial_review - INFO -   ENDESA: 0.0272 -> 0.0315
2025-08-06 11:19:58,552 - Review.reviews.sectorial_review - INFO -   ENEL: 0.1944 -> 0.2000
2025-08-06 11:19:58,552 - Review.reviews.sectorial_review - INFO -   ENGIE: 0.1140 -> 0.1323
2025-08-06 11:19:58,552 - Review.reviews.sectorial_review - INFO -   FORTUM OYJ: 0.0228 -> 0.0264
2025-08-06 11:19:58,552 - Review.reviews.sectorial_review - INFO -   HERA: 0.0111 -> 0.0129
2025-08-06 11:19:58,552 - Review.reviews.sectorial_review - INFO -   ITALGAS: 0.0109 -> 0.0126
2025-08-06 11:19:58,552 - Review.reviews.sectorial_review - INFO -   NATURGY ENERGY GROUP: 0.0124 -> 0.0143
2025-08-06 11:19:58,553 - Review.reviews.sectorial_review - INFO -   REDEIA CORP: 0.0235 -> 0.0273
2025-08-06 11:19:58,553 - Review.reviews.sectorial_review - INFO -   RWE AG: 0.0760 -> 0.0881
2025-08-06 11:19:58,553 - Review.reviews.sectorial_review - INFO -   TERNA: 0.0400 -> 0.0464
2025-08-06 11:19:58,553 - Review.reviews.sectorial_review - INFO -   VEOLIA ENVIRON.: 0.0638 -> 0.0740
2025-08-06 11:19:58,554 - Review.reviews.sectorial_review - INFO -   VERBUND AG: 0.0148 -> 0.0171
2025-08-06 11:19:58,554 - Review.reviews.sectorial_review - INFO - Total weight after capping for UTIL: 1.092260
2025-08-06 11:19:58,554 - Review.reviews.sectorial_review - INFO - Maximum individual weight for UTIL: 0.200000 (cap: 0.200000)
2025-08-06 11:19:58,554 - Review.reviews.sectorial_review - ERROR - Error processing UTIL: Total weight 1.0922595985659216 is not equal to 1.0 for UTIL
2025-08-06 11:19:58,554 - Review.reviews.sectorial_review - WARNING - Failed to process UTIL
2025-08-06 11:19:58,554 - Review.reviews.sectorial_review - INFO - Processing BASM...
2025-08-06 11:19:58,561 - Review.reviews.sectorial_review - INFO - Capped 2 companies to 20% in BASM:
2025-08-06 11:19:58,561 - Review.reviews.sectorial_review - INFO -   AIR LIQUIDE: 0.6486 -> 0.2000
2025-08-06 11:19:58,561 - Review.reviews.sectorial_review - INFO -   BASF: 0.2341 -> 0.2000
2025-08-06 11:19:58,561 - Review.reviews.sectorial_review - INFO - Boosted 14 companies due to redistribution in BASM:
2025-08-06 11:19:58,562 - Review.reviews.sectorial_review - INFO -   AKZO NOBEL: 0.0609 -> 0.1151
2025-08-06 11:19:58,562 - Review.reviews.sectorial_review - INFO -   ARCELORMITTAL SA: 0.0698 -> 0.1319
2025-08-06 11:19:58,562 - Review.reviews.sectorial_review - INFO -   ARKEMA: 0.0212 -> 0.0400
2025-08-06 11:19:58,562 - Review.reviews.sectorial_review - INFO -   BRENNTAG SE: 0.0450 -> 0.0851
2025-08-06 11:19:58,562 - Review.reviews.sectorial_review - INFO -   EVONIK INDUSTRIES AG: 0.0295 -> 0.0557
2025-08-06 11:19:58,563 - Review.reviews.sectorial_review - INFO -   FUCHS SE PREF: 0.0189 -> 0.0358
2025-08-06 11:19:58,563 - Review.reviews.sectorial_review - INFO -   IMCD: 0.0415 -> 0.0784
2025-08-06 11:19:58,563 - Review.reviews.sectorial_review - INFO -   K S AG: 0.0138 -> 0.0261
2025-08-06 11:19:58,563 - Review.reviews.sectorial_review - INFO -   LANXESS AG: 0.0137 -> 0.0258
2025-08-06 11:19:58,563 - Review.reviews.sectorial_review - INFO -   STORA ENSO OYJ: 0.0316 -> 0.0596
2025-08-06 11:19:58,563 - Review.reviews.sectorial_review - INFO -   SYENSQO: 0.0306 -> 0.0578
2025-08-06 11:19:58,564 - Review.reviews.sectorial_review - INFO -   SYMRISE AG: 0.0763 -> 0.1441
2025-08-06 11:19:58,564 - Review.reviews.sectorial_review - INFO -   UPM-KYMMENE OYJ: 0.0748 -> 0.1413
2025-08-06 11:19:58,564 - Review.reviews.sectorial_review - INFO -   VOESTALPINE AG: 0.0149 -> 0.0282
2025-08-06 11:19:58,564 - Review.reviews.sectorial_review - INFO - Total weight after capping for BASM: 1.425044
2025-08-06 11:19:58,564 - Review.reviews.sectorial_review - INFO - Maximum individual weight for BASM: 0.200000 (cap: 0.200000)
2025-08-06 11:19:58,564 - Review.reviews.sectorial_review - ERROR - Error processing BASM: Total weight 1.4250439391717658 is not equal to 1.0 for BASM
2025-08-06 11:19:58,564 - Review.reviews.sectorial_review - WARNING - Failed to process BASM
2025-08-06 11:19:58,565 - Review.reviews.sectorial_review - INFO - Processing FINA...
2025-08-06 11:19:58,566 - Review.reviews.sectorial_review - INFO - Total weight after capping for FINA: 0.995894
2025-08-06 11:19:58,568 - Review.reviews.sectorial_review - INFO - Maximum individual weight for FINA: 0.095847 (cap: 0.200000)
2025-08-06 11:19:58,568 - Review.reviews.sectorial_review - ERROR - Error processing FINA: Total weight 0.9958937180299476 is not equal to 1.0 for FINA
2025-08-06 11:19:58,568 - Review.reviews.sectorial_review - WARNING - Failed to process FINA
2025-08-06 11:19:58,568 - Review.reviews.sectorial_review - INFO - Processing CSTA...
2025-08-06 11:19:58,575 - Review.reviews.sectorial_review - INFO - Capped 1 companies to 20% in CSTA:
2025-08-06 11:19:58,576 - Review.reviews.sectorial_review - INFO -   UNILEVER: 0.4433 -> 0.2000
2025-08-06 11:19:58,576 - Review.reviews.sectorial_review - INFO - Boosted 15 companies due to redistribution in CSTA:
2025-08-06 11:19:58,577 - Review.reviews.sectorial_review - INFO -   AB INBEV: 0.1885 -> 0.2000
2025-08-06 11:19:58,577 - Review.reviews.sectorial_review - INFO -   AHOLD DEL: 0.1007 -> 0.1389
2025-08-06 11:19:58,577 - Review.reviews.sectorial_review - INFO -   BEIERSDORF AG: 0.0337 -> 0.0465
2025-08-06 11:19:58,577 - Review.reviews.sectorial_review - INFO -   CAMPARI: 0.0108 -> 0.0149
2025-08-06 11:19:58,577 - Review.reviews.sectorial_review - INFO -   CARREFOUR: 0.0229 -> 0.0316
2025-08-06 11:19:58,578 - Review.reviews.sectorial_review - INFO -   DANONE: 0.1433 -> 0.1977
2025-08-06 11:19:58,578 - Review.reviews.sectorial_review - INFO -   DSM FIRMENICH AG: 0.0631 -> 0.0870
2025-08-06 11:19:58,578 - Review.reviews.sectorial_review - INFO -   GLANBIA PLC: 0.0075 -> 0.0103
2025-08-06 11:19:58,578 - Review.reviews.sectorial_review - INFO -   HEINEKEN: 0.0674 -> 0.0930
2025-08-06 11:19:58,578 - Review.reviews.sectorial_review - INFO -   J.MARTINS,SGPS: 0.0186 -> 0.0256
2025-08-06 11:19:58,578 - Review.reviews.sectorial_review - INFO -   JDE PEET'S: 0.0105 -> 0.0145
2025-08-06 11:19:58,579 - Review.reviews.sectorial_review - INFO -   KERRY GROUP PLC: 0.0490 -> 0.0676
2025-08-06 11:19:58,579 - Review.reviews.sectorial_review - INFO -   KESKO B: 0.0173 -> 0.0239
2025-08-06 11:19:58,579 - Review.reviews.sectorial_review - INFO -   LOTUS BAKERIES: 0.0107 -> 0.0147
2025-08-06 11:19:58,579 - Review.reviews.sectorial_review - INFO -   PERNOD RICARD: 0.0553 -> 0.0763
2025-08-06 11:19:58,579 - Review.reviews.sectorial_review - INFO - Total weight after capping for CSTA: 1.242598
2025-08-06 11:19:58,579 - Review.reviews.sectorial_review - INFO - Maximum individual weight for CSTA: 0.200000 (cap: 0.200000)
2025-08-06 11:19:58,579 - Review.reviews.sectorial_review - ERROR - Error processing CSTA: Total weight 1.242597583705896 is not equal to 1.0 for CSTA
2025-08-06 11:19:58,579 - Review.reviews.sectorial_review - WARNING - Failed to process CSTA
2025-08-06 11:19:58,580 - Review.reviews.sectorial_review - INFO - Processing TELEP...
2025-08-06 11:19:58,581 - Review.reviews.sectorial_review - INFO - Capped 1 companies to 20% in TELEP:
2025-08-06 11:19:58,587 - Review.reviews.sectorial_review - INFO -   DEUTSCHE TELEKOM AG: 0.7975 -> 0.2000
2025-08-06 11:19:58,587 - Review.reviews.sectorial_review - INFO - Boosted 9 companies due to redistribution in TELEP:
2025-08-06 11:19:58,587 - Review.reviews.sectorial_review - INFO -   CELLNEX TELECOM: 0.1378 -> 0.2000
2025-08-06 11:19:58,587 - Review.reviews.sectorial_review - INFO -   ELISA OYJ: 0.0479 -> 0.1645
2025-08-06 11:19:58,587 - Review.reviews.sectorial_review - INFO -   FREENET AG: 0.0224 -> 0.0769
2025-08-06 11:19:58,587 - Review.reviews.sectorial_review - INFO -   INWIT: 0.0197 -> 0.0676
2025-08-06 11:19:58,587 - Review.reviews.sectorial_review - INFO -   KPN KON: 0.1119 -> 0.2000
2025-08-06 11:19:58,588 - Review.reviews.sectorial_review - INFO -   NOKIA: 0.1628 -> 0.2000
2025-08-06 11:19:58,588 - Review.reviews.sectorial_review - INFO -   ORANGE: 0.1537 -> 0.2000
2025-08-06 11:19:58,588 - Review.reviews.sectorial_review - INFO -   TELECOM ITALIA: 0.0291 -> 0.0998
2025-08-06 11:19:58,588 - Review.reviews.sectorial_review - INFO -   TELEFONICA: 0.1259 -> 0.2000
2025-08-06 11:19:58,588 - Review.reviews.sectorial_review - INFO - Total weight after capping for TELEP: 1.608730
2025-08-06 11:19:58,588 - Review.reviews.sectorial_review - INFO - Maximum individual weight for TELEP: 0.200000 (cap: 0.200000)
2025-08-06 11:19:58,589 - Review.reviews.sectorial_review - ERROR - Error processing TELEP: Total weight 1.60872999900717 is not equal to 1.0 for TELEP
2025-08-06 11:19:58,589 - Review.reviews.sectorial_review - WARNING - Failed to process TELEP
2025-08-06 11:19:58,589 - Review.reviews.sectorial_review - INFO - Processing HEAC...
2025-08-06 11:19:58,592 - Review.reviews.sectorial_review - INFO - Capped 2 companies to 20% in HEAC:
2025-08-06 11:19:58,596 - Review.reviews.sectorial_review - INFO -   ESSILORLUXOTTICA: 0.2348 -> 0.2000
2025-08-06 11:19:58,596 - Review.reviews.sectorial_review - INFO -   SANOFI: 0.2858 -> 0.2000
2025-08-06 11:19:58,596 - Review.reviews.sectorial_review - INFO - Boosted 20 companies due to redistribution in HEAC:
2025-08-06 11:19:58,596 - Review.reviews.sectorial_review - INFO -   AMPLIFON: 0.0085 -> 0.0102
2025-08-06 11:19:58,596 - Review.reviews.sectorial_review - INFO -   ARGENX SE: 0.0880 -> 0.1050
2025-08-06 11:19:58,596 - Review.reviews.sectorial_review - INFO -   BAYER AG: 0.0813 -> 0.0970
2025-08-06 11:19:58,597 - Review.reviews.sectorial_review - INFO -   BIOMERIEUX: 0.0172 -> 0.0206
2025-08-06 11:19:58,597 - Review.reviews.sectorial_review - INFO -   DIASORIN: 0.0072 -> 0.0086
2025-08-06 11:19:58,597 - Review.reviews.sectorial_review - INFO -   EUROFINS SCIENT.: 0.0219 -> 0.0261
2025-08-06 11:19:58,597 - Review.reviews.sectorial_review - INFO -   FRESENIUS MEDICAL: 0.0296 -> 0.0353
2025-08-06 11:19:58,597 - Review.reviews.sectorial_review - INFO -   FRESENIUS SE & CO: 0.0554 -> 0.0661
2025-08-06 11:19:58,597 - Review.reviews.sectorial_review - INFO -   GRIFOLS SA: 0.0096 -> 0.0114
2025-08-06 11:19:58,597 - Review.reviews.sectorial_review - INFO -   IPSEN: 0.0105 -> 0.0125
2025-08-06 11:19:58,597 - Review.reviews.sectorial_review - INFO -   MERCK KGA: 0.0442 -> 0.0527
2025-08-06 11:19:58,597 - Review.reviews.sectorial_review - INFO -   ORION OYJ CLASS B: 0.0209 -> 0.0249
2025-08-06 11:19:58,598 - Review.reviews.sectorial_review - INFO -   PHILIPS KON: 0.0447 -> 0.0533
2025-08-06 11:19:58,598 - Review.reviews.sectorial_review - INFO -   QIAGEN NV: 0.0268 -> 0.0320
2025-08-06 11:19:58,598 - Review.reviews.sectorial_review - INFO -   RECORDATI ORD: 0.0190 -> 0.0227
2025-08-06 11:19:58,598 - Review.reviews.sectorial_review - INFO -   SARTORIUS AG PREF: 0.0155 -> 0.0185
2025-08-06 11:19:58,598 - Review.reviews.sectorial_review - INFO -   SARTORIUS STED BIO: 0.0176 -> 0.0210
2025-08-06 11:19:58,598 - Review.reviews.sectorial_review - INFO -   SIEMENS HEALTHINEERS: 0.0394 -> 0.0470
2025-08-06 11:19:58,598 - Review.reviews.sectorial_review - INFO -   TUBIZE-FIN: 0.0077 -> 0.0092
2025-08-06 11:19:58,598 - Review.reviews.sectorial_review - INFO -   UCB: 0.0610 -> 0.0727
2025-08-06 11:19:58,599 - Review.reviews.sectorial_review - INFO - Total weight after capping for HEAC: 1.146789
2025-08-06 11:19:58,599 - Review.reviews.sectorial_review - INFO - Maximum individual weight for HEAC: 0.200000 (cap: 0.200000)
2025-08-06 11:19:58,599 - Review.reviews.sectorial_review - ERROR - Error processing HEAC: Total weight 1.1467894856734209 is not equal to 1.0 for HEAC
2025-08-06 11:19:58,599 - Review.reviews.sectorial_review - WARNING - Failed to process HEAC
2025-08-06 11:19:58,599 - Review.reviews.sectorial_review - INFO - Processing INDU...
2025-08-06 11:19:58,603 - Review.reviews.sectorial_review - INFO - Total weight after capping for INDU: 1.013771
2025-08-06 11:19:58,603 - Review.reviews.sectorial_review - INFO - Maximum individual weight for INDU: 0.138978 (cap: 0.200000)
2025-08-06 11:19:58,603 - Review.reviews.sectorial_review - ERROR - Error processing INDU: Total weight 1.0137712297604407 is not equal to 1.0 for INDU
2025-08-06 11:19:58,603 - Review.reviews.sectorial_review - WARNING - Failed to process INDU
2025-08-06 11:19:58,603 - Review.reviews.sectorial_review - INFO - Processing CDIS...
2025-08-06 11:19:58,606 - Review.reviews.sectorial_review - INFO - Total weight after capping for CDIS: 0.923049
2025-08-06 11:19:58,606 - Review.reviews.sectorial_review - INFO - Maximum individual weight for CDIS: 0.136272 (cap: 0.200000)
2025-08-06 11:19:58,607 - Review.reviews.sectorial_review - ERROR - Error processing CDIS: Total weight 0.9230494728583152 is not equal to 1.0 for CDIS
2025-08-06 11:19:58,607 - Review.reviews.sectorial_review - WARNING - Failed to process CDIS
2025-08-06 11:19:58,607 - Review.reviews.sectorial_review - INFO - Processing TBMA...
2025-08-06 11:19:58,610 - Review.reviews.sectorial_review - INFO - Total weight after capping for TBMA: 0.981912
2025-08-06 11:19:58,610 - Review.reviews.sectorial_review - INFO - Maximum individual weight for TBMA: 0.187199 (cap: 0.200000)
2025-08-06 11:19:58,610 - Review.reviews.sectorial_review - ERROR - Error processing TBMA: Total weight 0.981912104067312 is not equal to 1.0 for TBMA
2025-08-06 11:19:58,610 - Review.reviews.sectorial_review - WARNING - Failed to process TBMA
2025-08-06 11:19:58,610 - Review.reviews.sectorial_review - INFO - Processing TCDI...
2025-08-06 11:19:58,615 - Review.reviews.sectorial_review - INFO - Capped 1 companies to 20% in TCDI:
2025-08-06 11:19:58,616 - Review.reviews.sectorial_review - INFO -   AMAZON: 0.2359 -> 0.2000
2025-08-06 11:19:58,616 - Review.reviews.sectorial_review - INFO - Boosted 122 companies due to redistribution in TCDI:
2025-08-06 11:19:58,616 - Review.reviews.sectorial_review - INFO -   ACCOR: 0.0012 -> 0.0012
2025-08-06 11:19:58,616 - Review.reviews.sectorial_review - INFO -   ADIDAS AG: 0.0047 -> 0.0049
2025-08-06 11:19:58,616 - Review.reviews.sectorial_review - INFO -   AIRBNB INC. CLASS A: 0.0066 -> 0.0069
2025-08-06 11:19:58,617 - Review.reviews.sectorial_review - INFO -   AUTO1 GROUP SE: 0.0005 -> 0.0006
2025-08-06 11:19:58,617 - Review.reviews.sectorial_review - INFO -   AUTOZONE INC.: 0.0069 -> 0.0073
2025-08-06 11:19:58,617 - Review.reviews.sectorial_review - INFO -   AVOLTA AG: 0.0006 -> 0.0006
2025-08-06 11:19:58,617 - Review.reviews.sectorial_review - INFO -   B&M EUROP. VALUE RET: 0.0004 -> 0.0004
2025-08-06 11:19:58,617 - Review.reviews.sectorial_review - INFO -   BARRATT REDROW PLC: 0.0010 -> 0.0010
2025-08-06 11:19:58,617 - Review.reviews.sectorial_review - INFO -   BELLWAY P.L.C.: 0.0005 -> 0.0005
2025-08-06 11:19:58,617 - Review.reviews.sectorial_review - INFO -   BERKELEY GROUP HLD: 0.0006 -> 0.0007
2025-08-06 11:19:58,617 - Review.reviews.sectorial_review - INFO -   BMW: 0.0028 -> 0.0030
2025-08-06 11:19:58,617 - Review.reviews.sectorial_review - INFO -   BOLLORE: 0.0004 -> 0.0004
2025-08-06 11:19:58,618 - Review.reviews.sectorial_review - INFO -   BOOKING HOLDINGS INC: 0.0198 -> 0.0207
2025-08-06 11:19:58,618 - Review.reviews.sectorial_review - INFO -   BRUNELLO CUCINELLI: 0.0005 -> 0.0005
2025-08-06 11:19:58,618 - Review.reviews.sectorial_review - INFO -   BURBERRY GROUP: 0.0006 -> 0.0006
2025-08-06 11:19:58,618 - Review.reviews.sectorial_review - INFO -   CARNIVAL CORPORATION: 0.0028 -> 0.0029
2025-08-06 11:19:58,618 - Review.reviews.sectorial_review - INFO -   CARVANA CO: 0.0046 -> 0.0048
2025-08-06 11:19:58,618 - Review.reviews.sectorial_review - INFO -   CHIPOTLE MEX. GRILL: 0.0080 -> 0.0083
2025-08-06 11:19:58,619 - Review.reviews.sectorial_review - INFO -   CIE FIN RICHEMONT: 0.0114 -> 0.0120
2025-08-06 11:19:58,619 - Review.reviews.sectorial_review - INFO -   COMPASS GROUP PLC: 0.0067 -> 0.0070
2025-08-06 11:19:58,619 - Review.reviews.sectorial_review - INFO -   CONTINENTAL AG: 0.0011 -> 0.0012
2025-08-06 11:19:58,619 - Review.reviews.sectorial_review - INFO -   COPART INC.: 0.0048 -> 0.0050
2025-08-06 11:19:58,619 - Review.reviews.sectorial_review - INFO -   COSTCO WHOLES. CORP.: 0.0499 -> 0.0522
2025-08-06 11:19:58,619 - Review.reviews.sectorial_review - INFO -   COUPANG INC. CLASS A: 0.0043 -> 0.0045
2025-08-06 11:19:58,619 - Review.reviews.sectorial_review - INFO -   CTS EVENTIM AG: 0.0008 -> 0.0008
2025-08-06 11:19:58,620 - Review.reviews.sectorial_review - INFO -   D.R. HORTON INC.: 0.0040 -> 0.0042
2025-08-06 11:19:58,620 - Review.reviews.sectorial_review - INFO -   DARDEN RESTAURANTS: 0.0030 -> 0.0032
2025-08-06 11:19:58,620 - Review.reviews.sectorial_review - INFO -   DELIVERY HERO SE: 0.0006 -> 0.0007
2025-08-06 11:19:58,621 - Review.reviews.sectorial_review - INFO -   DELTA AIR LINES INC.: 0.0036 -> 0.0037
2025-08-06 11:19:58,621 - Review.reviews.sectorial_review - INFO -   D'IETEREN GROUP: 0.0005 -> 0.0005
2025-08-06 11:19:58,621 - Review.reviews.sectorial_review - INFO -   DOLLAR GENERAL CORP.: 0.0029 -> 0.0030
2025-08-06 11:19:58,621 - Review.reviews.sectorial_review - INFO -   DOLLAR TREE INC.: 0.0023 -> 0.0024
2025-08-06 11:19:58,621 - Review.reviews.sectorial_review - INFO -   DRAFTKINGS. INC. A: 0.0022 -> 0.0023
2025-08-06 11:19:58,622 - Review.reviews.sectorial_review - INFO -   DUOLINGO INC CLASS A: 0.0021 -> 0.0022
2025-08-06 11:19:58,622 - Review.reviews.sectorial_review - INFO -   EASYJET: 0.0005 -> 0.0005
2025-08-06 11:19:58,622 - Review.reviews.sectorial_review - INFO -   EBAY INC.: 0.0041 -> 0.0043
2025-08-06 11:19:58,622 - Review.reviews.sectorial_review - INFO -   ELECTRONIC ARTS INC.: 0.0039 -> 0.0041
2025-08-06 11:19:58,622 - Review.reviews.sectorial_review - INFO -   ENTAIN PLC: 0.0008 -> 0.0008
2025-08-06 11:19:58,623 - Review.reviews.sectorial_review - INFO -   EVOLUTION AB: 0.0012 -> 0.0013
2025-08-06 11:19:58,623 - Review.reviews.sectorial_review - INFO -   EXPEDIA GROUP INC.: 0.0023 -> 0.0024
2025-08-06 11:19:58,623 - Review.reviews.sectorial_review - INFO -   FDJ UNITED: 0.0005 -> 0.0005
2025-08-06 11:19:58,623 - Review.reviews.sectorial_review - INFO -   FERRARI: 0.0067 -> 0.0070
2025-08-06 11:19:58,623 - Review.reviews.sectorial_review - INFO -   FLUTTER ENTERTAINMEN: 0.0052 -> 0.0055
2025-08-06 11:19:58,623 - Review.reviews.sectorial_review - INFO -   FORD MOTOR CO: 0.0047 -> 0.0049
2025-08-06 11:19:58,623 - Review.reviews.sectorial_review - INFO -   GAMES WORKSHOP GROUP: 0.0008 -> 0.0009
2025-08-06 11:19:58,623 - Review.reviews.sectorial_review - INFO -   GARMIN LTD.: 0.0037 -> 0.0039
2025-08-06 11:19:58,623 - Review.reviews.sectorial_review - INFO -   GENERAL MOTORS COMP.: 0.0053 -> 0.0056
2025-08-06 11:19:58,623 - Review.reviews.sectorial_review - INFO -   GENUINE PARTS COMP.: 0.0019 -> 0.0020
2025-08-06 11:19:58,623 - Review.reviews.sectorial_review - INFO -   HENKEL AG & CO PREF: 0.0014 -> 0.0015
2025-08-06 11:19:58,623 - Review.reviews.sectorial_review - INFO -   HENNES & MAURITZ AB: 0.0008 -> 0.0008
2025-08-06 11:19:58,623 - Review.reviews.sectorial_review - INFO -   HERMES INTL: 0.0096 -> 0.0101
2025-08-06 11:19:58,623 - Review.reviews.sectorial_review - INFO -   HILTON WORLDWIDE: 0.0067 -> 0.0071
2025-08-06 11:19:58,623 - Review.reviews.sectorial_review - INFO -   HOME DEPOT INC: 0.0398 -> 0.0417
2025-08-06 11:19:58,626 - Review.reviews.sectorial_review - INFO -   HOWDEN JOINERY GROUP: 0.0007 -> 0.0008
2025-08-06 11:19:58,626 - Review.reviews.sectorial_review - INFO -   INDITEX: 0.0074 -> 0.0078
2025-08-06 11:19:58,626 - Review.reviews.sectorial_review - INFO -   INFORMA: 0.0016 -> 0.0017
2025-08-06 11:19:58,626 - Review.reviews.sectorial_review - INFO -   INTERCONTINENTAL HTL: 0.0019 -> 0.0020
2025-08-06 11:19:58,626 - Review.reviews.sectorial_review - INFO -   INTL CONS AIRLINES: 0.0017 -> 0.0018
2025-08-06 11:19:58,626 - Review.reviews.sectorial_review - INFO -   ITV: 0.0004 -> 0.0004
2025-08-06 11:19:58,626 - Review.reviews.sectorial_review - INFO -   JET2 PLC: 0.0005 -> 0.0005
2025-08-06 11:19:58,627 - Review.reviews.sectorial_review - INFO -   KERING: 0.0018 -> 0.0019
2025-08-06 11:19:58,627 - Review.reviews.sectorial_review - INFO -   KINGFISHER: 0.0006 -> 0.0007
2025-08-06 11:19:58,627 - Review.reviews.sectorial_review - INFO -   LENNAR CORP A: 0.0028 -> 0.0029
2025-08-06 11:19:58,627 - Review.reviews.sectorial_review - INFO -   LIBERTY MEDIA CORP.: 0.0025 -> 0.0027
2025-08-06 11:19:58,627 - Review.reviews.sectorial_review - INFO -   LIVE NATION ENTERT: 0.0027 -> 0.0028
2025-08-06 11:19:58,628 - Review.reviews.sectorial_review - INFO -   L'OREAL: 0.0118 -> 0.0123
2025-08-06 11:19:58,628 - Review.reviews.sectorial_review - INFO -   LOTTOMATICA GROUP: 0.0006 -> 0.0006
2025-08-06 11:19:58,628 - Review.reviews.sectorial_review - INFO -   LOWE'S COMPANIES INC: 0.0136 -> 0.0143
2025-08-06 11:19:58,628 - Review.reviews.sectorial_review - INFO -   LUFTHANSA: 0.0009 -> 0.0010
2025-08-06 11:19:58,628 - Review.reviews.sectorial_review - INFO -   LULULEMON ATHLETICA: 0.0028 -> 0.0029
2025-08-06 11:19:58,628 - Review.reviews.sectorial_review - INFO -   LVMH: 0.0153 -> 0.0160
2025-08-06 11:19:58,628 - Review.reviews.sectorial_review - INFO -   MARRIOTT INTERN. INC: 0.0069 -> 0.0072
2025-08-06 11:19:58,628 - Review.reviews.sectorial_review - INFO -   MCDONALD'S CORP: 0.0240 -> 0.0251
2025-08-06 11:19:58,628 - Review.reviews.sectorial_review - INFO -   MERCADOLIBRE INC.: 0.0132 -> 0.0138
2025-08-06 11:19:58,628 - Review.reviews.sectorial_review - INFO -   MERCEDES-BENZ GROUP: 0.0047 -> 0.0050
2025-08-06 11:19:58,629 - Review.reviews.sectorial_review - INFO -   MICHELIN: 0.0030 -> 0.0031
2025-08-06 11:19:58,629 - Review.reviews.sectorial_review - INFO -   MONCLER: 0.0016 -> 0.0017
2025-08-06 11:19:58,629 - Review.reviews.sectorial_review - INFO -   NETFLIX INC.: 0.0597 -> 0.0625
2025-08-06 11:19:58,629 - Review.reviews.sectorial_review - INFO -   NEXT: 0.0021 -> 0.0022
2025-08-06 11:19:58,629 - Review.reviews.sectorial_review - INFO -   NIKE INC: 0.0081 -> 0.0085
2025-08-06 11:19:58,629 - Review.reviews.sectorial_review - INFO -   NVR INC.: 0.0024 -> 0.0025
2025-08-06 11:19:58,629 - Review.reviews.sectorial_review - INFO -   O'REILLY AUTOMOTIVE: 0.0006 -> 0.0006
2025-08-06 11:19:58,629 - Review.reviews.sectorial_review - INFO -   PANDORA A/S: 0.0016 -> 0.0016
2025-08-06 11:19:58,630 - Review.reviews.sectorial_review - INFO -   PEARSON: 0.0009 -> 0.0009
2025-08-06 11:19:58,630 - Review.reviews.sectorial_review - INFO -   PERSIMMON: 0.0007 -> 0.0007
2025-08-06 11:19:58,630 - Review.reviews.sectorial_review - INFO -   PORSCHE AG: 0.0006 -> 0.0006
2025-08-06 11:19:58,630 - Review.reviews.sectorial_review - INFO -   PORSCHE PREF: 0.0007 -> 0.0007
2025-08-06 11:19:58,630 - Review.reviews.sectorial_review - INFO -   PUBLICIS GROUPE SA: 0.0031 -> 0.0032
2025-08-06 11:19:58,630 - Review.reviews.sectorial_review - INFO -   PULTEGROUP INC: 0.0023 -> 0.0024
2025-08-06 11:19:58,630 - Review.reviews.sectorial_review - INFO -   RENAULT: 0.0011 -> 0.0011
2025-08-06 11:19:58,630 - Review.reviews.sectorial_review - INFO -   ROBLOX CORP. - A: 0.0073 -> 0.0077
2025-08-06 11:19:58,630 - Review.reviews.sectorial_review - INFO -   ROLLINS. INC.: 0.0020 -> 0.0021
2025-08-06 11:19:58,630 - Review.reviews.sectorial_review - INFO -   ROSS STORES INC.: 0.0049 -> 0.0051
2025-08-06 11:19:58,630 - Review.reviews.sectorial_review - INFO -   ROYAL CARIBBEAN: 0.0078 -> 0.0081
2025-08-06 11:19:58,631 - Review.reviews.sectorial_review - INFO -   RYANAIR HOLD. PLC: 0.0033 -> 0.0034
2025-08-06 11:19:58,631 - Review.reviews.sectorial_review - INFO -   SODEXO: 0.0006 -> 0.0006
2025-08-06 11:19:58,631 - Review.reviews.sectorial_review - INFO -   SPOTIFY TECHNOLOGY: 0.0127 -> 0.0133
2025-08-06 11:19:58,631 - Review.reviews.sectorial_review - INFO -   STARBUCKS CORP.: 0.0120 -> 0.0125
2025-08-06 11:19:58,631 - Review.reviews.sectorial_review - INFO -   STELLANTIS: 0.0023 -> 0.0024
2025-08-06 11:19:58,631 - Review.reviews.sectorial_review - INFO -   SWATCH GROUP-BR: 0.0006 -> 0.0006
2025-08-06 11:19:58,631 - Review.reviews.sectorial_review - INFO -   TAKE-TWO INTERACTIVE: 0.0046 -> 0.0048
2025-08-06 11:19:58,631 - Review.reviews.sectorial_review - INFO -   TARGET CORPORATION: 0.0050 -> 0.0052
2025-08-06 11:19:58,631 - Review.reviews.sectorial_review - INFO -   TAYLOR WIMPEY PLC: 0.0007 -> 0.0007
2025-08-06 11:19:58,631 - Review.reviews.sectorial_review - INFO -   TESLA INC: 0.0994 -> 0.1040
2025-08-06 11:19:58,631 - Review.reviews.sectorial_review - INFO -   THE WALT DISNEY COMP: 0.0244 -> 0.0255
2025-08-06 11:19:58,631 - Review.reviews.sectorial_review - INFO -   TJX COMPANIES INC: 0.0158 -> 0.0165
2025-08-06 11:19:58,631 - Review.reviews.sectorial_review - INFO -   TRACTOR SUPPLY COMP.: 0.0031 -> 0.0033
2025-08-06 11:19:58,631 - Review.reviews.sectorial_review - INFO -   TRADE DESK INC.: 0.0035 -> 0.0036
2025-08-06 11:19:58,631 - Review.reviews.sectorial_review - INFO -   TUI AG: 0.0004 -> 0.0004
2025-08-06 11:19:58,631 - Review.reviews.sectorial_review - INFO -   UBER TECHNOLOGIES: 0.0204 -> 0.0213
2025-08-06 11:19:58,631 - Review.reviews.sectorial_review - INFO -   ULTA BEAUTY INC: 0.0024 -> 0.0026
2025-08-06 11:19:58,631 - Review.reviews.sectorial_review - INFO -   UMG: 0.0036 -> 0.0037
2025-08-06 11:19:58,631 - Review.reviews.sectorial_review - INFO -   UNITED AIRLINES HLD: 0.0028 -> 0.0029
2025-08-06 11:19:58,631 - Review.reviews.sectorial_review - INFO -   VOLKSWAGEN PREF: 0.0024 -> 0.0025
2025-08-06 11:19:58,631 - Review.reviews.sectorial_review - INFO -   WALMART INC: 0.0477 -> 0.0499
2025-08-06 11:19:58,631 - Review.reviews.sectorial_review - INFO -   WARNER BROS DISCOVER: 0.0027 -> 0.0028
2025-08-06 11:19:58,631 - Review.reviews.sectorial_review - INFO -   WHITBREAD: 0.0008 -> 0.0008
2025-08-06 11:19:58,631 - Review.reviews.sectorial_review - INFO -   WILLIAMS-SONOMA.: 0.0021 -> 0.0022
2025-08-06 11:19:58,631 - Review.reviews.sectorial_review - INFO -   WOLTERS KLUWER: 0.0045 -> 0.0047
2025-08-06 11:19:58,631 - Review.reviews.sectorial_review - INFO -   WPP: 0.0008 -> 0.0009
2025-08-06 11:19:58,631 - Review.reviews.sectorial_review - INFO -   YUM! BRANDS INC.: 0.0045 -> 0.0047
2025-08-06 11:19:58,631 - Review.reviews.sectorial_review - INFO -   ZALANDO SE: 0.0009 -> 0.0009
2025-08-06 11:19:58,631 - Review.reviews.sectorial_review - INFO - Total weight after capping for TCDI: 1.011510
2025-08-06 11:19:58,631 - Review.reviews.sectorial_review - INFO - Maximum individual weight for TCDI: 0.200000 (cap: 0.200000)
2025-08-06 11:19:58,631 - Review.reviews.sectorial_review - ERROR - Error processing TCDI: Total weight 1.0115099185941394 is not equal to 1.0 for TCDI
2025-08-06 11:19:58,631 - Review.reviews.sectorial_review - WARNING - Failed to process TCDI
2025-08-06 11:19:58,631 - Review.reviews.sectorial_review - INFO - Processing TCST...
2025-08-06 11:19:58,637 - Review.reviews.sectorial_review - INFO - Total weight after capping for TCST: 1.003806
2025-08-06 11:19:58,638 - Review.reviews.sectorial_review - INFO - Maximum individual weight for TCST: 0.115053 (cap: 0.200000)
2025-08-06 11:19:58,638 - Review.reviews.sectorial_review - ERROR - Error processing TCST: Total weight 1.0038058054910404 is not equal to 1.0 for TCST
2025-08-06 11:19:58,638 - Review.reviews.sectorial_review - WARNING - Failed to process TCST
2025-08-06 11:19:58,638 - Review.reviews.sectorial_review - INFO - Processing TENR...
2025-08-06 11:19:58,640 - Review.reviews.sectorial_review - INFO - Total weight after capping for TENR: 1.000122
2025-08-06 11:19:58,640 - Review.reviews.sectorial_review - INFO - Maximum individual weight for TENR: 0.197637 (cap: 0.200000)
2025-08-06 11:19:58,640 - Review.reviews.sectorial_review - ERROR - Error processing TENR: Total weight 1.000121756802089 is not equal to 1.0 for TENR
2025-08-06 11:19:58,640 - Review.reviews.sectorial_review - WARNING - Failed to process TENR
2025-08-06 11:19:58,640 - Review.reviews.sectorial_review - INFO - Processing TFINP...
2025-08-06 11:19:58,643 - Review.reviews.sectorial_review - INFO - Total weight after capping for TFINP: 1.001363
2025-08-06 11:19:58,643 - Review.reviews.sectorial_review - INFO - Maximum individual weight for TFINP: 0.092092 (cap: 0.200000)
2025-08-06 11:19:58,643 - Review.reviews.sectorial_review - ERROR - Error processing TFINP: Total weight 1.0013626164338758 is not equal to 1.0 for TFINP
2025-08-06 11:19:58,643 - Review.reviews.sectorial_review - WARNING - Failed to process TFINP
2025-08-06 11:19:58,643 - Review.reviews.sectorial_review - INFO - Processing THEC...
2025-08-06 11:19:58,647 - Review.reviews.sectorial_review - INFO - Total weight after capping for THEC: 0.984623
2025-08-06 11:19:58,647 - Review.reviews.sectorial_review - INFO - Maximum individual weight for THEC: 0.094664 (cap: 0.200000)
2025-08-06 11:19:58,647 - Review.reviews.sectorial_review - ERROR - Error processing THEC: Total weight 0.9846228742009182 is not equal to 1.0 for THEC
2025-08-06 11:19:58,647 - Review.reviews.sectorial_review - WARNING - Failed to process THEC
2025-08-06 11:19:58,647 - Review.reviews.sectorial_review - INFO - Processing TIND...
2025-08-06 11:19:58,649 - Review.reviews.sectorial_review - INFO - Total weight after capping for TIND: 1.009319
2025-08-06 11:19:58,649 - Review.reviews.sectorial_review - INFO - Maximum individual weight for TIND: 0.072831 (cap: 0.200000)
2025-08-06 11:19:58,649 - Review.reviews.sectorial_review - ERROR - Error processing TIND: Total weight 1.0093188210695003 is not equal to 1.0 for TIND
2025-08-06 11:19:58,650 - Review.reviews.sectorial_review - WARNING - Failed to process TIND
2025-08-06 11:19:58,650 - Review.reviews.sectorial_review - INFO - Processing TTEC...
2025-08-06 11:19:58,652 - Review.reviews.sectorial_review - INFO - Total weight after capping for TTEC: 1.004419
2025-08-06 11:19:58,652 - Review.reviews.sectorial_review - INFO - Maximum individual weight for TTEC: 0.175780 (cap: 0.200000)
2025-08-06 11:19:58,652 - Review.reviews.sectorial_review - ERROR - Error processing TTEC: Total weight 1.0044187083637817 is not equal to 1.0 for TTEC
2025-08-06 11:19:58,652 - Review.reviews.sectorial_review - WARNING - Failed to process TTEC
2025-08-06 11:19:58,652 - Review.reviews.sectorial_review - INFO - Processing TTEL...
2025-08-06 11:19:58,656 - Review.reviews.sectorial_review - INFO - Total weight after capping for TTEL: 1.000798
2025-08-06 11:19:58,656 - Review.reviews.sectorial_review - INFO - Maximum individual weight for TTEL: 0.181417 (cap: 0.200000)
2025-08-06 11:19:58,656 - Review.reviews.sectorial_review - ERROR - Error processing TTEL: Total weight 1.0007977951536404 is not equal to 1.0 for TTEL
2025-08-06 11:19:58,656 - Review.reviews.sectorial_review - WARNING - Failed to process TTEL
2025-08-06 11:19:58,656 - Review.reviews.sectorial_review - INFO - Processing TUTI...
2025-08-06 11:19:58,659 - Review.reviews.sectorial_review - INFO - Total weight after capping for TUTI: 1.006253
2025-08-06 11:19:58,659 - Review.reviews.sectorial_review - INFO - Maximum individual weight for TUTI: 0.080535 (cap: 0.200000)
2025-08-06 11:19:58,659 - Review.reviews.sectorial_review - ERROR - Error processing TUTI: Total weight 1.006252601896435 is not equal to 1.0 for TUTI
2025-08-06 11:19:58,659 - Review.reviews.sectorial_review - WARNING - Failed to process TUTI
2025-08-06 11:19:58,659 - Review.reviews.sectorial_review - INFO - Processing UUTI...
2025-08-06 11:19:58,661 - Review.reviews.sectorial_review - INFO - Total weight after capping for UUTI: 1.003393
2025-08-06 11:19:58,662 - Review.reviews.sectorial_review - INFO - Maximum individual weight for UUTI: 0.112803 (cap: 0.200000)
2025-08-06 11:19:58,662 - Review.reviews.sectorial_review - ERROR - Error processing UUTI: Total weight 1.0033933798062313 is not equal to 1.0 for UUTI
2025-08-06 11:19:58,662 - Review.reviews.sectorial_review - WARNING - Failed to process UUTI
2025-08-06 11:19:58,662 - Review.reviews.sectorial_review - INFO - Processing UTEL...
2025-08-06 11:19:58,668 - Review.reviews.sectorial_review - INFO - Capped 1 companies to 20% in UTEL:
2025-08-06 11:19:58,668 - Review.reviews.sectorial_review - INFO -   CISCO SYSTEMS INC: 0.2526 -> 0.2000
2025-08-06 11:19:58,668 - Review.reviews.sectorial_review - INFO - Boosted 7 companies due to redistribution in UTEL:
2025-08-06 11:19:58,668 - Review.reviews.sectorial_review - INFO -   ARISTA NETWORKS INC.: 0.0880 -> 0.0950
2025-08-06 11:19:58,669 - Review.reviews.sectorial_review - INFO -   AT&T INC: 0.1943 -> 0.2000
2025-08-06 11:19:58,669 - Review.reviews.sectorial_review - INFO -   CHARTER COM. CLASS A: 0.0358 -> 0.0387
2025-08-06 11:19:58,669 - Review.reviews.sectorial_review - INFO -   COMCAST: 0.1256 -> 0.1356
2025-08-06 11:19:58,669 - Review.reviews.sectorial_review - INFO -   MOTOROLA SOLUTIONS: 0.0662 -> 0.0715
2025-08-06 11:19:58,669 - Review.reviews.sectorial_review - INFO -   T-MOBILE US INC.: 0.0982 -> 0.1060
2025-08-06 11:19:58,669 - Review.reviews.sectorial_review - INFO -   VERIZON: 0.1723 -> 0.1860
2025-08-06 11:19:58,670 - Review.reviews.sectorial_review - INFO - Total weight after capping for UTEL: 1.032904
2025-08-06 11:19:58,670 - Review.reviews.sectorial_review - INFO - Maximum individual weight for UTEL: 0.200000 (cap: 0.200000)
2025-08-06 11:19:58,670 - Review.reviews.sectorial_review - ERROR - Error processing UTEL: Total weight 1.0329043060771939 is not equal to 1.0 for UTEL
2025-08-06 11:19:58,670 - Review.reviews.sectorial_review - WARNING - Failed to process UTEL
2025-08-06 11:19:58,670 - Review.reviews.sectorial_review - INFO - Processing UTEC...
2025-08-06 11:19:58,674 - Review.reviews.sectorial_review - INFO - Total weight after capping for UTEC: 0.998752
2025-08-06 11:19:58,675 - Review.reviews.sectorial_review - INFO - Maximum individual weight for UTEC: 0.185042 (cap: 0.200000)
2025-08-06 11:19:58,675 - Review.reviews.sectorial_review - ERROR - Error processing UTEC: Total weight 0.9987524050339408 is not equal to 1.0 for UTEC
2025-08-06 11:19:58,675 - Review.reviews.sectorial_review - WARNING - Failed to process UTEC
2025-08-06 11:19:58,675 - Review.reviews.sectorial_review - INFO - Processing UIND...
2025-08-06 11:19:58,678 - Review.reviews.sectorial_review - INFO - Total weight after capping for UIND: 1.009649
2025-08-06 11:19:58,678 - Review.reviews.sectorial_review - INFO - Maximum individual weight for UIND: 0.101079 (cap: 0.200000)
2025-08-06 11:19:58,678 - Review.reviews.sectorial_review - ERROR - Error processing UIND: Total weight 1.0096491070762976 is not equal to 1.0 for UIND
2025-08-06 11:19:58,678 - Review.reviews.sectorial_review - WARNING - Failed to process UIND
2025-08-06 11:19:58,678 - Review.reviews.sectorial_review - INFO - Processing UHEC...
2025-08-06 11:19:58,681 - Review.reviews.sectorial_review - INFO - Total weight after capping for UHEC: 0.982955
2025-08-06 11:19:58,681 - Review.reviews.sectorial_review - INFO - Maximum individual weight for UHEC: 0.131028 (cap: 0.200000)
2025-08-06 11:19:58,681 - Review.reviews.sectorial_review - ERROR - Error processing UHEC: Total weight 0.982954793286203 is not equal to 1.0 for UHEC
2025-08-06 11:19:58,681 - Review.reviews.sectorial_review - WARNING - Failed to process UHEC
2025-08-06 11:19:58,681 - Review.reviews.sectorial_review - INFO - Processing UFIN...
2025-08-06 11:19:58,684 - Review.reviews.sectorial_review - INFO - Total weight after capping for UFIN: 1.004780
2025-08-06 11:19:58,685 - Review.reviews.sectorial_review - INFO - Maximum individual weight for UFIN: 0.141015 (cap: 0.200000)
2025-08-06 11:19:58,685 - Review.reviews.sectorial_review - ERROR - Error processing UFIN: Total weight 1.0047796658526194 is not equal to 1.0 for UFIN
2025-08-06 11:19:58,685 - Review.reviews.sectorial_review - WARNING - Failed to process UFIN
2025-08-06 11:19:58,685 - Review.reviews.sectorial_review - INFO - Processing UENR...
2025-08-06 11:19:58,689 - Review.reviews.sectorial_review - INFO - Capped 1 companies to 20% in UENR:
2025-08-06 11:19:58,690 - Review.reviews.sectorial_review - INFO -   EXXON MOBIL: 0.2969 -> 0.2000
2025-08-06 11:19:58,690 - Review.reviews.sectorial_review - INFO - Boosted 26 companies due to redistribution in UENR:
2025-08-06 11:19:58,690 - Review.reviews.sectorial_review - INFO -   BAKER HUGHES COMPANY: 0.0237 -> 0.0266
2025-08-06 11:19:58,690 - Review.reviews.sectorial_review - INFO -   CHENIERE ENERGY: 0.0316 -> 0.0354
2025-08-06 11:19:58,691 - Review.reviews.sectorial_review - INFO -   CHEVRON CORPORATION: 0.1492 -> 0.1672
2025-08-06 11:19:58,691 - Review.reviews.sectorial_review - INFO -   CONOCOPHILLIPS: 0.0728 -> 0.0816
2025-08-06 11:19:58,691 - Review.reviews.sectorial_review - INFO -   COTERRA ENERGY INC.: 0.0123 -> 0.0138
2025-08-06 11:19:58,691 - Review.reviews.sectorial_review - INFO -   DEVON ENERGY CORP: 0.0135 -> 0.0151
2025-08-06 11:19:58,691 - Review.reviews.sectorial_review - INFO -   DIAMONDBACK ENERGY: 0.0175 -> 0.0197
2025-08-06 11:19:58,691 - Review.reviews.sectorial_review - INFO -   ENERGY TRANSFER L.P.: 0.0353 -> 0.0396
2025-08-06 11:19:58,692 - Review.reviews.sectorial_review - INFO -   ENTERPRISE PRODUCTS: 0.0286 -> 0.0321
2025-08-06 11:19:58,692 - Review.reviews.sectorial_review - INFO -   EOG RESOURCES INC.: 0.0411 -> 0.0461
2025-08-06 11:19:58,692 - Review.reviews.sectorial_review - INFO -   EQT CORPORATION: 0.0213 -> 0.0239
2025-08-06 11:19:58,692 - Review.reviews.sectorial_review - INFO -   EXPAND ENERGY: 0.0172 -> 0.0193
2025-08-06 11:19:58,692 - Review.reviews.sectorial_review - INFO -   FIRST SOLAR INC: 0.0093 -> 0.0104
2025-08-06 11:19:58,692 - Review.reviews.sectorial_review - INFO -   HALLIBURTON COMPANY: 0.0120 -> 0.0134
2025-08-06 11:19:58,692 - Review.reviews.sectorial_review - INFO -   HESS CORPORATION: 0.0256 -> 0.0287
2025-08-06 11:19:58,692 - Review.reviews.sectorial_review - INFO -   KINDER MORGAN INC.: 0.0313 -> 0.0351
2025-08-06 11:19:58,692 - Review.reviews.sectorial_review - INFO -   MARATHON PETROLEUM: 0.0316 -> 0.0354
2025-08-06 11:19:58,693 - Review.reviews.sectorial_review - INFO -   MPLX LP: 0.0111 -> 0.0124
2025-08-06 11:19:58,693 - Review.reviews.sectorial_review - INFO -   OCCIDENTAL PETROLEUM: 0.0205 -> 0.0230
2025-08-06 11:19:58,693 - Review.reviews.sectorial_review - INFO -   ONEOK INC.: 0.0307 -> 0.0344
2025-08-06 11:19:58,693 - Review.reviews.sectorial_review - INFO -   PHILLIPS 66: 0.0307 -> 0.0344
2025-08-06 11:19:58,693 - Review.reviews.sectorial_review - INFO -   SCHLUMBERGER LTD: 0.0297 -> 0.0332
2025-08-06 11:19:58,693 - Review.reviews.sectorial_review - INFO -   TARGA RESOURCES CORP: 0.0222 -> 0.0249
2025-08-06 11:19:58,693 - Review.reviews.sectorial_review - INFO -   TEXAS PACIFIC LAND: 0.0151 -> 0.0169
2025-08-06 11:19:58,694 - Review.reviews.sectorial_review - INFO -   VALERO ENERGY CORP.: 0.0268 -> 0.0301
2025-08-06 11:19:58,694 - Review.reviews.sectorial_review - INFO -   WILLIAMS COMPANIES: 0.0432 -> 0.0484
2025-08-06 11:19:58,694 - Review.reviews.sectorial_review - INFO - Total weight after capping for UENR: 1.100919
2025-08-06 11:19:58,694 - Review.reviews.sectorial_review - INFO - Maximum individual weight for UENR: 0.200000 (cap: 0.200000)
2025-08-06 11:19:58,694 - Review.reviews.sectorial_review - ERROR - Error processing UENR: Total weight 1.1009187638054831 is not equal to 1.0 for UENR
2025-08-06 11:19:58,694 - Review.reviews.sectorial_review - WARNING - Failed to process UENR
2025-08-06 11:19:58,694 - Review.reviews.sectorial_review - INFO - Processing UCST...
2025-08-06 11:19:58,697 - Review.reviews.sectorial_review - INFO - Total weight after capping for UCST: 1.006839
2025-08-06 11:19:58,697 - Review.reviews.sectorial_review - INFO - Maximum individual weight for UCST: 0.174366 (cap: 0.200000)
2025-08-06 11:19:58,697 - Review.reviews.sectorial_review - ERROR - Error processing UCST: Total weight 1.006838902229296 is not equal to 1.0 for UCST
2025-08-06 11:19:58,697 - Review.reviews.sectorial_review - WARNING - Failed to process UCST
2025-08-06 11:19:58,697 - Review.reviews.sectorial_review - INFO - Processing UCDI...
2025-08-06 11:19:58,702 - Review.reviews.sectorial_review - INFO - Capped 1 companies to 20% in UCDI:
2025-08-06 11:19:58,702 - Review.reviews.sectorial_review - INFO -   AMAZON: 0.2935 -> 0.2000
2025-08-06 11:19:58,702 - Review.reviews.sectorial_review - INFO - Boosted 59 companies due to redistribution in UCDI:
2025-08-06 11:19:58,702 - Review.reviews.sectorial_review - INFO -   AIRBNB INC. CLASS A: 0.0082 -> 0.0092
2025-08-06 11:19:58,703 - Review.reviews.sectorial_review - INFO -   AUTOZONE INC.: 0.0086 -> 0.0096
2025-08-06 11:19:58,703 - Review.reviews.sectorial_review - INFO -   BOOKING HOLDINGS INC: 0.0247 -> 0.0276
2025-08-06 11:19:58,703 - Review.reviews.sectorial_review - INFO -   CARNIVAL CORPORATION: 0.0035 -> 0.0039
2025-08-06 11:19:58,703 - Review.reviews.sectorial_review - INFO -   CARVANA CO: 0.0057 -> 0.0064
2025-08-06 11:19:58,703 - Review.reviews.sectorial_review - INFO -   CHIPOTLE MEX. GRILL: 0.0099 -> 0.0111
2025-08-06 11:19:58,703 - Review.reviews.sectorial_review - INFO -   COPART INC.: 0.0060 -> 0.0067
2025-08-06 11:19:58,703 - Review.reviews.sectorial_review - INFO -   COSTCO WHOLES. CORP.: 0.0620 -> 0.0694
2025-08-06 11:19:58,703 - Review.reviews.sectorial_review - INFO -   COUPANG INC. CLASS A: 0.0054 -> 0.0060
2025-08-06 11:19:58,703 - Review.reviews.sectorial_review - INFO -   D.R. HORTON INC.: 0.0050 -> 0.0056
2025-08-06 11:19:58,704 - Review.reviews.sectorial_review - INFO -   DARDEN RESTAURANTS: 0.0038 -> 0.0042
2025-08-06 11:19:58,704 - Review.reviews.sectorial_review - INFO -   DELTA AIR LINES INC.: 0.0044 -> 0.0049
2025-08-06 11:19:58,704 - Review.reviews.sectorial_review - INFO -   DOLLAR GENERAL CORP.: 0.0036 -> 0.0040
2025-08-06 11:19:58,704 - Review.reviews.sectorial_review - INFO -   DOLLAR TREE INC.: 0.0028 -> 0.0031
2025-08-06 11:19:58,704 - Review.reviews.sectorial_review - INFO -   DRAFTKINGS. INC. A: 0.0027 -> 0.0030
2025-08-06 11:19:58,704 - Review.reviews.sectorial_review - INFO -   DUOLINGO INC CLASS A: 0.0027 -> 0.0030
2025-08-06 11:19:58,704 - Review.reviews.sectorial_review - INFO -   EBAY INC.: 0.0051 -> 0.0057
2025-08-06 11:19:58,705 - Review.reviews.sectorial_review - INFO -   ELECTRONIC ARTS INC.: 0.0049 -> 0.0054
2025-08-06 11:19:58,705 - Review.reviews.sectorial_review - INFO -   EXPEDIA GROUP INC.: 0.0028 -> 0.0032
2025-08-06 11:19:58,705 - Review.reviews.sectorial_review - INFO -   FLUTTER ENTERTAINMEN: 0.0065 -> 0.0073
2025-08-06 11:19:58,705 - Review.reviews.sectorial_review - INFO -   FORD MOTOR CO: 0.0058 -> 0.0065
2025-08-06 11:19:58,705 - Review.reviews.sectorial_review - INFO -   GARMIN LTD.: 0.0046 -> 0.0052
2025-08-06 11:19:58,706 - Review.reviews.sectorial_review - INFO -   GENERAL MOTORS COMP.: 0.0066 -> 0.0074
2025-08-06 11:19:58,706 - Review.reviews.sectorial_review - INFO -   GENUINE PARTS COMP.: 0.0024 -> 0.0027
2025-08-06 11:19:58,706 - Review.reviews.sectorial_review - INFO -   HILTON WORLDWIDE: 0.0084 -> 0.0094
2025-08-06 11:19:58,706 - Review.reviews.sectorial_review - INFO -   HOME DEPOT INC: 0.0496 -> 0.0555
2025-08-06 11:19:58,706 - Review.reviews.sectorial_review - INFO -   LENNAR CORP A: 0.0035 -> 0.0039
2025-08-06 11:19:58,707 - Review.reviews.sectorial_review - INFO -   LIBERTY MEDIA CORP.: 0.0032 -> 0.0035
2025-08-06 11:19:58,707 - Review.reviews.sectorial_review - INFO -   LIVE NATION ENTERT: 0.0034 -> 0.0038
2025-08-06 11:19:58,707 - Review.reviews.sectorial_review - INFO -   LOWE'S COMPANIES INC: 0.0170 -> 0.0190
2025-08-06 11:19:58,707 - Review.reviews.sectorial_review - INFO -   LULULEMON ATHLETICA: 0.0035 -> 0.0039
2025-08-06 11:19:58,707 - Review.reviews.sectorial_review - INFO -   MARRIOTT INTERN. INC: 0.0085 -> 0.0095
2025-08-06 11:19:58,708 - Review.reviews.sectorial_review - INFO -   MCDONALD'S CORP: 0.0299 -> 0.0334
2025-08-06 11:19:58,708 - Review.reviews.sectorial_review - INFO -   MERCADOLIBRE INC.: 0.0165 -> 0.0184
2025-08-06 11:19:58,708 - Review.reviews.sectorial_review - INFO -   NETFLIX INC.: 0.0743 -> 0.0831
2025-08-06 11:19:58,708 - Review.reviews.sectorial_review - INFO -   NIKE INC: 0.0101 -> 0.0113
2025-08-06 11:19:58,708 - Review.reviews.sectorial_review - INFO -   NVR INC.: 0.0029 -> 0.0033
2025-08-06 11:19:58,709 - Review.reviews.sectorial_review - INFO -   O'REILLY AUTOMOTIVE: 0.0007 -> 0.0008
2025-08-06 11:19:58,709 - Review.reviews.sectorial_review - INFO -   PULTEGROUP INC: 0.0028 -> 0.0032
2025-08-06 11:19:58,709 - Review.reviews.sectorial_review - INFO -   ROBLOX CORP. - A: 0.0091 -> 0.0102
2025-08-06 11:19:58,709 - Review.reviews.sectorial_review - INFO -   ROLLINS. INC.: 0.0025 -> 0.0028
2025-08-06 11:19:58,709 - Review.reviews.sectorial_review - INFO -   ROSS STORES INC.: 0.0061 -> 0.0068
2025-08-06 11:19:58,710 - Review.reviews.sectorial_review - INFO -   ROYAL CARIBBEAN: 0.0097 -> 0.0108
2025-08-06 11:19:58,710 - Review.reviews.sectorial_review - INFO -   SPOTIFY TECHNOLOGY: 0.0158 -> 0.0176
2025-08-06 11:19:58,710 - Review.reviews.sectorial_review - INFO -   STARBUCKS CORP.: 0.0149 -> 0.0167
2025-08-06 11:19:58,710 - Review.reviews.sectorial_review - INFO -   TAKE-TWO INTERACTIVE: 0.0057 -> 0.0064
2025-08-06 11:19:58,710 - Review.reviews.sectorial_review - INFO -   TARGET CORPORATION: 0.0062 -> 0.0069
2025-08-06 11:19:58,710 - Review.reviews.sectorial_review - INFO -   TESLA INC: 0.1237 -> 0.1384
2025-08-06 11:19:58,711 - Review.reviews.sectorial_review - INFO -   THE WALT DISNEY COMP: 0.0304 -> 0.0340
2025-08-06 11:19:58,711 - Review.reviews.sectorial_review - INFO -   TJX COMPANIES INC: 0.0196 -> 0.0220
2025-08-06 11:19:58,711 - Review.reviews.sectorial_review - INFO -   TRACTOR SUPPLY COMP.: 0.0039 -> 0.0043
2025-08-06 11:19:58,711 - Review.reviews.sectorial_review - INFO -   TRADE DESK INC.: 0.0043 -> 0.0049
2025-08-06 11:19:58,711 - Review.reviews.sectorial_review - INFO -   UBER TECHNOLOGIES: 0.0253 -> 0.0284
2025-08-06 11:19:58,712 - Review.reviews.sectorial_review - INFO -   ULTA BEAUTY INC: 0.0030 -> 0.0034
2025-08-06 11:19:58,712 - Review.reviews.sectorial_review - INFO -   UNITED AIRLINES HLD: 0.0034 -> 0.0039
2025-08-06 11:19:58,713 - Review.reviews.sectorial_review - INFO -   WALMART INC: 0.0593 -> 0.0664
2025-08-06 11:19:58,713 - Review.reviews.sectorial_review - INFO -   WARNER BROS DISCOVER: 0.0034 -> 0.0038
2025-08-06 11:19:58,713 - Review.reviews.sectorial_review - INFO -   WILLIAMS-SONOMA.: 0.0026 -> 0.0029
2025-08-06 11:19:58,713 - Review.reviews.sectorial_review - INFO -   YUM! BRANDS INC.: 0.0056 -> 0.0062
2025-08-06 11:19:58,713 - Review.reviews.sectorial_review - INFO - Total weight after capping for UCDI: 1.079892
2025-08-06 11:19:58,713 - Review.reviews.sectorial_review - INFO - Maximum individual weight for UCDI: 0.200000 (cap: 0.200000)
2025-08-06 11:19:58,714 - Review.reviews.sectorial_review - ERROR - Error processing UCDI: Total weight 1.0798923618063545 is not equal to 1.0 for UCDI
2025-08-06 11:19:58,714 - Review.reviews.sectorial_review - WARNING - Failed to process UCDI
2025-08-06 11:19:58,714 - Review.reviews.sectorial_review - INFO - Processing UBMA...
2025-08-06 11:19:58,718 - Review.reviews.sectorial_review - INFO - Capped 1 companies to 20% in UBMA:
2025-08-06 11:19:58,718 - Review.reviews.sectorial_review - INFO -   LINDE PLC: 0.4122 -> 0.2000
2025-08-06 11:19:58,718 - Review.reviews.sectorial_review - INFO - Boosted 10 companies due to redistribution in UBMA:
2025-08-06 11:19:58,718 - Review.reviews.sectorial_review - INFO -   AIR PROD & CHEMICALS: 0.1171 -> 0.1486
2025-08-06 11:19:58,718 - Review.reviews.sectorial_review - INFO -   ANGLOGOLD ASHANTI: 0.0462 -> 0.0587
2025-08-06 11:19:58,718 - Review.reviews.sectorial_review - INFO -   ECOLAB INC: 0.1267 -> 0.1608
2025-08-06 11:19:58,719 - Review.reviews.sectorial_review - INFO -   FASTENAL COMPANY: 0.0906 -> 0.1149
2025-08-06 11:19:58,719 - Review.reviews.sectorial_review - INFO -   FREEPORT-MCMORAN: 0.1129 -> 0.1432
2025-08-06 11:19:58,719 - Review.reviews.sectorial_review - INFO -   INTERNATIONAL PAPER: 0.0461 -> 0.0584
2025-08-06 11:19:58,719 - Review.reviews.sectorial_review - INFO -   INTL FLAVORS & FRAGR: 0.0365 -> 0.0463
2025-08-06 11:19:58,719 - Review.reviews.sectorial_review - INFO -   NEWMONT COR: 0.1237 -> 0.1570
2025-08-06 11:19:58,719 - Review.reviews.sectorial_review - INFO -   NUCOR CORPORATION: 0.0536 -> 0.0680
2025-08-06 11:19:58,719 - Review.reviews.sectorial_review - INFO -   STEEL DYNAMICS INC.: 0.0357 -> 0.0453
2025-08-06 11:19:58,720 - Review.reviews.sectorial_review - INFO - Total weight after capping for UBMA: 1.201160
2025-08-06 11:19:58,720 - Review.reviews.sectorial_review - INFO - Maximum individual weight for UBMA: 0.200000 (cap: 0.200000)
2025-08-06 11:19:58,720 - Review.reviews.sectorial_review - ERROR - Error processing UBMA: Total weight 1.201159907186546 is not equal to 1.0 for UBMA
2025-08-06 11:19:58,720 - Review.reviews.sectorial_review - WARNING - Failed to process UBMA
2025-08-06 11:19:58,720 - Review.reviews.sectorial_review - INFO - Creating summary file: C:\Users\CSonneveld\OneDrive - Euronext\Documents\Projects\GUI + Reviews\output\All_Sectorial_Summary_20250806_111958.xlsx
2025-08-06 11:19:58,757 - werkzeug - INFO - 127.0.0.1 - - [06/Aug/2025 11:19:58] "POST /calculate HTTP/1.1" 200 -
2025-08-06 11:28:24,950 - werkzeug - INFO -  * Detected change in 'C:\\Users\\CSonneveld\\OneDrive - Euronext\\Documents\\Projects\\GUI + Reviews\\Review\\reviews\\sectorial_review.py', reloading
2025-08-06 11:28:24,950 - werkzeug - INFO -  * Detected change in 'C:\\Users\\CSonneveld\\OneDrive - Euronext\\Documents\\Projects\\GUI + Reviews\\Review\\reviews\\sectorial_review.py', reloading
2025-08-06 11:28:24,950 - werkzeug - INFO -  * Detected change in 'C:\\Users\\CSonneveld\\OneDrive - Euronext\\Documents\\Projects\\GUI + Reviews\\Review\\reviews\\sectorial_review.py', reloading
2025-08-06 11:28:25,132 - werkzeug - INFO -  * Detected change in 'C:\\Users\\CSonneveld\\OneDrive - Euronext\\Documents\\Projects\\GUI + Reviews\\Review\\reviews\\sectorial_review.py', reloading
2025-08-06 11:28:25,132 - werkzeug - INFO -  * Detected change in 'C:\\Users\\CSonneveld\\OneDrive - Euronext\\Documents\\Projects\\GUI + Reviews\\Review\\reviews\\sectorial_review.py', reloading
2025-08-06 11:28:25,132 - werkzeug - INFO -  * Detected change in 'C:\\Users\\CSonneveld\\OneDrive - Euronext\\Documents\\Projects\\GUI + Reviews\\Review\\reviews\\sectorial_review.py', reloading
2025-08-06 11:28:25,300 - werkzeug - INFO -  * Detected change in 'C:\\Users\\CSonneveld\\OneDrive - Euronext\\Documents\\Projects\\GUI + Reviews\\Review\\reviews\\sectorial_review.py', reloading
2025-08-06 11:28:25,300 - werkzeug - INFO -  * Detected change in 'C:\\Users\\CSonneveld\\OneDrive - Euronext\\Documents\\Projects\\GUI + Reviews\\Review\\reviews\\sectorial_review.py', reloading
2025-08-06 11:28:25,301 - werkzeug - INFO -  * Detected change in 'C:\\Users\\CSonneveld\\OneDrive - Euronext\\Documents\\Projects\\GUI + Reviews\\Review\\reviews\\sectorial_review.py', reloading
