2025-12-16 11:04:26,800 - werkzeug - WARNING -  * Debugger is active!
2025-12-16 11:04:26,800 - werkzeug - INFO -  * Debugger PIN: 691-175-853
2025-12-16 11:04:26,832 - werkzeug - INFO - 127.0.0.1 - - [16/Dec/2025 11:04:26] "GET /task-status/e5e9b114-bc94-4683-9eaf-c88d9443bdbe HTTP/1.1" 200 -
2025-12-16 11:04:48,834 - werkzeug - INFO - 127.0.0.1 - - [16/Dec/2025 11:04:48] "POST /calculate HTTP/1.1" 200 -
2025-12-16 11:04:48,834 - Review.reviews.eri5p_review - INFO - Loading EOD data...
2025-12-16 11:04:48,834 - werkzeug - INFO - 127.0.0.1 - - [16/Dec/2025 11:04:48] "GET /task-status/38a80f37-7bfb-4ac9-85f3-56f9b8594ac1 HTTP/1.1" 200 -
2025-12-16 11:04:49,281 - Review.reviews.eri5p_review - INFO - Loading reference data...
2025-12-16 11:04:50,533 - Review.reviews.eri5p_review - INFO - Ranking validation:
2025-12-16 11:04:50,540 - Review.reviews.eri5p_review - INFO - Top 10 companies by overall ranking:
                  Company  New Sustainability Score          FFMC  Overall_Ranking                                         All_Exclusion_Reasons
289            VERBUND AG                  10.00000  4.249033e+09                1                        Excluded: 100 days avg turnover < €22M
100        EDP RENOVAVEIS                  10.00000  3.559849e+09                2                        Excluded: 100 days avg turnover < €22M
38             AURUBIS AG                  10.00000  2.859248e+09                3  Excluded: FFMC < €3B; Excluded: 100 days avg turnover < €22M
224                  RELX                   9.94863  6.728146e+10                4                                                              
235          SAINT GOBAIN                   9.94863  3.651676e+10                5                                                              
175               KPN KON                   9.94863  1.528350e+10                6                                                              
251  SIEMENS HEALTHINEERS                   9.94863  1.413497e+10                7                                                              
280    UNIBAIL-RODAMCO-WE                   9.94863  1.088517e+10                8                                                              
106                ENDESA                   9.94863  9.808279e+09                9                        Excluded: 100 days avg turnover < €22M
124            FORTUM OYJ                   9.94863  8.162864e+09               10                        Excluded: 100 days avg turnover < €22M
2025-12-16 11:04:50,540 - Review.reviews.eri5p_review - INFO - Top 10 eligible companies:
                  Company  New Sustainability Score          FFMC  Eligible_Ranking
224                  RELX                   9.94863  6.728146e+10               1.0
235          SAINT GOBAIN                   9.94863  3.651676e+10               2.0
175               KPN KON                   9.94863  1.528350e+10               3.0
251  SIEMENS HEALTHINEERS                   9.94863  1.413497e+10               4.0
280    UNIBAIL-RODAMCO-WE                   9.94863  1.088517e+10               5.0
238                SANOFI                   9.75000  1.006574e+11               6.0
111      ESSILORLUXOTTICA                   9.75000  9.920577e+10               7.0
277                   UCB                   9.75000  2.945788e+10               8.0
128     FRESENIUS SE & CO                   9.75000  1.982877e+10               9.0
189             MERCK KGA                   9.75000  1.451390e+10              10.0
2025-12-16 11:04:50,540 - Review.reviews.eri5p_review - INFO - Total universe: 300 companies
2025-12-16 11:04:50,540 - Review.reviews.eri5p_review - INFO - Total excluded: 178 companies
2025-12-16 11:04:50,540 - Review.reviews.eri5p_review - INFO - Eligible for selection: 122 companies
2025-12-16 11:04:50,544 - Review.reviews.eri5p_review - INFO - Selecting top 50 companies ranked by Sustainability Score (with FFMC as tiebreaker) from eligible companies...
2025-12-16 11:04:50,553 - Review.reviews.eri5p_review - INFO - Saving ERI5P output to: C:\Users\CSonneveld\OneDrive - Euronext\Documents\Projects\GUI + Reviews\output\ERI5P_df_20251216_110450.xlsx
2025-12-16 11:04:50,849 - werkzeug - INFO - 127.0.0.1 - - [16/Dec/2025 11:04:50] "GET /task-status/38a80f37-7bfb-4ac9-85f3-56f9b8594ac1 HTTP/1.1" 200 -
2025-12-16 11:10:25,357 - werkzeug - INFO -  * Detected change in 'C:\\Users\\CSonneveld\\OneDrive - Euronext\\Documents\\Projects\\GUI + Reviews\\Review\\reviews\\eri5p_review.py', reloading
2025-12-16 11:10:25,357 - werkzeug - INFO -  * Detected change in 'C:\\Users\\CSonneveld\\OneDrive - Euronext\\Documents\\Projects\\GUI + Reviews\\Review\\reviews\\eri5p_review.py', reloading
