2025-12-04 10:21:56,139 - werkzeug - WARNING -  * Debugger is active!
2025-12-04 10:21:56,139 - werkzeug - INFO -  * Debugger PIN: 691-175-853
2025-12-04 10:22:06,022 - werkzeug - INFO - 127.0.0.1 - - [04/Dec/2025 10:22:06] "POST /calculate HTTP/1.1" 200 -
2025-12-04 10:22:06,023 - Review.reviews.ewsl_review - INFO - Starting EWSL review calculation
2025-12-04 10:22:06,026 - werkzeug - INFO - 127.0.0.1 - - [04/Dec/2025 10:22:06] "GET /task-status/058e3c3e-146b-4379-b61c-1be4418b45f0 HTTP/1.1" 200 -
2025-12-04 10:22:08,028 - werkzeug - INFO - 127.0.0.1 - - [04/Dec/2025 10:22:08] "GET /task-status/058e3c3e-146b-4379-b61c-1be4418b45f0 HTTP/1.1" 200 -
2025-12-04 10:22:10,023 - werkzeug - INFO - 127.0.0.1 - - [04/Dec/2025 10:22:10] "GET /task-status/058e3c3e-146b-4379-b61c-1be4418b45f0 HTTP/1.1" 200 -
2025-12-04 10:22:10,259 - Review.reviews.ewsl_review - INFO - Found 0 existing companies in EWSL
2025-12-04 10:22:10,259 - Review.reviews.ewsl_review - INFO - 
EWSL Selection Summary by Country:
2025-12-04 10:22:10,269 - Review.reviews.ewsl_review - INFO - Australia: 214 total (0 existing, 214 new)
2025-12-04 10:22:10,272 - Review.reviews.ewsl_review - INFO - Austria: 12 total (0 existing, 12 new)
2025-12-04 10:22:10,276 - Review.reviews.ewsl_review - INFO - Belgium: 21 total (0 existing, 21 new)
2025-12-04 10:22:10,278 - Review.reviews.ewsl_review - INFO - Canada: 151 total (0 existing, 151 new)
2025-12-04 10:22:10,282 - Review.reviews.ewsl_review - INFO - Denmark: 22 total (0 existing, 22 new)
2025-12-04 10:22:10,284 - Review.reviews.ewsl_review - INFO - Finland: 36 total (0 existing, 36 new)
2025-12-04 10:22:10,289 - Review.reviews.ewsl_review - INFO - France: 66 total (0 existing, 66 new)
2025-12-04 10:22:10,293 - Review.reviews.ewsl_review - INFO - Germany: 70 total (0 existing, 70 new)
2025-12-04 10:22:10,295 - Review.reviews.ewsl_review - INFO - Great Britain: 199 total (0 existing, 199 new)
2025-12-04 10:22:10,297 - Review.reviews.ewsl_review - INFO - Hong Kong: 62 total (0 existing, 62 new)
2025-12-04 10:22:10,297 - Review.reviews.ewsl_review - INFO - Ireland: 8 total (0 existing, 8 new)
2025-12-04 10:22:10,305 - Review.reviews.ewsl_review - INFO - Israel: 95 total (0 existing, 95 new)
2025-12-04 10:22:10,309 - Review.reviews.ewsl_review - INFO - Italy: 56 total (0 existing, 56 new)
2025-12-04 10:22:10,313 - Review.reviews.ewsl_review - INFO - Japan: 1066 total (0 existing, 1066 new)
2025-12-04 10:22:10,317 - Review.reviews.ewsl_review - INFO - Netherlands: 33 total (0 existing, 33 new)
2025-12-04 10:22:10,320 - Review.reviews.ewsl_review - INFO - New Zealand: 22 total (0 existing, 22 new)
2025-12-04 10:22:10,325 - Review.reviews.ewsl_review - INFO - Norway: 74 total (0 existing, 74 new)
2025-12-04 10:22:10,329 - Review.reviews.ewsl_review - INFO - Portugal: 8 total (0 existing, 8 new)
2025-12-04 10:22:10,332 - Review.reviews.ewsl_review - INFO - Singapore: 50 total (0 existing, 50 new)
2025-12-04 10:22:10,335 - Review.reviews.ewsl_review - INFO - Spain: 31 total (0 existing, 31 new)
2025-12-04 10:22:10,339 - Review.reviews.ewsl_review - INFO - Sweden: 154 total (0 existing, 154 new)
2025-12-04 10:22:10,343 - Review.reviews.ewsl_review - INFO - Switzerland: 67 total (0 existing, 67 new)
2025-12-04 10:22:10,347 - Review.reviews.ewsl_review - INFO - United States: 1464 total (0 existing, 1464 new)
2025-12-04 10:22:10,347 - Review.reviews.ewsl_review - INFO - 
Overall EWSL Selection Summary:
2025-12-04 10:22:10,347 - Review.reviews.ewsl_review - INFO - Total companies selected: 3981
2025-12-04 10:22:10,348 - Review.reviews.ewsl_review - INFO -   - Existing companies selected: 0
2025-12-04 10:22:10,348 - Review.reviews.ewsl_review - INFO -   - New companies selected: 3981
2025-12-04 10:22:10,349 - Review.reviews.ewsl_review - INFO - Total FFMC covered: 13.12%
2025-12-04 10:22:10,349 - Review.reviews.ewsl_review - INFO - 
Applying proportional capping
2025-12-04 10:22:10,352 - utils.capping_proportional - INFO - Starting proportional capping with max weight: 10.0%
2025-12-04 10:22:10,352 - utils.capping_proportional - INFO - Capping procedure converged after 0 iterations
2025-12-04 10:22:10,352 - utils.capping_proportional - INFO - Capping Summary:
2025-12-04 10:22:10,352 - utils.capping_proportional - INFO -   Total companies: 3981
2025-12-04 10:22:10,352 - utils.capping_proportional - INFO -   Companies capped: 0
2025-12-04 10:22:10,355 - utils.capping_proportional - INFO -   Weight sum after capping: 1.000000
2025-12-04 10:22:10,355 - utils.capping_proportional - INFO -   Max weight after capping: 0.002125
2025-12-04 10:22:10,360 - Review.reviews.ewsl_review - INFO - 
EWSL Changes Summary:
2025-12-04 10:22:10,360 - Review.reviews.ewsl_review - INFO - Inclusions: 3981
2025-12-04 10:22:10,360 - Review.reviews.ewsl_review - INFO - Exclusions: 0
2025-12-04 10:22:10,360 - Review.reviews.ewsl_review - INFO - Saving output to: C:\Users\CSonneveld\OneDrive - Euronext\Documents\Projects\GUI + Reviews\output\EWSL_Review_20251204_102210.xlsx
2025-12-04 10:22:11,461 - werkzeug - INFO -  * Detected change in 'C:\\Users\\CSonneveld\\OneDrive - Euronext\\Documents\\Projects\\GUI + Reviews\\Review\\reviews\\ewsl_review.py', reloading
2025-12-04 10:22:11,523 - Review.reviews.ewsl_review - INFO - File successfully saved to: C:\Users\CSonneveld\OneDrive - Euronext\Documents\Projects\GUI + Reviews\output\EWSL_Review_20251204_102210.xlsx
2025-12-04 10:22:12,035 - werkzeug - INFO - 127.0.0.1 - - [04/Dec/2025 10:22:12] "GET /task-status/058e3c3e-146b-4379-b61c-1be4418b45f0 HTTP/1.1" 200 -
