2025-03-06 10:43:19,935 - werkzeug - WARNING -  * Debugger is active!
2025-03-06 10:43:19,937 - werkzeug - INFO -  * Debugger PIN: 691-175-853
2025-03-06 10:43:27,336 - Review.reviews.edwpt_review - INFO - Starting EDWPT review calculation
2025-03-06 10:43:32,478 - Review.reviews.edwpt_review - INFO - 
EDWPT Selection Summary:
2025-03-06 10:43:32,481 - Review.reviews.edwpt_review - INFO - Total companies selected: 5446
2025-03-06 10:43:32,483 - Review.reviews.edwpt_review - INFO - Total FFMC covered: 98.84%
2025-03-06 10:43:32,507 - Review.reviews.edwpt_review - INFO - 
DEUPT Selection Summary:
2025-03-06 10:43:32,515 - Review.reviews.edwpt_review - INFO - Total companies selected: 1327
2025-03-06 10:43:32,516 - Review.reviews.edwpt_review - INFO - Total FFMC covered: 98.67%
2025-03-06 10:43:32,533 - Review.reviews.edwpt_review - INFO - 
DEZPT Selection Summary:
2025-03-06 10:43:32,534 - Review.reviews.edwpt_review - INFO - Total companies selected: 494
2025-03-06 10:43:32,534 - Review.reviews.edwpt_review - INFO - Total FFMC covered: 98.51%
2025-03-06 10:43:32,551 - Review.reviews.edwpt_review - INFO - 
DAPPT Selection Summary:
2025-03-06 10:43:32,552 - Review.reviews.edwpt_review - INFO - Total companies selected: 1909
2025-03-06 10:43:32,553 - Review.reviews.edwpt_review - INFO - Total FFMC covered: 98.13%
2025-03-06 10:43:32,565 - Review.reviews.edwpt_review - INFO - 
DNAPT Selection Summary:
2025-03-06 10:43:32,567 - Review.reviews.edwpt_review - INFO - Total companies selected: 1764
2025-03-06 10:43:32,568 - Review.reviews.edwpt_review - INFO - Total FFMC covered: 98.18%
2025-03-06 10:43:32,581 - Review.reviews.edwpt_review - INFO - 
DASPT Selection Summary:
2025-03-06 10:43:32,582 - Review.reviews.edwpt_review - INFO - Total companies selected: 1563
2025-03-06 10:43:32,583 - Review.reviews.edwpt_review - INFO - Total FFMC covered: 98.07%
2025-03-06 10:43:32,590 - Review.reviews.edwpt_review - INFO - 
DPAPT Selection Summary:
2025-03-06 10:43:32,591 - Review.reviews.edwpt_review - INFO - Total companies selected: 320
2025-03-06 10:43:32,592 - Review.reviews.edwpt_review - INFO - Total FFMC covered: 98.04%
2025-03-06 10:43:32,604 - Review.reviews.edwpt_review - INFO - 
EUSPT Selection Summary:
2025-03-06 10:43:32,605 - Review.reviews.edwpt_review - INFO - Total companies selected: 1481
2025-03-06 10:43:32,606 - Review.reviews.edwpt_review - INFO - Total FFMC covered: 98.00%
2025-03-06 10:43:32,617 - Review.reviews.edwpt_review - INFO - 
EJPPT Selection Summary:
2025-03-06 10:43:32,618 - Review.reviews.edwpt_review - INFO - Total companies selected: 1414
2025-03-06 10:43:32,619 - Review.reviews.edwpt_review - INFO - Total FFMC covered: 98.00%
2025-03-06 10:43:32,624 - Review.reviews.edwpt_review - INFO - 
ECHPT Selection Summary:
2025-03-06 10:43:32,624 - Review.reviews.edwpt_review - INFO - Total companies selected: 74
2025-03-06 10:43:32,625 - Review.reviews.edwpt_review - INFO - Total FFMC covered: 98.05%
2025-03-06 10:43:32,630 - Review.reviews.edwpt_review - INFO - 
EUKPT Selection Summary:
2025-03-06 10:43:32,631 - Review.reviews.edwpt_review - INFO - Total companies selected: 320
2025-03-06 10:43:32,632 - Review.reviews.edwpt_review - INFO - Total FFMC covered: 98.01%
2025-03-06 10:43:32,638 - Review.reviews.edwpt_review - INFO - 
CANPT Selection Summary:
2025-03-06 10:43:32,639 - Review.reviews.edwpt_review - INFO - Total companies selected: 230
2025-03-06 10:43:32,640 - Review.reviews.edwpt_review - INFO - Total FFMC covered: 98.02%
2025-03-06 10:43:32,650 - Review.reviews.edwpt_review - INFO - 
Global Selection Summary:
2025-03-06 10:43:32,651 - Review.reviews.edwpt_review - INFO - Total companies selected: 5446
2025-03-06 10:43:32,653 - Review.reviews.edwpt_review - INFO - Total FFMC covered: 98.84%
2025-03-06 10:43:32,655 - Review.reviews.edwpt_review - INFO - 
MIC-level Summary:
2025-03-06 10:43:32,655 - Review.reviews.edwpt_review - INFO -       ISIN          FFMC  EDWPT_selection
MIC                                      
ALXP     1  1.337544e+09                1
BATS     3  1.962934e+10                1
MERK     2  2.803735e+08                2
MTAA   246  5.292374e+11               85
WBAH    26  5.370078e+10               17
XAMS    79  1.157401e+12               44
XASX   886  1.442942e+12              283
XBRU    58  1.938564e+11               34
XCSE   107  6.350474e+11               36
XESM     2  1.794035e+09                2
XETR   227  1.472409e+12              106
XHEL   127  2.061674e+11               49
XHKG   209  3.465502e+11               69
XLIS    18  3.541669e+10               11
XLON   872  2.336733e+12              320
XMAD    99  4.808796e+11               41
XMSM    14  5.274635e+10               10
XNGM    47  4.908139e+08                1
XNGS  2628  2.418978e+13              773
XNYS  1736  2.534917e+13             1143
XNZE    52  6.656698e+10               35
XOSL   245  1.738210e+11              125
XPAR   351  1.866583e+12               94
XSES   118  2.570802e+11               62
XSTO   648  7.073552e+11              222
XSWX   148  1.669679e+12               86
XTAE   275  1.399417e+11              150
XTKS  3711  4.991981e+12             1414
XTSE   491  2.080540e+12              230
2025-03-06 10:43:32,674 - Review.reviews.edwpt_review - INFO - Saving output to: C:\Users\CSonneveld\OneDrive - Euronext\Documents\Projects\GUI + Reviews\output\EDWPT_df_20250306_104332.xlsx
2025-03-06 10:43:32,952 - Review.reviews.edwpt_review - INFO - 
EDWPT Changes Summary:
2025-03-06 10:43:32,953 - Review.reviews.edwpt_review - INFO - Inclusions: 5446
2025-03-06 10:43:32,953 - Review.reviews.edwpt_review - INFO - Exclusions: 0
2025-03-06 10:43:33,019 - Review.reviews.edwpt_review - INFO - 
DEUPT Changes Summary:
2025-03-06 10:43:33,020 - Review.reviews.edwpt_review - INFO - Inclusions: 1327
2025-03-06 10:43:33,020 - Review.reviews.edwpt_review - INFO - Exclusions: 0
2025-03-06 10:43:33,050 - Review.reviews.edwpt_review - INFO - 
DEZPT Changes Summary:
2025-03-06 10:43:33,050 - Review.reviews.edwpt_review - INFO - Inclusions: 494
2025-03-06 10:43:33,051 - Review.reviews.edwpt_review - INFO - Exclusions: 0
2025-03-06 10:43:33,142 - Review.reviews.edwpt_review - INFO - 
DAPPT Changes Summary:
2025-03-06 10:43:33,142 - Review.reviews.edwpt_review - INFO - Inclusions: 1909
2025-03-06 10:43:33,142 - Review.reviews.edwpt_review - INFO - Exclusions: 0
2025-03-06 10:43:33,252 - Review.reviews.edwpt_review - INFO - 
DNAPT Changes Summary:
2025-03-06 10:43:33,253 - Review.reviews.edwpt_review - INFO - Inclusions: 1764
2025-03-06 10:43:33,253 - Review.reviews.edwpt_review - INFO - Exclusions: 0
2025-03-06 10:43:33,333 - Review.reviews.edwpt_review - INFO - 
DASPT Changes Summary:
2025-03-06 10:43:33,333 - Review.reviews.edwpt_review - INFO - Inclusions: 1563
2025-03-06 10:43:33,334 - Review.reviews.edwpt_review - INFO - Exclusions: 0
2025-03-06 10:43:33,356 - Review.reviews.edwpt_review - INFO - 
DPAPT Changes Summary:
2025-03-06 10:43:33,356 - Review.reviews.edwpt_review - INFO - Inclusions: 320
2025-03-06 10:43:33,357 - Review.reviews.edwpt_review - INFO - Exclusions: 0
2025-03-06 10:43:33,444 - Review.reviews.edwpt_review - INFO - 
EUSPT Changes Summary:
2025-03-06 10:43:33,445 - Review.reviews.edwpt_review - INFO - Inclusions: 1481
2025-03-06 10:43:33,446 - Review.reviews.edwpt_review - INFO - Exclusions: 0
2025-03-06 10:43:33,523 - Review.reviews.edwpt_review - INFO - 
EJPPT Changes Summary:
2025-03-06 10:43:33,523 - Review.reviews.edwpt_review - INFO - Inclusions: 1414
2025-03-06 10:43:33,523 - Review.reviews.edwpt_review - INFO - Exclusions: 0
2025-03-06 10:43:33,535 - Review.reviews.edwpt_review - INFO - 
ECHPT Changes Summary:
2025-03-06 10:43:33,536 - Review.reviews.edwpt_review - INFO - Inclusions: 74
2025-03-06 10:43:33,536 - Review.reviews.edwpt_review - INFO - Exclusions: 0
2025-03-06 10:43:33,561 - Review.reviews.edwpt_review - INFO - 
EUKPT Changes Summary:
2025-03-06 10:43:33,561 - Review.reviews.edwpt_review - INFO - Inclusions: 320
2025-03-06 10:43:33,561 - Review.reviews.edwpt_review - INFO - Exclusions: 0
2025-03-06 10:43:33,579 - Review.reviews.edwpt_review - INFO - 
CANPT Changes Summary:
2025-03-06 10:43:33,580 - Review.reviews.edwpt_review - INFO - Inclusions: 230
2025-03-06 10:43:33,580 - Review.reviews.edwpt_review - INFO - Exclusions: 0
2025-03-06 10:43:37,746 - Review.reviews.edwpt_review - INFO - File successfully saved to: C:\Users\CSonneveld\OneDrive - Euronext\Documents\Projects\GUI + Reviews\output\EDWPT_df_20250306_104332.xlsx
2025-03-06 10:43:37,931 - werkzeug - INFO - 127.0.0.1 - - [06/Mar/2025 10:43:37] "POST /calculate HTTP/1.1" 200 -
2025-03-06 10:44:23,560 - werkzeug - INFO -  * Detected change in 'C:\\Users\\CSonneveld\\OneDrive - Euronext\\Documents\\Projects\\GUI + Reviews\\Review\\reviews\\edwpt_review.py', reloading
2025-03-06 10:44:23,566 - werkzeug - INFO -  * Detected change in 'C:\\Users\\CSonneveld\\OneDrive - Euronext\\Documents\\Projects\\GUI + Reviews\\Review\\reviews\\edwpt_review.py', reloading
2025-03-06 10:44:23,567 - werkzeug - INFO -  * Detected change in 'C:\\Users\\CSonneveld\\OneDrive - Euronext\\Documents\\Projects\\GUI + Reviews\\Review\\reviews\\edwpt_review.py', reloading
