2025-02-10 14:39:38,652 - werkzeug - WARNING -  * Debugger is active!
2025-02-10 14:39:38,654 - werkzeug - INFO -  * Debugger PIN: 691-175-853
2025-02-10 14:39:39,631 - Review.reviews.bnew_review - INFO - Loading EOD data...
2025-02-10 14:39:41,642 - Review.reviews.bnew_review - INFO - Loading reference data...
2025-02-10 14:39:42,398 - Review.reviews.bnew_review - INFO - Saving BNEW output to: C:\Users\CSonneveld\OneDrive - Euronext\Documents\Projects\GUI + Reviews\output\BNEW_df_20250210_143942.xlsx
2025-02-10 14:39:42,529 - werkzeug - INFO - 127.0.0.1 - - [10/Feb/2025 14:39:42] "POST /calculate HTTP/1.1" 200 -
2025-02-10 14:39:48,794 - Review.reviews.cacew_review - INFO - Loading EOD data...
2025-02-10 14:39:49,506 - Review.reviews.cacew_review - INFO - Loading reference data...
2025-02-10 14:39:49,550 - Review.reviews.cacew_review - INFO - Saving CACEW output to: C:\Users\CSonneveld\OneDrive - Euronext\Documents\Projects\GUI + Reviews\output\CACEW_df_20250210_143949.xlsx
2025-02-10 14:39:49,607 - werkzeug - INFO - 127.0.0.1 - - [10/Feb/2025 14:39:49] "POST /calculate HTTP/1.1" 200 -
2025-02-10 14:40:05,243 - Review.reviews.clew_review - INFO - Loading EOD data...
2025-02-10 14:40:07,061 - Review.reviews.clew_review - INFO - Loading reference data...
2025-02-10 14:40:07,106 - Review.reviews.clew_review - INFO - Saving CLEW output to: C:\Users\CSonneveld\OneDrive - Euronext\Documents\Projects\GUI + Reviews\output\CLEW_df_20250210_144007.xlsx
2025-02-10 14:40:07,167 - werkzeug - INFO - 127.0.0.1 - - [10/Feb/2025 14:40:07] "POST /calculate HTTP/1.1" 200 -
2025-02-10 14:40:15,242 - Review.reviews.edwp_review - INFO - Starting EDWP review calculation
2025-02-10 14:40:19,199 - Review.reviews.edwp_review - INFO - 
EDWP Selection Summary:
2025-02-10 14:40:19,201 - Review.reviews.edwp_review - INFO - Total companies selected: 5446
2025-02-10 14:40:19,203 - Review.reviews.edwp_review - INFO - Total FFMC covered: 98.84%
2025-02-10 14:40:19,233 - Review.reviews.edwp_review - INFO - 
DEUP Selection Summary:
2025-02-10 14:40:19,234 - Review.reviews.edwp_review - INFO - Total companies selected: 1327
2025-02-10 14:40:19,236 - Review.reviews.edwp_review - INFO - Total FFMC covered: 98.67%
2025-02-10 14:40:19,253 - Review.reviews.edwp_review - INFO - 
DEZP Selection Summary:
2025-02-10 14:40:19,254 - Review.reviews.edwp_review - INFO - Total companies selected: 494
2025-02-10 14:40:19,255 - Review.reviews.edwp_review - INFO - Total FFMC covered: 98.51%
2025-02-10 14:40:19,271 - Review.reviews.edwp_review - INFO - 
DAPPR Selection Summary:
2025-02-10 14:40:19,272 - Review.reviews.edwp_review - INFO - Total companies selected: 1909
2025-02-10 14:40:19,273 - Review.reviews.edwp_review - INFO - Total FFMC covered: 98.13%
2025-02-10 14:40:19,288 - Review.reviews.edwp_review - INFO - 
DNAP Selection Summary:
2025-02-10 14:40:19,289 - Review.reviews.edwp_review - INFO - Total companies selected: 1764
2025-02-10 14:40:19,290 - Review.reviews.edwp_review - INFO - Total FFMC covered: 98.18%
2025-02-10 14:40:19,303 - Review.reviews.edwp_review - INFO - 
DASP Selection Summary:
2025-02-10 14:40:19,305 - Review.reviews.edwp_review - INFO - Total companies selected: 1563
2025-02-10 14:40:19,306 - Review.reviews.edwp_review - INFO - Total FFMC covered: 98.07%
2025-02-10 14:40:19,313 - Review.reviews.edwp_review - INFO - 
DPAP Selection Summary:
2025-02-10 14:40:19,314 - Review.reviews.edwp_review - INFO - Total companies selected: 320
2025-02-10 14:40:19,315 - Review.reviews.edwp_review - INFO - Total FFMC covered: 98.04%
2025-02-10 14:40:19,324 - Review.reviews.edwp_review - INFO - 
EUSP Selection Summary:
2025-02-10 14:40:19,325 - Review.reviews.edwp_review - INFO - Total companies selected: 1481
2025-02-10 14:40:19,327 - Review.reviews.edwp_review - INFO - Total FFMC covered: 98.00%
2025-02-10 14:40:19,337 - Review.reviews.edwp_review - INFO - 
EJPP Selection Summary:
2025-02-10 14:40:19,339 - Review.reviews.edwp_review - INFO - Total companies selected: 1414
2025-02-10 14:40:19,340 - Review.reviews.edwp_review - INFO - Total FFMC covered: 98.00%
2025-02-10 14:40:19,345 - Review.reviews.edwp_review - INFO - 
ECHP Selection Summary:
2025-02-10 14:40:19,345 - Review.reviews.edwp_review - INFO - Total companies selected: 74
2025-02-10 14:40:19,346 - Review.reviews.edwp_review - INFO - Total FFMC covered: 98.05%
2025-02-10 14:40:19,353 - Review.reviews.edwp_review - INFO - 
EUKP Selection Summary:
2025-02-10 14:40:19,354 - Review.reviews.edwp_review - INFO - Total companies selected: 320
2025-02-10 14:40:19,355 - Review.reviews.edwp_review - INFO - Total FFMC covered: 98.01%
2025-02-10 14:40:19,360 - Review.reviews.edwp_review - INFO - 
CANP Selection Summary:
2025-02-10 14:40:19,361 - Review.reviews.edwp_review - INFO - Total companies selected: 230
2025-02-10 14:40:19,362 - Review.reviews.edwp_review - INFO - Total FFMC covered: 98.02%
2025-02-10 14:40:19,371 - Review.reviews.edwp_review - INFO - 
Global Selection Summary:
2025-02-10 14:40:19,372 - Review.reviews.edwp_review - INFO - Total companies selected: 5446
2025-02-10 14:40:19,373 - Review.reviews.edwp_review - INFO - Total FFMC covered: 98.84%
2025-02-10 14:40:19,383 - Review.reviews.edwp_review - INFO - 
MIC-level Summary:
2025-02-10 14:40:19,384 - Review.reviews.edwp_review - INFO -       ISIN          FFMC  EDWP_selection
MIC                                     
ALXP     1  1.337544e+09               1
BATS     3  1.962934e+10               1
MERK     2  2.803735e+08               2
MTAA   246  5.292374e+11              85
WBAH    26  5.370078e+10              17
XAMS    79  1.157401e+12              44
XASX   886  1.442942e+12             283
XBRU    58  1.938564e+11              34
XCSE   107  6.350474e+11              36
XESM     2  1.794035e+09               2
XETR   227  1.472409e+12             106
XHEL   127  2.061674e+11              49
XHKG   209  3.465502e+11              69
XLIS    18  3.541669e+10              11
XLON   872  2.336733e+12             320
XMAD    99  4.808796e+11              41
XMSM    14  5.274635e+10              10
XNGM    47  4.908139e+08               1
XNGS  2628  2.418978e+13             773
XNYS  1736  2.534917e+13            1143
XNZE    52  6.656698e+10              35
XOSL   245  1.738210e+11             125
XPAR   351  1.866583e+12              94
XSES   118  2.570802e+11              62
XSTO   648  7.073552e+11             222
XSWX   148  1.669679e+12              86
XTAE   275  1.399417e+11             150
XTKS  3711  4.991981e+12            1414
XTSE   491  2.080540e+12             230
2025-02-10 14:40:19,417 - Review.reviews.edwp_review - INFO - Saving output to: C:\Users\CSonneveld\OneDrive - Euronext\Documents\Projects\GUI + Reviews\output\EDWP_df_20250210_144019.xlsx
2025-02-10 14:40:19,674 - Review.reviews.edwp_review - INFO - 
EDWP Changes Summary:
2025-02-10 14:40:19,675 - Review.reviews.edwp_review - INFO - Inclusions: 5446
2025-02-10 14:40:19,675 - Review.reviews.edwp_review - INFO - Exclusions: 0
2025-02-10 14:40:19,740 - Review.reviews.edwp_review - INFO - 
DEUP Changes Summary:
2025-02-10 14:40:19,740 - Review.reviews.edwp_review - INFO - Inclusions: 1327
2025-02-10 14:40:19,741 - Review.reviews.edwp_review - INFO - Exclusions: 0
2025-02-10 14:40:19,769 - Review.reviews.edwp_review - INFO - 
DEZP Changes Summary:
2025-02-10 14:40:19,769 - Review.reviews.edwp_review - INFO - Inclusions: 494
2025-02-10 14:40:19,769 - Review.reviews.edwp_review - INFO - Exclusions: 0
2025-02-10 14:40:19,857 - Review.reviews.edwp_review - INFO - 
DAPPR Changes Summary:
2025-02-10 14:40:19,858 - Review.reviews.edwp_review - INFO - Inclusions: 1909
2025-02-10 14:40:19,858 - Review.reviews.edwp_review - INFO - Exclusions: 0
2025-02-10 14:40:19,961 - Review.reviews.edwp_review - INFO - 
DNAP Changes Summary:
2025-02-10 14:40:19,962 - Review.reviews.edwp_review - INFO - Inclusions: 1764
2025-02-10 14:40:19,962 - Review.reviews.edwp_review - INFO - Exclusions: 0
2025-02-10 14:40:20,038 - Review.reviews.edwp_review - INFO - 
DASP Changes Summary:
2025-02-10 14:40:20,039 - Review.reviews.edwp_review - INFO - Inclusions: 1563
2025-02-10 14:40:20,039 - Review.reviews.edwp_review - INFO - Exclusions: 0
2025-02-10 14:40:20,061 - Review.reviews.edwp_review - INFO - 
DPAP Changes Summary:
2025-02-10 14:40:20,061 - Review.reviews.edwp_review - INFO - Inclusions: 320
2025-02-10 14:40:20,062 - Review.reviews.edwp_review - INFO - Exclusions: 0
2025-02-10 14:40:20,132 - Review.reviews.edwp_review - INFO - 
EUSP Changes Summary:
2025-02-10 14:40:20,133 - Review.reviews.edwp_review - INFO - Inclusions: 1481
2025-02-10 14:40:20,133 - Review.reviews.edwp_review - INFO - Exclusions: 0
2025-02-10 14:40:20,202 - Review.reviews.edwp_review - INFO - 
EJPP Changes Summary:
2025-02-10 14:40:20,203 - Review.reviews.edwp_review - INFO - Inclusions: 1414
2025-02-10 14:40:20,203 - Review.reviews.edwp_review - INFO - Exclusions: 0
2025-02-10 14:40:20,213 - Review.reviews.edwp_review - INFO - 
ECHP Changes Summary:
2025-02-10 14:40:20,214 - Review.reviews.edwp_review - INFO - Inclusions: 74
2025-02-10 14:40:20,215 - Review.reviews.edwp_review - INFO - Exclusions: 0
2025-02-10 14:40:20,238 - Review.reviews.edwp_review - INFO - 
EUKP Changes Summary:
2025-02-10 14:40:20,238 - Review.reviews.edwp_review - INFO - Inclusions: 320
2025-02-10 14:40:20,238 - Review.reviews.edwp_review - INFO - Exclusions: 0
2025-02-10 14:40:20,256 - Review.reviews.edwp_review - INFO - 
CANP Changes Summary:
2025-02-10 14:40:20,256 - Review.reviews.edwp_review - INFO - Inclusions: 230
2025-02-10 14:40:20,257 - Review.reviews.edwp_review - INFO - Exclusions: 0
2025-02-10 14:40:24,356 - Review.reviews.edwp_review - INFO - File successfully saved to: C:\Users\CSonneveld\OneDrive - Euronext\Documents\Projects\GUI + Reviews\output\EDWP_df_20250210_144019.xlsx
2025-02-10 14:40:24,419 - werkzeug - INFO - 127.0.0.1 - - [10/Feb/2025 14:40:24] "POST /calculate HTTP/1.1" 200 -
2025-02-10 14:46:41,213 - werkzeug - INFO -  * Detected change in 'C:\\Users\\CSonneveld\\OneDrive - Euronext\\Documents\\Projects\\GUI + Reviews\\Review\\reviews\\edwp_review.py', reloading
2025-02-10 14:46:41,214 - werkzeug - INFO -  * Detected change in 'C:\\Users\\CSonneveld\\OneDrive - Euronext\\Documents\\Projects\\GUI + Reviews\\Review\\reviews\\edwp_review.py', reloading
2025-02-10 14:46:41,215 - werkzeug - INFO -  * Detected change in 'C:\\Users\\CSonneveld\\OneDrive - Euronext\\Documents\\Projects\\GUI + Reviews\\Review\\reviews\\edwp_review.py', reloading
