2025-12-15 11:51:56,902 - werkzeug - WARNING -  * Debugger is active!
2025-12-15 11:51:56,902 - werkzeug - INFO -  * Debugger PIN: 691-175-853
2025-12-15 11:52:01,678 - werkzeug - INFO - 127.0.0.1 - - [15/Dec/2025 11:52:01] "POST /calculate HTTP/1.1" 200 -
2025-12-15 11:52:01,678 - Review.reviews.fclsp_review - INFO - Loading EOD data...
2025-12-15 11:52:01,685 - werkzeug - INFO - 127.0.0.1 - - [15/Dec/2025 11:52:01] "GET /task-status/4bd073c9-1950-4b77-819c-49569847db36 HTTP/1.1" 200 -
2025-12-15 11:52:02,162 - Review.reviews.fclsp_review - INFO - Loading reference data...
2025-12-15 11:52:03,694 - werkzeug - INFO - 127.0.0.1 - - [15/Dec/2025 11:52:03] "GET /task-status/4bd073c9-1950-4b77-819c-49569847db36 HTTP/1.1" 200 -
2025-12-15 11:52:05,710 - werkzeug - INFO - 127.0.0.1 - - [15/Dec/2025 11:52:05] "GET /task-status/4bd073c9-1950-4b77-819c-49569847db36 HTTP/1.1" 200 -
2025-12-15 11:52:06,345 - Review.reviews.fclsp_review - ERROR - Error during review calculation: Failed to load reference data files: master_report
2025-12-15 11:52:06,345 - Review.reviews.fclsp_review - ERROR - Traceback (most recent call last):
  File "C:\Users\CSonneveld\OneDrive - Euronext\Documents\Projects\GUI + Reviews\Review\reviews\fclsp_review.py", line 69, in run_fclsp_review
    raise ValueError(f"Failed to load reference data files: {', '.join(missing)}")
ValueError: Failed to load reference data files: master_report

2025-12-15 11:52:07,696 - werkzeug - INFO - 127.0.0.1 - - [15/Dec/2025 11:52:07] "GET /task-status/4bd073c9-1950-4b77-819c-49569847db36 HTTP/1.1" 200 -
2025-12-15 11:52:20,295 - werkzeug - INFO - 127.0.0.1 - - [15/Dec/2025 11:52:20] "POST /calculate HTTP/1.1" 200 -
2025-12-15 11:52:20,295 - Review.reviews.fclsp_review - INFO - Loading EOD data...
2025-12-15 11:52:20,311 - werkzeug - INFO - 127.0.0.1 - - [15/Dec/2025 11:52:20] "GET /task-status/a0bfd1c0-ebc1-42a6-b17a-15968465a685 HTTP/1.1" 200 -
2025-12-15 11:52:20,879 - Review.reviews.fclsp_review - INFO - Loading reference data...
2025-12-15 11:52:22,379 - werkzeug - INFO - 127.0.0.1 - - [15/Dec/2025 11:52:22] "GET /task-status/a0bfd1c0-ebc1-42a6-b17a-15968465a685 HTTP/1.1" 200 -
2025-12-15 11:52:24,312 - werkzeug - INFO - 127.0.0.1 - - [15/Dec/2025 11:52:24] "GET /task-status/a0bfd1c0-ebc1-42a6-b17a-15968465a685 HTTP/1.1" 200 -
2025-12-15 11:52:26,328 - werkzeug - INFO - 127.0.0.1 - - [15/Dec/2025 11:52:26] "GET /task-status/a0bfd1c0-ebc1-42a6-b17a-15968465a685 HTTP/1.1" 200 -
2025-12-15 11:52:26,734 - Review.reviews.fclsp_review - INFO - Removed 0 companies with MIC = 'XTSE' from universe
2025-12-15 11:52:26,734 - Review.reviews.fclsp_review - INFO - Remaining universe size: 120 companies
2025-12-15 11:52:26,734 - Review.reviews.fclsp_review - INFO - Merging Price from Master Report...
2025-12-15 11:52:26,734 - Review.reviews.fclsp_review - INFO - Merging Oekom data points early...
2025-12-15 11:52:26,745 - Review.reviews.fclsp_review - INFO - Oekom data merged successfully
2025-12-15 11:52:26,746 - Review.reviews.fclsp_review - INFO - Trust Metric exclusions: 4
2025-12-15 11:52:26,747 - Review.reviews.fclsp_review - INFO - NBR Overall Flag exclusions: 0
2025-12-15 11:52:26,747 - Review.reviews.fclsp_review - INFO - APMines exclusions: 1
2025-12-15 11:52:26,747 - Review.reviews.fclsp_review - INFO - BiologicalWeapons exclusions: 1
2025-12-15 11:52:26,747 - Review.reviews.fclsp_review - INFO - ChemicalWeapons exclusions: 1
2025-12-15 11:52:26,751 - Review.reviews.fclsp_review - INFO - ClusterMunitions exclusions: 1
2025-12-15 11:52:26,751 - Review.reviews.fclsp_review - INFO - DepletedUranium exclusions: 1
2025-12-15 11:52:26,751 - Review.reviews.fclsp_review - INFO - IncendiaryWeapons exclusions: 3
2025-12-15 11:52:26,751 - Review.reviews.fclsp_review - INFO - NuclearWeaponsNonNPT exclusions: 1
2025-12-15 11:52:26,751 - Review.reviews.fclsp_review - INFO - WhitePhosphorus exclusions: 1
2025-12-15 11:52:26,751 - Review.reviews.fclsp_review - INFO - Coal Mining exclusions: 0
2025-12-15 11:52:26,751 - Review.reviews.fclsp_review - INFO - Thermal Power exclusions: 2
2025-12-15 11:52:26,751 - Review.reviews.fclsp_review - INFO - Oil Sands exclusions: 0
2025-12-15 11:52:26,751 - Review.reviews.fclsp_review - INFO - Shale Oil/Gas exclusions: 1
2025-12-15 11:52:26,751 - Review.reviews.fclsp_review - INFO - Total companies in universe: 120
2025-12-15 11:52:26,751 - Review.reviews.fclsp_review - INFO - Carbon Budget cutoff rank (80th percentile): 96.0
2025-12-15 11:52:26,751 - Review.reviews.fclsp_review - INFO - Carbon Budget exclusions (rank > 96.0): 24
2025-12-15 11:52:26,751 - Review.reviews.fclsp_review - INFO - Tobacco Production exclusions: 0
2025-12-15 11:52:26,763 - Review.reviews.fclsp_review - INFO - Companies remaining after exclusions: 89
2025-12-15 11:52:26,763 - Review.reviews.fclsp_review - INFO - Selected top 60 companies
2025-12-15 11:52:27,331 - Review.reviews.fclsp_review - INFO - Checking IsinCode FRESG0001478 in index_eod_df
2025-12-15 11:52:27,331 - Review.reviews.fclsp_review - INFO - Found 1 matching rows
2025-12-15 11:52:27,331 - Review.reviews.fclsp_review - INFO - Index market cap: 1164743061538.7268
2025-12-15 11:52:27,335 - Review.reviews.fclsp_review - INFO - Applying proportional capping with 10% max weight...
2025-12-15 11:52:27,335 - utils.capping_proportional - INFO - Starting proportional capping with max weight: 10.0%
2025-12-15 11:52:27,345 - utils.capping_proportional - INFO - Capping procedure converged after 2 iterations
2025-12-15 11:52:27,345 - utils.capping_proportional - INFO - Capping Summary:
2025-12-15 11:52:27,346 - utils.capping_proportional - INFO -   Total companies: 60
2025-12-15 11:52:27,346 - utils.capping_proportional - INFO -   Companies capped: 2
2025-12-15 11:52:27,346 - utils.capping_proportional - INFO -   Weight sum after capping: 1.000000
2025-12-15 11:52:27,346 - utils.capping_proportional - INFO -   Max weight after capping: 0.100000
2025-12-15 11:52:27,351 - Review.reviews.fclsp_review - INFO - Saving FCLSP output to: C:\Users\CSonneveld\OneDrive - Euronext\Documents\Projects\GUI + Reviews\output\FCLSP_df_20251215_115227.xlsx
2025-12-15 11:52:28,313 - werkzeug - INFO - 127.0.0.1 - - [15/Dec/2025 11:52:28] "GET /task-status/a0bfd1c0-ebc1-42a6-b17a-15968465a685 HTTP/1.1" 200 -
2025-12-15 11:53:35,342 - werkzeug - INFO -  * Detected change in 'C:\\Users\\CSonneveld\\OneDrive - Euronext\\Documents\\Projects\\GUI + Reviews\\Review\\reviews\\fclsp_review.py', reloading
2025-12-15 11:53:35,343 - werkzeug - INFO -  * Detected change in 'C:\\Users\\CSonneveld\\OneDrive - Euronext\\Documents\\Projects\\GUI + Reviews\\Review\\reviews\\fclsp_review.py', reloading
2025-12-15 11:53:35,369 - werkzeug - INFO -  * Detected change in 'C:\\Users\\CSonneveld\\OneDrive - Euronext\\Documents\\Projects\\GUI + Reviews\\Review\\reviews\\fclsp_review.py', reloading
