2025-07-23 15:35:07,022 - werkzeug - INFO - [31m[1mWARNING: This is a development server. Do not use it in a production deployment. Use a production WSGI server instead.[0m
 * Running on all addresses (0.0.0.0)
 * Running on http://127.0.0.1:5000
 * Running on http://10.199.43.197:5000
2025-07-23 15:35:07,023 - werkzeug - INFO - [33mPress CTRL+C to quit[0m
2025-07-23 15:35:07,029 - werkzeug - INFO -  * Restarting with watchdog (windowsapi)
2025-07-23 15:36:19,576 - werkzeug - INFO -  * Restarting with watchdog (windowsapi)
2025-07-23 15:51:42,321 - werkzeug - INFO -  * Restarting with watchdog (windowsapi)
2025-07-23 15:51:54,668 - werkzeug - INFO -  * Restarting with watchdog (windowsapi)
2025-07-23 16:09:40,472 - werkzeug - INFO -  * Restarting with watchdog (windowsapi)
2025-07-23 16:13:27,061 - werkzeug - INFO -  * Restarting with watchdog (windowsapi)
2025-07-23 16:13:29,027 - werkzeug - INFO -  * Restarting with watchdog (windowsapi)
2025-07-23 16:13:33,010 - werkzeug - INFO -  * Restarting with watchdog (windowsapi)
2025-07-23 16:13:58,211 - werkzeug - INFO -  * Restarting with watchdog (windowsapi)
2025-07-23 16:14:00,134 - werkzeug - INFO -  * Restarting with watchdog (windowsapi)
2025-07-23 16:14:24,380 - werkzeug - INFO -  * Restarting with watchdog (windowsapi)
2025-07-23 16:14:29,294 - werkzeug - INFO -  * Restarting with watchdog (windowsapi)
2025-07-23 16:14:50,249 - werkzeug - INFO -  * Restarting with watchdog (windowsapi)
2025-07-23 16:18:06,269 - werkzeug - INFO -  * Restarting with watchdog (windowsapi)
2025-07-23 16:18:18,728 - werkzeug - INFO -  * Restarting with watchdog (windowsapi)
2025-07-23 16:21:06,570 - werkzeug - INFO -  * Restarting with watchdog (windowsapi)
2025-07-23 16:21:16,529 - werkzeug - INFO -  * Restarting with watchdog (windowsapi)
2025-07-23 16:21:19,542 - werkzeug - INFO -  * Restarting with watchdog (windowsapi)
2025-07-23 16:22:07,894 - werkzeug - INFO -  * Restarting with watchdog (windowsapi)
2025-07-23 16:24:22,055 - werkzeug - INFO -  * Restarting with watchdog (windowsapi)
2025-07-23 16:24:31,056 - werkzeug - INFO -  * Restarting with watchdog (windowsapi)
2025-07-23 16:24:47,013 - werkzeug - INFO -  * Restarting with watchdog (windowsapi)
2025-07-23 16:25:23,220 - werkzeug - INFO -  * Restarting with watchdog (windowsapi)
2025-07-23 16:25:49,082 - werkzeug - INFO -  * Restarting with watchdog (windowsapi)
2025-07-23 16:28:06,497 - werkzeug - INFO -  * Restarting with watchdog (windowsapi)
2025-07-23 16:28:11,529 - werkzeug - INFO -  * Restarting with watchdog (windowsapi)
2025-07-23 16:28:17,669 - werkzeug - INFO -  * Restarting with watchdog (windowsapi)
2025-07-23 16:37:05,286 - werkzeug - INFO -  * Restarting with watchdog (windowsapi)
2025-07-23 16:37:20,024 - werkzeug - INFO -  * Restarting with watchdog (windowsapi)
2025-07-23 16:47:43,696 - werkzeug - INFO -  * Restarting with watchdog (windowsapi)
2025-07-23 16:53:01,031 - werkzeug - INFO -  * Restarting with watchdog (windowsapi)
