2025-12-04 10:42:36,740 - werkzeug - WARNING -  * Debugger is active!
2025-12-04 10:42:36,740 - werkzeug - INFO -  * Debugger PIN: 691-175-853
2025-12-04 10:42:43,241 - werkzeug - INFO - 127.0.0.1 - - [04/Dec/2025 10:42:43] "POST /calculate-batch HTTP/1.1" 200 -
2025-12-04 10:42:43,241 - Review.reviews.ezsl_review - INFO - Starting EZSL review calculation
2025-12-04 10:42:43,241 - werkzeug - INFO - 127.0.0.1 - - [04/Dec/2025 10:42:43] "GET /task-status/b9310d10-854f-4d4f-9ee0-50878852e7ab HTTP/1.1" 200 -
2025-12-04 10:42:45,260 - werkzeug - INFO - 127.0.0.1 - - [04/Dec/2025 10:42:45] "GET /task-status/b9310d10-854f-4d4f-9ee0-50878852e7ab HTTP/1.1" 200 -
2025-12-04 10:42:47,275 - werkzeug - INFO - 127.0.0.1 - - [04/Dec/2025 10:42:47] "GET /task-status/b9310d10-854f-4d4f-9ee0-50878852e7ab HTTP/1.1" 200 -
2025-12-04 10:42:47,847 - Review.reviews.ezsl_review - INFO - Found 0 existing companies in EZSL
2025-12-04 10:42:47,851 - Review.reviews.ezsl_review - INFO - 
Overall EZSL Selection Summary:
2025-12-04 10:42:47,851 - Review.reviews.ezsl_review - INFO - Total companies selected: 347
2025-12-04 10:42:47,851 - Review.reviews.ezsl_review - INFO -   - Existing companies selected: 0
2025-12-04 10:42:47,852 - Review.reviews.ezsl_review - INFO -   - New companies selected: 347
2025-12-04 10:42:47,852 - Review.reviews.ezsl_review - INFO - Total FFMC covered: 13.73%
2025-12-04 10:42:47,852 - Review.reviews.ezsl_review - INFO - 
Applying proportional capping
2025-12-04 10:42:47,853 - utils.capping_proportional - INFO - Starting proportional capping with max weight: 10.0%
2025-12-04 10:42:47,854 - utils.capping_proportional - INFO - Capping procedure converged after 0 iterations
2025-12-04 10:42:47,854 - utils.capping_proportional - INFO - Capping Summary:
2025-12-04 10:42:47,854 - utils.capping_proportional - INFO -   Total companies: 347
2025-12-04 10:42:47,855 - utils.capping_proportional - INFO -   Companies capped: 0
2025-12-04 10:42:47,855 - utils.capping_proportional - INFO -   Weight sum after capping: 1.000000
2025-12-04 10:42:47,855 - utils.capping_proportional - INFO -   Max weight after capping: 0.016915
2025-12-04 10:42:47,864 - Review.reviews.ezsl_review - INFO - 
EZSL Changes Summary:
2025-12-04 10:42:47,864 - Review.reviews.ezsl_review - INFO - Inclusions: 347
2025-12-04 10:42:47,864 - Review.reviews.ezsl_review - INFO - Exclusions: 0
2025-12-04 10:42:47,864 - Review.reviews.ezsl_review - INFO - Saving output to: C:\Users\CSonneveld\OneDrive - Euronext\Documents\Projects\GUI + Reviews\output\EZSL_Review_20251204_104247.xlsx
2025-12-04 10:42:48,009 - Review.reviews.ezsl_review - INFO - File successfully saved to: C:\Users\CSonneveld\OneDrive - Euronext\Documents\Projects\GUI + Reviews\output\EZSL_Review_20251204_104247.xlsx
2025-12-04 10:42:48,122 - Review.reviews.ezms_review - INFO - Starting EZMS review calculation
2025-12-04 10:42:49,267 - werkzeug - INFO - 127.0.0.1 - - [04/Dec/2025 10:42:49] "GET /task-status/b9310d10-854f-4d4f-9ee0-50878852e7ab HTTP/1.1" 200 -
2025-12-04 10:42:49,405 - Review.reviews.ezms_review - INFO - Found 0 existing companies in EZMS
2025-12-04 10:42:49,409 - Review.reviews.ezms_review - INFO - 
Overall EZMS Selection Summary:
2025-12-04 10:42:49,409 - Review.reviews.ezms_review - INFO - Total companies selected: 421
2025-12-04 10:42:49,410 - Review.reviews.ezms_review - INFO -   - Existing companies selected: 0
2025-12-04 10:42:49,410 - Review.reviews.ezms_review - INFO -   - New companies selected: 421
2025-12-04 10:42:49,411 - Review.reviews.ezms_review - INFO - Total FFMC covered: 29.37%
2025-12-04 10:42:49,411 - Review.reviews.ezms_review - INFO - 
Applying proportional capping
2025-12-04 10:42:49,412 - utils.capping_proportional - INFO - Starting proportional capping with max weight: 10.0%
2025-12-04 10:42:49,413 - utils.capping_proportional - INFO - Capping procedure converged after 0 iterations
2025-12-04 10:42:49,413 - utils.capping_proportional - INFO - Capping Summary:
2025-12-04 10:42:49,414 - utils.capping_proportional - INFO -   Total companies: 421
2025-12-04 10:42:49,414 - utils.capping_proportional - INFO -   Companies capped: 0
2025-12-04 10:42:49,414 - utils.capping_proportional - INFO -   Weight sum after capping: 1.000000
2025-12-04 10:42:49,414 - utils.capping_proportional - INFO -   Max weight after capping: 0.020465
2025-12-04 10:42:49,421 - Review.reviews.ezms_review - INFO - 
EZMS Changes Summary:
2025-12-04 10:42:49,421 - Review.reviews.ezms_review - INFO - Inclusions: 421
2025-12-04 10:42:49,422 - Review.reviews.ezms_review - INFO - Exclusions: 0
2025-12-04 10:42:49,422 - Review.reviews.ezms_review - INFO - Saving output to: C:\Users\CSonneveld\OneDrive - Euronext\Documents\Projects\GUI + Reviews\output\EZMS_Review_20251204_104249.xlsx
2025-12-04 10:42:49,562 - Review.reviews.ezms_review - INFO - File successfully saved to: C:\Users\CSonneveld\OneDrive - Euronext\Documents\Projects\GUI + Reviews\output\EZMS_Review_20251204_104249.xlsx
2025-12-04 10:42:49,629 - Review.reviews.ewsl_review - INFO - Starting EWSL review calculation
2025-12-04 10:42:51,262 - werkzeug - INFO - 127.0.0.1 - - [04/Dec/2025 10:42:51] "GET /task-status/b9310d10-854f-4d4f-9ee0-50878852e7ab HTTP/1.1" 200 -
2025-12-04 10:42:52,040 - Review.reviews.ewsl_review - INFO - Found 0 existing companies in EWSL
2025-12-04 10:42:52,040 - Review.reviews.ewsl_review - INFO - 
Overall EWSL Selection Summary:
2025-12-04 10:42:52,040 - Review.reviews.ewsl_review - INFO - Total companies selected: 3981
2025-12-04 10:42:52,040 - Review.reviews.ewsl_review - INFO -   - Existing companies selected: 0
2025-12-04 10:42:52,040 - Review.reviews.ewsl_review - INFO -   - New companies selected: 3981
2025-12-04 10:42:52,057 - Review.reviews.ewsl_review - INFO - Total FFMC covered: 13.12%
2025-12-04 10:42:52,057 - Review.reviews.ewsl_review - INFO - 
Applying proportional capping
2025-12-04 10:42:52,059 - utils.capping_proportional - INFO - Starting proportional capping with max weight: 10.0%
2025-12-04 10:42:52,061 - utils.capping_proportional - INFO - Capping procedure converged after 0 iterations
2025-12-04 10:42:52,061 - utils.capping_proportional - INFO - Capping Summary:
2025-12-04 10:42:52,061 - utils.capping_proportional - INFO -   Total companies: 3981
2025-12-04 10:42:52,061 - utils.capping_proportional - INFO -   Companies capped: 0
2025-12-04 10:42:52,061 - utils.capping_proportional - INFO -   Weight sum after capping: 1.000000
2025-12-04 10:42:52,062 - utils.capping_proportional - INFO -   Max weight after capping: 0.002125
2025-12-04 10:42:52,073 - Review.reviews.ewsl_review - INFO - 
EWSL Changes Summary:
2025-12-04 10:42:52,073 - Review.reviews.ewsl_review - INFO - Inclusions: 3981
2025-12-04 10:42:52,073 - Review.reviews.ewsl_review - INFO - Exclusions: 0
2025-12-04 10:42:52,074 - Review.reviews.ewsl_review - INFO - Saving output to: C:\Users\CSonneveld\OneDrive - Euronext\Documents\Projects\GUI + Reviews\output\EWSL_Review_20251204_104252.xlsx
2025-12-04 10:42:53,259 - werkzeug - INFO - 127.0.0.1 - - [04/Dec/2025 10:42:53] "GET /task-status/b9310d10-854f-4d4f-9ee0-50878852e7ab HTTP/1.1" 200 -
2025-12-04 10:42:53,323 - Review.reviews.ewsl_review - INFO - File successfully saved to: C:\Users\CSonneveld\OneDrive - Euronext\Documents\Projects\GUI + Reviews\output\EWSL_Review_20251204_104252.xlsx
2025-12-04 10:42:53,431 - Review.reviews.ewms_review - INFO - Starting EWMS review calculation
2025-12-04 10:42:55,256 - werkzeug - INFO - 127.0.0.1 - - [04/Dec/2025 10:42:55] "GET /task-status/b9310d10-854f-4d4f-9ee0-50878852e7ab HTTP/1.1" 200 -
2025-12-04 10:42:55,590 - Review.reviews.ewms_review - INFO - Found 0 existing companies in EWMS
2025-12-04 10:42:55,590 - Review.reviews.ewms_review - INFO - 
Overall EWMS Selection Summary:
2025-12-04 10:42:55,590 - Review.reviews.ewms_review - INFO - Total companies selected: 4783
2025-12-04 10:42:55,590 - Review.reviews.ewms_review - INFO -   - Existing companies selected: 0
2025-12-04 10:42:55,598 - Review.reviews.ewms_review - INFO -   - New companies selected: 4783
2025-12-04 10:42:55,600 - Review.reviews.ewms_review - INFO - Total FFMC covered: 28.29%
2025-12-04 10:42:55,600 - Review.reviews.ewms_review - INFO - 
Applying proportional capping
2025-12-04 10:42:55,602 - utils.capping_proportional - INFO - Starting proportional capping with max weight: 10.0%
2025-12-04 10:42:55,604 - utils.capping_proportional - INFO - Capping procedure converged after 0 iterations
2025-12-04 10:42:55,604 - utils.capping_proportional - INFO - Capping Summary:
2025-12-04 10:42:55,604 - utils.capping_proportional - INFO -   Total companies: 4783
2025-12-04 10:42:55,604 - utils.capping_proportional - INFO -   Companies capped: 0
2025-12-04 10:42:55,604 - utils.capping_proportional - INFO -   Weight sum after capping: 1.000000
2025-12-04 10:42:55,605 - utils.capping_proportional - INFO -   Max weight after capping: 0.003131
2025-12-04 10:42:55,609 - Review.reviews.ewms_review - INFO - 
EWMS Changes Summary:
2025-12-04 10:42:55,609 - Review.reviews.ewms_review - INFO - Inclusions: 4783
2025-12-04 10:42:55,609 - Review.reviews.ewms_review - INFO - Exclusions: 0
2025-12-04 10:42:55,609 - Review.reviews.ewms_review - INFO - Saving output to: C:\Users\CSonneveld\OneDrive - Euronext\Documents\Projects\GUI + Reviews\output\EWMS_Review_20251204_104255.xlsx
2025-12-04 10:42:56,956 - Review.reviews.ewms_review - INFO - File successfully saved to: C:\Users\CSonneveld\OneDrive - Euronext\Documents\Projects\GUI + Reviews\output\EWMS_Review_20251204_104255.xlsx
2025-12-04 10:42:57,026 - Review.reviews.eusl_review - INFO - Starting EUSL review calculation
2025-12-04 10:42:57,257 - werkzeug - INFO - 127.0.0.1 - - [04/Dec/2025 10:42:57] "GET /task-status/b9310d10-854f-4d4f-9ee0-50878852e7ab HTTP/1.1" 200 -
2025-12-04 10:42:58,779 - Review.reviews.eusl_review - INFO - Found 0 existing companies in EUSL
2025-12-04 10:42:58,782 - Review.reviews.eusl_review - INFO - 
EUSL Selection Summary by Country:
2025-12-04 10:42:58,783 - Review.reviews.eusl_review - INFO - United States: 1048 total (0 existing, 1048 new)
2025-12-04 10:42:58,784 - Review.reviews.eusl_review - INFO - 
Overall EUSL Selection Summary:
2025-12-04 10:42:58,784 - Review.reviews.eusl_review - INFO - Total companies selected: 1048
2025-12-04 10:42:58,785 - Review.reviews.eusl_review - INFO -   - Existing companies selected: 0
2025-12-04 10:42:58,785 - Review.reviews.eusl_review - INFO -   - New companies selected: 1048
2025-12-04 10:42:58,786 - Review.reviews.eusl_review - INFO - Total FFMC covered: 13.03%
2025-12-04 10:42:58,786 - Review.reviews.eusl_review - INFO - 
Applying proportional capping
2025-12-04 10:42:58,787 - utils.capping_proportional - INFO - Starting proportional capping with max weight: 10.0%
2025-12-04 10:42:58,788 - utils.capping_proportional - INFO - Capping procedure converged after 0 iterations
2025-12-04 10:42:58,788 - utils.capping_proportional - INFO - Capping Summary:
2025-12-04 10:42:58,788 - utils.capping_proportional - INFO -   Total companies: 1048
2025-12-04 10:42:58,788 - utils.capping_proportional - INFO -   Companies capped: 0
2025-12-04 10:42:58,788 - utils.capping_proportional - INFO -   Weight sum after capping: 1.000000
2025-12-04 10:42:58,788 - utils.capping_proportional - INFO -   Max weight after capping: 0.002926
2025-12-04 10:42:58,797 - Review.reviews.eusl_review - INFO - 
EUSL Changes Summary:
2025-12-04 10:42:58,797 - Review.reviews.eusl_review - INFO - Inclusions: 1048
2025-12-04 10:42:58,798 - Review.reviews.eusl_review - INFO - Exclusions: 0
2025-12-04 10:42:58,798 - Review.reviews.eusl_review - INFO - Saving output to: C:\Users\CSonneveld\OneDrive - Euronext\Documents\Projects\GUI + Reviews\output\EUSL_Review_20251204_104258.xlsx
2025-12-04 10:42:59,117 - Review.reviews.eusl_review - INFO - File successfully saved to: C:\Users\CSonneveld\OneDrive - Euronext\Documents\Projects\GUI + Reviews\output\EUSL_Review_20251204_104258.xlsx
2025-12-04 10:42:59,184 - Review.reviews.eemsc_review - INFO - Starting EEMSC review calculation
2025-12-04 10:42:59,260 - werkzeug - INFO - 127.0.0.1 - - [04/Dec/2025 10:42:59] "GET /task-status/b9310d10-854f-4d4f-9ee0-50878852e7ab HTTP/1.1" 200 -
2025-12-04 10:43:00,990 - Review.reviews.eemsc_review - INFO - Found 0 existing companies in EEMSC
2025-12-04 10:43:00,995 - Review.reviews.eemsc_review - INFO - 
Overall EEMSC Selection Summary:
2025-12-04 10:43:00,996 - Review.reviews.eemsc_review - INFO - Total companies selected: 1107
2025-12-04 10:43:00,996 - Review.reviews.eemsc_review - INFO -   - Existing companies selected: 0
2025-12-04 10:43:00,997 - Review.reviews.eemsc_review - INFO -   - New companies selected: 1107
2025-12-04 10:43:00,997 - Review.reviews.eemsc_review - INFO - Total FFMC covered: 28.76%
2025-12-04 10:43:00,997 - Review.reviews.eemsc_review - INFO - 
Applying proportional capping
2025-12-04 10:43:00,998 - utils.capping_proportional - INFO - Starting proportional capping with max weight: 10.0%
2025-12-04 10:43:00,999 - utils.capping_proportional - INFO - Capping procedure converged after 0 iterations
2025-12-04 10:43:00,999 - utils.capping_proportional - INFO - Capping Summary:
2025-12-04 10:43:00,999 - utils.capping_proportional - INFO -   Total companies: 1107
2025-12-04 10:43:00,999 - utils.capping_proportional - INFO -   Companies capped: 0
2025-12-04 10:43:00,999 - utils.capping_proportional - INFO -   Weight sum after capping: 1.000000
2025-12-04 10:43:00,999 - utils.capping_proportional - INFO -   Max weight after capping: 0.013732
2025-12-04 10:43:01,007 - Review.reviews.eemsc_review - INFO - 
EEMSC Changes Summary:
2025-12-04 10:43:01,008 - Review.reviews.eemsc_review - INFO - Inclusions: 1107
2025-12-04 10:43:01,008 - Review.reviews.eemsc_review - INFO - Exclusions: 0
2025-12-04 10:43:01,009 - Review.reviews.eemsc_review - INFO - Saving output to: C:\Users\CSonneveld\OneDrive - Euronext\Documents\Projects\GUI + Reviews\output\EEMSC_Review_20251204_104301.xlsx
2025-12-04 10:43:01,262 - werkzeug - INFO - 127.0.0.1 - - [04/Dec/2025 10:43:01] "GET /task-status/b9310d10-854f-4d4f-9ee0-50878852e7ab HTTP/1.1" 200 -
2025-12-04 10:43:01,343 - Review.reviews.eemsc_review - INFO - File successfully saved to: C:\Users\CSonneveld\OneDrive - Euronext\Documents\Projects\GUI + Reviews\output\EEMSC_Review_20251204_104301.xlsx
2025-12-04 10:43:01,454 - Review.reviews.eums_review - INFO - Starting EUMS review calculation
2025-12-04 10:43:03,255 - werkzeug - INFO - 127.0.0.1 - - [04/Dec/2025 10:43:03] "GET /task-status/b9310d10-854f-4d4f-9ee0-50878852e7ab HTTP/1.1" 200 -
2025-12-04 10:43:03,275 - Review.reviews.eums_review - INFO - Found 0 existing companies in EUMS
2025-12-04 10:43:03,275 - Review.reviews.eums_review - INFO - 
EUMS Selection Summary by Country:
2025-12-04 10:43:03,275 - Review.reviews.eums_review - INFO - United States: 1272 total (0 existing, 1272 new)
2025-12-04 10:43:03,275 - Review.reviews.eums_review - INFO - 
Overall EUMS Selection Summary:
2025-12-04 10:43:03,275 - Review.reviews.eums_review - INFO - Total companies selected: 1272
2025-12-04 10:43:03,285 - Review.reviews.eums_review - INFO -   - Existing companies selected: 0
2025-12-04 10:43:03,285 - Review.reviews.eums_review - INFO -   - New companies selected: 1272
2025-12-04 10:43:03,286 - Review.reviews.eums_review - INFO - Total FFMC covered: 28.08%
2025-12-04 10:43:03,286 - Review.reviews.eums_review - INFO - 
Applying proportional capping
2025-12-04 10:43:03,287 - Review.reviews.eums_review - INFO - 
=== SELECTION DEBUGGING ===
2025-12-04 10:43:03,287 - Review.reviews.eums_review - INFO - Total universe size: 1418
2025-12-04 10:43:03,287 - Review.reviews.eums_review - INFO - Companies with EUMS_selection == 1: 1272
2025-12-04 10:43:03,287 - Review.reviews.eums_review - INFO - Companies with Is_Existing == 1: 0
2025-12-04 10:43:03,287 - Review.reviews.eums_review - INFO - 
Existing companies meeting 68% threshold: 0
2025-12-04 10:43:03,288 - Review.reviews.eums_review - INFO - New companies meeting 72% threshold: 1272
2025-12-04 10:43:03,288 - Review.reviews.eums_review - INFO - 
NaN values in key columns:
2025-12-04 10:43:03,288 - Review.reviews.eums_review - INFO -   Country: 0
2025-12-04 10:43:03,288 - Review.reviews.eums_review - INFO -   Mcap in EUR: 0
2025-12-04 10:43:03,288 - Review.reviews.eums_review - INFO -   Country_Cumulative_Percentage: 0
2025-12-04 10:43:03,289 - Review.reviews.eums_review - INFO - 
Sample of selection logic:
2025-12-04 10:43:03,293 - Review.reviews.eums_review - INFO - 
                   Company        Country  Is_Existing   Mcap in EUR  Country_Cumulative_Percentage  EUMS_selection
933            NVIDIA CORP  United States            0  3.127089e+12                       6.977338               0
855         MICROSOFT CORP  United States            0  2.714774e+12                      13.034696               0
96                   APPLE  United States            0  2.433759e+12                      18.465036               0
59                  AMAZON  United States            0  1.581563e+12                      21.993910               0
847       META PLTFORM ORD  United States            0  1.178781e+12                      24.624072               0
214          BROADCOM INC.  United States            0  9.956822e+11                      26.845695               0
56        ALPHABET CLASS A  United States            0  8.631987e+11                      28.771713               0
57        ALPHABET INC - C  United States            0  7.678226e+11                      30.484922               0
1238             TESLA INC  United States            0  6.712056e+11                      31.982554               0
723   JP MORGAN CHASE & CO  United States            0  5.865328e+11                      33.291260               0
174   BERKSHIRE HATHAWAY B  United States            0  4.728103e+11                      34.346221               0
1343              VISA INC  United States            0  4.281389e+11                      35.301508               0
451       ELI LILLY AND CO  United States            0  4.122487e+11                      36.221341               0
899           NETFLIX INC.  United States            0  3.685781e+11                      37.043734               0
827         MASTERCARD INC  United States            0  3.482735e+11                      37.820821               0
500            EXXON MOBIL  United States            0  3.415958e+11                      38.583009               0
720      JOHNSON & JOHNSON  United States            0  3.109055e+11                      39.276719               0
359   COSTCO WHOLES. CORP.  United States            0  3.060809e+11                      39.959664               0
1355           WALMART INC  United States            0  3.060224e+11                      40.642478               0
645         HOME DEPOT INC  United States            0  2.957166e+11                      41.302298               0
2025-12-04 10:43:03,294 - utils.capping_proportional - INFO - Starting proportional capping with max weight: 10.0%
2025-12-04 10:43:03,295 - utils.capping_proportional - INFO - Capping procedure converged after 0 iterations
2025-12-04 10:43:03,295 - utils.capping_proportional - INFO - Capping Summary:
2025-12-04 10:43:03,295 - utils.capping_proportional - INFO -   Total companies: 1272
2025-12-04 10:43:03,295 - utils.capping_proportional - INFO -   Companies capped: 0
2025-12-04 10:43:03,295 - utils.capping_proportional - INFO -   Weight sum after capping: 1.000000
2025-12-04 10:43:03,295 - utils.capping_proportional - INFO -   Max weight after capping: 0.004299
2025-12-04 10:43:03,296 - Review.reviews.eums_review - INFO - 
EUMS Changes Summary:
2025-12-04 10:43:03,296 - Review.reviews.eums_review - INFO - Inclusions: 1272
2025-12-04 10:43:03,296 - Review.reviews.eums_review - INFO - Exclusions: 0
2025-12-04 10:43:03,305 - Review.reviews.eums_review - INFO - Saving output to: C:\Users\CSonneveld\OneDrive - Euronext\Documents\Projects\GUI + Reviews\output\EUMS_Review_20251204_104303.xlsx
2025-12-04 10:43:03,691 - Review.reviews.eums_review - INFO - File successfully saved to: C:\Users\CSonneveld\OneDrive - Euronext\Documents\Projects\GUI + Reviews\output\EUMS_Review_20251204_104303.xlsx
2025-12-04 10:43:03,770 - Review.reviews.eesl_review - INFO - Starting EESL review calculation
2025-12-04 10:43:05,266 - werkzeug - INFO - 127.0.0.1 - - [04/Dec/2025 10:43:05] "GET /task-status/b9310d10-854f-4d4f-9ee0-50878852e7ab HTTP/1.1" 200 -
2025-12-04 10:43:05,774 - Review.reviews.eesl_review - INFO - Found 0 existing companies in EESL
2025-12-04 10:43:05,774 - Review.reviews.eesl_review - INFO - 
Overall EESL Selection Summary:
2025-12-04 10:43:05,774 - Review.reviews.eesl_review - INFO - Total companies selected: 904
2025-12-04 10:43:05,774 - Review.reviews.eesl_review - INFO -   - Existing companies selected: 0
2025-12-04 10:43:05,774 - Review.reviews.eesl_review - INFO -   - New companies selected: 904
2025-12-04 10:43:05,774 - Review.reviews.eesl_review - INFO - Total FFMC covered: 13.39%
2025-12-04 10:43:05,774 - Review.reviews.eesl_review - INFO - 
Applying proportional capping
2025-12-04 10:43:05,774 - utils.capping_proportional - INFO - Starting proportional capping with max weight: 10.0%
2025-12-04 10:43:05,790 - utils.capping_proportional - INFO - Capping procedure converged after 0 iterations
2025-12-04 10:43:05,790 - utils.capping_proportional - INFO - Capping Summary:
2025-12-04 10:43:05,790 - utils.capping_proportional - INFO -   Total companies: 904
2025-12-04 10:43:05,790 - utils.capping_proportional - INFO -   Companies capped: 0
2025-12-04 10:43:05,791 - utils.capping_proportional - INFO -   Weight sum after capping: 1.000000
2025-12-04 10:43:05,791 - utils.capping_proportional - INFO -   Max weight after capping: 0.013324
2025-12-04 10:43:05,794 - Review.reviews.eesl_review - INFO - 
EESL Changes Summary:
2025-12-04 10:43:05,794 - Review.reviews.eesl_review - INFO - Inclusions: 904
2025-12-04 10:43:05,794 - Review.reviews.eesl_review - INFO - Exclusions: 0
2025-12-04 10:43:05,799 - Review.reviews.eesl_review - INFO - Saving output to: C:\Users\CSonneveld\OneDrive - Euronext\Documents\Projects\GUI + Reviews\output\EESL_Review_20251204_104305.xlsx
2025-12-04 10:43:06,110 - Review.reviews.eesl_review - INFO - File successfully saved to: C:\Users\CSonneveld\OneDrive - Euronext\Documents\Projects\GUI + Reviews\output\EESL_Review_20251204_104305.xlsx
2025-12-04 10:43:07,257 - werkzeug - INFO - 127.0.0.1 - - [04/Dec/2025 10:43:07] "GET /task-status/b9310d10-854f-4d4f-9ee0-50878852e7ab HTTP/1.1" 200 -
2025-12-04 11:07:24,592 - werkzeug - INFO -  * Detected change in 'C:\\Users\\CSonneveld\\OneDrive - Euronext\\Documents\\Projects\\GUI + Reviews\\Review\\reviews\\efmep_review.py', reloading
