2025-08-15 15:58:21,235 - werkzeug - WARNING -  * Debugger is active!
2025-08-15 15:58:21,244 - werkzeug - INFO -  * Debugger PIN: 691-175-853
2025-08-15 15:58:21,272 - Review.reviews.eesf_review - INFO - Loading EOD data...
2025-08-15 15:58:22,018 - Review.reviews.eesf_review - INFO - Loading reference data...
2025-08-15 15:58:23,062 - Review.reviews.eesf_review - ERROR - Error during review calculation: 'ISIN'
2025-08-15 15:58:23,062 - Review.reviews.eesf_review - ERROR - Traceback (most recent call last):
  File "C:\Users\CSonneveld\OneDrive - Euronext\Documents\Projects\GUI + Reviews\Review\reviews\eesf_review.py", line 82, in run_eesf_review
    .merge(
     ^^^^^^
  File "C:\Users\CSonneveld\AppData\Roaming\Python\Python312\site-packages\pandas\core\frame.py", line 10832, in merge
    return merge(
           ^^^^^^
  File "C:\Users\CSonneveld\AppData\Roaming\Python\Python312\site-packages\pandas\core\reshape\merge.py", line 170, in merge
    op = _MergeOperation(
         ^^^^^^^^^^^^^^^^
  File "C:\Users\CSonneveld\AppData\Roaming\Python\Python312\site-packages\pandas\core\reshape\merge.py", line 794, in __init__
    ) = self._get_merge_keys()
        ^^^^^^^^^^^^^^^^^^^^^^
  File "C:\Users\CSonneveld\AppData\Roaming\Python\Python312\site-packages\pandas\core\reshape\merge.py", line 1310, in _get_merge_keys
    left_keys.append(left._get_label_or_level_values(lk))
                     ^^^^^^^^^^^^^^^^^^^^^^^^^^^^^^^^^^^
  File "C:\Users\CSonneveld\AppData\Roaming\Python\Python312\site-packages\pandas\core\generic.py", line 1911, in _get_label_or_level_values
    raise KeyError(key)
KeyError: 'ISIN'

2025-08-15 15:58:23,073 - werkzeug - INFO - 127.0.0.1 - - [15/Aug/2025 15:58:23] "POST /calculate HTTP/1.1" 200 -
2025-08-15 15:59:03,140 - werkzeug - INFO -  * Detected change in 'C:\\Users\\CSonneveld\\OneDrive - Euronext\\Documents\\Projects\\GUI + Reviews\\Review\\reviews\\eesf_review.py', reloading
2025-08-15 15:59:03,140 - werkzeug - INFO -  * Detected change in 'C:\\Users\\CSonneveld\\OneDrive - Euronext\\Documents\\Projects\\GUI + Reviews\\Review\\reviews\\eesf_review.py', reloading
2025-08-15 15:59:03,140 - werkzeug - INFO -  * Detected change in 'C:\\Users\\CSonneveld\\OneDrive - Euronext\\Documents\\Projects\\GUI + Reviews\\Review\\reviews\\eesf_review.py', reloading
