2025-06-30 16:19:40,915 - werkzeug - WARNING -  * Debugger is active!
2025-06-30 16:19:40,922 - werkzeug - INFO -  * Debugger PIN: 691-175-853
2025-06-30 16:19:41,474 - Review.reviews.gicp_review - INFO - Loading EOD data...
2025-06-30 16:19:42,064 - Review.reviews.gicp_review - INFO - Loading reference data...
2025-06-30 16:19:49,202 - Review.reviews.gicp_review - INFO - Processing market data...
2025-06-30 16:19:49,288 - Review.reviews.gicp_review - INFO - Category_1 weight: 12.0000% (target: 12.0000%)
2025-06-30 16:19:49,288 - Review.reviews.gicp_review - INFO - Category_2 weight: 12.0000% (target: 12.0000%)
2025-06-30 16:19:49,288 - Review.reviews.gicp_review - INFO - Category_3 weight: 12.0000% (target: 12.0000%)
2025-06-30 16:19:49,288 - Review.reviews.gicp_review - INFO - Category_4 weight: 12.0000% (target: 12.0000%)
2025-06-30 16:19:49,288 - Review.reviews.gicp_review - INFO - Category_5 weight: 12.0000% (target: 12.0000%)
2025-06-30 16:19:49,288 - Review.reviews.gicp_review - INFO - Category_6 weight: 20.0000% (target: 20.0000%)
2025-06-30 16:19:49,288 - Review.reviews.gicp_review - INFO - Category_7 weight: 20.0000% (target: 20.0000%)
2025-06-30 16:19:49,298 - Review.reviews.gicp_review - INFO - 
Final Weight Verification:
2025-06-30 16:19:49,299 - Review.reviews.gicp_review - INFO - Category_1 final weight: 12.0000%
2025-06-30 16:19:49,300 - Review.reviews.gicp_review - INFO - Category_2 final weight: 12.0000%
2025-06-30 16:19:49,300 - Review.reviews.gicp_review - INFO - Category_3 final weight: 12.0000%
2025-06-30 16:19:49,301 - Review.reviews.gicp_review - INFO - Category_4 final weight: 12.0000%
2025-06-30 16:19:49,301 - Review.reviews.gicp_review - INFO - Category_5 final weight: 12.0000%
2025-06-30 16:19:49,302 - Review.reviews.gicp_review - INFO - Category_6 final weight: 20.0000%
2025-06-30 16:19:49,302 - Review.reviews.gicp_review - INFO - Category_7 final weight: 20.0000%
2025-06-30 16:19:49,302 - Review.reviews.gicp_review - INFO - Maximum constituent weight: 10.0000%
2025-06-30 16:19:49,305 - Review.reviews.gicp_review - INFO - Saving GICP output to: C:\Users\CSonneveld\OneDrive - Euronext\Documents\Projects\GUI + Reviews\output\GICP_df_20250630_161949.xlsx
2025-06-30 16:19:49,665 - werkzeug - INFO - 127.0.0.1 - - [30/Jun/2025 16:19:49] "POST /calculate HTTP/1.1" 200 -
