2025-07-25 15:45:38,871 - werkzeug - WARNING -  * Debugger is active!
2025-07-25 15:45:38,871 - werkzeug - INFO -  * Debugger PIN: 691-175-853
2025-07-25 15:45:38,892 - Review.reviews.eus5p_review - INFO - Loading EOD data...
2025-07-25 15:45:38,892 - Review.reviews.ez15p_review - INFO - Loading EOD data...
2025-07-25 15:45:38,904 - Review.reviews.ez40p_review - INFO - Loading EOD data...
2025-07-25 15:45:41,205 - Review.reviews.ez40p_review - INFO - Loading reference data...
2025-07-25 15:45:41,221 - Review.reviews.eus5p_review - INFO - Loading reference data...
2025-07-25 15:45:41,226 - Review.reviews.ez15p_review - INFO - Loading reference data...
2025-07-25 15:45:43,870 - Review.reviews.ez40p_review - INFO - Selecting top 40 companies with highest FFMC...
2025-07-25 15:45:43,902 - Review.reviews.ez40p_review - INFO - Saving EZ40P output to: C:\Users\CSonneveld\OneDrive - Euronext\Documents\Projects\GUI + Reviews\output\EZ40P_df_20250725_154543.xlsx
2025-07-25 15:45:44,070 - Review.reviews.ez15p_review - INFO - Total universe: 300 companies
2025-07-25 15:45:44,070 - Review.reviews.ez15p_review - INFO - Excluded by turnover filter: 68 companies
2025-07-25 15:45:44,070 - Review.reviews.ez15p_review - INFO - Eligible for selection: 232 companies
2025-07-25 15:45:44,070 - Review.reviews.ez15p_review - INFO - Selecting top 150 companies with highest FFMC from eligible companies...
2025-07-25 15:45:44,097 - Review.reviews.ez15p_review - INFO - Saving EZ15P output to: C:\Users\CSonneveld\OneDrive - Euronext\Documents\Projects\GUI + Reviews\output\EZ15P_df_20250725_154544.xlsx
2025-07-25 15:45:45,359 - werkzeug - INFO - 127.0.0.1 - - [25/Jul/2025 15:45:45] "POST /calculate HTTP/1.1" 200 -
2025-07-25 15:45:45,521 - werkzeug - INFO - 127.0.0.1 - - [25/Jul/2025 15:45:45] "POST /calculate HTTP/1.1" 200 -
2025-07-25 15:45:51,192 - Review.reviews.eus5p_review - INFO - Common columns (11): ['12 month aver. turnover EUR', '20 days aver. turn EUR', '3 months aver. Turnover USD', '6 month aver. turnover EUR', 'Currency', 'ISIN', 'NOSH', 'Name', 'Price', 'Rank', 'Ticker']
2025-07-25 15:45:51,192 - Review.reviews.eus5p_review - INFO - Eurozone-only columns (8): ['10 days aver. turn EUR', '100 days aver. turn EUR', '100 days volatility', '126 days volatility', '180 days volatility', '3 months aver. Turnover EUR', '5 days aver. turn EUR', 'MIC']
2025-07-25 15:45:51,192 - Review.reviews.eus5p_review - INFO - North America-only columns (3): ['3 month aver. turnover EUR', 'Exchange Name (VND)', 'Sec Market Value (EUR)']
2025-07-25 15:45:51,192 - Review.reviews.eus5p_review - INFO - Final column order will be: ['Rank', 'Ticker', 'Name', 'ISIN', 'MIC', 'NOSH', 'Price', 'Currency', '12 month aver. turnover EUR', '20 days aver. turn EUR', '10 days aver. turn EUR', '5 days aver. turn EUR', '6 month aver. turnover EUR', '126 days volatility', '100 days volatility', '100 days aver. turn EUR', '180 days volatility', '3 months aver. Turnover EUR', '3 months aver. Turnover USD', 'Exchange Name (VND)', 'Sec Market Value (EUR)', '3 month aver. turnover EUR']
2025-07-25 15:45:51,192 - Review.reviews.eus5p_review - INFO - Total columns in combined DataFrame: 22
2025-07-25 15:45:51,304 - Review.reviews.eus5p_review - INFO - Saving EUS5P output to: C:\Users\CSonneveld\OneDrive - Euronext\Documents\Projects\GUI + Reviews\output\EUS5P_df_20250725_154551.xlsx
2025-07-25 15:45:51,509 - werkzeug - INFO - 127.0.0.1 - - [25/Jul/2025 15:45:51] "POST /calculate HTTP/1.1" 200 -
2025-07-25 15:45:51,527 - Review.reviews.ez60p_review - INFO - Loading EOD data...
2025-07-25 15:45:51,528 - Review.reviews.ezn1p_review - INFO - Loading EOD data...
2025-07-25 15:45:51,530 - Review.reviews.f4rip_review - INFO - Loading EOD data...
2025-07-25 15:45:52,688 - Review.reviews.f4rip_review - INFO - Loading reference data...
2025-07-25 15:45:52,763 - Review.reviews.ez60p_review - INFO - Loading reference data...
2025-07-25 15:45:52,796 - Review.reviews.ezn1p_review - INFO - Loading reference data...
2025-07-25 15:45:55,789 - Review.reviews.ez60p_review - INFO - Selecting top 60 companies with highest FFMC...
2025-07-25 15:45:55,806 - Review.reviews.ez60p_review - INFO - Saving EZ60P output to: C:\Users\CSonneveld\OneDrive - Euronext\Documents\Projects\GUI + Reviews\output\EZ60P_df_20250725_154555.xlsx
2025-07-25 15:45:55,952 - Review.reviews.ezn1p_review - INFO - Total universe: 300 companies
2025-07-25 15:45:55,953 - Review.reviews.ezn1p_review - INFO - Excluded by turnover filter: 68 companies
2025-07-25 15:45:55,957 - Review.reviews.ezn1p_review - INFO - Eligible for selection: 232 companies
2025-07-25 15:45:55,963 - Review.reviews.ezn1p_review - INFO - Selecting top 150 companies with highest FFMC from eligible companies...
2025-07-25 15:45:55,994 - Review.reviews.ezn1p_review - INFO - Saving EZN1P output to: C:\Users\CSonneveld\OneDrive - Euronext\Documents\Projects\GUI + Reviews\output\EZN1P_df_20250725_154555.xlsx
2025-07-25 15:45:56,362 - werkzeug - INFO - 127.0.0.1 - - [25/Jul/2025 15:45:56] "POST /calculate HTTP/1.1" 200 -
2025-07-25 15:45:56,378 - Review.reviews.f4rip_review - ERROR - Error during review calculation: "['Currency'] not in index"
2025-07-25 15:45:56,388 - werkzeug - INFO -  * Detected change in 'C:\\Users\\CSonneveld\\OneDrive - Euronext\\Documents\\Projects\\GUI + Reviews\\Review\\reviews\\f4rip_review.py', reloading
2025-07-25 15:45:56,405 - Review.reviews.f4rip_review - ERROR - Traceback (most recent call last):
  File "C:\Users\CSonneveld\OneDrive - Euronext\Documents\Projects\GUI + Reviews\Review\reviews\f4rip_review.py", line 138, in run_f4rip_review
    F4RIP_df = selection_df[
               ^^^^^^^^^^^^^
  File "C:\Users\CSonneveld\AppData\Roaming\Python\Python312\site-packages\pandas\core\frame.py", line 4108, in __getitem__
    indexer = self.columns._get_indexer_strict(key, "columns")[1]
              ^^^^^^^^^^^^^^^^^^^^^^^^^^^^^^^^^^^^^^^^^^^^^^^^
  File "C:\Users\CSonneveld\AppData\Roaming\Python\Python312\site-packages\pandas\core\indexes\base.py", line 6200, in _get_indexer_strict
    self._raise_if_missing(keyarr, indexer, axis_name)
  File "C:\Users\CSonneveld\AppData\Roaming\Python\Python312\site-packages\pandas\core\indexes\base.py", line 6252, in _raise_if_missing
    raise KeyError(f"{not_found} not in index")
KeyError: "['Currency'] not in index"

2025-07-25 15:45:56,415 - werkzeug - INFO - 127.0.0.1 - - [25/Jul/2025 15:45:56] "POST /calculate HTTP/1.1" 200 -
2025-07-25 15:45:56,439 - werkzeug - INFO - 127.0.0.1 - - [25/Jul/2025 15:45:56] "POST /calculate HTTP/1.1" 200 -
2025-07-25 15:45:56,448 - Review.reviews.fr20p_review - INFO - Loading EOD data...
2025-07-25 15:45:56,452 - Review.reviews.frd4p_review - INFO - Loading EOD data...
2025-07-25 15:45:56,452 - Review.reviews.frecp_review - INFO - Loading EOD data...
