2025-04-10 20:33:47,217 - werkzeug - WARNING -  * Debugger is active!
2025-04-10 20:33:47,219 - werkzeug - INFO -  * Debugger PIN: 691-175-853
2025-04-10 20:33:47,401 - Review.reviews.lc100_review - INFO - Loading EOD data...
2025-04-10 20:34:04,770 - Review.reviews.lc100_review - INFO - Loading reference data...
2025-04-10 20:34:14,365 - Review.reviews.lc100_review - WARNING - Removed 18750 duplicate rows from cdp_climate_df
2025-04-10 20:34:14,370 - Review.reviews.lc100_review - INFO - Filtering universe for EU500 companies...
2025-04-10 20:34:14,372 - Review.reviews.lc100_review - INFO - Universe size after EU500 filter: 499
2025-04-10 20:34:14,373 - Review.reviews.lc100_review - INFO - Adding Free Float data...
2025-04-10 20:34:14,383 - Review.reviews.lc100_review - INFO - Adding ICB Subsector data...
2025-04-10 20:34:14,399 - Review.reviews.lc100_review - WARNING - Removed 9316 duplicate rows from ICB data
2025-04-10 20:34:14,498 - Review.reviews.lc100_review - INFO - Debug file saved to C:\Users\CSonneveld\OneDrive - Euronext\Documents\Projects\GUI + Reviews\debug\universe_df_after_nace_20250410_203414.xlsx
2025-04-10 20:34:14,498 - Review.reviews.lc100_review - INFO - Adding CDP Climate data...
2025-04-10 20:34:14,503 - Review.reviews.lc100_review - INFO - Adding Oekom Trust & Carbon data...
2025-04-10 20:34:14,505 - Review.reviews.lc100_review - INFO - Adding NACE data...
2025-04-10 20:34:14,507 - Review.reviews.lc100_review - INFO - Adding EU Taxonomy flag...
2025-04-10 20:34:14,510 - Review.reviews.lc100_review - INFO - Checking GAFI lists and Non-fiscally cooperative countries...
2025-04-10 20:34:14,511 - Review.reviews.lc100_review - INFO - Applying exclusion criteria...
2025-04-10 20:34:14,523 - Review.reviews.lc100_review - INFO - Marked 50 companies (10%) with worst SG scores for exclusion
2025-04-10 20:34:14,541 - Review.reviews.lc100_review - INFO - Calculating Climate Score for ranking...
2025-04-10 20:34:14,543 - Review.reviews.lc100_review - INFO - Selecting EU Taxonomy companies...
2025-04-10 20:34:14,544 - Review.reviews.lc100_review - INFO - Found 13 EU Taxonomy companies after exclusions
2025-04-10 20:34:14,545 - Review.reviews.lc100_review - INFO - Found 303 Non-EU Taxonomy eligible companies after exclusions
2025-04-10 20:34:14,546 - Review.reviews.lc100_review - INFO - STEP 4a: Determining target number of Non-EU Taxonomy companies per super-sector...
2025-04-10 20:34:14,546 - Review.reviews.lc100_review - INFO - Target number of Non-EU Taxonomy companies: 87
2025-04-10 20:34:14,548 - Review.reviews.lc100_review - INFO - Total eligible Non-EU Taxonomy companies: 303
2025-04-10 20:34:14,549 - Review.reviews.lc100_review - INFO - Total target after rounding: 98 (vs. target of 87)
2025-04-10 20:34:14,549 - Review.reviews.lc100_review - INFO - Need to remove 11 companies due to rounding up
2025-04-10 20:34:14,551 - Review.reviews.lc100_review - INFO - STEP 4b: Selecting Non-EU Taxonomy companies based on climate score...
2025-04-10 20:34:14,552 - Review.reviews.lc100_review - INFO - Selected 5 companies from super-sector 1010.0
2025-04-10 20:34:14,552 - Review.reviews.lc100_review - INFO - Selected 5 companies from super-sector 1510.0
2025-04-10 20:34:14,553 - Review.reviews.lc100_review - INFO - Selected 13 companies from super-sector 2010.0
2025-04-10 20:34:14,553 - Review.reviews.lc100_review - INFO - Selected 13 companies from super-sector 3010.0
2025-04-10 20:34:14,554 - Review.reviews.lc100_review - INFO - Selected 7 companies from super-sector 3020.0
2025-04-10 20:34:14,554 - Review.reviews.lc100_review - INFO - Selected 8 companies from super-sector 3030.0
2025-04-10 20:34:14,555 - Review.reviews.lc100_review - INFO - Selected 5 companies from super-sector 3510.0
2025-04-10 20:34:14,556 - Review.reviews.lc100_review - INFO - Selected 2 companies from super-sector 4010.0
2025-04-10 20:34:14,556 - Review.reviews.lc100_review - INFO - Selected 6 companies from super-sector 4020.0
2025-04-10 20:34:14,557 - Review.reviews.lc100_review - INFO - Selected 3 companies from super-sector 4030.0
2025-04-10 20:34:14,557 - Review.reviews.lc100_review - INFO - Selected 2 companies from super-sector 4040.0
2025-04-10 20:34:14,558 - Review.reviews.lc100_review - INFO - Selected 4 companies from super-sector 4050.0
2025-04-10 20:34:14,558 - Review.reviews.lc100_review - INFO - Selected 6 companies from super-sector 4510.0
2025-04-10 20:34:14,559 - Review.reviews.lc100_review - INFO - Selected 3 companies from super-sector 4520.0
2025-04-10 20:34:14,559 - Review.reviews.lc100_review - INFO - Selected 2 companies from super-sector 5010.0
2025-04-10 20:34:14,560 - Review.reviews.lc100_review - INFO - Selected 9 companies from super-sector 5020.0
2025-04-10 20:34:14,561 - Review.reviews.lc100_review - INFO - Selected 2 companies from super-sector 5510.0
2025-04-10 20:34:14,561 - Review.reviews.lc100_review - INFO - Selected 2 companies from super-sector 5520.0
2025-04-10 20:34:14,562 - Review.reviews.lc100_review - INFO - Selected 1 companies from super-sector 6510.0
2025-04-10 20:34:14,569 - Review.reviews.lc100_review - INFO - Initial selection has 98 companies, need to remove 11
2025-04-10 20:34:14,574 - Review.reviews.lc100_review - INFO - Removed company SE0012853455 from supersector 3020.0 (Climate Score: 2.9711404728789947)
2025-04-10 20:34:14,579 - Review.reviews.lc100_review - INFO - Removed company GB0005405286 from supersector 3010.0 (Climate Score: 2.6866666666666648)
2025-04-10 20:34:14,584 - Review.reviews.lc100_review - INFO - Removed company GB0004082847 from supersector 3010.0 (Climate Score: 2.585)
2025-04-10 20:34:14,589 - Review.reviews.lc100_review - INFO - Removed company GB00BPQY8M80 from supersector 3030.0 (Climate Score: 2.519710481764205)
2025-04-10 20:34:14,594 - Review.reviews.lc100_review - INFO - Removed company NO0003053605 from supersector 3030.0 (Climate Score: 2.45999707128425)
2025-04-10 20:34:14,599 - Review.reviews.lc100_review - INFO - Removed company GB00BM8PJY71 from supersector 3010.0 (Climate Score: 2.4596710826767954)
2025-04-10 20:34:14,604 - Review.reviews.lc100_review - INFO - Removed company GB00BYT1DJ19 from supersector 3020.0 (Climate Score: 2.458257086886375)
2025-04-10 20:34:14,609 - Review.reviews.lc100_review - INFO - Removed company GB00B0SWJX34 from supersector 3020.0 (Climate Score: 2.4582204139462247)
2025-04-10 20:34:14,614 - Review.reviews.lc100_review - INFO - Removed company GB0007099541 from supersector 3030.0 (Climate Score: 2.45)
2025-04-10 20:34:14,619 - Review.reviews.lc100_review - INFO - Removed company CH0011075394 from supersector 3030.0 (Climate Score: 2.39833333333333)
2025-04-10 20:34:14,624 - Review.reviews.lc100_review - INFO - Removed company FR0000121964 from supersector 3510.0 (Climate Score: 2.39735760225878)
2025-04-10 20:34:14,626 - Review.reviews.lc100_review - INFO - Final Non-EU Taxonomy selection has 87 companies
2025-04-10 20:34:14,626 - Review.reviews.lc100_review - INFO - Minimum companies per supersector: 1
2025-04-10 20:34:14,627 - Review.reviews.lc100_review - WARNING - Some supersectors have fewer than 2 companies! Minimum is 1
2025-04-10 20:34:14,629 - Review.reviews.lc100_review - INFO - Final selection contains 100 companies
2025-04-10 20:34:14,630 - Review.reviews.lc100_review - INFO - - EU Taxonomy: 13
2025-04-10 20:34:14,630 - Review.reviews.lc100_review - INFO - - Non-EU Taxonomy: 87
2025-04-10 20:34:14,630 - Review.reviews.lc100_review - INFO - Initial weight allocations:
2025-04-10 20:34:14,630 - Review.reviews.lc100_review - INFO - - EU Taxonomy pocket: 10.00%
2025-04-10 20:34:14,630 - Review.reviews.lc100_review - INFO - - Non-EU Taxonomy pocket: 90.00%
2025-04-10 20:34:14,631 - Review.reviews.lc100_review - INFO - Saving output files...
2025-04-10 20:34:15,121 - Review.reviews.lc100_review - INFO - Results saved to C:\Users\CSonneveld\OneDrive - Euronext\Documents\Projects\GUI + Reviews\output\LC100_review_20250410_203414.xlsx
2025-04-10 20:34:15,152 - werkzeug - INFO - 127.0.0.1 - - [10/Apr/2025 20:34:15] "POST /calculate HTTP/1.1" 200 -
2025-04-10 20:34:31,740 - werkzeug - INFO -  * Detected change in 'C:\\Users\\CSonneveld\\OneDrive - Euronext\\Documents\\Projects\\GUI + Reviews\\Review\\reviews\\lc100_review.py', reloading
2025-04-10 20:34:31,741 - werkzeug - INFO -  * Detected change in 'C:\\Users\\CSonneveld\\OneDrive - Euronext\\Documents\\Projects\\GUI + Reviews\\Review\\reviews\\lc100_review.py', reloading
2025-04-10 20:34:31,742 - werkzeug - INFO -  * Detected change in 'C:\\Users\\CSonneveld\\OneDrive - Euronext\\Documents\\Projects\\GUI + Reviews\\Review\\reviews\\lc100_review.py', reloading
