2025-01-30 17:53:26,347 - werkzeug - WARNING -  * Debugger is active!
2025-01-30 17:53:26,349 - werkzeug - INFO -  * Debugger PIN: 691-175-853
2025-01-30 17:54:39,920 - Review.reviews.aerdp_review - INFO - Loading EOD data...
2025-01-30 17:54:41,624 - Review.reviews.aerdp_review - INFO - Loading reference data...
2025-01-30 17:54:48,771 - Review.reviews.aerdp_review - ERROR - Error during review calculation: 'Subsector Code'
2025-01-30 17:54:48,775 - Review.reviews.aerdp_review - ERROR - Traceback (most recent call last):
  File "C:\Users\CSonneveld\AppData\Roaming\Python\Python312\site-packages\pandas\core\indexes\base.py", line 3805, in get_loc
    return self._engine.get_loc(casted_key)
           ^^^^^^^^^^^^^^^^^^^^^^^^^^^^^^^^
  File "index.pyx", line 167, in pandas._libs.index.IndexEngine.get_loc
  File "index.pyx", line 196, in pandas._libs.index.IndexEngine.get_loc
  File "pandas\\_libs\\hashtable_class_helper.pxi", line 7081, in pandas._libs.hashtable.PyObjectHashTable.get_item
  File "pandas\\_libs\\hashtable_class_helper.pxi", line 7089, in pandas._libs.hashtable.PyObjectHashTable.get_item
KeyError: 'Subsector Code'

The above exception was the direct cause of the following exception:

Traceback (most recent call last):
  File "C:\Users\CSonneveld\OneDrive - Euronext\Documents\Projects\GUI + Reviews\Review\reviews\aerdp_review.py", line 132, in run_aerdp_review
    developed_market_df['Sector'] = developed_market_df['Subsector Code'].astype(str).str[:6]
                                    ~~~~~~~~~~~~~~~~~~~^^^^^^^^^^^^^^^^^^
  File "C:\Users\CSonneveld\AppData\Roaming\Python\Python312\site-packages\pandas\core\frame.py", line 4102, in __getitem__
    indexer = self.columns.get_loc(key)
              ^^^^^^^^^^^^^^^^^^^^^^^^^
  File "C:\Users\CSonneveld\AppData\Roaming\Python\Python312\site-packages\pandas\core\indexes\base.py", line 3812, in get_loc
    raise KeyError(key) from err
KeyError: 'Subsector Code'

2025-01-30 17:54:48,801 - werkzeug - INFO - 127.0.0.1 - - [30/Jan/2025 17:54:48] "POST /calculate HTTP/1.1" 200 -
2025-01-30 17:55:17,364 - werkzeug - INFO -  * Detected change in 'C:\\Users\\CSonneveld\\OneDrive - Euronext\\Documents\\Projects\\GUI + Reviews\\Review\\reviews\\aerdp_review.py', reloading
2025-01-30 17:55:17,370 - werkzeug - INFO -  * Detected change in 'C:\\Users\\CSonneveld\\OneDrive - Euronext\\Documents\\Projects\\GUI + Reviews\\Review\\reviews\\aerdp_review.py', reloading
2025-01-30 17:55:17,371 - werkzeug - INFO -  * Detected change in 'C:\\Users\\CSonneveld\\OneDrive - Euronext\\Documents\\Projects\\GUI + Reviews\\Review\\reviews\\aerdp_review.py', reloading
